Requirement already satisfied: torch in /zhome/09/9/144141/.local/lib/python3.8/site-packages (1.7.0)
Requirement already satisfied: matplotlib in /zhome/09/9/144141/.local/lib/python3.8/site-packages (3.3.3)
Requirement already satisfied: procgen in /zhome/09/9/144141/.local/lib/python3.8/site-packages (0.10.4)
Requirement already satisfied: gym in /zhome/09/9/144141/.local/lib/python3.8/site-packages (0.17.3)
Requirement already satisfied: numpy in /zhome/09/9/144141/.local/lib/python3.8/site-packages (from torch) (1.19.4)
Requirement already satisfied: typing-extensions in /zhome/09/9/144141/.local/lib/python3.8/site-packages (from torch) (3.7.4.3)
Requirement already satisfied: future in /zhome/09/9/144141/.local/lib/python3.8/site-packages (from torch) (0.18.2)
Requirement already satisfied: dataclasses in /zhome/09/9/144141/.local/lib/python3.8/site-packages (from torch) (0.6)
Requirement already satisfied: python-dateutil>=2.1 in /zhome/09/9/144141/.local/lib/python3.8/site-packages (from matplotlib) (2.8.1)
Requirement already satisfied: pillow>=6.2.0 in /zhome/09/9/144141/.local/lib/python3.8/site-packages (from matplotlib) (8.0.1)
Requirement already satisfied: cycler>=0.10 in /zhome/09/9/144141/.local/lib/python3.8/site-packages (from matplotlib) (0.10.0)
Requirement already satisfied: pyparsing!=2.0.4,!=2.1.2,!=2.1.6,>=2.0.3 in /zhome/09/9/144141/.local/lib/python3.8/site-packages (from matplotlib) (2.4.7)
Requirement already satisfied: kiwisolver>=1.0.1 in /zhome/09/9/144141/.local/lib/python3.8/site-packages (from matplotlib) (1.3.1)
Requirement already satisfied: gym3<1.0.0,>=0.3.3 in /zhome/09/9/144141/.local/lib/python3.8/site-packages (from procgen) (0.3.3)
Requirement already satisfied: filelock<4.0.0,>=3.0.0 in /zhome/09/9/144141/.local/lib/python3.8/site-packages (from procgen) (3.0.12)
Requirement already satisfied: scipy in /zhome/09/9/144141/.local/lib/python3.8/site-packages (from gym) (1.5.4)
Requirement already satisfied: pyglet<=1.5.0,>=1.4.0 in /zhome/09/9/144141/.local/lib/python3.8/site-packages (from gym) (1.5.0)
Requirement already satisfied: cloudpickle<1.7.0,>=1.2.0 in /zhome/09/9/144141/.local/lib/python3.8/site-packages (from gym) (1.6.0)
Requirement already satisfied: six>=1.5 in /zhome/09/9/144141/.local/lib/python3.8/site-packages (from python-dateutil>=2.1->matplotlib) (1.15.0)
Requirement already satisfied: cffi<2.0.0,>=1.13.0 in /zhome/09/9/144141/.local/lib/python3.8/site-packages (from gym3<1.0.0,>=0.3.3->procgen) (1.14.4)
Requirement already satisfied: moderngl<6.0.0,>=5.5.4 in /zhome/09/9/144141/.local/lib/python3.8/site-packages (from gym3<1.0.0,>=0.3.3->procgen) (5.6.2)
Requirement already satisfied: imageio-ffmpeg<0.4.0,>=0.3.0 in /zhome/09/9/144141/.local/lib/python3.8/site-packages (from gym3<1.0.0,>=0.3.3->procgen) (0.3.0)
Requirement already satisfied: imageio<3.0.0,>=2.6.0 in /zhome/09/9/144141/.local/lib/python3.8/site-packages (from gym3<1.0.0,>=0.3.3->procgen) (2.9.0)
Requirement already satisfied: glfw<2.0.0,>=1.8.6 in /zhome/09/9/144141/.local/lib/python3.8/site-packages (from gym3<1.0.0,>=0.3.3->procgen) (1.12.0)
Requirement already satisfied: pycparser in /zhome/09/9/144141/.local/lib/python3.8/site-packages (from cffi<2.0.0,>=1.13.0->gym3<1.0.0,>=0.3.3->procgen) (2.20)
Requirement already satisfied: glcontext<3,>=2 in /zhome/09/9/144141/.local/lib/python3.8/site-packages (from moderngl<6.0.0,>=5.5.4->gym3<1.0.0,>=0.3.3->procgen) (2.2.0)
Run name sd_i_rc_sp
Encoder used Impala
Augumentation used random_cutout
Mixreg? False
Game starpilot
Observation space: Box(0.0, 1.0, (3, 64, 64), float32)
Action space: 15
Beware of the Impala!
Step: 8192	Mean reward: 5.21875, 	Mean reward done: 2.383082866668701
Estimated time of completion: 5.2089399347702665 hours
Step: 16384	Mean reward: 5.375, 	Mean reward done: 1.2414666414260864
Step: 24576	Mean reward: 5.84375, 	Mean reward done: 1.4606860876083374
Step: 32768	Mean reward: 6.75, 	Mean reward done: 1.6254277229309082
Step: 40960	Mean reward: 6.65625, 	Mean reward done: 1.492498517036438
Step: 49152	Mean reward: 7.25, 	Mean reward done: 1.5297421216964722
Step: 57344	Mean reward: 5.84375, 	Mean reward done: 1.3492332696914673
Step: 65536	Mean reward: 7.25, 	Mean reward done: 1.6890994310379028
Step: 73728	Mean reward: 6.6875, 	Mean reward done: 1.4041272401809692
Step: 81920	Mean reward: 7.5625, 	Mean reward done: 1.8030860424041748
Step: 90112	Mean reward: 7.46875, 	Mean reward done: 1.586498498916626
Step: 98304	Mean reward: 8.5, 	Mean reward done: 1.9090675115585327
Step: 106496	Mean reward: 8.25, 	Mean reward done: 1.7815537452697754
Step: 114688	Mean reward: 8.3125, 	Mean reward done: 1.7125420570373535
Step: 122880	Mean reward: 8.75, 	Mean reward done: 1.9752135276794434
Step: 131072	Mean reward: 9.65625, 	Mean reward done: 2.17905592918396
Step: 139264	Mean reward: 9.875, 	Mean reward done: 2.0505425930023193
Step: 147456	Mean reward: 9.09375, 	Mean reward done: 1.9485002756118774
Step: 155648	Mean reward: 10.84375, 	Mean reward done: 1.9893258810043335
Step: 163840	Mean reward: 11.09375, 	Mean reward done: 2.338832378387451
Step: 172032	Mean reward: 11.5625, 	Mean reward done: 2.716594696044922
Step: 180224	Mean reward: 11.09375, 	Mean reward done: 2.411900520324707
Step: 188416	Mean reward: 11.28125, 	Mean reward done: 2.2568981647491455
Step: 196608	Mean reward: 11.71875, 	Mean reward done: 2.4529192447662354
Step: 204800	Mean reward: 12.875, 	Mean reward done: 2.6793391704559326
Step: 212992	Mean reward: 11.6875, 	Mean reward done: 2.1811702251434326
Step: 221184	Mean reward: 12.78125, 	Mean reward done: 2.578986644744873
Step: 229376	Mean reward: 10.78125, 	Mean reward done: 1.9949747323989868
Step: 237568	Mean reward: 13.0625, 	Mean reward done: 2.7302045822143555
Step: 245760	Mean reward: 11.65625, 	Mean reward done: 2.0272114276885986
Step: 253952	Mean reward: 11.875, 	Mean reward done: 2.2424404621124268
Step: 262144	Mean reward: 12.46875, 	Mean reward done: 2.13657808303833
Step: 270336	Mean reward: 12.09375, 	Mean reward done: 2.4600610733032227
Step: 278528	Mean reward: 12.875, 	Mean reward done: 2.354396343231201
Step: 286720	Mean reward: 12.125, 	Mean reward done: 2.14512038230896
Step: 294912	Mean reward: 11.1875, 	Mean reward done: 2.0562047958374023
Step: 303104	Mean reward: 12.5625, 	Mean reward done: 2.263707399368286
Step: 311296	Mean reward: 12.1875, 	Mean reward done: 2.211530923843384
Step: 319488	Mean reward: 12.6875, 	Mean reward done: 2.3345730304718018
Step: 327680	Mean reward: 12.0625, 	Mean reward done: 1.9888205528259277
Step: 335872	Mean reward: 12.125, 	Mean reward done: 2.2230756282806396
Step: 344064	Mean reward: 12.15625, 	Mean reward done: 1.9935567378997803
Step: 352256	Mean reward: 13.46875, 	Mean reward done: 2.55417799949646
Step: 360448	Mean reward: 14.28125, 	Mean reward done: 2.5576210021972656
Step: 368640	Mean reward: 12.875, 	Mean reward done: 2.37921142578125
Step: 376832	Mean reward: 13.59375, 	Mean reward done: 2.4980218410491943
Step: 385024	Mean reward: 13.25, 	Mean reward done: 2.583289861679077
Step: 393216	Mean reward: 13.125, 	Mean reward done: 2.3490676879882812
Step: 401408	Mean reward: 13.65625, 	Mean reward done: 2.230868101119995
Step: 409600	Mean reward: 15.0, 	Mean reward done: 2.8011412620544434
Step: 417792	Mean reward: 14.5625, 	Mean reward done: 2.592979907989502
Step: 425984	Mean reward: 14.3125, 	Mean reward done: 2.518390417098999
Step: 434176	Mean reward: 14.8125, 	Mean reward done: 2.891463279724121
Step: 442368	Mean reward: 13.34375, 	Mean reward done: 2.342029333114624
Step: 450560	Mean reward: 13.9375, 	Mean reward done: 2.8805227279663086
Step: 458752	Mean reward: 14.90625, 	Mean reward done: 2.7364344596862793
Step: 466944	Mean reward: 14.9375, 	Mean reward done: 2.7801027297973633
Step: 475136	Mean reward: 14.875, 	Mean reward done: 2.354729413986206
Step: 483328	Mean reward: 13.1875, 	Mean reward done: 2.345710277557373
Step: 491520	Mean reward: 14.8125, 	Mean reward done: 2.774198532104492
Step: 499712	Mean reward: 15.71875, 	Mean reward done: 2.7641942501068115
Step: 507904	Mean reward: 14.3125, 	Mean reward done: 2.3877358436584473
Step: 516096	Mean reward: 14.90625, 	Mean reward done: 2.9535751342773438
Step: 524288	Mean reward: 14.96875, 	Mean reward done: 2.7414615154266357
Step: 532480	Mean reward: 14.125, 	Mean reward done: 2.1578400135040283
Step: 540672	Mean reward: 13.59375, 	Mean reward done: 2.4217238426208496
Step: 548864	Mean reward: 13.96875, 	Mean reward done: 2.3263864517211914
Step: 557056	Mean reward: 15.3125, 	Mean reward done: 2.774617910385132
Step: 565248	Mean reward: 15.90625, 	Mean reward done: 2.7137815952301025
Step: 573440	Mean reward: 13.84375, 	Mean reward done: 2.3944482803344727
Step: 581632	Mean reward: 15.5, 	Mean reward done: 2.629408121109009
Step: 589824	Mean reward: 14.96875, 	Mean reward done: 2.733790397644043
Step: 598016	Mean reward: 14.5, 	Mean reward done: 2.51284122467041
Step: 606208	Mean reward: 14.03125, 	Mean reward done: 2.543071746826172
Step: 614400	Mean reward: 15.15625, 	Mean reward done: 2.7895328998565674
Step: 622592	Mean reward: 14.4375, 	Mean reward done: 2.6979551315307617
Step: 630784	Mean reward: 16.53125, 	Mean reward done: 2.9185597896575928
Step: 638976	Mean reward: 15.15625, 	Mean reward done: 2.4487760066986084
Step: 647168	Mean reward: 15.1875, 	Mean reward done: 2.642244577407837
Step: 655360	Mean reward: 16.34375, 	Mean reward done: 2.961329221725464
Step: 663552	Mean reward: 16.3125, 	Mean reward done: 2.687671184539795
Step: 671744	Mean reward: 16.5, 	Mean reward done: 2.900087594985962
Step: 679936	Mean reward: 16.75, 	Mean reward done: 3.2086949348449707
Step: 688128	Mean reward: 16.71875, 	Mean reward done: 3.238452196121216
Step: 696320	Mean reward: 16.3125, 	Mean reward done: 3.02384877204895
Step: 704512	Mean reward: 15.90625, 	Mean reward done: 2.739321231842041
Step: 712704	Mean reward: 17.4375, 	Mean reward done: 2.980473041534424
Step: 720896	Mean reward: 16.3125, 	Mean reward done: 2.3925344944000244
Step: 729088	Mean reward: 14.625, 	Mean reward done: 2.187751054763794
Step: 737280	Mean reward: 15.34375, 	Mean reward done: 2.463791608810425
Step: 745472	Mean reward: 15.28125, 	Mean reward done: 2.4110398292541504
Step: 753664	Mean reward: 16.84375, 	Mean reward done: 2.9501805305480957
Step: 761856	Mean reward: 16.5625, 	Mean reward done: 2.7442245483398438
Step: 770048	Mean reward: 16.15625, 	Mean reward done: 2.434253215789795
Step: 778240	Mean reward: 14.71875, 	Mean reward done: 2.5088300704956055
Step: 786432	Mean reward: 17.5, 	Mean reward done: 2.920452356338501
Step: 794624	Mean reward: 17.25, 	Mean reward done: 2.9313549995422363
Step: 802816	Mean reward: 15.1875, 	Mean reward done: 2.251023769378662
Step: 811008	Mean reward: 16.8125, 	Mean reward done: 2.6299691200256348
Step: 819200	Mean reward: 16.09375, 	Mean reward done: 2.7777774333953857
Step: 827392	Mean reward: 17.21875, 	Mean reward done: 2.7216796875
Step: 835584	Mean reward: 16.03125, 	Mean reward done: 2.7077157497406006
Step: 843776	Mean reward: 15.75, 	Mean reward done: 2.7365403175354004
Step: 851968	Mean reward: 16.75, 	Mean reward done: 2.583616256713867
Step: 860160	Mean reward: 15.25, 	Mean reward done: 2.7332990169525146
Step: 868352	Mean reward: 17.65625, 	Mean reward done: 2.794890880584717
Step: 876544	Mean reward: 17.1875, 	Mean reward done: 2.760571241378784
Step: 884736	Mean reward: 16.5625, 	Mean reward done: 2.7031209468841553
Step: 892928	Mean reward: 16.84375, 	Mean reward done: 2.944448947906494
Step: 901120	Mean reward: 16.78125, 	Mean reward done: 2.5876636505126953
Step: 909312	Mean reward: 17.25, 	Mean reward done: 3.0353355407714844
Step: 917504	Mean reward: 17.9375, 	Mean reward done: 3.046006202697754
Step: 925696	Mean reward: 18.5625, 	Mean reward done: 3.292694091796875
Step: 933888	Mean reward: 16.9375, 	Mean reward done: 2.866323709487915
Step: 942080	Mean reward: 17.96875, 	Mean reward done: 3.158553123474121
Step: 950272	Mean reward: 18.125, 	Mean reward done: 3.335047721862793
Step: 958464	Mean reward: 17.34375, 	Mean reward done: 3.1949496269226074
Step: 966656	Mean reward: 18.96875, 	Mean reward done: 3.1100189685821533
Step: 974848	Mean reward: 18.5, 	Mean reward done: 2.920767307281494
Step: 983040	Mean reward: 18.03125, 	Mean reward done: 3.4305572509765625
Step: 991232	Mean reward: 17.84375, 	Mean reward done: 3.1808993816375732
Step: 999424	Mean reward: 17.28125, 	Mean reward done: 2.8952367305755615
Step: 1007616	Mean reward: 18.90625, 	Mean reward done: 3.3386306762695312
Step: 1015808	Mean reward: 14.625, 	Mean reward done: 2.112057685852051
Step: 1024000	Mean reward: 16.84375, 	Mean reward done: 2.9338316917419434
Step: 1032192	Mean reward: 18.125, 	Mean reward done: 3.052717447280884
Step: 1040384	Mean reward: 17.375, 	Mean reward done: 2.7341134548187256
Step: 1048576	Mean reward: 16.03125, 	Mean reward done: 2.660269021987915
Step: 1056768	Mean reward: 16.25, 	Mean reward done: 2.3658361434936523
Step: 1064960	Mean reward: 16.25, 	Mean reward done: 2.498715877532959
Step: 1073152	Mean reward: 15.21875, 	Mean reward done: 2.399622678756714
Step: 1081344	Mean reward: 18.125, 	Mean reward done: 3.07440447807312
Step: 1089536	Mean reward: 16.375, 	Mean reward done: 2.4218838214874268
Step: 1097728	Mean reward: 17.625, 	Mean reward done: 3.0152947902679443
Step: 1105920	Mean reward: 17.03125, 	Mean reward done: 2.7375094890594482
Step: 1114112	Mean reward: 17.96875, 	Mean reward done: 2.864108085632324
Step: 1122304	Mean reward: 16.71875, 	Mean reward done: 2.9347360134124756
Step: 1130496	Mean reward: 18.3125, 	Mean reward done: 3.115396499633789
Step: 1138688	Mean reward: 17.78125, 	Mean reward done: 2.553549289703369
Step: 1146880	Mean reward: 17.03125, 	Mean reward done: 2.8286993503570557
Step: 1155072	Mean reward: 17.1875, 	Mean reward done: 2.9078738689422607
Step: 1163264	Mean reward: 18.09375, 	Mean reward done: 2.8516504764556885
Step: 1171456	Mean reward: 15.875, 	Mean reward done: 2.3862268924713135
Step: 1179648	Mean reward: 18.28125, 	Mean reward done: 2.8838391304016113
Step: 1187840	Mean reward: 16.84375, 	Mean reward done: 2.4592323303222656
Step: 1196032	Mean reward: 18.3125, 	Mean reward done: 2.9867103099823
Step: 1204224	Mean reward: 17.0625, 	Mean reward done: 3.1282339096069336
Step: 1212416	Mean reward: 16.65625, 	Mean reward done: 2.478815793991089
Step: 1220608	Mean reward: 17.1875, 	Mean reward done: 2.61995005607605
Step: 1228800	Mean reward: 18.4375, 	Mean reward done: 2.8412890434265137
Step: 1236992	Mean reward: 16.625, 	Mean reward done: 2.453141689300537
Step: 1245184	Mean reward: 18.75, 	Mean reward done: 2.841593027114868
Step: 1253376	Mean reward: 17.3125, 	Mean reward done: 2.687612295150757
Step: 1261568	Mean reward: 17.90625, 	Mean reward done: 2.896454095840454
Step: 1269760	Mean reward: 19.71875, 	Mean reward done: 3.9439971446990967
Step: 1277952	Mean reward: 16.34375, 	Mean reward done: 2.520817756652832
Step: 1286144	Mean reward: 19.1875, 	Mean reward done: 3.2481532096862793
Step: 1294336	Mean reward: 18.5625, 	Mean reward done: 3.0272879600524902
Step: 1302528	Mean reward: 18.40625, 	Mean reward done: 3.356205701828003
Step: 1310720	Mean reward: 18.40625, 	Mean reward done: 2.8206093311309814
Step: 1318912	Mean reward: 17.03125, 	Mean reward done: 2.7594947814941406
Step: 1327104	Mean reward: 17.375, 	Mean reward done: 2.9049696922302246
Step: 1335296	Mean reward: 16.90625, 	Mean reward done: 2.9996085166931152
Step: 1343488	Mean reward: 17.5625, 	Mean reward done: 2.7059309482574463
Step: 1351680	Mean reward: 17.46875, 	Mean reward done: 2.8699028491973877
Step: 1359872	Mean reward: 18.90625, 	Mean reward done: 3.072983980178833
Step: 1368064	Mean reward: 17.8125, 	Mean reward done: 3.1280343532562256
Step: 1376256	Mean reward: 17.375, 	Mean reward done: 2.5778164863586426
Step: 1384448	Mean reward: 18.375, 	Mean reward done: 3.0377109050750732
Step: 1392640	Mean reward: 16.09375, 	Mean reward done: 2.7785263061523438
Step: 1400832	Mean reward: 17.53125, 	Mean reward done: 2.8804779052734375
Step: 1409024	Mean reward: 18.40625, 	Mean reward done: 3.075942277908325
Step: 1417216	Mean reward: 18.03125, 	Mean reward done: 3.080982208251953
Step: 1425408	Mean reward: 18.53125, 	Mean reward done: 3.042473077774048
Step: 1433600	Mean reward: 19.9375, 	Mean reward done: 3.323575735092163
Step: 1441792	Mean reward: 17.96875, 	Mean reward done: 2.8422303199768066
Step: 1449984	Mean reward: 18.1875, 	Mean reward done: 2.8200738430023193
Step: 1458176	Mean reward: 17.21875, 	Mean reward done: 2.8965961933135986
Step: 1466368	Mean reward: 16.0, 	Mean reward done: 2.610877752304077
Step: 1474560	Mean reward: 18.28125, 	Mean reward done: 2.8569774627685547
Step: 1482752	Mean reward: 17.6875, 	Mean reward done: 2.889817237854004
Step: 1490944	Mean reward: 16.96875, 	Mean reward done: 2.527020215988159
Step: 1499136	Mean reward: 17.3125, 	Mean reward done: 2.5222408771514893
Step: 1507328	Mean reward: 18.4375, 	Mean reward done: 3.1043941974639893
Step: 1515520	Mean reward: 18.3125, 	Mean reward done: 3.0759410858154297
Step: 1523712	Mean reward: 17.03125, 	Mean reward done: 2.8403940200805664
Step: 1531904	Mean reward: 18.3125, 	Mean reward done: 3.1497230529785156
Step: 1540096	Mean reward: 17.71875, 	Mean reward done: 2.8623969554901123
Step: 1548288	Mean reward: 17.15625, 	Mean reward done: 2.888056755065918
Step: 1556480	Mean reward: 18.25, 	Mean reward done: 2.7168216705322266
Step: 1564672	Mean reward: 20.34375, 	Mean reward done: 3.939819097518921
Step: 1572864	Mean reward: 18.28125, 	Mean reward done: 2.9680490493774414
Step: 1581056	Mean reward: 18.9375, 	Mean reward done: 3.2848730087280273
Step: 1589248	Mean reward: 20.59375, 	Mean reward done: 3.235044479370117
Step: 1597440	Mean reward: 19.78125, 	Mean reward done: 3.2971229553222656
Step: 1605632	Mean reward: 19.8125, 	Mean reward done: 3.851541042327881
Step: 1613824	Mean reward: 18.6875, 	Mean reward done: 3.106466770172119
Step: 1622016	Mean reward: 19.03125, 	Mean reward done: 2.960822820663452
Step: 1630208	Mean reward: 18.65625, 	Mean reward done: 3.577828884124756
Step: 1638400	Mean reward: 18.25, 	Mean reward done: 3.1086230278015137
Step: 1646592	Mean reward: 19.46875, 	Mean reward done: 3.3166840076446533
Step: 1654784	Mean reward: 18.125, 	Mean reward done: 2.747053861618042
Step: 1662976	Mean reward: 17.75, 	Mean reward done: 2.675116539001465
Step: 1671168	Mean reward: 20.125, 	Mean reward done: 3.500000476837158
Step: 1679360	Mean reward: 19.8125, 	Mean reward done: 3.30928635597229
Step: 1687552	Mean reward: 17.96875, 	Mean reward done: 2.5701189041137695
Step: 1695744	Mean reward: 19.78125, 	Mean reward done: 3.1383934020996094
Step: 1703936	Mean reward: 20.3125, 	Mean reward done: 3.831681966781616
Step: 1712128	Mean reward: 18.3125, 	Mean reward done: 2.681417226791382
Step: 1720320	Mean reward: 17.46875, 	Mean reward done: 3.0391483306884766
Step: 1728512	Mean reward: 18.1875, 	Mean reward done: 2.6391425132751465
Step: 1736704	Mean reward: 17.0, 	Mean reward done: 3.0486536026000977
Step: 1744896	Mean reward: 18.375, 	Mean reward done: 3.009986639022827
Step: 1753088	Mean reward: 18.46875, 	Mean reward done: 2.990449905395508
Step: 1761280	Mean reward: 18.8125, 	Mean reward done: 3.184311628341675
Step: 1769472	Mean reward: 20.625, 	Mean reward done: 3.1877338886260986
Step: 1777664	Mean reward: 19.3125, 	Mean reward done: 3.294217109680176
Step: 1785856	Mean reward: 19.25, 	Mean reward done: 3.0630505084991455
Step: 1794048	Mean reward: 19.125, 	Mean reward done: 3.14145565032959
Step: 1802240	Mean reward: 18.34375, 	Mean reward done: 2.8798158168792725
Step: 1810432	Mean reward: 19.59375, 	Mean reward done: 3.474562644958496
Step: 1818624	Mean reward: 18.3125, 	Mean reward done: 3.276101589202881
Step: 1826816	Mean reward: 17.84375, 	Mean reward done: 2.6259374618530273
Step: 1835008	Mean reward: 19.5625, 	Mean reward done: 3.7872323989868164
Step: 1843200	Mean reward: 19.5, 	Mean reward done: 3.2280306816101074
Step: 1851392	Mean reward: 20.71875, 	Mean reward done: 3.365894079208374
Step: 1859584	Mean reward: 20.0, 	Mean reward done: 3.311354160308838
Step: 1867776	Mean reward: 19.59375, 	Mean reward done: 3.1682910919189453
Step: 1875968	Mean reward: 20.8125, 	Mean reward done: 3.443223476409912
Step: 1884160	Mean reward: 19.90625, 	Mean reward done: 3.4084808826446533
Step: 1892352	Mean reward: 20.09375, 	Mean reward done: 3.910121440887451
Step: 1900544	Mean reward: 19.1875, 	Mean reward done: 3.3603036403656006
Step: 1908736	Mean reward: 18.75, 	Mean reward done: 2.847198963165283
Step: 1916928	Mean reward: 19.71875, 	Mean reward done: 3.1451828479766846
Step: 1925120	Mean reward: 20.8125, 	Mean reward done: 3.7250421047210693
Step: 1933312	Mean reward: 20.53125, 	Mean reward done: 3.41552996635437
Step: 1941504	Mean reward: 20.84375, 	Mean reward done: 3.444896936416626
Step: 1949696	Mean reward: 19.875, 	Mean reward done: 3.2265267372131348
Step: 1957888	Mean reward: 18.9375, 	Mean reward done: 2.988905191421509
Step: 1966080	Mean reward: 19.65625, 	Mean reward done: 3.167973518371582
Step: 1974272	Mean reward: 19.09375, 	Mean reward done: 3.069202423095703
Step: 1982464	Mean reward: 18.40625, 	Mean reward done: 2.6928892135620117
Step: 1990656	Mean reward: 20.1875, 	Mean reward done: 3.0911591053009033
Step: 1998848	Mean reward: 19.53125, 	Mean reward done: 2.8638038635253906
Step: 2007040	Mean reward: 19.34375, 	Mean reward done: 3.5158586502075195
Step: 2015232	Mean reward: 19.375, 	Mean reward done: 3.64324688911438
Step: 2023424	Mean reward: 19.5625, 	Mean reward done: 2.994499683380127
Step: 2031616	Mean reward: 20.09375, 	Mean reward done: 3.1603612899780273
Step: 2039808	Mean reward: 19.59375, 	Mean reward done: 2.9551897048950195
Step: 2048000	Mean reward: 20.625, 	Mean reward done: 3.5063297748565674
Step: 2056192	Mean reward: 19.0625, 	Mean reward done: 3.163677453994751
Step: 2064384	Mean reward: 20.78125, 	Mean reward done: 3.1017720699310303
Step: 2072576	Mean reward: 20.0, 	Mean reward done: 3.6156089305877686
Step: 2080768	Mean reward: 20.09375, 	Mean reward done: 3.1019692420959473
Step: 2088960	Mean reward: 21.5625, 	Mean reward done: 3.832102060317993
Step: 2097152	Mean reward: 21.28125, 	Mean reward done: 3.2528393268585205
Step: 2105344	Mean reward: 19.0625, 	Mean reward done: 3.0150725841522217
Step: 2113536	Mean reward: 20.1875, 	Mean reward done: 3.1938858032226562
Step: 2121728	Mean reward: 20.25, 	Mean reward done: 3.4842185974121094
Step: 2129920	Mean reward: 20.0625, 	Mean reward done: 2.9734368324279785
Step: 2138112	Mean reward: 19.5, 	Mean reward done: 3.5852575302124023
Step: 2146304	Mean reward: 19.8125, 	Mean reward done: 3.2708444595336914
Step: 2154496	Mean reward: 20.40625, 	Mean reward done: 3.514711380004883
Step: 2162688	Mean reward: 21.03125, 	Mean reward done: 3.500863552093506
Step: 2170880	Mean reward: 18.96875, 	Mean reward done: 3.0846540927886963
Step: 2179072	Mean reward: 19.96875, 	Mean reward done: 3.1442630290985107
Step: 2187264	Mean reward: 21.125, 	Mean reward done: 3.7411229610443115
Step: 2195456	Mean reward: 20.28125, 	Mean reward done: 3.6201910972595215
Step: 2203648	Mean reward: 19.84375, 	Mean reward done: 2.904280662536621
Step: 2211840	Mean reward: 20.84375, 	Mean reward done: 3.1251425743103027
Step: 2220032	Mean reward: 20.4375, 	Mean reward done: 3.406724691390991
Step: 2228224	Mean reward: 19.25, 	Mean reward done: 2.833621025085449
Step: 2236416	Mean reward: 20.53125, 	Mean reward done: 3.494159460067749
Step: 2244608	Mean reward: 19.84375, 	Mean reward done: 3.1346049308776855
Step: 2252800	Mean reward: 20.28125, 	Mean reward done: 2.8511030673980713
Step: 2260992	Mean reward: 21.25, 	Mean reward done: 3.3778247833251953
Step: 2269184	Mean reward: 21.46875, 	Mean reward done: 3.6474967002868652
Step: 2277376	Mean reward: 19.90625, 	Mean reward done: 3.302607297897339
Step: 2285568	Mean reward: 21.65625, 	Mean reward done: 3.6838183403015137
Step: 2293760	Mean reward: 20.34375, 	Mean reward done: 3.0901429653167725
Step: 2301952	Mean reward: 19.75, 	Mean reward done: 3.1874899864196777
Step: 2310144	Mean reward: 20.1875, 	Mean reward done: 3.2894082069396973
Step: 2318336	Mean reward: 19.15625, 	Mean reward done: 3.020493745803833
Step: 2326528	Mean reward: 21.53125, 	Mean reward done: 4.078313827514648
Step: 2334720	Mean reward: 22.21875, 	Mean reward done: 3.6841087341308594
Step: 2342912	Mean reward: 20.34375, 	Mean reward done: 3.1371209621429443
Step: 2351104	Mean reward: 21.8125, 	Mean reward done: 4.059078693389893
Step: 2359296	Mean reward: 21.5, 	Mean reward done: 3.468346118927002
Step: 2367488	Mean reward: 21.3125, 	Mean reward done: 3.606052875518799
Step: 2375680	Mean reward: 22.1875, 	Mean reward done: 3.783390760421753
Step: 2383872	Mean reward: 20.28125, 	Mean reward done: 3.6291022300720215
Step: 2392064	Mean reward: 21.84375, 	Mean reward done: 4.167366981506348
Step: 2400256	Mean reward: 21.21875, 	Mean reward done: 3.4281225204467773
Step: 2408448	Mean reward: 21.4375, 	Mean reward done: 4.134333610534668
Step: 2416640	Mean reward: 22.125, 	Mean reward done: 3.8665075302124023
Step: 2424832	Mean reward: 21.75, 	Mean reward done: 3.985231637954712
Step: 2433024	Mean reward: 19.1875, 	Mean reward done: 2.8772261142730713
Step: 2441216	Mean reward: 21.0625, 	Mean reward done: 3.397582769393921
Step: 2449408	Mean reward: 21.5625, 	Mean reward done: 3.305936813354492
Step: 2457600	Mean reward: 20.5, 	Mean reward done: 3.0237720012664795
Step: 2465792	Mean reward: 21.78125, 	Mean reward done: 4.229571342468262
Step: 2473984	Mean reward: 20.90625, 	Mean reward done: 3.5495686531066895
Step: 2482176	Mean reward: 20.4375, 	Mean reward done: 3.440760374069214
Step: 2490368	Mean reward: 21.03125, 	Mean reward done: 3.8676836490631104
Step: 2498560	Mean reward: 21.0625, 	Mean reward done: 3.062816619873047
Step: 2506752	Mean reward: 22.46875, 	Mean reward done: 4.160310745239258
Step: 2514944	Mean reward: 21.34375, 	Mean reward done: 3.8653290271759033
Step: 2523136	Mean reward: 21.375, 	Mean reward done: 3.3258612155914307
Step: 2531328	Mean reward: 22.4375, 	Mean reward done: 3.7072741985321045
Step: 2539520	Mean reward: 20.5625, 	Mean reward done: 3.564267635345459
Step: 2547712	Mean reward: 22.40625, 	Mean reward done: 4.001286029815674
Step: 2555904	Mean reward: 21.78125, 	Mean reward done: 3.5973947048187256
Step: 2564096	Mean reward: 21.25, 	Mean reward done: 3.2442467212677
Step: 2572288	Mean reward: 21.0, 	Mean reward done: 3.3468940258026123
Step: 2580480	Mean reward: 21.03125, 	Mean reward done: 3.804237127304077
Step: 2588672	Mean reward: 20.21875, 	Mean reward done: 2.9320507049560547
Step: 2596864	Mean reward: 21.96875, 	Mean reward done: 3.7619216442108154
Step: 2605056	Mean reward: 20.53125, 	Mean reward done: 3.111224889755249
Step: 2613248	Mean reward: 21.46875, 	Mean reward done: 3.5377116203308105
Step: 2621440	Mean reward: 20.53125, 	Mean reward done: 4.092531681060791
Step: 2629632	Mean reward: 20.84375, 	Mean reward done: 3.342451572418213
Step: 2637824	Mean reward: 20.9375, 	Mean reward done: 3.4398319721221924
Step: 2646016	Mean reward: 21.25, 	Mean reward done: 3.2708215713500977
Step: 2654208	Mean reward: 20.15625, 	Mean reward done: 3.2745866775512695
Step: 2662400	Mean reward: 20.15625, 	Mean reward done: 3.524178981781006
Step: 2670592	Mean reward: 22.3125, 	Mean reward done: 3.97255539894104
Step: 2678784	Mean reward: 22.84375, 	Mean reward done: 3.802805185317993
Step: 2686976	Mean reward: 21.40625, 	Mean reward done: 3.7088913917541504
Step: 2695168	Mean reward: 21.96875, 	Mean reward done: 3.3557615280151367
Step: 2703360	Mean reward: 21.5, 	Mean reward done: 3.5192246437072754
Step: 2711552	Mean reward: 21.21875, 	Mean reward done: 3.8142898082733154
Step: 2719744	Mean reward: 21.78125, 	Mean reward done: 3.3563120365142822
Step: 2727936	Mean reward: 21.21875, 	Mean reward done: 3.747218608856201
Step: 2736128	Mean reward: 22.53125, 	Mean reward done: 3.518359422683716
Step: 2744320	Mean reward: 22.21875, 	Mean reward done: 4.461216926574707
Step: 2752512	Mean reward: 20.75, 	Mean reward done: 3.300231456756592
Step: 2760704	Mean reward: 21.0625, 	Mean reward done: 3.7512707710266113
Step: 2768896	Mean reward: 23.5625, 	Mean reward done: 3.9262640476226807
Step: 2777088	Mean reward: 20.25, 	Mean reward done: 3.3763961791992188
Step: 2785280	Mean reward: 21.15625, 	Mean reward done: 3.411210775375366
Step: 2793472	Mean reward: 21.21875, 	Mean reward done: 3.141977548599243
Step: 2801664	Mean reward: 21.6875, 	Mean reward done: 3.8824193477630615
Step: 2809856	Mean reward: 20.8125, 	Mean reward done: 3.1602399349212646
Step: 2818048	Mean reward: 21.78125, 	Mean reward done: 4.192381381988525
Step: 2826240	Mean reward: 20.1875, 	Mean reward done: 3.1429598331451416
Step: 2834432	Mean reward: 20.84375, 	Mean reward done: 3.368767023086548
Step: 2842624	Mean reward: 20.75, 	Mean reward done: 2.9943413734436035
Step: 2850816	Mean reward: 21.0, 	Mean reward done: 3.569973945617676
Step: 2859008	Mean reward: 21.84375, 	Mean reward done: 3.868263006210327
Step: 2867200	Mean reward: 20.0, 	Mean reward done: 3.5386805534362793
Step: 2875392	Mean reward: 21.25, 	Mean reward done: 3.550701856613159
Step: 2883584	Mean reward: 22.0625, 	Mean reward done: 3.656979560852051
Step: 2891776	Mean reward: 21.8125, 	Mean reward done: 4.011022567749023
Step: 2899968	Mean reward: 20.65625, 	Mean reward done: 3.446223258972168
Step: 2908160	Mean reward: 21.15625, 	Mean reward done: 3.5849521160125732
Step: 2916352	Mean reward: 20.21875, 	Mean reward done: 2.935934066772461
Step: 2924544	Mean reward: 21.09375, 	Mean reward done: 3.618197202682495
Step: 2932736	Mean reward: 22.28125, 	Mean reward done: 3.9925971031188965
Step: 2940928	Mean reward: 20.40625, 	Mean reward done: 3.4029409885406494
Step: 2949120	Mean reward: 20.125, 	Mean reward done: 3.281675338745117
Step: 2957312	Mean reward: 20.0625, 	Mean reward done: 2.9679834842681885
Step: 2965504	Mean reward: 21.71875, 	Mean reward done: 3.6727304458618164
Step: 2973696	Mean reward: 20.75, 	Mean reward done: 3.058089256286621
Step: 2981888	Mean reward: 20.5, 	Mean reward done: 4.015983581542969
Step: 2990080	Mean reward: 22.28125, 	Mean reward done: 3.5164124965667725
Step: 2998272	Mean reward: 20.53125, 	Mean reward done: 3.5432584285736084
Step: 3006464	Mean reward: 19.0, 	Mean reward done: 2.9373180866241455
Step: 3014656	Mean reward: 21.6875, 	Mean reward done: 3.598787546157837
Step: 3022848	Mean reward: 22.25, 	Mean reward done: 3.6287529468536377
Step: 3031040	Mean reward: 21.34375, 	Mean reward done: 3.5718538761138916
Step: 3039232	Mean reward: 21.1875, 	Mean reward done: 3.593679666519165
Step: 3047424	Mean reward: 22.0, 	Mean reward done: 3.8387086391448975
Step: 3055616	Mean reward: 20.8125, 	Mean reward done: 3.3398478031158447
Step: 3063808	Mean reward: 21.65625, 	Mean reward done: 3.863917112350464
Step: 3072000	Mean reward: 20.875, 	Mean reward done: 3.380570650100708
Step: 3080192	Mean reward: 21.65625, 	Mean reward done: 3.6958537101745605
Step: 3088384	Mean reward: 22.6875, 	Mean reward done: 3.5998494625091553
Step: 3096576	Mean reward: 22.09375, 	Mean reward done: 3.7356560230255127
Step: 3104768	Mean reward: 22.25, 	Mean reward done: 3.6525871753692627
Step: 3112960	Mean reward: 22.15625, 	Mean reward done: 3.7721474170684814
Step: 3121152	Mean reward: 22.71875, 	Mean reward done: 4.671764850616455
Step: 3129344	Mean reward: 21.0, 	Mean reward done: 3.1321053504943848
Step: 3137536	Mean reward: 23.71875, 	Mean reward done: 3.767042398452759
Step: 3145728	Mean reward: 22.59375, 	Mean reward done: 3.958970785140991
Step: 3153920	Mean reward: 21.6875, 	Mean reward done: 3.5547213554382324
Step: 3162112	Mean reward: 21.78125, 	Mean reward done: 3.78459095954895
Step: 3170304	Mean reward: 22.625, 	Mean reward done: 3.4984090328216553
Step: 3178496	Mean reward: 21.34375, 	Mean reward done: 3.396331787109375
Step: 3186688	Mean reward: 22.1875, 	Mean reward done: 3.9670021533966064
Step: 3194880	Mean reward: 20.15625, 	Mean reward done: 3.3981094360351562
Step: 3203072	Mean reward: 23.84375, 	Mean reward done: 3.9620707035064697
Step: 3211264	Mean reward: 21.59375, 	Mean reward done: 3.4180116653442383
Step: 3219456	Mean reward: 20.71875, 	Mean reward done: 3.6896591186523438
Step: 3227648	Mean reward: 21.9375, 	Mean reward done: 3.415485382080078
Step: 3235840	Mean reward: 22.1875, 	Mean reward done: 3.994415521621704
Step: 3244032	Mean reward: 22.3125, 	Mean reward done: 3.362977981567383
Step: 3252224	Mean reward: 21.65625, 	Mean reward done: 3.686474323272705
Step: 3260416	Mean reward: 22.875, 	Mean reward done: 4.067692756652832
Step: 3268608	Mean reward: 21.09375, 	Mean reward done: 2.796708583831787
Step: 3276800	Mean reward: 21.25, 	Mean reward done: 3.082676649093628
Step: 3284992	Mean reward: 20.59375, 	Mean reward done: 3.370936393737793
Step: 3293184	Mean reward: 21.71875, 	Mean reward done: 2.8568737506866455
Step: 3301376	Mean reward: 21.25, 	Mean reward done: 3.2249832153320312
Step: 3309568	Mean reward: 22.1875, 	Mean reward done: 3.9325814247131348
Step: 3317760	Mean reward: 20.625, 	Mean reward done: 3.092881202697754
Step: 3325952	Mean reward: 22.65625, 	Mean reward done: 3.9158899784088135
Step: 3334144	Mean reward: 21.90625, 	Mean reward done: 2.966388702392578
Step: 3342336	Mean reward: 22.0, 	Mean reward done: 3.9379026889801025
Step: 3350528	Mean reward: 21.875, 	Mean reward done: 3.3475797176361084
Step: 3358720	Mean reward: 23.0, 	Mean reward done: 3.9400064945220947
Step: 3366912	Mean reward: 23.03125, 	Mean reward done: 3.8960676193237305
Step: 3375104	Mean reward: 20.9375, 	Mean reward done: 3.3611223697662354
Step: 3383296	Mean reward: 22.28125, 	Mean reward done: 3.8953092098236084
Step: 3391488	Mean reward: 21.53125, 	Mean reward done: 3.6519007682800293
Step: 3399680	Mean reward: 21.53125, 	Mean reward done: 3.7047159671783447
Step: 3407872	Mean reward: 23.625, 	Mean reward done: 4.3743391036987305
Step: 3416064	Mean reward: 22.53125, 	Mean reward done: 3.669102668762207
Step: 3424256	Mean reward: 22.125, 	Mean reward done: 3.1756906509399414
Step: 3432448	Mean reward: 23.03125, 	Mean reward done: 4.088216781616211
Step: 3440640	Mean reward: 22.0, 	Mean reward done: 3.341726064682007
Step: 3448832	Mean reward: 21.0625, 	Mean reward done: 3.0614500045776367
Step: 3457024	Mean reward: 22.8125, 	Mean reward done: 4.170958518981934
Step: 3465216	Mean reward: 20.8125, 	Mean reward done: 3.1694326400756836
Step: 3473408	Mean reward: 20.78125, 	Mean reward done: 3.321568489074707
Step: 3481600	Mean reward: 22.65625, 	Mean reward done: 3.8107237815856934
Step: 3489792	Mean reward: 22.0625, 	Mean reward done: 3.711367607116699
Step: 3497984	Mean reward: 21.28125, 	Mean reward done: 3.360133647918701
Step: 3506176	Mean reward: 24.90625, 	Mean reward done: 3.92801833152771
Step: 3514368	Mean reward: 23.375, 	Mean reward done: 3.742269277572632
Step: 3522560	Mean reward: 23.46875, 	Mean reward done: 4.262277126312256
Step: 3530752	Mean reward: 22.625, 	Mean reward done: 3.2692649364471436
Step: 3538944	Mean reward: 21.25, 	Mean reward done: 3.0716707706451416
Step: 3547136	Mean reward: 22.59375, 	Mean reward done: 3.503483533859253
Step: 3555328	Mean reward: 23.5625, 	Mean reward done: 4.415961742401123
Step: 3563520	Mean reward: 21.9375, 	Mean reward done: 3.579148054122925
Step: 3571712	Mean reward: 21.1875, 	Mean reward done: 3.758559465408325
Step: 3579904	Mean reward: 21.78125, 	Mean reward done: 3.1470420360565186
Step: 3588096	Mean reward: 23.0, 	Mean reward done: 3.6942734718322754
Step: 3596288	Mean reward: 23.34375, 	Mean reward done: 3.9251303672790527
Step: 3604480	Mean reward: 22.0625, 	Mean reward done: 3.1256139278411865
Step: 3612672	Mean reward: 22.5, 	Mean reward done: 3.1221373081207275
Step: 3620864	Mean reward: 20.53125, 	Mean reward done: 3.6757078170776367
Step: 3629056	Mean reward: 21.71875, 	Mean reward done: 3.193934202194214
Step: 3637248	Mean reward: 20.46875, 	Mean reward done: 3.0151565074920654
Step: 3645440	Mean reward: 23.1875, 	Mean reward done: 3.520510673522949
Step: 3653632	Mean reward: 21.84375, 	Mean reward done: 3.320688247680664
Step: 3661824	Mean reward: 21.9375, 	Mean reward done: 3.8710741996765137
Step: 3670016	Mean reward: 22.3125, 	Mean reward done: 3.753114938735962
Step: 3678208	Mean reward: 20.90625, 	Mean reward done: 3.0645668506622314
Step: 3686400	Mean reward: 20.21875, 	Mean reward done: 3.3062376976013184
Step: 3694592	Mean reward: 21.1875, 	Mean reward done: 3.5560309886932373
Step: 3702784	Mean reward: 22.0, 	Mean reward done: 3.525153875350952
Step: 3710976	Mean reward: 23.5625, 	Mean reward done: 4.238755702972412
Step: 3719168	Mean reward: 21.625, 	Mean reward done: 3.452021598815918
Step: 3727360	Mean reward: 21.6875, 	Mean reward done: 3.5468039512634277
Step: 3735552	Mean reward: 22.34375, 	Mean reward done: 4.009912967681885
Step: 3743744	Mean reward: 23.21875, 	Mean reward done: 3.966939926147461
Step: 3751936	Mean reward: 22.03125, 	Mean reward done: 4.066391944885254
Step: 3760128	Mean reward: 21.96875, 	Mean reward done: 3.5810022354125977
Step: 3768320	Mean reward: 23.40625, 	Mean reward done: 4.22937536239624
Step: 3776512	Mean reward: 22.59375, 	Mean reward done: 3.29317045211792
Step: 3784704	Mean reward: 22.84375, 	Mean reward done: 3.836043119430542
Step: 3792896	Mean reward: 20.0, 	Mean reward done: 3.0768632888793945
Step: 3801088	Mean reward: 22.34375, 	Mean reward done: 3.5627527236938477
Step: 3809280	Mean reward: 22.09375, 	Mean reward done: 3.431929349899292
Step: 3817472	Mean reward: 23.21875, 	Mean reward done: 3.8909707069396973
Step: 3825664	Mean reward: 23.65625, 	Mean reward done: 4.108831405639648
Step: 3833856	Mean reward: 20.65625, 	Mean reward done: 3.4075894355773926
Step: 3842048	Mean reward: 22.5, 	Mean reward done: 3.7641892433166504
Step: 3850240	Mean reward: 22.21875, 	Mean reward done: 3.6225180625915527
Step: 3858432	Mean reward: 22.84375, 	Mean reward done: 3.968254804611206
Step: 3866624	Mean reward: 21.25, 	Mean reward done: 3.5433099269866943
Step: 3874816	Mean reward: 22.9375, 	Mean reward done: 3.9009788036346436
Step: 3883008	Mean reward: 22.125, 	Mean reward done: 3.824855089187622
Step: 3891200	Mean reward: 22.09375, 	Mean reward done: 3.4267821311950684
Step: 3899392	Mean reward: 21.25, 	Mean reward done: 3.858315944671631
Step: 3907584	Mean reward: 21.96875, 	Mean reward done: 3.4692373275756836
Step: 3915776	Mean reward: 24.21875, 	Mean reward done: 4.436983108520508
Step: 3923968	Mean reward: 23.09375, 	Mean reward done: 3.852041721343994
Step: 3932160	Mean reward: 24.09375, 	Mean reward done: 4.241631984710693
Step: 3940352	Mean reward: 22.8125, 	Mean reward done: 3.968996524810791
Step: 3948544	Mean reward: 25.3125, 	Mean reward done: 4.655706882476807
Step: 3956736	Mean reward: 22.65625, 	Mean reward done: 3.9745125770568848
Step: 3964928	Mean reward: 24.4375, 	Mean reward done: 3.766307830810547
Step: 3973120	Mean reward: 22.53125, 	Mean reward done: 3.7815630435943604
Step: 3981312	Mean reward: 20.84375, 	Mean reward done: 3.566174030303955
Step: 3989504	Mean reward: 23.9375, 	Mean reward done: 3.542384386062622
Step: 3997696	Mean reward: 21.84375, 	Mean reward done: 3.6811892986297607
Step: 4005888	Mean reward: 22.09375, 	Mean reward done: 3.2969250679016113
Step: 4014080	Mean reward: 24.25, 	Mean reward done: 4.529632091522217
Step: 4022272	Mean reward: 22.59375, 	Mean reward done: 3.7112200260162354
Step: 4030464	Mean reward: 22.40625, 	Mean reward done: 3.6957578659057617
Step: 4038656	Mean reward: 21.21875, 	Mean reward done: 3.2470428943634033
Step: 4046848	Mean reward: 21.5, 	Mean reward done: 3.7429656982421875
Step: 4055040	Mean reward: 21.3125, 	Mean reward done: 3.6065244674682617
Step: 4063232	Mean reward: 22.1875, 	Mean reward done: 3.424044132232666
Step: 4071424	Mean reward: 20.6875, 	Mean reward done: 3.450652837753296
Step: 4079616	Mean reward: 21.75, 	Mean reward done: 3.1365411281585693
Step: 4087808	Mean reward: 20.9375, 	Mean reward done: 3.3957467079162598
Step: 4096000	Mean reward: 23.0625, 	Mean reward done: 3.962129831314087
Step: 4104192	Mean reward: 21.59375, 	Mean reward done: 3.390181303024292
Step: 4112384	Mean reward: 23.25, 	Mean reward done: 4.098196506500244
Step: 4120576	Mean reward: 22.96875, 	Mean reward done: 4.155797004699707
Step: 4128768	Mean reward: 20.96875, 	Mean reward done: 3.1853039264678955
Step: 4136960	Mean reward: 22.15625, 	Mean reward done: 3.385176181793213
Step: 4145152	Mean reward: 20.6875, 	Mean reward done: 3.198242664337158
Step: 4153344	Mean reward: 21.5625, 	Mean reward done: 3.570996046066284
Step: 4161536	Mean reward: 22.65625, 	Mean reward done: 3.7884724140167236
Step: 4169728	Mean reward: 21.71875, 	Mean reward done: 3.2759158611297607
Step: 4177920	Mean reward: 21.84375, 	Mean reward done: 3.2451751232147217
Step: 4186112	Mean reward: 23.03125, 	Mean reward done: 4.235503673553467
Step: 4194304	Mean reward: 21.59375, 	Mean reward done: 3.4059112071990967
Step: 4202496	Mean reward: 21.65625, 	Mean reward done: 2.8401730060577393
Step: 4210688	Mean reward: 23.1875, 	Mean reward done: 3.837766408920288
Step: 4218880	Mean reward: 21.875, 	Mean reward done: 3.5177040100097656
Step: 4227072	Mean reward: 23.21875, 	Mean reward done: 3.620824098587036
Step: 4235264	Mean reward: 21.875, 	Mean reward done: 4.122706890106201
Step: 4243456	Mean reward: 23.34375, 	Mean reward done: 3.523165225982666
Step: 4251648	Mean reward: 21.78125, 	Mean reward done: 3.408644676208496
Step: 4259840	Mean reward: 23.125, 	Mean reward done: 3.9308359622955322
Step: 4268032	Mean reward: 22.4375, 	Mean reward done: 3.599777936935425
Step: 4276224	Mean reward: 22.15625, 	Mean reward done: 3.638117790222168
Step: 4284416	Mean reward: 22.84375, 	Mean reward done: 3.931516408920288
Step: 4292608	Mean reward: 24.5625, 	Mean reward done: 4.4521942138671875
Step: 4300800	Mean reward: 23.28125, 	Mean reward done: 3.996072769165039
Step: 4308992	Mean reward: 23.09375, 	Mean reward done: 3.769073009490967
Step: 4317184	Mean reward: 23.6875, 	Mean reward done: 3.879032611846924
Step: 4325376	Mean reward: 22.3125, 	Mean reward done: 3.3128154277801514
Step: 4333568	Mean reward: 23.53125, 	Mean reward done: 3.8846120834350586
Step: 4341760	Mean reward: 24.5, 	Mean reward done: 4.159654140472412
Step: 4349952	Mean reward: 20.84375, 	Mean reward done: 3.2944860458374023
Step: 4358144	Mean reward: 23.71875, 	Mean reward done: 4.6371283531188965
Step: 4366336	Mean reward: 22.75, 	Mean reward done: 4.022164344787598
Step: 4374528	Mean reward: 23.9375, 	Mean reward done: 4.443988800048828
Step: 4382720	Mean reward: 23.25, 	Mean reward done: 3.7983109951019287
Step: 4390912	Mean reward: 24.0625, 	Mean reward done: 3.927898406982422
Step: 4399104	Mean reward: 23.0, 	Mean reward done: 3.651505470275879
Step: 4407296	Mean reward: 24.28125, 	Mean reward done: 3.8912057876586914
Step: 4415488	Mean reward: 22.8125, 	Mean reward done: 3.6838595867156982
Step: 4423680	Mean reward: 23.03125, 	Mean reward done: 3.8179900646209717
Step: 4431872	Mean reward: 22.15625, 	Mean reward done: 3.286684274673462
Step: 4440064	Mean reward: 21.75, 	Mean reward done: 3.849745988845825
Step: 4448256	Mean reward: 22.65625, 	Mean reward done: 3.9179935455322266
Step: 4456448	Mean reward: 23.4375, 	Mean reward done: 4.074914455413818
Step: 4464640	Mean reward: 23.21875, 	Mean reward done: 3.6902883052825928
Step: 4472832	Mean reward: 23.15625, 	Mean reward done: 4.026122093200684
Step: 4481024	Mean reward: 21.9375, 	Mean reward done: 3.0303518772125244
Step: 4489216	Mean reward: 22.34375, 	Mean reward done: 4.195626258850098
Step: 4497408	Mean reward: 23.4375, 	Mean reward done: 4.00282621383667
Step: 4505600	Mean reward: 22.875, 	Mean reward done: 3.898609161376953
Step: 4513792	Mean reward: 23.6875, 	Mean reward done: 4.0005035400390625
Step: 4521984	Mean reward: 22.875, 	Mean reward done: 3.476334810256958
Step: 4530176	Mean reward: 22.90625, 	Mean reward done: 3.8503575325012207
Step: 4538368	Mean reward: 20.90625, 	Mean reward done: 2.9855499267578125
Step: 4546560	Mean reward: 20.9375, 	Mean reward done: 3.2079710960388184
Step: 4554752	Mean reward: 21.90625, 	Mean reward done: 3.187898635864258
Step: 4562944	Mean reward: 24.3125, 	Mean reward done: 4.481656074523926
Step: 4571136	Mean reward: 22.5, 	Mean reward done: 3.476224184036255
Step: 4579328	Mean reward: 22.84375, 	Mean reward done: 3.6198890209198
Step: 4587520	Mean reward: 24.71875, 	Mean reward done: 4.100015163421631
Step: 4595712	Mean reward: 22.34375, 	Mean reward done: 3.6646721363067627
Step: 4603904	Mean reward: 23.84375, 	Mean reward done: 3.9697742462158203
Step: 4612096	Mean reward: 22.90625, 	Mean reward done: 3.752349853515625
Step: 4620288	Mean reward: 23.46875, 	Mean reward done: 3.7947754859924316
Step: 4628480	Mean reward: 23.625, 	Mean reward done: 3.70017671585083
Step: 4636672	Mean reward: 24.46875, 	Mean reward done: 4.496123790740967
Step: 4644864	Mean reward: 23.4375, 	Mean reward done: 3.8942718505859375
Step: 4653056	Mean reward: 20.75, 	Mean reward done: 3.429847478866577
Step: 4661248	Mean reward: 22.75, 	Mean reward done: 4.07849645614624
Step: 4669440	Mean reward: 21.71875, 	Mean reward done: 3.0165188312530518
Step: 4677632	Mean reward: 22.96875, 	Mean reward done: 4.307688236236572
Step: 4685824	Mean reward: 22.84375, 	Mean reward done: 3.627495050430298
Step: 4694016	Mean reward: 23.40625, 	Mean reward done: 3.7658331394195557
Step: 4702208	Mean reward: 22.28125, 	Mean reward done: 3.8880200386047363
Step: 4710400	Mean reward: 22.59375, 	Mean reward done: 3.5579962730407715
Step: 4718592	Mean reward: 23.9375, 	Mean reward done: 3.5359950065612793
Step: 4726784	Mean reward: 21.59375, 	Mean reward done: 3.2345221042633057
Step: 4734976	Mean reward: 21.75, 	Mean reward done: 3.153677225112915
Step: 4743168	Mean reward: 19.96875, 	Mean reward done: 3.2294349670410156
Step: 4751360	Mean reward: 22.65625, 	Mean reward done: 3.9475526809692383
Step: 4759552	Mean reward: 23.375, 	Mean reward done: 3.773479461669922
Step: 4767744	Mean reward: 20.375, 	Mean reward done: 3.124196767807007
Step: 4775936	Mean reward: 21.96875, 	Mean reward done: 3.7337725162506104
Step: 4784128	Mean reward: 22.90625, 	Mean reward done: 3.636667013168335
Step: 4792320	Mean reward: 21.71875, 	Mean reward done: 3.22672963142395
Step: 4800512	Mean reward: 22.5, 	Mean reward done: 3.6590065956115723
Step: 4808704	Mean reward: 21.5, 	Mean reward done: 3.635096549987793
Step: 4816896	Mean reward: 20.03125, 	Mean reward done: 2.7573599815368652
Step: 4825088	Mean reward: 21.78125, 	Mean reward done: 3.5265657901763916
Step: 4833280	Mean reward: 20.96875, 	Mean reward done: 3.5593578815460205
Step: 4841472	Mean reward: 21.9375, 	Mean reward done: 3.841942310333252
Step: 4849664	Mean reward: 21.40625, 	Mean reward done: 2.986908435821533
Step: 4857856	Mean reward: 22.5, 	Mean reward done: 3.5790932178497314
Step: 4866048	Mean reward: 22.125, 	Mean reward done: 3.811379909515381
Step: 4874240	Mean reward: 22.84375, 	Mean reward done: 3.482410430908203
Step: 4882432	Mean reward: 23.09375, 	Mean reward done: 4.534870624542236
Step: 4890624	Mean reward: 21.59375, 	Mean reward done: 3.447155237197876
Step: 4898816	Mean reward: 23.78125, 	Mean reward done: 4.199834823608398
Step: 4907008	Mean reward: 22.21875, 	Mean reward done: 4.040353775024414
Step: 4915200	Mean reward: 21.75, 	Mean reward done: 3.288559675216675
Step: 4923392	Mean reward: 23.09375, 	Mean reward done: 3.412574291229248
Step: 4931584	Mean reward: 22.15625, 	Mean reward done: 3.2554590702056885
Step: 4939776	Mean reward: 21.8125, 	Mean reward done: 3.5134434700012207
Step: 4947968	Mean reward: 23.53125, 	Mean reward done: 3.889163017272949
Step: 4956160	Mean reward: 23.4375, 	Mean reward done: 4.304254055023193
Step: 4964352	Mean reward: 22.6875, 	Mean reward done: 3.439443588256836
Step: 4972544	Mean reward: 22.53125, 	Mean reward done: 3.670870780944824
Step: 4980736	Mean reward: 21.40625, 	Mean reward done: 2.9803173542022705
Step: 4988928	Mean reward: 20.78125, 	Mean reward done: 3.1324400901794434
Step: 4997120	Mean reward: 21.40625, 	Mean reward done: 3.5644421577453613
Step: 5005312	Mean reward: 21.34375, 	Mean reward done: 3.708115339279175
Step: 5013504	Mean reward: 22.46875, 	Mean reward done: 3.2128164768218994
Step: 5021696	Mean reward: 20.9375, 	Mean reward done: 3.3410067558288574
Step: 5029888	Mean reward: 21.71875, 	Mean reward done: 3.345848798751831
Step: 5038080	Mean reward: 22.375, 	Mean reward done: 3.5374362468719482
Step: 5046272	Mean reward: 22.78125, 	Mean reward done: 3.3772048950195312
Step: 5054464	Mean reward: 23.15625, 	Mean reward done: 4.3936662673950195
Step: 5062656	Mean reward: 22.875, 	Mean reward done: 3.7680611610412598
Step: 5070848	Mean reward: 21.84375, 	Mean reward done: 3.9500741958618164
Step: 5079040	Mean reward: 22.84375, 	Mean reward done: 3.9072775840759277
Step: 5087232	Mean reward: 22.4375, 	Mean reward done: 3.6349387168884277
Step: 5095424	Mean reward: 22.875, 	Mean reward done: 3.6563498973846436
Step: 5103616	Mean reward: 22.78125, 	Mean reward done: 3.6368322372436523
Step: 5111808	Mean reward: 23.40625, 	Mean reward done: 3.8389456272125244
Step: 5120000	Mean reward: 22.59375, 	Mean reward done: 3.4032678604125977
Step: 5128192	Mean reward: 22.28125, 	Mean reward done: 3.066162109375
Step: 5136384	Mean reward: 22.84375, 	Mean reward done: 4.182950973510742
Step: 5144576	Mean reward: 23.34375, 	Mean reward done: 3.608027935028076
Step: 5152768	Mean reward: 21.1875, 	Mean reward done: 3.3779077529907227
Step: 5160960	Mean reward: 22.5625, 	Mean reward done: 2.982921838760376
Step: 5169152	Mean reward: 21.875, 	Mean reward done: 3.6470773220062256
Step: 5177344	Mean reward: 24.0, 	Mean reward done: 4.678001880645752
Step: 5185536	Mean reward: 23.5, 	Mean reward done: 4.052975177764893
Step: 5193728	Mean reward: 23.1875, 	Mean reward done: 3.738503932952881
Step: 5201920	Mean reward: 22.28125, 	Mean reward done: 3.6888341903686523
Step: 5210112	Mean reward: 23.75, 	Mean reward done: 4.224654197692871
Step: 5218304	Mean reward: 23.40625, 	Mean reward done: 3.4903430938720703
Step: 5226496	Mean reward: 21.78125, 	Mean reward done: 3.835082769393921
Step: 5234688	Mean reward: 23.03125, 	Mean reward done: 3.285604953765869
Step: 5242880	Mean reward: 22.96875, 	Mean reward done: 3.9073543548583984
Step: 5251072	Mean reward: 21.25, 	Mean reward done: 3.6125130653381348
Step: 5259264	Mean reward: 22.53125, 	Mean reward done: 3.648928165435791
Step: 5267456	Mean reward: 22.4375, 	Mean reward done: 4.089198112487793
Step: 5275648	Mean reward: 22.65625, 	Mean reward done: 3.4509670734405518
Step: 5283840	Mean reward: 23.09375, 	Mean reward done: 3.836193561553955
Step: 5292032	Mean reward: 21.53125, 	Mean reward done: 3.344147205352783
Step: 5300224	Mean reward: 22.3125, 	Mean reward done: 3.628654956817627
Step: 5308416	Mean reward: 21.71875, 	Mean reward done: 2.848712682723999
Step: 5316608	Mean reward: 21.96875, 	Mean reward done: 3.465369939804077
Step: 5324800	Mean reward: 20.4375, 	Mean reward done: 2.678666114807129
Step: 5332992	Mean reward: 21.5625, 	Mean reward done: 3.403923273086548
Step: 5341184	Mean reward: 21.8125, 	Mean reward done: 3.4417505264282227
Step: 5349376	Mean reward: 22.84375, 	Mean reward done: 3.421489715576172
Step: 5357568	Mean reward: 21.96875, 	Mean reward done: 3.8636510372161865
Step: 5365760	Mean reward: 22.0, 	Mean reward done: 3.7949423789978027
Step: 5373952	Mean reward: 23.3125, 	Mean reward done: 3.81978178024292
Step: 5382144	Mean reward: 22.15625, 	Mean reward done: 3.5049219131469727
Step: 5390336	Mean reward: 23.375, 	Mean reward done: 4.152098655700684
Step: 5398528	Mean reward: 23.5, 	Mean reward done: 3.4854023456573486
Step: 5406720	Mean reward: 22.90625, 	Mean reward done: 4.103182315826416
Step: 5414912	Mean reward: 23.0625, 	Mean reward done: 4.006076812744141
Step: 5423104	Mean reward: 23.5, 	Mean reward done: 3.983506917953491
Step: 5431296	Mean reward: 23.96875, 	Mean reward done: 3.911886692047119
Step: 5439488	Mean reward: 23.21875, 	Mean reward done: 4.1915483474731445
Step: 5447680	Mean reward: 22.4375, 	Mean reward done: 3.480213165283203
Step: 5455872	Mean reward: 23.15625, 	Mean reward done: 3.7906322479248047
Step: 5464064	Mean reward: 22.8125, 	Mean reward done: 3.012458324432373
Step: 5472256	Mean reward: 22.21875, 	Mean reward done: 3.2994449138641357
Step: 5480448	Mean reward: 21.6875, 	Mean reward done: 3.833972454071045
Step: 5488640	Mean reward: 23.40625, 	Mean reward done: 3.823352336883545
Step: 5496832	Mean reward: 23.125, 	Mean reward done: 3.553020477294922
Step: 5505024	Mean reward: 22.71875, 	Mean reward done: 3.6508026123046875
Step: 5513216	Mean reward: 22.96875, 	Mean reward done: 3.6423678398132324
Step: 5521408	Mean reward: 22.46875, 	Mean reward done: 3.8658149242401123
Step: 5529600	Mean reward: 21.9375, 	Mean reward done: 3.250868558883667
Step: 5537792	Mean reward: 23.6875, 	Mean reward done: 3.9839632511138916
Step: 5545984	Mean reward: 21.25, 	Mean reward done: 3.7797317504882812
Step: 5554176	Mean reward: 22.78125, 	Mean reward done: 3.7261714935302734
Step: 5562368	Mean reward: 23.59375, 	Mean reward done: 3.661057233810425
Step: 5570560	Mean reward: 22.1875, 	Mean reward done: 3.0462658405303955
Step: 5578752	Mean reward: 22.59375, 	Mean reward done: 3.1872975826263428
Step: 5586944	Mean reward: 23.75, 	Mean reward done: 4.616447448730469
Step: 5595136	Mean reward: 23.3125, 	Mean reward done: 3.4114997386932373
Step: 5603328	Mean reward: 23.21875, 	Mean reward done: 3.875021457672119
Step: 5611520	Mean reward: 22.8125, 	Mean reward done: 3.3827638626098633
Step: 5619712	Mean reward: 22.84375, 	Mean reward done: 3.400118827819824
Step: 5627904	Mean reward: 24.09375, 	Mean reward done: 4.081929683685303
Step: 5636096	Mean reward: 22.5, 	Mean reward done: 3.4383482933044434
Step: 5644288	Mean reward: 23.40625, 	Mean reward done: 4.15477180480957
Step: 5652480	Mean reward: 22.75, 	Mean reward done: 3.957836866378784
Step: 5660672	Mean reward: 23.84375, 	Mean reward done: 3.8489816188812256
Step: 5668864	Mean reward: 22.0, 	Mean reward done: 3.443915605545044
Step: 5677056	Mean reward: 22.46875, 	Mean reward done: 3.8331286907196045
Step: 5685248	Mean reward: 23.84375, 	Mean reward done: 4.6535186767578125
Step: 5693440	Mean reward: 25.3125, 	Mean reward done: 3.812321424484253
Step: 5701632	Mean reward: 23.28125, 	Mean reward done: 4.115584373474121
Step: 5709824	Mean reward: 23.40625, 	Mean reward done: 3.8004109859466553
Step: 5718016	Mean reward: 24.375, 	Mean reward done: 4.142261505126953
Step: 5726208	Mean reward: 24.25, 	Mean reward done: 3.841261386871338
Step: 5734400	Mean reward: 23.0625, 	Mean reward done: 3.8489818572998047
Step: 5742592	Mean reward: 23.28125, 	Mean reward done: 3.504654884338379
Step: 5750784	Mean reward: 22.65625, 	Mean reward done: 3.485301971435547
Step: 5758976	Mean reward: 21.65625, 	Mean reward done: 3.4842841625213623
Step: 5767168	Mean reward: 24.8125, 	Mean reward done: 3.526468276977539
Step: 5775360	Mean reward: 23.375, 	Mean reward done: 4.043635368347168
Step: 5783552	Mean reward: 22.15625, 	Mean reward done: 3.083941698074341
Step: 5791744	Mean reward: 24.71875, 	Mean reward done: 4.265993595123291
Step: 5799936	Mean reward: 22.96875, 	Mean reward done: 4.096877574920654
Step: 5808128	Mean reward: 23.125, 	Mean reward done: 3.210292339324951
Step: 5816320	Mean reward: 23.1875, 	Mean reward done: 4.057676792144775
Step: 5824512	Mean reward: 24.375, 	Mean reward done: 4.11208438873291
Step: 5832704	Mean reward: 23.78125, 	Mean reward done: 4.034231185913086
Step: 5840896	Mean reward: 24.28125, 	Mean reward done: 4.2141242027282715
Step: 5849088	Mean reward: 22.71875, 	Mean reward done: 3.584003448486328
Step: 5857280	Mean reward: 25.28125, 	Mean reward done: 4.354320049285889
Step: 5865472	Mean reward: 25.25, 	Mean reward done: 4.148126125335693
Step: 5873664	Mean reward: 23.1875, 	Mean reward done: 3.798403739929199
Step: 5881856	Mean reward: 24.25, 	Mean reward done: 4.002530574798584
Step: 5890048	Mean reward: 21.6875, 	Mean reward done: 3.2565526962280273
Step: 5898240	Mean reward: 21.8125, 	Mean reward done: 3.552157163619995
Step: 5906432	Mean reward: 24.34375, 	Mean reward done: 4.192558288574219
Step: 5914624	Mean reward: 23.46875, 	Mean reward done: 3.7481048107147217
Step: 5922816	Mean reward: 22.71875, 	Mean reward done: 3.954747438430786
Step: 5931008	Mean reward: 21.4375, 	Mean reward done: 2.949960470199585
Step: 5939200	Mean reward: 22.3125, 	Mean reward done: 3.9212582111358643
Step: 5947392	Mean reward: 23.21875, 	Mean reward done: 3.7674942016601562
Step: 5955584	Mean reward: 23.1875, 	Mean reward done: 3.66762638092041
Step: 5963776	Mean reward: 22.8125, 	Mean reward done: 3.4628541469573975
Step: 5971968	Mean reward: 23.0, 	Mean reward done: 3.3055591583251953
Step: 5980160	Mean reward: 22.96875, 	Mean reward done: 4.11990213394165
Step: 5988352	Mean reward: 24.1875, 	Mean reward done: 3.9792368412017822
Step: 5996544	Mean reward: 22.46875, 	Mean reward done: 3.9246785640716553
Step: 6004736	Mean reward: 24.875, 	Mean reward done: 4.130046367645264
Step: 6012928	Mean reward: 25.21875, 	Mean reward done: 4.3968610763549805
Step: 6021120	Mean reward: 24.84375, 	Mean reward done: 4.485321998596191
Step: 6029312	Mean reward: 22.53125, 	Mean reward done: 3.8668339252471924
Step: 6037504	Mean reward: 23.53125, 	Mean reward done: 4.255906581878662
Step: 6045696	Mean reward: 24.0625, 	Mean reward done: 4.403632164001465
Step: 6053888	Mean reward: 21.8125, 	Mean reward done: 3.3459572792053223
Step: 6062080	Mean reward: 23.65625, 	Mean reward done: 4.301917552947998
Step: 6070272	Mean reward: 24.3125, 	Mean reward done: 4.007967948913574
Step: 6078464	Mean reward: 22.46875, 	Mean reward done: 3.5018155574798584
Step: 6086656	Mean reward: 23.03125, 	Mean reward done: 3.874067544937134
Step: 6094848	Mean reward: 23.1875, 	Mean reward done: 3.7772133350372314
Step: 6103040	Mean reward: 24.1875, 	Mean reward done: 4.274797439575195
Step: 6111232	Mean reward: 22.625, 	Mean reward done: 4.170540809631348
Step: 6119424	Mean reward: 24.5, 	Mean reward done: 3.9296820163726807
Step: 6127616	Mean reward: 24.90625, 	Mean reward done: 4.654222011566162
Step: 6135808	Mean reward: 24.46875, 	Mean reward done: 3.9377527236938477
Step: 6144000	Mean reward: 23.125, 	Mean reward done: 4.1263837814331055
Step: 6152192	Mean reward: 22.34375, 	Mean reward done: 3.67496395111084
Step: 6160384	Mean reward: 22.15625, 	Mean reward done: 4.2584381103515625
Step: 6168576	Mean reward: 23.9375, 	Mean reward done: 3.7604687213897705
Step: 6176768	Mean reward: 20.53125, 	Mean reward done: 3.3250293731689453
Step: 6184960	Mean reward: 24.4375, 	Mean reward done: 4.501968860626221
Step: 6193152	Mean reward: 25.375, 	Mean reward done: 3.6306071281433105
Step: 6201344	Mean reward: 23.75, 	Mean reward done: 4.501159191131592
Step: 6209536	Mean reward: 22.84375, 	Mean reward done: 3.6305172443389893
Step: 6217728	Mean reward: 23.09375, 	Mean reward done: 3.404174566268921
Step: 6225920	Mean reward: 24.53125, 	Mean reward done: 4.53460693359375
Step: 6234112	Mean reward: 24.84375, 	Mean reward done: 3.933380126953125
Step: 6242304	Mean reward: 24.03125, 	Mean reward done: 4.295105457305908
Step: 6250496	Mean reward: 24.375, 	Mean reward done: 3.834444761276245
Step: 6258688	Mean reward: 21.625, 	Mean reward done: 3.5361950397491455
Step: 6266880	Mean reward: 24.90625, 	Mean reward done: 4.154582500457764
Step: 6275072	Mean reward: 24.6875, 	Mean reward done: 4.541293621063232
Step: 6283264	Mean reward: 24.28125, 	Mean reward done: 4.1797966957092285
Step: 6291456	Mean reward: 21.6875, 	Mean reward done: 3.1706368923187256
Step: 6299648	Mean reward: 24.125, 	Mean reward done: 4.387552261352539
Step: 6307840	Mean reward: 23.5, 	Mean reward done: 3.7049245834350586
Step: 6316032	Mean reward: 23.65625, 	Mean reward done: 4.359302043914795
Step: 6324224	Mean reward: 23.3125, 	Mean reward done: 3.997897148132324
Step: 6332416	Mean reward: 23.78125, 	Mean reward done: 3.8756954669952393
Step: 6340608	Mean reward: 25.21875, 	Mean reward done: 4.111024856567383
Step: 6348800	Mean reward: 25.25, 	Mean reward done: 4.443277359008789
Step: 6356992	Mean reward: 23.75, 	Mean reward done: 4.070468902587891
Step: 6365184	Mean reward: 23.3125, 	Mean reward done: 3.206575870513916
Step: 6373376	Mean reward: 24.34375, 	Mean reward done: 4.142125129699707
Step: 6381568	Mean reward: 22.21875, 	Mean reward done: 3.712599992752075
Step: 6389760	Mean reward: 23.875, 	Mean reward done: 3.8625879287719727
Step: 6397952	Mean reward: 23.65625, 	Mean reward done: 4.149935245513916
Step: 6406144	Mean reward: 24.96875, 	Mean reward done: 3.9286742210388184
Step: 6414336	Mean reward: 25.75, 	Mean reward done: 4.188567161560059
Step: 6422528	Mean reward: 23.84375, 	Mean reward done: 3.7757091522216797
Step: 6430720	Mean reward: 24.96875, 	Mean reward done: 4.307216644287109
Step: 6438912	Mean reward: 23.15625, 	Mean reward done: 3.9579946994781494
Step: 6447104	Mean reward: 24.25, 	Mean reward done: 4.1819329261779785
Step: 6455296	Mean reward: 25.28125, 	Mean reward done: 4.498557090759277
Step: 6463488	Mean reward: 24.90625, 	Mean reward done: 4.136034965515137
Step: 6471680	Mean reward: 23.59375, 	Mean reward done: 3.832650661468506
Step: 6479872	Mean reward: 24.875, 	Mean reward done: 4.489610195159912
Step: 6488064	Mean reward: 24.84375, 	Mean reward done: 3.919529438018799
Step: 6496256	Mean reward: 23.25, 	Mean reward done: 3.8504767417907715
Step: 6504448	Mean reward: 23.53125, 	Mean reward done: 3.7943718433380127
Step: 6512640	Mean reward: 22.90625, 	Mean reward done: 3.7812232971191406
Step: 6520832	Mean reward: 23.71875, 	Mean reward done: 3.993684768676758
Step: 6529024	Mean reward: 23.3125, 	Mean reward done: 3.8952507972717285
Step: 6537216	Mean reward: 23.75, 	Mean reward done: 3.7509636878967285
Step: 6545408	Mean reward: 23.09375, 	Mean reward done: 4.011845111846924
Step: 6553600	Mean reward: 24.78125, 	Mean reward done: 3.9269754886627197
Step: 6561792	Mean reward: 21.5, 	Mean reward done: 3.597254753112793
Step: 6569984	Mean reward: 23.40625, 	Mean reward done: 3.7510337829589844
Step: 6578176	Mean reward: 22.46875, 	Mean reward done: 3.617687702178955
Step: 6586368	Mean reward: 23.75, 	Mean reward done: 4.021790504455566
Step: 6594560	Mean reward: 24.90625, 	Mean reward done: 4.175081729888916
Step: 6602752	Mean reward: 23.375, 	Mean reward done: 3.8425259590148926
Step: 6610944	Mean reward: 23.0, 	Mean reward done: 3.6294405460357666
Step: 6619136	Mean reward: 24.90625, 	Mean reward done: 3.7701668739318848
Step: 6627328	Mean reward: 23.15625, 	Mean reward done: 4.025382995605469
Step: 6635520	Mean reward: 24.125, 	Mean reward done: 3.6500635147094727
Step: 6643712	Mean reward: 23.21875, 	Mean reward done: 3.948770046234131
Step: 6651904	Mean reward: 22.90625, 	Mean reward done: 3.590663194656372
Step: 6660096	Mean reward: 22.78125, 	Mean reward done: 3.6129374504089355
Step: 6668288	Mean reward: 23.15625, 	Mean reward done: 3.674372434616089
Step: 6676480	Mean reward: 23.9375, 	Mean reward done: 4.432495594024658
Step: 6684672	Mean reward: 23.75, 	Mean reward done: 3.4759833812713623
Step: 6692864	Mean reward: 22.75, 	Mean reward done: 4.098067283630371
Step: 6701056	Mean reward: 23.875, 	Mean reward done: 3.853865623474121
Step: 6709248	Mean reward: 24.90625, 	Mean reward done: 4.219064235687256
Step: 6717440	Mean reward: 25.40625, 	Mean reward done: 3.997377634048462
Step: 6725632	Mean reward: 23.96875, 	Mean reward done: 3.858370780944824
Step: 6733824	Mean reward: 22.375, 	Mean reward done: 3.4169063568115234
Step: 6742016	Mean reward: 24.1875, 	Mean reward done: 4.208010196685791
Step: 6750208	Mean reward: 23.65625, 	Mean reward done: 3.7231943607330322
Step: 6758400	Mean reward: 23.34375, 	Mean reward done: 3.5846121311187744
Step: 6766592	Mean reward: 25.5, 	Mean reward done: 4.424267768859863
Step: 6774784	Mean reward: 24.15625, 	Mean reward done: 4.078973293304443
Step: 6782976	Mean reward: 24.15625, 	Mean reward done: 4.257909297943115
Step: 6791168	Mean reward: 22.8125, 	Mean reward done: 3.4846839904785156
Step: 6799360	Mean reward: 24.1875, 	Mean reward done: 3.90553879737854
Step: 6807552	Mean reward: 22.6875, 	Mean reward done: 3.81864333152771
Step: 6815744	Mean reward: 24.25, 	Mean reward done: 4.040048122406006
Step: 6823936	Mean reward: 21.625, 	Mean reward done: 2.7858784198760986
Step: 6832128	Mean reward: 22.0625, 	Mean reward done: 3.6151316165924072
Step: 6840320	Mean reward: 23.5625, 	Mean reward done: 3.449861526489258
Step: 6848512	Mean reward: 22.6875, 	Mean reward done: 4.186985015869141
Step: 6856704	Mean reward: 21.3125, 	Mean reward done: 3.390759229660034
Step: 6864896	Mean reward: 20.53125, 	Mean reward done: 2.8026275634765625
Step: 6873088	Mean reward: 22.9375, 	Mean reward done: 4.60507869720459
Step: 6881280	Mean reward: 21.65625, 	Mean reward done: 3.4002628326416016
Step: 6889472	Mean reward: 21.875, 	Mean reward done: 3.367990016937256
Step: 6897664	Mean reward: 22.65625, 	Mean reward done: 3.5713493824005127
Step: 6905856	Mean reward: 22.1875, 	Mean reward done: 3.4708034992218018
Step: 6914048	Mean reward: 23.8125, 	Mean reward done: 3.27839994430542
Step: 6922240	Mean reward: 22.28125, 	Mean reward done: 3.239091157913208
Step: 6930432	Mean reward: 21.4375, 	Mean reward done: 3.700984477996826
Step: 6938624	Mean reward: 24.21875, 	Mean reward done: 3.902320146560669
Step: 6946816	Mean reward: 23.875, 	Mean reward done: 3.7265758514404297
Step: 6955008	Mean reward: 21.78125, 	Mean reward done: 3.1530251502990723
Step: 6963200	Mean reward: 24.375, 	Mean reward done: 4.072854042053223
Step: 6971392	Mean reward: 22.84375, 	Mean reward done: 3.6059162616729736
Step: 6979584	Mean reward: 24.65625, 	Mean reward done: 4.357880115509033
Step: 6987776	Mean reward: 23.28125, 	Mean reward done: 3.3788576126098633
Step: 6995968	Mean reward: 23.46875, 	Mean reward done: 4.0630202293396
Step: 7004160	Mean reward: 25.0625, 	Mean reward done: 3.966438055038452
Step: 7012352	Mean reward: 21.71875, 	Mean reward done: 3.399287700653076
Step: 7020544	Mean reward: 22.28125, 	Mean reward done: 3.4898271560668945
Step: 7028736	Mean reward: 22.875, 	Mean reward done: 4.020059585571289
Step: 7036928	Mean reward: 23.875, 	Mean reward done: 3.7829041481018066
Step: 7045120	Mean reward: 22.375, 	Mean reward done: 3.1785483360290527
Step: 7053312	Mean reward: 24.21875, 	Mean reward done: 4.35580587387085
Step: 7061504	Mean reward: 23.125, 	Mean reward done: 3.9694979190826416
Step: 7069696	Mean reward: 24.03125, 	Mean reward done: 3.925919771194458
Step: 7077888	Mean reward: 22.375, 	Mean reward done: 3.9381296634674072
Step: 7086080	Mean reward: 23.09375, 	Mean reward done: 3.4815874099731445
Step: 7094272	Mean reward: 23.96875, 	Mean reward done: 4.250340461730957
Step: 7102464	Mean reward: 23.4375, 	Mean reward done: 3.5958521366119385
Step: 7110656	Mean reward: 23.65625, 	Mean reward done: 4.229311466217041
Step: 7118848	Mean reward: 23.09375, 	Mean reward done: 3.920119047164917
Step: 7127040	Mean reward: 23.84375, 	Mean reward done: 3.4360833168029785
Step: 7135232	Mean reward: 22.75, 	Mean reward done: 3.9043631553649902
Step: 7143424	Mean reward: 23.59375, 	Mean reward done: 3.6955604553222656
Step: 7151616	Mean reward: 22.875, 	Mean reward done: 4.178869724273682
Step: 7159808	Mean reward: 23.78125, 	Mean reward done: 3.56264591217041
Step: 7168000	Mean reward: 22.84375, 	Mean reward done: 3.7622907161712646
Step: 7176192	Mean reward: 22.5, 	Mean reward done: 3.5439975261688232
Step: 7184384	Mean reward: 23.3125, 	Mean reward done: 3.5841965675354004
Step: 7192576	Mean reward: 22.71875, 	Mean reward done: 3.782639265060425
Step: 7200768	Mean reward: 22.8125, 	Mean reward done: 3.970094919204712
Step: 7208960	Mean reward: 24.15625, 	Mean reward done: 3.9626882076263428
Step: 7217152	Mean reward: 23.65625, 	Mean reward done: 4.113489151000977
Step: 7225344	Mean reward: 22.6875, 	Mean reward done: 4.232604503631592
Step: 7233536	Mean reward: 23.84375, 	Mean reward done: 3.8698668479919434
Step: 7241728	Mean reward: 23.375, 	Mean reward done: 3.6820485591888428
Step: 7249920	Mean reward: 22.625, 	Mean reward done: 4.039900779724121
Step: 7258112	Mean reward: 23.8125, 	Mean reward done: 3.6077780723571777
Step: 7266304	Mean reward: 24.21875, 	Mean reward done: 3.973817825317383
Step: 7274496	Mean reward: 23.25, 	Mean reward done: 3.3210809230804443
Step: 7282688	Mean reward: 22.59375, 	Mean reward done: 3.941303253173828
Step: 7290880	Mean reward: 22.78125, 	Mean reward done: 3.474971055984497
Step: 7299072	Mean reward: 23.40625, 	Mean reward done: 3.783018112182617
Step: 7307264	Mean reward: 24.40625, 	Mean reward done: 3.749181032180786
Step: 7315456	Mean reward: 22.25, 	Mean reward done: 3.6585638523101807
Step: 7323648	Mean reward: 24.03125, 	Mean reward done: 3.9927332401275635
Step: 7331840	Mean reward: 24.25, 	Mean reward done: 4.61353874206543
Step: 7340032	Mean reward: 23.65625, 	Mean reward done: 3.9012575149536133
Step: 7348224	Mean reward: 24.625, 	Mean reward done: 4.042272090911865
Step: 7356416	Mean reward: 23.125, 	Mean reward done: 3.9223480224609375
Step: 7364608	Mean reward: 23.0, 	Mean reward done: 3.5713376998901367
Step: 7372800	Mean reward: 24.625, 	Mean reward done: 4.497915267944336
Step: 7380992	Mean reward: 23.21875, 	Mean reward done: 3.627317428588867
Step: 7389184	Mean reward: 24.28125, 	Mean reward done: 4.501109600067139
Step: 7397376	Mean reward: 22.78125, 	Mean reward done: 3.728976011276245
Step: 7405568	Mean reward: 23.09375, 	Mean reward done: 3.8325343132019043
Step: 7413760	Mean reward: 22.96875, 	Mean reward done: 3.2517647743225098
Step: 7421952	Mean reward: 22.84375, 	Mean reward done: 3.5673720836639404
Step: 7430144	Mean reward: 24.15625, 	Mean reward done: 4.194559097290039
Step: 7438336	Mean reward: 23.75, 	Mean reward done: 3.7160542011260986
Step: 7446528	Mean reward: 24.0625, 	Mean reward done: 4.489985942840576
Step: 7454720	Mean reward: 24.65625, 	Mean reward done: 3.910479784011841
Step: 7462912	Mean reward: 24.375, 	Mean reward done: 3.6123740673065186
Step: 7471104	Mean reward: 24.1875, 	Mean reward done: 4.052332401275635
Step: 7479296	Mean reward: 24.46875, 	Mean reward done: 4.211001396179199
Step: 7487488	Mean reward: 23.625, 	Mean reward done: 3.5163509845733643
Step: 7495680	Mean reward: 21.625, 	Mean reward done: 3.5279862880706787
Step: 7503872	Mean reward: 26.03125, 	Mean reward done: 3.913822650909424
Step: 7512064	Mean reward: 23.6875, 	Mean reward done: 3.881476402282715
Step: 7520256	Mean reward: 22.53125, 	Mean reward done: 3.2681167125701904
Step: 7528448	Mean reward: 22.875, 	Mean reward done: 3.7579116821289062
Step: 7536640	Mean reward: 24.5625, 	Mean reward done: 4.085355281829834
Step: 7544832	Mean reward: 23.96875, 	Mean reward done: 4.639156818389893
Step: 7553024	Mean reward: 23.375, 	Mean reward done: 3.536173105239868
Step: 7561216	Mean reward: 22.96875, 	Mean reward done: 3.6050119400024414
Step: 7569408	Mean reward: 20.40625, 	Mean reward done: 2.7117271423339844
Step: 7577600	Mean reward: 21.75, 	Mean reward done: 3.377117156982422
Step: 7585792	Mean reward: 23.5625, 	Mean reward done: 3.4737942218780518
Step: 7593984	Mean reward: 25.84375, 	Mean reward done: 4.247868061065674
Step: 7602176	Mean reward: 22.71875, 	Mean reward done: 3.6969122886657715
Step: 7610368	Mean reward: 23.4375, 	Mean reward done: 3.749265670776367
Step: 7618560	Mean reward: 22.34375, 	Mean reward done: 3.5432770252227783
Step: 7626752	Mean reward: 24.1875, 	Mean reward done: 3.9136719703674316
Step: 7634944	Mean reward: 22.15625, 	Mean reward done: 3.4433228969573975
Step: 7643136	Mean reward: 23.1875, 	Mean reward done: 4.280928134918213
Step: 7651328	Mean reward: 23.84375, 	Mean reward done: 3.4123597145080566
Step: 7659520	Mean reward: 23.0, 	Mean reward done: 3.8462440967559814
Step: 7667712	Mean reward: 21.5, 	Mean reward done: 3.0211639404296875
Step: 7675904	Mean reward: 24.90625, 	Mean reward done: 3.5745487213134766
Step: 7684096	Mean reward: 22.875, 	Mean reward done: 3.4133224487304688
Step: 7692288	Mean reward: 23.21875, 	Mean reward done: 3.3912289142608643
Step: 7700480	Mean reward: 22.875, 	Mean reward done: 3.1524627208709717
Step: 7708672	Mean reward: 22.65625, 	Mean reward done: 3.972198247909546
Step: 7716864	Mean reward: 24.28125, 	Mean reward done: 3.608562707901001
Step: 7725056	Mean reward: 23.71875, 	Mean reward done: 4.07651948928833
Step: 7733248	Mean reward: 22.90625, 	Mean reward done: 3.3674464225769043
Step: 7741440	Mean reward: 23.6875, 	Mean reward done: 3.2402758598327637
Step: 7749632	Mean reward: 21.875, 	Mean reward done: 3.7595126628875732
Step: 7757824	Mean reward: 22.375, 	Mean reward done: 3.425352096557617
Step: 7766016	Mean reward: 23.09375, 	Mean reward done: 4.027582168579102
Step: 7774208	Mean reward: 24.59375, 	Mean reward done: 3.644747734069824
Step: 7782400	Mean reward: 24.0, 	Mean reward done: 4.257611274719238
Step: 7790592	Mean reward: 23.09375, 	Mean reward done: 4.032115459442139
Step: 7798784	Mean reward: 24.40625, 	Mean reward done: 3.571359872817993
Step: 7806976	Mean reward: 24.34375, 	Mean reward done: 3.6724300384521484
Step: 7815168	Mean reward: 23.5625, 	Mean reward done: 3.759305000305176
Step: 7823360	Mean reward: 22.5625, 	Mean reward done: 3.7612109184265137
Step: 7831552	Mean reward: 23.4375, 	Mean reward done: 3.618218421936035
Step: 7839744	Mean reward: 24.46875, 	Mean reward done: 3.962425470352173
Step: 7847936	Mean reward: 23.75, 	Mean reward done: 4.0026679039001465
Step: 7856128	Mean reward: 25.03125, 	Mean reward done: 3.723323106765747
Step: 7864320	Mean reward: 23.78125, 	Mean reward done: 3.626352071762085
Step: 7872512	Mean reward: 24.71875, 	Mean reward done: 4.442887783050537
Step: 7880704	Mean reward: 25.96875, 	Mean reward done: 3.862675666809082
Step: 7888896	Mean reward: 22.90625, 	Mean reward done: 3.7380454540252686
Step: 7897088	Mean reward: 23.875, 	Mean reward done: 4.2096333503723145
Step: 7905280	Mean reward: 23.96875, 	Mean reward done: 3.758129596710205
Step: 7913472	Mean reward: 24.4375, 	Mean reward done: 3.7867813110351562
Step: 7921664	Mean reward: 22.1875, 	Mean reward done: 3.6442627906799316
Step: 7929856	Mean reward: 23.125, 	Mean reward done: 3.690948963165283
Step: 7938048	Mean reward: 23.15625, 	Mean reward done: 3.743976593017578
Step: 7946240	Mean reward: 24.96875, 	Mean reward done: 4.147024154663086
Step: 7954432	Mean reward: 23.71875, 	Mean reward done: 3.307245969772339
Step: 7962624	Mean reward: 24.28125, 	Mean reward done: 4.353363990783691
Step: 7970816	Mean reward: 23.59375, 	Mean reward done: 3.794538974761963
Step: 7979008	Mean reward: 22.4375, 	Mean reward done: 3.999523639678955
Step: 7987200	Mean reward: 23.5625, 	Mean reward done: 3.8986361026763916
Step: 7995392	Mean reward: 24.71875, 	Mean reward done: 3.9724040031433105
Step: 8003584	Mean reward: 22.4375, 	Mean reward done: 2.9508821964263916
Completed training of sd_i_rc_sp!

------------------------------------------------------------
Sender: LSF System <lsfadmin@n-62-20-14>
Subject: Job 8473434: <sd_i_rc_sp> in cluster <dcc> Done

Job <sd_i_rc_sp> was submitted from host <n-62-30-4> by user <s192288> in cluster <dcc> at Thu Dec  3 20:26:37 2020
Job was executed on host(s) <n-62-20-14>, in queue <gpuv100>, as user <s192288> in cluster <dcc> at Thu Dec  3 20:26:38 2020
</zhome/09/9/144141> was used as the home directory.
</zhome/09/9/144141/Desktop/Deep_l_hpc> was used as the working directory.
Started at Thu Dec  3 20:26:38 2020
Terminated at Fri Dec  4 01:35:54 2020
Results reported at Fri Dec  4 01:35:54 2020

Your job looked like:

------------------------------------------------------------
# LSBATCH: User input
#!/bin/sh

#BSUB -J sd_i_rc_sp

#BSUB -q gpuv100

#BSUB -gpu "num=1"

#BSUB -n 1

#BSUB -W 23:45

#BSUB -R "rusage[mem=16GB]"

#BSUB -o sd_i_rc_sp.out

#BSUB -e sd_i_rc_sp.err

# Load modules

module load python3/3.8.2
module load cuda/8.0
module load cudnn/v7.0-prod-cuda8
module load ffmpeg/4.2.2
pip3 install --user torch matplotlib procgen gym 

# 1 = model_name, 2 = encoder_index, 3 = aug_index, 4 = mix_reg, 5 = game
#the name of the run
#encoder_index 0 = Impala, 1 = Nature  
#aug_index: 0 = None, 1 = grayscale, 2 = random_cutout, 3 = color_jitter
#mixreg: 0 = False, 1 = True 
#type of game

python3 train_ppo.py sd_i_rc_sp 0 2 0 starpilot 



------------------------------------------------------------

Successfully completed.

Resource usage summary:

    CPU time :                                   18434.46 sec.
    Max Memory :                                 9090 MB
    Average Memory :                             9029.77 MB
    Total Requested Memory :                     16384.00 MB
    Delta Memory :                               7294.00 MB
    Max Swap :                                   -
    Max Processes :                              4
    Max Threads :                                13
    Run time :                                   18568 sec.
    Turnaround time :                            18557 sec.

The output (if any) is above this job summary.



PS:

Read file <sd_i_rc_sp.err> for stderr output of this job.

