Requirement already satisfied: torch in /zhome/09/9/144141/.local/lib/python3.8/site-packages (1.7.0)
Requirement already satisfied: matplotlib in /zhome/09/9/144141/.local/lib/python3.8/site-packages (3.3.3)
Requirement already satisfied: procgen in /zhome/09/9/144141/.local/lib/python3.8/site-packages (0.10.4)
Requirement already satisfied: gym in /zhome/09/9/144141/.local/lib/python3.8/site-packages (0.17.3)
Requirement already satisfied: numpy in /zhome/09/9/144141/.local/lib/python3.8/site-packages (from torch) (1.19.4)
Requirement already satisfied: future in /zhome/09/9/144141/.local/lib/python3.8/site-packages (from torch) (0.18.2)
Requirement already satisfied: dataclasses in /zhome/09/9/144141/.local/lib/python3.8/site-packages (from torch) (0.6)
Requirement already satisfied: typing-extensions in /zhome/09/9/144141/.local/lib/python3.8/site-packages (from torch) (3.7.4.3)
Requirement already satisfied: kiwisolver>=1.0.1 in /zhome/09/9/144141/.local/lib/python3.8/site-packages (from matplotlib) (1.3.1)
Requirement already satisfied: cycler>=0.10 in /zhome/09/9/144141/.local/lib/python3.8/site-packages (from matplotlib) (0.10.0)
Requirement already satisfied: python-dateutil>=2.1 in /zhome/09/9/144141/.local/lib/python3.8/site-packages (from matplotlib) (2.8.1)
Requirement already satisfied: pyparsing!=2.0.4,!=2.1.2,!=2.1.6,>=2.0.3 in /zhome/09/9/144141/.local/lib/python3.8/site-packages (from matplotlib) (2.4.7)
Requirement already satisfied: pillow>=6.2.0 in /zhome/09/9/144141/.local/lib/python3.8/site-packages (from matplotlib) (8.0.1)
Requirement already satisfied: gym3<1.0.0,>=0.3.3 in /zhome/09/9/144141/.local/lib/python3.8/site-packages (from procgen) (0.3.3)
Requirement already satisfied: filelock<4.0.0,>=3.0.0 in /zhome/09/9/144141/.local/lib/python3.8/site-packages (from procgen) (3.0.12)
Requirement already satisfied: scipy in /zhome/09/9/144141/.local/lib/python3.8/site-packages (from gym) (1.5.4)
Requirement already satisfied: pyglet<=1.5.0,>=1.4.0 in /zhome/09/9/144141/.local/lib/python3.8/site-packages (from gym) (1.5.0)
Requirement already satisfied: cloudpickle<1.7.0,>=1.2.0 in /zhome/09/9/144141/.local/lib/python3.8/site-packages (from gym) (1.6.0)
Requirement already satisfied: six in /zhome/09/9/144141/.local/lib/python3.8/site-packages (from cycler>=0.10->matplotlib) (1.15.0)
Requirement already satisfied: cffi<2.0.0,>=1.13.0 in /zhome/09/9/144141/.local/lib/python3.8/site-packages (from gym3<1.0.0,>=0.3.3->procgen) (1.14.4)
Requirement already satisfied: imageio<3.0.0,>=2.6.0 in /zhome/09/9/144141/.local/lib/python3.8/site-packages (from gym3<1.0.0,>=0.3.3->procgen) (2.9.0)
Requirement already satisfied: imageio-ffmpeg<0.4.0,>=0.3.0 in /zhome/09/9/144141/.local/lib/python3.8/site-packages (from gym3<1.0.0,>=0.3.3->procgen) (0.3.0)
Requirement already satisfied: moderngl<6.0.0,>=5.5.4 in /zhome/09/9/144141/.local/lib/python3.8/site-packages (from gym3<1.0.0,>=0.3.3->procgen) (5.6.2)
Requirement already satisfied: glfw<2.0.0,>=1.8.6 in /zhome/09/9/144141/.local/lib/python3.8/site-packages (from gym3<1.0.0,>=0.3.3->procgen) (1.12.0)
Requirement already satisfied: pycparser in /zhome/09/9/144141/.local/lib/python3.8/site-packages (from cffi<2.0.0,>=1.13.0->gym3<1.0.0,>=0.3.3->procgen) (2.20)
Requirement already satisfied: glcontext<3,>=2 in /zhome/09/9/144141/.local/lib/python3.8/site-packages (from moderngl<6.0.0,>=5.5.4->gym3<1.0.0,>=0.3.3->procgen) (2.2.0)
Run name sd_i_mx_sp
Encoder used Impala
Augumentation used none
Mixreg? True
Game starpilot
Observation space: Box(0.0, 1.0, (3, 64, 64), float32)
Action space: 15
Beware of the Impala!
Step: 8192	Mean reward: 5.21875, 	Mean reward done: 2.3830788135528564
Estimated time of completion: 26.426448409135144 hours
Step: 16384	Mean reward: 5.25, 	Mean reward done: 1.1977745294570923
Step: 24576	Mean reward: 5.25, 	Mean reward done: 1.2670764923095703
Step: 32768	Mean reward: 7.0, 	Mean reward done: 1.6536849737167358
Step: 40960	Mean reward: 6.8125, 	Mean reward done: 1.4710577726364136
Step: 49152	Mean reward: 7.71875, 	Mean reward done: 1.7638429403305054
Step: 57344	Mean reward: 5.78125, 	Mean reward done: 1.1133551597595215
Step: 65536	Mean reward: 7.90625, 	Mean reward done: 1.777634620666504
Step: 73728	Mean reward: 7.21875, 	Mean reward done: 1.6744989156723022
Step: 81920	Mean reward: 7.3125, 	Mean reward done: 1.5068708658218384
Step: 90112	Mean reward: 8.28125, 	Mean reward done: 1.8954484462738037
Step: 98304	Mean reward: 7.15625, 	Mean reward done: 1.5717138051986694
Step: 106496	Mean reward: 8.1875, 	Mean reward done: 1.6158068180084229
Step: 114688	Mean reward: 6.875, 	Mean reward done: 1.5519561767578125
Step: 122880	Mean reward: 7.46875, 	Mean reward done: 1.4752297401428223
Step: 131072	Mean reward: 7.625, 	Mean reward done: 1.5996980667114258
Step: 139264	Mean reward: 7.75, 	Mean reward done: 1.6371955871582031
Step: 147456	Mean reward: 7.59375, 	Mean reward done: 1.5968471765518188
Step: 155648	Mean reward: 9.0, 	Mean reward done: 1.9653348922729492
Step: 163840	Mean reward: 9.0, 	Mean reward done: 1.8090755939483643
Step: 172032	Mean reward: 9.40625, 	Mean reward done: 2.0007035732269287
Step: 180224	Mean reward: 8.65625, 	Mean reward done: 1.638615369796753
Step: 188416	Mean reward: 10.4375, 	Mean reward done: 2.274977684020996
Step: 196608	Mean reward: 10.46875, 	Mean reward done: 2.2695937156677246
Step: 204800	Mean reward: 10.59375, 	Mean reward done: 2.146684408187866
Step: 212992	Mean reward: 9.5, 	Mean reward done: 1.8418582677841187
Step: 221184	Mean reward: 12.25, 	Mean reward done: 2.6286938190460205
Step: 229376	Mean reward: 10.40625, 	Mean reward done: 2.213836193084717
Step: 237568	Mean reward: 9.8125, 	Mean reward done: 1.8371607065200806
Step: 245760	Mean reward: 10.875, 	Mean reward done: 2.398777484893799
Step: 253952	Mean reward: 9.84375, 	Mean reward done: 1.8850796222686768
Step: 262144	Mean reward: 11.25, 	Mean reward done: 2.1359710693359375
Step: 270336	Mean reward: 10.625, 	Mean reward done: 2.059465169906616
Step: 278528	Mean reward: 11.53125, 	Mean reward done: 2.2710018157958984
Step: 286720	Mean reward: 10.625, 	Mean reward done: 1.939046859741211
Step: 294912	Mean reward: 12.71875, 	Mean reward done: 2.352832317352295
Step: 303104	Mean reward: 11.28125, 	Mean reward done: 2.1439476013183594
Step: 311296	Mean reward: 11.4375, 	Mean reward done: 2.0495364665985107
Step: 319488	Mean reward: 11.0, 	Mean reward done: 1.8832807540893555
Step: 327680	Mean reward: 12.78125, 	Mean reward done: 2.3115806579589844
Step: 335872	Mean reward: 11.21875, 	Mean reward done: 2.0500857830047607
Step: 344064	Mean reward: 11.8125, 	Mean reward done: 2.098562479019165
Step: 352256	Mean reward: 12.625, 	Mean reward done: 2.2670493125915527
Step: 360448	Mean reward: 12.125, 	Mean reward done: 2.192962408065796
Step: 368640	Mean reward: 14.28125, 	Mean reward done: 2.9058496952056885
Step: 376832	Mean reward: 13.84375, 	Mean reward done: 2.5663373470306396
Step: 385024	Mean reward: 14.1875, 	Mean reward done: 2.665837287902832
Step: 393216	Mean reward: 14.0, 	Mean reward done: 2.831885814666748
Step: 401408	Mean reward: 12.40625, 	Mean reward done: 2.1086630821228027
Step: 409600	Mean reward: 13.375, 	Mean reward done: 2.536105155944824
Step: 417792	Mean reward: 15.375, 	Mean reward done: 2.8771770000457764
Step: 425984	Mean reward: 14.125, 	Mean reward done: 2.644641637802124
Step: 434176	Mean reward: 15.84375, 	Mean reward done: 2.9710137844085693
Step: 442368	Mean reward: 14.21875, 	Mean reward done: 2.5960848331451416
Step: 450560	Mean reward: 14.6875, 	Mean reward done: 2.8707382678985596
Step: 458752	Mean reward: 13.84375, 	Mean reward done: 2.5101664066314697
Step: 466944	Mean reward: 14.09375, 	Mean reward done: 2.419086217880249
Step: 475136	Mean reward: 13.09375, 	Mean reward done: 2.1579642295837402
Step: 483328	Mean reward: 15.65625, 	Mean reward done: 2.898515224456787
Step: 491520	Mean reward: 14.46875, 	Mean reward done: 2.5556247234344482
Step: 499712	Mean reward: 13.875, 	Mean reward done: 2.3464322090148926
Step: 507904	Mean reward: 15.65625, 	Mean reward done: 2.72678542137146
Step: 516096	Mean reward: 14.03125, 	Mean reward done: 2.4530882835388184
Step: 524288	Mean reward: 14.15625, 	Mean reward done: 2.5067508220672607
Step: 532480	Mean reward: 15.40625, 	Mean reward done: 2.962172746658325
Step: 540672	Mean reward: 13.96875, 	Mean reward done: 2.2335333824157715
Step: 548864	Mean reward: 14.03125, 	Mean reward done: 2.495781421661377
Step: 557056	Mean reward: 14.34375, 	Mean reward done: 2.501906156539917
Step: 565248	Mean reward: 15.09375, 	Mean reward done: 2.738827705383301
Step: 573440	Mean reward: 15.71875, 	Mean reward done: 2.609001874923706
Step: 581632	Mean reward: 15.5625, 	Mean reward done: 2.9260241985321045
Step: 589824	Mean reward: 14.90625, 	Mean reward done: 2.748659133911133
Step: 598016	Mean reward: 15.9375, 	Mean reward done: 2.9194538593292236
Step: 606208	Mean reward: 13.78125, 	Mean reward done: 2.372009754180908
Step: 614400	Mean reward: 16.59375, 	Mean reward done: 3.094290018081665
Step: 622592	Mean reward: 17.1875, 	Mean reward done: 3.3194525241851807
Step: 630784	Mean reward: 17.28125, 	Mean reward done: 3.460423707962036
Step: 638976	Mean reward: 15.625, 	Mean reward done: 2.842308759689331
Step: 647168	Mean reward: 16.03125, 	Mean reward done: 2.736220121383667
Step: 655360	Mean reward: 16.0, 	Mean reward done: 2.788789749145508
Step: 663552	Mean reward: 15.28125, 	Mean reward done: 2.9586374759674072
Step: 671744	Mean reward: 18.21875, 	Mean reward done: 3.0532655715942383
Step: 679936	Mean reward: 14.96875, 	Mean reward done: 2.484156370162964
Step: 688128	Mean reward: 16.65625, 	Mean reward done: 2.890923261642456
Step: 696320	Mean reward: 17.0, 	Mean reward done: 3.0944392681121826
Step: 704512	Mean reward: 16.53125, 	Mean reward done: 3.349268913269043
Step: 712704	Mean reward: 16.875, 	Mean reward done: 2.632049560546875
Step: 720896	Mean reward: 16.25, 	Mean reward done: 2.957113265991211
Step: 729088	Mean reward: 17.03125, 	Mean reward done: 2.896343469619751
Step: 737280	Mean reward: 16.625, 	Mean reward done: 2.639328718185425
Step: 745472	Mean reward: 18.59375, 	Mean reward done: 3.574632167816162
Step: 753664	Mean reward: 17.0625, 	Mean reward done: 3.0040860176086426
Step: 761856	Mean reward: 18.625, 	Mean reward done: 3.217700719833374
Step: 770048	Mean reward: 16.875, 	Mean reward done: 3.3341567516326904
Step: 778240	Mean reward: 17.46875, 	Mean reward done: 2.7416634559631348
Step: 786432	Mean reward: 18.21875, 	Mean reward done: 3.1776387691497803
Step: 794624	Mean reward: 19.625, 	Mean reward done: 4.203583717346191
Step: 802816	Mean reward: 19.78125, 	Mean reward done: 3.6339707374572754
Step: 811008	Mean reward: 19.53125, 	Mean reward done: 3.644411325454712
Step: 819200	Mean reward: 18.3125, 	Mean reward done: 3.4099466800689697
Step: 827392	Mean reward: 17.0, 	Mean reward done: 2.720168113708496
Step: 835584	Mean reward: 17.84375, 	Mean reward done: 3.3601033687591553
Step: 843776	Mean reward: 19.9375, 	Mean reward done: 3.801980972290039
Step: 851968	Mean reward: 18.53125, 	Mean reward done: 3.1724486351013184
Step: 860160	Mean reward: 18.125, 	Mean reward done: 3.1808037757873535
Step: 868352	Mean reward: 18.53125, 	Mean reward done: 3.153409481048584
Step: 876544	Mean reward: 18.5625, 	Mean reward done: 3.0619616508483887
Step: 884736	Mean reward: 17.90625, 	Mean reward done: 2.8223655223846436
Step: 892928	Mean reward: 17.84375, 	Mean reward done: 3.1574435234069824
Step: 901120	Mean reward: 18.03125, 	Mean reward done: 2.7908718585968018
Step: 909312	Mean reward: 17.4375, 	Mean reward done: 2.832477569580078
Step: 917504	Mean reward: 16.96875, 	Mean reward done: 2.786489486694336
Step: 925696	Mean reward: 16.71875, 	Mean reward done: 2.3217568397521973
Step: 933888	Mean reward: 18.34375, 	Mean reward done: 3.0995564460754395
Step: 942080	Mean reward: 19.03125, 	Mean reward done: 3.0169425010681152
Step: 950272	Mean reward: 17.96875, 	Mean reward done: 2.5627026557922363
Step: 958464	Mean reward: 19.59375, 	Mean reward done: 3.980344295501709
Step: 966656	Mean reward: 20.0, 	Mean reward done: 3.3924596309661865
Step: 974848	Mean reward: 17.8125, 	Mean reward done: 2.7851836681365967
Step: 983040	Mean reward: 19.25, 	Mean reward done: 3.300686836242676
Step: 991232	Mean reward: 19.0625, 	Mean reward done: 3.1635701656341553
Step: 999424	Mean reward: 20.59375, 	Mean reward done: 4.214556694030762
Step: 1007616	Mean reward: 19.21875, 	Mean reward done: 3.0806891918182373
Step: 1015808	Mean reward: 19.03125, 	Mean reward done: 3.021911382675171
Step: 1024000	Mean reward: 20.65625, 	Mean reward done: 3.608445644378662
Step: 1032192	Mean reward: 18.78125, 	Mean reward done: 3.2664406299591064
Step: 1040384	Mean reward: 19.5, 	Mean reward done: 3.4544782638549805
Step: 1048576	Mean reward: 20.6875, 	Mean reward done: 3.8209075927734375
Step: 1056768	Mean reward: 18.03125, 	Mean reward done: 2.6236214637756348
Step: 1064960	Mean reward: 17.875, 	Mean reward done: 2.791335105895996
Step: 1073152	Mean reward: 19.78125, 	Mean reward done: 3.7064452171325684
Step: 1081344	Mean reward: 19.125, 	Mean reward done: 2.951460838317871
Step: 1089536	Mean reward: 17.0625, 	Mean reward done: 2.7684452533721924
Step: 1097728	Mean reward: 18.46875, 	Mean reward done: 3.0553598403930664
Step: 1105920	Mean reward: 19.0625, 	Mean reward done: 3.3832578659057617
Step: 1114112	Mean reward: 19.40625, 	Mean reward done: 3.6136322021484375
Step: 1122304	Mean reward: 19.28125, 	Mean reward done: 3.4167675971984863
Step: 1130496	Mean reward: 19.40625, 	Mean reward done: 3.1314291954040527
Step: 1138688	Mean reward: 19.84375, 	Mean reward done: 3.5810530185699463
Step: 1146880	Mean reward: 18.8125, 	Mean reward done: 3.225334644317627
Step: 1155072	Mean reward: 17.84375, 	Mean reward done: 2.778534412384033
Step: 1163264	Mean reward: 20.59375, 	Mean reward done: 4.383922100067139
Step: 1171456	Mean reward: 17.0, 	Mean reward done: 3.0672616958618164
Step: 1179648	Mean reward: 19.53125, 	Mean reward done: 3.143092393875122
Step: 1187840	Mean reward: 17.96875, 	Mean reward done: 2.8529746532440186
Step: 1196032	Mean reward: 17.875, 	Mean reward done: 3.0915863513946533
Step: 1204224	Mean reward: 17.78125, 	Mean reward done: 2.627410650253296
Step: 1212416	Mean reward: 19.1875, 	Mean reward done: 3.011110544204712
Step: 1220608	Mean reward: 18.90625, 	Mean reward done: 3.2389755249023438
Step: 1228800	Mean reward: 18.40625, 	Mean reward done: 2.798072338104248
Step: 1236992	Mean reward: 17.59375, 	Mean reward done: 2.8747246265411377
Step: 1245184	Mean reward: 18.1875, 	Mean reward done: 2.8666136264801025
Step: 1253376	Mean reward: 20.1875, 	Mean reward done: 3.635449171066284
Step: 1261568	Mean reward: 18.1875, 	Mean reward done: 2.869926929473877
Step: 1269760	Mean reward: 19.09375, 	Mean reward done: 3.074617385864258
Step: 1277952	Mean reward: 18.8125, 	Mean reward done: 3.238541841506958
Step: 1286144	Mean reward: 18.75, 	Mean reward done: 2.6561262607574463
Step: 1294336	Mean reward: 19.3125, 	Mean reward done: 3.654738426208496
Step: 1302528	Mean reward: 20.875, 	Mean reward done: 3.728592872619629
Step: 1310720	Mean reward: 20.03125, 	Mean reward done: 3.65059757232666
Step: 1318912	Mean reward: 19.28125, 	Mean reward done: 3.074279546737671
Step: 1327104	Mean reward: 19.8125, 	Mean reward done: 3.707106590270996
Step: 1335296	Mean reward: 20.59375, 	Mean reward done: 3.4447498321533203
Step: 1343488	Mean reward: 17.96875, 	Mean reward done: 2.747431755065918
Step: 1351680	Mean reward: 17.53125, 	Mean reward done: 2.8203163146972656
Step: 1359872	Mean reward: 19.8125, 	Mean reward done: 3.9328300952911377
Step: 1368064	Mean reward: 19.65625, 	Mean reward done: 3.6050238609313965
Step: 1376256	Mean reward: 19.09375, 	Mean reward done: 3.2014691829681396
Step: 1384448	Mean reward: 19.90625, 	Mean reward done: 4.2217020988464355
Step: 1392640	Mean reward: 18.3125, 	Mean reward done: 3.5924007892608643
Step: 1400832	Mean reward: 19.03125, 	Mean reward done: 3.478301763534546
Step: 1409024	Mean reward: 19.34375, 	Mean reward done: 3.3974924087524414
Step: 1417216	Mean reward: 19.625, 	Mean reward done: 3.719136953353882
Step: 1425408	Mean reward: 20.5625, 	Mean reward done: 3.797189474105835
Step: 1433600	Mean reward: 20.25, 	Mean reward done: 3.8424124717712402
Step: 1441792	Mean reward: 20.875, 	Mean reward done: 3.957547187805176
Step: 1449984	Mean reward: 20.03125, 	Mean reward done: 3.042717456817627
Step: 1458176	Mean reward: 20.375, 	Mean reward done: 3.405346155166626
Step: 1466368	Mean reward: 20.6875, 	Mean reward done: 3.715894937515259
Step: 1474560	Mean reward: 19.71875, 	Mean reward done: 3.4692564010620117
Step: 1482752	Mean reward: 19.59375, 	Mean reward done: 3.669313669204712
Step: 1490944	Mean reward: 19.03125, 	Mean reward done: 3.003300666809082
Step: 1499136	Mean reward: 20.65625, 	Mean reward done: 3.860018253326416
Step: 1507328	Mean reward: 18.71875, 	Mean reward done: 3.204789400100708
Step: 1515520	Mean reward: 19.71875, 	Mean reward done: 3.249746799468994
Step: 1523712	Mean reward: 19.46875, 	Mean reward done: 3.5875473022460938
Step: 1531904	Mean reward: 19.40625, 	Mean reward done: 2.945265531539917
Step: 1540096	Mean reward: 18.15625, 	Mean reward done: 2.727924346923828
Step: 1548288	Mean reward: 20.125, 	Mean reward done: 4.062182426452637
Step: 1556480	Mean reward: 19.125, 	Mean reward done: 2.8590176105499268
Step: 1564672	Mean reward: 19.4375, 	Mean reward done: 3.83150053024292
Step: 1572864	Mean reward: 18.90625, 	Mean reward done: 3.018174409866333
Step: 1581056	Mean reward: 19.5, 	Mean reward done: 2.7476954460144043
Step: 1589248	Mean reward: 20.84375, 	Mean reward done: 3.370875358581543
Step: 1597440	Mean reward: 20.40625, 	Mean reward done: 3.677978754043579
Step: 1605632	Mean reward: 20.875, 	Mean reward done: 3.4237709045410156
Step: 1613824	Mean reward: 19.3125, 	Mean reward done: 3.3650918006896973
Step: 1622016	Mean reward: 21.0625, 	Mean reward done: 3.2632224559783936
Step: 1630208	Mean reward: 22.0625, 	Mean reward done: 4.250365734100342
Step: 1638400	Mean reward: 22.15625, 	Mean reward done: 4.17519474029541
Step: 1646592	Mean reward: 20.84375, 	Mean reward done: 3.522033929824829
Step: 1654784	Mean reward: 21.71875, 	Mean reward done: 3.2775604724884033
Step: 1662976	Mean reward: 20.5625, 	Mean reward done: 3.666616201400757
Step: 1671168	Mean reward: 20.6875, 	Mean reward done: 3.6439692974090576
Step: 1679360	Mean reward: 20.6875, 	Mean reward done: 3.4723398685455322
Step: 1687552	Mean reward: 22.3125, 	Mean reward done: 4.619388580322266
Step: 1695744	Mean reward: 21.03125, 	Mean reward done: 3.2175509929656982
Step: 1703936	Mean reward: 20.28125, 	Mean reward done: 3.5611507892608643
Step: 1712128	Mean reward: 21.90625, 	Mean reward done: 3.5318522453308105
Step: 1720320	Mean reward: 21.75, 	Mean reward done: 4.252202987670898
Step: 1728512	Mean reward: 22.9375, 	Mean reward done: 3.9856419563293457
Step: 1736704	Mean reward: 21.09375, 	Mean reward done: 2.8135814666748047
Step: 1744896	Mean reward: 22.21875, 	Mean reward done: 4.226927757263184
Step: 1753088	Mean reward: 21.1875, 	Mean reward done: 3.856621503829956
Step: 1761280	Mean reward: 22.03125, 	Mean reward done: 3.7286133766174316
Step: 1769472	Mean reward: 20.5, 	Mean reward done: 2.8912949562072754
Step: 1777664	Mean reward: 19.84375, 	Mean reward done: 3.1167147159576416
Step: 1785856	Mean reward: 20.75, 	Mean reward done: 3.274449586868286
Step: 1794048	Mean reward: 19.59375, 	Mean reward done: 3.6244993209838867
Step: 1802240	Mean reward: 20.65625, 	Mean reward done: 3.125495433807373
Step: 1810432	Mean reward: 20.875, 	Mean reward done: 3.3686113357543945
Step: 1818624	Mean reward: 18.5625, 	Mean reward done: 2.7039284706115723
Step: 1826816	Mean reward: 19.8125, 	Mean reward done: 3.1507625579833984
Step: 1835008	Mean reward: 20.34375, 	Mean reward done: 3.8419442176818848
Step: 1843200	Mean reward: 20.40625, 	Mean reward done: 3.5420424938201904
Step: 1851392	Mean reward: 20.84375, 	Mean reward done: 4.097606182098389
Step: 1859584	Mean reward: 21.28125, 	Mean reward done: 3.789100408554077
Step: 1867776	Mean reward: 21.28125, 	Mean reward done: 4.0304975509643555
Step: 1875968	Mean reward: 22.78125, 	Mean reward done: 3.7341902256011963
Step: 1884160	Mean reward: 19.8125, 	Mean reward done: 3.9230761528015137
Step: 1892352	Mean reward: 19.25, 	Mean reward done: 3.6928608417510986
Step: 1900544	Mean reward: 22.59375, 	Mean reward done: 4.287930488586426
Step: 1908736	Mean reward: 21.96875, 	Mean reward done: 3.7734012603759766
Step: 1916928	Mean reward: 19.34375, 	Mean reward done: 3.1885812282562256
Step: 1925120	Mean reward: 20.59375, 	Mean reward done: 3.861494779586792
Step: 1933312	Mean reward: 19.84375, 	Mean reward done: 3.053910255432129
Step: 1941504	Mean reward: 21.96875, 	Mean reward done: 4.443904876708984
Step: 1949696	Mean reward: 20.625, 	Mean reward done: 3.617499828338623
Step: 1957888	Mean reward: 23.09375, 	Mean reward done: 3.8360557556152344
Step: 1966080	Mean reward: 21.75, 	Mean reward done: 3.6760833263397217
Step: 1974272	Mean reward: 20.78125, 	Mean reward done: 4.271708965301514
Step: 1982464	Mean reward: 21.5625, 	Mean reward done: 3.954345226287842
Step: 1990656	Mean reward: 23.15625, 	Mean reward done: 4.754036903381348
Step: 1998848	Mean reward: 21.5, 	Mean reward done: 3.6439261436462402
Step: 2007040	Mean reward: 20.03125, 	Mean reward done: 3.3180580139160156
Step: 2015232	Mean reward: 21.0625, 	Mean reward done: 3.903787612915039
Step: 2023424	Mean reward: 22.40625, 	Mean reward done: 4.359928607940674
Step: 2031616	Mean reward: 24.21875, 	Mean reward done: 4.793798446655273
Step: 2039808	Mean reward: 20.40625, 	Mean reward done: 3.2371857166290283
Step: 2048000	Mean reward: 21.9375, 	Mean reward done: 4.232219219207764
Step: 2056192	Mean reward: 22.5625, 	Mean reward done: 4.030867576599121
Step: 2064384	Mean reward: 22.21875, 	Mean reward done: 4.0782389640808105
Step: 2072576	Mean reward: 21.03125, 	Mean reward done: 3.6456387042999268
Step: 2080768	Mean reward: 21.4375, 	Mean reward done: 3.7118265628814697
Step: 2088960	Mean reward: 22.03125, 	Mean reward done: 4.038759708404541
Step: 2097152	Mean reward: 21.8125, 	Mean reward done: 3.367244005203247
Step: 2105344	Mean reward: 19.59375, 	Mean reward done: 3.7341136932373047
Step: 2113536	Mean reward: 20.21875, 	Mean reward done: 3.3889057636260986
Step: 2121728	Mean reward: 22.1875, 	Mean reward done: 3.7237179279327393
Step: 2129920	Mean reward: 21.59375, 	Mean reward done: 3.8830385208129883
Step: 2138112	Mean reward: 20.375, 	Mean reward done: 3.1445400714874268
Step: 2146304	Mean reward: 19.71875, 	Mean reward done: 3.281189203262329
Step: 2154496	Mean reward: 20.84375, 	Mean reward done: 3.630293607711792
Step: 2162688	Mean reward: 22.40625, 	Mean reward done: 3.941411256790161
Step: 2170880	Mean reward: 23.34375, 	Mean reward done: 3.7909371852874756
Step: 2179072	Mean reward: 22.03125, 	Mean reward done: 4.028994083404541
Step: 2187264	Mean reward: 22.4375, 	Mean reward done: 3.590871572494507
Step: 2195456	Mean reward: 23.0, 	Mean reward done: 4.145489692687988
Step: 2203648	Mean reward: 22.25, 	Mean reward done: 4.264263153076172
Step: 2211840	Mean reward: 23.5, 	Mean reward done: 4.337316989898682
Step: 2220032	Mean reward: 21.5, 	Mean reward done: 3.887571334838867
Step: 2228224	Mean reward: 22.65625, 	Mean reward done: 3.5571608543395996
Step: 2236416	Mean reward: 20.75, 	Mean reward done: 3.8629655838012695
Step: 2244608	Mean reward: 20.46875, 	Mean reward done: 3.5799753665924072
Step: 2252800	Mean reward: 23.3125, 	Mean reward done: 3.972073793411255
Step: 2260992	Mean reward: 21.53125, 	Mean reward done: 3.5593419075012207
Step: 2269184	Mean reward: 23.0, 	Mean reward done: 4.053011417388916
Step: 2277376	Mean reward: 21.40625, 	Mean reward done: 3.6078269481658936
Step: 2285568	Mean reward: 21.0625, 	Mean reward done: 3.5754761695861816
Step: 2293760	Mean reward: 20.59375, 	Mean reward done: 3.1006503105163574
Step: 2301952	Mean reward: 20.78125, 	Mean reward done: 3.0668787956237793
Step: 2310144	Mean reward: 21.0625, 	Mean reward done: 3.753082752227783
Step: 2318336	Mean reward: 21.46875, 	Mean reward done: 3.7921037673950195
Step: 2326528	Mean reward: 20.40625, 	Mean reward done: 3.7394182682037354
Step: 2334720	Mean reward: 23.0, 	Mean reward done: 3.636070728302002
Step: 2342912	Mean reward: 21.4375, 	Mean reward done: 3.7106709480285645
Step: 2351104	Mean reward: 22.9375, 	Mean reward done: 4.602370738983154
Step: 2359296	Mean reward: 23.6875, 	Mean reward done: 3.7700300216674805
Step: 2367488	Mean reward: 21.4375, 	Mean reward done: 4.423951625823975
Step: 2375680	Mean reward: 20.84375, 	Mean reward done: 3.245488405227661
Step: 2383872	Mean reward: 23.125, 	Mean reward done: 4.789982318878174
Step: 2392064	Mean reward: 21.0625, 	Mean reward done: 3.4062604904174805
Step: 2400256	Mean reward: 22.21875, 	Mean reward done: 3.5875155925750732
Step: 2408448	Mean reward: 23.375, 	Mean reward done: 4.355838775634766
Step: 2416640	Mean reward: 25.21875, 	Mean reward done: 4.840041637420654
Step: 2424832	Mean reward: 23.5, 	Mean reward done: 3.961658000946045
Step: 2433024	Mean reward: 20.1875, 	Mean reward done: 3.529452085494995
Step: 2441216	Mean reward: 20.34375, 	Mean reward done: 3.502202033996582
Step: 2449408	Mean reward: 22.0, 	Mean reward done: 4.093719959259033
Step: 2457600	Mean reward: 21.65625, 	Mean reward done: 3.329979181289673
Step: 2465792	Mean reward: 21.15625, 	Mean reward done: 3.543494701385498
Step: 2473984	Mean reward: 20.59375, 	Mean reward done: 4.053493499755859
Step: 2482176	Mean reward: 23.15625, 	Mean reward done: 4.164767265319824
Step: 2490368	Mean reward: 21.90625, 	Mean reward done: 3.801650047302246
Step: 2498560	Mean reward: 22.1875, 	Mean reward done: 3.7284975051879883
Step: 2506752	Mean reward: 21.6875, 	Mean reward done: 3.824209690093994
Step: 2514944	Mean reward: 22.8125, 	Mean reward done: 3.7504494190216064
Step: 2523136	Mean reward: 22.9375, 	Mean reward done: 4.422964096069336
Step: 2531328	Mean reward: 23.875, 	Mean reward done: 4.277221202850342
Step: 2539520	Mean reward: 23.5625, 	Mean reward done: 4.406520843505859
Step: 2547712	Mean reward: 21.28125, 	Mean reward done: 3.6776950359344482
Step: 2555904	Mean reward: 23.40625, 	Mean reward done: 4.207722187042236
Step: 2564096	Mean reward: 21.875, 	Mean reward done: 3.546879768371582
Step: 2572288	Mean reward: 26.1875, 	Mean reward done: 5.1442131996154785
Step: 2580480	Mean reward: 22.4375, 	Mean reward done: 3.6149604320526123
Step: 2588672	Mean reward: 23.5625, 	Mean reward done: 4.111302852630615
Step: 2596864	Mean reward: 21.375, 	Mean reward done: 3.089254856109619
Step: 2605056	Mean reward: 21.875, 	Mean reward done: 4.4581146240234375
Step: 2613248	Mean reward: 23.125, 	Mean reward done: 3.689758777618408
Step: 2621440	Mean reward: 22.25, 	Mean reward done: 3.3954105377197266
Step: 2629632	Mean reward: 22.28125, 	Mean reward done: 3.227858781814575
Step: 2637824	Mean reward: 21.40625, 	Mean reward done: 3.7728962898254395
Step: 2646016	Mean reward: 21.46875, 	Mean reward done: 3.8028783798217773
Step: 2654208	Mean reward: 21.6875, 	Mean reward done: 3.7332205772399902
Step: 2662400	Mean reward: 21.625, 	Mean reward done: 3.2843594551086426
Step: 2670592	Mean reward: 22.3125, 	Mean reward done: 3.9686694145202637
Step: 2678784	Mean reward: 22.0625, 	Mean reward done: 3.7185442447662354
Step: 2686976	Mean reward: 23.28125, 	Mean reward done: 3.7246809005737305
Step: 2695168	Mean reward: 21.125, 	Mean reward done: 3.666696310043335
Step: 2703360	Mean reward: 21.875, 	Mean reward done: 3.255052089691162
Step: 2711552	Mean reward: 23.03125, 	Mean reward done: 4.000807285308838
Step: 2719744	Mean reward: 21.03125, 	Mean reward done: 3.3428759574890137
Step: 2727936	Mean reward: 21.125, 	Mean reward done: 3.4573326110839844
Step: 2736128	Mean reward: 20.96875, 	Mean reward done: 3.4892499446868896
Step: 2744320	Mean reward: 21.84375, 	Mean reward done: 3.5419273376464844
Step: 2752512	Mean reward: 23.3125, 	Mean reward done: 4.6714043617248535
Step: 2760704	Mean reward: 21.96875, 	Mean reward done: 3.106165885925293
Step: 2768896	Mean reward: 22.09375, 	Mean reward done: 4.137502670288086
Step: 2777088	Mean reward: 22.75, 	Mean reward done: 3.9757184982299805
Step: 2785280	Mean reward: 23.625, 	Mean reward done: 4.829692363739014
Step: 2793472	Mean reward: 23.4375, 	Mean reward done: 3.5633585453033447
Step: 2801664	Mean reward: 23.09375, 	Mean reward done: 4.0852179527282715
Step: 2809856	Mean reward: 19.90625, 	Mean reward done: 3.4919631481170654
Step: 2818048	Mean reward: 21.0, 	Mean reward done: 3.3458328247070312
Step: 2826240	Mean reward: 20.28125, 	Mean reward done: 3.3682854175567627
Step: 2834432	Mean reward: 19.625, 	Mean reward done: 2.987722396850586
Step: 2842624	Mean reward: 19.625, 	Mean reward done: 2.8970909118652344
Step: 2850816	Mean reward: 20.34375, 	Mean reward done: 3.213043451309204
Step: 2859008	Mean reward: 19.5, 	Mean reward done: 3.1300606727600098
Step: 2867200	Mean reward: 21.96875, 	Mean reward done: 4.045920372009277
Step: 2875392	Mean reward: 19.40625, 	Mean reward done: 2.9721333980560303
Step: 2883584	Mean reward: 21.59375, 	Mean reward done: 3.6197261810302734
Step: 2891776	Mean reward: 19.78125, 	Mean reward done: 2.91093111038208
Step: 2899968	Mean reward: 19.53125, 	Mean reward done: 2.5897233486175537
Step: 2908160	Mean reward: 20.5, 	Mean reward done: 3.0455713272094727
Step: 2916352	Mean reward: 22.125, 	Mean reward done: 3.7058231830596924
Step: 2924544	Mean reward: 21.6875, 	Mean reward done: 3.296715259552002
Step: 2932736	Mean reward: 21.625, 	Mean reward done: 3.360353708267212
Step: 2940928	Mean reward: 21.0625, 	Mean reward done: 3.352416753768921
Step: 2949120	Mean reward: 20.59375, 	Mean reward done: 3.118680238723755
Step: 2957312	Mean reward: 19.6875, 	Mean reward done: 3.5886032581329346
Step: 2965504	Mean reward: 21.5, 	Mean reward done: 3.432302951812744
Step: 2973696	Mean reward: 22.28125, 	Mean reward done: 3.477867603302002
Step: 2981888	Mean reward: 20.90625, 	Mean reward done: 3.3712024688720703
Step: 2990080	Mean reward: 18.875, 	Mean reward done: 3.2150609493255615
Step: 2998272	Mean reward: 20.8125, 	Mean reward done: 3.0506255626678467
Step: 3006464	Mean reward: 20.6875, 	Mean reward done: 3.2810747623443604
Step: 3014656	Mean reward: 21.5, 	Mean reward done: 3.502941131591797
Step: 3022848	Mean reward: 22.6875, 	Mean reward done: 3.4372754096984863
Step: 3031040	Mean reward: 20.125, 	Mean reward done: 3.5453033447265625
Step: 3039232	Mean reward: 22.125, 	Mean reward done: 3.8825747966766357
Step: 3047424	Mean reward: 23.21875, 	Mean reward done: 4.325640678405762
Step: 3055616	Mean reward: 21.5, 	Mean reward done: 3.2975857257843018
Step: 3063808	Mean reward: 22.40625, 	Mean reward done: 4.121177673339844
Step: 3072000	Mean reward: 22.3125, 	Mean reward done: 3.854215145111084
Step: 3080192	Mean reward: 21.65625, 	Mean reward done: 4.022599220275879
Step: 3088384	Mean reward: 22.75, 	Mean reward done: 3.998302698135376
Step: 3096576	Mean reward: 22.625, 	Mean reward done: 3.7460789680480957
Step: 3104768	Mean reward: 22.09375, 	Mean reward done: 3.3704917430877686
Step: 3112960	Mean reward: 20.375, 	Mean reward done: 3.724607229232788
Step: 3121152	Mean reward: 21.375, 	Mean reward done: 3.5515341758728027
Step: 3129344	Mean reward: 21.4375, 	Mean reward done: 3.675321340560913
Step: 3137536	Mean reward: 20.8125, 	Mean reward done: 3.1598005294799805
Step: 3145728	Mean reward: 22.125, 	Mean reward done: 3.583496332168579
Step: 3153920	Mean reward: 22.03125, 	Mean reward done: 3.5268263816833496
Step: 3162112	Mean reward: 22.6875, 	Mean reward done: 3.8938372135162354
Step: 3170304	Mean reward: 21.09375, 	Mean reward done: 3.618837833404541
Step: 3178496	Mean reward: 23.96875, 	Mean reward done: 3.740149974822998
Step: 3186688	Mean reward: 23.0, 	Mean reward done: 4.105006217956543
Step: 3194880	Mean reward: 22.84375, 	Mean reward done: 3.5806214809417725
Step: 3203072	Mean reward: 21.75, 	Mean reward done: 3.787911891937256
Step: 3211264	Mean reward: 23.21875, 	Mean reward done: 3.7334353923797607
Step: 3219456	Mean reward: 21.25, 	Mean reward done: 3.657613754272461
Step: 3227648	Mean reward: 22.1875, 	Mean reward done: 3.7256102561950684
Step: 3235840	Mean reward: 21.78125, 	Mean reward done: 3.850950002670288
Step: 3244032	Mean reward: 21.75, 	Mean reward done: 3.9218130111694336
Step: 3252224	Mean reward: 22.8125, 	Mean reward done: 3.847860813140869
Step: 3260416	Mean reward: 24.65625, 	Mean reward done: 4.428858757019043
Step: 3268608	Mean reward: 22.59375, 	Mean reward done: 3.743044137954712
Step: 3276800	Mean reward: 23.5, 	Mean reward done: 4.0949482917785645
Step: 3284992	Mean reward: 24.21875, 	Mean reward done: 4.520543098449707
Step: 3293184	Mean reward: 22.625, 	Mean reward done: 3.496090888977051
Step: 3301376	Mean reward: 22.84375, 	Mean reward done: 3.9286320209503174
Step: 3309568	Mean reward: 22.40625, 	Mean reward done: 3.499884843826294
Step: 3317760	Mean reward: 21.15625, 	Mean reward done: 3.395287036895752
Step: 3325952	Mean reward: 21.78125, 	Mean reward done: 3.5435972213745117
Step: 3334144	Mean reward: 22.0625, 	Mean reward done: 3.7437353134155273
Step: 3342336	Mean reward: 22.125, 	Mean reward done: 3.253751754760742
Step: 3350528	Mean reward: 22.03125, 	Mean reward done: 3.6573824882507324
Step: 3358720	Mean reward: 20.71875, 	Mean reward done: 3.4856834411621094
Step: 3366912	Mean reward: 22.1875, 	Mean reward done: 3.4621009826660156
Step: 3375104	Mean reward: 21.46875, 	Mean reward done: 3.2505862712860107
Step: 3383296	Mean reward: 21.75, 	Mean reward done: 3.454430341720581
Step: 3391488	Mean reward: 22.3125, 	Mean reward done: 3.3344171047210693
Step: 3399680	Mean reward: 21.53125, 	Mean reward done: 3.6967051029205322
Step: 3407872	Mean reward: 22.8125, 	Mean reward done: 3.9277842044830322
Step: 3416064	Mean reward: 20.53125, 	Mean reward done: 3.317826509475708
Step: 3424256	Mean reward: 24.46875, 	Mean reward done: 4.436590194702148
Step: 3432448	Mean reward: 23.59375, 	Mean reward done: 3.794210433959961
Step: 3440640	Mean reward: 22.9375, 	Mean reward done: 3.729398250579834
Step: 3448832	Mean reward: 24.4375, 	Mean reward done: 4.115535736083984
Step: 3457024	Mean reward: 21.4375, 	Mean reward done: 3.2502195835113525
Step: 3465216	Mean reward: 22.75, 	Mean reward done: 4.02236270904541
Step: 3473408	Mean reward: 24.4375, 	Mean reward done: 4.317425727844238
Step: 3481600	Mean reward: 21.96875, 	Mean reward done: 3.9989404678344727
Step: 3489792	Mean reward: 23.65625, 	Mean reward done: 3.6625735759735107
Step: 3497984	Mean reward: 21.5625, 	Mean reward done: 3.3275535106658936
Step: 3506176	Mean reward: 22.375, 	Mean reward done: 3.9605751037597656
Step: 3514368	Mean reward: 23.625, 	Mean reward done: 4.025711536407471
Step: 3522560	Mean reward: 21.5, 	Mean reward done: 3.3125650882720947
Step: 3530752	Mean reward: 22.59375, 	Mean reward done: 3.909233331680298
Step: 3538944	Mean reward: 23.78125, 	Mean reward done: 3.711667537689209
Step: 3547136	Mean reward: 21.46875, 	Mean reward done: 3.461134433746338
Step: 3555328	Mean reward: 21.9375, 	Mean reward done: 3.6979403495788574
Step: 3563520	Mean reward: 22.15625, 	Mean reward done: 3.823759078979492
Step: 3571712	Mean reward: 21.78125, 	Mean reward done: 3.4184978008270264
Step: 3579904	Mean reward: 22.6875, 	Mean reward done: 4.37490701675415
Step: 3588096	Mean reward: 23.09375, 	Mean reward done: 3.904855728149414
Step: 3596288	Mean reward: 23.59375, 	Mean reward done: 4.095432758331299
Step: 3604480	Mean reward: 24.40625, 	Mean reward done: 4.224521636962891
Step: 3612672	Mean reward: 23.625, 	Mean reward done: 4.210480690002441
Step: 3620864	Mean reward: 22.90625, 	Mean reward done: 3.4569287300109863
Step: 3629056	Mean reward: 24.1875, 	Mean reward done: 4.364165782928467
Step: 3637248	Mean reward: 22.375, 	Mean reward done: 3.676872968673706
Step: 3645440	Mean reward: 22.84375, 	Mean reward done: 3.8648018836975098
Step: 3653632	Mean reward: 23.21875, 	Mean reward done: 3.586374282836914
Step: 3661824	Mean reward: 22.0625, 	Mean reward done: 4.103277206420898
Step: 3670016	Mean reward: 22.0, 	Mean reward done: 3.5764975547790527
Step: 3678208	Mean reward: 22.875, 	Mean reward done: 3.8209877014160156
Step: 3686400	Mean reward: 23.75, 	Mean reward done: 3.9728004932403564
Step: 3694592	Mean reward: 22.15625, 	Mean reward done: 3.6988556385040283
Step: 3702784	Mean reward: 20.4375, 	Mean reward done: 3.3880786895751953
Step: 3710976	Mean reward: 20.34375, 	Mean reward done: 3.2479898929595947
Step: 3719168	Mean reward: 20.375, 	Mean reward done: 3.485558271408081
Step: 3727360	Mean reward: 21.3125, 	Mean reward done: 3.0088694095611572
Step: 3735552	Mean reward: 21.9375, 	Mean reward done: 3.500835657119751
Step: 3743744	Mean reward: 22.9375, 	Mean reward done: 3.6921157836914062
Step: 3751936	Mean reward: 21.4375, 	Mean reward done: 3.254603385925293
Step: 3760128	Mean reward: 21.46875, 	Mean reward done: 3.153341054916382
Step: 3768320	Mean reward: 22.5625, 	Mean reward done: 3.9937775135040283
Step: 3776512	Mean reward: 21.25, 	Mean reward done: 3.3222455978393555
Step: 3784704	Mean reward: 21.84375, 	Mean reward done: 3.5917389392852783
Step: 3792896	Mean reward: 23.46875, 	Mean reward done: 3.7585086822509766
Step: 3801088	Mean reward: 22.90625, 	Mean reward done: 3.7734451293945312
Step: 3809280	Mean reward: 22.1875, 	Mean reward done: 3.4046363830566406
Step: 3817472	Mean reward: 22.6875, 	Mean reward done: 4.409258842468262
Step: 3825664	Mean reward: 22.5625, 	Mean reward done: 3.5292398929595947
Step: 3833856	Mean reward: 21.5625, 	Mean reward done: 3.4859836101531982
Step: 3842048	Mean reward: 21.40625, 	Mean reward done: 3.4949944019317627
Step: 3850240	Mean reward: 21.90625, 	Mean reward done: 3.2689998149871826
Step: 3858432	Mean reward: 22.5625, 	Mean reward done: 3.698610544204712
Step: 3866624	Mean reward: 23.78125, 	Mean reward done: 4.264538288116455
Step: 3874816	Mean reward: 23.25, 	Mean reward done: 4.122852802276611
Step: 3883008	Mean reward: 21.6875, 	Mean reward done: 3.4102025032043457
Step: 3891200	Mean reward: 22.28125, 	Mean reward done: 4.203078269958496
Step: 3899392	Mean reward: 22.90625, 	Mean reward done: 3.813803195953369
Step: 3907584	Mean reward: 21.9375, 	Mean reward done: 3.7036309242248535
Step: 3915776	Mean reward: 22.84375, 	Mean reward done: 3.9435672760009766
Step: 3923968	Mean reward: 22.59375, 	Mean reward done: 3.847978115081787
Step: 3932160	Mean reward: 22.21875, 	Mean reward done: 3.616631507873535
Step: 3940352	Mean reward: 23.0, 	Mean reward done: 3.8628430366516113
Step: 3948544	Mean reward: 23.875, 	Mean reward done: 3.6977016925811768
Step: 3956736	Mean reward: 23.78125, 	Mean reward done: 4.182393550872803
Step: 3964928	Mean reward: 22.65625, 	Mean reward done: 4.18747091293335
Step: 3973120	Mean reward: 23.40625, 	Mean reward done: 4.22976016998291
Step: 3981312	Mean reward: 22.125, 	Mean reward done: 3.1974306106567383
Step: 3989504	Mean reward: 23.40625, 	Mean reward done: 3.8368406295776367
Step: 3997696	Mean reward: 23.375, 	Mean reward done: 3.5946311950683594
Step: 4005888	Mean reward: 22.21875, 	Mean reward done: 3.6024625301361084
Step: 4014080	Mean reward: 22.78125, 	Mean reward done: 3.13557767868042
Step: 4022272	Mean reward: 20.84375, 	Mean reward done: 3.347695827484131
Step: 4030464	Mean reward: 23.03125, 	Mean reward done: 4.248485088348389
Step: 4038656	Mean reward: 22.28125, 	Mean reward done: 3.4522523880004883
Step: 4046848	Mean reward: 21.40625, 	Mean reward done: 3.10445237159729
Step: 4055040	Mean reward: 23.4375, 	Mean reward done: 3.891779661178589
Step: 4063232	Mean reward: 22.15625, 	Mean reward done: 3.082092761993408
Step: 4071424	Mean reward: 21.0, 	Mean reward done: 3.3242766857147217
Step: 4079616	Mean reward: 21.8125, 	Mean reward done: 3.537048578262329
Step: 4087808	Mean reward: 22.0625, 	Mean reward done: 3.460890769958496
Step: 4096000	Mean reward: 21.75, 	Mean reward done: 3.263831377029419
Step: 4104192	Mean reward: 23.15625, 	Mean reward done: 3.322807788848877
Step: 4112384	Mean reward: 24.09375, 	Mean reward done: 4.390531539916992
Step: 4120576	Mean reward: 21.84375, 	Mean reward done: 3.5759096145629883
Step: 4128768	Mean reward: 22.25, 	Mean reward done: 3.695408582687378
Step: 4136960	Mean reward: 21.8125, 	Mean reward done: 3.1181387901306152
Step: 4145152	Mean reward: 23.75, 	Mean reward done: 3.831780433654785
Step: 4153344	Mean reward: 21.0625, 	Mean reward done: 3.780977249145508
Step: 4161536	Mean reward: 21.6875, 	Mean reward done: 3.648501396179199
Step: 4169728	Mean reward: 23.9375, 	Mean reward done: 3.8799593448638916
Step: 4177920	Mean reward: 22.28125, 	Mean reward done: 3.9317784309387207
Step: 4186112	Mean reward: 23.03125, 	Mean reward done: 3.5601768493652344
Step: 4194304	Mean reward: 20.9375, 	Mean reward done: 3.5685346126556396
Step: 4202496	Mean reward: 22.25, 	Mean reward done: 4.185531139373779
Step: 4210688	Mean reward: 23.96875, 	Mean reward done: 4.401925086975098
Step: 4218880	Mean reward: 23.28125, 	Mean reward done: 3.8312108516693115
Step: 4227072	Mean reward: 22.6875, 	Mean reward done: 3.6617956161499023
Step: 4235264	Mean reward: 23.8125, 	Mean reward done: 3.904934883117676
Step: 4243456	Mean reward: 23.375, 	Mean reward done: 3.6311447620391846
Step: 4251648	Mean reward: 21.75, 	Mean reward done: 3.502441883087158
Step: 4259840	Mean reward: 22.90625, 	Mean reward done: 3.432655096054077
Step: 4268032	Mean reward: 22.5, 	Mean reward done: 4.032097339630127
Step: 4276224	Mean reward: 23.78125, 	Mean reward done: 4.210200786590576
Step: 4284416	Mean reward: 23.84375, 	Mean reward done: 3.8390560150146484
Step: 4292608	Mean reward: 24.15625, 	Mean reward done: 3.901343822479248
Step: 4300800	Mean reward: 23.1875, 	Mean reward done: 3.765458822250366
Step: 4308992	Mean reward: 23.03125, 	Mean reward done: 3.90812611579895
Step: 4317184	Mean reward: 22.71875, 	Mean reward done: 3.7769968509674072
Step: 4325376	Mean reward: 23.59375, 	Mean reward done: 4.682677268981934
Step: 4333568	Mean reward: 24.71875, 	Mean reward done: 3.8501315116882324
Step: 4341760	Mean reward: 22.59375, 	Mean reward done: 3.5119192600250244
Step: 4349952	Mean reward: 22.0, 	Mean reward done: 3.61096453666687
Step: 4358144	Mean reward: 23.03125, 	Mean reward done: 3.6726744174957275
Step: 4366336	Mean reward: 24.59375, 	Mean reward done: 3.676647424697876
Step: 4374528	Mean reward: 24.0625, 	Mean reward done: 4.882761478424072
Step: 4382720	Mean reward: 22.25, 	Mean reward done: 3.6886096000671387
Step: 4390912	Mean reward: 23.96875, 	Mean reward done: 4.621267795562744
Step: 4399104	Mean reward: 23.75, 	Mean reward done: 4.407678604125977
Step: 4407296	Mean reward: 25.90625, 	Mean reward done: 4.49563455581665
Step: 4415488	Mean reward: 24.15625, 	Mean reward done: 3.8944149017333984
Step: 4423680	Mean reward: 23.6875, 	Mean reward done: 4.315740585327148
Step: 4431872	Mean reward: 23.5, 	Mean reward done: 4.341874599456787
Step: 4440064	Mean reward: 22.40625, 	Mean reward done: 3.226842164993286
Step: 4448256	Mean reward: 23.40625, 	Mean reward done: 3.911888599395752
Step: 4456448	Mean reward: 23.09375, 	Mean reward done: 4.038033962249756
Step: 4464640	Mean reward: 22.90625, 	Mean reward done: 3.6202895641326904
Step: 4472832	Mean reward: 22.4375, 	Mean reward done: 3.419381856918335
Step: 4481024	Mean reward: 21.4375, 	Mean reward done: 3.942870616912842
Step: 4489216	Mean reward: 27.03125, 	Mean reward done: 4.661652088165283
Step: 4497408	Mean reward: 22.5, 	Mean reward done: 3.654632568359375
Step: 4505600	Mean reward: 24.1875, 	Mean reward done: 4.2336626052856445
Step: 4513792	Mean reward: 24.34375, 	Mean reward done: 3.656944513320923
Step: 4521984	Mean reward: 22.84375, 	Mean reward done: 4.076526165008545
Step: 4530176	Mean reward: 24.84375, 	Mean reward done: 4.083357334136963
Step: 4538368	Mean reward: 23.375, 	Mean reward done: 4.257322788238525
Step: 4546560	Mean reward: 23.25, 	Mean reward done: 4.11574125289917
Step: 4554752	Mean reward: 23.03125, 	Mean reward done: 3.453011989593506
Step: 4562944	Mean reward: 23.125, 	Mean reward done: 3.8617117404937744
Step: 4571136	Mean reward: 24.59375, 	Mean reward done: 3.7696704864501953
Step: 4579328	Mean reward: 22.5625, 	Mean reward done: 3.6477560997009277
Step: 4587520	Mean reward: 21.53125, 	Mean reward done: 3.143681526184082
Step: 4595712	Mean reward: 22.46875, 	Mean reward done: 4.233256816864014
Step: 4603904	Mean reward: 23.25, 	Mean reward done: 3.1477231979370117
Step: 4612096	Mean reward: 20.875, 	Mean reward done: 3.259338617324829
Step: 4620288	Mean reward: 20.96875, 	Mean reward done: 3.6899466514587402
Step: 4628480	Mean reward: 21.09375, 	Mean reward done: 4.1080098152160645
Step: 4636672	Mean reward: 23.5625, 	Mean reward done: 3.933870792388916
Step: 4644864	Mean reward: 22.90625, 	Mean reward done: 3.7964560985565186
Step: 4653056	Mean reward: 22.65625, 	Mean reward done: 3.6581687927246094
Step: 4661248	Mean reward: 20.25, 	Mean reward done: 3.3343002796173096
Step: 4669440	Mean reward: 21.96875, 	Mean reward done: 3.4118428230285645
Step: 4677632	Mean reward: 23.25, 	Mean reward done: 3.9882724285125732
Step: 4685824	Mean reward: 22.28125, 	Mean reward done: 3.802175521850586
Step: 4694016	Mean reward: 21.03125, 	Mean reward done: 3.4481329917907715
Step: 4702208	Mean reward: 22.875, 	Mean reward done: 3.9451022148132324
Step: 4710400	Mean reward: 23.625, 	Mean reward done: 4.270597457885742
Step: 4718592	Mean reward: 22.96875, 	Mean reward done: 4.190500736236572
Step: 4726784	Mean reward: 24.6875, 	Mean reward done: 3.7628540992736816
Step: 4734976	Mean reward: 21.28125, 	Mean reward done: 3.448537588119507
Step: 4743168	Mean reward: 22.9375, 	Mean reward done: 4.1051344871521
Step: 4751360	Mean reward: 22.0, 	Mean reward done: 3.5245912075042725
Step: 4759552	Mean reward: 23.1875, 	Mean reward done: 4.084282875061035
Step: 4767744	Mean reward: 24.0625, 	Mean reward done: 4.230241775512695
Step: 4775936	Mean reward: 23.84375, 	Mean reward done: 3.8982207775115967
Step: 4784128	Mean reward: 23.28125, 	Mean reward done: 3.931072473526001
Step: 4792320	Mean reward: 22.78125, 	Mean reward done: 3.6123504638671875
Step: 4800512	Mean reward: 24.9375, 	Mean reward done: 4.515653133392334
Step: 4808704	Mean reward: 22.46875, 	Mean reward done: 3.3447959423065186
Step: 4816896	Mean reward: 25.3125, 	Mean reward done: 4.979789733886719
Step: 4825088	Mean reward: 22.96875, 	Mean reward done: 3.4044082164764404
Step: 4833280	Mean reward: 22.75, 	Mean reward done: 3.885369062423706
Step: 4841472	Mean reward: 24.0625, 	Mean reward done: 3.594534158706665
Step: 4849664	Mean reward: 22.34375, 	Mean reward done: 4.034002780914307
Step: 4857856	Mean reward: 24.5625, 	Mean reward done: 4.297085762023926
Step: 4866048	Mean reward: 23.09375, 	Mean reward done: 3.368870735168457
Step: 4874240	Mean reward: 21.84375, 	Mean reward done: 4.0977277755737305
Step: 4882432	Mean reward: 22.625, 	Mean reward done: 3.9250049591064453
Step: 4890624	Mean reward: 24.625, 	Mean reward done: 4.025729656219482
Step: 4898816	Mean reward: 23.375, 	Mean reward done: 4.005600452423096
Step: 4907008	Mean reward: 26.03125, 	Mean reward done: 3.9055888652801514
Step: 4915200	Mean reward: 23.15625, 	Mean reward done: 3.8014883995056152
Step: 4923392	Mean reward: 24.0625, 	Mean reward done: 4.184295654296875
Step: 4931584	Mean reward: 23.84375, 	Mean reward done: 3.5522191524505615
Step: 4939776	Mean reward: 23.03125, 	Mean reward done: 3.589571475982666
Step: 4947968	Mean reward: 23.90625, 	Mean reward done: 4.514513969421387
Step: 4956160	Mean reward: 25.53125, 	Mean reward done: 4.410841941833496
Step: 4964352	Mean reward: 24.0625, 	Mean reward done: 3.993809700012207
Step: 4972544	Mean reward: 23.3125, 	Mean reward done: 4.149765968322754
Step: 4980736	Mean reward: 22.90625, 	Mean reward done: 3.6032094955444336
Step: 4988928	Mean reward: 23.40625, 	Mean reward done: 4.133780479431152
Step: 4997120	Mean reward: 23.46875, 	Mean reward done: 4.185075759887695
Step: 5005312	Mean reward: 22.78125, 	Mean reward done: 3.6168527603149414
Step: 5013504	Mean reward: 23.96875, 	Mean reward done: 4.161657810211182
Step: 5021696	Mean reward: 22.15625, 	Mean reward done: 3.316348075866699
Step: 5029888	Mean reward: 22.25, 	Mean reward done: 4.067391395568848
Step: 5038080	Mean reward: 23.875, 	Mean reward done: 3.6092092990875244
Step: 5046272	Mean reward: 22.71875, 	Mean reward done: 3.5895698070526123
Step: 5054464	Mean reward: 23.125, 	Mean reward done: 3.6697065830230713
Step: 5062656	Mean reward: 22.53125, 	Mean reward done: 3.4732401371002197
Step: 5070848	Mean reward: 22.5, 	Mean reward done: 3.9126172065734863
Step: 5079040	Mean reward: 22.3125, 	Mean reward done: 3.302438497543335
Step: 5087232	Mean reward: 23.125, 	Mean reward done: 3.8596153259277344
Step: 5095424	Mean reward: 23.0625, 	Mean reward done: 4.115395545959473
Step: 5103616	Mean reward: 25.1875, 	Mean reward done: 4.496491432189941
Step: 5111808	Mean reward: 21.5, 	Mean reward done: 3.2852365970611572
Step: 5120000	Mean reward: 24.0625, 	Mean reward done: 3.9219789505004883
Step: 5128192	Mean reward: 23.28125, 	Mean reward done: 3.780642509460449
Step: 5136384	Mean reward: 24.34375, 	Mean reward done: 4.433933258056641
Step: 5144576	Mean reward: 25.28125, 	Mean reward done: 3.8181655406951904
Step: 5152768	Mean reward: 23.5, 	Mean reward done: 3.9182114601135254
Step: 5160960	Mean reward: 25.53125, 	Mean reward done: 4.9875288009643555
Step: 5169152	Mean reward: 22.8125, 	Mean reward done: 3.439584255218506
Step: 5177344	Mean reward: 24.4375, 	Mean reward done: 4.445002555847168
Step: 5185536	Mean reward: 24.75, 	Mean reward done: 4.055022716522217
Step: 5193728	Mean reward: 24.375, 	Mean reward done: 4.377643585205078
Step: 5201920	Mean reward: 23.5, 	Mean reward done: 4.5079851150512695
Step: 5210112	Mean reward: 25.03125, 	Mean reward done: 3.924633502960205
Step: 5218304	Mean reward: 24.1875, 	Mean reward done: 4.201231956481934
Step: 5226496	Mean reward: 24.5, 	Mean reward done: 3.983496904373169
Step: 5234688	Mean reward: 23.625, 	Mean reward done: 4.135213375091553
Step: 5242880	Mean reward: 24.34375, 	Mean reward done: 3.6590678691864014
Step: 5251072	Mean reward: 24.53125, 	Mean reward done: 4.521687984466553
Step: 5259264	Mean reward: 25.5625, 	Mean reward done: 4.285078048706055
Step: 5267456	Mean reward: 23.4375, 	Mean reward done: 3.9790453910827637
Step: 5275648	Mean reward: 22.90625, 	Mean reward done: 4.074687480926514
Step: 5283840	Mean reward: 24.9375, 	Mean reward done: 4.257926940917969
Step: 5292032	Mean reward: 22.09375, 	Mean reward done: 3.437953233718872
Step: 5300224	Mean reward: 25.125, 	Mean reward done: 4.226764678955078
Step: 5308416	Mean reward: 21.375, 	Mean reward done: 3.765657663345337
Step: 5316608	Mean reward: 22.375, 	Mean reward done: 3.404003858566284
Step: 5324800	Mean reward: 22.46875, 	Mean reward done: 3.917069911956787
Step: 5332992	Mean reward: 23.375, 	Mean reward done: 3.6526339054107666
Step: 5341184	Mean reward: 22.25, 	Mean reward done: 3.513291358947754
Step: 5349376	Mean reward: 23.3125, 	Mean reward done: 4.223836421966553
Step: 5357568	Mean reward: 23.78125, 	Mean reward done: 3.9786651134490967
Step: 5365760	Mean reward: 21.8125, 	Mean reward done: 3.3031764030456543
Step: 5373952	Mean reward: 21.1875, 	Mean reward done: 3.65718674659729
Step: 5382144	Mean reward: 22.28125, 	Mean reward done: 3.37339186668396
Step: 5390336	Mean reward: 23.5, 	Mean reward done: 4.052114486694336
Step: 5398528	Mean reward: 22.28125, 	Mean reward done: 3.212013006210327
Step: 5406720	Mean reward: 22.5625, 	Mean reward done: 3.305095911026001
Step: 5414912	Mean reward: 22.78125, 	Mean reward done: 4.068356990814209
Step: 5423104	Mean reward: 22.65625, 	Mean reward done: 3.1672773361206055
Step: 5431296	Mean reward: 20.9375, 	Mean reward done: 2.8025689125061035
Step: 5439488	Mean reward: 23.0625, 	Mean reward done: 3.9382107257843018
Step: 5447680	Mean reward: 24.6875, 	Mean reward done: 4.099016189575195
Step: 5455872	Mean reward: 23.09375, 	Mean reward done: 4.406888484954834
Step: 5464064	Mean reward: 24.65625, 	Mean reward done: 4.210201740264893
Step: 5472256	Mean reward: 23.65625, 	Mean reward done: 3.6980059146881104
Step: 5480448	Mean reward: 22.34375, 	Mean reward done: 3.477783679962158
Step: 5488640	Mean reward: 22.625, 	Mean reward done: 3.8318111896514893
Step: 5496832	Mean reward: 22.0625, 	Mean reward done: 3.6289522647857666
Step: 5505024	Mean reward: 22.96875, 	Mean reward done: 3.792593479156494
Step: 5513216	Mean reward: 23.03125, 	Mean reward done: 4.07036828994751
Step: 5521408	Mean reward: 22.3125, 	Mean reward done: 3.5896053314208984
Step: 5529600	Mean reward: 22.0, 	Mean reward done: 3.703483819961548
Step: 5537792	Mean reward: 21.625, 	Mean reward done: 3.3005714416503906
Step: 5545984	Mean reward: 20.34375, 	Mean reward done: 3.0873329639434814
Step: 5554176	Mean reward: 22.03125, 	Mean reward done: 3.3508400917053223
Step: 5562368	Mean reward: 21.46875, 	Mean reward done: 3.337003469467163
Step: 5570560	Mean reward: 21.03125, 	Mean reward done: 3.7856996059417725
Step: 5578752	Mean reward: 20.25, 	Mean reward done: 2.986798048019409
Step: 5586944	Mean reward: 18.96875, 	Mean reward done: 2.7577993869781494
Step: 5595136	Mean reward: 22.15625, 	Mean reward done: 3.7250750064849854
Step: 5603328	Mean reward: 21.96875, 	Mean reward done: 3.4136619567871094
Step: 5611520	Mean reward: 22.84375, 	Mean reward done: 4.030350208282471
Step: 5619712	Mean reward: 22.375, 	Mean reward done: 3.3921868801116943
Step: 5627904	Mean reward: 21.3125, 	Mean reward done: 3.570462703704834
Step: 5636096	Mean reward: 22.96875, 	Mean reward done: 3.764270305633545
Step: 5644288	Mean reward: 22.3125, 	Mean reward done: 3.6459615230560303
Step: 5652480	Mean reward: 22.84375, 	Mean reward done: 3.9778823852539062
Step: 5660672	Mean reward: 21.5, 	Mean reward done: 3.8278698921203613
Step: 5668864	Mean reward: 23.75, 	Mean reward done: 4.409886837005615
Step: 5677056	Mean reward: 21.84375, 	Mean reward done: 3.3858964443206787
Step: 5685248	Mean reward: 20.5, 	Mean reward done: 3.2060794830322266
Step: 5693440	Mean reward: 23.53125, 	Mean reward done: 3.263671875
Step: 5701632	Mean reward: 23.28125, 	Mean reward done: 3.887103319168091
Step: 5709824	Mean reward: 23.40625, 	Mean reward done: 3.764265775680542
Step: 5718016	Mean reward: 22.6875, 	Mean reward done: 3.906785249710083
Step: 5726208	Mean reward: 24.9375, 	Mean reward done: 4.242197513580322
Step: 5734400	Mean reward: 23.125, 	Mean reward done: 3.7639780044555664
Step: 5742592	Mean reward: 25.40625, 	Mean reward done: 5.118298530578613
Step: 5750784	Mean reward: 24.0, 	Mean reward done: 4.300515651702881
Step: 5758976	Mean reward: 25.8125, 	Mean reward done: 4.418520450592041
Step: 5767168	Mean reward: 23.1875, 	Mean reward done: 4.387528896331787
Step: 5775360	Mean reward: 23.34375, 	Mean reward done: 4.1508331298828125
Step: 5783552	Mean reward: 22.5, 	Mean reward done: 3.3696908950805664
Step: 5791744	Mean reward: 23.625, 	Mean reward done: 4.533030986785889
Step: 5799936	Mean reward: 23.03125, 	Mean reward done: 4.019388198852539
Step: 5808128	Mean reward: 23.59375, 	Mean reward done: 3.823660373687744
Step: 5816320	Mean reward: 24.5625, 	Mean reward done: 4.247363567352295
Step: 5824512	Mean reward: 23.84375, 	Mean reward done: 3.887406349182129
Step: 5832704	Mean reward: 21.34375, 	Mean reward done: 3.620596170425415
Step: 5840896	Mean reward: 23.0625, 	Mean reward done: 3.5927281379699707
Step: 5849088	Mean reward: 23.5625, 	Mean reward done: 4.191048622131348
Step: 5857280	Mean reward: 22.0625, 	Mean reward done: 3.9286000728607178
Step: 5865472	Mean reward: 23.5, 	Mean reward done: 3.8467817306518555
Step: 5873664	Mean reward: 22.03125, 	Mean reward done: 3.4824259281158447
Step: 5881856	Mean reward: 23.40625, 	Mean reward done: 3.800750732421875
Step: 5890048	Mean reward: 22.28125, 	Mean reward done: 3.405205249786377
Step: 5898240	Mean reward: 23.59375, 	Mean reward done: 3.5854265689849854
Step: 5906432	Mean reward: 22.53125, 	Mean reward done: 3.9716484546661377
Step: 5914624	Mean reward: 21.59375, 	Mean reward done: 3.935352087020874
Step: 5922816	Mean reward: 21.625, 	Mean reward done: 3.56573486328125
Step: 5931008	Mean reward: 22.84375, 	Mean reward done: 4.263866424560547
Step: 5939200	Mean reward: 23.09375, 	Mean reward done: 3.2083585262298584
Step: 5947392	Mean reward: 23.40625, 	Mean reward done: 4.418437480926514
Step: 5955584	Mean reward: 24.0625, 	Mean reward done: 4.0466532707214355
Step: 5963776	Mean reward: 23.0625, 	Mean reward done: 3.751523971557617
Step: 5971968	Mean reward: 24.21875, 	Mean reward done: 4.207983493804932
Step: 5980160	Mean reward: 22.34375, 	Mean reward done: 3.7630629539489746
Step: 5988352	Mean reward: 23.625, 	Mean reward done: 3.866521120071411
Step: 5996544	Mean reward: 23.90625, 	Mean reward done: 4.014370918273926
Step: 6004736	Mean reward: 24.25, 	Mean reward done: 4.581674098968506
Step: 6012928	Mean reward: 22.59375, 	Mean reward done: 3.6468489170074463
Step: 6021120	Mean reward: 22.0625, 	Mean reward done: 3.5580830574035645
Step: 6029312	Mean reward: 20.59375, 	Mean reward done: 3.2096920013427734
Step: 6037504	Mean reward: 21.84375, 	Mean reward done: 3.4786319732666016
Step: 6045696	Mean reward: 21.28125, 	Mean reward done: 3.840064764022827
Step: 6053888	Mean reward: 22.625, 	Mean reward done: 3.5039350986480713
Step: 6062080	Mean reward: 23.0625, 	Mean reward done: 4.175450325012207
Step: 6070272	Mean reward: 22.4375, 	Mean reward done: 3.555266857147217
Step: 6078464	Mean reward: 23.03125, 	Mean reward done: 4.028063774108887
Step: 6086656	Mean reward: 21.96875, 	Mean reward done: 3.4209585189819336
Step: 6094848	Mean reward: 24.34375, 	Mean reward done: 4.291394233703613
Step: 6103040	Mean reward: 23.78125, 	Mean reward done: 4.222799301147461
Step: 6111232	Mean reward: 25.0625, 	Mean reward done: 4.255652904510498
Step: 6119424	Mean reward: 24.75, 	Mean reward done: 4.496438026428223
Step: 6127616	Mean reward: 24.40625, 	Mean reward done: 3.608414649963379
Step: 6135808	Mean reward: 23.09375, 	Mean reward done: 4.027599811553955
Step: 6144000	Mean reward: 23.6875, 	Mean reward done: 3.8808629512786865
Step: 6152192	Mean reward: 23.9375, 	Mean reward done: 4.548096656799316
Step: 6160384	Mean reward: 24.28125, 	Mean reward done: 4.1698408126831055
Step: 6168576	Mean reward: 25.21875, 	Mean reward done: 4.663819789886475
Step: 6176768	Mean reward: 25.375, 	Mean reward done: 4.614205360412598
Step: 6184960	Mean reward: 22.96875, 	Mean reward done: 3.7389345169067383
Step: 6193152	Mean reward: 24.46875, 	Mean reward done: 3.861729621887207
Step: 6201344	Mean reward: 23.34375, 	Mean reward done: 3.9425532817840576
Step: 6209536	Mean reward: 24.5, 	Mean reward done: 4.732147216796875
Step: 6217728	Mean reward: 23.625, 	Mean reward done: 3.477450370788574
Step: 6225920	Mean reward: 23.6875, 	Mean reward done: 4.047544002532959
Step: 6234112	Mean reward: 23.71875, 	Mean reward done: 4.183765411376953
Step: 6242304	Mean reward: 25.90625, 	Mean reward done: 4.453466415405273
Step: 6250496	Mean reward: 23.5, 	Mean reward done: 3.7612714767456055
Step: 6258688	Mean reward: 22.5625, 	Mean reward done: 3.5856704711914062
Step: 6266880	Mean reward: 21.5, 	Mean reward done: 3.3427867889404297
Step: 6275072	Mean reward: 23.6875, 	Mean reward done: 4.290921688079834
Step: 6283264	Mean reward: 23.375, 	Mean reward done: 4.348094463348389
Step: 6291456	Mean reward: 23.59375, 	Mean reward done: 4.009091854095459
Step: 6299648	Mean reward: 23.75, 	Mean reward done: 4.067831516265869
Step: 6307840	Mean reward: 22.65625, 	Mean reward done: 3.6214492321014404
Step: 6316032	Mean reward: 20.15625, 	Mean reward done: 3.2365493774414062
Step: 6324224	Mean reward: 21.0, 	Mean reward done: 3.494215965270996
Step: 6332416	Mean reward: 22.8125, 	Mean reward done: 3.781271457672119
Step: 6340608	Mean reward: 21.90625, 	Mean reward done: 3.6804845333099365
Step: 6348800	Mean reward: 20.90625, 	Mean reward done: 3.2631912231445312
Step: 6356992	Mean reward: 23.21875, 	Mean reward done: 3.8849375247955322
Step: 6365184	Mean reward: 23.40625, 	Mean reward done: 4.16486120223999
Step: 6373376	Mean reward: 22.5625, 	Mean reward done: 3.575502634048462
Step: 6381568	Mean reward: 22.75, 	Mean reward done: 4.07767915725708
Step: 6389760	Mean reward: 22.40625, 	Mean reward done: 3.0896968841552734
Step: 6397952	Mean reward: 23.0, 	Mean reward done: 3.6820430755615234
Step: 6406144	Mean reward: 23.09375, 	Mean reward done: 3.2700467109680176
Step: 6414336	Mean reward: 22.03125, 	Mean reward done: 3.213233709335327
Step: 6422528	Mean reward: 22.9375, 	Mean reward done: 4.083773612976074
Step: 6430720	Mean reward: 22.53125, 	Mean reward done: 3.2697248458862305
Step: 6438912	Mean reward: 23.8125, 	Mean reward done: 4.132969856262207
Step: 6447104	Mean reward: 24.1875, 	Mean reward done: 4.161471843719482
Step: 6455296	Mean reward: 22.03125, 	Mean reward done: 3.5324974060058594
Step: 6463488	Mean reward: 24.5, 	Mean reward done: 4.158328056335449
Step: 6471680	Mean reward: 24.46875, 	Mean reward done: 3.699885606765747
Step: 6479872	Mean reward: 23.90625, 	Mean reward done: 4.417866230010986
Step: 6488064	Mean reward: 24.3125, 	Mean reward done: 4.099174499511719
Step: 6496256	Mean reward: 23.5, 	Mean reward done: 3.678232431411743
Step: 6504448	Mean reward: 25.28125, 	Mean reward done: 4.324232578277588
Step: 6512640	Mean reward: 25.28125, 	Mean reward done: 4.214719295501709
Step: 6520832	Mean reward: 24.40625, 	Mean reward done: 4.1960530281066895
Step: 6529024	Mean reward: 22.78125, 	Mean reward done: 3.8817477226257324
Step: 6537216	Mean reward: 24.21875, 	Mean reward done: 4.126714706420898
Step: 6545408	Mean reward: 24.9375, 	Mean reward done: 4.288491725921631
Step: 6553600	Mean reward: 23.875, 	Mean reward done: 3.5215659141540527
Step: 6561792	Mean reward: 25.1875, 	Mean reward done: 4.374131679534912
Step: 6569984	Mean reward: 23.25, 	Mean reward done: 3.778855800628662
Step: 6578176	Mean reward: 25.46875, 	Mean reward done: 4.882323741912842
Step: 6586368	Mean reward: 24.9375, 	Mean reward done: 4.114589691162109
Step: 6594560	Mean reward: 23.09375, 	Mean reward done: 3.7191824913024902
Step: 6602752	Mean reward: 25.71875, 	Mean reward done: 4.65017032623291
Step: 6610944	Mean reward: 22.875, 	Mean reward done: 3.280130624771118
Step: 6619136	Mean reward: 24.25, 	Mean reward done: 4.29870080947876
Step: 6627328	Mean reward: 24.71875, 	Mean reward done: 4.318691253662109
Step: 6635520	Mean reward: 22.4375, 	Mean reward done: 3.1779613494873047
Step: 6643712	Mean reward: 22.78125, 	Mean reward done: 3.5903117656707764
Step: 6651904	Mean reward: 24.59375, 	Mean reward done: 4.029882907867432
Step: 6660096	Mean reward: 23.0, 	Mean reward done: 3.6864142417907715
Step: 6668288	Mean reward: 21.5, 	Mean reward done: 3.4317917823791504
Step: 6676480	Mean reward: 22.96875, 	Mean reward done: 3.8393712043762207
Step: 6684672	Mean reward: 23.28125, 	Mean reward done: 4.3189377784729
Step: 6692864	Mean reward: 24.0625, 	Mean reward done: 3.6531779766082764
Step: 6701056	Mean reward: 24.5, 	Mean reward done: 4.245260715484619
Step: 6709248	Mean reward: 23.4375, 	Mean reward done: 3.8626809120178223
Step: 6717440	Mean reward: 21.6875, 	Mean reward done: 3.297598123550415
Step: 6725632	Mean reward: 23.28125, 	Mean reward done: 4.053308010101318
Step: 6733824	Mean reward: 25.09375, 	Mean reward done: 4.29897928237915
Step: 6742016	Mean reward: 24.34375, 	Mean reward done: 3.3882293701171875
Step: 6750208	Mean reward: 22.78125, 	Mean reward done: 4.0129828453063965
Step: 6758400	Mean reward: 22.65625, 	Mean reward done: 3.487114906311035
Step: 6766592	Mean reward: 22.125, 	Mean reward done: 3.272797107696533
Step: 6774784	Mean reward: 22.78125, 	Mean reward done: 4.002262115478516
Step: 6782976	Mean reward: 24.1875, 	Mean reward done: 3.829214572906494
Step: 6791168	Mean reward: 22.1875, 	Mean reward done: 3.404585123062134
Step: 6799360	Mean reward: 23.0, 	Mean reward done: 4.2651872634887695
Step: 6807552	Mean reward: 22.34375, 	Mean reward done: 3.3937301635742188
Step: 6815744	Mean reward: 23.3125, 	Mean reward done: 3.7980234622955322
Step: 6823936	Mean reward: 23.84375, 	Mean reward done: 4.164359092712402
Step: 6832128	Mean reward: 23.90625, 	Mean reward done: 3.7000017166137695
Step: 6840320	Mean reward: 22.46875, 	Mean reward done: 3.5655152797698975
Step: 6848512	Mean reward: 23.65625, 	Mean reward done: 4.236902713775635
Step: 6856704	Mean reward: 23.9375, 	Mean reward done: 3.834383249282837
Step: 6864896	Mean reward: 22.65625, 	Mean reward done: 4.069034099578857
Step: 6873088	Mean reward: 24.84375, 	Mean reward done: 4.27359676361084
Step: 6881280	Mean reward: 23.875, 	Mean reward done: 4.165217399597168
Step: 6889472	Mean reward: 23.53125, 	Mean reward done: 3.3841664791107178
Step: 6897664	Mean reward: 24.46875, 	Mean reward done: 3.7393791675567627
Step: 6905856	Mean reward: 21.5625, 	Mean reward done: 3.5127646923065186
Step: 6914048	Mean reward: 24.09375, 	Mean reward done: 4.240198612213135
Step: 6922240	Mean reward: 25.28125, 	Mean reward done: 4.581745147705078
Step: 6930432	Mean reward: 24.375, 	Mean reward done: 3.985506057739258
Step: 6938624	Mean reward: 24.3125, 	Mean reward done: 4.033163070678711
Step: 6946816	Mean reward: 23.65625, 	Mean reward done: 3.75506591796875
Step: 6955008	Mean reward: 23.90625, 	Mean reward done: 4.225880146026611
Step: 6963200	Mean reward: 22.875, 	Mean reward done: 3.3667092323303223
Step: 6971392	Mean reward: 23.40625, 	Mean reward done: 4.007002830505371
Step: 6979584	Mean reward: 24.375, 	Mean reward done: 3.7942731380462646
Step: 6987776	Mean reward: 23.1875, 	Mean reward done: 4.502899646759033
Step: 6995968	Mean reward: 22.34375, 	Mean reward done: 3.6855673789978027
Step: 7004160	Mean reward: 24.25, 	Mean reward done: 4.491899490356445
Step: 7012352	Mean reward: 22.5, 	Mean reward done: 3.4524717330932617
Step: 7020544	Mean reward: 21.875, 	Mean reward done: 3.3415799140930176
Step: 7028736	Mean reward: 23.5625, 	Mean reward done: 4.112600326538086
Step: 7036928	Mean reward: 23.65625, 	Mean reward done: 3.7844865322113037
Step: 7045120	Mean reward: 24.65625, 	Mean reward done: 4.6082987785339355
Step: 7053312	Mean reward: 24.625, 	Mean reward done: 4.233323097229004
Step: 7061504	Mean reward: 24.53125, 	Mean reward done: 3.8010780811309814
Step: 7069696	Mean reward: 24.6875, 	Mean reward done: 4.394230842590332
Step: 7077888	Mean reward: 24.34375, 	Mean reward done: 3.901258707046509
Step: 7086080	Mean reward: 22.71875, 	Mean reward done: 3.6873056888580322
Step: 7094272	Mean reward: 23.21875, 	Mean reward done: 3.784583568572998
Step: 7102464	Mean reward: 23.25, 	Mean reward done: 4.2548370361328125
Step: 7110656	Mean reward: 22.78125, 	Mean reward done: 3.299579381942749
Step: 7118848	Mean reward: 23.46875, 	Mean reward done: 3.6728146076202393
Step: 7127040	Mean reward: 23.40625, 	Mean reward done: 4.545162677764893
Step: 7135232	Mean reward: 22.75, 	Mean reward done: 3.3999528884887695
Step: 7143424	Mean reward: 22.21875, 	Mean reward done: 4.047989845275879
Step: 7151616	Mean reward: 24.25, 	Mean reward done: 4.201338291168213
Step: 7159808	Mean reward: 22.71875, 	Mean reward done: 3.725748062133789
Step: 7168000	Mean reward: 23.21875, 	Mean reward done: 3.7709619998931885
Step: 7176192	Mean reward: 23.96875, 	Mean reward done: 3.7763025760650635
Step: 7184384	Mean reward: 22.34375, 	Mean reward done: 3.718691349029541
Step: 7192576	Mean reward: 23.78125, 	Mean reward done: 4.113271713256836
Step: 7200768	Mean reward: 23.0, 	Mean reward done: 3.6082987785339355
Step: 7208960	Mean reward: 22.3125, 	Mean reward done: 3.985727310180664
Step: 7217152	Mean reward: 24.03125, 	Mean reward done: 3.9971117973327637
Step: 7225344	Mean reward: 20.90625, 	Mean reward done: 3.3045201301574707
Step: 7233536	Mean reward: 22.28125, 	Mean reward done: 3.585439920425415
Step: 7241728	Mean reward: 22.84375, 	Mean reward done: 3.5867888927459717
Step: 7249920	Mean reward: 22.9375, 	Mean reward done: 3.6427605152130127
Step: 7258112	Mean reward: 22.34375, 	Mean reward done: 3.6741771697998047
Step: 7266304	Mean reward: 23.5, 	Mean reward done: 3.9318249225616455
Step: 7274496	Mean reward: 23.34375, 	Mean reward done: 4.487407207489014
Step: 7282688	Mean reward: 22.53125, 	Mean reward done: 3.310999631881714
Step: 7290880	Mean reward: 21.46875, 	Mean reward done: 3.220024585723877
Step: 7299072	Mean reward: 23.34375, 	Mean reward done: 3.924914836883545
Step: 7307264	Mean reward: 23.8125, 	Mean reward done: 4.045198917388916
Step: 7315456	Mean reward: 22.9375, 	Mean reward done: 3.9943737983703613
Step: 7323648	Mean reward: 23.03125, 	Mean reward done: 3.632638454437256
Step: 7331840	Mean reward: 23.4375, 	Mean reward done: 4.644232749938965
Step: 7340032	Mean reward: 24.34375, 	Mean reward done: 4.012622833251953
Step: 7348224	Mean reward: 23.125, 	Mean reward done: 3.612623691558838
Step: 7356416	Mean reward: 23.5, 	Mean reward done: 3.664552927017212
Step: 7364608	Mean reward: 21.8125, 	Mean reward done: 3.3621177673339844
Step: 7372800	Mean reward: 24.0625, 	Mean reward done: 4.021975517272949
Step: 7380992	Mean reward: 24.53125, 	Mean reward done: 4.565423011779785
Step: 7389184	Mean reward: 22.875, 	Mean reward done: 3.688941717147827
Step: 7397376	Mean reward: 23.09375, 	Mean reward done: 3.4042177200317383
Step: 7405568	Mean reward: 23.5625, 	Mean reward done: 3.9599926471710205
Step: 7413760	Mean reward: 21.71875, 	Mean reward done: 3.531320333480835
Step: 7421952	Mean reward: 22.84375, 	Mean reward done: 3.4272754192352295
Step: 7430144	Mean reward: 22.53125, 	Mean reward done: 3.268580675125122
Step: 7438336	Mean reward: 22.71875, 	Mean reward done: 3.3727285861968994
Step: 7446528	Mean reward: 23.40625, 	Mean reward done: 4.1013031005859375
Step: 7454720	Mean reward: 23.65625, 	Mean reward done: 3.9689149856567383
Step: 7462912	Mean reward: 23.5, 	Mean reward done: 3.6902272701263428
Step: 7471104	Mean reward: 23.96875, 	Mean reward done: 3.8116061687469482
Step: 7479296	Mean reward: 22.28125, 	Mean reward done: 3.9962780475616455
Step: 7487488	Mean reward: 24.0, 	Mean reward done: 3.7169792652130127
Step: 7495680	Mean reward: 25.34375, 	Mean reward done: 5.241096496582031
Step: 7503872	Mean reward: 23.96875, 	Mean reward done: 3.72857403755188
Step: 7512064	Mean reward: 23.6875, 	Mean reward done: 4.4770684242248535
Step: 7520256	Mean reward: 23.3125, 	Mean reward done: 3.7029764652252197
Step: 7528448	Mean reward: 21.84375, 	Mean reward done: 3.2505950927734375
Step: 7536640	Mean reward: 22.90625, 	Mean reward done: 3.4078240394592285
Step: 7544832	Mean reward: 21.09375, 	Mean reward done: 4.111136436462402
Step: 7553024	Mean reward: 21.8125, 	Mean reward done: 3.111220121383667
Step: 7561216	Mean reward: 23.71875, 	Mean reward done: 4.034920692443848
Step: 7569408	Mean reward: 23.96875, 	Mean reward done: 4.550384044647217
Step: 7577600	Mean reward: 23.28125, 	Mean reward done: 3.7462689876556396
Step: 7585792	Mean reward: 24.03125, 	Mean reward done: 4.2774834632873535
Step: 7593984	Mean reward: 23.875, 	Mean reward done: 4.195629119873047
Step: 7602176	Mean reward: 22.4375, 	Mean reward done: 3.394430637359619
Step: 7610368	Mean reward: 23.875, 	Mean reward done: 4.501957893371582
Step: 7618560	Mean reward: 22.9375, 	Mean reward done: 3.6633760929107666
Step: 7626752	Mean reward: 22.375, 	Mean reward done: 3.7043471336364746
Step: 7634944	Mean reward: 21.40625, 	Mean reward done: 3.5553083419799805
Step: 7643136	Mean reward: 21.8125, 	Mean reward done: 3.886503219604492
Step: 7651328	Mean reward: 23.3125, 	Mean reward done: 3.7540292739868164
Step: 7659520	Mean reward: 24.28125, 	Mean reward done: 4.443231105804443
Step: 7667712	Mean reward: 23.4375, 	Mean reward done: 3.9327547550201416
Step: 7675904	Mean reward: 21.0625, 	Mean reward done: 3.6079771518707275
Step: 7684096	Mean reward: 21.625, 	Mean reward done: 3.632425308227539
Step: 7692288	Mean reward: 22.78125, 	Mean reward done: 3.6833486557006836
Step: 7700480	Mean reward: 20.59375, 	Mean reward done: 3.1040842533111572
Step: 7708672	Mean reward: 20.53125, 	Mean reward done: 3.0146656036376953
Step: 7716864	Mean reward: 24.21875, 	Mean reward done: 4.368957042694092
Step: 7725056	Mean reward: 24.0, 	Mean reward done: 3.7352778911590576
Step: 7733248	Mean reward: 23.1875, 	Mean reward done: 3.49568510055542
Step: 7741440	Mean reward: 22.40625, 	Mean reward done: 3.9485042095184326
Step: 7749632	Mean reward: 22.75, 	Mean reward done: 4.179664611816406
Step: 7757824	Mean reward: 23.53125, 	Mean reward done: 4.163117408752441
Step: 7766016	Mean reward: 24.15625, 	Mean reward done: 3.8141396045684814
Step: 7774208	Mean reward: 23.75, 	Mean reward done: 4.118775367736816
Step: 7782400	Mean reward: 20.3125, 	Mean reward done: 2.9508016109466553
Step: 7790592	Mean reward: 22.59375, 	Mean reward done: 3.389742612838745
Step: 7798784	Mean reward: 21.53125, 	Mean reward done: 3.5728838443756104
Step: 7806976	Mean reward: 24.6875, 	Mean reward done: 4.3509392738342285
Step: 7815168	Mean reward: 24.46875, 	Mean reward done: 4.269954681396484
Step: 7823360	Mean reward: 23.21875, 	Mean reward done: 3.4986634254455566
Step: 7831552	Mean reward: 23.5, 	Mean reward done: 4.299914360046387
Step: 7839744	Mean reward: 24.625, 	Mean reward done: 4.055050373077393
Step: 7847936	Mean reward: 24.625, 	Mean reward done: 4.336129188537598
Step: 7856128	Mean reward: 22.875, 	Mean reward done: 3.9164199829101562
Step: 7864320	Mean reward: 23.78125, 	Mean reward done: 4.069626331329346
Step: 7872512	Mean reward: 23.9375, 	Mean reward done: 3.730625629425049
Step: 7880704	Mean reward: 23.15625, 	Mean reward done: 3.771477699279785
Step: 7888896	Mean reward: 23.875, 	Mean reward done: 4.002413749694824
Step: 7897088	Mean reward: 23.21875, 	Mean reward done: 3.5246565341949463
Step: 7905280	Mean reward: 22.59375, 	Mean reward done: 3.983956813812256
Step: 7913472	Mean reward: 23.1875, 	Mean reward done: 3.8221962451934814
Step: 7921664	Mean reward: 22.9375, 	Mean reward done: 3.441020965576172
Step: 7929856	Mean reward: 21.90625, 	Mean reward done: 3.193648099899292
Step: 7938048	Mean reward: 23.4375, 	Mean reward done: 4.510472774505615
Step: 7946240	Mean reward: 22.75, 	Mean reward done: 3.919699192047119
Step: 7954432	Mean reward: 21.6875, 	Mean reward done: 3.975842237472534
Step: 7962624	Mean reward: 22.40625, 	Mean reward done: 3.684795379638672
Step: 7970816	Mean reward: 21.5625, 	Mean reward done: 3.6451189517974854
Step: 7979008	Mean reward: 24.0625, 	Mean reward done: 4.21812629699707
Step: 7987200	Mean reward: 22.0, 	Mean reward done: 3.8448448181152344
Step: 7995392	Mean reward: 22.8125, 	Mean reward done: 3.616615056991577
Step: 8003584	Mean reward: 20.65625, 	Mean reward done: 3.220186471939087
Completed training of sd_i_mx_sp!

------------------------------------------------------------
Sender: LSF System <lsfadmin@n-62-20-14>
Subject: Job 8473435: <sd_i_mx_sp> in cluster <dcc> Done

Job <sd_i_mx_sp> was submitted from host <n-62-30-4> by user <s192288> in cluster <dcc> at Thu Dec  3 20:27:13 2020
Job was executed on host(s) <n-62-20-14>, in queue <gpuv100>, as user <s192288> in cluster <dcc> at Thu Dec  3 20:28:47 2020
</zhome/09/9/144141> was used as the home directory.
</zhome/09/9/144141/Desktop/Deep_l_hpc> was used as the working directory.
Started at Thu Dec  3 20:28:47 2020
Terminated at Fri Dec  4 07:51:14 2020
Results reported at Fri Dec  4 07:51:14 2020

Your job looked like:

------------------------------------------------------------
# LSBATCH: User input
#!/bin/sh

#BSUB -J sd_i_mx_sp

#BSUB -q gpuv100

#BSUB -gpu "num=1"

#BSUB -n 1

#BSUB -W 23:45

#BSUB -R "rusage[mem=16GB]"

#BSUB -o sd_i_mx_sp.out

#BSUB -e sd_i_mx_sp.err

# Load modules

module load python3/3.8.2
module load cuda/8.0
module load cudnn/v7.0-prod-cuda8
module load ffmpeg/4.2.2
pip3 install --user torch matplotlib procgen gym 

# 1 = model_name, 2 = encoder_index, 3 = aug_index, 4 = mix_reg, 5 = game
#the name of the run
#encoder_index 0 = Impala, 1 = Nature  
#aug_index: 0 = None, 1 = grayscale, 2 = random_cutout, 3 = color_jitter
#mixreg: 0 = False, 1 = True 
#type of game

python3 train_ppo.py sd_i_mx_sp 0 0 1 starpilot 



------------------------------------------------------------

Successfully completed.

Resource usage summary:

    CPU time :                                   40773.58 sec.
    Max Memory :                                 9089 MB
    Average Memory :                             9046.09 MB
    Total Requested Memory :                     16384.00 MB
    Delta Memory :                               7295.00 MB
    Max Swap :                                   -
    Max Processes :                              4
    Max Threads :                                13
    Run time :                                   40948 sec.
    Turnaround time :                            41041 sec.

The output (if any) is above this job summary.



PS:

Read file <sd_i_mx_sp.err> for stderr output of this job.

