Requirement already satisfied: torch in /zhome/09/9/144141/.local/lib/python3.8/site-packages (1.7.0)
Requirement already satisfied: matplotlib in /zhome/09/9/144141/.local/lib/python3.8/site-packages (3.3.3)
Requirement already satisfied: procgen in /zhome/09/9/144141/.local/lib/python3.8/site-packages (0.10.4)
Requirement already satisfied: gym in /zhome/09/9/144141/.local/lib/python3.8/site-packages (0.17.3)
Requirement already satisfied: typing-extensions in /zhome/09/9/144141/.local/lib/python3.8/site-packages (from torch) (3.7.4.3)
Requirement already satisfied: numpy in /zhome/09/9/144141/.local/lib/python3.8/site-packages (from torch) (1.19.4)
Requirement already satisfied: future in /zhome/09/9/144141/.local/lib/python3.8/site-packages (from torch) (0.18.2)
Requirement already satisfied: dataclasses in /zhome/09/9/144141/.local/lib/python3.8/site-packages (from torch) (0.6)
Requirement already satisfied: pillow>=6.2.0 in /zhome/09/9/144141/.local/lib/python3.8/site-packages (from matplotlib) (8.0.1)
Requirement already satisfied: python-dateutil>=2.1 in /zhome/09/9/144141/.local/lib/python3.8/site-packages (from matplotlib) (2.8.1)
Requirement already satisfied: kiwisolver>=1.0.1 in /zhome/09/9/144141/.local/lib/python3.8/site-packages (from matplotlib) (1.3.1)
Requirement already satisfied: pyparsing!=2.0.4,!=2.1.2,!=2.1.6,>=2.0.3 in /zhome/09/9/144141/.local/lib/python3.8/site-packages (from matplotlib) (2.4.7)
Requirement already satisfied: cycler>=0.10 in /zhome/09/9/144141/.local/lib/python3.8/site-packages (from matplotlib) (0.10.0)
Requirement already satisfied: filelock<4.0.0,>=3.0.0 in /zhome/09/9/144141/.local/lib/python3.8/site-packages (from procgen) (3.0.12)
Requirement already satisfied: gym3<1.0.0,>=0.3.3 in /zhome/09/9/144141/.local/lib/python3.8/site-packages (from procgen) (0.3.3)
Requirement already satisfied: scipy in /zhome/09/9/144141/.local/lib/python3.8/site-packages (from gym) (1.5.4)
Requirement already satisfied: pyglet<=1.5.0,>=1.4.0 in /zhome/09/9/144141/.local/lib/python3.8/site-packages (from gym) (1.5.0)
Requirement already satisfied: cloudpickle<1.7.0,>=1.2.0 in /zhome/09/9/144141/.local/lib/python3.8/site-packages (from gym) (1.6.0)
Requirement already satisfied: six>=1.5 in /zhome/09/9/144141/.local/lib/python3.8/site-packages (from python-dateutil>=2.1->matplotlib) (1.15.0)
Requirement already satisfied: cffi<2.0.0,>=1.13.0 in /zhome/09/9/144141/.local/lib/python3.8/site-packages (from gym3<1.0.0,>=0.3.3->procgen) (1.14.4)
Requirement already satisfied: imageio<3.0.0,>=2.6.0 in /zhome/09/9/144141/.local/lib/python3.8/site-packages (from gym3<1.0.0,>=0.3.3->procgen) (2.9.0)
Requirement already satisfied: moderngl<6.0.0,>=5.5.4 in /zhome/09/9/144141/.local/lib/python3.8/site-packages (from gym3<1.0.0,>=0.3.3->procgen) (5.6.2)
Requirement already satisfied: glfw<2.0.0,>=1.8.6 in /zhome/09/9/144141/.local/lib/python3.8/site-packages (from gym3<1.0.0,>=0.3.3->procgen) (1.12.0)
Requirement already satisfied: imageio-ffmpeg<0.4.0,>=0.3.0 in /zhome/09/9/144141/.local/lib/python3.8/site-packages (from gym3<1.0.0,>=0.3.3->procgen) (0.3.0)
Requirement already satisfied: pycparser in /zhome/09/9/144141/.local/lib/python3.8/site-packages (from cffi<2.0.0,>=1.13.0->gym3<1.0.0,>=0.3.3->procgen) (2.20)
Requirement already satisfied: glcontext<3,>=2 in /zhome/09/9/144141/.local/lib/python3.8/site-packages (from moderngl<6.0.0,>=5.5.4->gym3<1.0.0,>=0.3.3->procgen) (2.2.0)
Run name sd_i_na_sp
Encoder used Impala
Augumentation used none
Mixreg? True
Game starpilot
Observation space: Box(0.0, 1.0, (3, 64, 64), float32)
Action space: 15
Beware of the Impala!

------------------------------------------------------------
Sender: LSF System <lsfadmin@n-62-20-3>
Subject: Job 8473432: <sd_i_na_sp> in cluster <dcc> Exited

Job <sd_i_na_sp> was submitted from host <n-62-30-4> by user <s192288> in cluster <dcc> at Thu Dec  3 20:25:22 2020
Job was executed on host(s) <n-62-20-3>, in queue <gpuv100>, as user <s192288> in cluster <dcc> at Thu Dec  3 20:25:23 2020
</zhome/09/9/144141> was used as the home directory.
</zhome/09/9/144141/Desktop/Deep_l_hpc> was used as the working directory.
Started at Thu Dec  3 20:25:23 2020
Terminated at Thu Dec  3 20:25:58 2020
Results reported at Thu Dec  3 20:25:58 2020

Your job looked like:

------------------------------------------------------------
# LSBATCH: User input
#!/bin/sh

#BSUB -J sd_i_na_sp

#BSUB -q gpuv100

#BSUB -gpu "num=1"

#BSUB -n 1

#BSUB -W 23:45

#BSUB -R "rusage[mem=16GB]"

#BSUB -o sd_i_na_sp.out

#BSUB -e sd_i_na_sp.err

# Load modules

module load python3/3.8.2
module load cuda/8.0
module load cudnn/v7.0-prod-cuda8
module load ffmpeg/4.2.2
pip3 install --user torch matplotlib procgen gym 

# 1 = model_name, 2 = encoder_index, 3 = aug_index, 4 = mix_reg, 5 = game
#the name of the run
#encoder_index 0 = Impala, 1 = Nature  
#aug_index: 0 = None, 1 = grayscale, 2 = random_cutout, 3 = color_jitter
#mixreg: 0 = False, 1 = True 
#type of game

python3 train_ppo.py sd_i_na_sp 0 0 1 starpilot 



------------------------------------------------------------

TERM_OWNER: job killed by owner.
Exited with exit code 130.

Resource usage summary:

    CPU time :                                   27.52 sec.
    Max Memory :                                 9043 MB
    Average Memory :                             6808.67 MB
    Total Requested Memory :                     16384.00 MB
    Delta Memory :                               7341.00 MB
    Max Swap :                                   -
    Max Processes :                              4
    Max Threads :                                13
    Run time :                                   111 sec.
    Turnaround time :                            36 sec.

The output (if any) is above this job summary.



PS:

Read file <sd_i_na_sp.err> for stderr output of this job.

Requirement already satisfied: torch in /zhome/09/9/144141/.local/lib/python3.8/site-packages (1.7.0)
Requirement already satisfied: matplotlib in /zhome/09/9/144141/.local/lib/python3.8/site-packages (3.3.3)
Requirement already satisfied: procgen in /zhome/09/9/144141/.local/lib/python3.8/site-packages (0.10.4)
Requirement already satisfied: gym in /zhome/09/9/144141/.local/lib/python3.8/site-packages (0.17.3)
Requirement already satisfied: typing-extensions in /zhome/09/9/144141/.local/lib/python3.8/site-packages (from torch) (3.7.4.3)
Requirement already satisfied: dataclasses in /zhome/09/9/144141/.local/lib/python3.8/site-packages (from torch) (0.6)
Requirement already satisfied: future in /zhome/09/9/144141/.local/lib/python3.8/site-packages (from torch) (0.18.2)
Requirement already satisfied: numpy in /zhome/09/9/144141/.local/lib/python3.8/site-packages (from torch) (1.19.4)
Requirement already satisfied: pillow>=6.2.0 in /zhome/09/9/144141/.local/lib/python3.8/site-packages (from matplotlib) (8.0.1)
Requirement already satisfied: python-dateutil>=2.1 in /zhome/09/9/144141/.local/lib/python3.8/site-packages (from matplotlib) (2.8.1)
Requirement already satisfied: kiwisolver>=1.0.1 in /zhome/09/9/144141/.local/lib/python3.8/site-packages (from matplotlib) (1.3.1)
Requirement already satisfied: cycler>=0.10 in /zhome/09/9/144141/.local/lib/python3.8/site-packages (from matplotlib) (0.10.0)
Requirement already satisfied: pyparsing!=2.0.4,!=2.1.2,!=2.1.6,>=2.0.3 in /zhome/09/9/144141/.local/lib/python3.8/site-packages (from matplotlib) (2.4.7)
Requirement already satisfied: gym3<1.0.0,>=0.3.3 in /zhome/09/9/144141/.local/lib/python3.8/site-packages (from procgen) (0.3.3)
Requirement already satisfied: filelock<4.0.0,>=3.0.0 in /zhome/09/9/144141/.local/lib/python3.8/site-packages (from procgen) (3.0.12)
Requirement already satisfied: scipy in /zhome/09/9/144141/.local/lib/python3.8/site-packages (from gym) (1.5.4)
Requirement already satisfied: pyglet<=1.5.0,>=1.4.0 in /zhome/09/9/144141/.local/lib/python3.8/site-packages (from gym) (1.5.0)
Requirement already satisfied: cloudpickle<1.7.0,>=1.2.0 in /zhome/09/9/144141/.local/lib/python3.8/site-packages (from gym) (1.6.0)
Requirement already satisfied: six>=1.5 in /zhome/09/9/144141/.local/lib/python3.8/site-packages (from python-dateutil>=2.1->matplotlib) (1.15.0)
Requirement already satisfied: imageio<3.0.0,>=2.6.0 in /zhome/09/9/144141/.local/lib/python3.8/site-packages (from gym3<1.0.0,>=0.3.3->procgen) (2.9.0)
Requirement already satisfied: glfw<2.0.0,>=1.8.6 in /zhome/09/9/144141/.local/lib/python3.8/site-packages (from gym3<1.0.0,>=0.3.3->procgen) (1.12.0)
Requirement already satisfied: imageio-ffmpeg<0.4.0,>=0.3.0 in /zhome/09/9/144141/.local/lib/python3.8/site-packages (from gym3<1.0.0,>=0.3.3->procgen) (0.3.0)
Requirement already satisfied: cffi<2.0.0,>=1.13.0 in /zhome/09/9/144141/.local/lib/python3.8/site-packages (from gym3<1.0.0,>=0.3.3->procgen) (1.14.4)
Requirement already satisfied: moderngl<6.0.0,>=5.5.4 in /zhome/09/9/144141/.local/lib/python3.8/site-packages (from gym3<1.0.0,>=0.3.3->procgen) (5.6.2)
Requirement already satisfied: pycparser in /zhome/09/9/144141/.local/lib/python3.8/site-packages (from cffi<2.0.0,>=1.13.0->gym3<1.0.0,>=0.3.3->procgen) (2.20)
Requirement already satisfied: glcontext<3,>=2 in /zhome/09/9/144141/.local/lib/python3.8/site-packages (from moderngl<6.0.0,>=5.5.4->gym3<1.0.0,>=0.3.3->procgen) (2.2.0)
Run name sd_i_na_sp
Encoder used Impala
Augumentation used none
Mixreg? False
Game starpilot
Observation space: Box(0.0, 1.0, (3, 64, 64), float32)
Action space: 15
Beware of the Impala!
Step: 8192	Mean reward: 5.21875, 	Mean reward done: 2.3830788135528564
Estimated time of completion: 5.179288305549158 hours
Step: 16384	Mean reward: 5.25, 	Mean reward done: 1.1967449188232422
Step: 24576	Mean reward: 5.28125, 	Mean reward done: 1.239084243774414
Step: 32768	Mean reward: 6.8125, 	Mean reward done: 1.7025870084762573
Step: 40960	Mean reward: 7.65625, 	Mean reward done: 1.867637276649475
Step: 49152	Mean reward: 6.75, 	Mean reward done: 1.6252695322036743
Step: 57344	Mean reward: 6.5625, 	Mean reward done: 1.564323902130127
Step: 65536	Mean reward: 7.15625, 	Mean reward done: 1.5980368852615356
Step: 73728	Mean reward: 8.46875, 	Mean reward done: 1.7888200283050537
Step: 81920	Mean reward: 7.53125, 	Mean reward done: 1.6379163265228271
Step: 90112	Mean reward: 7.96875, 	Mean reward done: 1.6782807111740112
Step: 98304	Mean reward: 8.28125, 	Mean reward done: 1.882912039756775
Step: 106496	Mean reward: 8.3125, 	Mean reward done: 1.6263463497161865
Step: 114688	Mean reward: 8.5, 	Mean reward done: 1.9018094539642334
Step: 122880	Mean reward: 9.375, 	Mean reward done: 1.9063493013381958
Step: 131072	Mean reward: 8.375, 	Mean reward done: 1.6283786296844482
Step: 139264	Mean reward: 10.4375, 	Mean reward done: 2.3945717811584473
Step: 147456	Mean reward: 9.65625, 	Mean reward done: 1.9927260875701904
Step: 155648	Mean reward: 10.28125, 	Mean reward done: 2.031898021697998
Step: 163840	Mean reward: 9.59375, 	Mean reward done: 1.9231128692626953
Step: 172032	Mean reward: 10.875, 	Mean reward done: 2.226128339767456
Step: 180224	Mean reward: 10.625, 	Mean reward done: 2.087606191635132
Step: 188416	Mean reward: 11.1875, 	Mean reward done: 2.266237497329712
Step: 196608	Mean reward: 10.4375, 	Mean reward done: 2.0096628665924072
Step: 204800	Mean reward: 12.875, 	Mean reward done: 2.6678121089935303
Step: 212992	Mean reward: 10.5, 	Mean reward done: 1.9335300922393799
Step: 221184	Mean reward: 11.28125, 	Mean reward done: 2.2194056510925293
Step: 229376	Mean reward: 10.78125, 	Mean reward done: 2.009207248687744
Step: 237568	Mean reward: 10.75, 	Mean reward done: 2.004457473754883
Step: 245760	Mean reward: 11.03125, 	Mean reward done: 2.4964346885681152
Step: 253952	Mean reward: 11.625, 	Mean reward done: 2.1922571659088135
Step: 262144	Mean reward: 10.625, 	Mean reward done: 1.9403787851333618
Step: 270336	Mean reward: 12.09375, 	Mean reward done: 2.4305057525634766
Step: 278528	Mean reward: 12.09375, 	Mean reward done: 2.2219905853271484
Step: 286720	Mean reward: 11.0, 	Mean reward done: 2.038087844848633
Step: 294912	Mean reward: 11.21875, 	Mean reward done: 2.098595380783081
Step: 303104	Mean reward: 12.75, 	Mean reward done: 2.375171661376953
Step: 311296	Mean reward: 11.5625, 	Mean reward done: 2.289015769958496
Step: 319488	Mean reward: 12.8125, 	Mean reward done: 2.490489959716797
Step: 327680	Mean reward: 12.4375, 	Mean reward done: 2.290837526321411
Step: 335872	Mean reward: 11.59375, 	Mean reward done: 2.1226351261138916
Step: 344064	Mean reward: 13.4375, 	Mean reward done: 2.483532428741455
Step: 352256	Mean reward: 12.9375, 	Mean reward done: 2.410637378692627
Step: 360448	Mean reward: 11.5, 	Mean reward done: 2.0738086700439453
Step: 368640	Mean reward: 12.8125, 	Mean reward done: 2.1351544857025146
Step: 376832	Mean reward: 12.15625, 	Mean reward done: 2.038564920425415
Step: 385024	Mean reward: 12.53125, 	Mean reward done: 2.245664358139038
Step: 393216	Mean reward: 13.5625, 	Mean reward done: 2.5558950901031494
Step: 401408	Mean reward: 13.125, 	Mean reward done: 2.1153411865234375
Step: 409600	Mean reward: 13.59375, 	Mean reward done: 2.5931801795959473
Step: 417792	Mean reward: 13.34375, 	Mean reward done: 2.21602725982666
Step: 425984	Mean reward: 13.0625, 	Mean reward done: 2.316023111343384
Step: 434176	Mean reward: 12.9375, 	Mean reward done: 2.208620309829712
Step: 442368	Mean reward: 12.96875, 	Mean reward done: 2.053626537322998
Step: 450560	Mean reward: 14.3125, 	Mean reward done: 2.81235408782959
Step: 458752	Mean reward: 12.84375, 	Mean reward done: 2.1741013526916504
Step: 466944	Mean reward: 12.15625, 	Mean reward done: 2.024746894836426
Step: 475136	Mean reward: 13.59375, 	Mean reward done: 2.66687273979187
Step: 483328	Mean reward: 14.25, 	Mean reward done: 2.448002338409424
Step: 491520	Mean reward: 14.0, 	Mean reward done: 2.2148091793060303
Step: 499712	Mean reward: 14.09375, 	Mean reward done: 2.488640069961548
Step: 507904	Mean reward: 14.34375, 	Mean reward done: 2.356910467147827
Step: 516096	Mean reward: 13.59375, 	Mean reward done: 2.3607096672058105
Step: 524288	Mean reward: 13.5, 	Mean reward done: 2.360506057739258
Step: 532480	Mean reward: 13.59375, 	Mean reward done: 2.1213290691375732
Step: 540672	Mean reward: 13.34375, 	Mean reward done: 2.283825397491455
Step: 548864	Mean reward: 14.65625, 	Mean reward done: 2.400749683380127
Step: 557056	Mean reward: 12.4375, 	Mean reward done: 2.018420934677124
Step: 565248	Mean reward: 14.625, 	Mean reward done: 2.5414538383483887
Step: 573440	Mean reward: 13.71875, 	Mean reward done: 2.330465078353882
Step: 581632	Mean reward: 13.4375, 	Mean reward done: 2.0532689094543457
Step: 589824	Mean reward: 14.75, 	Mean reward done: 2.6586830615997314
Step: 598016	Mean reward: 15.875, 	Mean reward done: 2.763580799102783
Step: 606208	Mean reward: 14.4375, 	Mean reward done: 2.680105209350586
Step: 614400	Mean reward: 16.1875, 	Mean reward done: 3.090667247772217
Step: 622592	Mean reward: 15.09375, 	Mean reward done: 2.3819642066955566
Step: 630784	Mean reward: 16.15625, 	Mean reward done: 2.8997461795806885
Step: 638976	Mean reward: 14.125, 	Mean reward done: 2.3497695922851562
Step: 647168	Mean reward: 16.0, 	Mean reward done: 2.6744399070739746
Step: 655360	Mean reward: 15.0, 	Mean reward done: 2.3980422019958496
Step: 663552	Mean reward: 14.46875, 	Mean reward done: 2.415504217147827
Step: 671744	Mean reward: 14.875, 	Mean reward done: 2.6157641410827637
Step: 679936	Mean reward: 13.28125, 	Mean reward done: 2.175405979156494
Step: 688128	Mean reward: 16.71875, 	Mean reward done: 2.712900400161743
Step: 696320	Mean reward: 16.8125, 	Mean reward done: 2.785700559616089
Step: 704512	Mean reward: 14.9375, 	Mean reward done: 2.4724700450897217
Step: 712704	Mean reward: 14.96875, 	Mean reward done: 2.577214479446411
Step: 720896	Mean reward: 14.78125, 	Mean reward done: 2.5943331718444824
Step: 729088	Mean reward: 15.1875, 	Mean reward done: 2.398954391479492
Step: 737280	Mean reward: 15.21875, 	Mean reward done: 2.58497953414917
Step: 745472	Mean reward: 16.15625, 	Mean reward done: 2.7417471408843994
Step: 753664	Mean reward: 16.0, 	Mean reward done: 2.8204848766326904
Step: 761856	Mean reward: 15.65625, 	Mean reward done: 2.5282540321350098
Step: 770048	Mean reward: 15.75, 	Mean reward done: 2.531231641769409
Step: 778240	Mean reward: 14.78125, 	Mean reward done: 2.466738700866699
Step: 786432	Mean reward: 15.375, 	Mean reward done: 2.6545445919036865
Step: 794624	Mean reward: 15.34375, 	Mean reward done: 2.491859197616577
Step: 802816	Mean reward: 14.375, 	Mean reward done: 2.2871997356414795
Step: 811008	Mean reward: 15.15625, 	Mean reward done: 2.4990556240081787
Step: 819200	Mean reward: 16.46875, 	Mean reward done: 2.707064151763916
Step: 827392	Mean reward: 15.6875, 	Mean reward done: 2.5757334232330322
Step: 835584	Mean reward: 15.0, 	Mean reward done: 2.7918171882629395
Step: 843776	Mean reward: 16.875, 	Mean reward done: 3.004767894744873
Step: 851968	Mean reward: 16.0, 	Mean reward done: 2.684887647628784
Step: 860160	Mean reward: 16.15625, 	Mean reward done: 2.7785074710845947
Step: 868352	Mean reward: 16.3125, 	Mean reward done: 2.8471906185150146
Step: 876544	Mean reward: 15.9375, 	Mean reward done: 2.873711109161377
Step: 884736	Mean reward: 16.0625, 	Mean reward done: 2.637907028198242
Step: 892928	Mean reward: 15.625, 	Mean reward done: 2.789837598800659
Step: 901120	Mean reward: 14.1875, 	Mean reward done: 2.1029882431030273
Step: 909312	Mean reward: 16.71875, 	Mean reward done: 2.6814463138580322
Step: 917504	Mean reward: 16.84375, 	Mean reward done: 2.7356467247009277
Step: 925696	Mean reward: 15.375, 	Mean reward done: 2.632725954055786
Step: 933888	Mean reward: 14.25, 	Mean reward done: 2.2204713821411133
Step: 942080	Mean reward: 14.71875, 	Mean reward done: 2.2803046703338623
Step: 950272	Mean reward: 15.6875, 	Mean reward done: 2.7959697246551514
Step: 958464	Mean reward: 17.5625, 	Mean reward done: 3.25638747215271
Step: 966656	Mean reward: 16.03125, 	Mean reward done: 2.672013282775879
Step: 974848	Mean reward: 15.6875, 	Mean reward done: 2.5196402072906494
Step: 983040	Mean reward: 17.65625, 	Mean reward done: 3.1384596824645996
Step: 991232	Mean reward: 16.3125, 	Mean reward done: 2.8909850120544434
Step: 999424	Mean reward: 16.5, 	Mean reward done: 2.646354913711548
Step: 1007616	Mean reward: 15.84375, 	Mean reward done: 2.534128189086914
Step: 1015808	Mean reward: 16.03125, 	Mean reward done: 3.1139585971832275
Step: 1024000	Mean reward: 15.21875, 	Mean reward done: 2.5171728134155273
Step: 1032192	Mean reward: 16.375, 	Mean reward done: 2.7051870822906494
Step: 1040384	Mean reward: 16.0625, 	Mean reward done: 2.4059009552001953
Step: 1048576	Mean reward: 15.6875, 	Mean reward done: 2.601518392562866
Step: 1056768	Mean reward: 18.1875, 	Mean reward done: 2.9853315353393555
Step: 1064960	Mean reward: 15.5625, 	Mean reward done: 2.349576473236084
Step: 1073152	Mean reward: 16.9375, 	Mean reward done: 2.5889487266540527
Step: 1081344	Mean reward: 14.9375, 	Mean reward done: 2.6858489513397217
Step: 1089536	Mean reward: 16.125, 	Mean reward done: 2.427074670791626
Step: 1097728	Mean reward: 15.84375, 	Mean reward done: 2.4925272464752197
Step: 1105920	Mean reward: 18.34375, 	Mean reward done: 3.2434487342834473
Step: 1114112	Mean reward: 16.34375, 	Mean reward done: 2.6605539321899414
Step: 1122304	Mean reward: 17.5625, 	Mean reward done: 2.889206886291504
Step: 1130496	Mean reward: 18.40625, 	Mean reward done: 3.000932216644287
Step: 1138688	Mean reward: 17.03125, 	Mean reward done: 2.8853542804718018
Step: 1146880	Mean reward: 17.6875, 	Mean reward done: 2.81032395362854
Step: 1155072	Mean reward: 16.65625, 	Mean reward done: 2.535076856613159
Step: 1163264	Mean reward: 17.46875, 	Mean reward done: 2.862947463989258
Step: 1171456	Mean reward: 16.6875, 	Mean reward done: 2.6061995029449463
Step: 1179648	Mean reward: 18.4375, 	Mean reward done: 3.5209999084472656
Step: 1187840	Mean reward: 16.78125, 	Mean reward done: 2.856764316558838
Step: 1196032	Mean reward: 17.9375, 	Mean reward done: 3.340385675430298
Step: 1204224	Mean reward: 17.78125, 	Mean reward done: 3.011321544647217
Step: 1212416	Mean reward: 18.09375, 	Mean reward done: 3.054612874984741
Step: 1220608	Mean reward: 17.125, 	Mean reward done: 3.1219019889831543
Step: 1228800	Mean reward: 18.5, 	Mean reward done: 2.8905837535858154
Step: 1236992	Mean reward: 17.21875, 	Mean reward done: 2.6005454063415527
Step: 1245184	Mean reward: 17.25, 	Mean reward done: 2.6475889682769775
Step: 1253376	Mean reward: 17.21875, 	Mean reward done: 2.614077568054199
Step: 1261568	Mean reward: 16.34375, 	Mean reward done: 2.367633819580078
Step: 1269760	Mean reward: 17.75, 	Mean reward done: 2.7123019695281982
Step: 1277952	Mean reward: 17.6875, 	Mean reward done: 3.0512773990631104
Step: 1286144	Mean reward: 17.78125, 	Mean reward done: 3.053661584854126
Step: 1294336	Mean reward: 16.3125, 	Mean reward done: 2.64084529876709
Step: 1302528	Mean reward: 18.1875, 	Mean reward done: 2.9393227100372314
Step: 1310720	Mean reward: 18.90625, 	Mean reward done: 3.271022081375122
Step: 1318912	Mean reward: 17.15625, 	Mean reward done: 2.672025680541992
Step: 1327104	Mean reward: 18.6875, 	Mean reward done: 2.743560791015625
Step: 1335296	Mean reward: 18.8125, 	Mean reward done: 3.36305832862854
Step: 1343488	Mean reward: 17.375, 	Mean reward done: 2.899794340133667
Step: 1351680	Mean reward: 16.9375, 	Mean reward done: 2.6368188858032227
Step: 1359872	Mean reward: 17.71875, 	Mean reward done: 3.2195916175842285
Step: 1368064	Mean reward: 17.25, 	Mean reward done: 2.683839797973633
Step: 1376256	Mean reward: 18.875, 	Mean reward done: 3.268355369567871
Step: 1384448	Mean reward: 18.40625, 	Mean reward done: 3.0929102897644043
Step: 1392640	Mean reward: 17.3125, 	Mean reward done: 3.4884984493255615
Step: 1400832	Mean reward: 16.9375, 	Mean reward done: 2.8466298580169678
Step: 1409024	Mean reward: 17.875, 	Mean reward done: 3.028263807296753
Step: 1417216	Mean reward: 17.4375, 	Mean reward done: 2.9247963428497314
Step: 1425408	Mean reward: 17.75, 	Mean reward done: 3.1568851470947266
Step: 1433600	Mean reward: 19.4375, 	Mean reward done: 3.7362632751464844
Step: 1441792	Mean reward: 17.09375, 	Mean reward done: 2.4618711471557617
Step: 1449984	Mean reward: 17.46875, 	Mean reward done: 3.0938408374786377
Step: 1458176	Mean reward: 18.71875, 	Mean reward done: 2.9552812576293945
Step: 1466368	Mean reward: 18.0625, 	Mean reward done: 2.7885570526123047
Step: 1474560	Mean reward: 19.96875, 	Mean reward done: 3.2240638732910156
Step: 1482752	Mean reward: 19.125, 	Mean reward done: 3.0972061157226562
Step: 1490944	Mean reward: 16.78125, 	Mean reward done: 2.771594524383545
Step: 1499136	Mean reward: 17.1875, 	Mean reward done: 2.687865734100342
Step: 1507328	Mean reward: 18.9375, 	Mean reward done: 3.372661590576172
Step: 1515520	Mean reward: 19.3125, 	Mean reward done: 3.1192574501037598
Step: 1523712	Mean reward: 19.0, 	Mean reward done: 3.560340404510498
Step: 1531904	Mean reward: 20.15625, 	Mean reward done: 3.349533796310425
Step: 1540096	Mean reward: 17.25, 	Mean reward done: 2.602008104324341
Step: 1548288	Mean reward: 19.28125, 	Mean reward done: 3.2690365314483643
Step: 1556480	Mean reward: 16.65625, 	Mean reward done: 2.79144024848938
Step: 1564672	Mean reward: 18.46875, 	Mean reward done: 3.1608920097351074
Step: 1572864	Mean reward: 18.6875, 	Mean reward done: 3.3035378456115723
Step: 1581056	Mean reward: 17.9375, 	Mean reward done: 2.919328451156616
Step: 1589248	Mean reward: 19.5, 	Mean reward done: 3.9590773582458496
Step: 1597440	Mean reward: 18.28125, 	Mean reward done: 2.559987783432007
Step: 1605632	Mean reward: 18.34375, 	Mean reward done: 2.7413766384124756
Step: 1613824	Mean reward: 17.75, 	Mean reward done: 2.99250864982605
Step: 1622016	Mean reward: 18.03125, 	Mean reward done: 3.3383944034576416
Step: 1630208	Mean reward: 18.9375, 	Mean reward done: 3.071908950805664
Step: 1638400	Mean reward: 19.46875, 	Mean reward done: 3.2315664291381836
Step: 1646592	Mean reward: 19.65625, 	Mean reward done: 3.601747512817383
Step: 1654784	Mean reward: 19.34375, 	Mean reward done: 3.2737441062927246
Step: 1662976	Mean reward: 18.25, 	Mean reward done: 3.2431039810180664
Step: 1671168	Mean reward: 18.84375, 	Mean reward done: 2.9346091747283936
Step: 1679360	Mean reward: 17.53125, 	Mean reward done: 2.613523483276367
Step: 1687552	Mean reward: 18.75, 	Mean reward done: 2.8162896633148193
Step: 1695744	Mean reward: 18.8125, 	Mean reward done: 2.9700088500976562
Step: 1703936	Mean reward: 19.21875, 	Mean reward done: 3.3459768295288086
Step: 1712128	Mean reward: 17.96875, 	Mean reward done: 2.9563889503479004
Step: 1720320	Mean reward: 18.21875, 	Mean reward done: 3.276191473007202
Step: 1728512	Mean reward: 20.0625, 	Mean reward done: 3.6512811183929443
Step: 1736704	Mean reward: 19.625, 	Mean reward done: 3.8368215560913086
Step: 1744896	Mean reward: 19.0625, 	Mean reward done: 3.0919744968414307
Step: 1753088	Mean reward: 18.875, 	Mean reward done: 3.299779176712036
Step: 1761280	Mean reward: 18.6875, 	Mean reward done: 3.188101053237915
Step: 1769472	Mean reward: 18.125, 	Mean reward done: 2.9189963340759277
Step: 1777664	Mean reward: 18.0625, 	Mean reward done: 2.663499593734741
Step: 1785856	Mean reward: 19.28125, 	Mean reward done: 3.756096601486206
Step: 1794048	Mean reward: 18.28125, 	Mean reward done: 3.0407910346984863
Step: 1802240	Mean reward: 18.59375, 	Mean reward done: 3.094231128692627
Step: 1810432	Mean reward: 19.90625, 	Mean reward done: 3.557046413421631
Step: 1818624	Mean reward: 19.5625, 	Mean reward done: 3.456197738647461
Step: 1826816	Mean reward: 19.0625, 	Mean reward done: 2.922948122024536
Step: 1835008	Mean reward: 17.9375, 	Mean reward done: 2.7469191551208496
Step: 1843200	Mean reward: 19.5625, 	Mean reward done: 3.379723072052002
Step: 1851392	Mean reward: 20.1875, 	Mean reward done: 3.538989305496216
Step: 1859584	Mean reward: 19.15625, 	Mean reward done: 2.683607578277588
Step: 1867776	Mean reward: 19.0, 	Mean reward done: 3.328580856323242
Step: 1875968	Mean reward: 20.0, 	Mean reward done: 2.9748196601867676
Step: 1884160	Mean reward: 19.78125, 	Mean reward done: 3.401451587677002
Step: 1892352	Mean reward: 18.75, 	Mean reward done: 2.7732458114624023
Step: 1900544	Mean reward: 19.5, 	Mean reward done: 3.286273956298828
Step: 1908736	Mean reward: 20.125, 	Mean reward done: 3.239509344100952
Step: 1916928	Mean reward: 20.15625, 	Mean reward done: 3.1392576694488525
Step: 1925120	Mean reward: 19.75, 	Mean reward done: 3.333246946334839
Step: 1933312	Mean reward: 20.4375, 	Mean reward done: 3.511543035507202
Step: 1941504	Mean reward: 20.09375, 	Mean reward done: 3.3624353408813477
Step: 1949696	Mean reward: 19.46875, 	Mean reward done: 3.322171449661255
Step: 1957888	Mean reward: 18.625, 	Mean reward done: 2.981102228164673
Step: 1966080	Mean reward: 18.9375, 	Mean reward done: 3.0156636238098145
Step: 1974272	Mean reward: 19.3125, 	Mean reward done: 3.1633384227752686
Step: 1982464	Mean reward: 19.625, 	Mean reward done: 3.079336404800415
Step: 1990656	Mean reward: 19.8125, 	Mean reward done: 3.2602317333221436
Step: 1998848	Mean reward: 19.0625, 	Mean reward done: 3.2397568225860596
Step: 2007040	Mean reward: 18.65625, 	Mean reward done: 2.7739524841308594
Step: 2015232	Mean reward: 21.65625, 	Mean reward done: 3.8614449501037598
Step: 2023424	Mean reward: 19.6875, 	Mean reward done: 3.4071240425109863
Step: 2031616	Mean reward: 19.09375, 	Mean reward done: 2.893908739089966
Step: 2039808	Mean reward: 19.71875, 	Mean reward done: 2.9933786392211914
Step: 2048000	Mean reward: 18.65625, 	Mean reward done: 3.4170825481414795
Step: 2056192	Mean reward: 19.625, 	Mean reward done: 3.63511323928833
Step: 2064384	Mean reward: 20.46875, 	Mean reward done: 3.5018310546875
Step: 2072576	Mean reward: 18.9375, 	Mean reward done: 3.042667865753174
Step: 2080768	Mean reward: 21.09375, 	Mean reward done: 3.750953197479248
Step: 2088960	Mean reward: 20.40625, 	Mean reward done: 3.4868335723876953
Step: 2097152	Mean reward: 19.84375, 	Mean reward done: 2.864067554473877
Step: 2105344	Mean reward: 19.53125, 	Mean reward done: 2.9333577156066895
Step: 2113536	Mean reward: 21.15625, 	Mean reward done: 3.6110475063323975
Step: 2121728	Mean reward: 19.25, 	Mean reward done: 2.7735283374786377
Step: 2129920	Mean reward: 20.84375, 	Mean reward done: 3.5969488620758057
Step: 2138112	Mean reward: 19.3125, 	Mean reward done: 2.8118700981140137
Step: 2146304	Mean reward: 18.65625, 	Mean reward done: 2.9337968826293945
Step: 2154496	Mean reward: 18.46875, 	Mean reward done: 2.6911537647247314
Step: 2162688	Mean reward: 20.375, 	Mean reward done: 3.887809991836548
Step: 2170880	Mean reward: 19.59375, 	Mean reward done: 3.2693052291870117
Step: 2179072	Mean reward: 20.21875, 	Mean reward done: 3.5374677181243896
Step: 2187264	Mean reward: 18.09375, 	Mean reward done: 2.634896755218506
Step: 2195456	Mean reward: 21.8125, 	Mean reward done: 3.8757216930389404
Step: 2203648	Mean reward: 20.09375, 	Mean reward done: 3.6862239837646484
Step: 2211840	Mean reward: 21.21875, 	Mean reward done: 3.4254143238067627
Step: 2220032	Mean reward: 20.09375, 	Mean reward done: 3.43550443649292
Step: 2228224	Mean reward: 19.5625, 	Mean reward done: 2.9262678623199463
Step: 2236416	Mean reward: 20.3125, 	Mean reward done: 3.2619075775146484
Step: 2244608	Mean reward: 20.46875, 	Mean reward done: 3.7877798080444336
Step: 2252800	Mean reward: 21.59375, 	Mean reward done: 4.179586410522461
Step: 2260992	Mean reward: 20.8125, 	Mean reward done: 3.2889926433563232
Step: 2269184	Mean reward: 21.40625, 	Mean reward done: 3.7143921852111816
Step: 2277376	Mean reward: 22.46875, 	Mean reward done: 3.7914879322052
Step: 2285568	Mean reward: 22.0, 	Mean reward done: 3.69631028175354
Step: 2293760	Mean reward: 23.21875, 	Mean reward done: 4.51023530960083
Step: 2301952	Mean reward: 20.5, 	Mean reward done: 3.326464891433716
Step: 2310144	Mean reward: 20.6875, 	Mean reward done: 3.3671715259552
Step: 2318336	Mean reward: 21.3125, 	Mean reward done: 3.583794116973877
Step: 2326528	Mean reward: 21.5, 	Mean reward done: 3.912597417831421
Step: 2334720	Mean reward: 20.28125, 	Mean reward done: 3.769425392150879
Step: 2342912	Mean reward: 21.15625, 	Mean reward done: 3.2484638690948486
Step: 2351104	Mean reward: 20.125, 	Mean reward done: 3.27030873298645
Step: 2359296	Mean reward: 20.40625, 	Mean reward done: 3.5878942012786865
Step: 2367488	Mean reward: 21.40625, 	Mean reward done: 3.487434148788452
Step: 2375680	Mean reward: 21.125, 	Mean reward done: 3.1595702171325684
Step: 2383872	Mean reward: 20.3125, 	Mean reward done: 3.4717659950256348
Step: 2392064	Mean reward: 20.5625, 	Mean reward done: 3.5370912551879883
Step: 2400256	Mean reward: 21.0625, 	Mean reward done: 2.915680170059204
Step: 2408448	Mean reward: 19.5625, 	Mean reward done: 3.1724908351898193
Step: 2416640	Mean reward: 19.90625, 	Mean reward done: 3.0041754245758057
Step: 2424832	Mean reward: 19.625, 	Mean reward done: 2.8291611671447754
Step: 2433024	Mean reward: 19.875, 	Mean reward done: 3.5815320014953613
Step: 2441216	Mean reward: 19.6875, 	Mean reward done: 3.3882222175598145
Step: 2449408	Mean reward: 19.53125, 	Mean reward done: 3.0354490280151367
Step: 2457600	Mean reward: 18.46875, 	Mean reward done: 3.2165307998657227
Step: 2465792	Mean reward: 19.375, 	Mean reward done: 2.911670446395874
Step: 2473984	Mean reward: 20.375, 	Mean reward done: 3.2330422401428223
Step: 2482176	Mean reward: 20.1875, 	Mean reward done: 3.6986916065216064
Step: 2490368	Mean reward: 21.90625, 	Mean reward done: 3.645590305328369
Step: 2498560	Mean reward: 21.1875, 	Mean reward done: 3.280865430831909
Step: 2506752	Mean reward: 20.4375, 	Mean reward done: 3.4743354320526123
Step: 2514944	Mean reward: 20.71875, 	Mean reward done: 2.974820137023926
Step: 2523136	Mean reward: 21.5, 	Mean reward done: 3.6908414363861084
Step: 2531328	Mean reward: 20.0, 	Mean reward done: 3.5304484367370605
Step: 2539520	Mean reward: 19.5, 	Mean reward done: 3.3050971031188965
Step: 2547712	Mean reward: 19.90625, 	Mean reward done: 3.1059093475341797
Step: 2555904	Mean reward: 20.875, 	Mean reward done: 3.6781370639801025
Step: 2564096	Mean reward: 21.40625, 	Mean reward done: 4.022241592407227
Step: 2572288	Mean reward: 19.65625, 	Mean reward done: 3.217970371246338
Step: 2580480	Mean reward: 21.125, 	Mean reward done: 3.3746824264526367
Step: 2588672	Mean reward: 19.46875, 	Mean reward done: 3.1839942932128906
Step: 2596864	Mean reward: 18.90625, 	Mean reward done: 2.8625736236572266
Step: 2605056	Mean reward: 19.84375, 	Mean reward done: 3.097186803817749
Step: 2613248	Mean reward: 21.21875, 	Mean reward done: 3.218092441558838
Step: 2621440	Mean reward: 18.84375, 	Mean reward done: 3.202289581298828
Step: 2629632	Mean reward: 22.6875, 	Mean reward done: 4.27561616897583
Step: 2637824	Mean reward: 20.6875, 	Mean reward done: 3.6543281078338623
Step: 2646016	Mean reward: 19.125, 	Mean reward done: 2.937966823577881
Step: 2654208	Mean reward: 21.34375, 	Mean reward done: 3.4732775688171387
Step: 2662400	Mean reward: 21.59375, 	Mean reward done: 3.757946729660034
Step: 2670592	Mean reward: 21.03125, 	Mean reward done: 3.522270679473877
Step: 2678784	Mean reward: 21.09375, 	Mean reward done: 3.2395260334014893
Step: 2686976	Mean reward: 20.6875, 	Mean reward done: 3.212477922439575
Step: 2695168	Mean reward: 20.78125, 	Mean reward done: 2.867123603820801
Step: 2703360	Mean reward: 20.40625, 	Mean reward done: 3.3721976280212402
Step: 2711552	Mean reward: 21.6875, 	Mean reward done: 3.5075581073760986
Step: 2719744	Mean reward: 19.25, 	Mean reward done: 3.347154378890991
Step: 2727936	Mean reward: 20.84375, 	Mean reward done: 3.167412757873535
Step: 2736128	Mean reward: 19.0, 	Mean reward done: 3.1715312004089355
Step: 2744320	Mean reward: 22.0, 	Mean reward done: 4.277997970581055
Step: 2752512	Mean reward: 22.375, 	Mean reward done: 3.423757791519165
Step: 2760704	Mean reward: 21.78125, 	Mean reward done: 3.2928693294525146
Step: 2768896	Mean reward: 20.5625, 	Mean reward done: 3.4918875694274902
Step: 2777088	Mean reward: 18.625, 	Mean reward done: 2.992136001586914
Step: 2785280	Mean reward: 20.0, 	Mean reward done: 2.8254642486572266
Step: 2793472	Mean reward: 20.875, 	Mean reward done: 3.3825531005859375
Step: 2801664	Mean reward: 21.40625, 	Mean reward done: 3.7952165603637695
Step: 2809856	Mean reward: 21.125, 	Mean reward done: 3.3787014484405518
Step: 2818048	Mean reward: 20.5, 	Mean reward done: 2.871488094329834
Step: 2826240	Mean reward: 21.9375, 	Mean reward done: 3.65596079826355
Step: 2834432	Mean reward: 22.3125, 	Mean reward done: 3.83544659614563
Step: 2842624	Mean reward: 22.0, 	Mean reward done: 3.4998037815093994
Step: 2850816	Mean reward: 19.03125, 	Mean reward done: 3.021216630935669
Step: 2859008	Mean reward: 20.15625, 	Mean reward done: 3.236849308013916
Step: 2867200	Mean reward: 20.84375, 	Mean reward done: 3.5416340827941895
Step: 2875392	Mean reward: 19.6875, 	Mean reward done: 2.85261607170105
Step: 2883584	Mean reward: 20.375, 	Mean reward done: 3.9112534523010254
Step: 2891776	Mean reward: 20.75, 	Mean reward done: 3.2014248371124268
Step: 2899968	Mean reward: 19.53125, 	Mean reward done: 3.2828407287597656
Step: 2908160	Mean reward: 20.78125, 	Mean reward done: 3.303323268890381
Step: 2916352	Mean reward: 21.0625, 	Mean reward done: 3.7139892578125
Step: 2924544	Mean reward: 21.0, 	Mean reward done: 3.5245349407196045
Step: 2932736	Mean reward: 20.78125, 	Mean reward done: 3.5839920043945312
Step: 2940928	Mean reward: 22.59375, 	Mean reward done: 3.80279803276062
Step: 2949120	Mean reward: 20.4375, 	Mean reward done: 3.6504294872283936
Step: 2957312	Mean reward: 20.40625, 	Mean reward done: 3.5585601329803467
Step: 2965504	Mean reward: 21.0625, 	Mean reward done: 3.7315726280212402
Step: 2973696	Mean reward: 21.71875, 	Mean reward done: 3.2478880882263184
Step: 2981888	Mean reward: 20.71875, 	Mean reward done: 3.128162145614624
Step: 2990080	Mean reward: 20.40625, 	Mean reward done: 3.395141363143921
Step: 2998272	Mean reward: 20.28125, 	Mean reward done: 3.3291921615600586
Step: 3006464	Mean reward: 20.875, 	Mean reward done: 3.2496726512908936
Step: 3014656	Mean reward: 20.53125, 	Mean reward done: 3.317864418029785
Step: 3022848	Mean reward: 20.03125, 	Mean reward done: 2.996187925338745
Step: 3031040	Mean reward: 21.25, 	Mean reward done: 3.3732261657714844
Step: 3039232	Mean reward: 21.5, 	Mean reward done: 3.098151683807373
Step: 3047424	Mean reward: 21.46875, 	Mean reward done: 3.468672037124634
Step: 3055616	Mean reward: 21.4375, 	Mean reward done: 3.436965227127075
Step: 3063808	Mean reward: 19.3125, 	Mean reward done: 3.1906847953796387
Step: 3072000	Mean reward: 20.9375, 	Mean reward done: 2.8027400970458984
Step: 3080192	Mean reward: 20.25, 	Mean reward done: 2.984309434890747
Step: 3088384	Mean reward: 20.4375, 	Mean reward done: 3.1668787002563477
Step: 3096576	Mean reward: 20.96875, 	Mean reward done: 3.154189348220825
Step: 3104768	Mean reward: 21.28125, 	Mean reward done: 3.3878867626190186
Step: 3112960	Mean reward: 22.625, 	Mean reward done: 4.027590751647949
Step: 3121152	Mean reward: 21.09375, 	Mean reward done: 3.6543374061584473
Step: 3129344	Mean reward: 20.90625, 	Mean reward done: 3.454925537109375
Step: 3137536	Mean reward: 20.5625, 	Mean reward done: 3.4374098777770996
Step: 3145728	Mean reward: 22.125, 	Mean reward done: 3.8611974716186523
Step: 3153920	Mean reward: 22.25, 	Mean reward done: 3.773014545440674
Step: 3162112	Mean reward: 20.75, 	Mean reward done: 3.2313590049743652
Step: 3170304	Mean reward: 22.1875, 	Mean reward done: 4.103792667388916
Step: 3178496	Mean reward: 20.625, 	Mean reward done: 3.4286041259765625
Step: 3186688	Mean reward: 22.78125, 	Mean reward done: 3.5596814155578613
Step: 3194880	Mean reward: 20.0625, 	Mean reward done: 3.470290184020996
Step: 3203072	Mean reward: 21.96875, 	Mean reward done: 3.3092000484466553
Step: 3211264	Mean reward: 22.1875, 	Mean reward done: 3.785525321960449
Step: 3219456	Mean reward: 20.71875, 	Mean reward done: 3.3505971431732178
Step: 3227648	Mean reward: 24.125, 	Mean reward done: 4.035314083099365
Step: 3235840	Mean reward: 22.1875, 	Mean reward done: 3.7724409103393555
Step: 3244032	Mean reward: 24.6875, 	Mean reward done: 4.61403751373291
Step: 3252224	Mean reward: 20.09375, 	Mean reward done: 3.2807183265686035
Step: 3260416	Mean reward: 21.75, 	Mean reward done: 3.4858880043029785
Step: 3268608	Mean reward: 21.4375, 	Mean reward done: 3.525707483291626
Step: 3276800	Mean reward: 22.6875, 	Mean reward done: 3.6608216762542725
Step: 3284992	Mean reward: 21.90625, 	Mean reward done: 3.5424814224243164
Step: 3293184	Mean reward: 22.65625, 	Mean reward done: 3.9571080207824707
Step: 3301376	Mean reward: 22.15625, 	Mean reward done: 3.7690954208374023
Step: 3309568	Mean reward: 23.40625, 	Mean reward done: 3.8199775218963623
Step: 3317760	Mean reward: 20.71875, 	Mean reward done: 3.908597707748413
Step: 3325952	Mean reward: 21.15625, 	Mean reward done: 3.612452268600464
Step: 3334144	Mean reward: 22.0625, 	Mean reward done: 3.1551105976104736
Step: 3342336	Mean reward: 24.28125, 	Mean reward done: 4.0419206619262695
Step: 3350528	Mean reward: 21.59375, 	Mean reward done: 3.837143659591675
Step: 3358720	Mean reward: 22.5, 	Mean reward done: 3.9957211017608643
Step: 3366912	Mean reward: 22.875, 	Mean reward done: 3.5876593589782715
Step: 3375104	Mean reward: 22.0, 	Mean reward done: 3.913482904434204
Step: 3383296	Mean reward: 21.625, 	Mean reward done: 3.910537004470825
Step: 3391488	Mean reward: 22.9375, 	Mean reward done: 3.9056801795959473
Step: 3399680	Mean reward: 22.65625, 	Mean reward done: 3.8599822521209717
Step: 3407872	Mean reward: 24.625, 	Mean reward done: 4.847354412078857
Step: 3416064	Mean reward: 20.5625, 	Mean reward done: 2.9800024032592773
Step: 3424256	Mean reward: 23.125, 	Mean reward done: 4.265247821807861
Step: 3432448	Mean reward: 23.0625, 	Mean reward done: 3.924811840057373
Step: 3440640	Mean reward: 22.25, 	Mean reward done: 4.13358736038208
Step: 3448832	Mean reward: 20.40625, 	Mean reward done: 3.2677440643310547
Step: 3457024	Mean reward: 23.21875, 	Mean reward done: 4.088972091674805
Step: 3465216	Mean reward: 22.53125, 	Mean reward done: 3.936095952987671
Step: 3473408	Mean reward: 24.125, 	Mean reward done: 4.184925079345703
Step: 3481600	Mean reward: 22.15625, 	Mean reward done: 3.32287335395813
Step: 3489792	Mean reward: 23.375, 	Mean reward done: 3.68375301361084
Step: 3497984	Mean reward: 22.03125, 	Mean reward done: 4.213700771331787
Step: 3506176	Mean reward: 23.1875, 	Mean reward done: 4.108353137969971
Step: 3514368	Mean reward: 23.25, 	Mean reward done: 4.391288757324219
Step: 3522560	Mean reward: 26.09375, 	Mean reward done: 4.457792282104492
Step: 3530752	Mean reward: 23.03125, 	Mean reward done: 3.955785036087036
Step: 3538944	Mean reward: 23.09375, 	Mean reward done: 3.4249351024627686
Step: 3547136	Mean reward: 23.375, 	Mean reward done: 3.9691638946533203
Step: 3555328	Mean reward: 24.34375, 	Mean reward done: 4.255424499511719
Step: 3563520	Mean reward: 22.3125, 	Mean reward done: 3.5131540298461914
Step: 3571712	Mean reward: 23.125, 	Mean reward done: 4.309642314910889
Step: 3579904	Mean reward: 23.21875, 	Mean reward done: 3.841141700744629
Step: 3588096	Mean reward: 24.53125, 	Mean reward done: 4.373254776000977
Step: 3596288	Mean reward: 21.75, 	Mean reward done: 3.729759454727173
Step: 3604480	Mean reward: 23.84375, 	Mean reward done: 3.669145345687866
Step: 3612672	Mean reward: 22.46875, 	Mean reward done: 3.8967466354370117
Step: 3620864	Mean reward: 23.875, 	Mean reward done: 4.175319194793701
Step: 3629056	Mean reward: 22.90625, 	Mean reward done: 3.8954684734344482
Step: 3637248	Mean reward: 23.15625, 	Mean reward done: 4.094630718231201
Step: 3645440	Mean reward: 24.5625, 	Mean reward done: 4.412897109985352
Step: 3653632	Mean reward: 22.34375, 	Mean reward done: 4.067539215087891
Step: 3661824	Mean reward: 22.5625, 	Mean reward done: 3.6765613555908203
Step: 3670016	Mean reward: 25.15625, 	Mean reward done: 4.4749250411987305
Step: 3678208	Mean reward: 23.5625, 	Mean reward done: 3.9733293056488037
Step: 3686400	Mean reward: 23.1875, 	Mean reward done: 4.031149864196777
Step: 3694592	Mean reward: 22.21875, 	Mean reward done: 3.446143627166748
Step: 3702784	Mean reward: 22.65625, 	Mean reward done: 4.007716655731201
Step: 3710976	Mean reward: 21.28125, 	Mean reward done: 2.7175192832946777
Step: 3719168	Mean reward: 24.0625, 	Mean reward done: 4.588680744171143
Step: 3727360	Mean reward: 24.3125, 	Mean reward done: 4.490452289581299
Step: 3735552	Mean reward: 23.15625, 	Mean reward done: 3.9204535484313965
Step: 3743744	Mean reward: 23.03125, 	Mean reward done: 4.424671173095703
Step: 3751936	Mean reward: 24.9375, 	Mean reward done: 4.572722434997559
Step: 3760128	Mean reward: 24.34375, 	Mean reward done: 3.9575741291046143
Step: 3768320	Mean reward: 22.5625, 	Mean reward done: 3.86006236076355
Step: 3776512	Mean reward: 23.5, 	Mean reward done: 4.094944953918457
Step: 3784704	Mean reward: 23.84375, 	Mean reward done: 3.8841712474823
Step: 3792896	Mean reward: 23.65625, 	Mean reward done: 4.448294639587402
Step: 3801088	Mean reward: 22.1875, 	Mean reward done: 3.7189884185791016
Step: 3809280	Mean reward: 23.03125, 	Mean reward done: 3.5823874473571777
Step: 3817472	Mean reward: 22.09375, 	Mean reward done: 3.487180233001709
Step: 3825664	Mean reward: 24.15625, 	Mean reward done: 4.003454208374023
Step: 3833856	Mean reward: 21.375, 	Mean reward done: 3.1825220584869385
Step: 3842048	Mean reward: 22.15625, 	Mean reward done: 4.171056747436523
Step: 3850240	Mean reward: 23.28125, 	Mean reward done: 4.338744163513184
Step: 3858432	Mean reward: 23.78125, 	Mean reward done: 3.7129013538360596
Step: 3866624	Mean reward: 22.71875, 	Mean reward done: 4.023056983947754
Step: 3874816	Mean reward: 21.46875, 	Mean reward done: 3.315419912338257
Step: 3883008	Mean reward: 22.125, 	Mean reward done: 3.2079391479492188
Step: 3891200	Mean reward: 22.0, 	Mean reward done: 3.7271273136138916
Step: 3899392	Mean reward: 21.90625, 	Mean reward done: 3.8259658813476562
Step: 3907584	Mean reward: 22.6875, 	Mean reward done: 3.8272483348846436
Step: 3915776	Mean reward: 22.84375, 	Mean reward done: 3.533151865005493
Step: 3923968	Mean reward: 22.125, 	Mean reward done: 3.347107410430908
Step: 3932160	Mean reward: 23.5625, 	Mean reward done: 3.7428743839263916
Step: 3940352	Mean reward: 22.96875, 	Mean reward done: 3.8083746433258057
Step: 3948544	Mean reward: 23.40625, 	Mean reward done: 4.192087650299072
Step: 3956736	Mean reward: 23.125, 	Mean reward done: 3.6343038082122803
Step: 3964928	Mean reward: 20.53125, 	Mean reward done: 3.1977524757385254
Step: 3973120	Mean reward: 23.0, 	Mean reward done: 3.5417697429656982
Step: 3981312	Mean reward: 23.25, 	Mean reward done: 4.038366794586182
Step: 3989504	Mean reward: 21.03125, 	Mean reward done: 3.2862443923950195
Step: 3997696	Mean reward: 21.90625, 	Mean reward done: 3.6718878746032715
Step: 4005888	Mean reward: 23.6875, 	Mean reward done: 3.903266429901123
Step: 4014080	Mean reward: 23.46875, 	Mean reward done: 3.6997313499450684
Step: 4022272	Mean reward: 23.4375, 	Mean reward done: 3.395289182662964
Step: 4030464	Mean reward: 22.8125, 	Mean reward done: 3.399519205093384
Step: 4038656	Mean reward: 23.53125, 	Mean reward done: 3.531031608581543
Step: 4046848	Mean reward: 22.03125, 	Mean reward done: 3.380951166152954
Step: 4055040	Mean reward: 21.84375, 	Mean reward done: 3.304908275604248
Step: 4063232	Mean reward: 22.78125, 	Mean reward done: 4.106712341308594
Step: 4071424	Mean reward: 22.3125, 	Mean reward done: 3.196915626525879
Step: 4079616	Mean reward: 22.8125, 	Mean reward done: 4.58893346786499
Step: 4087808	Mean reward: 22.3125, 	Mean reward done: 3.2332983016967773
Step: 4096000	Mean reward: 22.90625, 	Mean reward done: 3.894158363342285
Step: 4104192	Mean reward: 25.4375, 	Mean reward done: 3.977461338043213
Step: 4112384	Mean reward: 23.25, 	Mean reward done: 4.02864933013916
Step: 4120576	Mean reward: 24.59375, 	Mean reward done: 4.751351833343506
Step: 4128768	Mean reward: 23.28125, 	Mean reward done: 3.4331021308898926
Step: 4136960	Mean reward: 23.46875, 	Mean reward done: 3.7418723106384277
Step: 4145152	Mean reward: 23.3125, 	Mean reward done: 3.7507174015045166
Step: 4153344	Mean reward: 24.875, 	Mean reward done: 3.8084332942962646
Step: 4161536	Mean reward: 23.125, 	Mean reward done: 3.681671619415283
Step: 4169728	Mean reward: 24.65625, 	Mean reward done: 5.063988208770752
Step: 4177920	Mean reward: 22.84375, 	Mean reward done: 3.6094717979431152
Step: 4186112	Mean reward: 22.59375, 	Mean reward done: 3.6969637870788574
Step: 4194304	Mean reward: 23.875, 	Mean reward done: 3.8949549198150635
Step: 4202496	Mean reward: 23.8125, 	Mean reward done: 3.78157114982605
Step: 4210688	Mean reward: 24.75, 	Mean reward done: 4.243808269500732
Step: 4218880	Mean reward: 22.40625, 	Mean reward done: 3.361644744873047
Step: 4227072	Mean reward: 23.21875, 	Mean reward done: 4.412265777587891
Step: 4235264	Mean reward: 21.75, 	Mean reward done: 3.562495708465576
Step: 4243456	Mean reward: 23.75, 	Mean reward done: 3.687631130218506
Step: 4251648	Mean reward: 24.6875, 	Mean reward done: 4.365975856781006
Step: 4259840	Mean reward: 22.25, 	Mean reward done: 3.5154645442962646
Step: 4268032	Mean reward: 24.71875, 	Mean reward done: 4.15879487991333
Step: 4276224	Mean reward: 24.0625, 	Mean reward done: 3.991542339324951
Step: 4284416	Mean reward: 25.40625, 	Mean reward done: 3.949357748031616
Step: 4292608	Mean reward: 24.3125, 	Mean reward done: 4.304693222045898
Step: 4300800	Mean reward: 22.875, 	Mean reward done: 3.5619430541992188
Step: 4308992	Mean reward: 23.375, 	Mean reward done: 3.4949023723602295
Step: 4317184	Mean reward: 21.53125, 	Mean reward done: 4.013261318206787
Step: 4325376	Mean reward: 22.1875, 	Mean reward done: 3.0637099742889404
Step: 4333568	Mean reward: 25.25, 	Mean reward done: 4.356545925140381
Step: 4341760	Mean reward: 23.09375, 	Mean reward done: 3.3295071125030518
Step: 4349952	Mean reward: 23.125, 	Mean reward done: 4.043233394622803
Step: 4358144	Mean reward: 24.8125, 	Mean reward done: 3.9891433715820312
Step: 4366336	Mean reward: 23.375, 	Mean reward done: 3.431439161300659
Step: 4374528	Mean reward: 23.90625, 	Mean reward done: 4.351644992828369
Step: 4382720	Mean reward: 22.71875, 	Mean reward done: 3.5553250312805176
Step: 4390912	Mean reward: 24.46875, 	Mean reward done: 3.9641497135162354
Step: 4399104	Mean reward: 24.03125, 	Mean reward done: 3.940044641494751
Step: 4407296	Mean reward: 23.1875, 	Mean reward done: 3.3509562015533447
Step: 4415488	Mean reward: 22.8125, 	Mean reward done: 3.3883841037750244
Step: 4423680	Mean reward: 23.25, 	Mean reward done: 4.015658378601074
Step: 4431872	Mean reward: 24.8125, 	Mean reward done: 4.55971622467041
Step: 4440064	Mean reward: 24.03125, 	Mean reward done: 3.9228525161743164
Step: 4448256	Mean reward: 24.625, 	Mean reward done: 3.7583394050598145
Step: 4456448	Mean reward: 23.25, 	Mean reward done: 3.9540979862213135
Step: 4464640	Mean reward: 22.03125, 	Mean reward done: 3.359895706176758
Step: 4472832	Mean reward: 23.84375, 	Mean reward done: 4.214980125427246
Step: 4481024	Mean reward: 24.40625, 	Mean reward done: 3.7845213413238525
Step: 4489216	Mean reward: 23.75, 	Mean reward done: 3.5327534675598145
Step: 4497408	Mean reward: 23.1875, 	Mean reward done: 3.8006744384765625
Step: 4505600	Mean reward: 25.21875, 	Mean reward done: 4.026736259460449
Step: 4513792	Mean reward: 23.53125, 	Mean reward done: 3.546445369720459
Step: 4521984	Mean reward: 22.59375, 	Mean reward done: 4.059082508087158
Step: 4530176	Mean reward: 22.0625, 	Mean reward done: 3.364837646484375
Step: 4538368	Mean reward: 21.90625, 	Mean reward done: 3.3717312812805176
Step: 4546560	Mean reward: 22.25, 	Mean reward done: 3.399193286895752
Step: 4554752	Mean reward: 22.4375, 	Mean reward done: 3.5576887130737305
Step: 4562944	Mean reward: 24.09375, 	Mean reward done: 3.489145517349243
Step: 4571136	Mean reward: 22.25, 	Mean reward done: 3.592691659927368
Step: 4579328	Mean reward: 22.78125, 	Mean reward done: 3.32912015914917
Step: 4587520	Mean reward: 22.8125, 	Mean reward done: 3.8296139240264893
Step: 4595712	Mean reward: 21.59375, 	Mean reward done: 3.555861473083496
Step: 4603904	Mean reward: 22.75, 	Mean reward done: 3.3651177883148193
Step: 4612096	Mean reward: 23.25, 	Mean reward done: 4.386943340301514
Step: 4620288	Mean reward: 25.34375, 	Mean reward done: 4.38243293762207
Step: 4628480	Mean reward: 23.9375, 	Mean reward done: 3.81192684173584
Step: 4636672	Mean reward: 23.40625, 	Mean reward done: 3.6965763568878174
Step: 4644864	Mean reward: 26.53125, 	Mean reward done: 4.130873680114746
Step: 4653056	Mean reward: 21.0, 	Mean reward done: 2.8574013710021973
Step: 4661248	Mean reward: 24.0625, 	Mean reward done: 3.978959083557129
Step: 4669440	Mean reward: 23.09375, 	Mean reward done: 3.6211094856262207
Step: 4677632	Mean reward: 23.34375, 	Mean reward done: 3.5357978343963623
Step: 4685824	Mean reward: 24.25, 	Mean reward done: 4.206637859344482
Step: 4694016	Mean reward: 24.8125, 	Mean reward done: 4.079545021057129
Step: 4702208	Mean reward: 22.09375, 	Mean reward done: 3.084773302078247
Step: 4710400	Mean reward: 23.03125, 	Mean reward done: 3.3644206523895264
Step: 4718592	Mean reward: 24.3125, 	Mean reward done: 4.235633850097656
Step: 4726784	Mean reward: 21.4375, 	Mean reward done: 3.338557004928589
Step: 4734976	Mean reward: 23.3125, 	Mean reward done: 3.056150436401367
Step: 4743168	Mean reward: 22.0625, 	Mean reward done: 3.772965908050537
Step: 4751360	Mean reward: 21.0625, 	Mean reward done: 3.178459644317627
Step: 4759552	Mean reward: 22.28125, 	Mean reward done: 3.7588140964508057
Step: 4767744	Mean reward: 22.6875, 	Mean reward done: 3.3655481338500977
Step: 4775936	Mean reward: 22.40625, 	Mean reward done: 3.0393197536468506
Step: 4784128	Mean reward: 23.9375, 	Mean reward done: 4.053374767303467
Step: 4792320	Mean reward: 23.78125, 	Mean reward done: 3.9001336097717285
Step: 4800512	Mean reward: 21.09375, 	Mean reward done: 3.152519702911377
Step: 4808704	Mean reward: 24.25, 	Mean reward done: 3.896899700164795
Step: 4816896	Mean reward: 22.78125, 	Mean reward done: 3.8769335746765137
Step: 4825088	Mean reward: 22.875, 	Mean reward done: 3.36090350151062
Step: 4833280	Mean reward: 21.9375, 	Mean reward done: 3.271928310394287
Step: 4841472	Mean reward: 23.1875, 	Mean reward done: 3.6468515396118164
Step: 4849664	Mean reward: 23.5625, 	Mean reward done: 3.9662935733795166
Step: 4857856	Mean reward: 21.21875, 	Mean reward done: 3.738097667694092
Step: 4866048	Mean reward: 24.0, 	Mean reward done: 3.519967555999756
Step: 4874240	Mean reward: 24.1875, 	Mean reward done: 3.7525243759155273
Step: 4882432	Mean reward: 21.75, 	Mean reward done: 3.4105162620544434
Step: 4890624	Mean reward: 22.4375, 	Mean reward done: 3.364564895629883
Step: 4898816	Mean reward: 23.21875, 	Mean reward done: 3.6188137531280518
Step: 4907008	Mean reward: 24.40625, 	Mean reward done: 3.728008508682251
Step: 4915200	Mean reward: 24.09375, 	Mean reward done: 3.969897508621216
Step: 4923392	Mean reward: 21.40625, 	Mean reward done: 3.169431686401367
Step: 4931584	Mean reward: 21.875, 	Mean reward done: 3.7089555263519287
Step: 4939776	Mean reward: 22.875, 	Mean reward done: 3.42112135887146
Step: 4947968	Mean reward: 23.25, 	Mean reward done: 3.3243370056152344
Step: 4956160	Mean reward: 21.90625, 	Mean reward done: 3.6537115573883057
Step: 4964352	Mean reward: 23.125, 	Mean reward done: 3.5072152614593506
Step: 4972544	Mean reward: 22.6875, 	Mean reward done: 3.822024345397949
Step: 4980736	Mean reward: 23.09375, 	Mean reward done: 3.5836946964263916
Step: 4988928	Mean reward: 24.625, 	Mean reward done: 3.7265267372131348
Step: 4997120	Mean reward: 24.375, 	Mean reward done: 4.047144889831543
Step: 5005312	Mean reward: 21.125, 	Mean reward done: 3.309950351715088
Step: 5013504	Mean reward: 23.5, 	Mean reward done: 3.714648485183716
Step: 5021696	Mean reward: 23.28125, 	Mean reward done: 3.6217472553253174
Step: 5029888	Mean reward: 22.6875, 	Mean reward done: 3.7403857707977295
Step: 5038080	Mean reward: 23.34375, 	Mean reward done: 3.7796239852905273
Step: 5046272	Mean reward: 23.46875, 	Mean reward done: 3.32188081741333
Step: 5054464	Mean reward: 23.4375, 	Mean reward done: 4.27252197265625
Step: 5062656	Mean reward: 21.5625, 	Mean reward done: 2.8348681926727295
Step: 5070848	Mean reward: 23.1875, 	Mean reward done: 3.2801921367645264
Step: 5079040	Mean reward: 23.59375, 	Mean reward done: 3.8646576404571533
Step: 5087232	Mean reward: 21.375, 	Mean reward done: 3.1539371013641357
Step: 5095424	Mean reward: 24.875, 	Mean reward done: 4.289087772369385
Step: 5103616	Mean reward: 23.375, 	Mean reward done: 3.861349582672119
Step: 5111808	Mean reward: 24.125, 	Mean reward done: 3.6028966903686523
Step: 5120000	Mean reward: 21.96875, 	Mean reward done: 3.2845072746276855
Step: 5128192	Mean reward: 23.96875, 	Mean reward done: 3.719698667526245
Step: 5136384	Mean reward: 23.40625, 	Mean reward done: 3.5531232357025146
Step: 5144576	Mean reward: 24.25, 	Mean reward done: 3.247382164001465
Step: 5152768	Mean reward: 23.28125, 	Mean reward done: 3.1918697357177734
Step: 5160960	Mean reward: 23.46875, 	Mean reward done: 3.732666492462158
Step: 5169152	Mean reward: 24.84375, 	Mean reward done: 4.219770431518555
Step: 5177344	Mean reward: 24.21875, 	Mean reward done: 3.9903950691223145
Step: 5185536	Mean reward: 23.15625, 	Mean reward done: 3.419865608215332
Step: 5193728	Mean reward: 24.96875, 	Mean reward done: 3.745070219039917
Step: 5201920	Mean reward: 22.84375, 	Mean reward done: 3.5494332313537598
Step: 5210112	Mean reward: 23.59375, 	Mean reward done: 3.5845069885253906
Step: 5218304	Mean reward: 22.28125, 	Mean reward done: 3.8438174724578857
Step: 5226496	Mean reward: 24.9375, 	Mean reward done: 3.8357601165771484
Step: 5234688	Mean reward: 23.09375, 	Mean reward done: 3.4458916187286377
Step: 5242880	Mean reward: 24.9375, 	Mean reward done: 3.792041063308716
Step: 5251072	Mean reward: 22.71875, 	Mean reward done: 3.495811700820923
Step: 5259264	Mean reward: 23.65625, 	Mean reward done: 4.216025352478027
Step: 5267456	Mean reward: 23.0625, 	Mean reward done: 3.323277711868286
Step: 5275648	Mean reward: 22.125, 	Mean reward done: 3.1810050010681152
Step: 5283840	Mean reward: 24.03125, 	Mean reward done: 3.700613021850586
Step: 5292032	Mean reward: 23.25, 	Mean reward done: 3.5253396034240723
Step: 5300224	Mean reward: 22.8125, 	Mean reward done: 3.826277732849121
Step: 5308416	Mean reward: 21.25, 	Mean reward done: 3.0573742389678955
Step: 5316608	Mean reward: 24.84375, 	Mean reward done: 4.100825309753418
Step: 5324800	Mean reward: 23.28125, 	Mean reward done: 3.2589352130889893
Step: 5332992	Mean reward: 23.15625, 	Mean reward done: 3.264601469039917
Step: 5341184	Mean reward: 23.125, 	Mean reward done: 3.7633910179138184
Step: 5349376	Mean reward: 24.03125, 	Mean reward done: 4.6279168128967285
Step: 5357568	Mean reward: 22.65625, 	Mean reward done: 3.273848295211792
Step: 5365760	Mean reward: 25.03125, 	Mean reward done: 3.9127354621887207
Step: 5373952	Mean reward: 24.375, 	Mean reward done: 4.289501667022705
Step: 5382144	Mean reward: 23.34375, 	Mean reward done: 3.522599697113037
Step: 5390336	Mean reward: 22.25, 	Mean reward done: 3.699446439743042
Step: 5398528	Mean reward: 22.34375, 	Mean reward done: 4.044103622436523
Step: 5406720	Mean reward: 24.1875, 	Mean reward done: 3.8003973960876465
Step: 5414912	Mean reward: 25.125, 	Mean reward done: 4.469079494476318
Step: 5423104	Mean reward: 23.40625, 	Mean reward done: 3.5106048583984375
Step: 5431296	Mean reward: 24.375, 	Mean reward done: 3.5488624572753906
Step: 5439488	Mean reward: 23.15625, 	Mean reward done: 3.4573276042938232
Step: 5447680	Mean reward: 21.90625, 	Mean reward done: 3.277585029602051
Step: 5455872	Mean reward: 21.4375, 	Mean reward done: 3.4787869453430176
Step: 5464064	Mean reward: 23.5, 	Mean reward done: 3.881593704223633
Step: 5472256	Mean reward: 22.53125, 	Mean reward done: 3.237783432006836
Step: 5480448	Mean reward: 22.71875, 	Mean reward done: 3.617741346359253
Step: 5488640	Mean reward: 23.53125, 	Mean reward done: 3.8426413536071777
Step: 5496832	Mean reward: 23.375, 	Mean reward done: 3.4841415882110596
Step: 5505024	Mean reward: 24.0, 	Mean reward done: 4.268954753875732
Step: 5513216	Mean reward: 24.03125, 	Mean reward done: 3.8549718856811523
Step: 5521408	Mean reward: 23.59375, 	Mean reward done: 3.770718574523926
Step: 5529600	Mean reward: 23.6875, 	Mean reward done: 3.645435333251953
Step: 5537792	Mean reward: 23.3125, 	Mean reward done: 3.796912431716919
Step: 5545984	Mean reward: 25.09375, 	Mean reward done: 4.305233001708984
Step: 5554176	Mean reward: 24.84375, 	Mean reward done: 4.130795001983643
Step: 5562368	Mean reward: 24.96875, 	Mean reward done: 3.5438406467437744
Step: 5570560	Mean reward: 22.96875, 	Mean reward done: 3.5430850982666016
Step: 5578752	Mean reward: 22.15625, 	Mean reward done: 3.4549858570098877
Step: 5586944	Mean reward: 24.21875, 	Mean reward done: 3.700603485107422
Step: 5595136	Mean reward: 23.75, 	Mean reward done: 3.6419858932495117
Step: 5603328	Mean reward: 23.78125, 	Mean reward done: 3.2400624752044678
Step: 5611520	Mean reward: 24.84375, 	Mean reward done: 4.407063961029053
Step: 5619712	Mean reward: 23.71875, 	Mean reward done: 3.8251917362213135
Step: 5627904	Mean reward: 22.28125, 	Mean reward done: 3.666565418243408
Step: 5636096	Mean reward: 22.75, 	Mean reward done: 3.194152593612671
Step: 5644288	Mean reward: 23.8125, 	Mean reward done: 4.039979457855225
Step: 5652480	Mean reward: 23.4375, 	Mean reward done: 3.6873257160186768
Step: 5660672	Mean reward: 22.625, 	Mean reward done: 3.5755860805511475
Step: 5668864	Mean reward: 23.625, 	Mean reward done: 3.440397024154663
Step: 5677056	Mean reward: 23.40625, 	Mean reward done: 3.803363800048828
Step: 5685248	Mean reward: 22.5, 	Mean reward done: 3.3756935596466064
Step: 5693440	Mean reward: 25.1875, 	Mean reward done: 4.154172897338867
Step: 5701632	Mean reward: 22.3125, 	Mean reward done: 3.6800477504730225
Step: 5709824	Mean reward: 23.4375, 	Mean reward done: 3.825951337814331
Step: 5718016	Mean reward: 23.75, 	Mean reward done: 3.557114839553833
Step: 5726208	Mean reward: 23.46875, 	Mean reward done: 3.705718755722046
Step: 5734400	Mean reward: 23.84375, 	Mean reward done: 3.921865940093994
Step: 5742592	Mean reward: 23.40625, 	Mean reward done: 3.525928258895874
Step: 5750784	Mean reward: 21.96875, 	Mean reward done: 3.565687894821167
Step: 5758976	Mean reward: 23.78125, 	Mean reward done: 3.590550184249878
Step: 5767168	Mean reward: 23.3125, 	Mean reward done: 3.8503682613372803
Step: 5775360	Mean reward: 23.59375, 	Mean reward done: 3.191213607788086
Step: 5783552	Mean reward: 22.71875, 	Mean reward done: 3.4848592281341553
Step: 5791744	Mean reward: 23.0625, 	Mean reward done: 3.471940279006958
Step: 5799936	Mean reward: 22.875, 	Mean reward done: 4.017898082733154
Step: 5808128	Mean reward: 23.34375, 	Mean reward done: 3.6182405948638916
Step: 5816320	Mean reward: 21.9375, 	Mean reward done: 2.9165444374084473
Step: 5824512	Mean reward: 22.375, 	Mean reward done: 3.435690402984619
Step: 5832704	Mean reward: 25.03125, 	Mean reward done: 3.9990501403808594
Step: 5840896	Mean reward: 23.625, 	Mean reward done: 3.866919755935669
Step: 5849088	Mean reward: 23.375, 	Mean reward done: 3.581432819366455
Step: 5857280	Mean reward: 24.34375, 	Mean reward done: 3.8176932334899902
Step: 5865472	Mean reward: 23.84375, 	Mean reward done: 3.9707770347595215
Step: 5873664	Mean reward: 25.875, 	Mean reward done: 4.586653709411621
Step: 5881856	Mean reward: 24.28125, 	Mean reward done: 3.656940221786499
Step: 5890048	Mean reward: 22.90625, 	Mean reward done: 3.998873710632324
Step: 5898240	Mean reward: 21.71875, 	Mean reward done: 2.8316116333007812
Step: 5906432	Mean reward: 23.71875, 	Mean reward done: 4.105727195739746
Step: 5914624	Mean reward: 22.3125, 	Mean reward done: 3.746006965637207
Step: 5922816	Mean reward: 23.1875, 	Mean reward done: 3.6585869789123535
Step: 5931008	Mean reward: 24.28125, 	Mean reward done: 4.014378070831299
Step: 5939200	Mean reward: 23.875, 	Mean reward done: 3.919506311416626
Step: 5947392	Mean reward: 23.25, 	Mean reward done: 3.934056043624878
Step: 5955584	Mean reward: 23.5625, 	Mean reward done: 3.310948610305786
Step: 5963776	Mean reward: 23.65625, 	Mean reward done: 3.342944622039795
Step: 5971968	Mean reward: 23.25, 	Mean reward done: 3.7212464809417725
Step: 5980160	Mean reward: 23.40625, 	Mean reward done: 3.992435932159424
Step: 5988352	Mean reward: 22.5625, 	Mean reward done: 3.07002329826355
Step: 5996544	Mean reward: 23.15625, 	Mean reward done: 3.6737890243530273
Step: 6004736	Mean reward: 24.03125, 	Mean reward done: 3.884622097015381
Step: 6012928	Mean reward: 22.4375, 	Mean reward done: 3.3125381469726562
Step: 6021120	Mean reward: 24.34375, 	Mean reward done: 4.124431133270264
Step: 6029312	Mean reward: 23.28125, 	Mean reward done: 3.681682586669922
Step: 6037504	Mean reward: 23.1875, 	Mean reward done: 3.544780969619751
Step: 6045696	Mean reward: 22.53125, 	Mean reward done: 3.4563534259796143
Step: 6053888	Mean reward: 22.90625, 	Mean reward done: 3.375375986099243
Step: 6062080	Mean reward: 23.875, 	Mean reward done: 3.620872974395752
Step: 6070272	Mean reward: 23.34375, 	Mean reward done: 3.5389180183410645
Step: 6078464	Mean reward: 24.90625, 	Mean reward done: 4.131546974182129
Step: 6086656	Mean reward: 23.53125, 	Mean reward done: 4.206427574157715
Step: 6094848	Mean reward: 24.03125, 	Mean reward done: 3.603516101837158
Step: 6103040	Mean reward: 24.3125, 	Mean reward done: 3.539604902267456
Step: 6111232	Mean reward: 24.875, 	Mean reward done: 4.17020845413208
Step: 6119424	Mean reward: 22.8125, 	Mean reward done: 3.6970303058624268
Step: 6127616	Mean reward: 25.90625, 	Mean reward done: 4.1532511711120605
Step: 6135808	Mean reward: 22.59375, 	Mean reward done: 3.528865098953247
Step: 6144000	Mean reward: 24.65625, 	Mean reward done: 4.176359176635742
Step: 6152192	Mean reward: 24.0625, 	Mean reward done: 3.8404386043548584
Step: 6160384	Mean reward: 24.84375, 	Mean reward done: 4.2409348487854
Step: 6168576	Mean reward: 24.625, 	Mean reward done: 4.032451152801514
Step: 6176768	Mean reward: 23.75, 	Mean reward done: 3.4837324619293213
Step: 6184960	Mean reward: 24.71875, 	Mean reward done: 3.656726837158203
Step: 6193152	Mean reward: 23.59375, 	Mean reward done: 3.769139051437378
Step: 6201344	Mean reward: 24.25, 	Mean reward done: 4.084684371948242
Step: 6209536	Mean reward: 23.8125, 	Mean reward done: 3.8287408351898193
Step: 6217728	Mean reward: 24.46875, 	Mean reward done: 3.6585123538970947
Step: 6225920	Mean reward: 24.90625, 	Mean reward done: 3.9686148166656494
Step: 6234112	Mean reward: 24.375, 	Mean reward done: 3.7937135696411133
Step: 6242304	Mean reward: 24.1875, 	Mean reward done: 4.060532569885254
Step: 6250496	Mean reward: 24.3125, 	Mean reward done: 4.084320068359375
Step: 6258688	Mean reward: 23.5, 	Mean reward done: 3.764871597290039
Step: 6266880	Mean reward: 24.0, 	Mean reward done: 3.8271143436431885
Step: 6275072	Mean reward: 24.03125, 	Mean reward done: 3.61684250831604
Step: 6283264	Mean reward: 26.09375, 	Mean reward done: 4.648183345794678
Step: 6291456	Mean reward: 26.9375, 	Mean reward done: 4.529642581939697
Step: 6299648	Mean reward: 23.375, 	Mean reward done: 3.8881521224975586
Step: 6307840	Mean reward: 22.65625, 	Mean reward done: 3.8569929599761963
Step: 6316032	Mean reward: 24.40625, 	Mean reward done: 3.856553077697754
Step: 6324224	Mean reward: 23.125, 	Mean reward done: 4.024107456207275
Step: 6332416	Mean reward: 24.5625, 	Mean reward done: 3.7959988117218018
Step: 6340608	Mean reward: 23.65625, 	Mean reward done: 3.9117841720581055
Step: 6348800	Mean reward: 24.59375, 	Mean reward done: 4.110530376434326
Step: 6356992	Mean reward: 24.125, 	Mean reward done: 4.228824615478516
Step: 6365184	Mean reward: 24.53125, 	Mean reward done: 4.143141746520996
Step: 6373376	Mean reward: 24.4375, 	Mean reward done: 3.9755544662475586
Step: 6381568	Mean reward: 24.84375, 	Mean reward done: 4.303306579589844
Step: 6389760	Mean reward: 26.5, 	Mean reward done: 4.3882951736450195
Step: 6397952	Mean reward: 25.375, 	Mean reward done: 3.808051109313965
Step: 6406144	Mean reward: 24.21875, 	Mean reward done: 4.04027795791626
Step: 6414336	Mean reward: 23.5, 	Mean reward done: 3.816261053085327
Step: 6422528	Mean reward: 24.4375, 	Mean reward done: 3.855116128921509
Step: 6430720	Mean reward: 24.1875, 	Mean reward done: 4.027146339416504
Step: 6438912	Mean reward: 23.46875, 	Mean reward done: 4.086079120635986
Step: 6447104	Mean reward: 23.0, 	Mean reward done: 3.1404173374176025
Step: 6455296	Mean reward: 25.09375, 	Mean reward done: 4.465003967285156
Step: 6463488	Mean reward: 24.125, 	Mean reward done: 3.984959125518799
Step: 6471680	Mean reward: 24.15625, 	Mean reward done: 3.6233386993408203
Step: 6479872	Mean reward: 22.78125, 	Mean reward done: 3.8827033042907715
Step: 6488064	Mean reward: 24.15625, 	Mean reward done: 3.583186626434326
Step: 6496256	Mean reward: 25.875, 	Mean reward done: 4.069257736206055
Step: 6504448	Mean reward: 25.96875, 	Mean reward done: 4.6440277099609375
Step: 6512640	Mean reward: 22.625, 	Mean reward done: 3.5607128143310547
Step: 6520832	Mean reward: 21.6875, 	Mean reward done: 3.0916051864624023
Step: 6529024	Mean reward: 24.96875, 	Mean reward done: 3.8655521869659424
Step: 6537216	Mean reward: 24.8125, 	Mean reward done: 4.038257122039795
Step: 6545408	Mean reward: 23.3125, 	Mean reward done: 3.7467358112335205
Step: 6553600	Mean reward: 26.875, 	Mean reward done: 3.9135169982910156
Step: 6561792	Mean reward: 25.5625, 	Mean reward done: 4.131004333496094
Step: 6569984	Mean reward: 25.59375, 	Mean reward done: 4.215481758117676
Step: 6578176	Mean reward: 24.625, 	Mean reward done: 3.4389381408691406
Step: 6586368	Mean reward: 24.0625, 	Mean reward done: 4.125063896179199
Step: 6594560	Mean reward: 24.75, 	Mean reward done: 3.7956862449645996
Step: 6602752	Mean reward: 24.125, 	Mean reward done: 3.9454848766326904
Step: 6610944	Mean reward: 22.5, 	Mean reward done: 3.486632823944092
Step: 6619136	Mean reward: 24.75, 	Mean reward done: 4.202515125274658
Step: 6627328	Mean reward: 24.375, 	Mean reward done: 3.5007505416870117
Step: 6635520	Mean reward: 24.71875, 	Mean reward done: 3.5688085556030273
Step: 6643712	Mean reward: 24.875, 	Mean reward done: 4.243875503540039
Step: 6651904	Mean reward: 24.25, 	Mean reward done: 4.0132575035095215
Step: 6660096	Mean reward: 24.0625, 	Mean reward done: 3.4848990440368652
Step: 6668288	Mean reward: 24.03125, 	Mean reward done: 4.128722667694092
Step: 6676480	Mean reward: 23.9375, 	Mean reward done: 3.298017740249634
Step: 6684672	Mean reward: 22.375, 	Mean reward done: 3.508824348449707
Step: 6692864	Mean reward: 24.21875, 	Mean reward done: 3.803680658340454
Step: 6701056	Mean reward: 21.6875, 	Mean reward done: 3.475219488143921
Step: 6709248	Mean reward: 23.8125, 	Mean reward done: 3.4228127002716064
Step: 6717440	Mean reward: 23.5625, 	Mean reward done: 3.5334043502807617
Step: 6725632	Mean reward: 23.125, 	Mean reward done: 3.4678027629852295
Step: 6733824	Mean reward: 24.8125, 	Mean reward done: 3.864635944366455
Step: 6742016	Mean reward: 23.625, 	Mean reward done: 4.318775653839111
Step: 6750208	Mean reward: 25.65625, 	Mean reward done: 3.778865098953247
Step: 6758400	Mean reward: 24.6875, 	Mean reward done: 3.768549919128418
Step: 6766592	Mean reward: 22.8125, 	Mean reward done: 3.428614854812622
Step: 6774784	Mean reward: 24.9375, 	Mean reward done: 3.848930597305298
Step: 6782976	Mean reward: 23.40625, 	Mean reward done: 3.072727918624878
Step: 6791168	Mean reward: 22.75, 	Mean reward done: 3.438877582550049
Step: 6799360	Mean reward: 25.15625, 	Mean reward done: 4.749683856964111
Step: 6807552	Mean reward: 23.53125, 	Mean reward done: 2.9924259185791016
Step: 6815744	Mean reward: 23.21875, 	Mean reward done: 3.3459091186523438
Step: 6823936	Mean reward: 24.125, 	Mean reward done: 3.601679801940918
Step: 6832128	Mean reward: 24.40625, 	Mean reward done: 3.799351215362549
Step: 6840320	Mean reward: 23.75, 	Mean reward done: 3.76110577583313
Step: 6848512	Mean reward: 23.3125, 	Mean reward done: 3.5610036849975586
Step: 6856704	Mean reward: 23.375, 	Mean reward done: 3.627357006072998
Step: 6864896	Mean reward: 24.09375, 	Mean reward done: 3.4321250915527344
Step: 6873088	Mean reward: 23.875, 	Mean reward done: 3.6861565113067627
Step: 6881280	Mean reward: 24.21875, 	Mean reward done: 3.969843864440918
Step: 6889472	Mean reward: 24.46875, 	Mean reward done: 3.5428571701049805
Step: 6897664	Mean reward: 24.4375, 	Mean reward done: 4.107392311096191
Step: 6905856	Mean reward: 24.0, 	Mean reward done: 3.4714717864990234
Step: 6914048	Mean reward: 24.71875, 	Mean reward done: 4.011253833770752
Step: 6922240	Mean reward: 23.0, 	Mean reward done: 3.339710235595703
Step: 6930432	Mean reward: 24.25, 	Mean reward done: 3.8833866119384766
Step: 6938624	Mean reward: 25.09375, 	Mean reward done: 3.5619349479675293
Step: 6946816	Mean reward: 25.46875, 	Mean reward done: 4.051727294921875
Step: 6955008	Mean reward: 23.84375, 	Mean reward done: 3.5868771076202393
Step: 6963200	Mean reward: 23.1875, 	Mean reward done: 3.791013240814209
Step: 6971392	Mean reward: 24.65625, 	Mean reward done: 4.480487823486328
Step: 6979584	Mean reward: 24.09375, 	Mean reward done: 3.2767105102539062
Step: 6987776	Mean reward: 23.28125, 	Mean reward done: 3.622314929962158
Step: 6995968	Mean reward: 24.3125, 	Mean reward done: 3.9304606914520264
Step: 7004160	Mean reward: 25.34375, 	Mean reward done: 4.156147003173828
Step: 7012352	Mean reward: 23.21875, 	Mean reward done: 3.7163658142089844
Step: 7020544	Mean reward: 23.75, 	Mean reward done: 4.141620635986328
Step: 7028736	Mean reward: 23.0625, 	Mean reward done: 3.318002462387085
Step: 7036928	Mean reward: 24.8125, 	Mean reward done: 3.811535596847534
Step: 7045120	Mean reward: 24.28125, 	Mean reward done: 3.7505970001220703
Step: 7053312	Mean reward: 22.1875, 	Mean reward done: 3.6116738319396973
Step: 7061504	Mean reward: 24.9375, 	Mean reward done: 3.435586929321289
Step: 7069696	Mean reward: 24.1875, 	Mean reward done: 3.8067574501037598
Step: 7077888	Mean reward: 23.1875, 	Mean reward done: 3.4331164360046387
Step: 7086080	Mean reward: 23.90625, 	Mean reward done: 3.8337717056274414
Step: 7094272	Mean reward: 23.875, 	Mean reward done: 3.8085925579071045
Step: 7102464	Mean reward: 24.46875, 	Mean reward done: 3.703917980194092
Step: 7110656	Mean reward: 24.0, 	Mean reward done: 3.931314468383789
Step: 7118848	Mean reward: 24.03125, 	Mean reward done: 4.043409824371338
Step: 7127040	Mean reward: 22.875, 	Mean reward done: 3.5659618377685547
Step: 7135232	Mean reward: 24.09375, 	Mean reward done: 3.6100404262542725
Step: 7143424	Mean reward: 24.3125, 	Mean reward done: 3.7446393966674805
Step: 7151616	Mean reward: 24.96875, 	Mean reward done: 4.027681827545166
Step: 7159808	Mean reward: 26.8125, 	Mean reward done: 3.8036766052246094
Step: 7168000	Mean reward: 24.9375, 	Mean reward done: 4.172968864440918
Step: 7176192	Mean reward: 25.0625, 	Mean reward done: 3.385042667388916
Step: 7184384	Mean reward: 24.28125, 	Mean reward done: 3.6461524963378906
Step: 7192576	Mean reward: 24.34375, 	Mean reward done: 3.4890713691711426
Step: 7200768	Mean reward: 23.96875, 	Mean reward done: 4.29962158203125
Step: 7208960	Mean reward: 23.53125, 	Mean reward done: 3.1552748680114746
Step: 7217152	Mean reward: 22.8125, 	Mean reward done: 3.231694221496582
Step: 7225344	Mean reward: 25.15625, 	Mean reward done: 3.6392340660095215
Step: 7233536	Mean reward: 24.125, 	Mean reward done: 3.7545480728149414
Step: 7241728	Mean reward: 24.9375, 	Mean reward done: 3.8777780532836914
Step: 7249920	Mean reward: 24.3125, 	Mean reward done: 3.963163375854492
Step: 7258112	Mean reward: 24.59375, 	Mean reward done: 3.9735093116760254
Step: 7266304	Mean reward: 24.15625, 	Mean reward done: 3.927858591079712
Step: 7274496	Mean reward: 23.46875, 	Mean reward done: 3.876783609390259
Step: 7282688	Mean reward: 25.15625, 	Mean reward done: 3.5687248706817627
Step: 7290880	Mean reward: 23.4375, 	Mean reward done: 3.247377395629883
Step: 7299072	Mean reward: 22.6875, 	Mean reward done: 3.5752549171447754
Step: 7307264	Mean reward: 24.21875, 	Mean reward done: 3.841643810272217
Step: 7315456	Mean reward: 24.1875, 	Mean reward done: 3.892089366912842
Step: 7323648	Mean reward: 22.375, 	Mean reward done: 3.8507492542266846
Step: 7331840	Mean reward: 25.53125, 	Mean reward done: 4.316324710845947
Step: 7340032	Mean reward: 24.1875, 	Mean reward done: 3.5397958755493164
Step: 7348224	Mean reward: 24.6875, 	Mean reward done: 4.5738677978515625
Step: 7356416	Mean reward: 24.21875, 	Mean reward done: 3.6934351921081543
Step: 7364608	Mean reward: 24.53125, 	Mean reward done: 3.334163188934326
Step: 7372800	Mean reward: 23.46875, 	Mean reward done: 3.3980283737182617
Step: 7380992	Mean reward: 23.34375, 	Mean reward done: 3.598716974258423
Step: 7389184	Mean reward: 25.0, 	Mean reward done: 4.4508233070373535
Step: 7397376	Mean reward: 23.8125, 	Mean reward done: 3.5218358039855957
Step: 7405568	Mean reward: 22.625, 	Mean reward done: 3.5995190143585205
Step: 7413760	Mean reward: 24.1875, 	Mean reward done: 3.8806312084198
Step: 7421952	Mean reward: 23.40625, 	Mean reward done: 3.1956725120544434
Step: 7430144	Mean reward: 23.375, 	Mean reward done: 3.536219835281372
Step: 7438336	Mean reward: 22.5, 	Mean reward done: 3.357234477996826
Step: 7446528	Mean reward: 25.8125, 	Mean reward done: 4.323287010192871
Step: 7454720	Mean reward: 24.28125, 	Mean reward done: 3.944437265396118
Step: 7462912	Mean reward: 24.53125, 	Mean reward done: 3.7816781997680664
Step: 7471104	Mean reward: 22.8125, 	Mean reward done: 3.262836217880249
Step: 7479296	Mean reward: 23.5625, 	Mean reward done: 4.000532150268555
Step: 7487488	Mean reward: 23.125, 	Mean reward done: 3.7768514156341553
Step: 7495680	Mean reward: 23.46875, 	Mean reward done: 3.679759979248047
Step: 7503872	Mean reward: 24.625, 	Mean reward done: 3.8936922550201416
Step: 7512064	Mean reward: 23.65625, 	Mean reward done: 3.6530559062957764
Step: 7520256	Mean reward: 23.34375, 	Mean reward done: 3.6098248958587646
Step: 7528448	Mean reward: 23.9375, 	Mean reward done: 4.235111713409424
Step: 7536640	Mean reward: 22.71875, 	Mean reward done: 3.5337369441986084
Step: 7544832	Mean reward: 23.53125, 	Mean reward done: 4.291693687438965
Step: 7553024	Mean reward: 23.3125, 	Mean reward done: 3.841113805770874
Step: 7561216	Mean reward: 24.25, 	Mean reward done: 3.8559839725494385
Step: 7569408	Mean reward: 22.21875, 	Mean reward done: 3.261826753616333
Step: 7577600	Mean reward: 24.28125, 	Mean reward done: 3.692586898803711
Step: 7585792	Mean reward: 22.6875, 	Mean reward done: 3.312931776046753
Step: 7593984	Mean reward: 25.5, 	Mean reward done: 4.520692348480225
Step: 7602176	Mean reward: 23.4375, 	Mean reward done: 3.575411558151245
Step: 7610368	Mean reward: 21.46875, 	Mean reward done: 2.937505006790161
Step: 7618560	Mean reward: 23.625, 	Mean reward done: 3.8728251457214355
Step: 7626752	Mean reward: 25.5625, 	Mean reward done: 4.296512126922607
Step: 7634944	Mean reward: 22.59375, 	Mean reward done: 3.3133389949798584
Step: 7643136	Mean reward: 22.75, 	Mean reward done: 3.276515483856201
Step: 7651328	Mean reward: 25.28125, 	Mean reward done: 4.143072605133057
Step: 7659520	Mean reward: 22.0625, 	Mean reward done: 3.731142520904541
Step: 7667712	Mean reward: 24.3125, 	Mean reward done: 3.9710335731506348
Step: 7675904	Mean reward: 26.125, 	Mean reward done: 4.087451934814453
Step: 7684096	Mean reward: 24.84375, 	Mean reward done: 4.263392448425293
Step: 7692288	Mean reward: 22.21875, 	Mean reward done: 3.2146823406219482
Step: 7700480	Mean reward: 26.0, 	Mean reward done: 4.745598316192627
Step: 7708672	Mean reward: 25.28125, 	Mean reward done: 4.024214267730713
Step: 7716864	Mean reward: 25.15625, 	Mean reward done: 4.083766460418701
Step: 7725056	Mean reward: 25.4375, 	Mean reward done: 4.166225910186768
Step: 7733248	Mean reward: 24.1875, 	Mean reward done: 3.790992259979248
Step: 7741440	Mean reward: 24.09375, 	Mean reward done: 3.2835991382598877
Step: 7749632	Mean reward: 24.9375, 	Mean reward done: 4.514580726623535
Step: 7757824	Mean reward: 24.5, 	Mean reward done: 4.499155521392822
Step: 7766016	Mean reward: 25.28125, 	Mean reward done: 3.6834490299224854
Step: 7774208	Mean reward: 24.03125, 	Mean reward done: 3.932079553604126
Step: 7782400	Mean reward: 23.0625, 	Mean reward done: 4.059720039367676
Step: 7790592	Mean reward: 26.03125, 	Mean reward done: 4.415783882141113
Step: 7798784	Mean reward: 25.0625, 	Mean reward done: 4.104942321777344
Step: 7806976	Mean reward: 24.46875, 	Mean reward done: 3.8908660411834717
Step: 7815168	Mean reward: 25.90625, 	Mean reward done: 3.969130039215088
Step: 7823360	Mean reward: 24.78125, 	Mean reward done: 3.806844472885132
Step: 7831552	Mean reward: 23.34375, 	Mean reward done: 3.75172758102417
Step: 7839744	Mean reward: 23.125, 	Mean reward done: 3.380485773086548
Step: 7847936	Mean reward: 23.03125, 	Mean reward done: 3.674083709716797
Step: 7856128	Mean reward: 23.46875, 	Mean reward done: 3.6561355590820312
Step: 7864320	Mean reward: 24.15625, 	Mean reward done: 4.234893798828125
Step: 7872512	Mean reward: 24.75, 	Mean reward done: 4.475143909454346
Step: 7880704	Mean reward: 24.96875, 	Mean reward done: 3.6023366451263428
Step: 7888896	Mean reward: 23.875, 	Mean reward done: 4.058315753936768
Step: 7897088	Mean reward: 24.125, 	Mean reward done: 3.666818141937256
Step: 7905280	Mean reward: 25.46875, 	Mean reward done: 4.360209941864014
Step: 7913472	Mean reward: 23.53125, 	Mean reward done: 3.500241756439209
Step: 7921664	Mean reward: 25.53125, 	Mean reward done: 4.223920822143555
Step: 7929856	Mean reward: 23.375, 	Mean reward done: 4.04554557800293
Step: 7938048	Mean reward: 26.25, 	Mean reward done: 4.467195510864258
Step: 7946240	Mean reward: 24.78125, 	Mean reward done: 3.831042528152466
Step: 7954432	Mean reward: 23.65625, 	Mean reward done: 3.497995376586914
Step: 7962624	Mean reward: 25.5, 	Mean reward done: 4.6109089851379395
Step: 7970816	Mean reward: 23.90625, 	Mean reward done: 3.2421767711639404
Step: 7979008	Mean reward: 24.34375, 	Mean reward done: 4.099135875701904
Step: 7987200	Mean reward: 25.0, 	Mean reward done: 3.8713297843933105
Step: 7995392	Mean reward: 24.125, 	Mean reward done: 4.101551532745361
Step: 8003584	Mean reward: 24.78125, 	Mean reward done: 3.723222255706787
Completed training of sd_i_na_sp!

------------------------------------------------------------
Sender: LSF System <lsfadmin@n-62-20-14>
Subject: Job 8473433: <sd_i_na_sp> in cluster <dcc> Done

Job <sd_i_na_sp> was submitted from host <n-62-30-4> by user <s192288> in cluster <dcc> at Thu Dec  3 20:26:10 2020
Job was executed on host(s) <n-62-20-14>, in queue <gpuv100>, as user <s192288> in cluster <dcc> at Thu Dec  3 20:26:12 2020
</zhome/09/9/144141> was used as the home directory.
</zhome/09/9/144141/Desktop/Deep_l_hpc> was used as the working directory.
Started at Thu Dec  3 20:26:12 2020
Terminated at Fri Dec  4 01:34:24 2020
Results reported at Fri Dec  4 01:34:24 2020

Your job looked like:

------------------------------------------------------------
# LSBATCH: User input
#!/bin/sh

#BSUB -J sd_i_na_sp

#BSUB -q gpuv100

#BSUB -gpu "num=1"

#BSUB -n 1

#BSUB -W 23:45

#BSUB -R "rusage[mem=16GB]"

#BSUB -o sd_i_na_sp.out

#BSUB -e sd_i_na_sp.err

# Load modules

module load python3/3.8.2
module load cuda/8.0
module load cudnn/v7.0-prod-cuda8
module load ffmpeg/4.2.2
pip3 install --user torch matplotlib procgen gym 

# 1 = model_name, 2 = encoder_index, 3 = aug_index, 4 = mix_reg, 5 = game
#the name of the run
#encoder_index 0 = Impala, 1 = Nature  
#aug_index: 0 = None, 1 = grayscale, 2 = random_cutout, 3 = color_jitter
#mixreg: 0 = False, 1 = True 
#type of game

python3 train_ppo.py sd_i_na_sp 0 0 0 starpilot 



------------------------------------------------------------

Successfully completed.

Resource usage summary:

    CPU time :                                   18366.73 sec.
    Max Memory :                                 9084 MB
    Average Memory :                             9022.14 MB
    Total Requested Memory :                     16384.00 MB
    Delta Memory :                               7300.00 MB
    Max Swap :                                   -
    Max Processes :                              4
    Max Threads :                                13
    Run time :                                   18554 sec.
    Turnaround time :                            18494 sec.

The output (if any) is above this job summary.



PS:

Read file <sd_i_na_sp.err> for stderr output of this job.

