Requirement already satisfied: torch in /zhome/09/9/144141/.local/lib/python3.8/site-packages (1.7.0)
Requirement already satisfied: matplotlib in /zhome/09/9/144141/.local/lib/python3.8/site-packages (3.3.3)
Requirement already satisfied: procgen in /zhome/09/9/144141/.local/lib/python3.8/site-packages (0.10.4)
Requirement already satisfied: gym in /zhome/09/9/144141/.local/lib/python3.8/site-packages (0.17.3)
Requirement already satisfied: dataclasses in /zhome/09/9/144141/.local/lib/python3.8/site-packages (from torch) (0.6)
Requirement already satisfied: typing-extensions in /zhome/09/9/144141/.local/lib/python3.8/site-packages (from torch) (3.7.4.3)
Requirement already satisfied: numpy in /zhome/09/9/144141/.local/lib/python3.8/site-packages (from torch) (1.19.4)
Requirement already satisfied: future in /zhome/09/9/144141/.local/lib/python3.8/site-packages (from torch) (0.18.2)
Requirement already satisfied: pillow>=6.2.0 in /zhome/09/9/144141/.local/lib/python3.8/site-packages (from matplotlib) (8.0.1)
Requirement already satisfied: python-dateutil>=2.1 in /zhome/09/9/144141/.local/lib/python3.8/site-packages (from matplotlib) (2.8.1)
Requirement already satisfied: pyparsing!=2.0.4,!=2.1.2,!=2.1.6,>=2.0.3 in /zhome/09/9/144141/.local/lib/python3.8/site-packages (from matplotlib) (2.4.7)
Requirement already satisfied: cycler>=0.10 in /zhome/09/9/144141/.local/lib/python3.8/site-packages (from matplotlib) (0.10.0)
Requirement already satisfied: kiwisolver>=1.0.1 in /zhome/09/9/144141/.local/lib/python3.8/site-packages (from matplotlib) (1.3.1)
Requirement already satisfied: gym3<1.0.0,>=0.3.3 in /zhome/09/9/144141/.local/lib/python3.8/site-packages (from procgen) (0.3.3)
Requirement already satisfied: filelock<4.0.0,>=3.0.0 in /zhome/09/9/144141/.local/lib/python3.8/site-packages (from procgen) (3.0.12)
Requirement already satisfied: scipy in /zhome/09/9/144141/.local/lib/python3.8/site-packages (from gym) (1.5.4)
Requirement already satisfied: pyglet<=1.5.0,>=1.4.0 in /zhome/09/9/144141/.local/lib/python3.8/site-packages (from gym) (1.5.0)
Requirement already satisfied: cloudpickle<1.7.0,>=1.2.0 in /zhome/09/9/144141/.local/lib/python3.8/site-packages (from gym) (1.6.0)
Requirement already satisfied: six>=1.5 in /zhome/09/9/144141/.local/lib/python3.8/site-packages (from python-dateutil>=2.1->matplotlib) (1.15.0)
Requirement already satisfied: imageio<3.0.0,>=2.6.0 in /zhome/09/9/144141/.local/lib/python3.8/site-packages (from gym3<1.0.0,>=0.3.3->procgen) (2.9.0)
Requirement already satisfied: glfw<2.0.0,>=1.8.6 in /zhome/09/9/144141/.local/lib/python3.8/site-packages (from gym3<1.0.0,>=0.3.3->procgen) (1.12.0)
Requirement already satisfied: imageio-ffmpeg<0.4.0,>=0.3.0 in /zhome/09/9/144141/.local/lib/python3.8/site-packages (from gym3<1.0.0,>=0.3.3->procgen) (0.3.0)
Requirement already satisfied: cffi<2.0.0,>=1.13.0 in /zhome/09/9/144141/.local/lib/python3.8/site-packages (from gym3<1.0.0,>=0.3.3->procgen) (1.14.4)
Requirement already satisfied: moderngl<6.0.0,>=5.5.4 in /zhome/09/9/144141/.local/lib/python3.8/site-packages (from gym3<1.0.0,>=0.3.3->procgen) (5.6.2)
Requirement already satisfied: pycparser in /zhome/09/9/144141/.local/lib/python3.8/site-packages (from cffi<2.0.0,>=1.13.0->gym3<1.0.0,>=0.3.3->procgen) (2.20)
Requirement already satisfied: glcontext<3,>=2 in /zhome/09/9/144141/.local/lib/python3.8/site-packages (from moderngl<6.0.0,>=5.5.4->gym3<1.0.0,>=0.3.3->procgen) (2.2.0)
Run name sd_n_mx_sp
Encoder used Nature
Augumentation used none
Mixreg? True
Game starpilot
Observation space: Box(0.0, 1.0, (3, 64, 64), float32)
Action space: 15
Embrace Nature!
Step: 8192	Mean reward: 5.28125, 	Mean reward done: 2.391955614089966
Estimated time of completion: 3.391011915583578 hours
Step: 16384	Mean reward: 5.03125, 	Mean reward done: 1.1413756608963013
Step: 24576	Mean reward: 4.375, 	Mean reward done: 0.9739096760749817
Step: 32768	Mean reward: 6.03125, 	Mean reward done: 1.5242496728897095
Step: 40960	Mean reward: 7.09375, 	Mean reward done: 1.6065806150436401
Step: 49152	Mean reward: 5.96875, 	Mean reward done: 1.3159356117248535
Step: 57344	Mean reward: 4.65625, 	Mean reward done: 1.0682655572891235
Step: 65536	Mean reward: 5.90625, 	Mean reward done: 1.4233500957489014
Step: 73728	Mean reward: 6.40625, 	Mean reward done: 1.4621703624725342
Step: 81920	Mean reward: 5.3125, 	Mean reward done: 1.257873296737671
Step: 90112	Mean reward: 7.53125, 	Mean reward done: 1.7340625524520874
Step: 98304	Mean reward: 6.03125, 	Mean reward done: 1.4157439470291138
Step: 106496	Mean reward: 6.6875, 	Mean reward done: 1.4193572998046875
Step: 114688	Mean reward: 7.0, 	Mean reward done: 1.615940809249878
Step: 122880	Mean reward: 7.4375, 	Mean reward done: 1.7307332754135132
Step: 131072	Mean reward: 7.8125, 	Mean reward done: 1.8820956945419312
Step: 139264	Mean reward: 8.09375, 	Mean reward done: 1.9750715494155884
Step: 147456	Mean reward: 7.5, 	Mean reward done: 1.6168440580368042
Step: 155648	Mean reward: 8.59375, 	Mean reward done: 1.854256272315979
Step: 163840	Mean reward: 7.65625, 	Mean reward done: 1.6499805450439453
Step: 172032	Mean reward: 6.84375, 	Mean reward done: 1.516808032989502
Step: 180224	Mean reward: 7.46875, 	Mean reward done: 1.5316165685653687
Step: 188416	Mean reward: 7.46875, 	Mean reward done: 1.576244831085205
Step: 196608	Mean reward: 8.28125, 	Mean reward done: 1.83595871925354
Step: 204800	Mean reward: 8.46875, 	Mean reward done: 1.7743781805038452
Step: 212992	Mean reward: 9.03125, 	Mean reward done: 2.019113063812256
Step: 221184	Mean reward: 7.21875, 	Mean reward done: 1.4771771430969238
Step: 229376	Mean reward: 7.8125, 	Mean reward done: 1.5529162883758545
Step: 237568	Mean reward: 8.40625, 	Mean reward done: 1.727173924446106
Step: 245760	Mean reward: 7.75, 	Mean reward done: 1.603417158126831
Step: 253952	Mean reward: 7.96875, 	Mean reward done: 1.6326721906661987
Step: 262144	Mean reward: 7.84375, 	Mean reward done: 1.5036091804504395
Step: 270336	Mean reward: 8.4375, 	Mean reward done: 1.7816448211669922
Step: 278528	Mean reward: 8.875, 	Mean reward done: 1.8939361572265625
Step: 286720	Mean reward: 9.3125, 	Mean reward done: 1.8373655080795288
Step: 294912	Mean reward: 8.0625, 	Mean reward done: 1.6284737586975098
Step: 303104	Mean reward: 9.375, 	Mean reward done: 2.0339338779449463
Step: 311296	Mean reward: 8.78125, 	Mean reward done: 1.7332121133804321
Step: 319488	Mean reward: 8.6875, 	Mean reward done: 1.5911505222320557
Step: 327680	Mean reward: 9.03125, 	Mean reward done: 1.7800452709197998
Step: 335872	Mean reward: 7.9375, 	Mean reward done: 1.4509220123291016
Step: 344064	Mean reward: 10.0, 	Mean reward done: 2.0522518157958984
Step: 352256	Mean reward: 8.625, 	Mean reward done: 1.7397348880767822
Step: 360448	Mean reward: 8.84375, 	Mean reward done: 1.702777624130249
Step: 368640	Mean reward: 9.3125, 	Mean reward done: 1.8504492044448853
Step: 376832	Mean reward: 9.65625, 	Mean reward done: 1.9805883169174194
Step: 385024	Mean reward: 9.625, 	Mean reward done: 1.9151601791381836
Step: 393216	Mean reward: 9.625, 	Mean reward done: 2.1032285690307617
Step: 401408	Mean reward: 8.125, 	Mean reward done: 1.6223130226135254
Step: 409600	Mean reward: 9.21875, 	Mean reward done: 1.717980980873108
Step: 417792	Mean reward: 10.03125, 	Mean reward done: 1.9855834245681763
Step: 425984	Mean reward: 8.65625, 	Mean reward done: 1.7073493003845215
Step: 434176	Mean reward: 10.09375, 	Mean reward done: 2.060089111328125
Step: 442368	Mean reward: 9.46875, 	Mean reward done: 1.9050146341323853
Step: 450560	Mean reward: 8.40625, 	Mean reward done: 1.6031886339187622
Step: 458752	Mean reward: 10.65625, 	Mean reward done: 2.196770668029785
Step: 466944	Mean reward: 9.59375, 	Mean reward done: 2.0590853691101074
Step: 475136	Mean reward: 9.8125, 	Mean reward done: 1.9876253604888916
Step: 483328	Mean reward: 8.1875, 	Mean reward done: 1.7218971252441406
Step: 491520	Mean reward: 8.59375, 	Mean reward done: 1.8626465797424316
Step: 499712	Mean reward: 8.84375, 	Mean reward done: 1.7986198663711548
Step: 507904	Mean reward: 9.0, 	Mean reward done: 1.6652672290802002
Step: 516096	Mean reward: 9.0, 	Mean reward done: 1.8432197570800781
Step: 524288	Mean reward: 9.375, 	Mean reward done: 1.7907776832580566
Step: 532480	Mean reward: 10.4375, 	Mean reward done: 2.2236104011535645
Step: 540672	Mean reward: 9.625, 	Mean reward done: 2.016839027404785
Step: 548864	Mean reward: 10.125, 	Mean reward done: 2.1376147270202637
Step: 557056	Mean reward: 9.53125, 	Mean reward done: 1.6139882802963257
Step: 565248	Mean reward: 9.0625, 	Mean reward done: 1.8783832788467407
Step: 573440	Mean reward: 9.46875, 	Mean reward done: 1.9115508794784546
Step: 581632	Mean reward: 9.71875, 	Mean reward done: 1.8802728652954102
Step: 589824	Mean reward: 8.125, 	Mean reward done: 1.6448006629943848
Step: 598016	Mean reward: 8.96875, 	Mean reward done: 1.7340946197509766
Step: 606208	Mean reward: 9.125, 	Mean reward done: 1.6569344997406006
Step: 614400	Mean reward: 10.0, 	Mean reward done: 2.0290496349334717
Step: 622592	Mean reward: 9.5625, 	Mean reward done: 2.0365164279937744
Step: 630784	Mean reward: 9.90625, 	Mean reward done: 1.7779667377471924
Step: 638976	Mean reward: 7.9375, 	Mean reward done: 1.4040863513946533
Step: 647168	Mean reward: 8.0, 	Mean reward done: 1.6054166555404663
Step: 655360	Mean reward: 8.25, 	Mean reward done: 1.6384756565093994
Step: 663552	Mean reward: 9.125, 	Mean reward done: 1.843781590461731
Step: 671744	Mean reward: 7.75, 	Mean reward done: 1.5594236850738525
Step: 679936	Mean reward: 9.625, 	Mean reward done: 1.9467931985855103
Step: 688128	Mean reward: 8.28125, 	Mean reward done: 1.5283571481704712
Step: 696320	Mean reward: 7.78125, 	Mean reward done: 1.676145076751709
Step: 704512	Mean reward: 9.96875, 	Mean reward done: 2.0055713653564453
Step: 712704	Mean reward: 8.8125, 	Mean reward done: 1.798862099647522
Step: 720896	Mean reward: 8.8125, 	Mean reward done: 1.7782516479492188
Step: 729088	Mean reward: 9.0, 	Mean reward done: 1.852304220199585
Step: 737280	Mean reward: 8.21875, 	Mean reward done: 1.4667809009552002
Step: 745472	Mean reward: 8.96875, 	Mean reward done: 1.6256908178329468
Step: 753664	Mean reward: 9.0625, 	Mean reward done: 1.6632972955703735
Step: 761856	Mean reward: 8.53125, 	Mean reward done: 1.72422456741333
Step: 770048	Mean reward: 8.75, 	Mean reward done: 1.662244439125061
Step: 778240	Mean reward: 9.28125, 	Mean reward done: 1.7462632656097412
Step: 786432	Mean reward: 8.46875, 	Mean reward done: 1.5209451913833618
Step: 794624	Mean reward: 10.0625, 	Mean reward done: 1.943865418434143
Step: 802816	Mean reward: 8.65625, 	Mean reward done: 1.6850733757019043
Step: 811008	Mean reward: 8.6875, 	Mean reward done: 1.697291612625122
Step: 819200	Mean reward: 8.78125, 	Mean reward done: 1.7480911016464233
Step: 827392	Mean reward: 10.03125, 	Mean reward done: 2.009714365005493
Step: 835584	Mean reward: 9.4375, 	Mean reward done: 1.8295843601226807
Step: 843776	Mean reward: 9.0, 	Mean reward done: 1.8075429201126099
Step: 851968	Mean reward: 8.25, 	Mean reward done: 1.4998927116394043
Step: 860160	Mean reward: 9.96875, 	Mean reward done: 1.974931001663208
Step: 868352	Mean reward: 9.84375, 	Mean reward done: 1.9431376457214355
Step: 876544	Mean reward: 9.5625, 	Mean reward done: 1.901553988456726
Step: 884736	Mean reward: 9.59375, 	Mean reward done: 1.9193278551101685
Step: 892928	Mean reward: 8.875, 	Mean reward done: 1.6571578979492188
Step: 901120	Mean reward: 9.09375, 	Mean reward done: 1.6822457313537598
Step: 909312	Mean reward: 8.75, 	Mean reward done: 2.0511884689331055
Step: 917504	Mean reward: 9.25, 	Mean reward done: 1.7026069164276123
Step: 925696	Mean reward: 9.25, 	Mean reward done: 1.8798253536224365
Step: 933888	Mean reward: 8.59375, 	Mean reward done: 1.7215381860733032
Step: 942080	Mean reward: 10.65625, 	Mean reward done: 2.1872220039367676
Step: 950272	Mean reward: 9.9375, 	Mean reward done: 2.1966781616210938
Step: 958464	Mean reward: 7.40625, 	Mean reward done: 1.4008145332336426
Step: 966656	Mean reward: 8.0, 	Mean reward done: 1.4318410158157349
Step: 974848	Mean reward: 9.1875, 	Mean reward done: 2.0416343212127686
Step: 983040	Mean reward: 8.78125, 	Mean reward done: 1.690433144569397
Step: 991232	Mean reward: 8.125, 	Mean reward done: 1.722434401512146
Step: 999424	Mean reward: 9.375, 	Mean reward done: 1.6653517484664917
Step: 1007616	Mean reward: 9.21875, 	Mean reward done: 1.7607979774475098
Step: 1015808	Mean reward: 8.84375, 	Mean reward done: 1.7515090703964233
Step: 1024000	Mean reward: 8.40625, 	Mean reward done: 1.635109305381775
Step: 1032192	Mean reward: 9.28125, 	Mean reward done: 1.6420711278915405
Step: 1040384	Mean reward: 7.3125, 	Mean reward done: 1.47135329246521
Step: 1048576	Mean reward: 8.53125, 	Mean reward done: 1.5814882516860962
Step: 1056768	Mean reward: 8.09375, 	Mean reward done: 1.5878523588180542
Step: 1064960	Mean reward: 10.125, 	Mean reward done: 2.0302460193634033
Step: 1073152	Mean reward: 8.59375, 	Mean reward done: 1.5833295583724976
Step: 1081344	Mean reward: 8.40625, 	Mean reward done: 1.888035535812378
Step: 1089536	Mean reward: 9.6875, 	Mean reward done: 1.8293007612228394
Step: 1097728	Mean reward: 9.5625, 	Mean reward done: 1.9379732608795166
Step: 1105920	Mean reward: 9.1875, 	Mean reward done: 1.7963688373565674
Step: 1114112	Mean reward: 10.8125, 	Mean reward done: 2.194061756134033
Step: 1122304	Mean reward: 8.90625, 	Mean reward done: 1.6077771186828613
Step: 1130496	Mean reward: 9.90625, 	Mean reward done: 1.9545402526855469
Step: 1138688	Mean reward: 7.84375, 	Mean reward done: 1.3803701400756836
Step: 1146880	Mean reward: 8.34375, 	Mean reward done: 1.5911760330200195
Step: 1155072	Mean reward: 9.40625, 	Mean reward done: 1.6580177545547485
Step: 1163264	Mean reward: 8.28125, 	Mean reward done: 1.6394195556640625
Step: 1171456	Mean reward: 8.5625, 	Mean reward done: 1.7429851293563843
Step: 1179648	Mean reward: 9.03125, 	Mean reward done: 1.7565110921859741
Step: 1187840	Mean reward: 8.65625, 	Mean reward done: 1.7897324562072754
Step: 1196032	Mean reward: 8.4375, 	Mean reward done: 1.459364414215088
Step: 1204224	Mean reward: 9.03125, 	Mean reward done: 1.7716012001037598
Step: 1212416	Mean reward: 9.0625, 	Mean reward done: 1.7823411226272583
Step: 1220608	Mean reward: 9.46875, 	Mean reward done: 1.8301178216934204
Step: 1228800	Mean reward: 7.6875, 	Mean reward done: 1.4479244947433472
Step: 1236992	Mean reward: 9.15625, 	Mean reward done: 1.7405469417572021
Step: 1245184	Mean reward: 9.125, 	Mean reward done: 1.659571886062622
Step: 1253376	Mean reward: 9.34375, 	Mean reward done: 1.9228564500808716
Step: 1261568	Mean reward: 8.84375, 	Mean reward done: 1.9307833909988403
Step: 1269760	Mean reward: 8.21875, 	Mean reward done: 1.5314640998840332
Step: 1277952	Mean reward: 7.5625, 	Mean reward done: 1.33278489112854
Step: 1286144	Mean reward: 9.71875, 	Mean reward done: 1.7905683517456055
Step: 1294336	Mean reward: 9.9375, 	Mean reward done: 1.8856855630874634
Step: 1302528	Mean reward: 8.6875, 	Mean reward done: 1.6780637502670288
Step: 1310720	Mean reward: 8.75, 	Mean reward done: 1.8560599088668823
Step: 1318912	Mean reward: 10.09375, 	Mean reward done: 1.9969689846038818
Step: 1327104	Mean reward: 9.78125, 	Mean reward done: 1.8490701913833618
Step: 1335296	Mean reward: 8.9375, 	Mean reward done: 1.650726079940796
Step: 1343488	Mean reward: 11.9375, 	Mean reward done: 2.3303165435791016
Step: 1351680	Mean reward: 9.3125, 	Mean reward done: 1.769591212272644
Step: 1359872	Mean reward: 10.8125, 	Mean reward done: 1.9190750122070312
Step: 1368064	Mean reward: 9.4375, 	Mean reward done: 1.9068974256515503
Step: 1376256	Mean reward: 10.125, 	Mean reward done: 1.9788544178009033
Step: 1384448	Mean reward: 9.40625, 	Mean reward done: 1.68399977684021
Step: 1392640	Mean reward: 10.125, 	Mean reward done: 1.9306590557098389
Step: 1400832	Mean reward: 8.5625, 	Mean reward done: 1.7677323818206787
Step: 1409024	Mean reward: 8.40625, 	Mean reward done: 1.5772991180419922
Step: 1417216	Mean reward: 9.6875, 	Mean reward done: 1.9474560022354126
Step: 1425408	Mean reward: 8.65625, 	Mean reward done: 1.5212167501449585
Step: 1433600	Mean reward: 8.75, 	Mean reward done: 1.6015199422836304
Step: 1441792	Mean reward: 9.6875, 	Mean reward done: 1.9896657466888428
Step: 1449984	Mean reward: 9.84375, 	Mean reward done: 1.834251880645752
Step: 1458176	Mean reward: 9.78125, 	Mean reward done: 1.8666296005249023
Step: 1466368	Mean reward: 9.125, 	Mean reward done: 1.6952857971191406
Step: 1474560	Mean reward: 8.90625, 	Mean reward done: 1.6859591007232666
Step: 1482752	Mean reward: 8.9375, 	Mean reward done: 1.7989675998687744
Step: 1490944	Mean reward: 9.53125, 	Mean reward done: 1.8054195642471313
Step: 1499136	Mean reward: 9.75, 	Mean reward done: 1.8364439010620117
Step: 1507328	Mean reward: 9.1875, 	Mean reward done: 1.826245903968811
Step: 1515520	Mean reward: 10.5625, 	Mean reward done: 2.087045669555664
Step: 1523712	Mean reward: 8.15625, 	Mean reward done: 1.490562915802002
Step: 1531904	Mean reward: 9.71875, 	Mean reward done: 1.7335216999053955
Step: 1540096	Mean reward: 9.21875, 	Mean reward done: 1.7736213207244873
Step: 1548288	Mean reward: 10.21875, 	Mean reward done: 2.0995078086853027
Step: 1556480	Mean reward: 9.90625, 	Mean reward done: 1.866092324256897
Step: 1564672	Mean reward: 9.375, 	Mean reward done: 1.7592105865478516
Step: 1572864	Mean reward: 9.75, 	Mean reward done: 1.7932616472244263
Step: 1581056	Mean reward: 9.53125, 	Mean reward done: 1.902197241783142
Step: 1589248	Mean reward: 10.25, 	Mean reward done: 1.9927020072937012
Step: 1597440	Mean reward: 10.125, 	Mean reward done: 2.004960536956787
Step: 1605632	Mean reward: 9.8125, 	Mean reward done: 1.8948222398757935
Step: 1613824	Mean reward: 8.96875, 	Mean reward done: 1.850862979888916
Step: 1622016	Mean reward: 9.3125, 	Mean reward done: 1.8045088052749634
Step: 1630208	Mean reward: 9.34375, 	Mean reward done: 1.802202820777893
Step: 1638400	Mean reward: 8.75, 	Mean reward done: 1.660569429397583
Step: 1646592	Mean reward: 9.21875, 	Mean reward done: 1.815320372581482
Step: 1654784	Mean reward: 11.625, 	Mean reward done: 2.4723331928253174
Step: 1662976	Mean reward: 10.71875, 	Mean reward done: 2.1643495559692383
Step: 1671168	Mean reward: 9.34375, 	Mean reward done: 1.8395121097564697
Step: 1679360	Mean reward: 9.875, 	Mean reward done: 2.130079507827759
Step: 1687552	Mean reward: 10.71875, 	Mean reward done: 2.1090495586395264
Step: 1695744	Mean reward: 10.65625, 	Mean reward done: 2.039687395095825
Step: 1703936	Mean reward: 10.1875, 	Mean reward done: 1.953747034072876
Step: 1712128	Mean reward: 9.84375, 	Mean reward done: 1.8989293575286865
Step: 1720320	Mean reward: 10.03125, 	Mean reward done: 2.24662709236145
Step: 1728512	Mean reward: 10.90625, 	Mean reward done: 2.1927151679992676
Step: 1736704	Mean reward: 9.59375, 	Mean reward done: 1.839863896369934
Step: 1744896	Mean reward: 10.375, 	Mean reward done: 2.1047186851501465
Step: 1753088	Mean reward: 10.78125, 	Mean reward done: 2.1005067825317383
Step: 1761280	Mean reward: 12.03125, 	Mean reward done: 2.5669357776641846
Step: 1769472	Mean reward: 10.28125, 	Mean reward done: 1.933415174484253
Step: 1777664	Mean reward: 10.9375, 	Mean reward done: 2.102267265319824
Step: 1785856	Mean reward: 10.40625, 	Mean reward done: 1.9962067604064941
Step: 1794048	Mean reward: 10.5625, 	Mean reward done: 2.0334219932556152
Step: 1802240	Mean reward: 10.875, 	Mean reward done: 2.226039409637451
Step: 1810432	Mean reward: 10.84375, 	Mean reward done: 2.15205454826355
Step: 1818624	Mean reward: 11.0625, 	Mean reward done: 2.188715696334839
Step: 1826816	Mean reward: 11.25, 	Mean reward done: 2.525157928466797
Step: 1835008	Mean reward: 11.0, 	Mean reward done: 2.0412333011627197
Step: 1843200	Mean reward: 11.40625, 	Mean reward done: 2.286273241043091
Step: 1851392	Mean reward: 9.375, 	Mean reward done: 1.8559987545013428
Step: 1859584	Mean reward: 11.1875, 	Mean reward done: 2.0159435272216797
Step: 1867776	Mean reward: 10.8125, 	Mean reward done: 1.9302716255187988
Step: 1875968	Mean reward: 10.09375, 	Mean reward done: 2.0825934410095215
Step: 1884160	Mean reward: 10.09375, 	Mean reward done: 1.704439401626587
Step: 1892352	Mean reward: 11.21875, 	Mean reward done: 2.2999746799468994
Step: 1900544	Mean reward: 9.5625, 	Mean reward done: 1.8702917098999023
Step: 1908736	Mean reward: 11.0, 	Mean reward done: 2.0699374675750732
Step: 1916928	Mean reward: 10.8125, 	Mean reward done: 2.26834774017334
Step: 1925120	Mean reward: 9.84375, 	Mean reward done: 1.89817476272583
Step: 1933312	Mean reward: 10.1875, 	Mean reward done: 1.8513760566711426
Step: 1941504	Mean reward: 10.84375, 	Mean reward done: 2.1166481971740723
Step: 1949696	Mean reward: 9.4375, 	Mean reward done: 1.5532172918319702
Step: 1957888	Mean reward: 11.53125, 	Mean reward done: 2.2330474853515625
Step: 1966080	Mean reward: 11.0625, 	Mean reward done: 2.151611566543579
Step: 1974272	Mean reward: 12.4375, 	Mean reward done: 2.4415335655212402
Step: 1982464	Mean reward: 11.125, 	Mean reward done: 2.0769379138946533
Step: 1990656	Mean reward: 11.21875, 	Mean reward done: 1.9686970710754395
Step: 1998848	Mean reward: 11.46875, 	Mean reward done: 2.244716167449951
Step: 2007040	Mean reward: 11.5625, 	Mean reward done: 2.2609026432037354
Step: 2015232	Mean reward: 10.71875, 	Mean reward done: 1.9784810543060303
Step: 2023424	Mean reward: 10.875, 	Mean reward done: 2.0625550746917725
Step: 2031616	Mean reward: 10.5, 	Mean reward done: 2.0300912857055664
Step: 2039808	Mean reward: 11.5625, 	Mean reward done: 2.0290729999542236
Step: 2048000	Mean reward: 10.15625, 	Mean reward done: 1.937545657157898
Step: 2056192	Mean reward: 9.78125, 	Mean reward done: 1.8391271829605103
Step: 2064384	Mean reward: 10.5, 	Mean reward done: 2.2365801334381104
Step: 2072576	Mean reward: 9.59375, 	Mean reward done: 1.6537193059921265
Step: 2080768	Mean reward: 11.125, 	Mean reward done: 2.0402352809906006
Step: 2088960	Mean reward: 8.75, 	Mean reward done: 1.5701684951782227
Step: 2097152	Mean reward: 12.375, 	Mean reward done: 2.288911819458008
Step: 2105344	Mean reward: 10.3125, 	Mean reward done: 1.9552903175354004
Step: 2113536	Mean reward: 10.3125, 	Mean reward done: 1.7639954090118408
Step: 2121728	Mean reward: 10.375, 	Mean reward done: 2.104604482650757
Step: 2129920	Mean reward: 11.625, 	Mean reward done: 2.236751079559326
Step: 2138112	Mean reward: 9.6875, 	Mean reward done: 1.84190833568573
Step: 2146304	Mean reward: 11.09375, 	Mean reward done: 2.253868818283081
Step: 2154496	Mean reward: 10.75, 	Mean reward done: 2.2230629920959473
Step: 2162688	Mean reward: 10.375, 	Mean reward done: 1.989185094833374
Step: 2170880	Mean reward: 11.125, 	Mean reward done: 1.9360657930374146
Step: 2179072	Mean reward: 9.96875, 	Mean reward done: 2.0403225421905518
Step: 2187264	Mean reward: 12.15625, 	Mean reward done: 2.470339775085449
Step: 2195456	Mean reward: 11.25, 	Mean reward done: 2.2074568271636963
Step: 2203648	Mean reward: 11.25, 	Mean reward done: 1.950145959854126
Step: 2211840	Mean reward: 10.21875, 	Mean reward done: 2.0565831661224365
Step: 2220032	Mean reward: 10.9375, 	Mean reward done: 2.1795947551727295
Step: 2228224	Mean reward: 10.65625, 	Mean reward done: 2.1633331775665283
Step: 2236416	Mean reward: 11.53125, 	Mean reward done: 2.178009033203125
Step: 2244608	Mean reward: 11.90625, 	Mean reward done: 2.1161048412323
Step: 2252800	Mean reward: 10.375, 	Mean reward done: 1.869192361831665
Step: 2260992	Mean reward: 11.0625, 	Mean reward done: 1.9246779680252075
Step: 2269184	Mean reward: 10.40625, 	Mean reward done: 1.9636555910110474
Step: 2277376	Mean reward: 10.5625, 	Mean reward done: 1.9568015336990356
Step: 2285568	Mean reward: 11.90625, 	Mean reward done: 2.4058687686920166
Step: 2293760	Mean reward: 11.28125, 	Mean reward done: 2.0879359245300293
Step: 2301952	Mean reward: 11.40625, 	Mean reward done: 1.9562360048294067
Step: 2310144	Mean reward: 11.59375, 	Mean reward done: 1.9410735368728638
Step: 2318336	Mean reward: 12.6875, 	Mean reward done: 2.3167707920074463
Step: 2326528	Mean reward: 10.53125, 	Mean reward done: 1.8893847465515137
Step: 2334720	Mean reward: 10.9375, 	Mean reward done: 2.120626211166382
Step: 2342912	Mean reward: 11.34375, 	Mean reward done: 2.093653440475464
Step: 2351104	Mean reward: 12.03125, 	Mean reward done: 2.4187421798706055
Step: 2359296	Mean reward: 11.1875, 	Mean reward done: 2.0893778800964355
Step: 2367488	Mean reward: 10.03125, 	Mean reward done: 1.8977082967758179
Step: 2375680	Mean reward: 11.8125, 	Mean reward done: 2.509974718093872
Step: 2383872	Mean reward: 11.5625, 	Mean reward done: 1.9653536081314087
Step: 2392064	Mean reward: 11.5, 	Mean reward done: 2.2917933464050293
Step: 2400256	Mean reward: 11.625, 	Mean reward done: 2.229254722595215
Step: 2408448	Mean reward: 10.5625, 	Mean reward done: 1.9796931743621826
Step: 2416640	Mean reward: 11.03125, 	Mean reward done: 2.0995330810546875
Step: 2424832	Mean reward: 10.875, 	Mean reward done: 2.1578433513641357
Step: 2433024	Mean reward: 10.0, 	Mean reward done: 1.7726386785507202
Step: 2441216	Mean reward: 10.84375, 	Mean reward done: 2.244276762008667
Step: 2449408	Mean reward: 11.65625, 	Mean reward done: 2.1754021644592285
Step: 2457600	Mean reward: 10.875, 	Mean reward done: 2.1546785831451416
Step: 2465792	Mean reward: 12.0625, 	Mean reward done: 2.111917018890381
Step: 2473984	Mean reward: 11.75, 	Mean reward done: 2.2710254192352295
Step: 2482176	Mean reward: 9.375, 	Mean reward done: 1.741878867149353
Step: 2490368	Mean reward: 10.6875, 	Mean reward done: 1.9843467473983765
Step: 2498560	Mean reward: 10.4375, 	Mean reward done: 1.8237247467041016
Step: 2506752	Mean reward: 10.0625, 	Mean reward done: 1.8888285160064697
Step: 2514944	Mean reward: 10.5, 	Mean reward done: 1.9538395404815674
Step: 2523136	Mean reward: 11.0, 	Mean reward done: 2.262995481491089
Step: 2531328	Mean reward: 11.4375, 	Mean reward done: 2.3059542179107666
Step: 2539520	Mean reward: 11.0, 	Mean reward done: 2.057821750640869
Step: 2547712	Mean reward: 10.71875, 	Mean reward done: 2.1717965602874756
Step: 2555904	Mean reward: 10.15625, 	Mean reward done: 2.0533206462860107
Step: 2564096	Mean reward: 11.0625, 	Mean reward done: 2.1101632118225098
Step: 2572288	Mean reward: 10.1875, 	Mean reward done: 1.8707102537155151
Step: 2580480	Mean reward: 11.375, 	Mean reward done: 2.0496137142181396
Step: 2588672	Mean reward: 12.5, 	Mean reward done: 2.431107759475708
Step: 2596864	Mean reward: 11.46875, 	Mean reward done: 2.242806911468506
Step: 2605056	Mean reward: 9.46875, 	Mean reward done: 1.7502375841140747
Step: 2613248	Mean reward: 9.875, 	Mean reward done: 2.015824794769287
Step: 2621440	Mean reward: 9.90625, 	Mean reward done: 1.8437296152114868
Step: 2629632	Mean reward: 9.28125, 	Mean reward done: 1.8092825412750244
Step: 2637824	Mean reward: 10.25, 	Mean reward done: 1.8773819208145142
Step: 2646016	Mean reward: 10.65625, 	Mean reward done: 2.1159770488739014
Step: 2654208	Mean reward: 10.875, 	Mean reward done: 2.097785711288452
Step: 2662400	Mean reward: 9.90625, 	Mean reward done: 1.931679606437683
Step: 2670592	Mean reward: 11.0625, 	Mean reward done: 2.1994876861572266
Step: 2678784	Mean reward: 10.25, 	Mean reward done: 1.8270695209503174
Step: 2686976	Mean reward: 11.3125, 	Mean reward done: 2.055171251296997
Step: 2695168	Mean reward: 8.84375, 	Mean reward done: 1.6829348802566528
Step: 2703360	Mean reward: 10.8125, 	Mean reward done: 2.027113676071167
Step: 2711552	Mean reward: 9.75, 	Mean reward done: 1.8384922742843628
Step: 2719744	Mean reward: 10.78125, 	Mean reward done: 1.9196374416351318
Step: 2727936	Mean reward: 11.09375, 	Mean reward done: 2.0407538414001465
Step: 2736128	Mean reward: 11.375, 	Mean reward done: 2.297776460647583
Step: 2744320	Mean reward: 10.53125, 	Mean reward done: 2.433771848678589
Step: 2752512	Mean reward: 10.65625, 	Mean reward done: 2.109013557434082
Step: 2760704	Mean reward: 10.03125, 	Mean reward done: 1.9173552989959717
Step: 2768896	Mean reward: 10.65625, 	Mean reward done: 1.9955633878707886
Step: 2777088	Mean reward: 9.09375, 	Mean reward done: 1.6973755359649658
Step: 2785280	Mean reward: 10.40625, 	Mean reward done: 2.01389479637146
Step: 2793472	Mean reward: 9.875, 	Mean reward done: 1.799550175666809
Step: 2801664	Mean reward: 9.71875, 	Mean reward done: 2.0118608474731445
Step: 2809856	Mean reward: 11.28125, 	Mean reward done: 1.9452383518218994
Step: 2818048	Mean reward: 11.5625, 	Mean reward done: 2.3311285972595215
Step: 2826240	Mean reward: 10.375, 	Mean reward done: 1.8651580810546875
Step: 2834432	Mean reward: 10.0625, 	Mean reward done: 1.9343746900558472
Step: 2842624	Mean reward: 9.40625, 	Mean reward done: 1.66863214969635
Step: 2850816	Mean reward: 11.15625, 	Mean reward done: 2.4338057041168213
Step: 2859008	Mean reward: 10.375, 	Mean reward done: 2.1310479640960693
Step: 2867200	Mean reward: 9.8125, 	Mean reward done: 1.7574546337127686
Step: 2875392	Mean reward: 11.6875, 	Mean reward done: 2.1337032318115234
Step: 2883584	Mean reward: 11.46875, 	Mean reward done: 2.1908226013183594
Step: 2891776	Mean reward: 10.46875, 	Mean reward done: 1.9080814123153687
Step: 2899968	Mean reward: 10.3125, 	Mean reward done: 1.8782485723495483
Step: 2908160	Mean reward: 12.0625, 	Mean reward done: 2.1620330810546875
Step: 2916352	Mean reward: 11.15625, 	Mean reward done: 2.036719799041748
Step: 2924544	Mean reward: 11.0625, 	Mean reward done: 2.011157274246216
Step: 2932736	Mean reward: 10.375, 	Mean reward done: 1.9040216207504272
Step: 2940928	Mean reward: 11.46875, 	Mean reward done: 2.1376590728759766
Step: 2949120	Mean reward: 9.34375, 	Mean reward done: 1.836107611656189
Step: 2957312	Mean reward: 11.03125, 	Mean reward done: 2.211705207824707
Step: 2965504	Mean reward: 10.46875, 	Mean reward done: 1.9946695566177368
Step: 2973696	Mean reward: 9.28125, 	Mean reward done: 1.6375058889389038
Step: 2981888	Mean reward: 9.78125, 	Mean reward done: 1.9166059494018555
Step: 2990080	Mean reward: 10.90625, 	Mean reward done: 2.026364326477051
Step: 2998272	Mean reward: 9.1875, 	Mean reward done: 1.5574822425842285
Step: 3006464	Mean reward: 10.5625, 	Mean reward done: 1.8942056894302368
Step: 3014656	Mean reward: 9.8125, 	Mean reward done: 1.8163877725601196
Step: 3022848	Mean reward: 11.25, 	Mean reward done: 2.2058229446411133
Step: 3031040	Mean reward: 10.125, 	Mean reward done: 1.638771414756775
Step: 3039232	Mean reward: 9.90625, 	Mean reward done: 1.9697293043136597
Step: 3047424	Mean reward: 10.4375, 	Mean reward done: 1.9988713264465332
Step: 3055616	Mean reward: 10.90625, 	Mean reward done: 2.1064586639404297
Step: 3063808	Mean reward: 9.53125, 	Mean reward done: 1.9002736806869507
Step: 3072000	Mean reward: 9.34375, 	Mean reward done: 1.8077480792999268
Step: 3080192	Mean reward: 10.84375, 	Mean reward done: 2.018885612487793
Step: 3088384	Mean reward: 9.875, 	Mean reward done: 1.7769891023635864
Step: 3096576	Mean reward: 9.1875, 	Mean reward done: 1.7164454460144043
Step: 3104768	Mean reward: 11.0625, 	Mean reward done: 2.133100986480713
Step: 3112960	Mean reward: 9.40625, 	Mean reward done: 1.7298630475997925
Step: 3121152	Mean reward: 8.78125, 	Mean reward done: 1.6087929010391235
Step: 3129344	Mean reward: 9.03125, 	Mean reward done: 1.803406000137329
Step: 3137536	Mean reward: 9.90625, 	Mean reward done: 1.8752520084381104
Step: 3145728	Mean reward: 10.21875, 	Mean reward done: 1.9182850122451782
Step: 3153920	Mean reward: 10.59375, 	Mean reward done: 1.808659553527832
Step: 3162112	Mean reward: 9.71875, 	Mean reward done: 1.8349093198776245
Step: 3170304	Mean reward: 10.34375, 	Mean reward done: 1.7872761487960815
Step: 3178496	Mean reward: 10.625, 	Mean reward done: 2.0494182109832764
Step: 3186688	Mean reward: 11.625, 	Mean reward done: 2.0205395221710205
Step: 3194880	Mean reward: 11.46875, 	Mean reward done: 2.407155990600586
Step: 3203072	Mean reward: 10.03125, 	Mean reward done: 1.9017847776412964
Step: 3211264	Mean reward: 10.0, 	Mean reward done: 1.8709684610366821
Step: 3219456	Mean reward: 9.65625, 	Mean reward done: 1.8120499849319458
Step: 3227648	Mean reward: 11.03125, 	Mean reward done: 2.2320966720581055
Step: 3235840	Mean reward: 10.6875, 	Mean reward done: 2.1229302883148193
Step: 3244032	Mean reward: 10.375, 	Mean reward done: 1.9843322038650513
Step: 3252224	Mean reward: 10.59375, 	Mean reward done: 1.9211335182189941
Step: 3260416	Mean reward: 10.34375, 	Mean reward done: 1.9611760377883911
Step: 3268608	Mean reward: 10.59375, 	Mean reward done: 2.0627989768981934
Step: 3276800	Mean reward: 10.78125, 	Mean reward done: 2.0564355850219727
Step: 3284992	Mean reward: 11.8125, 	Mean reward done: 2.3286092281341553
Step: 3293184	Mean reward: 10.03125, 	Mean reward done: 2.0066354274749756
Step: 3301376	Mean reward: 10.96875, 	Mean reward done: 1.9574048519134521
Step: 3309568	Mean reward: 10.78125, 	Mean reward done: 1.921384572982788
Step: 3317760	Mean reward: 10.4375, 	Mean reward done: 2.0653183460235596
Step: 3325952	Mean reward: 11.09375, 	Mean reward done: 1.9178065061569214
Step: 3334144	Mean reward: 9.5625, 	Mean reward done: 1.7523362636566162
Step: 3342336	Mean reward: 9.75, 	Mean reward done: 1.7312391996383667
Step: 3350528	Mean reward: 11.34375, 	Mean reward done: 2.1510937213897705
Step: 3358720	Mean reward: 10.5, 	Mean reward done: 2.173750400543213
Step: 3366912	Mean reward: 10.21875, 	Mean reward done: 1.8227565288543701
Step: 3375104	Mean reward: 11.71875, 	Mean reward done: 2.3655495643615723
Step: 3383296	Mean reward: 10.09375, 	Mean reward done: 1.7948096990585327
Step: 3391488	Mean reward: 8.96875, 	Mean reward done: 1.651045560836792
Step: 3399680	Mean reward: 10.65625, 	Mean reward done: 1.8676562309265137
Step: 3407872	Mean reward: 11.4375, 	Mean reward done: 2.209411382675171
Step: 3416064	Mean reward: 10.09375, 	Mean reward done: 1.9062411785125732
Step: 3424256	Mean reward: 8.625, 	Mean reward done: 1.4707856178283691
Step: 3432448	Mean reward: 11.40625, 	Mean reward done: 2.031066656112671
Step: 3440640	Mean reward: 11.96875, 	Mean reward done: 2.285064935684204
Step: 3448832	Mean reward: 10.5625, 	Mean reward done: 1.7719184160232544
Step: 3457024	Mean reward: 9.9375, 	Mean reward done: 2.008563280105591
Step: 3465216	Mean reward: 10.4375, 	Mean reward done: 1.8656827211380005
Step: 3473408	Mean reward: 10.84375, 	Mean reward done: 2.2145087718963623
Step: 3481600	Mean reward: 8.34375, 	Mean reward done: 1.5148569345474243
Step: 3489792	Mean reward: 9.59375, 	Mean reward done: 1.705993890762329
Step: 3497984	Mean reward: 10.625, 	Mean reward done: 1.9654905796051025
Step: 3506176	Mean reward: 9.78125, 	Mean reward done: 1.9087655544281006
Step: 3514368	Mean reward: 10.6875, 	Mean reward done: 1.8800230026245117
Step: 3522560	Mean reward: 9.53125, 	Mean reward done: 1.6370916366577148
Step: 3530752	Mean reward: 11.15625, 	Mean reward done: 2.2349371910095215
Step: 3538944	Mean reward: 9.03125, 	Mean reward done: 1.5960769653320312
Step: 3547136	Mean reward: 11.125, 	Mean reward done: 1.9739269018173218
Step: 3555328	Mean reward: 9.4375, 	Mean reward done: 1.7567284107208252
Step: 3563520	Mean reward: 8.96875, 	Mean reward done: 1.6657936573028564
Step: 3571712	Mean reward: 9.96875, 	Mean reward done: 1.7393171787261963
Step: 3579904	Mean reward: 10.15625, 	Mean reward done: 1.9782003164291382
Step: 3588096	Mean reward: 10.90625, 	Mean reward done: 2.0626978874206543
Step: 3596288	Mean reward: 9.9375, 	Mean reward done: 1.9637951850891113
Step: 3604480	Mean reward: 10.53125, 	Mean reward done: 1.9123094081878662
Step: 3612672	Mean reward: 11.625, 	Mean reward done: 2.0919625759124756
Step: 3620864	Mean reward: 10.875, 	Mean reward done: 1.775026798248291
Step: 3629056	Mean reward: 10.21875, 	Mean reward done: 1.810949444770813
Step: 3637248	Mean reward: 11.15625, 	Mean reward done: 2.0370519161224365
Step: 3645440	Mean reward: 10.0, 	Mean reward done: 1.8719313144683838
Step: 3653632	Mean reward: 10.78125, 	Mean reward done: 1.8126367330551147
Step: 3661824	Mean reward: 12.1875, 	Mean reward done: 2.28348970413208
Step: 3670016	Mean reward: 10.78125, 	Mean reward done: 1.6877878904342651
Step: 3678208	Mean reward: 10.09375, 	Mean reward done: 1.679832100868225
Step: 3686400	Mean reward: 10.8125, 	Mean reward done: 2.2704179286956787
Step: 3694592	Mean reward: 10.9375, 	Mean reward done: 1.9136898517608643
Step: 3702784	Mean reward: 10.90625, 	Mean reward done: 2.0793099403381348
Step: 3710976	Mean reward: 10.4375, 	Mean reward done: 2.0574560165405273
Step: 3719168	Mean reward: 10.75, 	Mean reward done: 1.9791113138198853
Step: 3727360	Mean reward: 11.21875, 	Mean reward done: 2.1057333946228027
Step: 3735552	Mean reward: 10.375, 	Mean reward done: 1.763922095298767
Step: 3743744	Mean reward: 10.5, 	Mean reward done: 1.8827738761901855
Step: 3751936	Mean reward: 11.125, 	Mean reward done: 2.1145055294036865
Step: 3760128	Mean reward: 10.03125, 	Mean reward done: 1.7110756635665894
Step: 3768320	Mean reward: 10.90625, 	Mean reward done: 1.7874116897583008
Step: 3776512	Mean reward: 10.46875, 	Mean reward done: 2.026580572128296
Step: 3784704	Mean reward: 11.5625, 	Mean reward done: 2.214782238006592
Step: 3792896	Mean reward: 9.9375, 	Mean reward done: 1.7892059087753296
Step: 3801088	Mean reward: 11.03125, 	Mean reward done: 2.2023613452911377
Step: 3809280	Mean reward: 11.84375, 	Mean reward done: 2.1450939178466797
Step: 3817472	Mean reward: 9.5625, 	Mean reward done: 1.8378751277923584
Step: 3825664	Mean reward: 12.25, 	Mean reward done: 2.2591984272003174
Step: 3833856	Mean reward: 11.21875, 	Mean reward done: 2.0268473625183105
Step: 3842048	Mean reward: 10.96875, 	Mean reward done: 1.9461355209350586
Step: 3850240	Mean reward: 10.09375, 	Mean reward done: 1.7846174240112305
Step: 3858432	Mean reward: 11.625, 	Mean reward done: 2.006776809692383
Step: 3866624	Mean reward: 11.125, 	Mean reward done: 2.2302474975585938
Step: 3874816	Mean reward: 10.84375, 	Mean reward done: 1.8070520162582397
Step: 3883008	Mean reward: 10.5, 	Mean reward done: 1.6929435729980469
Step: 3891200	Mean reward: 11.34375, 	Mean reward done: 2.073499917984009
Step: 3899392	Mean reward: 10.75, 	Mean reward done: 2.086254835128784
Step: 3907584	Mean reward: 11.6875, 	Mean reward done: 2.1437666416168213
Step: 3915776	Mean reward: 11.625, 	Mean reward done: 2.400758743286133
Step: 3923968	Mean reward: 11.59375, 	Mean reward done: 2.2413644790649414
Step: 3932160	Mean reward: 9.65625, 	Mean reward done: 1.872222661972046
Step: 3940352	Mean reward: 10.1875, 	Mean reward done: 2.0091214179992676
Step: 3948544	Mean reward: 11.53125, 	Mean reward done: 2.193833589553833
Step: 3956736	Mean reward: 11.25, 	Mean reward done: 2.1800365447998047
Step: 3964928	Mean reward: 12.34375, 	Mean reward done: 2.4333698749542236
Step: 3973120	Mean reward: 10.625, 	Mean reward done: 1.945074200630188
Step: 3981312	Mean reward: 11.46875, 	Mean reward done: 2.211888074874878
Step: 3989504	Mean reward: 11.3125, 	Mean reward done: 2.1393916606903076
Step: 3997696	Mean reward: 12.5625, 	Mean reward done: 2.365264654159546
Step: 4005888	Mean reward: 11.96875, 	Mean reward done: 2.426018476486206
Step: 4014080	Mean reward: 12.4375, 	Mean reward done: 2.477768659591675
Step: 4022272	Mean reward: 10.71875, 	Mean reward done: 2.0181643962860107
Step: 4030464	Mean reward: 11.90625, 	Mean reward done: 2.4689252376556396
Step: 4038656	Mean reward: 10.15625, 	Mean reward done: 1.9823492765426636
Step: 4046848	Mean reward: 11.78125, 	Mean reward done: 2.2647204399108887
Step: 4055040	Mean reward: 11.0625, 	Mean reward done: 2.1265151500701904
Step: 4063232	Mean reward: 10.09375, 	Mean reward done: 1.8334425687789917
Step: 4071424	Mean reward: 11.59375, 	Mean reward done: 2.3958256244659424
Step: 4079616	Mean reward: 11.59375, 	Mean reward done: 2.4058423042297363
Step: 4087808	Mean reward: 13.125, 	Mean reward done: 2.8633034229278564
Step: 4096000	Mean reward: 12.09375, 	Mean reward done: 2.456501007080078
Step: 4104192	Mean reward: 11.625, 	Mean reward done: 2.109506607055664
Step: 4112384	Mean reward: 10.0625, 	Mean reward done: 1.796663761138916
Step: 4120576	Mean reward: 12.21875, 	Mean reward done: 2.493212938308716
Step: 4128768	Mean reward: 11.6875, 	Mean reward done: 2.1094233989715576
Step: 4136960	Mean reward: 12.46875, 	Mean reward done: 2.8678157329559326
Step: 4145152	Mean reward: 9.78125, 	Mean reward done: 1.9190552234649658
Step: 4153344	Mean reward: 11.78125, 	Mean reward done: 2.2499606609344482
Step: 4161536	Mean reward: 11.4375, 	Mean reward done: 2.219109058380127
Step: 4169728	Mean reward: 13.03125, 	Mean reward done: 2.461740493774414
Step: 4177920	Mean reward: 12.0, 	Mean reward done: 2.364501953125
Step: 4186112	Mean reward: 12.21875, 	Mean reward done: 2.3901872634887695
Step: 4194304	Mean reward: 11.78125, 	Mean reward done: 2.0787222385406494
Step: 4202496	Mean reward: 11.0, 	Mean reward done: 1.9890626668930054
Step: 4210688	Mean reward: 11.84375, 	Mean reward done: 2.3354079723358154
Step: 4218880	Mean reward: 13.25, 	Mean reward done: 2.3753437995910645
Step: 4227072	Mean reward: 11.25, 	Mean reward done: 2.1863741874694824
Step: 4235264	Mean reward: 12.03125, 	Mean reward done: 2.466224431991577
Step: 4243456	Mean reward: 10.15625, 	Mean reward done: 1.9326244592666626
Step: 4251648	Mean reward: 12.375, 	Mean reward done: 2.0546786785125732
Step: 4259840	Mean reward: 12.21875, 	Mean reward done: 2.1828651428222656
Step: 4268032	Mean reward: 11.4375, 	Mean reward done: 1.9827607870101929
Step: 4276224	Mean reward: 11.96875, 	Mean reward done: 2.2153615951538086
Step: 4284416	Mean reward: 11.65625, 	Mean reward done: 2.2149059772491455
Step: 4292608	Mean reward: 11.21875, 	Mean reward done: 2.23823881149292
Step: 4300800	Mean reward: 9.84375, 	Mean reward done: 1.8796442747116089
Step: 4308992	Mean reward: 10.4375, 	Mean reward done: 2.101332426071167
Step: 4317184	Mean reward: 10.5, 	Mean reward done: 2.0013833045959473
Step: 4325376	Mean reward: 11.375, 	Mean reward done: 2.0181243419647217
Step: 4333568	Mean reward: 11.65625, 	Mean reward done: 2.303969144821167
Step: 4341760	Mean reward: 11.0625, 	Mean reward done: 2.0602564811706543
Step: 4349952	Mean reward: 11.9375, 	Mean reward done: 2.2948694229125977
Step: 4358144	Mean reward: 11.40625, 	Mean reward done: 2.2526073455810547
Step: 4366336	Mean reward: 12.125, 	Mean reward done: 2.0590760707855225
Step: 4374528	Mean reward: 10.40625, 	Mean reward done: 1.9822770357131958
Step: 4382720	Mean reward: 10.75, 	Mean reward done: 2.0334510803222656
Step: 4390912	Mean reward: 12.125, 	Mean reward done: 2.088439464569092
Step: 4399104	Mean reward: 10.5625, 	Mean reward done: 2.28607439994812
Step: 4407296	Mean reward: 11.125, 	Mean reward done: 2.175398111343384
Step: 4415488	Mean reward: 12.03125, 	Mean reward done: 2.2812154293060303
Step: 4423680	Mean reward: 9.09375, 	Mean reward done: 1.814573049545288
Step: 4431872	Mean reward: 11.6875, 	Mean reward done: 2.3751537799835205
Step: 4440064	Mean reward: 11.125, 	Mean reward done: 2.053715229034424
Step: 4448256	Mean reward: 9.75, 	Mean reward done: 1.9203709363937378
Step: 4456448	Mean reward: 11.59375, 	Mean reward done: 2.2199761867523193
Step: 4464640	Mean reward: 10.71875, 	Mean reward done: 2.073727607727051
Step: 4472832	Mean reward: 11.75, 	Mean reward done: 2.230349540710449
Step: 4481024	Mean reward: 11.3125, 	Mean reward done: 2.1252241134643555
Step: 4489216	Mean reward: 11.1875, 	Mean reward done: 2.105660915374756
Step: 4497408	Mean reward: 10.25, 	Mean reward done: 1.9362452030181885
Step: 4505600	Mean reward: 11.34375, 	Mean reward done: 2.435680389404297
Step: 4513792	Mean reward: 10.125, 	Mean reward done: 1.8995591402053833
Step: 4521984	Mean reward: 11.875, 	Mean reward done: 2.369938850402832
Step: 4530176	Mean reward: 11.375, 	Mean reward done: 2.108382225036621
Step: 4538368	Mean reward: 13.34375, 	Mean reward done: 2.59879207611084
Step: 4546560	Mean reward: 10.90625, 	Mean reward done: 2.030872344970703
Step: 4554752	Mean reward: 11.40625, 	Mean reward done: 2.260542869567871
Step: 4562944	Mean reward: 10.65625, 	Mean reward done: 1.984797477722168
Step: 4571136	Mean reward: 10.3125, 	Mean reward done: 1.848896861076355
Step: 4579328	Mean reward: 11.5625, 	Mean reward done: 2.217419147491455
Step: 4587520	Mean reward: 11.5, 	Mean reward done: 2.195162057876587
Step: 4595712	Mean reward: 11.0625, 	Mean reward done: 2.301079273223877
Step: 4603904	Mean reward: 10.5625, 	Mean reward done: 2.1594858169555664
Step: 4612096	Mean reward: 11.34375, 	Mean reward done: 2.1887965202331543
Step: 4620288	Mean reward: 12.78125, 	Mean reward done: 2.2910304069519043
Step: 4628480	Mean reward: 11.125, 	Mean reward done: 2.0784525871276855
Step: 4636672	Mean reward: 11.0, 	Mean reward done: 1.9127411842346191
Step: 4644864	Mean reward: 11.125, 	Mean reward done: 2.233201503753662
Step: 4653056	Mean reward: 10.125, 	Mean reward done: 1.8151174783706665
Step: 4661248	Mean reward: 10.8125, 	Mean reward done: 1.9584015607833862
Step: 4669440	Mean reward: 10.6875, 	Mean reward done: 1.8632454872131348
Step: 4677632	Mean reward: 10.84375, 	Mean reward done: 1.972954511642456
Step: 4685824	Mean reward: 11.4375, 	Mean reward done: 2.2782580852508545
Step: 4694016	Mean reward: 10.4375, 	Mean reward done: 2.0831668376922607
Step: 4702208	Mean reward: 10.46875, 	Mean reward done: 1.6823128461837769
Step: 4710400	Mean reward: 11.53125, 	Mean reward done: 2.27632212638855
Step: 4718592	Mean reward: 10.6875, 	Mean reward done: 1.7944536209106445
Step: 4726784	Mean reward: 10.53125, 	Mean reward done: 1.7305771112442017
Step: 4734976	Mean reward: 12.03125, 	Mean reward done: 2.191106081008911
Step: 4743168	Mean reward: 10.71875, 	Mean reward done: 1.8784782886505127
Step: 4751360	Mean reward: 12.53125, 	Mean reward done: 2.0810673236846924
Step: 4759552	Mean reward: 10.875, 	Mean reward done: 2.0724740028381348
Step: 4767744	Mean reward: 11.84375, 	Mean reward done: 1.961124062538147
Step: 4775936	Mean reward: 11.875, 	Mean reward done: 2.0793282985687256
Step: 4784128	Mean reward: 11.375, 	Mean reward done: 2.1231801509857178
Step: 4792320	Mean reward: 12.21875, 	Mean reward done: 2.200465440750122
Step: 4800512	Mean reward: 13.0625, 	Mean reward done: 2.4517481327056885
Step: 4808704	Mean reward: 10.6875, 	Mean reward done: 1.9835442304611206
Step: 4816896	Mean reward: 12.28125, 	Mean reward done: 2.2156612873077393
Step: 4825088	Mean reward: 11.59375, 	Mean reward done: 2.1475443840026855
Step: 4833280	Mean reward: 11.1875, 	Mean reward done: 2.1719765663146973
Step: 4841472	Mean reward: 11.40625, 	Mean reward done: 2.201387643814087
Step: 4849664	Mean reward: 11.71875, 	Mean reward done: 2.045963764190674
Step: 4857856	Mean reward: 9.6875, 	Mean reward done: 1.6272236108779907
Step: 4866048	Mean reward: 11.8125, 	Mean reward done: 2.4033477306365967
Step: 4874240	Mean reward: 11.75, 	Mean reward done: 2.3737916946411133
Step: 4882432	Mean reward: 10.59375, 	Mean reward done: 1.9743787050247192
Step: 4890624	Mean reward: 10.8125, 	Mean reward done: 1.9082415103912354
Step: 4898816	Mean reward: 11.75, 	Mean reward done: 2.149409055709839
Step: 4907008	Mean reward: 10.84375, 	Mean reward done: 1.9096208810806274
Step: 4915200	Mean reward: 12.21875, 	Mean reward done: 2.2758312225341797
Step: 4923392	Mean reward: 12.375, 	Mean reward done: 2.1097640991210938
Step: 4931584	Mean reward: 10.65625, 	Mean reward done: 1.8858786821365356
Step: 4939776	Mean reward: 12.125, 	Mean reward done: 2.1633827686309814
Step: 4947968	Mean reward: 12.1875, 	Mean reward done: 2.376035213470459
Step: 4956160	Mean reward: 11.25, 	Mean reward done: 2.312584638595581
Step: 4964352	Mean reward: 11.46875, 	Mean reward done: 2.0490922927856445
Step: 4972544	Mean reward: 11.875, 	Mean reward done: 2.180044412612915
Step: 4980736	Mean reward: 10.71875, 	Mean reward done: 1.989874243736267
Step: 4988928	Mean reward: 12.53125, 	Mean reward done: 2.1482672691345215
Step: 4997120	Mean reward: 12.34375, 	Mean reward done: 2.2017178535461426
Step: 5005312	Mean reward: 11.09375, 	Mean reward done: 2.0854098796844482
Step: 5013504	Mean reward: 10.0625, 	Mean reward done: 1.6202943325042725
Step: 5021696	Mean reward: 11.21875, 	Mean reward done: 2.0731091499328613
Step: 5029888	Mean reward: 10.96875, 	Mean reward done: 1.8868961334228516
Step: 5038080	Mean reward: 10.84375, 	Mean reward done: 2.069305419921875
Step: 5046272	Mean reward: 10.875, 	Mean reward done: 2.3477325439453125
Step: 5054464	Mean reward: 10.59375, 	Mean reward done: 1.840230107307434
Step: 5062656	Mean reward: 12.1875, 	Mean reward done: 2.297109603881836
Step: 5070848	Mean reward: 11.125, 	Mean reward done: 2.162297248840332
Step: 5079040	Mean reward: 11.4375, 	Mean reward done: 2.0858662128448486
Step: 5087232	Mean reward: 11.15625, 	Mean reward done: 2.3575713634490967
Step: 5095424	Mean reward: 10.59375, 	Mean reward done: 1.7989202737808228
Step: 5103616	Mean reward: 9.625, 	Mean reward done: 1.8147517442703247
Step: 5111808	Mean reward: 10.125, 	Mean reward done: 1.755720853805542
Step: 5120000	Mean reward: 9.78125, 	Mean reward done: 1.7249723672866821
Step: 5128192	Mean reward: 11.5, 	Mean reward done: 2.3127081394195557
Step: 5136384	Mean reward: 11.40625, 	Mean reward done: 2.090609073638916
Step: 5144576	Mean reward: 11.1875, 	Mean reward done: 1.8899478912353516
Step: 5152768	Mean reward: 10.59375, 	Mean reward done: 2.137197256088257
Step: 5160960	Mean reward: 10.15625, 	Mean reward done: 1.9677833318710327
Step: 5169152	Mean reward: 10.875, 	Mean reward done: 2.129873037338257
Step: 5177344	Mean reward: 11.90625, 	Mean reward done: 2.2086517810821533
Step: 5185536	Mean reward: 11.5625, 	Mean reward done: 2.1869773864746094
Step: 5193728	Mean reward: 10.375, 	Mean reward done: 1.7276318073272705
Step: 5201920	Mean reward: 12.34375, 	Mean reward done: 2.5107979774475098
Step: 5210112	Mean reward: 11.125, 	Mean reward done: 1.8988982439041138
Step: 5218304	Mean reward: 12.28125, 	Mean reward done: 2.3455543518066406
Step: 5226496	Mean reward: 11.40625, 	Mean reward done: 1.9280457496643066
Step: 5234688	Mean reward: 11.34375, 	Mean reward done: 1.993748426437378
Step: 5242880	Mean reward: 10.4375, 	Mean reward done: 1.7430893182754517
Step: 5251072	Mean reward: 11.75, 	Mean reward done: 2.3880181312561035
Step: 5259264	Mean reward: 11.46875, 	Mean reward done: 1.9496341943740845
Step: 5267456	Mean reward: 10.71875, 	Mean reward done: 1.9133304357528687
Step: 5275648	Mean reward: 12.6875, 	Mean reward done: 2.2337586879730225
Step: 5283840	Mean reward: 9.9375, 	Mean reward done: 1.7765698432922363
Step: 5292032	Mean reward: 10.9375, 	Mean reward done: 1.8612467050552368
Step: 5300224	Mean reward: 11.78125, 	Mean reward done: 1.9895288944244385
Step: 5308416	Mean reward: 12.09375, 	Mean reward done: 2.0855135917663574
Step: 5316608	Mean reward: 9.9375, 	Mean reward done: 1.770006537437439
Step: 5324800	Mean reward: 12.1875, 	Mean reward done: 2.1739046573638916
Step: 5332992	Mean reward: 12.71875, 	Mean reward done: 2.2685580253601074
Step: 5341184	Mean reward: 12.0, 	Mean reward done: 2.1756298542022705
Step: 5349376	Mean reward: 12.09375, 	Mean reward done: 2.2551422119140625
Step: 5357568	Mean reward: 12.09375, 	Mean reward done: 2.0685999393463135
Step: 5365760	Mean reward: 11.5625, 	Mean reward done: 2.116424798965454
Step: 5373952	Mean reward: 10.15625, 	Mean reward done: 1.8940526247024536
Step: 5382144	Mean reward: 10.4375, 	Mean reward done: 1.749749779701233
Step: 5390336	Mean reward: 10.5, 	Mean reward done: 1.8034567832946777
Step: 5398528	Mean reward: 12.125, 	Mean reward done: 2.2985756397247314
Step: 5406720	Mean reward: 11.09375, 	Mean reward done: 1.9582871198654175
Step: 5414912	Mean reward: 10.65625, 	Mean reward done: 1.9487576484680176
Step: 5423104	Mean reward: 10.21875, 	Mean reward done: 1.7092193365097046
Step: 5431296	Mean reward: 9.59375, 	Mean reward done: 1.709130048751831
Step: 5439488	Mean reward: 11.4375, 	Mean reward done: 2.233227252960205
Step: 5447680	Mean reward: 10.78125, 	Mean reward done: 2.1127521991729736
Step: 5455872	Mean reward: 11.53125, 	Mean reward done: 2.1375927925109863
Step: 5464064	Mean reward: 12.21875, 	Mean reward done: 2.1587414741516113
Step: 5472256	Mean reward: 11.65625, 	Mean reward done: 2.1320135593414307
Step: 5480448	Mean reward: 11.15625, 	Mean reward done: 2.035078763961792
Step: 5488640	Mean reward: 12.625, 	Mean reward done: 2.439985990524292
Step: 5496832	Mean reward: 12.84375, 	Mean reward done: 2.256859540939331
Step: 5505024	Mean reward: 10.28125, 	Mean reward done: 1.7927145957946777
Step: 5513216	Mean reward: 12.25, 	Mean reward done: 2.3518714904785156
Step: 5521408	Mean reward: 10.75, 	Mean reward done: 1.9056143760681152
Step: 5529600	Mean reward: 12.21875, 	Mean reward done: 2.374908924102783
Step: 5537792	Mean reward: 11.34375, 	Mean reward done: 2.1116011142730713
Step: 5545984	Mean reward: 12.1875, 	Mean reward done: 2.2410523891448975
Step: 5554176	Mean reward: 11.53125, 	Mean reward done: 2.158653974533081
Step: 5562368	Mean reward: 12.1875, 	Mean reward done: 2.160231590270996
Step: 5570560	Mean reward: 10.96875, 	Mean reward done: 2.173786163330078
Step: 5578752	Mean reward: 12.09375, 	Mean reward done: 2.147937536239624
Step: 5586944	Mean reward: 11.0625, 	Mean reward done: 1.9198582172393799
Step: 5595136	Mean reward: 10.375, 	Mean reward done: 1.9236952066421509
Step: 5603328	Mean reward: 11.96875, 	Mean reward done: 2.3958828449249268
Step: 5611520	Mean reward: 10.46875, 	Mean reward done: 1.8885401487350464
Step: 5619712	Mean reward: 10.75, 	Mean reward done: 1.9524765014648438
Step: 5627904	Mean reward: 10.59375, 	Mean reward done: 1.8593233823776245
Step: 5636096	Mean reward: 11.40625, 	Mean reward done: 2.041912078857422
Step: 5644288	Mean reward: 9.9375, 	Mean reward done: 1.8820853233337402
Step: 5652480	Mean reward: 11.21875, 	Mean reward done: 1.9872093200683594
Step: 5660672	Mean reward: 11.4375, 	Mean reward done: 1.9891579151153564
Step: 5668864	Mean reward: 10.28125, 	Mean reward done: 1.90033757686615
Step: 5677056	Mean reward: 10.6875, 	Mean reward done: 1.8563941717147827
Step: 5685248	Mean reward: 10.8125, 	Mean reward done: 1.8866229057312012
Step: 5693440	Mean reward: 11.1875, 	Mean reward done: 1.962923288345337
Step: 5701632	Mean reward: 10.96875, 	Mean reward done: 2.020510673522949
Step: 5709824	Mean reward: 11.0, 	Mean reward done: 1.8920605182647705
Step: 5718016	Mean reward: 11.28125, 	Mean reward done: 2.1274502277374268
Step: 5726208	Mean reward: 10.53125, 	Mean reward done: 1.7333672046661377
Step: 5734400	Mean reward: 10.78125, 	Mean reward done: 1.8466488122940063
Step: 5742592	Mean reward: 12.0625, 	Mean reward done: 2.134453535079956
Step: 5750784	Mean reward: 9.9375, 	Mean reward done: 1.831894874572754
Step: 5758976	Mean reward: 10.6875, 	Mean reward done: 2.008413553237915
Step: 5767168	Mean reward: 10.40625, 	Mean reward done: 1.8820407390594482
Step: 5775360	Mean reward: 10.875, 	Mean reward done: 2.0293595790863037
Step: 5783552	Mean reward: 11.4375, 	Mean reward done: 2.133324384689331
Step: 5791744	Mean reward: 12.125, 	Mean reward done: 2.287623643875122
Step: 5799936	Mean reward: 12.21875, 	Mean reward done: 2.1343274116516113
Step: 5808128	Mean reward: 12.78125, 	Mean reward done: 2.572880983352661
Step: 5816320	Mean reward: 12.65625, 	Mean reward done: 2.381608009338379
Step: 5824512	Mean reward: 11.6875, 	Mean reward done: 2.206885576248169
Step: 5832704	Mean reward: 10.875, 	Mean reward done: 1.9356844425201416
Step: 5840896	Mean reward: 10.1875, 	Mean reward done: 1.6707127094268799
Step: 5849088	Mean reward: 11.875, 	Mean reward done: 2.3729169368743896
Step: 5857280	Mean reward: 12.71875, 	Mean reward done: 2.105412483215332
Step: 5865472	Mean reward: 11.8125, 	Mean reward done: 2.021655559539795
Step: 5873664	Mean reward: 12.25, 	Mean reward done: 2.073638916015625
Step: 5881856	Mean reward: 11.125, 	Mean reward done: 2.2498044967651367
Step: 5890048	Mean reward: 10.3125, 	Mean reward done: 1.9315879344940186
Step: 5898240	Mean reward: 10.71875, 	Mean reward done: 1.9263323545455933
Step: 5906432	Mean reward: 10.84375, 	Mean reward done: 1.8705997467041016
Step: 5914624	Mean reward: 11.3125, 	Mean reward done: 1.9149658679962158
Step: 5922816	Mean reward: 11.9375, 	Mean reward done: 2.1036536693573
Step: 5931008	Mean reward: 12.40625, 	Mean reward done: 2.1358890533447266
Step: 5939200	Mean reward: 12.0, 	Mean reward done: 2.5343222618103027
Step: 5947392	Mean reward: 13.3125, 	Mean reward done: 2.503971576690674
Step: 5955584	Mean reward: 12.84375, 	Mean reward done: 2.5552310943603516
Step: 5963776	Mean reward: 12.0, 	Mean reward done: 2.0528035163879395
Step: 5971968	Mean reward: 12.8125, 	Mean reward done: 2.3629682064056396
Step: 5980160	Mean reward: 10.625, 	Mean reward done: 2.1076948642730713
Step: 5988352	Mean reward: 12.125, 	Mean reward done: 2.2308013439178467
Step: 5996544	Mean reward: 10.84375, 	Mean reward done: 2.056812047958374
Step: 6004736	Mean reward: 10.25, 	Mean reward done: 1.7328004837036133
Step: 6012928	Mean reward: 11.8125, 	Mean reward done: 2.426419734954834
Step: 6021120	Mean reward: 12.28125, 	Mean reward done: 2.3212227821350098
Step: 6029312	Mean reward: 12.15625, 	Mean reward done: 2.4267261028289795
Step: 6037504	Mean reward: 12.5, 	Mean reward done: 2.3252663612365723
Step: 6045696	Mean reward: 10.46875, 	Mean reward done: 1.6730036735534668
Step: 6053888	Mean reward: 10.625, 	Mean reward done: 1.9649786949157715
Step: 6062080	Mean reward: 11.90625, 	Mean reward done: 2.148022413253784
Step: 6070272	Mean reward: 11.5625, 	Mean reward done: 2.1371424198150635
Step: 6078464	Mean reward: 11.34375, 	Mean reward done: 2.0178020000457764
Step: 6086656	Mean reward: 11.09375, 	Mean reward done: 2.149296760559082
Step: 6094848	Mean reward: 13.15625, 	Mean reward done: 2.3406996726989746
Step: 6103040	Mean reward: 11.53125, 	Mean reward done: 2.12955641746521
Step: 6111232	Mean reward: 11.125, 	Mean reward done: 1.8789727687835693
Step: 6119424	Mean reward: 12.5, 	Mean reward done: 2.327892303466797
Step: 6127616	Mean reward: 10.25, 	Mean reward done: 1.8746936321258545
Step: 6135808	Mean reward: 11.90625, 	Mean reward done: 2.241678476333618
Step: 6144000	Mean reward: 10.375, 	Mean reward done: 1.8640507459640503
Step: 6152192	Mean reward: 10.84375, 	Mean reward done: 1.982841968536377
Step: 6160384	Mean reward: 11.59375, 	Mean reward done: 2.0787222385406494
Step: 6168576	Mean reward: 10.46875, 	Mean reward done: 1.8537157773971558
Step: 6176768	Mean reward: 12.28125, 	Mean reward done: 2.3670740127563477
Step: 6184960	Mean reward: 11.53125, 	Mean reward done: 2.2240984439849854
Step: 6193152	Mean reward: 10.90625, 	Mean reward done: 2.04345440864563
Step: 6201344	Mean reward: 12.1875, 	Mean reward done: 2.18135404586792
Step: 6209536	Mean reward: 12.375, 	Mean reward done: 2.4904351234436035
Step: 6217728	Mean reward: 10.53125, 	Mean reward done: 1.8581738471984863
Step: 6225920	Mean reward: 10.78125, 	Mean reward done: 1.978091835975647
Step: 6234112	Mean reward: 10.0625, 	Mean reward done: 1.9211488962173462
Step: 6242304	Mean reward: 10.09375, 	Mean reward done: 1.783126950263977
Step: 6250496	Mean reward: 10.53125, 	Mean reward done: 1.796617031097412
Step: 6258688	Mean reward: 11.21875, 	Mean reward done: 1.9621868133544922
Step: 6266880	Mean reward: 11.5, 	Mean reward done: 1.9396436214447021
Step: 6275072	Mean reward: 11.28125, 	Mean reward done: 1.9263546466827393
Step: 6283264	Mean reward: 11.125, 	Mean reward done: 1.9215823411941528
Step: 6291456	Mean reward: 9.4375, 	Mean reward done: 1.539211630821228
Step: 6299648	Mean reward: 10.40625, 	Mean reward done: 1.9283332824707031
Step: 6307840	Mean reward: 12.40625, 	Mean reward done: 2.1331377029418945
Step: 6316032	Mean reward: 11.375, 	Mean reward done: 2.0371501445770264
Step: 6324224	Mean reward: 11.15625, 	Mean reward done: 1.9484200477600098
Step: 6332416	Mean reward: 10.78125, 	Mean reward done: 1.8861970901489258
Step: 6340608	Mean reward: 10.84375, 	Mean reward done: 2.1584103107452393
Step: 6348800	Mean reward: 11.46875, 	Mean reward done: 2.1164400577545166
Step: 6356992	Mean reward: 10.0, 	Mean reward done: 1.9253655672073364
Step: 6365184	Mean reward: 10.46875, 	Mean reward done: 1.8007396459579468
Step: 6373376	Mean reward: 11.21875, 	Mean reward done: 2.085049629211426
Step: 6381568	Mean reward: 11.65625, 	Mean reward done: 2.161517858505249
Step: 6389760	Mean reward: 11.03125, 	Mean reward done: 2.072589874267578
Step: 6397952	Mean reward: 11.3125, 	Mean reward done: 1.9827862977981567
Step: 6406144	Mean reward: 9.84375, 	Mean reward done: 2.0576589107513428
Step: 6414336	Mean reward: 11.40625, 	Mean reward done: 2.1909432411193848
Step: 6422528	Mean reward: 9.71875, 	Mean reward done: 1.841930866241455
Step: 6430720	Mean reward: 11.90625, 	Mean reward done: 2.1775872707366943
Step: 6438912	Mean reward: 11.25, 	Mean reward done: 2.1608803272247314
Step: 6447104	Mean reward: 10.6875, 	Mean reward done: 1.8561886548995972
Step: 6455296	Mean reward: 10.75, 	Mean reward done: 1.800316333770752
Step: 6463488	Mean reward: 10.65625, 	Mean reward done: 1.9231044054031372
Step: 6471680	Mean reward: 11.40625, 	Mean reward done: 2.386922836303711
Step: 6479872	Mean reward: 12.84375, 	Mean reward done: 2.272493839263916
Step: 6488064	Mean reward: 13.625, 	Mean reward done: 2.5736868381500244
Step: 6496256	Mean reward: 11.65625, 	Mean reward done: 2.179677724838257
Step: 6504448	Mean reward: 11.625, 	Mean reward done: 2.264876127243042
Step: 6512640	Mean reward: 10.5625, 	Mean reward done: 1.748772144317627
Step: 6520832	Mean reward: 12.40625, 	Mean reward done: 2.1748316287994385
Step: 6529024	Mean reward: 11.4375, 	Mean reward done: 2.19303560256958
Step: 6537216	Mean reward: 10.75, 	Mean reward done: 1.9145193099975586
Step: 6545408	Mean reward: 9.65625, 	Mean reward done: 1.8951085805892944
Step: 6553600	Mean reward: 10.46875, 	Mean reward done: 1.8411964178085327
Step: 6561792	Mean reward: 11.09375, 	Mean reward done: 1.9622162580490112
Step: 6569984	Mean reward: 11.6875, 	Mean reward done: 2.10107159614563
Step: 6578176	Mean reward: 11.5, 	Mean reward done: 2.130319595336914
Step: 6586368	Mean reward: 11.0, 	Mean reward done: 1.8877012729644775
Step: 6594560	Mean reward: 11.9375, 	Mean reward done: 2.2660810947418213
Step: 6602752	Mean reward: 10.8125, 	Mean reward done: 2.0166549682617188
Step: 6610944	Mean reward: 12.3125, 	Mean reward done: 2.2523856163024902
Step: 6619136	Mean reward: 11.84375, 	Mean reward done: 2.3337862491607666
Step: 6627328	Mean reward: 11.65625, 	Mean reward done: 2.387023448944092
Step: 6635520	Mean reward: 11.3125, 	Mean reward done: 1.9334686994552612
Step: 6643712	Mean reward: 12.375, 	Mean reward done: 2.400784730911255
Step: 6651904	Mean reward: 10.65625, 	Mean reward done: 2.233175754547119
Step: 6660096	Mean reward: 11.78125, 	Mean reward done: 2.2157254219055176
Step: 6668288	Mean reward: 12.375, 	Mean reward done: 2.1856420040130615
Step: 6676480	Mean reward: 12.8125, 	Mean reward done: 2.2613651752471924
Step: 6684672	Mean reward: 11.46875, 	Mean reward done: 2.166018486022949
Step: 6692864	Mean reward: 11.1875, 	Mean reward done: 2.0461668968200684
Step: 6701056	Mean reward: 11.21875, 	Mean reward done: 2.135711431503296
Step: 6709248	Mean reward: 11.03125, 	Mean reward done: 1.897864818572998
Step: 6717440	Mean reward: 11.15625, 	Mean reward done: 2.1838276386260986
Step: 6725632	Mean reward: 10.9375, 	Mean reward done: 1.9981499910354614
Step: 6733824	Mean reward: 10.9375, 	Mean reward done: 1.974259853363037
Step: 6742016	Mean reward: 11.28125, 	Mean reward done: 2.266366720199585
Step: 6750208	Mean reward: 11.8125, 	Mean reward done: 1.921911358833313
Step: 6758400	Mean reward: 12.15625, 	Mean reward done: 2.2195794582366943
Step: 6766592	Mean reward: 11.90625, 	Mean reward done: 2.378371000289917
Step: 6774784	Mean reward: 11.46875, 	Mean reward done: 2.2797224521636963
Step: 6782976	Mean reward: 11.71875, 	Mean reward done: 2.254265546798706
Step: 6791168	Mean reward: 11.59375, 	Mean reward done: 2.0212652683258057
Step: 6799360	Mean reward: 11.84375, 	Mean reward done: 2.0964584350585938
Step: 6807552	Mean reward: 10.03125, 	Mean reward done: 1.9133291244506836
Step: 6815744	Mean reward: 11.59375, 	Mean reward done: 2.0046935081481934
Step: 6823936	Mean reward: 12.90625, 	Mean reward done: 2.6531145572662354
Step: 6832128	Mean reward: 10.40625, 	Mean reward done: 1.8001811504364014
Step: 6840320	Mean reward: 10.8125, 	Mean reward done: 1.7199043035507202
Step: 6848512	Mean reward: 12.1875, 	Mean reward done: 2.257241725921631
Step: 6856704	Mean reward: 10.15625, 	Mean reward done: 2.0012195110321045
Step: 6864896	Mean reward: 10.78125, 	Mean reward done: 1.8123023509979248
Step: 6873088	Mean reward: 10.40625, 	Mean reward done: 1.7412211894989014
Step: 6881280	Mean reward: 10.34375, 	Mean reward done: 1.7865426540374756
Step: 6889472	Mean reward: 10.71875, 	Mean reward done: 1.8229925632476807
Step: 6897664	Mean reward: 10.28125, 	Mean reward done: 1.8988219499588013
Step: 6905856	Mean reward: 11.0, 	Mean reward done: 1.9661710262298584
Step: 6914048	Mean reward: 11.0, 	Mean reward done: 2.248624801635742
Step: 6922240	Mean reward: 11.09375, 	Mean reward done: 1.8980127573013306
Step: 6930432	Mean reward: 10.65625, 	Mean reward done: 1.81003737449646
Step: 6938624	Mean reward: 10.125, 	Mean reward done: 1.8561160564422607
Step: 6946816	Mean reward: 11.125, 	Mean reward done: 1.880178451538086
Step: 6955008	Mean reward: 10.6875, 	Mean reward done: 1.9004396200180054
Step: 6963200	Mean reward: 12.0, 	Mean reward done: 2.1264657974243164
Step: 6971392	Mean reward: 10.21875, 	Mean reward done: 1.7302368879318237
Step: 6979584	Mean reward: 10.5625, 	Mean reward done: 2.042079210281372
Step: 6987776	Mean reward: 12.0, 	Mean reward done: 2.110623359680176
Step: 6995968	Mean reward: 11.96875, 	Mean reward done: 2.196749210357666
Step: 7004160	Mean reward: 11.15625, 	Mean reward done: 2.0974795818328857
Step: 7012352	Mean reward: 10.3125, 	Mean reward done: 2.1647400856018066
Step: 7020544	Mean reward: 9.96875, 	Mean reward done: 1.8718645572662354
Step: 7028736	Mean reward: 11.75, 	Mean reward done: 2.227592706680298
Step: 7036928	Mean reward: 10.9375, 	Mean reward done: 2.0933749675750732
Step: 7045120	Mean reward: 10.46875, 	Mean reward done: 2.1574418544769287
Step: 7053312	Mean reward: 9.84375, 	Mean reward done: 1.8148605823516846
Step: 7061504	Mean reward: 10.75, 	Mean reward done: 1.9483528137207031
Step: 7069696	Mean reward: 9.6875, 	Mean reward done: 1.8803399801254272
Step: 7077888	Mean reward: 10.71875, 	Mean reward done: 2.081454038619995
Step: 7086080	Mean reward: 10.53125, 	Mean reward done: 1.7859907150268555
Step: 7094272	Mean reward: 10.71875, 	Mean reward done: 2.0969974994659424
Step: 7102464	Mean reward: 11.3125, 	Mean reward done: 1.9121813774108887
Step: 7110656	Mean reward: 10.53125, 	Mean reward done: 1.787354826927185
Step: 7118848	Mean reward: 9.90625, 	Mean reward done: 1.6651251316070557
Step: 7127040	Mean reward: 10.875, 	Mean reward done: 1.9551137685775757
Step: 7135232	Mean reward: 10.59375, 	Mean reward done: 1.8712760210037231
Step: 7143424	Mean reward: 10.78125, 	Mean reward done: 2.087836265563965
Step: 7151616	Mean reward: 11.34375, 	Mean reward done: 1.9715940952301025
Step: 7159808	Mean reward: 10.625, 	Mean reward done: 1.9180372953414917
Step: 7168000	Mean reward: 10.34375, 	Mean reward done: 1.7192023992538452
Step: 7176192	Mean reward: 12.375, 	Mean reward done: 2.32291316986084
Step: 7184384	Mean reward: 11.375, 	Mean reward done: 2.1966283321380615
Step: 7192576	Mean reward: 10.5625, 	Mean reward done: 1.833434820175171
Step: 7200768	Mean reward: 11.28125, 	Mean reward done: 2.0728161334991455
Step: 7208960	Mean reward: 10.46875, 	Mean reward done: 1.8480250835418701
Step: 7217152	Mean reward: 11.28125, 	Mean reward done: 2.035461664199829
Step: 7225344	Mean reward: 10.21875, 	Mean reward done: 1.824307918548584
Step: 7233536	Mean reward: 9.34375, 	Mean reward done: 1.6761834621429443
Step: 7241728	Mean reward: 10.71875, 	Mean reward done: 1.9635953903198242
Step: 7249920	Mean reward: 10.4375, 	Mean reward done: 1.8652236461639404
Step: 7258112	Mean reward: 9.78125, 	Mean reward done: 1.7834501266479492
Step: 7266304	Mean reward: 11.46875, 	Mean reward done: 2.0897903442382812
Step: 7274496	Mean reward: 9.9375, 	Mean reward done: 1.6259024143218994
Step: 7282688	Mean reward: 9.9375, 	Mean reward done: 1.836592674255371
Step: 7290880	Mean reward: 10.40625, 	Mean reward done: 1.7578555345535278
Step: 7299072	Mean reward: 10.59375, 	Mean reward done: 1.999368667602539
Step: 7307264	Mean reward: 11.625, 	Mean reward done: 1.988721251487732
Step: 7315456	Mean reward: 11.21875, 	Mean reward done: 2.1407768726348877
Step: 7323648	Mean reward: 10.8125, 	Mean reward done: 1.9204469919204712
Step: 7331840	Mean reward: 10.09375, 	Mean reward done: 1.8155359029769897
Step: 7340032	Mean reward: 10.84375, 	Mean reward done: 1.9407191276550293
Step: 7348224	Mean reward: 10.8125, 	Mean reward done: 1.9964954853057861
Step: 7356416	Mean reward: 10.625, 	Mean reward done: 2.0714447498321533
Step: 7364608	Mean reward: 10.96875, 	Mean reward done: 2.1574630737304688
Step: 7372800	Mean reward: 11.03125, 	Mean reward done: 1.9043166637420654
Step: 7380992	Mean reward: 10.28125, 	Mean reward done: 1.7847394943237305
Step: 7389184	Mean reward: 12.03125, 	Mean reward done: 2.1286871433258057
Step: 7397376	Mean reward: 10.90625, 	Mean reward done: 2.0996408462524414
Step: 7405568	Mean reward: 11.125, 	Mean reward done: 2.0222041606903076
Step: 7413760	Mean reward: 12.0, 	Mean reward done: 2.2054131031036377
Step: 7421952	Mean reward: 10.46875, 	Mean reward done: 1.931630253791809
Step: 7430144	Mean reward: 10.625, 	Mean reward done: 1.867248296737671
Step: 7438336	Mean reward: 11.25, 	Mean reward done: 2.100728750228882
Step: 7446528	Mean reward: 10.3125, 	Mean reward done: 1.8717293739318848
Step: 7454720	Mean reward: 9.6875, 	Mean reward done: 1.7925699949264526
Step: 7462912	Mean reward: 11.34375, 	Mean reward done: 2.2923238277435303
Step: 7471104	Mean reward: 10.90625, 	Mean reward done: 2.1216249465942383
Step: 7479296	Mean reward: 8.625, 	Mean reward done: 1.5865777730941772
Step: 7487488	Mean reward: 11.40625, 	Mean reward done: 2.2076940536499023
Step: 7495680	Mean reward: 10.65625, 	Mean reward done: 1.9953932762145996
Step: 7503872	Mean reward: 11.15625, 	Mean reward done: 1.8847224712371826
Step: 7512064	Mean reward: 12.0, 	Mean reward done: 2.341434955596924
Step: 7520256	Mean reward: 11.1875, 	Mean reward done: 2.2038369178771973
Step: 7528448	Mean reward: 10.71875, 	Mean reward done: 2.03437876701355
Step: 7536640	Mean reward: 10.34375, 	Mean reward done: 1.9335442781448364
Step: 7544832	Mean reward: 10.09375, 	Mean reward done: 1.7684098482131958
Step: 7553024	Mean reward: 10.65625, 	Mean reward done: 1.8745088577270508
Step: 7561216	Mean reward: 10.53125, 	Mean reward done: 1.9707618951797485
Step: 7569408	Mean reward: 10.59375, 	Mean reward done: 2.1272614002227783
Step: 7577600	Mean reward: 11.71875, 	Mean reward done: 2.2165424823760986
Step: 7585792	Mean reward: 10.5625, 	Mean reward done: 1.856030821800232
Step: 7593984	Mean reward: 10.375, 	Mean reward done: 1.6942496299743652
Step: 7602176	Mean reward: 10.625, 	Mean reward done: 2.308300733566284
Step: 7610368	Mean reward: 10.96875, 	Mean reward done: 2.0276498794555664
Step: 7618560	Mean reward: 12.625, 	Mean reward done: 2.28045392036438
Step: 7626752	Mean reward: 10.40625, 	Mean reward done: 1.8245457410812378
Step: 7634944	Mean reward: 10.46875, 	Mean reward done: 1.755173683166504
Step: 7643136	Mean reward: 12.375, 	Mean reward done: 2.2542736530303955
Step: 7651328	Mean reward: 11.1875, 	Mean reward done: 2.0942201614379883
Step: 7659520	Mean reward: 12.65625, 	Mean reward done: 2.310098886489868
Step: 7667712	Mean reward: 11.15625, 	Mean reward done: 2.063286304473877
Step: 7675904	Mean reward: 10.3125, 	Mean reward done: 1.764509677886963
Step: 7684096	Mean reward: 10.84375, 	Mean reward done: 2.0369858741760254
Step: 7692288	Mean reward: 10.65625, 	Mean reward done: 2.051165819168091
Step: 7700480	Mean reward: 10.25, 	Mean reward done: 1.8217219114303589
Step: 7708672	Mean reward: 10.125, 	Mean reward done: 1.6961933374404907
Step: 7716864	Mean reward: 11.34375, 	Mean reward done: 2.0678186416625977
Step: 7725056	Mean reward: 9.84375, 	Mean reward done: 1.7561521530151367
Step: 7733248	Mean reward: 10.4375, 	Mean reward done: 1.7125643491744995
Step: 7741440	Mean reward: 10.625, 	Mean reward done: 1.9406298398971558
Step: 7749632	Mean reward: 10.71875, 	Mean reward done: 1.9356448650360107
Step: 7757824	Mean reward: 10.6875, 	Mean reward done: 1.8661850690841675
Step: 7766016	Mean reward: 10.6875, 	Mean reward done: 1.9159001111984253
Step: 7774208	Mean reward: 10.21875, 	Mean reward done: 1.8582251071929932
Step: 7782400	Mean reward: 11.28125, 	Mean reward done: 2.071708917617798
Step: 7790592	Mean reward: 9.15625, 	Mean reward done: 1.5153396129608154
Step: 7798784	Mean reward: 11.375, 	Mean reward done: 2.033766746520996
Step: 7806976	Mean reward: 11.0625, 	Mean reward done: 1.9370895624160767
Step: 7815168	Mean reward: 12.4375, 	Mean reward done: 2.2954699993133545
Step: 7823360	Mean reward: 11.71875, 	Mean reward done: 2.1105892658233643
Step: 7831552	Mean reward: 11.03125, 	Mean reward done: 2.0632431507110596
Step: 7839744	Mean reward: 11.59375, 	Mean reward done: 2.2780210971832275
Step: 7847936	Mean reward: 10.125, 	Mean reward done: 1.9607901573181152
Step: 7856128	Mean reward: 10.71875, 	Mean reward done: 2.0302677154541016
Step: 7864320	Mean reward: 11.03125, 	Mean reward done: 2.181760311126709
Step: 7872512	Mean reward: 11.0625, 	Mean reward done: 1.8901616334915161
Step: 7880704	Mean reward: 10.9375, 	Mean reward done: 2.047903537750244
Step: 7888896	Mean reward: 11.4375, 	Mean reward done: 2.062227964401245
Step: 7897088	Mean reward: 11.1875, 	Mean reward done: 2.011725902557373
Step: 7905280	Mean reward: 9.9375, 	Mean reward done: 1.9023218154907227
Step: 7913472	Mean reward: 11.15625, 	Mean reward done: 2.012267589569092
Step: 7921664	Mean reward: 11.15625, 	Mean reward done: 2.043804883956909
Step: 7929856	Mean reward: 13.28125, 	Mean reward done: 2.446124315261841
Step: 7938048	Mean reward: 10.90625, 	Mean reward done: 1.9768414497375488
Step: 7946240	Mean reward: 11.4375, 	Mean reward done: 2.0082662105560303
Step: 7954432	Mean reward: 11.71875, 	Mean reward done: 2.1309654712677
Step: 7962624	Mean reward: 11.03125, 	Mean reward done: 2.025620222091675
Step: 7970816	Mean reward: 12.0, 	Mean reward done: 2.154552698135376
Step: 7979008	Mean reward: 11.4375, 	Mean reward done: 2.1651270389556885
Step: 7987200	Mean reward: 12.6875, 	Mean reward done: 2.2080914974212646
Step: 7995392	Mean reward: 12.0, 	Mean reward done: 2.174504280090332
Step: 8003584	Mean reward: 11.0625, 	Mean reward done: 1.7857458591461182
Completed training of sd_n_mx_sp!

------------------------------------------------------------
Sender: LSF System <lsfadmin@n-62-20-12>
Subject: Job 8462918: <sd_n_mx_sp> in cluster <dcc> Done

Job <sd_n_mx_sp> was submitted from host <hpclogin1> by user <s192288> in cluster <dcc> at Tue Dec  1 17:21:10 2020
Job was executed on host(s) <n-62-20-12>, in queue <gpuv100>, as user <s192288> in cluster <dcc> at Tue Dec  1 17:40:50 2020
</zhome/09/9/144141> was used as the home directory.
</zhome/09/9/144141/Desktop/Deep_l_hpc> was used as the working directory.
Started at Tue Dec  1 17:40:50 2020
Terminated at Tue Dec  1 20:47:50 2020
Results reported at Tue Dec  1 20:47:50 2020

Your job looked like:

------------------------------------------------------------
# LSBATCH: User input
#!/bin/sh

#BSUB -J sd_n_mx_sp

#BSUB -q gpuv100

#BSUB -gpu "num=1"

#BSUB -n 1

#BSUB -W 23:45

#BSUB -R "rusage[mem=16GB]"

#BSUB -o sd_n_mx_sp.out

#BSUB -e sd_n_mx_sp.err

# Load modules

module load python3/3.8.2
module load cuda/8.0
module load cudnn/v7.0-prod-cuda8
module load ffmpeg/4.2.2
pip3 install --user torch matplotlib procgen gym 

# 1 = model_name, 2 = encoder_index, 3 = aug_index, 4 = mix_reg, 5 = game
#the name of the run
#encoder_index 0 = Impala, 1 = Nature  
#aug_index: 0 = None, 1 = grayscale, 2 = random_cutout, 3 = color_jitter
#mixreg: 0 = False, 1 = True 
#type of game

python3 train_ppo.py sd_n_mx_sp 1 0 1 starpilot



------------------------------------------------------------

Successfully completed.

Resource usage summary:

    CPU time :                                   11115.22 sec.
    Max Memory :                                 9057 MB
    Average Memory :                             8975.00 MB
    Total Requested Memory :                     16384.00 MB
    Delta Memory :                               7327.00 MB
    Max Swap :                                   -
    Max Processes :                              4
    Max Threads :                                13
    Run time :                                   11221 sec.
    Turnaround time :                            12400 sec.

The output (if any) is above this job summary.



PS:

Read file <sd_n_mx_sp.err> for stderr output of this job.

