Requirement already satisfied: torch in /zhome/09/9/144141/.local/lib/python3.8/site-packages (1.7.0)
Requirement already satisfied: matplotlib in /zhome/09/9/144141/.local/lib/python3.8/site-packages (3.3.3)
Requirement already satisfied: procgen in /zhome/09/9/144141/.local/lib/python3.8/site-packages (0.10.4)
Requirement already satisfied: gym in /zhome/09/9/144141/.local/lib/python3.8/site-packages (0.17.3)
Requirement already satisfied: numpy in /zhome/09/9/144141/.local/lib/python3.8/site-packages (from torch) (1.19.4)
Requirement already satisfied: dataclasses in /zhome/09/9/144141/.local/lib/python3.8/site-packages (from torch) (0.6)
Requirement already satisfied: typing-extensions in /zhome/09/9/144141/.local/lib/python3.8/site-packages (from torch) (3.7.4.3)
Requirement already satisfied: future in /zhome/09/9/144141/.local/lib/python3.8/site-packages (from torch) (0.18.2)
Requirement already satisfied: pyparsing!=2.0.4,!=2.1.2,!=2.1.6,>=2.0.3 in /zhome/09/9/144141/.local/lib/python3.8/site-packages (from matplotlib) (2.4.7)
Requirement already satisfied: pillow>=6.2.0 in /zhome/09/9/144141/.local/lib/python3.8/site-packages (from matplotlib) (8.0.1)
Requirement already satisfied: kiwisolver>=1.0.1 in /zhome/09/9/144141/.local/lib/python3.8/site-packages (from matplotlib) (1.3.1)
Requirement already satisfied: cycler>=0.10 in /zhome/09/9/144141/.local/lib/python3.8/site-packages (from matplotlib) (0.10.0)
Requirement already satisfied: python-dateutil>=2.1 in /zhome/09/9/144141/.local/lib/python3.8/site-packages (from matplotlib) (2.8.1)
Requirement already satisfied: filelock<4.0.0,>=3.0.0 in /zhome/09/9/144141/.local/lib/python3.8/site-packages (from procgen) (3.0.12)
Requirement already satisfied: gym3<1.0.0,>=0.3.3 in /zhome/09/9/144141/.local/lib/python3.8/site-packages (from procgen) (0.3.3)
Requirement already satisfied: scipy in /zhome/09/9/144141/.local/lib/python3.8/site-packages (from gym) (1.5.4)
Requirement already satisfied: pyglet<=1.5.0,>=1.4.0 in /zhome/09/9/144141/.local/lib/python3.8/site-packages (from gym) (1.5.0)
Requirement already satisfied: cloudpickle<1.7.0,>=1.2.0 in /zhome/09/9/144141/.local/lib/python3.8/site-packages (from gym) (1.6.0)
Requirement already satisfied: six in /zhome/09/9/144141/.local/lib/python3.8/site-packages (from cycler>=0.10->matplotlib) (1.15.0)
Requirement already satisfied: cffi<2.0.0,>=1.13.0 in /zhome/09/9/144141/.local/lib/python3.8/site-packages (from gym3<1.0.0,>=0.3.3->procgen) (1.14.4)
Requirement already satisfied: glfw<2.0.0,>=1.8.6 in /zhome/09/9/144141/.local/lib/python3.8/site-packages (from gym3<1.0.0,>=0.3.3->procgen) (1.12.0)
Requirement already satisfied: moderngl<6.0.0,>=5.5.4 in /zhome/09/9/144141/.local/lib/python3.8/site-packages (from gym3<1.0.0,>=0.3.3->procgen) (5.6.2)
Requirement already satisfied: imageio<3.0.0,>=2.6.0 in /zhome/09/9/144141/.local/lib/python3.8/site-packages (from gym3<1.0.0,>=0.3.3->procgen) (2.9.0)
Requirement already satisfied: imageio-ffmpeg<0.4.0,>=0.3.0 in /zhome/09/9/144141/.local/lib/python3.8/site-packages (from gym3<1.0.0,>=0.3.3->procgen) (0.3.0)
Requirement already satisfied: pycparser in /zhome/09/9/144141/.local/lib/python3.8/site-packages (from cffi<2.0.0,>=1.13.0->gym3<1.0.0,>=0.3.3->procgen) (2.20)
Requirement already satisfied: glcontext<3,>=2 in /zhome/09/9/144141/.local/lib/python3.8/site-packages (from moderngl<6.0.0,>=5.5.4->gym3<1.0.0,>=0.3.3->procgen) (2.2.0)
Run name sd_n_na_sp
Encoder used Nature
Augumentation used none
Mixreg? False
Game starpilot
Observation space: Box(0.0, 1.0, (3, 64, 64), float32)
Action space: 15
Embrace Nature!
Step: 8192	Mean reward: 5.28125, 	Mean reward done: 2.391955614089966
Estimated time of completion: 3.393151758549114 hours
Step: 16384	Mean reward: 5.46875, 	Mean reward done: 1.2678921222686768
Step: 24576	Mean reward: 4.25, 	Mean reward done: 0.965252697467804
Step: 32768	Mean reward: 6.625, 	Mean reward done: 1.6713491678237915
Step: 40960	Mean reward: 6.625, 	Mean reward done: 1.603029727935791
Step: 49152	Mean reward: 6.4375, 	Mean reward done: 1.4736354351043701
Step: 57344	Mean reward: 5.84375, 	Mean reward done: 1.3213311433792114
Step: 65536	Mean reward: 7.4375, 	Mean reward done: 1.9437203407287598
Step: 73728	Mean reward: 7.28125, 	Mean reward done: 1.6531078815460205
Step: 81920	Mean reward: 7.90625, 	Mean reward done: 1.995417594909668
Step: 90112	Mean reward: 8.0625, 	Mean reward done: 1.7195955514907837
Step: 98304	Mean reward: 6.6875, 	Mean reward done: 1.4305347204208374
Step: 106496	Mean reward: 8.0, 	Mean reward done: 1.763901948928833
Step: 114688	Mean reward: 7.625, 	Mean reward done: 1.5901442766189575
Step: 122880	Mean reward: 7.78125, 	Mean reward done: 1.6483315229415894
Step: 131072	Mean reward: 8.5, 	Mean reward done: 1.7705037593841553
Step: 139264	Mean reward: 8.09375, 	Mean reward done: 1.7504819631576538
Step: 147456	Mean reward: 9.0, 	Mean reward done: 1.9750301837921143
Step: 155648	Mean reward: 8.65625, 	Mean reward done: 1.8845386505126953
Step: 163840	Mean reward: 8.625, 	Mean reward done: 1.8605587482452393
Step: 172032	Mean reward: 9.375, 	Mean reward done: 1.885668396949768
Step: 180224	Mean reward: 8.0625, 	Mean reward done: 1.7377891540527344
Step: 188416	Mean reward: 9.71875, 	Mean reward done: 1.9993016719818115
Step: 196608	Mean reward: 9.5, 	Mean reward done: 2.026224136352539
Step: 204800	Mean reward: 9.875, 	Mean reward done: 2.1001617908477783
Step: 212992	Mean reward: 9.6875, 	Mean reward done: 1.9699960947036743
Step: 221184	Mean reward: 9.53125, 	Mean reward done: 1.8915764093399048
Step: 229376	Mean reward: 8.59375, 	Mean reward done: 1.6571143865585327
Step: 237568	Mean reward: 9.21875, 	Mean reward done: 1.8210458755493164
Step: 245760	Mean reward: 9.75, 	Mean reward done: 2.1514651775360107
Step: 253952	Mean reward: 9.03125, 	Mean reward done: 1.8179199695587158
Step: 262144	Mean reward: 9.1875, 	Mean reward done: 1.7407214641571045
Step: 270336	Mean reward: 9.59375, 	Mean reward done: 1.8713668584823608
Step: 278528	Mean reward: 9.5625, 	Mean reward done: 1.832413911819458
Step: 286720	Mean reward: 9.625, 	Mean reward done: 1.8288147449493408
Step: 294912	Mean reward: 9.53125, 	Mean reward done: 1.858069896697998
Step: 303104	Mean reward: 10.46875, 	Mean reward done: 2.157637357711792
Step: 311296	Mean reward: 11.40625, 	Mean reward done: 2.2358052730560303
Step: 319488	Mean reward: 9.0625, 	Mean reward done: 1.7594581842422485
Step: 327680	Mean reward: 10.09375, 	Mean reward done: 1.927889347076416
Step: 335872	Mean reward: 10.15625, 	Mean reward done: 1.8896211385726929
Step: 344064	Mean reward: 9.78125, 	Mean reward done: 1.8397681713104248
Step: 352256	Mean reward: 9.53125, 	Mean reward done: 1.6738719940185547
Step: 360448	Mean reward: 11.1875, 	Mean reward done: 2.2870943546295166
Step: 368640	Mean reward: 9.375, 	Mean reward done: 1.7235158681869507
Step: 376832	Mean reward: 9.90625, 	Mean reward done: 1.7932193279266357
Step: 385024	Mean reward: 10.375, 	Mean reward done: 1.992707371711731
Step: 393216	Mean reward: 9.84375, 	Mean reward done: 1.8398427963256836
Step: 401408	Mean reward: 12.3125, 	Mean reward done: 2.464771032333374
Step: 409600	Mean reward: 10.53125, 	Mean reward done: 1.9943681955337524
Step: 417792	Mean reward: 10.9375, 	Mean reward done: 2.0692484378814697
Step: 425984	Mean reward: 10.28125, 	Mean reward done: 1.9997339248657227
Step: 434176	Mean reward: 10.09375, 	Mean reward done: 1.9496040344238281
Step: 442368	Mean reward: 9.96875, 	Mean reward done: 1.7148687839508057
Step: 450560	Mean reward: 10.15625, 	Mean reward done: 1.889601230621338
Step: 458752	Mean reward: 10.34375, 	Mean reward done: 2.038989305496216
Step: 466944	Mean reward: 10.59375, 	Mean reward done: 1.935917615890503
Step: 475136	Mean reward: 10.8125, 	Mean reward done: 2.005995750427246
Step: 483328	Mean reward: 11.625, 	Mean reward done: 2.3917038440704346
Step: 491520	Mean reward: 10.25, 	Mean reward done: 1.841860055923462
Step: 499712	Mean reward: 11.15625, 	Mean reward done: 2.3404245376586914
Step: 507904	Mean reward: 11.125, 	Mean reward done: 2.084571361541748
Step: 516096	Mean reward: 10.15625, 	Mean reward done: 1.7966673374176025
Step: 524288	Mean reward: 10.71875, 	Mean reward done: 2.0342206954956055
Step: 532480	Mean reward: 11.28125, 	Mean reward done: 1.9647537469863892
Step: 540672	Mean reward: 9.84375, 	Mean reward done: 1.717071771621704
Step: 548864	Mean reward: 11.6875, 	Mean reward done: 2.1988601684570312
Step: 557056	Mean reward: 10.625, 	Mean reward done: 2.0515642166137695
Step: 565248	Mean reward: 10.875, 	Mean reward done: 1.961195468902588
Step: 573440	Mean reward: 11.59375, 	Mean reward done: 2.429612398147583
Step: 581632	Mean reward: 11.125, 	Mean reward done: 1.9374568462371826
Step: 589824	Mean reward: 11.71875, 	Mean reward done: 2.2731685638427734
Step: 598016	Mean reward: 11.46875, 	Mean reward done: 2.404087543487549
Step: 606208	Mean reward: 10.40625, 	Mean reward done: 1.9243454933166504
Step: 614400	Mean reward: 12.0625, 	Mean reward done: 2.1297073364257812
Step: 622592	Mean reward: 11.65625, 	Mean reward done: 2.3463125228881836
Step: 630784	Mean reward: 11.5625, 	Mean reward done: 2.323664426803589
Step: 638976	Mean reward: 11.84375, 	Mean reward done: 2.323306083679199
Step: 647168	Mean reward: 11.8125, 	Mean reward done: 2.114656448364258
Step: 655360	Mean reward: 12.09375, 	Mean reward done: 2.8034181594848633
Step: 663552	Mean reward: 12.0625, 	Mean reward done: 1.9221066236495972
Step: 671744	Mean reward: 11.96875, 	Mean reward done: 2.542572498321533
Step: 679936	Mean reward: 10.4375, 	Mean reward done: 1.8412408828735352
Step: 688128	Mean reward: 11.3125, 	Mean reward done: 2.112863063812256
Step: 696320	Mean reward: 12.625, 	Mean reward done: 2.232889175415039
Step: 704512	Mean reward: 11.71875, 	Mean reward done: 2.2278449535369873
Step: 712704	Mean reward: 11.6875, 	Mean reward done: 2.3785810470581055
Step: 720896	Mean reward: 11.40625, 	Mean reward done: 1.9646878242492676
Step: 729088	Mean reward: 10.09375, 	Mean reward done: 1.9848871231079102
Step: 737280	Mean reward: 11.1875, 	Mean reward done: 1.8397876024246216
Step: 745472	Mean reward: 10.59375, 	Mean reward done: 2.1430680751800537
Step: 753664	Mean reward: 11.5, 	Mean reward done: 1.934679388999939
Step: 761856	Mean reward: 12.0, 	Mean reward done: 2.156212329864502
Step: 770048	Mean reward: 10.65625, 	Mean reward done: 1.8830387592315674
Step: 778240	Mean reward: 11.375, 	Mean reward done: 2.1056087017059326
Step: 786432	Mean reward: 11.8125, 	Mean reward done: 2.328601121902466
Step: 794624	Mean reward: 12.6875, 	Mean reward done: 2.7162325382232666
Step: 802816	Mean reward: 11.90625, 	Mean reward done: 2.0036940574645996
Step: 811008	Mean reward: 11.84375, 	Mean reward done: 2.0490598678588867
Step: 819200	Mean reward: 11.03125, 	Mean reward done: 1.966547966003418
Step: 827392	Mean reward: 10.78125, 	Mean reward done: 1.9752495288848877
Step: 835584	Mean reward: 12.6875, 	Mean reward done: 2.2839770317077637
Step: 843776	Mean reward: 11.5625, 	Mean reward done: 1.9030965566635132
Step: 851968	Mean reward: 12.40625, 	Mean reward done: 1.9217969179153442
Step: 860160	Mean reward: 11.40625, 	Mean reward done: 2.083556652069092
Step: 868352	Mean reward: 10.90625, 	Mean reward done: 1.8907432556152344
Step: 876544	Mean reward: 13.03125, 	Mean reward done: 2.331254005432129
Step: 884736	Mean reward: 11.21875, 	Mean reward done: 1.8587604761123657
Step: 892928	Mean reward: 11.34375, 	Mean reward done: 1.8753077983856201
Step: 901120	Mean reward: 12.25, 	Mean reward done: 2.2277064323425293
Step: 909312	Mean reward: 11.59375, 	Mean reward done: 2.032043218612671
Step: 917504	Mean reward: 12.1875, 	Mean reward done: 2.2916226387023926
Step: 925696	Mean reward: 10.6875, 	Mean reward done: 1.8365737199783325
Step: 933888	Mean reward: 10.53125, 	Mean reward done: 1.8668062686920166
Step: 942080	Mean reward: 11.5625, 	Mean reward done: 2.2499306201934814
Step: 950272	Mean reward: 12.53125, 	Mean reward done: 2.1588666439056396
Step: 958464	Mean reward: 11.625, 	Mean reward done: 2.034832715988159
Step: 966656	Mean reward: 11.6875, 	Mean reward done: 2.2417826652526855
Step: 974848	Mean reward: 13.3125, 	Mean reward done: 2.4977974891662598
Step: 983040	Mean reward: 12.28125, 	Mean reward done: 2.0856480598449707
Step: 991232	Mean reward: 12.84375, 	Mean reward done: 2.1939361095428467
Step: 999424	Mean reward: 11.84375, 	Mean reward done: 2.2684900760650635
Step: 1007616	Mean reward: 13.0, 	Mean reward done: 2.6097159385681152
Step: 1015808	Mean reward: 12.15625, 	Mean reward done: 2.103872537612915
Step: 1024000	Mean reward: 12.625, 	Mean reward done: 2.2675514221191406
Step: 1032192	Mean reward: 11.125, 	Mean reward done: 1.9043982028961182
Step: 1040384	Mean reward: 11.8125, 	Mean reward done: 2.090888023376465
Step: 1048576	Mean reward: 12.53125, 	Mean reward done: 2.7468607425689697
Step: 1056768	Mean reward: 12.0625, 	Mean reward done: 1.9928817749023438
Step: 1064960	Mean reward: 11.59375, 	Mean reward done: 2.1103482246398926
Step: 1073152	Mean reward: 11.5625, 	Mean reward done: 1.914425253868103
Step: 1081344	Mean reward: 13.5, 	Mean reward done: 2.452604293823242
Step: 1089536	Mean reward: 13.53125, 	Mean reward done: 2.444380044937134
Step: 1097728	Mean reward: 12.28125, 	Mean reward done: 2.0311644077301025
Step: 1105920	Mean reward: 11.71875, 	Mean reward done: 2.1439883708953857
Step: 1114112	Mean reward: 11.375, 	Mean reward done: 1.9741772413253784
Step: 1122304	Mean reward: 12.8125, 	Mean reward done: 2.1829676628112793
Step: 1130496	Mean reward: 12.5, 	Mean reward done: 2.274773597717285
Step: 1138688	Mean reward: 13.3125, 	Mean reward done: 2.5802440643310547
Step: 1146880	Mean reward: 11.625, 	Mean reward done: 2.024243116378784
Step: 1155072	Mean reward: 12.03125, 	Mean reward done: 2.236876964569092
Step: 1163264	Mean reward: 14.03125, 	Mean reward done: 2.439350128173828
Step: 1171456	Mean reward: 13.5, 	Mean reward done: 2.4842448234558105
Step: 1179648	Mean reward: 12.59375, 	Mean reward done: 2.1106319427490234
Step: 1187840	Mean reward: 11.75, 	Mean reward done: 2.114696502685547
Step: 1196032	Mean reward: 12.375, 	Mean reward done: 1.945434808731079
Step: 1204224	Mean reward: 12.03125, 	Mean reward done: 2.1837525367736816
Step: 1212416	Mean reward: 12.53125, 	Mean reward done: 2.0619330406188965
Step: 1220608	Mean reward: 13.34375, 	Mean reward done: 2.2418019771575928
Step: 1228800	Mean reward: 13.6875, 	Mean reward done: 2.309751033782959
Step: 1236992	Mean reward: 13.96875, 	Mean reward done: 2.4379332065582275
Step: 1245184	Mean reward: 13.46875, 	Mean reward done: 2.4839305877685547
Step: 1253376	Mean reward: 12.59375, 	Mean reward done: 2.228966236114502
Step: 1261568	Mean reward: 12.65625, 	Mean reward done: 2.1719565391540527
Step: 1269760	Mean reward: 12.3125, 	Mean reward done: 2.057234525680542
Step: 1277952	Mean reward: 12.5625, 	Mean reward done: 2.2532641887664795
Step: 1286144	Mean reward: 12.34375, 	Mean reward done: 2.3986499309539795
Step: 1294336	Mean reward: 13.03125, 	Mean reward done: 2.4126675128936768
Step: 1302528	Mean reward: 13.28125, 	Mean reward done: 2.530731439590454
Step: 1310720	Mean reward: 15.09375, 	Mean reward done: 2.7906761169433594
Step: 1318912	Mean reward: 13.71875, 	Mean reward done: 2.812692165374756
Step: 1327104	Mean reward: 13.59375, 	Mean reward done: 2.5595946311950684
Step: 1335296	Mean reward: 11.28125, 	Mean reward done: 2.073854684829712
Step: 1343488	Mean reward: 13.4375, 	Mean reward done: 2.502312183380127
Step: 1351680	Mean reward: 14.15625, 	Mean reward done: 2.5836780071258545
Step: 1359872	Mean reward: 13.5, 	Mean reward done: 2.3191139698028564
Step: 1368064	Mean reward: 12.8125, 	Mean reward done: 2.288773775100708
Step: 1376256	Mean reward: 12.71875, 	Mean reward done: 2.0437583923339844
Step: 1384448	Mean reward: 14.40625, 	Mean reward done: 2.459340810775757
Step: 1392640	Mean reward: 12.6875, 	Mean reward done: 2.0734519958496094
Step: 1400832	Mean reward: 11.75, 	Mean reward done: 2.0641517639160156
Step: 1409024	Mean reward: 13.3125, 	Mean reward done: 2.2552735805511475
Step: 1417216	Mean reward: 12.8125, 	Mean reward done: 2.0982120037078857
Step: 1425408	Mean reward: 13.9375, 	Mean reward done: 2.393531560897827
Step: 1433600	Mean reward: 12.375, 	Mean reward done: 1.9257280826568604
Step: 1441792	Mean reward: 12.875, 	Mean reward done: 2.279611825942993
Step: 1449984	Mean reward: 13.0625, 	Mean reward done: 2.421919107437134
Step: 1458176	Mean reward: 12.1875, 	Mean reward done: 2.08748722076416
Step: 1466368	Mean reward: 15.0625, 	Mean reward done: 3.1651318073272705
Step: 1474560	Mean reward: 13.78125, 	Mean reward done: 2.391524076461792
Step: 1482752	Mean reward: 12.5625, 	Mean reward done: 2.0796191692352295
Step: 1490944	Mean reward: 12.96875, 	Mean reward done: 2.008396625518799
Step: 1499136	Mean reward: 11.75, 	Mean reward done: 1.9674949645996094
Step: 1507328	Mean reward: 12.34375, 	Mean reward done: 2.2454423904418945
Step: 1515520	Mean reward: 11.75, 	Mean reward done: 2.1274261474609375
Step: 1523712	Mean reward: 13.375, 	Mean reward done: 2.6062963008880615
Step: 1531904	Mean reward: 13.1875, 	Mean reward done: 2.5166983604431152
Step: 1540096	Mean reward: 14.46875, 	Mean reward done: 2.7448031902313232
Step: 1548288	Mean reward: 13.46875, 	Mean reward done: 2.2278425693511963
Step: 1556480	Mean reward: 12.6875, 	Mean reward done: 2.336038589477539
Step: 1564672	Mean reward: 14.03125, 	Mean reward done: 2.851457357406616
Step: 1572864	Mean reward: 14.125, 	Mean reward done: 2.8987410068511963
Step: 1581056	Mean reward: 13.625, 	Mean reward done: 2.5569818019866943
Step: 1589248	Mean reward: 13.46875, 	Mean reward done: 2.2449207305908203
Step: 1597440	Mean reward: 12.46875, 	Mean reward done: 2.1660337448120117
Step: 1605632	Mean reward: 14.21875, 	Mean reward done: 2.4559218883514404
Step: 1613824	Mean reward: 13.53125, 	Mean reward done: 2.492818832397461
Step: 1622016	Mean reward: 14.65625, 	Mean reward done: 2.432645559310913
Step: 1630208	Mean reward: 14.53125, 	Mean reward done: 2.596022844314575
Step: 1638400	Mean reward: 12.5, 	Mean reward done: 2.0871636867523193
Step: 1646592	Mean reward: 13.875, 	Mean reward done: 2.3655006885528564
Step: 1654784	Mean reward: 12.1875, 	Mean reward done: 2.048208475112915
Step: 1662976	Mean reward: 13.125, 	Mean reward done: 2.1658220291137695
Step: 1671168	Mean reward: 13.03125, 	Mean reward done: 2.274543046951294
Step: 1679360	Mean reward: 14.65625, 	Mean reward done: 2.768285036087036
Step: 1687552	Mean reward: 12.6875, 	Mean reward done: 2.099453926086426
Step: 1695744	Mean reward: 13.375, 	Mean reward done: 2.3664371967315674
Step: 1703936	Mean reward: 13.15625, 	Mean reward done: 2.4587514400482178
Step: 1712128	Mean reward: 12.90625, 	Mean reward done: 2.2305285930633545
Step: 1720320	Mean reward: 13.5625, 	Mean reward done: 2.5135498046875
Step: 1728512	Mean reward: 12.03125, 	Mean reward done: 2.0470032691955566
Step: 1736704	Mean reward: 12.34375, 	Mean reward done: 2.2995359897613525
Step: 1744896	Mean reward: 13.4375, 	Mean reward done: 2.5331075191497803
Step: 1753088	Mean reward: 14.78125, 	Mean reward done: 2.8818764686584473
Step: 1761280	Mean reward: 13.78125, 	Mean reward done: 2.4438974857330322
Step: 1769472	Mean reward: 13.25, 	Mean reward done: 2.224179983139038
Step: 1777664	Mean reward: 15.875, 	Mean reward done: 3.179033041000366
Step: 1785856	Mean reward: 13.90625, 	Mean reward done: 2.6344447135925293
Step: 1794048	Mean reward: 14.1875, 	Mean reward done: 2.7763912677764893
Step: 1802240	Mean reward: 12.84375, 	Mean reward done: 2.4257431030273438
Step: 1810432	Mean reward: 13.59375, 	Mean reward done: 2.3475077152252197
Step: 1818624	Mean reward: 14.1875, 	Mean reward done: 2.423459768295288
Step: 1826816	Mean reward: 14.15625, 	Mean reward done: 2.4118599891662598
Step: 1835008	Mean reward: 14.0, 	Mean reward done: 2.326556921005249
Step: 1843200	Mean reward: 12.9375, 	Mean reward done: 2.380467414855957
Step: 1851392	Mean reward: 12.6875, 	Mean reward done: 2.22129225730896
Step: 1859584	Mean reward: 15.0, 	Mean reward done: 2.465147018432617
Step: 1867776	Mean reward: 14.21875, 	Mean reward done: 2.4531168937683105
Step: 1875968	Mean reward: 13.4375, 	Mean reward done: 2.354806661605835
Step: 1884160	Mean reward: 15.125, 	Mean reward done: 2.964790105819702
Step: 1892352	Mean reward: 13.9375, 	Mean reward done: 2.7558302879333496
Step: 1900544	Mean reward: 13.4375, 	Mean reward done: 2.267354965209961
Step: 1908736	Mean reward: 14.46875, 	Mean reward done: 2.6243748664855957
Step: 1916928	Mean reward: 12.8125, 	Mean reward done: 2.3776369094848633
Step: 1925120	Mean reward: 13.65625, 	Mean reward done: 2.227860927581787
Step: 1933312	Mean reward: 14.09375, 	Mean reward done: 2.523442268371582
Step: 1941504	Mean reward: 14.3125, 	Mean reward done: 2.604959726333618
Step: 1949696	Mean reward: 13.5, 	Mean reward done: 2.6471757888793945
Step: 1957888	Mean reward: 14.375, 	Mean reward done: 2.776578426361084
Step: 1966080	Mean reward: 13.15625, 	Mean reward done: 2.1742165088653564
Step: 1974272	Mean reward: 14.84375, 	Mean reward done: 2.598487377166748
Step: 1982464	Mean reward: 13.1875, 	Mean reward done: 2.4137229919433594
Step: 1990656	Mean reward: 14.03125, 	Mean reward done: 2.4986839294433594
Step: 1998848	Mean reward: 15.1875, 	Mean reward done: 2.808817148208618
Step: 2007040	Mean reward: 15.34375, 	Mean reward done: 2.759936809539795
Step: 2015232	Mean reward: 13.84375, 	Mean reward done: 2.4269843101501465
Step: 2023424	Mean reward: 13.8125, 	Mean reward done: 2.111931562423706
Step: 2031616	Mean reward: 16.0625, 	Mean reward done: 2.867696523666382
Step: 2039808	Mean reward: 14.28125, 	Mean reward done: 2.5789763927459717
Step: 2048000	Mean reward: 13.125, 	Mean reward done: 1.9897947311401367
Step: 2056192	Mean reward: 13.125, 	Mean reward done: 2.0946836471557617
Step: 2064384	Mean reward: 13.8125, 	Mean reward done: 2.2223904132843018
Step: 2072576	Mean reward: 14.71875, 	Mean reward done: 2.6605069637298584
Step: 2080768	Mean reward: 14.03125, 	Mean reward done: 2.252682685852051
Step: 2088960	Mean reward: 14.03125, 	Mean reward done: 2.5510246753692627
Step: 2097152	Mean reward: 14.9375, 	Mean reward done: 2.7088770866394043
Step: 2105344	Mean reward: 14.15625, 	Mean reward done: 2.541102886199951
Step: 2113536	Mean reward: 14.90625, 	Mean reward done: 2.7323198318481445
Step: 2121728	Mean reward: 13.71875, 	Mean reward done: 2.2493984699249268
Step: 2129920	Mean reward: 13.9375, 	Mean reward done: 2.285438299179077
Step: 2138112	Mean reward: 12.9375, 	Mean reward done: 2.0570363998413086
Step: 2146304	Mean reward: 13.75, 	Mean reward done: 2.5852739810943604
Step: 2154496	Mean reward: 14.46875, 	Mean reward done: 2.4772748947143555
Step: 2162688	Mean reward: 16.125, 	Mean reward done: 2.9057650566101074
Step: 2170880	Mean reward: 15.25, 	Mean reward done: 2.386275291442871
Step: 2179072	Mean reward: 15.625, 	Mean reward done: 3.186638832092285
Step: 2187264	Mean reward: 13.53125, 	Mean reward done: 2.0345702171325684
Step: 2195456	Mean reward: 14.71875, 	Mean reward done: 2.642411470413208
Step: 2203648	Mean reward: 13.40625, 	Mean reward done: 2.0717358589172363
Step: 2211840	Mean reward: 14.5, 	Mean reward done: 2.287794351577759
Step: 2220032	Mean reward: 14.84375, 	Mean reward done: 2.694995641708374
Step: 2228224	Mean reward: 13.5, 	Mean reward done: 2.429117441177368
Step: 2236416	Mean reward: 14.03125, 	Mean reward done: 2.406578302383423
Step: 2244608	Mean reward: 13.71875, 	Mean reward done: 2.437905788421631
Step: 2252800	Mean reward: 14.25, 	Mean reward done: 2.5207693576812744
Step: 2260992	Mean reward: 15.5, 	Mean reward done: 2.5333735942840576
Step: 2269184	Mean reward: 14.53125, 	Mean reward done: 2.4063327312469482
Step: 2277376	Mean reward: 16.03125, 	Mean reward done: 2.8961880207061768
Step: 2285568	Mean reward: 14.6875, 	Mean reward done: 2.3945374488830566
Step: 2293760	Mean reward: 14.40625, 	Mean reward done: 2.4547088146209717
Step: 2301952	Mean reward: 16.0, 	Mean reward done: 2.8125836849212646
Step: 2310144	Mean reward: 14.5625, 	Mean reward done: 2.4389572143554688
Step: 2318336	Mean reward: 15.15625, 	Mean reward done: 2.7938451766967773
Step: 2326528	Mean reward: 14.34375, 	Mean reward done: 2.547477960586548
Step: 2334720	Mean reward: 14.875, 	Mean reward done: 2.5740020275115967
Step: 2342912	Mean reward: 14.75, 	Mean reward done: 2.6311376094818115
Step: 2351104	Mean reward: 14.0, 	Mean reward done: 2.3567657470703125
Step: 2359296	Mean reward: 15.09375, 	Mean reward done: 2.652522325515747
Step: 2367488	Mean reward: 15.0625, 	Mean reward done: 3.0582845211029053
Step: 2375680	Mean reward: 14.25, 	Mean reward done: 2.5928940773010254
Step: 2383872	Mean reward: 14.3125, 	Mean reward done: 2.453538417816162
Step: 2392064	Mean reward: 14.28125, 	Mean reward done: 2.7364461421966553
Step: 2400256	Mean reward: 14.34375, 	Mean reward done: 2.284374713897705
Step: 2408448	Mean reward: 14.96875, 	Mean reward done: 2.6888489723205566
Step: 2416640	Mean reward: 15.75, 	Mean reward done: 2.4662766456604004
Step: 2424832	Mean reward: 15.46875, 	Mean reward done: 2.8038065433502197
Step: 2433024	Mean reward: 15.8125, 	Mean reward done: 2.779262065887451
Step: 2441216	Mean reward: 14.8125, 	Mean reward done: 2.5341219902038574
Step: 2449408	Mean reward: 15.875, 	Mean reward done: 2.7110483646392822
Step: 2457600	Mean reward: 15.90625, 	Mean reward done: 3.046879529953003
Step: 2465792	Mean reward: 15.21875, 	Mean reward done: 2.5912258625030518
Step: 2473984	Mean reward: 16.34375, 	Mean reward done: 3.1716346740722656
Step: 2482176	Mean reward: 13.90625, 	Mean reward done: 2.204885959625244
Step: 2490368	Mean reward: 16.0, 	Mean reward done: 2.7260003089904785
Step: 2498560	Mean reward: 16.21875, 	Mean reward done: 2.7837541103363037
Step: 2506752	Mean reward: 13.875, 	Mean reward done: 2.5569686889648438
Step: 2514944	Mean reward: 15.375, 	Mean reward done: 2.74699068069458
Step: 2523136	Mean reward: 14.53125, 	Mean reward done: 2.346038341522217
Step: 2531328	Mean reward: 15.0, 	Mean reward done: 2.7032599449157715
Step: 2539520	Mean reward: 14.8125, 	Mean reward done: 2.792395830154419
Step: 2547712	Mean reward: 14.84375, 	Mean reward done: 2.248176097869873
Step: 2555904	Mean reward: 14.1875, 	Mean reward done: 2.487205743789673
Step: 2564096	Mean reward: 15.53125, 	Mean reward done: 2.946223258972168
Step: 2572288	Mean reward: 16.09375, 	Mean reward done: 2.915968894958496
Step: 2580480	Mean reward: 15.84375, 	Mean reward done: 2.6091275215148926
Step: 2588672	Mean reward: 15.75, 	Mean reward done: 2.609117269515991
Step: 2596864	Mean reward: 15.21875, 	Mean reward done: 2.742088794708252
Step: 2605056	Mean reward: 15.59375, 	Mean reward done: 2.88520884513855
Step: 2613248	Mean reward: 16.5, 	Mean reward done: 3.036433696746826
Step: 2621440	Mean reward: 16.9375, 	Mean reward done: 3.1069729328155518
Step: 2629632	Mean reward: 16.0, 	Mean reward done: 2.7533252239227295
Step: 2637824	Mean reward: 16.03125, 	Mean reward done: 2.7881298065185547
Step: 2646016	Mean reward: 15.625, 	Mean reward done: 2.6910815238952637
Step: 2654208	Mean reward: 15.40625, 	Mean reward done: 2.8501358032226562
Step: 2662400	Mean reward: 14.78125, 	Mean reward done: 2.906438112258911
Step: 2670592	Mean reward: 16.375, 	Mean reward done: 3.1714324951171875
Step: 2678784	Mean reward: 15.15625, 	Mean reward done: 2.8040683269500732
Step: 2686976	Mean reward: 16.28125, 	Mean reward done: 2.6992805004119873
Step: 2695168	Mean reward: 16.09375, 	Mean reward done: 2.7863450050354004
Step: 2703360	Mean reward: 15.0625, 	Mean reward done: 2.3450849056243896
Step: 2711552	Mean reward: 17.3125, 	Mean reward done: 3.1029722690582275
Step: 2719744	Mean reward: 16.03125, 	Mean reward done: 2.850023031234741
Step: 2727936	Mean reward: 15.09375, 	Mean reward done: 2.7667529582977295
Step: 2736128	Mean reward: 16.90625, 	Mean reward done: 2.9187350273132324
Step: 2744320	Mean reward: 16.0, 	Mean reward done: 2.8118748664855957
Step: 2752512	Mean reward: 15.8125, 	Mean reward done: 2.6816799640655518
Step: 2760704	Mean reward: 15.59375, 	Mean reward done: 2.85408091545105
Step: 2768896	Mean reward: 16.78125, 	Mean reward done: 3.214667558670044
Step: 2777088	Mean reward: 16.65625, 	Mean reward done: 2.9311678409576416
Step: 2785280	Mean reward: 15.65625, 	Mean reward done: 2.6045639514923096
Step: 2793472	Mean reward: 16.09375, 	Mean reward done: 2.7841339111328125
Step: 2801664	Mean reward: 16.28125, 	Mean reward done: 2.9952392578125
Step: 2809856	Mean reward: 15.53125, 	Mean reward done: 2.868852376937866
Step: 2818048	Mean reward: 15.65625, 	Mean reward done: 2.3572897911071777
Step: 2826240	Mean reward: 15.1875, 	Mean reward done: 2.559147357940674
Step: 2834432	Mean reward: 15.53125, 	Mean reward done: 2.3828284740448
Step: 2842624	Mean reward: 15.125, 	Mean reward done: 2.491299629211426
Step: 2850816	Mean reward: 15.03125, 	Mean reward done: 2.651129722595215
Step: 2859008	Mean reward: 16.34375, 	Mean reward done: 2.6899290084838867
Step: 2867200	Mean reward: 15.46875, 	Mean reward done: 2.8053553104400635
Step: 2875392	Mean reward: 16.71875, 	Mean reward done: 2.965374708175659
Step: 2883584	Mean reward: 17.0625, 	Mean reward done: 3.337428331375122
Step: 2891776	Mean reward: 16.3125, 	Mean reward done: 2.9572372436523438
Step: 2899968	Mean reward: 17.0625, 	Mean reward done: 3.0040698051452637
Step: 2908160	Mean reward: 15.78125, 	Mean reward done: 2.9607596397399902
Step: 2916352	Mean reward: 15.9375, 	Mean reward done: 2.955838918685913
Step: 2924544	Mean reward: 15.6875, 	Mean reward done: 2.693697929382324
Step: 2932736	Mean reward: 16.03125, 	Mean reward done: 2.732867479324341
Step: 2940928	Mean reward: 15.21875, 	Mean reward done: 2.49731183052063
Step: 2949120	Mean reward: 15.34375, 	Mean reward done: 2.3959808349609375
Step: 2957312	Mean reward: 15.46875, 	Mean reward done: 2.493274450302124
Step: 2965504	Mean reward: 16.75, 	Mean reward done: 2.889298439025879
Step: 2973696	Mean reward: 14.0, 	Mean reward done: 2.031018018722534
Step: 2981888	Mean reward: 16.3125, 	Mean reward done: 2.9067165851593018
Step: 2990080	Mean reward: 14.9375, 	Mean reward done: 2.182166576385498
Step: 2998272	Mean reward: 17.34375, 	Mean reward done: 3.2559304237365723
Step: 3006464	Mean reward: 16.6875, 	Mean reward done: 2.9023654460906982
Step: 3014656	Mean reward: 15.375, 	Mean reward done: 2.6955366134643555
Step: 3022848	Mean reward: 15.75, 	Mean reward done: 2.9019227027893066
Step: 3031040	Mean reward: 16.6875, 	Mean reward done: 3.0532121658325195
Step: 3039232	Mean reward: 15.65625, 	Mean reward done: 2.4784348011016846
Step: 3047424	Mean reward: 15.84375, 	Mean reward done: 2.7086424827575684
Step: 3055616	Mean reward: 14.0, 	Mean reward done: 2.510427713394165
Step: 3063808	Mean reward: 16.6875, 	Mean reward done: 2.866994857788086
Step: 3072000	Mean reward: 16.65625, 	Mean reward done: 2.49580454826355
Step: 3080192	Mean reward: 17.4375, 	Mean reward done: 2.945047616958618
Step: 3088384	Mean reward: 16.15625, 	Mean reward done: 2.6242785453796387
Step: 3096576	Mean reward: 15.625, 	Mean reward done: 2.6754980087280273
Step: 3104768	Mean reward: 13.875, 	Mean reward done: 2.1678483486175537
Step: 3112960	Mean reward: 15.4375, 	Mean reward done: 2.330674171447754
Step: 3121152	Mean reward: 17.125, 	Mean reward done: 3.296639919281006
Step: 3129344	Mean reward: 16.25, 	Mean reward done: 2.9023642539978027
Step: 3137536	Mean reward: 15.0, 	Mean reward done: 2.747244358062744
Step: 3145728	Mean reward: 16.0625, 	Mean reward done: 2.755661725997925
Step: 3153920	Mean reward: 16.5, 	Mean reward done: 3.169700860977173
Step: 3162112	Mean reward: 15.5, 	Mean reward done: 2.5589277744293213
Step: 3170304	Mean reward: 15.5, 	Mean reward done: 2.5612995624542236
Step: 3178496	Mean reward: 17.4375, 	Mean reward done: 2.8749380111694336
Step: 3186688	Mean reward: 15.28125, 	Mean reward done: 2.5713260173797607
Step: 3194880	Mean reward: 16.78125, 	Mean reward done: 2.9513168334960938
Step: 3203072	Mean reward: 16.375, 	Mean reward done: 2.8351221084594727
Step: 3211264	Mean reward: 14.9375, 	Mean reward done: 2.4326858520507812
Step: 3219456	Mean reward: 16.34375, 	Mean reward done: 2.7874155044555664
Step: 3227648	Mean reward: 15.9375, 	Mean reward done: 2.474402904510498
Step: 3235840	Mean reward: 17.75, 	Mean reward done: 3.4074816703796387
Step: 3244032	Mean reward: 16.15625, 	Mean reward done: 2.550727605819702
Step: 3252224	Mean reward: 15.53125, 	Mean reward done: 2.730323076248169
Step: 3260416	Mean reward: 16.71875, 	Mean reward done: 2.9779229164123535
Step: 3268608	Mean reward: 16.125, 	Mean reward done: 2.8849737644195557
Step: 3276800	Mean reward: 14.9375, 	Mean reward done: 2.36218523979187
Step: 3284992	Mean reward: 15.5, 	Mean reward done: 2.6929173469543457
Step: 3293184	Mean reward: 15.6875, 	Mean reward done: 2.535933256149292
Step: 3301376	Mean reward: 16.6875, 	Mean reward done: 2.8856120109558105
Step: 3309568	Mean reward: 15.34375, 	Mean reward done: 2.551837921142578
Step: 3317760	Mean reward: 17.46875, 	Mean reward done: 2.909837007522583
Step: 3325952	Mean reward: 14.59375, 	Mean reward done: 2.434520721435547
Step: 3334144	Mean reward: 15.1875, 	Mean reward done: 2.354743480682373
Step: 3342336	Mean reward: 15.78125, 	Mean reward done: 2.6639950275421143
Step: 3350528	Mean reward: 15.90625, 	Mean reward done: 2.718224048614502
Step: 3358720	Mean reward: 16.375, 	Mean reward done: 2.7664308547973633
Step: 3366912	Mean reward: 16.5625, 	Mean reward done: 3.1336896419525146
Step: 3375104	Mean reward: 17.21875, 	Mean reward done: 2.9164440631866455
Step: 3383296	Mean reward: 16.125, 	Mean reward done: 2.7320501804351807
Step: 3391488	Mean reward: 17.4375, 	Mean reward done: 3.0076897144317627
Step: 3399680	Mean reward: 16.71875, 	Mean reward done: 2.862598180770874
Step: 3407872	Mean reward: 17.21875, 	Mean reward done: 3.11429500579834
Step: 3416064	Mean reward: 15.40625, 	Mean reward done: 2.656388998031616
Step: 3424256	Mean reward: 15.875, 	Mean reward done: 2.3873581886291504
Step: 3432448	Mean reward: 15.0625, 	Mean reward done: 2.3378055095672607
Step: 3440640	Mean reward: 16.34375, 	Mean reward done: 2.8583030700683594
Step: 3448832	Mean reward: 15.5, 	Mean reward done: 2.4010441303253174
Step: 3457024	Mean reward: 15.75, 	Mean reward done: 2.572436571121216
Step: 3465216	Mean reward: 16.15625, 	Mean reward done: 2.594484806060791
Step: 3473408	Mean reward: 15.90625, 	Mean reward done: 2.4672746658325195
Step: 3481600	Mean reward: 16.8125, 	Mean reward done: 2.9061410427093506
Step: 3489792	Mean reward: 16.625, 	Mean reward done: 2.7374656200408936
Step: 3497984	Mean reward: 15.25, 	Mean reward done: 2.387495517730713
Step: 3506176	Mean reward: 17.28125, 	Mean reward done: 2.9814960956573486
Step: 3514368	Mean reward: 14.5625, 	Mean reward done: 2.3541324138641357
Step: 3522560	Mean reward: 17.25, 	Mean reward done: 2.811762571334839
Step: 3530752	Mean reward: 16.8125, 	Mean reward done: 2.675508737564087
Step: 3538944	Mean reward: 16.75, 	Mean reward done: 3.168246030807495
Step: 3547136	Mean reward: 17.625, 	Mean reward done: 2.986602544784546
Step: 3555328	Mean reward: 16.34375, 	Mean reward done: 2.848888635635376
Step: 3563520	Mean reward: 18.125, 	Mean reward done: 3.086413621902466
Step: 3571712	Mean reward: 15.40625, 	Mean reward done: 2.345897912979126
Step: 3579904	Mean reward: 17.28125, 	Mean reward done: 3.434451103210449
Step: 3588096	Mean reward: 16.5, 	Mean reward done: 2.6756350994110107
Step: 3596288	Mean reward: 17.21875, 	Mean reward done: 2.6698946952819824
Step: 3604480	Mean reward: 16.9375, 	Mean reward done: 3.2074644565582275
Step: 3612672	Mean reward: 16.875, 	Mean reward done: 2.697592258453369
Step: 3620864	Mean reward: 17.21875, 	Mean reward done: 3.06523060798645
Step: 3629056	Mean reward: 17.59375, 	Mean reward done: 3.5307095050811768
Step: 3637248	Mean reward: 16.9375, 	Mean reward done: 2.8065431118011475
Step: 3645440	Mean reward: 17.40625, 	Mean reward done: 3.300712823867798
Step: 3653632	Mean reward: 17.125, 	Mean reward done: 3.043588161468506
Step: 3661824	Mean reward: 15.5, 	Mean reward done: 2.6286978721618652
Step: 3670016	Mean reward: 17.65625, 	Mean reward done: 3.271482229232788
Step: 3678208	Mean reward: 17.375, 	Mean reward done: 2.838176727294922
Step: 3686400	Mean reward: 17.03125, 	Mean reward done: 2.6729328632354736
Step: 3694592	Mean reward: 16.9375, 	Mean reward done: 3.075190544128418
Step: 3702784	Mean reward: 17.8125, 	Mean reward done: 2.7555556297302246
Step: 3710976	Mean reward: 18.9375, 	Mean reward done: 3.457059860229492
Step: 3719168	Mean reward: 15.71875, 	Mean reward done: 2.9268102645874023
Step: 3727360	Mean reward: 17.09375, 	Mean reward done: 3.0918874740600586
Step: 3735552	Mean reward: 18.0, 	Mean reward done: 3.240224838256836
Step: 3743744	Mean reward: 19.59375, 	Mean reward done: 3.789642572402954
Step: 3751936	Mean reward: 16.75, 	Mean reward done: 2.5239648818969727
Step: 3760128	Mean reward: 17.625, 	Mean reward done: 2.7987120151519775
Step: 3768320	Mean reward: 16.25, 	Mean reward done: 2.7351038455963135
Step: 3776512	Mean reward: 18.0, 	Mean reward done: 3.160987138748169
Step: 3784704	Mean reward: 18.25, 	Mean reward done: 3.4504172801971436
Step: 3792896	Mean reward: 17.125, 	Mean reward done: 3.0712497234344482
Step: 3801088	Mean reward: 17.0, 	Mean reward done: 3.1105594635009766
Step: 3809280	Mean reward: 17.40625, 	Mean reward done: 3.0335023403167725
Step: 3817472	Mean reward: 17.09375, 	Mean reward done: 3.212409019470215
Step: 3825664	Mean reward: 17.09375, 	Mean reward done: 2.7302157878875732
Step: 3833856	Mean reward: 17.0, 	Mean reward done: 2.8449525833129883
Step: 3842048	Mean reward: 16.46875, 	Mean reward done: 2.8612024784088135
Step: 3850240	Mean reward: 16.75, 	Mean reward done: 2.902385950088501
Step: 3858432	Mean reward: 16.21875, 	Mean reward done: 2.6382553577423096
Step: 3866624	Mean reward: 18.4375, 	Mean reward done: 3.1959357261657715
Step: 3874816	Mean reward: 17.9375, 	Mean reward done: 3.1260929107666016
Step: 3883008	Mean reward: 18.84375, 	Mean reward done: 3.057983875274658
Step: 3891200	Mean reward: 18.875, 	Mean reward done: 3.3827216625213623
Step: 3899392	Mean reward: 16.84375, 	Mean reward done: 2.7347464561462402
Step: 3907584	Mean reward: 16.96875, 	Mean reward done: 2.9349279403686523
Step: 3915776	Mean reward: 19.0, 	Mean reward done: 3.2089805603027344
Step: 3923968	Mean reward: 17.84375, 	Mean reward done: 2.724531650543213
Step: 3932160	Mean reward: 17.3125, 	Mean reward done: 2.6952807903289795
Step: 3940352	Mean reward: 15.5, 	Mean reward done: 2.633249521255493
Step: 3948544	Mean reward: 16.84375, 	Mean reward done: 2.815279960632324
Step: 3956736	Mean reward: 19.34375, 	Mean reward done: 3.187883138656616
Step: 3964928	Mean reward: 17.40625, 	Mean reward done: 3.13323974609375
Step: 3973120	Mean reward: 18.03125, 	Mean reward done: 3.3957273960113525
Step: 3981312	Mean reward: 15.25, 	Mean reward done: 2.5873219966888428
Step: 3989504	Mean reward: 16.875, 	Mean reward done: 2.621814727783203
Step: 3997696	Mean reward: 17.5, 	Mean reward done: 3.2569961547851562
Step: 4005888	Mean reward: 16.40625, 	Mean reward done: 3.0127687454223633
Step: 4014080	Mean reward: 15.5, 	Mean reward done: 2.387286901473999
Step: 4022272	Mean reward: 17.875, 	Mean reward done: 3.109022617340088
Step: 4030464	Mean reward: 17.125, 	Mean reward done: 2.8753418922424316
Step: 4038656	Mean reward: 16.3125, 	Mean reward done: 2.7044174671173096
Step: 4046848	Mean reward: 16.78125, 	Mean reward done: 2.6447958946228027
Step: 4055040	Mean reward: 17.09375, 	Mean reward done: 2.9049906730651855
Step: 4063232	Mean reward: 16.9375, 	Mean reward done: 3.118110179901123
Step: 4071424	Mean reward: 18.03125, 	Mean reward done: 3.027782917022705
Step: 4079616	Mean reward: 17.65625, 	Mean reward done: 3.2079055309295654
Step: 4087808	Mean reward: 16.6875, 	Mean reward done: 2.800153970718384
Step: 4096000	Mean reward: 16.84375, 	Mean reward done: 2.712891101837158
Step: 4104192	Mean reward: 15.90625, 	Mean reward done: 2.9335830211639404
Step: 4112384	Mean reward: 17.40625, 	Mean reward done: 3.239086151123047
Step: 4120576	Mean reward: 16.71875, 	Mean reward done: 2.9215145111083984
Step: 4128768	Mean reward: 16.40625, 	Mean reward done: 2.7561774253845215
Step: 4136960	Mean reward: 16.53125, 	Mean reward done: 3.0243849754333496
Step: 4145152	Mean reward: 16.59375, 	Mean reward done: 3.3942649364471436
Step: 4153344	Mean reward: 15.625, 	Mean reward done: 2.7226803302764893
Step: 4161536	Mean reward: 17.5625, 	Mean reward done: 2.915163278579712
Step: 4169728	Mean reward: 16.4375, 	Mean reward done: 2.562828779220581
Step: 4177920	Mean reward: 17.03125, 	Mean reward done: 3.003831624984741
Step: 4186112	Mean reward: 17.5, 	Mean reward done: 2.5179433822631836
Step: 4194304	Mean reward: 18.25, 	Mean reward done: 3.113128662109375
Step: 4202496	Mean reward: 17.25, 	Mean reward done: 2.8471453189849854
Step: 4210688	Mean reward: 16.8125, 	Mean reward done: 3.0119640827178955
Step: 4218880	Mean reward: 18.21875, 	Mean reward done: 3.1488308906555176
Step: 4227072	Mean reward: 16.0625, 	Mean reward done: 2.3733553886413574
Step: 4235264	Mean reward: 17.03125, 	Mean reward done: 2.9583911895751953
Step: 4243456	Mean reward: 17.46875, 	Mean reward done: 2.6758553981781006
Step: 4251648	Mean reward: 16.5, 	Mean reward done: 2.4014220237731934
Step: 4259840	Mean reward: 17.6875, 	Mean reward done: 3.077441692352295
Step: 4268032	Mean reward: 18.09375, 	Mean reward done: 3.15417218208313
Step: 4276224	Mean reward: 17.59375, 	Mean reward done: 3.3682005405426025
Step: 4284416	Mean reward: 19.1875, 	Mean reward done: 3.3819379806518555
Step: 4292608	Mean reward: 16.34375, 	Mean reward done: 2.6520047187805176
Step: 4300800	Mean reward: 18.53125, 	Mean reward done: 3.083230972290039
Step: 4308992	Mean reward: 18.0, 	Mean reward done: 3.1939234733581543
Step: 4317184	Mean reward: 19.375, 	Mean reward done: 3.326915979385376
Step: 4325376	Mean reward: 16.5, 	Mean reward done: 2.5001676082611084
Step: 4333568	Mean reward: 16.75, 	Mean reward done: 2.763838291168213
Step: 4341760	Mean reward: 17.5, 	Mean reward done: 2.668271780014038
Step: 4349952	Mean reward: 16.78125, 	Mean reward done: 2.653301239013672
Step: 4358144	Mean reward: 17.125, 	Mean reward done: 3.0701169967651367
Step: 4366336	Mean reward: 17.5625, 	Mean reward done: 2.8984360694885254
Step: 4374528	Mean reward: 17.65625, 	Mean reward done: 3.2076351642608643
Step: 4382720	Mean reward: 17.25, 	Mean reward done: 2.632960081100464
Step: 4390912	Mean reward: 18.25, 	Mean reward done: 3.060633897781372
Step: 4399104	Mean reward: 16.65625, 	Mean reward done: 2.9375412464141846
Step: 4407296	Mean reward: 16.6875, 	Mean reward done: 2.8117475509643555
Step: 4415488	Mean reward: 17.34375, 	Mean reward done: 2.9751012325286865
Step: 4423680	Mean reward: 17.59375, 	Mean reward done: 2.877849578857422
Step: 4431872	Mean reward: 18.96875, 	Mean reward done: 3.106959581375122
Step: 4440064	Mean reward: 17.25, 	Mean reward done: 2.690659761428833
Step: 4448256	Mean reward: 17.28125, 	Mean reward done: 3.061209201812744
Step: 4456448	Mean reward: 17.375, 	Mean reward done: 2.7677652835845947
Step: 4464640	Mean reward: 17.40625, 	Mean reward done: 2.857137680053711
Step: 4472832	Mean reward: 17.0625, 	Mean reward done: 2.745041608810425
Step: 4481024	Mean reward: 16.71875, 	Mean reward done: 2.580819845199585
Step: 4489216	Mean reward: 19.09375, 	Mean reward done: 3.566534996032715
Step: 4497408	Mean reward: 17.125, 	Mean reward done: 2.8732082843780518
Step: 4505600	Mean reward: 17.0, 	Mean reward done: 2.517849922180176
Step: 4513792	Mean reward: 18.71875, 	Mean reward done: 3.1104536056518555
Step: 4521984	Mean reward: 17.09375, 	Mean reward done: 2.7123301029205322
Step: 4530176	Mean reward: 17.53125, 	Mean reward done: 2.8255839347839355
Step: 4538368	Mean reward: 17.8125, 	Mean reward done: 2.6570022106170654
Step: 4546560	Mean reward: 17.625, 	Mean reward done: 2.8879642486572266
Step: 4554752	Mean reward: 17.8125, 	Mean reward done: 2.8481321334838867
Step: 4562944	Mean reward: 17.6875, 	Mean reward done: 2.929332733154297
Step: 4571136	Mean reward: 19.0625, 	Mean reward done: 3.1555216312408447
Step: 4579328	Mean reward: 16.5625, 	Mean reward done: 2.41218638420105
Step: 4587520	Mean reward: 17.1875, 	Mean reward done: 2.916231870651245
Step: 4595712	Mean reward: 17.0, 	Mean reward done: 2.892347574234009
Step: 4603904	Mean reward: 16.6875, 	Mean reward done: 2.6164474487304688
Step: 4612096	Mean reward: 16.0, 	Mean reward done: 2.3312435150146484
Step: 4620288	Mean reward: 18.75, 	Mean reward done: 2.928586483001709
Step: 4628480	Mean reward: 17.625, 	Mean reward done: 3.1831142902374268
Step: 4636672	Mean reward: 17.09375, 	Mean reward done: 2.6346747875213623
Step: 4644864	Mean reward: 19.34375, 	Mean reward done: 3.5363388061523438
Step: 4653056	Mean reward: 15.34375, 	Mean reward done: 2.5080857276916504
Step: 4661248	Mean reward: 17.5, 	Mean reward done: 2.958160877227783
Step: 4669440	Mean reward: 16.9375, 	Mean reward done: 2.8536598682403564
Step: 4677632	Mean reward: 17.25, 	Mean reward done: 2.5509157180786133
Step: 4685824	Mean reward: 16.8125, 	Mean reward done: 2.9141719341278076
Step: 4694016	Mean reward: 16.96875, 	Mean reward done: 2.3944590091705322
Step: 4702208	Mean reward: 15.6875, 	Mean reward done: 2.3663437366485596
Step: 4710400	Mean reward: 16.0625, 	Mean reward done: 2.466201066970825
Step: 4718592	Mean reward: 17.0625, 	Mean reward done: 2.584953546524048
Step: 4726784	Mean reward: 17.96875, 	Mean reward done: 2.768094539642334
Step: 4734976	Mean reward: 17.375, 	Mean reward done: 2.606396198272705
Step: 4743168	Mean reward: 17.8125, 	Mean reward done: 3.166191339492798
Step: 4751360	Mean reward: 17.03125, 	Mean reward done: 2.6606602668762207
Step: 4759552	Mean reward: 18.4375, 	Mean reward done: 3.1310806274414062
Step: 4767744	Mean reward: 16.8125, 	Mean reward done: 2.4860198497772217
Step: 4775936	Mean reward: 16.875, 	Mean reward done: 2.4687061309814453
Step: 4784128	Mean reward: 17.90625, 	Mean reward done: 3.143338680267334
Step: 4792320	Mean reward: 16.625, 	Mean reward done: 2.8773112297058105
Step: 4800512	Mean reward: 15.09375, 	Mean reward done: 2.370072841644287
Step: 4808704	Mean reward: 16.78125, 	Mean reward done: 2.9562597274780273
Step: 4816896	Mean reward: 16.375, 	Mean reward done: 2.3207242488861084
Step: 4825088	Mean reward: 17.09375, 	Mean reward done: 2.552095413208008
Step: 4833280	Mean reward: 16.375, 	Mean reward done: 2.6077699661254883
Step: 4841472	Mean reward: 17.21875, 	Mean reward done: 2.6679747104644775
Step: 4849664	Mean reward: 19.09375, 	Mean reward done: 3.288017511367798
Step: 4857856	Mean reward: 17.03125, 	Mean reward done: 2.678605318069458
Step: 4866048	Mean reward: 17.6875, 	Mean reward done: 2.895691156387329
Step: 4874240	Mean reward: 17.875, 	Mean reward done: 2.7059590816497803
Step: 4882432	Mean reward: 17.875, 	Mean reward done: 3.0242576599121094
Step: 4890624	Mean reward: 18.28125, 	Mean reward done: 3.131849765777588
Step: 4898816	Mean reward: 16.59375, 	Mean reward done: 2.531277894973755
Step: 4907008	Mean reward: 17.5, 	Mean reward done: 2.6172592639923096
Step: 4915200	Mean reward: 17.125, 	Mean reward done: 2.9139351844787598
Step: 4923392	Mean reward: 17.0, 	Mean reward done: 2.9777491092681885
Step: 4931584	Mean reward: 15.65625, 	Mean reward done: 2.5927059650421143
Step: 4939776	Mean reward: 17.125, 	Mean reward done: 2.4561400413513184
Step: 4947968	Mean reward: 17.375, 	Mean reward done: 2.628143548965454
Step: 4956160	Mean reward: 17.6875, 	Mean reward done: 3.2247226238250732
Step: 4964352	Mean reward: 16.84375, 	Mean reward done: 2.596712112426758
Step: 4972544	Mean reward: 16.21875, 	Mean reward done: 2.776441812515259
Step: 4980736	Mean reward: 16.0625, 	Mean reward done: 2.4230942726135254
Step: 4988928	Mean reward: 17.3125, 	Mean reward done: 2.8063244819641113
Step: 4997120	Mean reward: 19.21875, 	Mean reward done: 3.500821590423584
Step: 5005312	Mean reward: 16.71875, 	Mean reward done: 2.9391396045684814
Step: 5013504	Mean reward: 17.25, 	Mean reward done: 2.7424232959747314
Step: 5021696	Mean reward: 18.0625, 	Mean reward done: 2.778395175933838
Step: 5029888	Mean reward: 18.46875, 	Mean reward done: 2.924264669418335
Step: 5038080	Mean reward: 17.03125, 	Mean reward done: 3.108349323272705
Step: 5046272	Mean reward: 16.90625, 	Mean reward done: 3.2132558822631836
Step: 5054464	Mean reward: 17.84375, 	Mean reward done: 2.929229974746704
Step: 5062656	Mean reward: 16.53125, 	Mean reward done: 2.9759836196899414
Step: 5070848	Mean reward: 17.34375, 	Mean reward done: 2.726550817489624
Step: 5079040	Mean reward: 16.71875, 	Mean reward done: 2.5466840267181396
Step: 5087232	Mean reward: 19.28125, 	Mean reward done: 3.246570110321045
Step: 5095424	Mean reward: 18.90625, 	Mean reward done: 3.249474287033081
Step: 5103616	Mean reward: 17.25, 	Mean reward done: 2.669804096221924
Step: 5111808	Mean reward: 16.1875, 	Mean reward done: 2.919247627258301
Step: 5120000	Mean reward: 18.0, 	Mean reward done: 3.0425198078155518
Step: 5128192	Mean reward: 17.6875, 	Mean reward done: 2.786487102508545
Step: 5136384	Mean reward: 16.53125, 	Mean reward done: 2.4585204124450684
Step: 5144576	Mean reward: 18.65625, 	Mean reward done: 2.9983861446380615
Step: 5152768	Mean reward: 17.46875, 	Mean reward done: 3.204726457595825
Step: 5160960	Mean reward: 17.59375, 	Mean reward done: 3.0417640209198
Step: 5169152	Mean reward: 18.96875, 	Mean reward done: 3.352958917617798
Step: 5177344	Mean reward: 17.3125, 	Mean reward done: 2.6302859783172607
Step: 5185536	Mean reward: 19.3125, 	Mean reward done: 3.3891777992248535
Step: 5193728	Mean reward: 18.0, 	Mean reward done: 2.642534017562866
Step: 5201920	Mean reward: 16.9375, 	Mean reward done: 2.6457579135894775
Step: 5210112	Mean reward: 17.125, 	Mean reward done: 2.5479061603546143
Step: 5218304	Mean reward: 19.03125, 	Mean reward done: 2.9690091609954834
Step: 5226496	Mean reward: 18.53125, 	Mean reward done: 3.037329912185669
Step: 5234688	Mean reward: 18.59375, 	Mean reward done: 3.5147461891174316
Step: 5242880	Mean reward: 17.375, 	Mean reward done: 2.9204511642456055
Step: 5251072	Mean reward: 18.1875, 	Mean reward done: 3.395728588104248
Step: 5259264	Mean reward: 17.59375, 	Mean reward done: 2.9946036338806152
Step: 5267456	Mean reward: 17.34375, 	Mean reward done: 2.804508686065674
Step: 5275648	Mean reward: 16.78125, 	Mean reward done: 2.710608720779419
Step: 5283840	Mean reward: 17.59375, 	Mean reward done: 2.8347668647766113
Step: 5292032	Mean reward: 17.90625, 	Mean reward done: 2.7744944095611572
Step: 5300224	Mean reward: 18.84375, 	Mean reward done: 3.3018503189086914
Step: 5308416	Mean reward: 16.78125, 	Mean reward done: 2.5213210582733154
Step: 5316608	Mean reward: 17.75, 	Mean reward done: 2.69995379447937
Step: 5324800	Mean reward: 16.15625, 	Mean reward done: 2.9695849418640137
Step: 5332992	Mean reward: 19.09375, 	Mean reward done: 3.3545241355895996
Step: 5341184	Mean reward: 17.625, 	Mean reward done: 2.682602643966675
Step: 5349376	Mean reward: 17.3125, 	Mean reward done: 3.709074020385742
Step: 5357568	Mean reward: 17.15625, 	Mean reward done: 2.5773911476135254
Step: 5365760	Mean reward: 17.9375, 	Mean reward done: 3.329556465148926
Step: 5373952	Mean reward: 18.03125, 	Mean reward done: 3.007073163986206
Step: 5382144	Mean reward: 18.625, 	Mean reward done: 3.7207252979278564
Step: 5390336	Mean reward: 18.15625, 	Mean reward done: 3.134260654449463
Step: 5398528	Mean reward: 17.6875, 	Mean reward done: 3.1024386882781982
Step: 5406720	Mean reward: 19.5625, 	Mean reward done: 3.559915065765381
Step: 5414912	Mean reward: 17.4375, 	Mean reward done: 2.60780668258667
Step: 5423104	Mean reward: 19.75, 	Mean reward done: 4.296871185302734
Step: 5431296	Mean reward: 17.78125, 	Mean reward done: 3.022252321243286
Step: 5439488	Mean reward: 19.3125, 	Mean reward done: 3.2129125595092773
Step: 5447680	Mean reward: 17.1875, 	Mean reward done: 2.6837358474731445
Step: 5455872	Mean reward: 17.5, 	Mean reward done: 2.9203684329986572
Step: 5464064	Mean reward: 17.09375, 	Mean reward done: 2.702134609222412
Step: 5472256	Mean reward: 16.46875, 	Mean reward done: 2.542462110519409
Step: 5480448	Mean reward: 19.03125, 	Mean reward done: 3.4429728984832764
Step: 5488640	Mean reward: 17.46875, 	Mean reward done: 3.131513833999634
Step: 5496832	Mean reward: 18.34375, 	Mean reward done: 3.4156033992767334
Step: 5505024	Mean reward: 17.15625, 	Mean reward done: 3.161212682723999
Step: 5513216	Mean reward: 17.46875, 	Mean reward done: 2.7889535427093506
Step: 5521408	Mean reward: 17.15625, 	Mean reward done: 2.9617955684661865
Step: 5529600	Mean reward: 17.46875, 	Mean reward done: 2.695240020751953
Step: 5537792	Mean reward: 18.03125, 	Mean reward done: 2.883636474609375
Step: 5545984	Mean reward: 16.71875, 	Mean reward done: 2.487651824951172
Step: 5554176	Mean reward: 17.3125, 	Mean reward done: 2.7667598724365234
Step: 5562368	Mean reward: 17.75, 	Mean reward done: 2.6384034156799316
Step: 5570560	Mean reward: 18.6875, 	Mean reward done: 3.5981998443603516
Step: 5578752	Mean reward: 18.21875, 	Mean reward done: 3.2557618618011475
Step: 5586944	Mean reward: 18.75, 	Mean reward done: 2.681248664855957
Step: 5595136	Mean reward: 16.8125, 	Mean reward done: 2.732752561569214
Step: 5603328	Mean reward: 17.96875, 	Mean reward done: 3.1258842945098877
Step: 5611520	Mean reward: 19.375, 	Mean reward done: 3.311819553375244
Step: 5619712	Mean reward: 18.25, 	Mean reward done: 2.846257209777832
Step: 5627904	Mean reward: 18.03125, 	Mean reward done: 2.959378480911255
Step: 5636096	Mean reward: 18.53125, 	Mean reward done: 3.0809459686279297
Step: 5644288	Mean reward: 17.375, 	Mean reward done: 2.4018428325653076
Step: 5652480	Mean reward: 18.8125, 	Mean reward done: 3.366795301437378
Step: 5660672	Mean reward: 16.71875, 	Mean reward done: 2.654618978500366
Step: 5668864	Mean reward: 18.5, 	Mean reward done: 3.3612406253814697
Step: 5677056	Mean reward: 18.4375, 	Mean reward done: 3.1119329929351807
Step: 5685248	Mean reward: 18.09375, 	Mean reward done: 2.6308534145355225
Step: 5693440	Mean reward: 17.96875, 	Mean reward done: 2.871426582336426
Step: 5701632	Mean reward: 18.09375, 	Mean reward done: 3.0715243816375732
Step: 5709824	Mean reward: 17.9375, 	Mean reward done: 3.246039390563965
Step: 5718016	Mean reward: 16.34375, 	Mean reward done: 2.388914108276367
Step: 5726208	Mean reward: 17.125, 	Mean reward done: 2.6374893188476562
Step: 5734400	Mean reward: 17.625, 	Mean reward done: 2.526329755783081
Step: 5742592	Mean reward: 18.46875, 	Mean reward done: 3.180049419403076
Step: 5750784	Mean reward: 17.75, 	Mean reward done: 3.2042553424835205
Step: 5758976	Mean reward: 17.09375, 	Mean reward done: 3.031958818435669
Step: 5767168	Mean reward: 18.71875, 	Mean reward done: 3.1145060062408447
Step: 5775360	Mean reward: 16.6875, 	Mean reward done: 2.5700509548187256
Step: 5783552	Mean reward: 20.03125, 	Mean reward done: 3.5721635818481445
Step: 5791744	Mean reward: 18.15625, 	Mean reward done: 2.8855180740356445
Step: 5799936	Mean reward: 17.8125, 	Mean reward done: 2.9756674766540527
Step: 5808128	Mean reward: 19.90625, 	Mean reward done: 3.8603482246398926
Step: 5816320	Mean reward: 20.4375, 	Mean reward done: 3.27573561668396
Step: 5824512	Mean reward: 19.0625, 	Mean reward done: 3.311235189437866
Step: 5832704	Mean reward: 18.28125, 	Mean reward done: 2.766309976577759
Step: 5840896	Mean reward: 19.75, 	Mean reward done: 3.3702597618103027
Step: 5849088	Mean reward: 20.3125, 	Mean reward done: 3.5652151107788086
Step: 5857280	Mean reward: 20.71875, 	Mean reward done: 3.8963518142700195
Step: 5865472	Mean reward: 19.34375, 	Mean reward done: 3.6734061241149902
Step: 5873664	Mean reward: 18.65625, 	Mean reward done: 3.407320499420166
Step: 5881856	Mean reward: 19.25, 	Mean reward done: 3.048661470413208
Step: 5890048	Mean reward: 17.5, 	Mean reward done: 3.0115795135498047
Step: 5898240	Mean reward: 17.875, 	Mean reward done: 2.9726011753082275
Step: 5906432	Mean reward: 18.53125, 	Mean reward done: 2.784181833267212
Step: 5914624	Mean reward: 18.53125, 	Mean reward done: 2.693997859954834
Step: 5922816	Mean reward: 18.65625, 	Mean reward done: 3.391174793243408
Step: 5931008	Mean reward: 18.5625, 	Mean reward done: 2.9622573852539062
Step: 5939200	Mean reward: 19.21875, 	Mean reward done: 3.5813329219818115
Step: 5947392	Mean reward: 17.1875, 	Mean reward done: 2.9887802600860596
Step: 5955584	Mean reward: 17.28125, 	Mean reward done: 3.1155025959014893
Step: 5963776	Mean reward: 18.90625, 	Mean reward done: 2.9232676029205322
Step: 5971968	Mean reward: 18.65625, 	Mean reward done: 3.3253273963928223
Step: 5980160	Mean reward: 18.15625, 	Mean reward done: 2.9151718616485596
Step: 5988352	Mean reward: 19.5, 	Mean reward done: 3.41194486618042
Step: 5996544	Mean reward: 17.3125, 	Mean reward done: 2.905149459838867
Step: 6004736	Mean reward: 17.9375, 	Mean reward done: 3.177060842514038
Step: 6012928	Mean reward: 18.8125, 	Mean reward done: 2.9315903186798096
Step: 6021120	Mean reward: 19.5, 	Mean reward done: 3.30079984664917
Step: 6029312	Mean reward: 18.375, 	Mean reward done: 3.2537786960601807
Step: 6037504	Mean reward: 18.1875, 	Mean reward done: 3.215308904647827
Step: 6045696	Mean reward: 18.4375, 	Mean reward done: 2.936260461807251
Step: 6053888	Mean reward: 18.8125, 	Mean reward done: 2.9086387157440186
Step: 6062080	Mean reward: 16.84375, 	Mean reward done: 2.755394458770752
Step: 6070272	Mean reward: 17.625, 	Mean reward done: 3.220632791519165
Step: 6078464	Mean reward: 18.625, 	Mean reward done: 3.148038864135742
Step: 6086656	Mean reward: 17.96875, 	Mean reward done: 2.8535213470458984
Step: 6094848	Mean reward: 19.21875, 	Mean reward done: 3.107985496520996
Step: 6103040	Mean reward: 16.875, 	Mean reward done: 2.7988317012786865
Step: 6111232	Mean reward: 17.75, 	Mean reward done: 2.7055680751800537
Step: 6119424	Mean reward: 18.8125, 	Mean reward done: 3.1653518676757812
Step: 6127616	Mean reward: 18.71875, 	Mean reward done: 3.0466620922088623
Step: 6135808	Mean reward: 17.84375, 	Mean reward done: 3.1069037914276123
Step: 6144000	Mean reward: 19.0, 	Mean reward done: 3.186551809310913
Step: 6152192	Mean reward: 17.625, 	Mean reward done: 3.2364227771759033
Step: 6160384	Mean reward: 18.09375, 	Mean reward done: 2.8015267848968506
Step: 6168576	Mean reward: 18.28125, 	Mean reward done: 2.8494410514831543
Step: 6176768	Mean reward: 16.5625, 	Mean reward done: 2.7402889728546143
Step: 6184960	Mean reward: 17.375, 	Mean reward done: 2.6087758541107178
Step: 6193152	Mean reward: 18.3125, 	Mean reward done: 2.9580578804016113
Step: 6201344	Mean reward: 17.84375, 	Mean reward done: 2.716949939727783
Step: 6209536	Mean reward: 18.125, 	Mean reward done: 2.993584632873535
Step: 6217728	Mean reward: 18.90625, 	Mean reward done: 3.59604549407959
Step: 6225920	Mean reward: 17.4375, 	Mean reward done: 2.7601540088653564
Step: 6234112	Mean reward: 17.78125, 	Mean reward done: 2.718167304992676
Step: 6242304	Mean reward: 18.15625, 	Mean reward done: 2.6231272220611572
Step: 6250496	Mean reward: 18.875, 	Mean reward done: 2.7510507106781006
Step: 6258688	Mean reward: 18.5, 	Mean reward done: 2.7799036502838135
Step: 6266880	Mean reward: 18.59375, 	Mean reward done: 3.2078933715820312
Step: 6275072	Mean reward: 18.65625, 	Mean reward done: 2.916957139968872
Step: 6283264	Mean reward: 17.9375, 	Mean reward done: 3.140233278274536
Step: 6291456	Mean reward: 18.40625, 	Mean reward done: 3.153654098510742
Step: 6299648	Mean reward: 16.375, 	Mean reward done: 2.202150583267212
Step: 6307840	Mean reward: 19.96875, 	Mean reward done: 3.7000017166137695
Step: 6316032	Mean reward: 17.0, 	Mean reward done: 2.533114433288574
Step: 6324224	Mean reward: 17.21875, 	Mean reward done: 2.6320040225982666
Step: 6332416	Mean reward: 17.03125, 	Mean reward done: 2.9542396068573
Step: 6340608	Mean reward: 18.71875, 	Mean reward done: 2.9479446411132812
Step: 6348800	Mean reward: 18.875, 	Mean reward done: 3.8061230182647705
Step: 6356992	Mean reward: 17.21875, 	Mean reward done: 2.929258108139038
Step: 6365184	Mean reward: 17.53125, 	Mean reward done: 3.147972822189331
Step: 6373376	Mean reward: 18.0, 	Mean reward done: 2.825404644012451
Step: 6381568	Mean reward: 18.46875, 	Mean reward done: 2.707587718963623
Step: 6389760	Mean reward: 16.71875, 	Mean reward done: 2.8149585723876953
Step: 6397952	Mean reward: 17.375, 	Mean reward done: 2.7017953395843506
Step: 6406144	Mean reward: 19.5625, 	Mean reward done: 3.054400682449341
Step: 6414336	Mean reward: 18.46875, 	Mean reward done: 2.8344743251800537
Step: 6422528	Mean reward: 18.375, 	Mean reward done: 2.8084990978240967
Step: 6430720	Mean reward: 18.25, 	Mean reward done: 2.5305774211883545
Step: 6438912	Mean reward: 20.65625, 	Mean reward done: 3.7674949169158936
Step: 6447104	Mean reward: 18.21875, 	Mean reward done: 3.046769857406616
Step: 6455296	Mean reward: 19.0, 	Mean reward done: 3.328847885131836
Step: 6463488	Mean reward: 18.5625, 	Mean reward done: 3.210181713104248
Step: 6471680	Mean reward: 18.4375, 	Mean reward done: 3.1002349853515625
Step: 6479872	Mean reward: 18.375, 	Mean reward done: 3.4063355922698975
Step: 6488064	Mean reward: 18.78125, 	Mean reward done: 3.2250735759735107
Step: 6496256	Mean reward: 18.90625, 	Mean reward done: 3.0250535011291504
Step: 6504448	Mean reward: 19.03125, 	Mean reward done: 2.9903934001922607
Step: 6512640	Mean reward: 18.5625, 	Mean reward done: 3.8056206703186035
Step: 6520832	Mean reward: 18.53125, 	Mean reward done: 2.6380884647369385
Step: 6529024	Mean reward: 18.53125, 	Mean reward done: 2.821314811706543
Step: 6537216	Mean reward: 17.875, 	Mean reward done: 2.7694902420043945
Step: 6545408	Mean reward: 16.4375, 	Mean reward done: 2.603262186050415
Step: 6553600	Mean reward: 18.625, 	Mean reward done: 3.208423137664795
Step: 6561792	Mean reward: 19.21875, 	Mean reward done: 3.5024986267089844
Step: 6569984	Mean reward: 19.28125, 	Mean reward done: 3.107625722885132
Step: 6578176	Mean reward: 18.375, 	Mean reward done: 3.0001235008239746
Step: 6586368	Mean reward: 17.46875, 	Mean reward done: 2.5267677307128906
Step: 6594560	Mean reward: 18.8125, 	Mean reward done: 3.4039435386657715
Step: 6602752	Mean reward: 19.46875, 	Mean reward done: 3.397895097732544
Step: 6610944	Mean reward: 18.5, 	Mean reward done: 3.4503791332244873
Step: 6619136	Mean reward: 18.875, 	Mean reward done: 3.280457019805908
Step: 6627328	Mean reward: 17.75, 	Mean reward done: 2.641582489013672
Step: 6635520	Mean reward: 18.46875, 	Mean reward done: 3.3189988136291504
Step: 6643712	Mean reward: 17.8125, 	Mean reward done: 3.109804630279541
Step: 6651904	Mean reward: 19.21875, 	Mean reward done: 3.201404333114624
Step: 6660096	Mean reward: 17.03125, 	Mean reward done: 2.547734498977661
Step: 6668288	Mean reward: 18.34375, 	Mean reward done: 2.935892343521118
Step: 6676480	Mean reward: 18.0625, 	Mean reward done: 3.0829763412475586
Step: 6684672	Mean reward: 19.5625, 	Mean reward done: 3.39172101020813
Step: 6692864	Mean reward: 18.875, 	Mean reward done: 2.8873684406280518
Step: 6701056	Mean reward: 17.40625, 	Mean reward done: 2.82440185546875
Step: 6709248	Mean reward: 17.6875, 	Mean reward done: 2.6729485988616943
Step: 6717440	Mean reward: 20.03125, 	Mean reward done: 3.4145185947418213
Step: 6725632	Mean reward: 18.71875, 	Mean reward done: 3.017075300216675
Step: 6733824	Mean reward: 19.78125, 	Mean reward done: 3.397824764251709
Step: 6742016	Mean reward: 20.21875, 	Mean reward done: 3.1134471893310547
Step: 6750208	Mean reward: 17.40625, 	Mean reward done: 2.756882905960083
Step: 6758400	Mean reward: 18.1875, 	Mean reward done: 3.0133044719696045
Step: 6766592	Mean reward: 19.3125, 	Mean reward done: 3.15793514251709
Step: 6774784	Mean reward: 18.46875, 	Mean reward done: 2.797886610031128
Step: 6782976	Mean reward: 19.71875, 	Mean reward done: 3.230262279510498
Step: 6791168	Mean reward: 17.96875, 	Mean reward done: 2.8005359172821045
Step: 6799360	Mean reward: 19.09375, 	Mean reward done: 3.1152992248535156
Step: 6807552	Mean reward: 19.40625, 	Mean reward done: 3.307417154312134
Step: 6815744	Mean reward: 19.78125, 	Mean reward done: 3.046104669570923
Step: 6823936	Mean reward: 20.0625, 	Mean reward done: 3.603020429611206
Step: 6832128	Mean reward: 18.46875, 	Mean reward done: 2.8536057472229004
Step: 6840320	Mean reward: 18.5, 	Mean reward done: 2.8467116355895996
Step: 6848512	Mean reward: 18.78125, 	Mean reward done: 3.119978666305542
Step: 6856704	Mean reward: 18.4375, 	Mean reward done: 2.636516571044922
Step: 6864896	Mean reward: 18.6875, 	Mean reward done: 2.8716256618499756
Step: 6873088	Mean reward: 18.5625, 	Mean reward done: 3.6393561363220215
Step: 6881280	Mean reward: 16.1875, 	Mean reward done: 2.467090129852295
Step: 6889472	Mean reward: 18.8125, 	Mean reward done: 3.1736562252044678
Step: 6897664	Mean reward: 17.125, 	Mean reward done: 2.914375066757202
Step: 6905856	Mean reward: 18.375, 	Mean reward done: 2.698051929473877
Step: 6914048	Mean reward: 18.6875, 	Mean reward done: 2.929739475250244
Step: 6922240	Mean reward: 18.25, 	Mean reward done: 2.816201686859131
Step: 6930432	Mean reward: 19.4375, 	Mean reward done: 3.059805393218994
Step: 6938624	Mean reward: 17.375, 	Mean reward done: 2.7836263179779053
Step: 6946816	Mean reward: 19.8125, 	Mean reward done: 2.9600236415863037
Step: 6955008	Mean reward: 18.34375, 	Mean reward done: 3.000969171524048
Step: 6963200	Mean reward: 17.0625, 	Mean reward done: 2.647167682647705
Step: 6971392	Mean reward: 18.03125, 	Mean reward done: 2.815873861312866
Step: 6979584	Mean reward: 18.65625, 	Mean reward done: 2.8474419116973877
Step: 6987776	Mean reward: 18.875, 	Mean reward done: 2.854132890701294
Step: 6995968	Mean reward: 19.09375, 	Mean reward done: 2.928135871887207
Step: 7004160	Mean reward: 19.25, 	Mean reward done: 3.515502691268921
Step: 7012352	Mean reward: 17.96875, 	Mean reward done: 2.5457704067230225
Step: 7020544	Mean reward: 19.3125, 	Mean reward done: 3.0316405296325684
Step: 7028736	Mean reward: 18.375, 	Mean reward done: 3.208805561065674
Step: 7036928	Mean reward: 18.0, 	Mean reward done: 2.876164197921753
Step: 7045120	Mean reward: 19.15625, 	Mean reward done: 3.2010369300842285
Step: 7053312	Mean reward: 17.59375, 	Mean reward done: 2.5453505516052246
Step: 7061504	Mean reward: 17.0, 	Mean reward done: 2.733292818069458
Step: 7069696	Mean reward: 18.46875, 	Mean reward done: 2.6869983673095703
Step: 7077888	Mean reward: 17.90625, 	Mean reward done: 2.494140386581421
Step: 7086080	Mean reward: 17.25, 	Mean reward done: 2.3291614055633545
Step: 7094272	Mean reward: 19.09375, 	Mean reward done: 2.810213327407837
Step: 7102464	Mean reward: 19.375, 	Mean reward done: 3.1553356647491455
Step: 7110656	Mean reward: 18.34375, 	Mean reward done: 2.7156822681427
Step: 7118848	Mean reward: 19.9375, 	Mean reward done: 3.3745229244232178
Step: 7127040	Mean reward: 18.375, 	Mean reward done: 2.7546889781951904
Step: 7135232	Mean reward: 17.3125, 	Mean reward done: 2.5618178844451904
Step: 7143424	Mean reward: 17.65625, 	Mean reward done: 2.48136568069458
Step: 7151616	Mean reward: 20.34375, 	Mean reward done: 3.0040125846862793
Step: 7159808	Mean reward: 17.875, 	Mean reward done: 2.849719285964966
Step: 7168000	Mean reward: 18.21875, 	Mean reward done: 2.9754836559295654
Step: 7176192	Mean reward: 20.03125, 	Mean reward done: 3.3375425338745117
Step: 7184384	Mean reward: 18.8125, 	Mean reward done: 2.994128465652466
Step: 7192576	Mean reward: 17.03125, 	Mean reward done: 2.74993896484375
Step: 7200768	Mean reward: 18.25, 	Mean reward done: 2.881114959716797
Step: 7208960	Mean reward: 19.875, 	Mean reward done: 3.197786569595337
Step: 7217152	Mean reward: 19.375, 	Mean reward done: 2.914621591567993
Step: 7225344	Mean reward: 18.5625, 	Mean reward done: 3.0812339782714844
Step: 7233536	Mean reward: 17.21875, 	Mean reward done: 2.7415871620178223
Step: 7241728	Mean reward: 18.84375, 	Mean reward done: 2.9340131282806396
Step: 7249920	Mean reward: 17.03125, 	Mean reward done: 2.482776403427124
Step: 7258112	Mean reward: 18.46875, 	Mean reward done: 2.6130945682525635
Step: 7266304	Mean reward: 17.75, 	Mean reward done: 2.6210381984710693
Step: 7274496	Mean reward: 18.0, 	Mean reward done: 2.831103563308716
Step: 7282688	Mean reward: 18.96875, 	Mean reward done: 3.0604310035705566
Step: 7290880	Mean reward: 18.46875, 	Mean reward done: 2.619267463684082
Step: 7299072	Mean reward: 17.8125, 	Mean reward done: 3.0053822994232178
Step: 7307264	Mean reward: 18.46875, 	Mean reward done: 2.7775955200195312
Step: 7315456	Mean reward: 18.625, 	Mean reward done: 2.4441170692443848
Step: 7323648	Mean reward: 18.0625, 	Mean reward done: 3.0328283309936523
Step: 7331840	Mean reward: 19.15625, 	Mean reward done: 2.928640604019165
Step: 7340032	Mean reward: 18.375, 	Mean reward done: 3.0676777362823486
Step: 7348224	Mean reward: 17.65625, 	Mean reward done: 2.5517406463623047
Step: 7356416	Mean reward: 18.6875, 	Mean reward done: 2.9497570991516113
Step: 7364608	Mean reward: 18.65625, 	Mean reward done: 2.912637710571289
Step: 7372800	Mean reward: 18.0625, 	Mean reward done: 3.1457064151763916
Step: 7380992	Mean reward: 17.34375, 	Mean reward done: 2.8022565841674805
Step: 7389184	Mean reward: 18.65625, 	Mean reward done: 2.9317209720611572
Step: 7397376	Mean reward: 18.78125, 	Mean reward done: 3.1658449172973633
Step: 7405568	Mean reward: 19.15625, 	Mean reward done: 2.70796799659729
Step: 7413760	Mean reward: 18.21875, 	Mean reward done: 2.7196238040924072
Step: 7421952	Mean reward: 18.8125, 	Mean reward done: 3.3028628826141357
Step: 7430144	Mean reward: 19.375, 	Mean reward done: 3.249850273132324
Step: 7438336	Mean reward: 19.75, 	Mean reward done: 3.3341164588928223
Step: 7446528	Mean reward: 17.59375, 	Mean reward done: 2.8476808071136475
Step: 7454720	Mean reward: 18.6875, 	Mean reward done: 3.29118013381958
Step: 7462912	Mean reward: 18.21875, 	Mean reward done: 2.520023822784424
Step: 7471104	Mean reward: 19.3125, 	Mean reward done: 2.8215620517730713
Step: 7479296	Mean reward: 18.34375, 	Mean reward done: 3.2317965030670166
Step: 7487488	Mean reward: 18.21875, 	Mean reward done: 3.191819667816162
Step: 7495680	Mean reward: 18.34375, 	Mean reward done: 3.138645887374878
Step: 7503872	Mean reward: 19.6875, 	Mean reward done: 3.0413949489593506
Step: 7512064	Mean reward: 17.5625, 	Mean reward done: 2.4112441539764404
Step: 7520256	Mean reward: 16.90625, 	Mean reward done: 2.9659299850463867
Step: 7528448	Mean reward: 18.4375, 	Mean reward done: 2.9600396156311035
Step: 7536640	Mean reward: 17.03125, 	Mean reward done: 2.463517904281616
Step: 7544832	Mean reward: 17.28125, 	Mean reward done: 2.616926431655884
Step: 7553024	Mean reward: 17.96875, 	Mean reward done: 2.6927664279937744
Step: 7561216	Mean reward: 18.875, 	Mean reward done: 2.6605749130249023
Step: 7569408	Mean reward: 18.0625, 	Mean reward done: 2.6565637588500977
Step: 7577600	Mean reward: 17.625, 	Mean reward done: 2.6234545707702637
Step: 7585792	Mean reward: 16.53125, 	Mean reward done: 2.3412041664123535
Step: 7593984	Mean reward: 18.75, 	Mean reward done: 2.9432010650634766
Step: 7602176	Mean reward: 17.125, 	Mean reward done: 2.398622989654541
Step: 7610368	Mean reward: 18.5, 	Mean reward done: 3.4599006175994873
Step: 7618560	Mean reward: 17.8125, 	Mean reward done: 2.681075096130371
Step: 7626752	Mean reward: 18.09375, 	Mean reward done: 3.01574969291687
Step: 7634944	Mean reward: 17.5625, 	Mean reward done: 2.8318257331848145
Step: 7643136	Mean reward: 17.3125, 	Mean reward done: 2.7957565784454346
Step: 7651328	Mean reward: 16.9375, 	Mean reward done: 2.458669424057007
Step: 7659520	Mean reward: 18.21875, 	Mean reward done: 2.537083387374878
Step: 7667712	Mean reward: 19.90625, 	Mean reward done: 3.8152618408203125
Step: 7675904	Mean reward: 18.15625, 	Mean reward done: 2.584646701812744
Step: 7684096	Mean reward: 18.375, 	Mean reward done: 3.1018128395080566
Step: 7692288	Mean reward: 16.6875, 	Mean reward done: 2.452972173690796
Step: 7700480	Mean reward: 17.90625, 	Mean reward done: 2.828500747680664
Step: 7708672	Mean reward: 18.59375, 	Mean reward done: 2.922156572341919
Step: 7716864	Mean reward: 17.09375, 	Mean reward done: 2.43367600440979
Step: 7725056	Mean reward: 19.6875, 	Mean reward done: 3.9096624851226807
Step: 7733248	Mean reward: 18.03125, 	Mean reward done: 2.5722696781158447
Step: 7741440	Mean reward: 15.9375, 	Mean reward done: 2.241377353668213
Step: 7749632	Mean reward: 18.3125, 	Mean reward done: 2.8658008575439453
Step: 7757824	Mean reward: 18.0625, 	Mean reward done: 2.8127329349517822
Step: 7766016	Mean reward: 18.46875, 	Mean reward done: 2.714111566543579
Step: 7774208	Mean reward: 19.15625, 	Mean reward done: 3.3614144325256348
Step: 7782400	Mean reward: 19.21875, 	Mean reward done: 3.4507858753204346
Step: 7790592	Mean reward: 19.125, 	Mean reward done: 2.918905258178711
Step: 7798784	Mean reward: 17.5625, 	Mean reward done: 2.5251097679138184
Step: 7806976	Mean reward: 18.53125, 	Mean reward done: 2.6797943115234375
Step: 7815168	Mean reward: 19.3125, 	Mean reward done: 3.4441213607788086
Step: 7823360	Mean reward: 17.53125, 	Mean reward done: 2.6731698513031006
Step: 7831552	Mean reward: 19.65625, 	Mean reward done: 2.9940757751464844
Step: 7839744	Mean reward: 20.53125, 	Mean reward done: 3.2663626670837402
Step: 7847936	Mean reward: 19.28125, 	Mean reward done: 2.838872194290161
Step: 7856128	Mean reward: 18.6875, 	Mean reward done: 2.9445343017578125
Step: 7864320	Mean reward: 18.34375, 	Mean reward done: 2.7449605464935303
Step: 7872512	Mean reward: 18.28125, 	Mean reward done: 3.0120866298675537
Step: 7880704	Mean reward: 18.75, 	Mean reward done: 3.221392869949341
Step: 7888896	Mean reward: 18.34375, 	Mean reward done: 2.6801486015319824
Step: 7897088	Mean reward: 17.28125, 	Mean reward done: 2.6662378311157227
Step: 7905280	Mean reward: 19.46875, 	Mean reward done: 3.399426221847534
Step: 7913472	Mean reward: 17.4375, 	Mean reward done: 2.5974178314208984
Step: 7921664	Mean reward: 18.8125, 	Mean reward done: 2.788630723953247
Step: 7929856	Mean reward: 17.875, 	Mean reward done: 2.7152771949768066
Step: 7938048	Mean reward: 17.84375, 	Mean reward done: 2.697767734527588
Step: 7946240	Mean reward: 18.34375, 	Mean reward done: 3.4086341857910156
Step: 7954432	Mean reward: 18.46875, 	Mean reward done: 3.1220242977142334
Step: 7962624	Mean reward: 18.0, 	Mean reward done: 2.958137035369873
Step: 7970816	Mean reward: 19.03125, 	Mean reward done: 2.8817646503448486
Step: 7979008	Mean reward: 19.875, 	Mean reward done: 3.332185983657837
Step: 7987200	Mean reward: 18.78125, 	Mean reward done: 2.7897098064422607
Step: 7995392	Mean reward: 18.15625, 	Mean reward done: 2.7720847129821777
Step: 8003584	Mean reward: 17.21875, 	Mean reward done: 2.5133097171783447
Completed training of sd_n_na_sp!

------------------------------------------------------------
Sender: LSF System <lsfadmin@n-62-20-6>
Subject: Job 8473436: <sd_n_na_sp> in cluster <dcc> Done

Job <sd_n_na_sp> was submitted from host <n-62-30-4> by user <s192288> in cluster <dcc> at Thu Dec  3 20:28:08 2020
Job was executed on host(s) <n-62-20-6>, in queue <gpuv100>, as user <s192288> in cluster <dcc> at Thu Dec  3 21:26:11 2020
</zhome/09/9/144141> was used as the home directory.
</zhome/09/9/144141/Desktop/Deep_l_hpc> was used as the working directory.
Started at Thu Dec  3 21:26:11 2020
Terminated at Fri Dec  4 00:33:08 2020
Results reported at Fri Dec  4 00:33:08 2020

Your job looked like:

------------------------------------------------------------
# LSBATCH: User input
#!/bin/sh

#BSUB -J sd_n_na_sp

#BSUB -q gpuv100

#BSUB -gpu "num=1"

#BSUB -n 1

#BSUB -W 23:45

#BSUB -R "rusage[mem=16GB]"

#BSUB -o sd_n_na_sp.out

#BSUB -e sd_n_na_sp.err

# Load modules

module load python3/3.8.2
module load cuda/8.0
module load cudnn/v7.0-prod-cuda8
module load ffmpeg/4.2.2
pip3 install --user torch matplotlib procgen gym 

# 1 = model_name, 2 = encoder_index, 3 = aug_index, 4 = mix_reg, 5 = game
#the name of the run
#encoder_index 0 = Impala, 1 = Nature  
#aug_index: 0 = None, 1 = grayscale, 2 = random_cutout, 3 = color_jitter
#mixreg: 0 = False, 1 = True 
#type of game

python3 train_ppo.py sd_n_na_sp 1 0 0 starpilot 



------------------------------------------------------------

Successfully completed.

Resource usage summary:

    CPU time :                                   11090.12 sec.
    Max Memory :                                 9091 MB
    Average Memory :                             8980.74 MB
    Total Requested Memory :                     16384.00 MB
    Delta Memory :                               7293.00 MB
    Max Swap :                                   -
    Max Processes :                              4
    Max Threads :                                13
    Run time :                                   11280 sec.
    Turnaround time :                            14700 sec.

The output (if any) is above this job summary.



PS:

Read file <sd_n_na_sp.err> for stderr output of this job.

