Requirement already satisfied: torch in /zhome/09/9/144141/.local/lib/python3.8/site-packages (1.7.0)
Requirement already satisfied: matplotlib in /zhome/09/9/144141/.local/lib/python3.8/site-packages (3.3.3)
Requirement already satisfied: procgen in /zhome/09/9/144141/.local/lib/python3.8/site-packages (0.10.4)
Requirement already satisfied: gym in /zhome/09/9/144141/.local/lib/python3.8/site-packages (0.17.3)
Requirement already satisfied: dataclasses in /zhome/09/9/144141/.local/lib/python3.8/site-packages (from torch) (0.6)
Requirement already satisfied: numpy in /zhome/09/9/144141/.local/lib/python3.8/site-packages (from torch) (1.19.4)
Requirement already satisfied: future in /zhome/09/9/144141/.local/lib/python3.8/site-packages (from torch) (0.18.2)
Requirement already satisfied: typing-extensions in /zhome/09/9/144141/.local/lib/python3.8/site-packages (from torch) (3.7.4.3)
Requirement already satisfied: pyparsing!=2.0.4,!=2.1.2,!=2.1.6,>=2.0.3 in /zhome/09/9/144141/.local/lib/python3.8/site-packages (from matplotlib) (2.4.7)
Requirement already satisfied: pillow>=6.2.0 in /zhome/09/9/144141/.local/lib/python3.8/site-packages (from matplotlib) (8.0.1)
Requirement already satisfied: kiwisolver>=1.0.1 in /zhome/09/9/144141/.local/lib/python3.8/site-packages (from matplotlib) (1.3.1)
Requirement already satisfied: cycler>=0.10 in /zhome/09/9/144141/.local/lib/python3.8/site-packages (from matplotlib) (0.10.0)
Requirement already satisfied: python-dateutil>=2.1 in /zhome/09/9/144141/.local/lib/python3.8/site-packages (from matplotlib) (2.8.1)
Requirement already satisfied: gym3<1.0.0,>=0.3.3 in /zhome/09/9/144141/.local/lib/python3.8/site-packages (from procgen) (0.3.3)
Requirement already satisfied: filelock<4.0.0,>=3.0.0 in /zhome/09/9/144141/.local/lib/python3.8/site-packages (from procgen) (3.0.12)
Requirement already satisfied: scipy in /zhome/09/9/144141/.local/lib/python3.8/site-packages (from gym) (1.5.4)
Requirement already satisfied: pyglet<=1.5.0,>=1.4.0 in /zhome/09/9/144141/.local/lib/python3.8/site-packages (from gym) (1.5.0)
Requirement already satisfied: cloudpickle<1.7.0,>=1.2.0 in /zhome/09/9/144141/.local/lib/python3.8/site-packages (from gym) (1.6.0)
Requirement already satisfied: six in /zhome/09/9/144141/.local/lib/python3.8/site-packages (from cycler>=0.10->matplotlib) (1.15.0)
Requirement already satisfied: imageio<3.0.0,>=2.6.0 in /zhome/09/9/144141/.local/lib/python3.8/site-packages (from gym3<1.0.0,>=0.3.3->procgen) (2.9.0)
Requirement already satisfied: glfw<2.0.0,>=1.8.6 in /zhome/09/9/144141/.local/lib/python3.8/site-packages (from gym3<1.0.0,>=0.3.3->procgen) (1.12.0)
Requirement already satisfied: moderngl<6.0.0,>=5.5.4 in /zhome/09/9/144141/.local/lib/python3.8/site-packages (from gym3<1.0.0,>=0.3.3->procgen) (5.6.2)
Requirement already satisfied: imageio-ffmpeg<0.4.0,>=0.3.0 in /zhome/09/9/144141/.local/lib/python3.8/site-packages (from gym3<1.0.0,>=0.3.3->procgen) (0.3.0)
Requirement already satisfied: cffi<2.0.0,>=1.13.0 in /zhome/09/9/144141/.local/lib/python3.8/site-packages (from gym3<1.0.0,>=0.3.3->procgen) (1.14.4)
Requirement already satisfied: glcontext<3,>=2 in /zhome/09/9/144141/.local/lib/python3.8/site-packages (from moderngl<6.0.0,>=5.5.4->gym3<1.0.0,>=0.3.3->procgen) (2.2.0)
Requirement already satisfied: pycparser in /zhome/09/9/144141/.local/lib/python3.8/site-packages (from cffi<2.0.0,>=1.13.0->gym3<1.0.0,>=0.3.3->procgen) (2.20)
Run name sd_n_rc_sp
Encoder used Nature
Augumentation used random_cutout
Mixreg? False
Game starpilot
Observation space: Box(0.0, 1.0, (3, 64, 64), float32)
Action space: 15
Embrace Nature!
Step: 8192	Mean reward: 5.28125, 	Mean reward done: 2.391951084136963
Estimated time of completion: 3.397789486269984 hours
Step: 16384	Mean reward: 5.84375, 	Mean reward done: 1.3280727863311768
Step: 24576	Mean reward: 6.0, 	Mean reward done: 1.3984391689300537
Step: 32768	Mean reward: 6.3125, 	Mean reward done: 1.4532465934753418
Step: 40960	Mean reward: 7.625, 	Mean reward done: 1.875895619392395
Step: 49152	Mean reward: 8.8125, 	Mean reward done: 1.7674684524536133
Step: 57344	Mean reward: 5.5, 	Mean reward done: 1.0326238870620728
Step: 65536	Mean reward: 7.0625, 	Mean reward done: 1.4779132604599
Step: 73728	Mean reward: 7.03125, 	Mean reward done: 1.6617796421051025
Step: 81920	Mean reward: 6.6875, 	Mean reward done: 1.2731025218963623
Step: 90112	Mean reward: 7.0, 	Mean reward done: 1.4195114374160767
Step: 98304	Mean reward: 7.40625, 	Mean reward done: 1.5776888132095337
Step: 106496	Mean reward: 6.53125, 	Mean reward done: 1.433947205543518
Step: 114688	Mean reward: 7.5, 	Mean reward done: 1.5658230781555176
Step: 122880	Mean reward: 8.09375, 	Mean reward done: 1.6897923946380615
Step: 131072	Mean reward: 8.625, 	Mean reward done: 1.8958244323730469
Step: 139264	Mean reward: 8.78125, 	Mean reward done: 1.8886293172836304
Step: 147456	Mean reward: 8.9375, 	Mean reward done: 1.8275814056396484
Step: 155648	Mean reward: 8.375, 	Mean reward done: 1.7199658155441284
Step: 163840	Mean reward: 8.375, 	Mean reward done: 1.7571415901184082
Step: 172032	Mean reward: 9.09375, 	Mean reward done: 1.7597757577896118
Step: 180224	Mean reward: 9.25, 	Mean reward done: 1.8254294395446777
Step: 188416	Mean reward: 8.9375, 	Mean reward done: 1.7340123653411865
Step: 196608	Mean reward: 9.4375, 	Mean reward done: 1.8438732624053955
Step: 204800	Mean reward: 9.46875, 	Mean reward done: 2.0295462608337402
Step: 212992	Mean reward: 9.3125, 	Mean reward done: 1.7890101671218872
Step: 221184	Mean reward: 8.25, 	Mean reward done: 1.6926440000534058
Step: 229376	Mean reward: 8.65625, 	Mean reward done: 2.0258076190948486
Step: 237568	Mean reward: 8.875, 	Mean reward done: 1.7666683197021484
Step: 245760	Mean reward: 9.625, 	Mean reward done: 1.937334418296814
Step: 253952	Mean reward: 8.34375, 	Mean reward done: 1.5720715522766113
Step: 262144	Mean reward: 9.65625, 	Mean reward done: 2.037122964859009
Step: 270336	Mean reward: 9.25, 	Mean reward done: 2.059086322784424
Step: 278528	Mean reward: 9.8125, 	Mean reward done: 1.9179083108901978
Step: 286720	Mean reward: 9.6875, 	Mean reward done: 2.1024796962738037
Step: 294912	Mean reward: 8.9375, 	Mean reward done: 1.754462480545044
Step: 303104	Mean reward: 10.5, 	Mean reward done: 2.11016583442688
Step: 311296	Mean reward: 10.0625, 	Mean reward done: 2.0142126083374023
Step: 319488	Mean reward: 8.8125, 	Mean reward done: 1.848301887512207
Step: 327680	Mean reward: 9.65625, 	Mean reward done: 2.0242068767547607
Step: 335872	Mean reward: 8.4375, 	Mean reward done: 1.662398099899292
Step: 344064	Mean reward: 8.5, 	Mean reward done: 1.5511382818222046
Step: 352256	Mean reward: 9.1875, 	Mean reward done: 1.642899751663208
Step: 360448	Mean reward: 10.03125, 	Mean reward done: 2.087277889251709
Step: 368640	Mean reward: 8.8125, 	Mean reward done: 1.6175838708877563
Step: 376832	Mean reward: 10.3125, 	Mean reward done: 2.0405311584472656
Step: 385024	Mean reward: 10.46875, 	Mean reward done: 2.0322511196136475
Step: 393216	Mean reward: 10.46875, 	Mean reward done: 1.9064037799835205
Step: 401408	Mean reward: 9.21875, 	Mean reward done: 1.7396812438964844
Step: 409600	Mean reward: 10.9375, 	Mean reward done: 2.2925689220428467
Step: 417792	Mean reward: 9.53125, 	Mean reward done: 1.8302581310272217
Step: 425984	Mean reward: 8.84375, 	Mean reward done: 1.6505389213562012
Step: 434176	Mean reward: 10.15625, 	Mean reward done: 1.9539051055908203
Step: 442368	Mean reward: 10.15625, 	Mean reward done: 2.166710138320923
Step: 450560	Mean reward: 9.65625, 	Mean reward done: 1.780287742614746
Step: 458752	Mean reward: 9.03125, 	Mean reward done: 1.6568771600723267
Step: 466944	Mean reward: 10.71875, 	Mean reward done: 2.133977174758911
Step: 475136	Mean reward: 9.4375, 	Mean reward done: 1.726559042930603
Step: 483328	Mean reward: 9.40625, 	Mean reward done: 1.9529579877853394
Step: 491520	Mean reward: 9.28125, 	Mean reward done: 1.8470051288604736
Step: 499712	Mean reward: 9.03125, 	Mean reward done: 1.8717548847198486
Step: 507904	Mean reward: 9.0, 	Mean reward done: 1.7467825412750244
Step: 516096	Mean reward: 8.25, 	Mean reward done: 1.6394058465957642
Step: 524288	Mean reward: 7.6875, 	Mean reward done: 1.4848746061325073
Step: 532480	Mean reward: 9.0, 	Mean reward done: 1.8224577903747559
Step: 540672	Mean reward: 10.09375, 	Mean reward done: 1.8486427068710327
Step: 548864	Mean reward: 10.09375, 	Mean reward done: 2.0487494468688965
Step: 557056	Mean reward: 9.6875, 	Mean reward done: 1.8739711046218872
Step: 565248	Mean reward: 9.65625, 	Mean reward done: 1.9429514408111572
Step: 573440	Mean reward: 9.40625, 	Mean reward done: 1.8273890018463135
Step: 581632	Mean reward: 9.5, 	Mean reward done: 1.7781926393508911
Step: 589824	Mean reward: 10.21875, 	Mean reward done: 1.856213092803955
Step: 598016	Mean reward: 10.71875, 	Mean reward done: 2.0915067195892334
Step: 606208	Mean reward: 9.71875, 	Mean reward done: 1.7787566184997559
Step: 614400	Mean reward: 10.71875, 	Mean reward done: 2.0212512016296387
Step: 622592	Mean reward: 9.75, 	Mean reward done: 1.701995849609375
Step: 630784	Mean reward: 10.5, 	Mean reward done: 2.2740092277526855
Step: 638976	Mean reward: 11.75, 	Mean reward done: 2.224018096923828
Step: 647168	Mean reward: 11.3125, 	Mean reward done: 2.0378987789154053
Step: 655360	Mean reward: 10.84375, 	Mean reward done: 2.3517844676971436
Step: 663552	Mean reward: 11.90625, 	Mean reward done: 2.3288750648498535
Step: 671744	Mean reward: 9.6875, 	Mean reward done: 1.909885048866272
Step: 679936	Mean reward: 10.53125, 	Mean reward done: 2.348822593688965
Step: 688128	Mean reward: 11.28125, 	Mean reward done: 1.9712157249450684
Step: 696320	Mean reward: 10.21875, 	Mean reward done: 1.92420494556427
Step: 704512	Mean reward: 10.375, 	Mean reward done: 1.9922224283218384
Step: 712704	Mean reward: 12.84375, 	Mean reward done: 2.518771171569824
Step: 720896	Mean reward: 10.9375, 	Mean reward done: 2.232933282852173
Step: 729088	Mean reward: 10.9375, 	Mean reward done: 2.3719189167022705
Step: 737280	Mean reward: 10.65625, 	Mean reward done: 1.9395674467086792
Step: 745472	Mean reward: 10.75, 	Mean reward done: 1.9411698579788208
Step: 753664	Mean reward: 10.4375, 	Mean reward done: 1.786186695098877
Step: 761856	Mean reward: 11.46875, 	Mean reward done: 2.0293993949890137
Step: 770048	Mean reward: 10.5, 	Mean reward done: 2.085380792617798
Step: 778240	Mean reward: 11.0625, 	Mean reward done: 2.111630916595459
Step: 786432	Mean reward: 11.8125, 	Mean reward done: 2.140322685241699
Step: 794624	Mean reward: 12.5625, 	Mean reward done: 2.4444491863250732
Step: 802816	Mean reward: 11.96875, 	Mean reward done: 2.4178223609924316
Step: 811008	Mean reward: 10.78125, 	Mean reward done: 2.01434326171875
Step: 819200	Mean reward: 11.65625, 	Mean reward done: 2.1948115825653076
Step: 827392	Mean reward: 10.46875, 	Mean reward done: 1.7762460708618164
Step: 835584	Mean reward: 12.09375, 	Mean reward done: 2.1121761798858643
Step: 843776	Mean reward: 12.84375, 	Mean reward done: 2.4193992614746094
Step: 851968	Mean reward: 11.28125, 	Mean reward done: 2.0985326766967773
Step: 860160	Mean reward: 12.78125, 	Mean reward done: 2.4627604484558105
Step: 868352	Mean reward: 10.0625, 	Mean reward done: 1.8108642101287842
Step: 876544	Mean reward: 13.4375, 	Mean reward done: 2.5613560676574707
Step: 884736	Mean reward: 11.0625, 	Mean reward done: 2.050865888595581
Step: 892928	Mean reward: 11.3125, 	Mean reward done: 1.9491474628448486
Step: 901120	Mean reward: 10.0625, 	Mean reward done: 1.8660176992416382
Step: 909312	Mean reward: 11.0625, 	Mean reward done: 2.0640408992767334
Step: 917504	Mean reward: 12.0625, 	Mean reward done: 2.1561851501464844
Step: 925696	Mean reward: 11.96875, 	Mean reward done: 2.195474147796631
Step: 933888	Mean reward: 10.84375, 	Mean reward done: 2.079496383666992
Step: 942080	Mean reward: 11.25, 	Mean reward done: 1.9729028940200806
Step: 950272	Mean reward: 10.5625, 	Mean reward done: 1.882752537727356
Step: 958464	Mean reward: 12.4375, 	Mean reward done: 2.420957326889038
Step: 966656	Mean reward: 11.3125, 	Mean reward done: 2.065577507019043
Step: 974848	Mean reward: 10.5, 	Mean reward done: 2.0366196632385254
Step: 983040	Mean reward: 11.46875, 	Mean reward done: 2.0551598072052
Step: 991232	Mean reward: 11.5, 	Mean reward done: 2.0124619007110596
Step: 999424	Mean reward: 12.375, 	Mean reward done: 2.2312746047973633
Step: 1007616	Mean reward: 11.375, 	Mean reward done: 2.0837998390197754
Step: 1015808	Mean reward: 10.375, 	Mean reward done: 1.8439301252365112
Step: 1024000	Mean reward: 12.34375, 	Mean reward done: 2.4857208728790283
Step: 1032192	Mean reward: 12.40625, 	Mean reward done: 2.404597759246826
Step: 1040384	Mean reward: 11.03125, 	Mean reward done: 2.082381010055542
Step: 1048576	Mean reward: 11.3125, 	Mean reward done: 1.9444692134857178
Step: 1056768	Mean reward: 12.65625, 	Mean reward done: 2.1971218585968018
Step: 1064960	Mean reward: 11.59375, 	Mean reward done: 1.9191356897354126
Step: 1073152	Mean reward: 11.5, 	Mean reward done: 2.059138298034668
Step: 1081344	Mean reward: 12.3125, 	Mean reward done: 2.1118807792663574
Step: 1089536	Mean reward: 11.90625, 	Mean reward done: 2.0151312351226807
Step: 1097728	Mean reward: 11.4375, 	Mean reward done: 2.2498648166656494
Step: 1105920	Mean reward: 12.46875, 	Mean reward done: 2.3023979663848877
Step: 1114112	Mean reward: 10.0, 	Mean reward done: 1.6111037731170654
Step: 1122304	Mean reward: 10.96875, 	Mean reward done: 2.118164539337158
Step: 1130496	Mean reward: 11.15625, 	Mean reward done: 1.9477170705795288
Step: 1138688	Mean reward: 12.6875, 	Mean reward done: 2.481604814529419
Step: 1146880	Mean reward: 12.65625, 	Mean reward done: 2.2046189308166504
Step: 1155072	Mean reward: 11.53125, 	Mean reward done: 2.0315942764282227
Step: 1163264	Mean reward: 13.03125, 	Mean reward done: 2.307401657104492
Step: 1171456	Mean reward: 12.5625, 	Mean reward done: 2.250887155532837
Step: 1179648	Mean reward: 12.84375, 	Mean reward done: 2.1332404613494873
Step: 1187840	Mean reward: 11.03125, 	Mean reward done: 2.093226194381714
Step: 1196032	Mean reward: 12.96875, 	Mean reward done: 2.3072397708892822
Step: 1204224	Mean reward: 12.9375, 	Mean reward done: 2.334202766418457
Step: 1212416	Mean reward: 10.34375, 	Mean reward done: 1.8163626194000244
Step: 1220608	Mean reward: 12.9375, 	Mean reward done: 2.3653781414031982
Step: 1228800	Mean reward: 12.625, 	Mean reward done: 2.215651512145996
Step: 1236992	Mean reward: 11.125, 	Mean reward done: 2.0108861923217773
Step: 1245184	Mean reward: 13.0625, 	Mean reward done: 2.452892780303955
Step: 1253376	Mean reward: 12.75, 	Mean reward done: 2.536801338195801
Step: 1261568	Mean reward: 12.375, 	Mean reward done: 2.0863399505615234
Step: 1269760	Mean reward: 11.84375, 	Mean reward done: 2.191321849822998
Step: 1277952	Mean reward: 12.84375, 	Mean reward done: 2.2275187969207764
Step: 1286144	Mean reward: 11.71875, 	Mean reward done: 2.16740345954895
Step: 1294336	Mean reward: 12.65625, 	Mean reward done: 2.3480169773101807
Step: 1302528	Mean reward: 13.40625, 	Mean reward done: 2.4032411575317383
Step: 1310720	Mean reward: 14.28125, 	Mean reward done: 2.629415512084961
Step: 1318912	Mean reward: 12.34375, 	Mean reward done: 2.1376402378082275
Step: 1327104	Mean reward: 13.625, 	Mean reward done: 2.5622661113739014
Step: 1335296	Mean reward: 12.6875, 	Mean reward done: 2.34808087348938
Step: 1343488	Mean reward: 12.40625, 	Mean reward done: 2.328721761703491
Step: 1351680	Mean reward: 12.375, 	Mean reward done: 2.4064648151397705
Step: 1359872	Mean reward: 11.875, 	Mean reward done: 2.069648265838623
Step: 1368064	Mean reward: 12.9375, 	Mean reward done: 2.246535062789917
Step: 1376256	Mean reward: 11.65625, 	Mean reward done: 2.3071811199188232
Step: 1384448	Mean reward: 12.09375, 	Mean reward done: 2.270632743835449
Step: 1392640	Mean reward: 13.96875, 	Mean reward done: 2.410059928894043
Step: 1400832	Mean reward: 14.53125, 	Mean reward done: 2.5713565349578857
Step: 1409024	Mean reward: 12.40625, 	Mean reward done: 2.124384641647339
Step: 1417216	Mean reward: 11.25, 	Mean reward done: 1.814386248588562
Step: 1425408	Mean reward: 12.09375, 	Mean reward done: 2.1145312786102295
Step: 1433600	Mean reward: 11.46875, 	Mean reward done: 2.016055107116699
Step: 1441792	Mean reward: 12.375, 	Mean reward done: 2.1211962699890137
Step: 1449984	Mean reward: 14.6875, 	Mean reward done: 2.7175493240356445
Step: 1458176	Mean reward: 12.875, 	Mean reward done: 2.289834499359131
Step: 1466368	Mean reward: 12.875, 	Mean reward done: 2.236549139022827
Step: 1474560	Mean reward: 12.46875, 	Mean reward done: 2.385690450668335
Step: 1482752	Mean reward: 13.84375, 	Mean reward done: 2.5541374683380127
Step: 1490944	Mean reward: 14.0, 	Mean reward done: 2.7957470417022705
Step: 1499136	Mean reward: 13.1875, 	Mean reward done: 2.4021995067596436
Step: 1507328	Mean reward: 14.5, 	Mean reward done: 2.6610593795776367
Step: 1515520	Mean reward: 14.28125, 	Mean reward done: 2.517030954360962
Step: 1523712	Mean reward: 14.34375, 	Mean reward done: 2.681622266769409
Step: 1531904	Mean reward: 13.625, 	Mean reward done: 2.5740113258361816
Step: 1540096	Mean reward: 12.71875, 	Mean reward done: 2.2905502319335938
Step: 1548288	Mean reward: 11.875, 	Mean reward done: 1.9803547859191895
Step: 1556480	Mean reward: 12.8125, 	Mean reward done: 2.3197453022003174
Step: 1564672	Mean reward: 13.03125, 	Mean reward done: 2.2651638984680176
Step: 1572864	Mean reward: 12.875, 	Mean reward done: 2.0925776958465576
Step: 1581056	Mean reward: 13.15625, 	Mean reward done: 2.644381046295166
Step: 1589248	Mean reward: 14.0, 	Mean reward done: 2.452273368835449
Step: 1597440	Mean reward: 14.21875, 	Mean reward done: 2.7568233013153076
Step: 1605632	Mean reward: 12.90625, 	Mean reward done: 2.3090662956237793
Step: 1613824	Mean reward: 13.40625, 	Mean reward done: 2.749061107635498
Step: 1622016	Mean reward: 13.9375, 	Mean reward done: 2.694269895553589
Step: 1630208	Mean reward: 13.40625, 	Mean reward done: 2.583047866821289
Step: 1638400	Mean reward: 13.875, 	Mean reward done: 2.5630435943603516
Step: 1646592	Mean reward: 12.5, 	Mean reward done: 2.203573703765869
Step: 1654784	Mean reward: 13.4375, 	Mean reward done: 2.4952495098114014
Step: 1662976	Mean reward: 14.59375, 	Mean reward done: 2.5499393939971924
Step: 1671168	Mean reward: 13.46875, 	Mean reward done: 2.5263736248016357
Step: 1679360	Mean reward: 13.0, 	Mean reward done: 2.3927650451660156
Step: 1687552	Mean reward: 14.15625, 	Mean reward done: 2.4378554821014404
Step: 1695744	Mean reward: 13.28125, 	Mean reward done: 2.613105297088623
Step: 1703936	Mean reward: 13.3125, 	Mean reward done: 2.3397488594055176
Step: 1712128	Mean reward: 13.5625, 	Mean reward done: 2.6054701805114746
Step: 1720320	Mean reward: 13.09375, 	Mean reward done: 2.3482885360717773
Step: 1728512	Mean reward: 14.65625, 	Mean reward done: 2.537381410598755
Step: 1736704	Mean reward: 13.3125, 	Mean reward done: 2.4186699390411377
Step: 1744896	Mean reward: 15.125, 	Mean reward done: 2.8408401012420654
Step: 1753088	Mean reward: 13.78125, 	Mean reward done: 2.4133453369140625
Step: 1761280	Mean reward: 12.4375, 	Mean reward done: 2.241774082183838
Step: 1769472	Mean reward: 13.3125, 	Mean reward done: 2.384474754333496
Step: 1777664	Mean reward: 12.46875, 	Mean reward done: 2.508404493331909
Step: 1785856	Mean reward: 13.8125, 	Mean reward done: 2.538433313369751
Step: 1794048	Mean reward: 14.0625, 	Mean reward done: 2.4441888332366943
Step: 1802240	Mean reward: 13.375, 	Mean reward done: 2.298252820968628
Step: 1810432	Mean reward: 14.5, 	Mean reward done: 2.5243592262268066
Step: 1818624	Mean reward: 15.03125, 	Mean reward done: 2.95227313041687
Step: 1826816	Mean reward: 13.0625, 	Mean reward done: 2.2094428539276123
Step: 1835008	Mean reward: 13.78125, 	Mean reward done: 2.5189599990844727
Step: 1843200	Mean reward: 14.34375, 	Mean reward done: 2.7374427318573
Step: 1851392	Mean reward: 14.28125, 	Mean reward done: 2.452763080596924
Step: 1859584	Mean reward: 13.71875, 	Mean reward done: 2.2473978996276855
Step: 1867776	Mean reward: 13.5, 	Mean reward done: 2.3738274574279785
Step: 1875968	Mean reward: 15.125, 	Mean reward done: 2.661109209060669
Step: 1884160	Mean reward: 12.9375, 	Mean reward done: 2.2172603607177734
Step: 1892352	Mean reward: 12.8125, 	Mean reward done: 2.3184762001037598
Step: 1900544	Mean reward: 13.71875, 	Mean reward done: 2.208503246307373
Step: 1908736	Mean reward: 14.1875, 	Mean reward done: 2.498288154602051
Step: 1916928	Mean reward: 11.6875, 	Mean reward done: 2.1195571422576904
Step: 1925120	Mean reward: 12.78125, 	Mean reward done: 2.3097786903381348
Step: 1933312	Mean reward: 12.5625, 	Mean reward done: 2.077699899673462
Step: 1941504	Mean reward: 13.53125, 	Mean reward done: 2.274670362472534
Step: 1949696	Mean reward: 13.3125, 	Mean reward done: 2.496474504470825
Step: 1957888	Mean reward: 12.5, 	Mean reward done: 2.1822783946990967
Step: 1966080	Mean reward: 15.25, 	Mean reward done: 2.8710906505584717
Step: 1974272	Mean reward: 13.21875, 	Mean reward done: 2.6147894859313965
Step: 1982464	Mean reward: 13.21875, 	Mean reward done: 2.2077038288116455
Step: 1990656	Mean reward: 13.875, 	Mean reward done: 2.8468430042266846
Step: 1998848	Mean reward: 14.0, 	Mean reward done: 2.4401333332061768
Step: 2007040	Mean reward: 13.59375, 	Mean reward done: 2.1791038513183594
Step: 2015232	Mean reward: 13.8125, 	Mean reward done: 2.3999874591827393
Step: 2023424	Mean reward: 14.9375, 	Mean reward done: 2.534829616546631
Step: 2031616	Mean reward: 14.4375, 	Mean reward done: 2.7924551963806152
Step: 2039808	Mean reward: 15.53125, 	Mean reward done: 2.6316139698028564
Step: 2048000	Mean reward: 14.375, 	Mean reward done: 2.576746940612793
Step: 2056192	Mean reward: 13.78125, 	Mean reward done: 2.522455930709839
Step: 2064384	Mean reward: 14.375, 	Mean reward done: 2.7214810848236084
Step: 2072576	Mean reward: 14.78125, 	Mean reward done: 2.409940481185913
Step: 2080768	Mean reward: 13.53125, 	Mean reward done: 2.5726189613342285
Step: 2088960	Mean reward: 15.1875, 	Mean reward done: 2.7403171062469482
Step: 2097152	Mean reward: 14.28125, 	Mean reward done: 2.514341354370117
Step: 2105344	Mean reward: 13.90625, 	Mean reward done: 2.1532540321350098
Step: 2113536	Mean reward: 14.03125, 	Mean reward done: 2.4168214797973633
Step: 2121728	Mean reward: 13.75, 	Mean reward done: 2.424306631088257
Step: 2129920	Mean reward: 13.46875, 	Mean reward done: 2.2777957916259766
Step: 2138112	Mean reward: 13.53125, 	Mean reward done: 2.233445405960083
Step: 2146304	Mean reward: 13.8125, 	Mean reward done: 2.194000244140625
Step: 2154496	Mean reward: 13.375, 	Mean reward done: 2.4094185829162598
Step: 2162688	Mean reward: 15.1875, 	Mean reward done: 2.668952703475952
Step: 2170880	Mean reward: 12.875, 	Mean reward done: 2.1291589736938477
Step: 2179072	Mean reward: 15.125, 	Mean reward done: 2.696432590484619
Step: 2187264	Mean reward: 14.875, 	Mean reward done: 2.7237231731414795
Step: 2195456	Mean reward: 14.59375, 	Mean reward done: 2.497854709625244
Step: 2203648	Mean reward: 15.25, 	Mean reward done: 2.389378070831299
Step: 2211840	Mean reward: 13.875, 	Mean reward done: 2.4837522506713867
Step: 2220032	Mean reward: 14.8125, 	Mean reward done: 2.3672804832458496
Step: 2228224	Mean reward: 16.03125, 	Mean reward done: 3.052826166152954
Step: 2236416	Mean reward: 14.65625, 	Mean reward done: 2.6942942142486572
Step: 2244608	Mean reward: 14.71875, 	Mean reward done: 2.723454475402832
Step: 2252800	Mean reward: 14.625, 	Mean reward done: 2.5243215560913086
Step: 2260992	Mean reward: 13.46875, 	Mean reward done: 2.070962905883789
Step: 2269184	Mean reward: 15.125, 	Mean reward done: 2.4649481773376465
Step: 2277376	Mean reward: 14.125, 	Mean reward done: 2.404125452041626
Step: 2285568	Mean reward: 13.625, 	Mean reward done: 2.208644390106201
Step: 2293760	Mean reward: 14.53125, 	Mean reward done: 2.5015132427215576
Step: 2301952	Mean reward: 15.0625, 	Mean reward done: 2.606639862060547
Step: 2310144	Mean reward: 15.09375, 	Mean reward done: 2.5578696727752686
Step: 2318336	Mean reward: 13.78125, 	Mean reward done: 2.343250274658203
Step: 2326528	Mean reward: 13.375, 	Mean reward done: 2.3051488399505615
Step: 2334720	Mean reward: 14.28125, 	Mean reward done: 2.6095192432403564
Step: 2342912	Mean reward: 15.21875, 	Mean reward done: 2.714783191680908
Step: 2351104	Mean reward: 14.625, 	Mean reward done: 2.6049282550811768
Step: 2359296	Mean reward: 15.09375, 	Mean reward done: 2.851508855819702
Step: 2367488	Mean reward: 14.0625, 	Mean reward done: 2.3143246173858643
Step: 2375680	Mean reward: 15.875, 	Mean reward done: 2.8170886039733887
Step: 2383872	Mean reward: 13.625, 	Mean reward done: 2.3137524127960205
Step: 2392064	Mean reward: 13.9375, 	Mean reward done: 2.3341848850250244
Step: 2400256	Mean reward: 13.28125, 	Mean reward done: 2.325411558151245
Step: 2408448	Mean reward: 14.5, 	Mean reward done: 2.552701234817505
Step: 2416640	Mean reward: 15.84375, 	Mean reward done: 2.9772253036499023
Step: 2424832	Mean reward: 15.0625, 	Mean reward done: 2.707058906555176
Step: 2433024	Mean reward: 13.59375, 	Mean reward done: 2.2741360664367676
Step: 2441216	Mean reward: 14.15625, 	Mean reward done: 2.461313009262085
Step: 2449408	Mean reward: 15.40625, 	Mean reward done: 2.726659059524536
Step: 2457600	Mean reward: 14.125, 	Mean reward done: 2.2650539875030518
Step: 2465792	Mean reward: 13.59375, 	Mean reward done: 2.197549819946289
Step: 2473984	Mean reward: 13.5, 	Mean reward done: 2.4078476428985596
Step: 2482176	Mean reward: 14.46875, 	Mean reward done: 2.6493451595306396
Step: 2490368	Mean reward: 15.125, 	Mean reward done: 2.6333553791046143
Step: 2498560	Mean reward: 14.8125, 	Mean reward done: 2.6695187091827393
Step: 2506752	Mean reward: 16.78125, 	Mean reward done: 2.9970622062683105
Step: 2514944	Mean reward: 15.375, 	Mean reward done: 2.8146982192993164
Step: 2523136	Mean reward: 14.4375, 	Mean reward done: 2.435614585876465
Step: 2531328	Mean reward: 15.875, 	Mean reward done: 2.8715357780456543
Step: 2539520	Mean reward: 14.59375, 	Mean reward done: 2.2567760944366455
Step: 2547712	Mean reward: 14.0, 	Mean reward done: 2.454465866088867
Step: 2555904	Mean reward: 14.59375, 	Mean reward done: 2.2540159225463867
Step: 2564096	Mean reward: 15.34375, 	Mean reward done: 2.954561710357666
Step: 2572288	Mean reward: 15.96875, 	Mean reward done: 2.660273313522339
Step: 2580480	Mean reward: 14.0625, 	Mean reward done: 2.195176601409912
Step: 2588672	Mean reward: 15.84375, 	Mean reward done: 2.7128734588623047
Step: 2596864	Mean reward: 16.0, 	Mean reward done: 2.9451422691345215
Step: 2605056	Mean reward: 14.65625, 	Mean reward done: 2.2307989597320557
Step: 2613248	Mean reward: 16.59375, 	Mean reward done: 3.389481782913208
Step: 2621440	Mean reward: 14.0, 	Mean reward done: 2.309799909591675
Step: 2629632	Mean reward: 15.125, 	Mean reward done: 2.625112771987915
Step: 2637824	Mean reward: 14.75, 	Mean reward done: 2.45688533782959
Step: 2646016	Mean reward: 15.59375, 	Mean reward done: 2.6645867824554443
Step: 2654208	Mean reward: 16.0, 	Mean reward done: 2.652540922164917
Step: 2662400	Mean reward: 15.3125, 	Mean reward done: 2.7051260471343994
Step: 2670592	Mean reward: 15.90625, 	Mean reward done: 2.7876479625701904
Step: 2678784	Mean reward: 16.375, 	Mean reward done: 2.8388359546661377
Step: 2686976	Mean reward: 15.625, 	Mean reward done: 2.687288999557495
Step: 2695168	Mean reward: 16.15625, 	Mean reward done: 3.2495510578155518
Step: 2703360	Mean reward: 16.90625, 	Mean reward done: 3.0699920654296875
Step: 2711552	Mean reward: 16.3125, 	Mean reward done: 3.022627353668213
Step: 2719744	Mean reward: 15.53125, 	Mean reward done: 2.5488972663879395
Step: 2727936	Mean reward: 15.1875, 	Mean reward done: 2.617734670639038
Step: 2736128	Mean reward: 14.875, 	Mean reward done: 2.6313576698303223
Step: 2744320	Mean reward: 15.28125, 	Mean reward done: 2.679204225540161
Step: 2752512	Mean reward: 13.5, 	Mean reward done: 2.2584691047668457
Step: 2760704	Mean reward: 15.125, 	Mean reward done: 2.766515016555786
Step: 2768896	Mean reward: 14.125, 	Mean reward done: 2.271482467651367
Step: 2777088	Mean reward: 15.3125, 	Mean reward done: 2.667280435562134
Step: 2785280	Mean reward: 15.28125, 	Mean reward done: 2.6999330520629883
Step: 2793472	Mean reward: 16.03125, 	Mean reward done: 2.9412355422973633
Step: 2801664	Mean reward: 13.84375, 	Mean reward done: 2.4488208293914795
Step: 2809856	Mean reward: 15.0625, 	Mean reward done: 2.9330925941467285
Step: 2818048	Mean reward: 14.9375, 	Mean reward done: 3.2431142330169678
Step: 2826240	Mean reward: 15.625, 	Mean reward done: 2.782480001449585
Step: 2834432	Mean reward: 16.1875, 	Mean reward done: 3.1099133491516113
Step: 2842624	Mean reward: 16.40625, 	Mean reward done: 3.1907012462615967
Step: 2850816	Mean reward: 16.40625, 	Mean reward done: 2.95210599899292
Step: 2859008	Mean reward: 16.09375, 	Mean reward done: 2.8326094150543213
Step: 2867200	Mean reward: 14.84375, 	Mean reward done: 2.6334776878356934
Step: 2875392	Mean reward: 16.375, 	Mean reward done: 2.7588303089141846
Step: 2883584	Mean reward: 15.8125, 	Mean reward done: 2.7508928775787354
Step: 2891776	Mean reward: 16.78125, 	Mean reward done: 2.9705235958099365
Step: 2899968	Mean reward: 16.5625, 	Mean reward done: 3.1497323513031006
Step: 2908160	Mean reward: 16.0625, 	Mean reward done: 2.7816271781921387
Step: 2916352	Mean reward: 16.71875, 	Mean reward done: 3.1886768341064453
Step: 2924544	Mean reward: 17.0, 	Mean reward done: 2.598083734512329
Step: 2932736	Mean reward: 15.71875, 	Mean reward done: 2.9596478939056396
Step: 2940928	Mean reward: 15.625, 	Mean reward done: 3.0304839611053467
Step: 2949120	Mean reward: 16.09375, 	Mean reward done: 2.705779552459717
Step: 2957312	Mean reward: 17.28125, 	Mean reward done: 3.1072587966918945
Step: 2965504	Mean reward: 16.9375, 	Mean reward done: 3.2317087650299072
Step: 2973696	Mean reward: 17.125, 	Mean reward done: 2.775031089782715
Step: 2981888	Mean reward: 15.28125, 	Mean reward done: 2.6897921562194824
Step: 2990080	Mean reward: 14.84375, 	Mean reward done: 2.909982919692993
Step: 2998272	Mean reward: 17.4375, 	Mean reward done: 3.3116395473480225
Step: 3006464	Mean reward: 14.03125, 	Mean reward done: 2.315234899520874
Step: 3014656	Mean reward: 15.25, 	Mean reward done: 2.4563019275665283
Step: 3022848	Mean reward: 18.59375, 	Mean reward done: 3.6573657989501953
Step: 3031040	Mean reward: 16.34375, 	Mean reward done: 2.7992286682128906
Step: 3039232	Mean reward: 17.78125, 	Mean reward done: 3.663078784942627
Step: 3047424	Mean reward: 15.90625, 	Mean reward done: 2.3439443111419678
Step: 3055616	Mean reward: 17.03125, 	Mean reward done: 3.467956066131592
Step: 3063808	Mean reward: 16.34375, 	Mean reward done: 2.555385112762451
Step: 3072000	Mean reward: 14.90625, 	Mean reward done: 2.9910268783569336
Step: 3080192	Mean reward: 16.40625, 	Mean reward done: 2.7991604804992676
Step: 3088384	Mean reward: 15.9375, 	Mean reward done: 2.988600254058838
Step: 3096576	Mean reward: 16.5625, 	Mean reward done: 2.8953664302825928
Step: 3104768	Mean reward: 16.625, 	Mean reward done: 3.039923906326294
Step: 3112960	Mean reward: 16.28125, 	Mean reward done: 3.022333860397339
Step: 3121152	Mean reward: 17.34375, 	Mean reward done: 3.1757254600524902
Step: 3129344	Mean reward: 15.625, 	Mean reward done: 2.8270602226257324
Step: 3137536	Mean reward: 17.125, 	Mean reward done: 3.0308263301849365
Step: 3145728	Mean reward: 16.5625, 	Mean reward done: 3.239098310470581
Step: 3153920	Mean reward: 17.53125, 	Mean reward done: 3.1407549381256104
Step: 3162112	Mean reward: 16.8125, 	Mean reward done: 2.843003034591675
Step: 3170304	Mean reward: 15.4375, 	Mean reward done: 2.504467487335205
Step: 3178496	Mean reward: 16.25, 	Mean reward done: 2.655043363571167
Step: 3186688	Mean reward: 16.0625, 	Mean reward done: 2.790370225906372
Step: 3194880	Mean reward: 16.6875, 	Mean reward done: 2.7479214668273926
Step: 3203072	Mean reward: 16.75, 	Mean reward done: 2.9007670879364014
Step: 3211264	Mean reward: 16.21875, 	Mean reward done: 3.0032119750976562
Step: 3219456	Mean reward: 15.71875, 	Mean reward done: 2.792527914047241
Step: 3227648	Mean reward: 15.96875, 	Mean reward done: 2.935576915740967
Step: 3235840	Mean reward: 14.8125, 	Mean reward done: 2.5145015716552734
Step: 3244032	Mean reward: 17.5625, 	Mean reward done: 3.1437325477600098
Step: 3252224	Mean reward: 16.375, 	Mean reward done: 2.771913528442383
Step: 3260416	Mean reward: 16.3125, 	Mean reward done: 2.6444010734558105
Step: 3268608	Mean reward: 15.90625, 	Mean reward done: 2.603215456008911
Step: 3276800	Mean reward: 14.8125, 	Mean reward done: 2.61750864982605
Step: 3284992	Mean reward: 17.875, 	Mean reward done: 3.1545541286468506
Step: 3293184	Mean reward: 15.53125, 	Mean reward done: 2.766955614089966
Step: 3301376	Mean reward: 17.03125, 	Mean reward done: 2.6973726749420166
Step: 3309568	Mean reward: 16.46875, 	Mean reward done: 2.59039568901062
Step: 3317760	Mean reward: 16.71875, 	Mean reward done: 2.8046045303344727
Step: 3325952	Mean reward: 16.25, 	Mean reward done: 2.662655830383301
Step: 3334144	Mean reward: 18.28125, 	Mean reward done: 3.2806012630462646
Step: 3342336	Mean reward: 16.59375, 	Mean reward done: 3.0034124851226807
Step: 3350528	Mean reward: 15.78125, 	Mean reward done: 2.7244863510131836
Step: 3358720	Mean reward: 16.15625, 	Mean reward done: 2.7439770698547363
Step: 3366912	Mean reward: 14.40625, 	Mean reward done: 2.2660722732543945
Step: 3375104	Mean reward: 15.65625, 	Mean reward done: 2.4529366493225098
Step: 3383296	Mean reward: 17.84375, 	Mean reward done: 2.841911792755127
Step: 3391488	Mean reward: 17.0625, 	Mean reward done: 3.2594664096832275
Step: 3399680	Mean reward: 16.28125, 	Mean reward done: 2.810540199279785
Step: 3407872	Mean reward: 16.4375, 	Mean reward done: 2.6986773014068604
Step: 3416064	Mean reward: 16.6875, 	Mean reward done: 2.651495933532715
Step: 3424256	Mean reward: 16.28125, 	Mean reward done: 2.662696599960327
Step: 3432448	Mean reward: 16.96875, 	Mean reward done: 3.5189335346221924
Step: 3440640	Mean reward: 15.40625, 	Mean reward done: 2.5896201133728027
Step: 3448832	Mean reward: 17.4375, 	Mean reward done: 2.868807554244995
Step: 3457024	Mean reward: 17.0, 	Mean reward done: 2.959784746170044
Step: 3465216	Mean reward: 16.625, 	Mean reward done: 2.724245071411133
Step: 3473408	Mean reward: 17.65625, 	Mean reward done: 2.9436750411987305
Step: 3481600	Mean reward: 17.15625, 	Mean reward done: 3.10412859916687
Step: 3489792	Mean reward: 17.375, 	Mean reward done: 2.982675790786743
Step: 3497984	Mean reward: 16.5, 	Mean reward done: 2.9261209964752197
Step: 3506176	Mean reward: 16.34375, 	Mean reward done: 2.4751574993133545
Step: 3514368	Mean reward: 17.5, 	Mean reward done: 3.07830810546875
Step: 3522560	Mean reward: 16.78125, 	Mean reward done: 2.7590389251708984
Step: 3530752	Mean reward: 15.875, 	Mean reward done: 2.49524188041687
Step: 3538944	Mean reward: 18.75, 	Mean reward done: 3.427347183227539
Step: 3547136	Mean reward: 16.21875, 	Mean reward done: 2.840369462966919
Step: 3555328	Mean reward: 15.84375, 	Mean reward done: 2.6511616706848145
Step: 3563520	Mean reward: 18.09375, 	Mean reward done: 3.2841532230377197
Step: 3571712	Mean reward: 16.4375, 	Mean reward done: 2.582347869873047
Step: 3579904	Mean reward: 17.5, 	Mean reward done: 3.468461275100708
Step: 3588096	Mean reward: 16.59375, 	Mean reward done: 2.7662394046783447
Step: 3596288	Mean reward: 15.71875, 	Mean reward done: 2.5715725421905518
Step: 3604480	Mean reward: 17.0625, 	Mean reward done: 2.8218917846679688
Step: 3612672	Mean reward: 16.21875, 	Mean reward done: 2.8375444412231445
Step: 3620864	Mean reward: 17.125, 	Mean reward done: 3.1521713733673096
Step: 3629056	Mean reward: 15.875, 	Mean reward done: 2.7975075244903564
Step: 3637248	Mean reward: 16.40625, 	Mean reward done: 2.978611469268799
Step: 3645440	Mean reward: 17.15625, 	Mean reward done: 3.0735647678375244
Step: 3653632	Mean reward: 16.875, 	Mean reward done: 3.094233274459839
Step: 3661824	Mean reward: 17.6875, 	Mean reward done: 3.2587075233459473
Step: 3670016	Mean reward: 17.03125, 	Mean reward done: 3.43929123878479
Step: 3678208	Mean reward: 17.21875, 	Mean reward done: 2.835921287536621
Step: 3686400	Mean reward: 16.28125, 	Mean reward done: 2.644200563430786
Step: 3694592	Mean reward: 16.96875, 	Mean reward done: 2.8961551189422607
Step: 3702784	Mean reward: 16.0625, 	Mean reward done: 2.8659424781799316
Step: 3710976	Mean reward: 18.4375, 	Mean reward done: 3.109255313873291
Step: 3719168	Mean reward: 15.90625, 	Mean reward done: 2.7914483547210693
Step: 3727360	Mean reward: 16.125, 	Mean reward done: 2.901839256286621
Step: 3735552	Mean reward: 17.28125, 	Mean reward done: 3.1748404502868652
Step: 3743744	Mean reward: 17.3125, 	Mean reward done: 3.0608749389648438
Step: 3751936	Mean reward: 16.5, 	Mean reward done: 2.817721128463745
Step: 3760128	Mean reward: 16.65625, 	Mean reward done: 2.830916404724121
Step: 3768320	Mean reward: 16.375, 	Mean reward done: 2.8845605850219727
Step: 3776512	Mean reward: 15.78125, 	Mean reward done: 2.7637553215026855
Step: 3784704	Mean reward: 17.3125, 	Mean reward done: 3.2151095867156982
Step: 3792896	Mean reward: 15.53125, 	Mean reward done: 2.507364511489868
Step: 3801088	Mean reward: 18.0625, 	Mean reward done: 2.998814582824707
Step: 3809280	Mean reward: 17.75, 	Mean reward done: 3.3559772968292236
Step: 3817472	Mean reward: 16.875, 	Mean reward done: 2.7691948413848877
Step: 3825664	Mean reward: 16.28125, 	Mean reward done: 2.6501576900482178
Step: 3833856	Mean reward: 16.71875, 	Mean reward done: 3.1415603160858154
Step: 3842048	Mean reward: 16.25, 	Mean reward done: 2.907287120819092
Step: 3850240	Mean reward: 15.8125, 	Mean reward done: 2.421860933303833
Step: 3858432	Mean reward: 17.75, 	Mean reward done: 3.216709613800049
Step: 3866624	Mean reward: 17.65625, 	Mean reward done: 3.512610912322998
Step: 3874816	Mean reward: 16.34375, 	Mean reward done: 2.624638080596924
Step: 3883008	Mean reward: 15.625, 	Mean reward done: 2.568366289138794
Step: 3891200	Mean reward: 16.40625, 	Mean reward done: 2.4898016452789307
Step: 3899392	Mean reward: 17.09375, 	Mean reward done: 2.643667221069336
Step: 3907584	Mean reward: 17.03125, 	Mean reward done: 2.918804883956909
Step: 3915776	Mean reward: 18.1875, 	Mean reward done: 3.567349433898926
Step: 3923968	Mean reward: 15.4375, 	Mean reward done: 2.4281325340270996
Step: 3932160	Mean reward: 17.4375, 	Mean reward done: 2.827313184738159
Step: 3940352	Mean reward: 17.875, 	Mean reward done: 3.449740171432495
Step: 3948544	Mean reward: 18.34375, 	Mean reward done: 3.82685923576355
Step: 3956736	Mean reward: 16.5625, 	Mean reward done: 2.62894868850708
Step: 3964928	Mean reward: 15.1875, 	Mean reward done: 2.4332423210144043
Step: 3973120	Mean reward: 18.375, 	Mean reward done: 2.8889877796173096
Step: 3981312	Mean reward: 15.8125, 	Mean reward done: 2.3574092388153076
Step: 3989504	Mean reward: 18.28125, 	Mean reward done: 2.737501382827759
Step: 3997696	Mean reward: 14.6875, 	Mean reward done: 2.3643152713775635
Step: 4005888	Mean reward: 17.25, 	Mean reward done: 3.039146900177002
Step: 4014080	Mean reward: 17.28125, 	Mean reward done: 2.917954921722412
Step: 4022272	Mean reward: 17.28125, 	Mean reward done: 3.1939854621887207
Step: 4030464	Mean reward: 16.90625, 	Mean reward done: 2.759284019470215
Step: 4038656	Mean reward: 17.9375, 	Mean reward done: 3.010833978652954
Step: 4046848	Mean reward: 17.375, 	Mean reward done: 3.2514712810516357
Step: 4055040	Mean reward: 14.8125, 	Mean reward done: 2.32452654838562
Step: 4063232	Mean reward: 16.375, 	Mean reward done: 2.7009670734405518
Step: 4071424	Mean reward: 16.5, 	Mean reward done: 2.3768630027770996
Step: 4079616	Mean reward: 15.34375, 	Mean reward done: 2.7087574005126953
Step: 4087808	Mean reward: 16.625, 	Mean reward done: 3.066956043243408
Step: 4096000	Mean reward: 15.34375, 	Mean reward done: 2.453900098800659
Step: 4104192	Mean reward: 15.5, 	Mean reward done: 2.284099817276001
Step: 4112384	Mean reward: 15.875, 	Mean reward done: 2.4479496479034424
Step: 4120576	Mean reward: 15.65625, 	Mean reward done: 2.559239387512207
Step: 4128768	Mean reward: 14.90625, 	Mean reward done: 2.320547580718994
Step: 4136960	Mean reward: 15.28125, 	Mean reward done: 2.574643611907959
Step: 4145152	Mean reward: 15.9375, 	Mean reward done: 2.4520862102508545
Step: 4153344	Mean reward: 13.625, 	Mean reward done: 1.9982240200042725
Step: 4161536	Mean reward: 16.59375, 	Mean reward done: 2.8705077171325684
Step: 4169728	Mean reward: 14.96875, 	Mean reward done: 2.235699415206909
Step: 4177920	Mean reward: 15.5, 	Mean reward done: 2.6673195362091064
Step: 4186112	Mean reward: 16.15625, 	Mean reward done: 3.1750683784484863
Step: 4194304	Mean reward: 15.3125, 	Mean reward done: 2.685851812362671
Step: 4202496	Mean reward: 17.09375, 	Mean reward done: 3.1969587802886963
Step: 4210688	Mean reward: 16.46875, 	Mean reward done: 2.7271299362182617
Step: 4218880	Mean reward: 16.4375, 	Mean reward done: 2.4779915809631348
Step: 4227072	Mean reward: 17.21875, 	Mean reward done: 2.5097548961639404
Step: 4235264	Mean reward: 15.8125, 	Mean reward done: 2.7163846492767334
Step: 4243456	Mean reward: 16.25, 	Mean reward done: 2.624833822250366
Step: 4251648	Mean reward: 14.28125, 	Mean reward done: 2.3903841972351074
Step: 4259840	Mean reward: 16.84375, 	Mean reward done: 2.943025588989258
Step: 4268032	Mean reward: 16.59375, 	Mean reward done: 3.0325422286987305
Step: 4276224	Mean reward: 16.25, 	Mean reward done: 2.7886812686920166
Step: 4284416	Mean reward: 14.59375, 	Mean reward done: 2.317905902862549
Step: 4292608	Mean reward: 15.34375, 	Mean reward done: 2.4735801219940186
Step: 4300800	Mean reward: 16.5, 	Mean reward done: 3.2470903396606445
Step: 4308992	Mean reward: 16.21875, 	Mean reward done: 2.5461220741271973
Step: 4317184	Mean reward: 15.75, 	Mean reward done: 2.291172981262207
Step: 4325376	Mean reward: 15.6875, 	Mean reward done: 2.5549235343933105
Step: 4333568	Mean reward: 15.1875, 	Mean reward done: 2.5514543056488037
Step: 4341760	Mean reward: 16.0625, 	Mean reward done: 2.286484479904175
Step: 4349952	Mean reward: 15.84375, 	Mean reward done: 2.7452285289764404
Step: 4358144	Mean reward: 17.15625, 	Mean reward done: 2.460021495819092
Step: 4366336	Mean reward: 16.8125, 	Mean reward done: 2.943502187728882
Step: 4374528	Mean reward: 16.15625, 	Mean reward done: 2.9068443775177
Step: 4382720	Mean reward: 17.0, 	Mean reward done: 2.7376859188079834
Step: 4390912	Mean reward: 15.53125, 	Mean reward done: 2.5911338329315186
Step: 4399104	Mean reward: 15.1875, 	Mean reward done: 2.378303289413452
Step: 4407296	Mean reward: 17.0625, 	Mean reward done: 2.8995132446289062
Step: 4415488	Mean reward: 14.71875, 	Mean reward done: 2.329350709915161
Step: 4423680	Mean reward: 16.875, 	Mean reward done: 2.821150064468384
Step: 4431872	Mean reward: 16.0625, 	Mean reward done: 2.858513832092285
Step: 4440064	Mean reward: 16.5625, 	Mean reward done: 2.575221538543701
Step: 4448256	Mean reward: 15.4375, 	Mean reward done: 2.607025384902954
Step: 4456448	Mean reward: 16.0, 	Mean reward done: 2.475531816482544
Step: 4464640	Mean reward: 16.53125, 	Mean reward done: 2.8154592514038086
Step: 4472832	Mean reward: 16.0, 	Mean reward done: 2.532154083251953
Step: 4481024	Mean reward: 14.84375, 	Mean reward done: 2.349895477294922
Step: 4489216	Mean reward: 16.53125, 	Mean reward done: 3.072143793106079
Step: 4497408	Mean reward: 15.78125, 	Mean reward done: 2.6938741207122803
Step: 4505600	Mean reward: 20.28125, 	Mean reward done: 3.8080239295959473
Step: 4513792	Mean reward: 15.46875, 	Mean reward done: 2.4638333320617676
Step: 4521984	Mean reward: 17.46875, 	Mean reward done: 2.9715120792388916
Step: 4530176	Mean reward: 16.5625, 	Mean reward done: 2.9662981033325195
Step: 4538368	Mean reward: 16.53125, 	Mean reward done: 2.4226133823394775
Step: 4546560	Mean reward: 17.34375, 	Mean reward done: 2.9269015789031982
Step: 4554752	Mean reward: 15.84375, 	Mean reward done: 2.960116147994995
Step: 4562944	Mean reward: 16.5, 	Mean reward done: 2.4258055686950684
Step: 4571136	Mean reward: 15.46875, 	Mean reward done: 2.6256561279296875
Step: 4579328	Mean reward: 15.9375, 	Mean reward done: 2.622314929962158
Step: 4587520	Mean reward: 17.09375, 	Mean reward done: 3.359900951385498
Step: 4595712	Mean reward: 17.21875, 	Mean reward done: 3.235434055328369
Step: 4603904	Mean reward: 16.71875, 	Mean reward done: 2.5017666816711426
Step: 4612096	Mean reward: 17.09375, 	Mean reward done: 2.760942220687866
Step: 4620288	Mean reward: 14.9375, 	Mean reward done: 2.509636878967285
Step: 4628480	Mean reward: 17.75, 	Mean reward done: 2.866929292678833
Step: 4636672	Mean reward: 17.34375, 	Mean reward done: 3.3284552097320557
Step: 4644864	Mean reward: 17.96875, 	Mean reward done: 3.110210418701172
Step: 4653056	Mean reward: 17.65625, 	Mean reward done: 3.1439292430877686
Step: 4661248	Mean reward: 19.0, 	Mean reward done: 3.231175184249878
Step: 4669440	Mean reward: 17.3125, 	Mean reward done: 3.088578701019287
Step: 4677632	Mean reward: 16.28125, 	Mean reward done: 2.829265832901001
Step: 4685824	Mean reward: 18.71875, 	Mean reward done: 3.2688064575195312
Step: 4694016	Mean reward: 18.09375, 	Mean reward done: 2.9943079948425293
Step: 4702208	Mean reward: 18.1875, 	Mean reward done: 3.0421366691589355
Step: 4710400	Mean reward: 20.15625, 	Mean reward done: 4.250608444213867
Step: 4718592	Mean reward: 18.125, 	Mean reward done: 2.968273401260376
Step: 4726784	Mean reward: 17.6875, 	Mean reward done: 3.183790922164917
Step: 4734976	Mean reward: 16.8125, 	Mean reward done: 2.6766200065612793
Step: 4743168	Mean reward: 17.65625, 	Mean reward done: 3.3474881649017334
Step: 4751360	Mean reward: 16.09375, 	Mean reward done: 2.685358762741089
Step: 4759552	Mean reward: 19.375, 	Mean reward done: 3.64604115486145
Step: 4767744	Mean reward: 18.9375, 	Mean reward done: 4.057143688201904
Step: 4775936	Mean reward: 18.40625, 	Mean reward done: 2.97836971282959
Step: 4784128	Mean reward: 17.75, 	Mean reward done: 2.7781035900115967
Step: 4792320	Mean reward: 19.03125, 	Mean reward done: 3.730776309967041
Step: 4800512	Mean reward: 17.46875, 	Mean reward done: 2.640864372253418
Step: 4808704	Mean reward: 16.03125, 	Mean reward done: 2.5151021480560303
Step: 4816896	Mean reward: 17.59375, 	Mean reward done: 2.978468418121338
Step: 4825088	Mean reward: 17.375, 	Mean reward done: 3.402783155441284
Step: 4833280	Mean reward: 18.03125, 	Mean reward done: 3.145259141921997
Step: 4841472	Mean reward: 17.84375, 	Mean reward done: 3.2055230140686035
Step: 4849664	Mean reward: 18.15625, 	Mean reward done: 3.0323429107666016
Step: 4857856	Mean reward: 16.6875, 	Mean reward done: 2.922947645187378
Step: 4866048	Mean reward: 17.9375, 	Mean reward done: 2.898954391479492
Step: 4874240	Mean reward: 16.5625, 	Mean reward done: 2.3357577323913574
Step: 4882432	Mean reward: 18.28125, 	Mean reward done: 3.192716121673584
Step: 4890624	Mean reward: 18.6875, 	Mean reward done: 3.684497356414795
Step: 4898816	Mean reward: 17.34375, 	Mean reward done: 2.7985589504241943
Step: 4907008	Mean reward: 17.3125, 	Mean reward done: 3.009648561477661
Step: 4915200	Mean reward: 17.5, 	Mean reward done: 3.2543587684631348
Step: 4923392	Mean reward: 17.59375, 	Mean reward done: 2.8649325370788574
Step: 4931584	Mean reward: 18.9375, 	Mean reward done: 2.9588770866394043
Step: 4939776	Mean reward: 19.40625, 	Mean reward done: 3.966779947280884
Step: 4947968	Mean reward: 19.0625, 	Mean reward done: 3.220214366912842
Step: 4956160	Mean reward: 17.09375, 	Mean reward done: 2.839106559753418
Step: 4964352	Mean reward: 16.5625, 	Mean reward done: 2.616074562072754
Step: 4972544	Mean reward: 17.46875, 	Mean reward done: 3.1285674571990967
Step: 4980736	Mean reward: 17.34375, 	Mean reward done: 3.2793216705322266
Step: 4988928	Mean reward: 17.21875, 	Mean reward done: 3.20760178565979
Step: 4997120	Mean reward: 17.78125, 	Mean reward done: 3.371901035308838
Step: 5005312	Mean reward: 16.9375, 	Mean reward done: 3.176609754562378
Step: 5013504	Mean reward: 17.96875, 	Mean reward done: 2.6250762939453125
Step: 5021696	Mean reward: 17.46875, 	Mean reward done: 3.0211970806121826
Step: 5029888	Mean reward: 16.53125, 	Mean reward done: 3.029130220413208
Step: 5038080	Mean reward: 18.78125, 	Mean reward done: 3.8838024139404297
Step: 5046272	Mean reward: 17.59375, 	Mean reward done: 3.1665189266204834
Step: 5054464	Mean reward: 18.125, 	Mean reward done: 3.6662817001342773
Step: 5062656	Mean reward: 18.3125, 	Mean reward done: 3.1886253356933594
Step: 5070848	Mean reward: 17.28125, 	Mean reward done: 3.138556480407715
Step: 5079040	Mean reward: 17.875, 	Mean reward done: 3.0742645263671875
Step: 5087232	Mean reward: 17.25, 	Mean reward done: 3.5464069843292236
Step: 5095424	Mean reward: 17.34375, 	Mean reward done: 2.895224094390869
Step: 5103616	Mean reward: 17.5625, 	Mean reward done: 3.3454275131225586
Step: 5111808	Mean reward: 16.84375, 	Mean reward done: 2.9748265743255615
Step: 5120000	Mean reward: 18.40625, 	Mean reward done: 3.238429546356201
Step: 5128192	Mean reward: 18.75, 	Mean reward done: 3.5862550735473633
Step: 5136384	Mean reward: 17.5, 	Mean reward done: 2.7515158653259277
Step: 5144576	Mean reward: 17.125, 	Mean reward done: 2.8931963443756104
Step: 5152768	Mean reward: 16.3125, 	Mean reward done: 2.8259265422821045
Step: 5160960	Mean reward: 17.6875, 	Mean reward done: 3.292895555496216
Step: 5169152	Mean reward: 17.96875, 	Mean reward done: 3.466732978820801
Step: 5177344	Mean reward: 17.03125, 	Mean reward done: 2.925173282623291
Step: 5185536	Mean reward: 17.75, 	Mean reward done: 2.525751829147339
Step: 5193728	Mean reward: 17.625, 	Mean reward done: 2.8698389530181885
Step: 5201920	Mean reward: 18.71875, 	Mean reward done: 3.1353211402893066
Step: 5210112	Mean reward: 18.78125, 	Mean reward done: 3.1109204292297363
Step: 5218304	Mean reward: 16.59375, 	Mean reward done: 2.805429697036743
Step: 5226496	Mean reward: 17.4375, 	Mean reward done: 2.983313798904419
Step: 5234688	Mean reward: 17.15625, 	Mean reward done: 2.811500310897827
Step: 5242880	Mean reward: 16.59375, 	Mean reward done: 3.0715579986572266
Step: 5251072	Mean reward: 18.15625, 	Mean reward done: 3.178067445755005
Step: 5259264	Mean reward: 17.46875, 	Mean reward done: 2.673415422439575
Step: 5267456	Mean reward: 16.90625, 	Mean reward done: 2.6121013164520264
Step: 5275648	Mean reward: 16.875, 	Mean reward done: 2.4895009994506836
Step: 5283840	Mean reward: 17.6875, 	Mean reward done: 2.8658595085144043
Step: 5292032	Mean reward: 18.1875, 	Mean reward done: 3.3230409622192383
Step: 5300224	Mean reward: 17.9375, 	Mean reward done: 2.891800880432129
Step: 5308416	Mean reward: 17.21875, 	Mean reward done: 2.532660722732544
Step: 5316608	Mean reward: 19.1875, 	Mean reward done: 3.0894696712493896
Step: 5324800	Mean reward: 17.09375, 	Mean reward done: 2.9704642295837402
Step: 5332992	Mean reward: 17.34375, 	Mean reward done: 2.8572945594787598
Step: 5341184	Mean reward: 18.96875, 	Mean reward done: 3.5465848445892334
Step: 5349376	Mean reward: 17.15625, 	Mean reward done: 2.395204544067383
Step: 5357568	Mean reward: 17.03125, 	Mean reward done: 2.8901758193969727
Step: 5365760	Mean reward: 16.65625, 	Mean reward done: 2.892594337463379
Step: 5373952	Mean reward: 16.25, 	Mean reward done: 2.6803202629089355
Step: 5382144	Mean reward: 17.21875, 	Mean reward done: 3.1328511238098145
Step: 5390336	Mean reward: 17.03125, 	Mean reward done: 3.195324182510376
Step: 5398528	Mean reward: 18.375, 	Mean reward done: 2.8359806537628174
Step: 5406720	Mean reward: 17.71875, 	Mean reward done: 2.4889438152313232
Step: 5414912	Mean reward: 16.3125, 	Mean reward done: 2.6629908084869385
Step: 5423104	Mean reward: 17.625, 	Mean reward done: 2.6839261054992676
Step: 5431296	Mean reward: 17.84375, 	Mean reward done: 2.877871513366699
Step: 5439488	Mean reward: 16.21875, 	Mean reward done: 3.061215877532959
Step: 5447680	Mean reward: 17.53125, 	Mean reward done: 2.698306083679199
Step: 5455872	Mean reward: 17.25, 	Mean reward done: 3.123500347137451
Step: 5464064	Mean reward: 17.9375, 	Mean reward done: 3.0961148738861084
Step: 5472256	Mean reward: 15.9375, 	Mean reward done: 2.1378891468048096
Step: 5480448	Mean reward: 17.40625, 	Mean reward done: 2.8722283840179443
Step: 5488640	Mean reward: 17.875, 	Mean reward done: 2.9358837604522705
Step: 5496832	Mean reward: 17.84375, 	Mean reward done: 3.0159292221069336
Step: 5505024	Mean reward: 17.6875, 	Mean reward done: 3.2384161949157715
Step: 5513216	Mean reward: 17.15625, 	Mean reward done: 2.653918743133545
Step: 5521408	Mean reward: 19.09375, 	Mean reward done: 2.9729702472686768
Step: 5529600	Mean reward: 17.40625, 	Mean reward done: 2.8098666667938232
Step: 5537792	Mean reward: 18.40625, 	Mean reward done: 3.0469071865081787
Step: 5545984	Mean reward: 17.375, 	Mean reward done: 3.0399508476257324
Step: 5554176	Mean reward: 17.75, 	Mean reward done: 3.1362483501434326
Step: 5562368	Mean reward: 18.40625, 	Mean reward done: 3.32559871673584
Step: 5570560	Mean reward: 19.15625, 	Mean reward done: 3.238424777984619
Step: 5578752	Mean reward: 18.21875, 	Mean reward done: 3.2277886867523193
Step: 5586944	Mean reward: 17.90625, 	Mean reward done: 2.9869067668914795
Step: 5595136	Mean reward: 18.75, 	Mean reward done: 3.124783992767334
Step: 5603328	Mean reward: 19.59375, 	Mean reward done: 3.25335431098938
Step: 5611520	Mean reward: 17.84375, 	Mean reward done: 3.058133125305176
Step: 5619712	Mean reward: 18.1875, 	Mean reward done: 3.0135531425476074
Step: 5627904	Mean reward: 19.40625, 	Mean reward done: 3.343219757080078
Step: 5636096	Mean reward: 16.84375, 	Mean reward done: 2.455322504043579
Step: 5644288	Mean reward: 20.15625, 	Mean reward done: 3.804150104522705
Step: 5652480	Mean reward: 17.5625, 	Mean reward done: 3.1062209606170654
Step: 5660672	Mean reward: 18.40625, 	Mean reward done: 3.2338192462921143
Step: 5668864	Mean reward: 18.0, 	Mean reward done: 2.7878031730651855
Step: 5677056	Mean reward: 18.40625, 	Mean reward done: 3.466282844543457
Step: 5685248	Mean reward: 16.90625, 	Mean reward done: 2.8962581157684326
Step: 5693440	Mean reward: 16.9375, 	Mean reward done: 2.7583887577056885
Step: 5701632	Mean reward: 17.96875, 	Mean reward done: 2.7678027153015137
Step: 5709824	Mean reward: 20.125, 	Mean reward done: 3.695457696914673
Step: 5718016	Mean reward: 18.0, 	Mean reward done: 3.0358543395996094
Step: 5726208	Mean reward: 17.46875, 	Mean reward done: 3.2405552864074707
Step: 5734400	Mean reward: 17.0, 	Mean reward done: 2.857557535171509
Step: 5742592	Mean reward: 17.03125, 	Mean reward done: 2.94036602973938
Step: 5750784	Mean reward: 18.375, 	Mean reward done: 3.291332721710205
Step: 5758976	Mean reward: 18.46875, 	Mean reward done: 2.9980244636535645
Step: 5767168	Mean reward: 17.71875, 	Mean reward done: 3.183781862258911
Step: 5775360	Mean reward: 19.3125, 	Mean reward done: 3.356597661972046
Step: 5783552	Mean reward: 18.65625, 	Mean reward done: 3.2619128227233887
Step: 5791744	Mean reward: 19.0, 	Mean reward done: 3.6841163635253906
Step: 5799936	Mean reward: 17.40625, 	Mean reward done: 2.938555955886841
Step: 5808128	Mean reward: 16.84375, 	Mean reward done: 2.646052837371826
Step: 5816320	Mean reward: 17.65625, 	Mean reward done: 2.687039613723755
Step: 5824512	Mean reward: 16.96875, 	Mean reward done: 2.846137285232544
Step: 5832704	Mean reward: 17.40625, 	Mean reward done: 2.820683240890503
Step: 5840896	Mean reward: 18.59375, 	Mean reward done: 2.880335807800293
Step: 5849088	Mean reward: 19.0, 	Mean reward done: 3.1680941581726074
Step: 5857280	Mean reward: 17.375, 	Mean reward done: 2.8006374835968018
Step: 5865472	Mean reward: 17.875, 	Mean reward done: 2.9168648719787598
Step: 5873664	Mean reward: 17.96875, 	Mean reward done: 2.7709851264953613
Step: 5881856	Mean reward: 17.03125, 	Mean reward done: 2.9313583374023438
Step: 5890048	Mean reward: 17.9375, 	Mean reward done: 2.9079678058624268
Step: 5898240	Mean reward: 19.46875, 	Mean reward done: 3.45025634765625
Step: 5906432	Mean reward: 18.34375, 	Mean reward done: 2.874847412109375
Step: 5914624	Mean reward: 17.21875, 	Mean reward done: 2.9202592372894287
Step: 5922816	Mean reward: 17.21875, 	Mean reward done: 3.1971466541290283
Step: 5931008	Mean reward: 17.375, 	Mean reward done: 2.665105104446411
Step: 5939200	Mean reward: 16.84375, 	Mean reward done: 3.11872935295105
Step: 5947392	Mean reward: 17.21875, 	Mean reward done: 2.8867905139923096
Step: 5955584	Mean reward: 17.625, 	Mean reward done: 3.0972201824188232
Step: 5963776	Mean reward: 18.34375, 	Mean reward done: 2.795797109603882
Step: 5971968	Mean reward: 17.90625, 	Mean reward done: 2.977717161178589
Step: 5980160	Mean reward: 15.9375, 	Mean reward done: 2.310098886489868
Step: 5988352	Mean reward: 19.21875, 	Mean reward done: 3.0716588497161865
Step: 5996544	Mean reward: 18.03125, 	Mean reward done: 3.1731021404266357
Step: 6004736	Mean reward: 16.21875, 	Mean reward done: 2.4359047412872314
Step: 6012928	Mean reward: 17.84375, 	Mean reward done: 2.9331419467926025
Step: 6021120	Mean reward: 18.53125, 	Mean reward done: 3.1204915046691895
Step: 6029312	Mean reward: 17.25, 	Mean reward done: 2.6798956394195557
Step: 6037504	Mean reward: 16.875, 	Mean reward done: 2.668022394180298
Step: 6045696	Mean reward: 17.84375, 	Mean reward done: 2.8326494693756104
Step: 6053888	Mean reward: 16.84375, 	Mean reward done: 2.7464640140533447
Step: 6062080	Mean reward: 17.6875, 	Mean reward done: 3.1393063068389893
Step: 6070272	Mean reward: 17.3125, 	Mean reward done: 2.6867430210113525
Step: 6078464	Mean reward: 19.96875, 	Mean reward done: 3.419304609298706
Step: 6086656	Mean reward: 16.0625, 	Mean reward done: 2.6468329429626465
Step: 6094848	Mean reward: 16.9375, 	Mean reward done: 2.6973681449890137
Step: 6103040	Mean reward: 17.375, 	Mean reward done: 3.217372417449951
Step: 6111232	Mean reward: 17.71875, 	Mean reward done: 2.8591365814208984
Step: 6119424	Mean reward: 17.28125, 	Mean reward done: 2.583423137664795
Step: 6127616	Mean reward: 17.6875, 	Mean reward done: 2.4583020210266113
Step: 6135808	Mean reward: 16.5, 	Mean reward done: 2.555905818939209
Step: 6144000	Mean reward: 19.125, 	Mean reward done: 3.207202672958374
Step: 6152192	Mean reward: 16.28125, 	Mean reward done: 2.5182149410247803
Step: 6160384	Mean reward: 16.46875, 	Mean reward done: 2.6005656719207764
Step: 6168576	Mean reward: 18.75, 	Mean reward done: 3.760568141937256
Step: 6176768	Mean reward: 17.75, 	Mean reward done: 2.820349931716919
Step: 6184960	Mean reward: 17.375, 	Mean reward done: 2.491868495941162
Step: 6193152	Mean reward: 17.46875, 	Mean reward done: 2.6618406772613525
Step: 6201344	Mean reward: 17.96875, 	Mean reward done: 3.327354907989502
Step: 6209536	Mean reward: 17.53125, 	Mean reward done: 2.7469537258148193
Step: 6217728	Mean reward: 19.3125, 	Mean reward done: 2.9631752967834473
Step: 6225920	Mean reward: 17.71875, 	Mean reward done: 3.3869214057922363
Step: 6234112	Mean reward: 16.375, 	Mean reward done: 2.4281933307647705
Step: 6242304	Mean reward: 16.40625, 	Mean reward done: 2.699810028076172
Step: 6250496	Mean reward: 18.34375, 	Mean reward done: 3.059966802597046
Step: 6258688	Mean reward: 17.0, 	Mean reward done: 2.446913242340088
Step: 6266880	Mean reward: 17.65625, 	Mean reward done: 2.759103536605835
Step: 6275072	Mean reward: 19.0625, 	Mean reward done: 2.944148540496826
Step: 6283264	Mean reward: 19.3125, 	Mean reward done: 3.2828445434570312
Step: 6291456	Mean reward: 18.6875, 	Mean reward done: 3.0779101848602295
Step: 6299648	Mean reward: 17.3125, 	Mean reward done: 2.7987611293792725
Step: 6307840	Mean reward: 16.34375, 	Mean reward done: 2.601882219314575
Step: 6316032	Mean reward: 16.34375, 	Mean reward done: 2.2845585346221924
Step: 6324224	Mean reward: 16.59375, 	Mean reward done: 2.584398031234741
Step: 6332416	Mean reward: 16.9375, 	Mean reward done: 2.628904104232788
Step: 6340608	Mean reward: 16.78125, 	Mean reward done: 2.549513816833496
Step: 6348800	Mean reward: 18.5, 	Mean reward done: 3.122303009033203
Step: 6356992	Mean reward: 17.8125, 	Mean reward done: 3.0241141319274902
Step: 6365184	Mean reward: 18.59375, 	Mean reward done: 3.3380424976348877
Step: 6373376	Mean reward: 17.5625, 	Mean reward done: 2.9740469455718994
Step: 6381568	Mean reward: 18.65625, 	Mean reward done: 2.9834933280944824
Step: 6389760	Mean reward: 16.71875, 	Mean reward done: 2.711805582046509
Step: 6397952	Mean reward: 15.96875, 	Mean reward done: 2.4589052200317383
Step: 6406144	Mean reward: 17.8125, 	Mean reward done: 3.1209683418273926
Step: 6414336	Mean reward: 17.34375, 	Mean reward done: 2.6511871814727783
Step: 6422528	Mean reward: 17.59375, 	Mean reward done: 2.8709726333618164
Step: 6430720	Mean reward: 17.21875, 	Mean reward done: 2.5841434001922607
Step: 6438912	Mean reward: 16.8125, 	Mean reward done: 2.661531686782837
Step: 6447104	Mean reward: 17.03125, 	Mean reward done: 2.631016492843628
Step: 6455296	Mean reward: 18.46875, 	Mean reward done: 3.259214401245117
Step: 6463488	Mean reward: 16.53125, 	Mean reward done: 2.731279134750366
Step: 6471680	Mean reward: 17.21875, 	Mean reward done: 2.5646328926086426
Step: 6479872	Mean reward: 17.1875, 	Mean reward done: 3.1649062633514404
Step: 6488064	Mean reward: 17.28125, 	Mean reward done: 2.5799381732940674
Step: 6496256	Mean reward: 15.53125, 	Mean reward done: 2.20035719871521
Step: 6504448	Mean reward: 18.21875, 	Mean reward done: 2.947824239730835
Step: 6512640	Mean reward: 15.78125, 	Mean reward done: 2.3446552753448486
Step: 6520832	Mean reward: 16.15625, 	Mean reward done: 2.264807939529419
Step: 6529024	Mean reward: 17.5, 	Mean reward done: 3.4815523624420166
Step: 6537216	Mean reward: 17.9375, 	Mean reward done: 2.899918794631958
Step: 6545408	Mean reward: 16.34375, 	Mean reward done: 2.531580686569214
Step: 6553600	Mean reward: 18.0, 	Mean reward done: 2.9104232788085938
Step: 6561792	Mean reward: 18.0, 	Mean reward done: 3.503988742828369
Step: 6569984	Mean reward: 19.875, 	Mean reward done: 3.480149030685425
Step: 6578176	Mean reward: 15.96875, 	Mean reward done: 2.408130645751953
Step: 6586368	Mean reward: 18.6875, 	Mean reward done: 2.9845640659332275
Step: 6594560	Mean reward: 16.875, 	Mean reward done: 2.5645716190338135
Step: 6602752	Mean reward: 17.375, 	Mean reward done: 2.619354248046875
Step: 6610944	Mean reward: 19.03125, 	Mean reward done: 2.8024749755859375
Step: 6619136	Mean reward: 18.3125, 	Mean reward done: 2.9039297103881836
Step: 6627328	Mean reward: 18.78125, 	Mean reward done: 2.7005059719085693
Step: 6635520	Mean reward: 18.5625, 	Mean reward done: 3.0381767749786377
Step: 6643712	Mean reward: 17.1875, 	Mean reward done: 2.605437755584717
Step: 6651904	Mean reward: 17.40625, 	Mean reward done: 2.906710624694824
Step: 6660096	Mean reward: 18.1875, 	Mean reward done: 2.8553316593170166
Step: 6668288	Mean reward: 17.8125, 	Mean reward done: 3.046607732772827
Step: 6676480	Mean reward: 17.53125, 	Mean reward done: 2.6568806171417236
Step: 6684672	Mean reward: 17.40625, 	Mean reward done: 2.9427006244659424
Step: 6692864	Mean reward: 16.15625, 	Mean reward done: 2.4576215744018555
Step: 6701056	Mean reward: 16.3125, 	Mean reward done: 2.415940761566162
Step: 6709248	Mean reward: 16.375, 	Mean reward done: 2.9514272212982178
Step: 6717440	Mean reward: 17.0, 	Mean reward done: 2.6759164333343506
Step: 6725632	Mean reward: 17.1875, 	Mean reward done: 2.6877453327178955
Step: 6733824	Mean reward: 16.28125, 	Mean reward done: 2.412804126739502
Step: 6742016	Mean reward: 16.3125, 	Mean reward done: 2.6476738452911377
Step: 6750208	Mean reward: 19.15625, 	Mean reward done: 3.387929677963257
Step: 6758400	Mean reward: 16.53125, 	Mean reward done: 2.586575984954834
Step: 6766592	Mean reward: 16.375, 	Mean reward done: 2.4493751525878906
Step: 6774784	Mean reward: 17.4375, 	Mean reward done: 2.6869752407073975
Step: 6782976	Mean reward: 16.75, 	Mean reward done: 2.6067545413970947
Step: 6791168	Mean reward: 17.21875, 	Mean reward done: 2.9201719760894775
Step: 6799360	Mean reward: 18.03125, 	Mean reward done: 3.0337657928466797
Step: 6807552	Mean reward: 18.875, 	Mean reward done: 3.4248430728912354
Step: 6815744	Mean reward: 18.0, 	Mean reward done: 3.113569736480713
Step: 6823936	Mean reward: 18.1875, 	Mean reward done: 3.151167154312134
Step: 6832128	Mean reward: 16.625, 	Mean reward done: 2.497081995010376
Step: 6840320	Mean reward: 19.3125, 	Mean reward done: 3.4450559616088867
Step: 6848512	Mean reward: 17.09375, 	Mean reward done: 3.036296844482422
Step: 6856704	Mean reward: 18.21875, 	Mean reward done: 3.0200741291046143
Step: 6864896	Mean reward: 18.34375, 	Mean reward done: 3.307159662246704
Step: 6873088	Mean reward: 17.21875, 	Mean reward done: 2.7585606575012207
Step: 6881280	Mean reward: 17.6875, 	Mean reward done: 2.861562490463257
Step: 6889472	Mean reward: 17.6875, 	Mean reward done: 2.626234292984009
Step: 6897664	Mean reward: 17.9375, 	Mean reward done: 2.664511203765869
Step: 6905856	Mean reward: 18.1875, 	Mean reward done: 3.1394503116607666
Step: 6914048	Mean reward: 17.15625, 	Mean reward done: 2.6745667457580566
Step: 6922240	Mean reward: 16.09375, 	Mean reward done: 2.4484431743621826
Step: 6930432	Mean reward: 19.375, 	Mean reward done: 3.1756081581115723
Step: 6938624	Mean reward: 16.375, 	Mean reward done: 2.8844830989837646
Step: 6946816	Mean reward: 17.4375, 	Mean reward done: 2.7046263217926025
Step: 6955008	Mean reward: 19.1875, 	Mean reward done: 3.3084628582000732
Step: 6963200	Mean reward: 17.53125, 	Mean reward done: 3.1282360553741455
Step: 6971392	Mean reward: 15.90625, 	Mean reward done: 2.316136360168457
Step: 6979584	Mean reward: 18.09375, 	Mean reward done: 2.6086859703063965
Step: 6987776	Mean reward: 15.59375, 	Mean reward done: 2.256462574005127
Step: 6995968	Mean reward: 16.65625, 	Mean reward done: 2.925971746444702
Step: 7004160	Mean reward: 17.78125, 	Mean reward done: 2.6781153678894043
Step: 7012352	Mean reward: 18.09375, 	Mean reward done: 2.6469485759735107
Step: 7020544	Mean reward: 17.59375, 	Mean reward done: 2.759709596633911
Step: 7028736	Mean reward: 18.6875, 	Mean reward done: 2.6579389572143555
Step: 7036928	Mean reward: 20.875, 	Mean reward done: 3.2397398948669434
Step: 7045120	Mean reward: 17.59375, 	Mean reward done: 2.7752673625946045
Step: 7053312	Mean reward: 18.46875, 	Mean reward done: 3.1539530754089355
Step: 7061504	Mean reward: 17.5, 	Mean reward done: 2.6641085147857666
Step: 7069696	Mean reward: 18.375, 	Mean reward done: 3.000671148300171
Step: 7077888	Mean reward: 19.0625, 	Mean reward done: 3.0222153663635254
Step: 7086080	Mean reward: 18.125, 	Mean reward done: 2.889486312866211
Step: 7094272	Mean reward: 18.53125, 	Mean reward done: 2.7523632049560547
Step: 7102464	Mean reward: 18.46875, 	Mean reward done: 3.251140594482422
Step: 7110656	Mean reward: 18.40625, 	Mean reward done: 3.024028778076172
Step: 7118848	Mean reward: 17.03125, 	Mean reward done: 2.562819004058838
Step: 7127040	Mean reward: 18.4375, 	Mean reward done: 2.828895330429077
Step: 7135232	Mean reward: 18.03125, 	Mean reward done: 2.9056875705718994
Step: 7143424	Mean reward: 17.65625, 	Mean reward done: 2.9743454456329346
Step: 7151616	Mean reward: 17.0, 	Mean reward done: 2.239842414855957
Step: 7159808	Mean reward: 18.0, 	Mean reward done: 2.8374416828155518
Step: 7168000	Mean reward: 20.03125, 	Mean reward done: 3.0900607109069824
Step: 7176192	Mean reward: 18.875, 	Mean reward done: 3.079602003097534
Step: 7184384	Mean reward: 18.4375, 	Mean reward done: 2.7833614349365234
Step: 7192576	Mean reward: 17.8125, 	Mean reward done: 2.751451253890991
Step: 7200768	Mean reward: 18.03125, 	Mean reward done: 2.748455047607422
Step: 7208960	Mean reward: 18.375, 	Mean reward done: 3.4558136463165283
Step: 7217152	Mean reward: 17.65625, 	Mean reward done: 2.7109508514404297
Step: 7225344	Mean reward: 18.3125, 	Mean reward done: 2.9828593730926514
Step: 7233536	Mean reward: 18.40625, 	Mean reward done: 2.922808885574341
Step: 7241728	Mean reward: 18.5, 	Mean reward done: 2.961141347885132
Step: 7249920	Mean reward: 16.5625, 	Mean reward done: 2.4285271167755127
Step: 7258112	Mean reward: 18.375, 	Mean reward done: 3.0809788703918457
Step: 7266304	Mean reward: 17.59375, 	Mean reward done: 2.5958774089813232
Step: 7274496	Mean reward: 17.6875, 	Mean reward done: 3.265209913253784
Step: 7282688	Mean reward: 17.8125, 	Mean reward done: 2.936527729034424
Step: 7290880	Mean reward: 18.46875, 	Mean reward done: 3.0614912509918213
Step: 7299072	Mean reward: 17.65625, 	Mean reward done: 2.7398767471313477
Step: 7307264	Mean reward: 17.84375, 	Mean reward done: 2.6745057106018066
Step: 7315456	Mean reward: 17.96875, 	Mean reward done: 2.7234058380126953
Step: 7323648	Mean reward: 17.9375, 	Mean reward done: 2.5490124225616455
Step: 7331840	Mean reward: 17.15625, 	Mean reward done: 2.6837332248687744
Step: 7340032	Mean reward: 18.9375, 	Mean reward done: 3.4061036109924316
Step: 7348224	Mean reward: 18.84375, 	Mean reward done: 2.9970006942749023
Step: 7356416	Mean reward: 19.21875, 	Mean reward done: 3.1174230575561523
Step: 7364608	Mean reward: 19.125, 	Mean reward done: 2.8645429611206055
Step: 7372800	Mean reward: 17.5625, 	Mean reward done: 2.558333396911621
Step: 7380992	Mean reward: 17.8125, 	Mean reward done: 2.779306650161743
Step: 7389184	Mean reward: 16.78125, 	Mean reward done: 2.7383921146392822
Step: 7397376	Mean reward: 18.21875, 	Mean reward done: 3.0947484970092773
Step: 7405568	Mean reward: 17.0, 	Mean reward done: 2.324022054672241
Step: 7413760	Mean reward: 15.65625, 	Mean reward done: 2.251530408859253
Step: 7421952	Mean reward: 18.25, 	Mean reward done: 2.9310505390167236
Step: 7430144	Mean reward: 17.9375, 	Mean reward done: 3.1016080379486084
Step: 7438336	Mean reward: 18.3125, 	Mean reward done: 3.308936357498169
Step: 7446528	Mean reward: 16.4375, 	Mean reward done: 2.5617449283599854
Step: 7454720	Mean reward: 19.09375, 	Mean reward done: 3.239088535308838
Step: 7462912	Mean reward: 16.3125, 	Mean reward done: 2.495305061340332
Step: 7471104	Mean reward: 18.71875, 	Mean reward done: 3.1513590812683105
Step: 7479296	Mean reward: 18.125, 	Mean reward done: 2.7367944717407227
Step: 7487488	Mean reward: 19.21875, 	Mean reward done: 3.3919153213500977
Step: 7495680	Mean reward: 18.96875, 	Mean reward done: 2.7879481315612793
Step: 7503872	Mean reward: 17.71875, 	Mean reward done: 2.9120309352874756
Step: 7512064	Mean reward: 17.4375, 	Mean reward done: 2.844805955886841
Step: 7520256	Mean reward: 16.46875, 	Mean reward done: 2.2881650924682617
Step: 7528448	Mean reward: 16.71875, 	Mean reward done: 2.487457275390625
Step: 7536640	Mean reward: 18.75, 	Mean reward done: 2.78652286529541
Step: 7544832	Mean reward: 18.6875, 	Mean reward done: 2.8993194103240967
Step: 7553024	Mean reward: 17.28125, 	Mean reward done: 3.046865463256836
Step: 7561216	Mean reward: 17.21875, 	Mean reward done: 2.525228500366211
Step: 7569408	Mean reward: 17.65625, 	Mean reward done: 2.505138397216797
Step: 7577600	Mean reward: 18.4375, 	Mean reward done: 3.318582534790039
Step: 7585792	Mean reward: 17.4375, 	Mean reward done: 3.0176377296447754
Step: 7593984	Mean reward: 18.9375, 	Mean reward done: 2.7773733139038086
Step: 7602176	Mean reward: 18.46875, 	Mean reward done: 3.4061989784240723
Step: 7610368	Mean reward: 17.5625, 	Mean reward done: 2.912876605987549
Step: 7618560	Mean reward: 18.875, 	Mean reward done: 3.0639145374298096
Step: 7626752	Mean reward: 18.15625, 	Mean reward done: 3.0041604042053223
Step: 7634944	Mean reward: 17.1875, 	Mean reward done: 2.539524793624878
Step: 7643136	Mean reward: 16.9375, 	Mean reward done: 2.6236989498138428
Step: 7651328	Mean reward: 17.5625, 	Mean reward done: 2.7990448474884033
Step: 7659520	Mean reward: 18.59375, 	Mean reward done: 2.760488510131836
Step: 7667712	Mean reward: 18.59375, 	Mean reward done: 3.3719358444213867
Step: 7675904	Mean reward: 19.96875, 	Mean reward done: 3.138170003890991
Step: 7684096	Mean reward: 17.5625, 	Mean reward done: 2.8056955337524414
Step: 7692288	Mean reward: 19.28125, 	Mean reward done: 3.0323550701141357
Step: 7700480	Mean reward: 18.3125, 	Mean reward done: 2.9576542377471924
Step: 7708672	Mean reward: 18.625, 	Mean reward done: 2.7892115116119385
Step: 7716864	Mean reward: 19.3125, 	Mean reward done: 3.452428102493286
Step: 7725056	Mean reward: 18.96875, 	Mean reward done: 3.4783589839935303
Step: 7733248	Mean reward: 18.84375, 	Mean reward done: 3.0522587299346924
Step: 7741440	Mean reward: 20.53125, 	Mean reward done: 3.6202926635742188
Step: 7749632	Mean reward: 18.40625, 	Mean reward done: 2.681436538696289
Step: 7757824	Mean reward: 19.21875, 	Mean reward done: 3.0248117446899414
Step: 7766016	Mean reward: 17.59375, 	Mean reward done: 2.6649646759033203
Step: 7774208	Mean reward: 19.53125, 	Mean reward done: 3.139003276824951
Step: 7782400	Mean reward: 15.78125, 	Mean reward done: 2.1922004222869873
Step: 7790592	Mean reward: 17.8125, 	Mean reward done: 2.6011056900024414
Step: 7798784	Mean reward: 17.96875, 	Mean reward done: 2.9536166191101074
Step: 7806976	Mean reward: 18.53125, 	Mean reward done: 2.863753318786621
Step: 7815168	Mean reward: 18.09375, 	Mean reward done: 2.8908705711364746
Step: 7823360	Mean reward: 19.1875, 	Mean reward done: 3.4874250888824463
Step: 7831552	Mean reward: 19.21875, 	Mean reward done: 2.8975658416748047
Step: 7839744	Mean reward: 17.53125, 	Mean reward done: 2.5116374492645264
Step: 7847936	Mean reward: 18.21875, 	Mean reward done: 3.0952394008636475
Step: 7856128	Mean reward: 18.4375, 	Mean reward done: 3.2957420349121094
Step: 7864320	Mean reward: 19.59375, 	Mean reward done: 2.9217910766601562
Step: 7872512	Mean reward: 18.78125, 	Mean reward done: 3.534329652786255
Step: 7880704	Mean reward: 17.78125, 	Mean reward done: 2.926863193511963
Step: 7888896	Mean reward: 18.71875, 	Mean reward done: 2.9072506427764893
Step: 7897088	Mean reward: 19.40625, 	Mean reward done: 3.1992268562316895
Step: 7905280	Mean reward: 16.0, 	Mean reward done: 2.6622965335845947
Step: 7913472	Mean reward: 17.5, 	Mean reward done: 2.4829225540161133
Step: 7921664	Mean reward: 18.9375, 	Mean reward done: 2.891113519668579
Step: 7929856	Mean reward: 18.9375, 	Mean reward done: 2.7842092514038086
Step: 7938048	Mean reward: 18.0625, 	Mean reward done: 3.0021204948425293
Step: 7946240	Mean reward: 18.625, 	Mean reward done: 3.063977003097534
Step: 7954432	Mean reward: 18.40625, 	Mean reward done: 2.873060703277588
Step: 7962624	Mean reward: 18.46875, 	Mean reward done: 3.253068685531616
Step: 7970816	Mean reward: 17.1875, 	Mean reward done: 2.8947391510009766
Step: 7979008	Mean reward: 14.53125, 	Mean reward done: 2.2242014408111572
Step: 7987200	Mean reward: 17.46875, 	Mean reward done: 2.6305840015411377
Step: 7995392	Mean reward: 16.65625, 	Mean reward done: 2.7176644802093506
Step: 8003584	Mean reward: 16.75, 	Mean reward done: 2.5880188941955566
Completed training of sd_n_rc_sp!

------------------------------------------------------------
Sender: LSF System <lsfadmin@n-62-20-6>
Subject: Job 8473437: <sd_n_rc_sp> in cluster <dcc> Done

Job <sd_n_rc_sp> was submitted from host <n-62-30-4> by user <s192288> in cluster <dcc> at Thu Dec  3 20:28:45 2020
Job was executed on host(s) <n-62-20-6>, in queue <gpuv100>, as user <s192288> in cluster <dcc> at Thu Dec  3 21:26:11 2020
</zhome/09/9/144141> was used as the home directory.
</zhome/09/9/144141/Desktop/Deep_l_hpc> was used as the working directory.
Started at Thu Dec  3 21:26:11 2020
Terminated at Fri Dec  4 00:34:42 2020
Results reported at Fri Dec  4 00:34:42 2020

Your job looked like:

------------------------------------------------------------
# LSBATCH: User input
#!/bin/sh

#BSUB -J sd_n_rc_sp

#BSUB -q gpuv100

#BSUB -gpu "num=1"

#BSUB -n 1

#BSUB -W 23:45

#BSUB -R "rusage[mem=16GB]"

#BSUB -o sd_n_rc_sp.out

#BSUB -e sd_n_rc_sp.err

# Load modules

module load python3/3.8.2
module load cuda/8.0
module load cudnn/v7.0-prod-cuda8
module load ffmpeg/4.2.2
pip3 install --user torch matplotlib procgen gym 

# 1 = model_name, 2 = encoder_index, 3 = aug_index, 4 = mix_reg, 5 = game
#the name of the run
#encoder_index 0 = Impala, 1 = Nature  
#aug_index: 0 = None, 1 = grayscale, 2 = random_cutout, 3 = color_jitter
#mixreg: 0 = False, 1 = True 
#type of game

python3 train_ppo.py sd_n_rc_sp 1 2 0 starpilot 



------------------------------------------------------------

Successfully completed.

Resource usage summary:

    CPU time :                                   11185.59 sec.
    Max Memory :                                 9106 MB
    Average Memory :                             8987.87 MB
    Total Requested Memory :                     16384.00 MB
    Delta Memory :                               7278.00 MB
    Max Swap :                                   -
    Max Processes :                              4
    Max Threads :                                13
    Run time :                                   11373 sec.
    Turnaround time :                            14757 sec.

The output (if any) is above this job summary.



PS:

Read file <sd_n_rc_sp.err> for stderr output of this job.

