Requirement already satisfied: torch in /zhome/09/9/144141/.local/lib/python3.8/site-packages (1.7.0)
Requirement already satisfied: matplotlib in /zhome/09/9/144141/.local/lib/python3.8/site-packages (3.3.3)
Requirement already satisfied: procgen in /zhome/09/9/144141/.local/lib/python3.8/site-packages (0.10.4)
Requirement already satisfied: gym in /zhome/09/9/144141/.local/lib/python3.8/site-packages (0.17.3)
Requirement already satisfied: numpy in /zhome/09/9/144141/.local/lib/python3.8/site-packages (from torch) (1.19.4)
Requirement already satisfied: future in /zhome/09/9/144141/.local/lib/python3.8/site-packages (from torch) (0.18.2)
Requirement already satisfied: dataclasses in /zhome/09/9/144141/.local/lib/python3.8/site-packages (from torch) (0.6)
Requirement already satisfied: typing-extensions in /zhome/09/9/144141/.local/lib/python3.8/site-packages (from torch) (3.7.4.3)
Requirement already satisfied: cycler>=0.10 in /zhome/09/9/144141/.local/lib/python3.8/site-packages (from matplotlib) (0.10.0)
Requirement already satisfied: pillow>=6.2.0 in /zhome/09/9/144141/.local/lib/python3.8/site-packages (from matplotlib) (8.0.1)
Requirement already satisfied: pyparsing!=2.0.4,!=2.1.2,!=2.1.6,>=2.0.3 in /zhome/09/9/144141/.local/lib/python3.8/site-packages (from matplotlib) (2.4.7)
Requirement already satisfied: kiwisolver>=1.0.1 in /zhome/09/9/144141/.local/lib/python3.8/site-packages (from matplotlib) (1.3.1)
Requirement already satisfied: python-dateutil>=2.1 in /zhome/09/9/144141/.local/lib/python3.8/site-packages (from matplotlib) (2.8.1)
Requirement already satisfied: gym3<1.0.0,>=0.3.3 in /zhome/09/9/144141/.local/lib/python3.8/site-packages (from procgen) (0.3.3)
Requirement already satisfied: filelock<4.0.0,>=3.0.0 in /zhome/09/9/144141/.local/lib/python3.8/site-packages (from procgen) (3.0.12)
Requirement already satisfied: scipy in /zhome/09/9/144141/.local/lib/python3.8/site-packages (from gym) (1.5.4)
Requirement already satisfied: pyglet<=1.5.0,>=1.4.0 in /zhome/09/9/144141/.local/lib/python3.8/site-packages (from gym) (1.5.0)
Requirement already satisfied: cloudpickle<1.7.0,>=1.2.0 in /zhome/09/9/144141/.local/lib/python3.8/site-packages (from gym) (1.6.0)
Requirement already satisfied: six in /zhome/09/9/144141/.local/lib/python3.8/site-packages (from cycler>=0.10->matplotlib) (1.15.0)
Requirement already satisfied: moderngl<6.0.0,>=5.5.4 in /zhome/09/9/144141/.local/lib/python3.8/site-packages (from gym3<1.0.0,>=0.3.3->procgen) (5.6.2)
Requirement already satisfied: imageio-ffmpeg<0.4.0,>=0.3.0 in /zhome/09/9/144141/.local/lib/python3.8/site-packages (from gym3<1.0.0,>=0.3.3->procgen) (0.3.0)
Requirement already satisfied: imageio<3.0.0,>=2.6.0 in /zhome/09/9/144141/.local/lib/python3.8/site-packages (from gym3<1.0.0,>=0.3.3->procgen) (2.9.0)
Requirement already satisfied: glfw<2.0.0,>=1.8.6 in /zhome/09/9/144141/.local/lib/python3.8/site-packages (from gym3<1.0.0,>=0.3.3->procgen) (1.12.0)
Requirement already satisfied: cffi<2.0.0,>=1.13.0 in /zhome/09/9/144141/.local/lib/python3.8/site-packages (from gym3<1.0.0,>=0.3.3->procgen) (1.14.4)
Requirement already satisfied: glcontext<3,>=2 in /zhome/09/9/144141/.local/lib/python3.8/site-packages (from moderngl<6.0.0,>=5.5.4->gym3<1.0.0,>=0.3.3->procgen) (2.2.0)
Requirement already satisfied: pycparser in /zhome/09/9/144141/.local/lib/python3.8/site-packages (from cffi<2.0.0,>=1.13.0->gym3<1.0.0,>=0.3.3->procgen) (2.20)
Run name sd_i_rc_db
Encoder used Impala
Augumentation used random_cutout
Mixreg? False
Game dodgeball
Observation space: Box(0.0, 1.0, (3, 64, 64), float32)
Action space: 15
Beware of the Impala!
Step: 8192	Mean reward: 3.1875, 	Mean reward done: 1.5871198177337646
Estimated time of completion: 5.6098673828980985 hours
Step: 16384	Mean reward: 1.8125, 	Mean reward done: 0.7167128324508667
Step: 24576	Mean reward: 2.5, 	Mean reward done: 0.8379461169242859
Step: 32768	Mean reward: 2.6875, 	Mean reward done: 0.8212127089500427
Step: 40960	Mean reward: 1.9375, 	Mean reward done: 0.7530868649482727
Step: 49152	Mean reward: 2.75, 	Mean reward done: 0.8613032102584839
Step: 57344	Mean reward: 4.0, 	Mean reward done: 1.5801427364349365
Step: 65536	Mean reward: 3.125, 	Mean reward done: 1.3128255605697632
Step: 73728	Mean reward: 2.875, 	Mean reward done: 1.1710840463638306
Step: 81920	Mean reward: 2.3125, 	Mean reward done: 0.8885511159896851
Step: 90112	Mean reward: 2.75, 	Mean reward done: 0.7915991544723511
Step: 98304	Mean reward: 3.125, 	Mean reward done: 1.0942507982254028
Step: 106496	Mean reward: 2.8125, 	Mean reward done: 1.0431519746780396
Step: 114688	Mean reward: 4.625, 	Mean reward done: 1.3732720613479614
Step: 122880	Mean reward: 2.8125, 	Mean reward done: 1.1062592267990112
Step: 131072	Mean reward: 2.9375, 	Mean reward done: 1.1592943668365479
Step: 139264	Mean reward: 2.5625, 	Mean reward done: 0.9276772737503052
Step: 147456	Mean reward: 3.125, 	Mean reward done: 1.0653575658798218
Step: 155648	Mean reward: 4.4375, 	Mean reward done: 1.5104820728302002
Step: 163840	Mean reward: 4.125, 	Mean reward done: 1.1421833038330078
Step: 172032	Mean reward: 3.1875, 	Mean reward done: 1.2099372148513794
Step: 180224	Mean reward: 3.5625, 	Mean reward done: 1.0975358486175537
Step: 188416	Mean reward: 3.75, 	Mean reward done: 1.6131792068481445
Step: 196608	Mean reward: 2.1875, 	Mean reward done: 0.5768672823905945
Step: 204800	Mean reward: 3.0625, 	Mean reward done: 0.9213929176330566
Step: 212992	Mean reward: 4.3125, 	Mean reward done: 1.1721402406692505
Step: 221184	Mean reward: 3.875, 	Mean reward done: 1.3064438104629517
Step: 229376	Mean reward: 4.0625, 	Mean reward done: 1.3401837348937988
Step: 237568	Mean reward: 3.375, 	Mean reward done: 1.1817162036895752
Step: 245760	Mean reward: 4.0, 	Mean reward done: 1.3274562358856201
Step: 253952	Mean reward: 3.4375, 	Mean reward done: 0.8385530114173889
Step: 262144	Mean reward: 4.0, 	Mean reward done: 1.0448415279388428
Step: 270336	Mean reward: 3.5625, 	Mean reward done: 1.1868221759796143
Step: 278528	Mean reward: 3.4375, 	Mean reward done: 1.461167573928833
Step: 286720	Mean reward: 3.875, 	Mean reward done: 1.1355596780776978
Step: 294912	Mean reward: 3.4375, 	Mean reward done: 1.2346140146255493
Step: 303104	Mean reward: 3.5625, 	Mean reward done: 1.2337919473648071
Step: 311296	Mean reward: 3.4375, 	Mean reward done: 0.9918512105941772
Step: 319488	Mean reward: 4.4375, 	Mean reward done: 1.2916077375411987
Step: 327680	Mean reward: 3.6875, 	Mean reward done: 1.0507395267486572
Step: 335872	Mean reward: 4.6875, 	Mean reward done: 1.507379412651062
Step: 344064	Mean reward: 3.875, 	Mean reward done: 1.2882126569747925
Step: 352256	Mean reward: 3.625, 	Mean reward done: 1.0242313146591187
Step: 360448	Mean reward: 2.875, 	Mean reward done: 1.1203166246414185
Step: 368640	Mean reward: 3.0625, 	Mean reward done: 0.8567661643028259
Step: 376832	Mean reward: 2.8125, 	Mean reward done: 0.7312474250793457
Step: 385024	Mean reward: 3.8125, 	Mean reward done: 1.000915765762329
Step: 393216	Mean reward: 3.6875, 	Mean reward done: 1.0863637924194336
Step: 401408	Mean reward: 3.6875, 	Mean reward done: 1.3155256509780884
Step: 409600	Mean reward: 3.1875, 	Mean reward done: 0.816830575466156
Step: 417792	Mean reward: 3.3125, 	Mean reward done: 1.0982208251953125
Step: 425984	Mean reward: 5.0625, 	Mean reward done: 1.5943524837493896
Step: 434176	Mean reward: 3.5625, 	Mean reward done: 0.8101531863212585
Step: 442368	Mean reward: 3.875, 	Mean reward done: 1.0481215715408325
Step: 450560	Mean reward: 3.0625, 	Mean reward done: 0.9346113204956055
Step: 458752	Mean reward: 3.6875, 	Mean reward done: 1.263547420501709
Step: 466944	Mean reward: 4.0, 	Mean reward done: 1.172094702720642
Step: 475136	Mean reward: 3.625, 	Mean reward done: 1.1599866151809692
Step: 483328	Mean reward: 2.5, 	Mean reward done: 0.7641431093215942
Step: 491520	Mean reward: 2.5, 	Mean reward done: 0.9260417819023132
Step: 499712	Mean reward: 3.25, 	Mean reward done: 0.9019163846969604
Step: 507904	Mean reward: 3.0625, 	Mean reward done: 0.8290430903434753
Step: 516096	Mean reward: 4.125, 	Mean reward done: 1.1652576923370361
Step: 524288	Mean reward: 3.375, 	Mean reward done: 1.0297490358352661
Step: 532480	Mean reward: 3.3125, 	Mean reward done: 1.1111278533935547
Step: 540672	Mean reward: 2.375, 	Mean reward done: 0.9184497594833374
Step: 548864	Mean reward: 3.625, 	Mean reward done: 1.1967493295669556
Step: 557056	Mean reward: 3.5, 	Mean reward done: 0.7597354650497437
Step: 565248	Mean reward: 3.5, 	Mean reward done: 1.2558895349502563
Step: 573440	Mean reward: 3.25, 	Mean reward done: 0.9299867153167725
Step: 581632	Mean reward: 4.3125, 	Mean reward done: 1.160996437072754
Step: 589824	Mean reward: 3.5, 	Mean reward done: 1.181401252746582
Step: 598016	Mean reward: 3.75, 	Mean reward done: 1.0706084966659546
Step: 606208	Mean reward: 4.25, 	Mean reward done: 1.17755126953125
Step: 614400	Mean reward: 4.125, 	Mean reward done: 1.1641098260879517
Step: 622592	Mean reward: 4.1875, 	Mean reward done: 1.2968965768814087
Step: 630784	Mean reward: 3.5, 	Mean reward done: 1.0778146982192993
Step: 638976	Mean reward: 4.3125, 	Mean reward done: 1.3389172554016113
Step: 647168	Mean reward: 3.9375, 	Mean reward done: 1.0893875360488892
Step: 655360	Mean reward: 3.125, 	Mean reward done: 0.9382215142250061
Step: 663552	Mean reward: 4.3125, 	Mean reward done: 1.5270047187805176
Step: 671744	Mean reward: 2.125, 	Mean reward done: 0.782500147819519
Step: 679936	Mean reward: 3.3125, 	Mean reward done: 0.8404546976089478
Step: 688128	Mean reward: 3.375, 	Mean reward done: 1.1849865913391113
Step: 696320	Mean reward: 2.625, 	Mean reward done: 0.920971155166626
Step: 704512	Mean reward: 4.3125, 	Mean reward done: 1.2243772745132446
Step: 712704	Mean reward: 2.75, 	Mean reward done: 0.6752219200134277
Step: 720896	Mean reward: 3.1875, 	Mean reward done: 0.8962731957435608
Step: 729088	Mean reward: 4.1875, 	Mean reward done: 1.3286895751953125
Step: 737280	Mean reward: 3.0, 	Mean reward done: 0.760452389717102
Step: 745472	Mean reward: 4.25, 	Mean reward done: 1.4070452451705933
Step: 753664	Mean reward: 3.9375, 	Mean reward done: 1.1328905820846558
Step: 761856	Mean reward: 4.125, 	Mean reward done: 0.9323108196258545
Step: 770048	Mean reward: 3.75, 	Mean reward done: 1.2259750366210938
Step: 778240	Mean reward: 3.6875, 	Mean reward done: 1.1563572883605957
Step: 786432	Mean reward: 3.875, 	Mean reward done: 1.2655349969863892
Step: 794624	Mean reward: 3.1875, 	Mean reward done: 1.1326299905776978
Step: 802816	Mean reward: 3.375, 	Mean reward done: 1.3243372440338135
Step: 811008	Mean reward: 3.6875, 	Mean reward done: 0.9596958160400391
Step: 819200	Mean reward: 3.3125, 	Mean reward done: 0.7640849351882935
Step: 827392	Mean reward: 4.6875, 	Mean reward done: 1.2534117698669434
Step: 835584	Mean reward: 3.0, 	Mean reward done: 0.754150390625
Step: 843776	Mean reward: 3.75, 	Mean reward done: 1.1974034309387207
Step: 851968	Mean reward: 3.4375, 	Mean reward done: 0.9552278518676758
Step: 860160	Mean reward: 4.0, 	Mean reward done: 0.9704654216766357
Step: 868352	Mean reward: 3.9375, 	Mean reward done: 1.137507438659668
Step: 876544	Mean reward: 3.8125, 	Mean reward done: 1.0416439771652222
Step: 884736	Mean reward: 3.375, 	Mean reward done: 0.9431124329566956
Step: 892928	Mean reward: 3.9375, 	Mean reward done: 0.9314588308334351
Step: 901120	Mean reward: 4.6875, 	Mean reward done: 1.1822068691253662
Step: 909312	Mean reward: 3.8125, 	Mean reward done: 1.1714643239974976
Step: 917504	Mean reward: 3.5625, 	Mean reward done: 1.0933489799499512
Step: 925696	Mean reward: 3.0, 	Mean reward done: 0.7955325841903687
Step: 933888	Mean reward: 3.6875, 	Mean reward done: 0.9217255115509033
Step: 942080	Mean reward: 3.0, 	Mean reward done: 1.1459124088287354
Step: 950272	Mean reward: 4.375, 	Mean reward done: 1.1380579471588135
Step: 958464	Mean reward: 2.875, 	Mean reward done: 0.7161141037940979
Step: 966656	Mean reward: 4.375, 	Mean reward done: 1.2054857015609741
Step: 974848	Mean reward: 3.6875, 	Mean reward done: 0.9446399807929993
Step: 983040	Mean reward: 3.4375, 	Mean reward done: 1.0882031917572021
Step: 991232	Mean reward: 3.125, 	Mean reward done: 0.7122469544410706
Step: 999424	Mean reward: 3.9375, 	Mean reward done: 1.2137418985366821
Step: 1007616	Mean reward: 4.6875, 	Mean reward done: 1.2859656810760498
Step: 1015808	Mean reward: 3.875, 	Mean reward done: 1.021539330482483
Step: 1024000	Mean reward: 3.5, 	Mean reward done: 0.9086646437644958
Step: 1032192	Mean reward: 3.5, 	Mean reward done: 1.055169939994812
Step: 1040384	Mean reward: 3.375, 	Mean reward done: 1.0609421730041504
Step: 1048576	Mean reward: 3.3125, 	Mean reward done: 0.9043395519256592
Step: 1056768	Mean reward: 4.0, 	Mean reward done: 1.1544803380966187
Step: 1064960	Mean reward: 5.3125, 	Mean reward done: 1.5025432109832764
Step: 1073152	Mean reward: 3.8125, 	Mean reward done: 1.1287130117416382
Step: 1081344	Mean reward: 4.6875, 	Mean reward done: 1.4775770902633667
Step: 1089536	Mean reward: 3.875, 	Mean reward done: 1.2089837789535522
Step: 1097728	Mean reward: 3.125, 	Mean reward done: 1.09873366355896
Step: 1105920	Mean reward: 4.375, 	Mean reward done: 1.2422066926956177
Step: 1114112	Mean reward: 3.4375, 	Mean reward done: 1.0461357831954956
Step: 1122304	Mean reward: 3.375, 	Mean reward done: 1.1782907247543335
Step: 1130496	Mean reward: 4.1875, 	Mean reward done: 1.0533891916275024
Step: 1138688	Mean reward: 4.125, 	Mean reward done: 1.175105094909668
Step: 1146880	Mean reward: 4.25, 	Mean reward done: 1.0584973096847534
Step: 1155072	Mean reward: 5.0625, 	Mean reward done: 1.3973255157470703
Step: 1163264	Mean reward: 3.25, 	Mean reward done: 0.7691100835800171
Step: 1171456	Mean reward: 3.5, 	Mean reward done: 0.9979841113090515
Step: 1179648	Mean reward: 4.0625, 	Mean reward done: 0.9410045742988586
Step: 1187840	Mean reward: 3.5, 	Mean reward done: 1.0322884321212769
Step: 1196032	Mean reward: 4.5, 	Mean reward done: 1.2092738151550293
Step: 1204224	Mean reward: 3.4375, 	Mean reward done: 0.8755182027816772
Step: 1212416	Mean reward: 4.25, 	Mean reward done: 1.2327173948287964
Step: 1220608	Mean reward: 3.5625, 	Mean reward done: 1.1474931240081787
Step: 1228800	Mean reward: 3.0, 	Mean reward done: 0.8302440047264099
Step: 1236992	Mean reward: 4.5, 	Mean reward done: 1.298339605331421
Step: 1245184	Mean reward: 4.125, 	Mean reward done: 1.147491455078125
Step: 1253376	Mean reward: 3.3125, 	Mean reward done: 1.039182424545288
Step: 1261568	Mean reward: 3.6875, 	Mean reward done: 0.9575359225273132
Step: 1269760	Mean reward: 3.1875, 	Mean reward done: 1.020686388015747
Step: 1277952	Mean reward: 4.125, 	Mean reward done: 1.3212504386901855
Step: 1286144	Mean reward: 3.4375, 	Mean reward done: 0.9805124998092651
Step: 1294336	Mean reward: 3.6875, 	Mean reward done: 1.097298264503479
Step: 1302528	Mean reward: 3.5, 	Mean reward done: 1.036868929862976
Step: 1310720	Mean reward: 3.8125, 	Mean reward done: 1.3165267705917358
Step: 1318912	Mean reward: 4.6875, 	Mean reward done: 1.2947077751159668
Step: 1327104	Mean reward: 3.625, 	Mean reward done: 1.0132273435592651
Step: 1335296	Mean reward: 4.125, 	Mean reward done: 1.0620795488357544
Step: 1343488	Mean reward: 4.5625, 	Mean reward done: 1.427656650543213
Step: 1351680	Mean reward: 4.125, 	Mean reward done: 0.9323049783706665
Step: 1359872	Mean reward: 2.125, 	Mean reward done: 0.7058899998664856
Step: 1368064	Mean reward: 4.1875, 	Mean reward done: 1.2170335054397583
Step: 1376256	Mean reward: 3.9375, 	Mean reward done: 1.075663685798645
Step: 1384448	Mean reward: 3.3125, 	Mean reward done: 1.0888992547988892
Step: 1392640	Mean reward: 3.8125, 	Mean reward done: 1.0509796142578125
Step: 1400832	Mean reward: 3.6875, 	Mean reward done: 1.3451950550079346
Step: 1409024	Mean reward: 3.8125, 	Mean reward done: 1.078151822090149
Step: 1417216	Mean reward: 3.5625, 	Mean reward done: 0.9914358854293823
Step: 1425408	Mean reward: 4.0625, 	Mean reward done: 1.1019822359085083
Step: 1433600	Mean reward: 4.4375, 	Mean reward done: 1.186057209968567
Step: 1441792	Mean reward: 3.375, 	Mean reward done: 0.8643726110458374
Step: 1449984	Mean reward: 3.625, 	Mean reward done: 1.0178732872009277
Step: 1458176	Mean reward: 3.625, 	Mean reward done: 1.0328583717346191
Step: 1466368	Mean reward: 3.875, 	Mean reward done: 1.504220962524414
Step: 1474560	Mean reward: 3.5, 	Mean reward done: 1.1169697046279907
Step: 1482752	Mean reward: 3.3125, 	Mean reward done: 1.0792286396026611
Step: 1490944	Mean reward: 3.125, 	Mean reward done: 1.0373990535736084
Step: 1499136	Mean reward: 3.125, 	Mean reward done: 0.9505469799041748
Step: 1507328	Mean reward: 2.9375, 	Mean reward done: 0.7295324206352234
Step: 1515520	Mean reward: 4.1875, 	Mean reward done: 1.2861498594284058
Step: 1523712	Mean reward: 4.5, 	Mean reward done: 1.2112433910369873
Step: 1531904	Mean reward: 3.5, 	Mean reward done: 0.951616644859314
Step: 1540096	Mean reward: 2.8125, 	Mean reward done: 0.8825733661651611
Step: 1548288	Mean reward: 3.375, 	Mean reward done: 1.1405549049377441
Step: 1556480	Mean reward: 3.375, 	Mean reward done: 0.9027411341667175
Step: 1564672	Mean reward: 3.75, 	Mean reward done: 1.084157109260559
Step: 1572864	Mean reward: 3.125, 	Mean reward done: 0.9799622297286987
Step: 1581056	Mean reward: 3.75, 	Mean reward done: 1.1509571075439453
Step: 1589248	Mean reward: 4.0625, 	Mean reward done: 1.4785670042037964
Step: 1597440	Mean reward: 3.125, 	Mean reward done: 1.0489721298217773
Step: 1605632	Mean reward: 3.1875, 	Mean reward done: 1.0837844610214233
Step: 1613824	Mean reward: 2.9375, 	Mean reward done: 1.1784589290618896
Step: 1622016	Mean reward: 3.625, 	Mean reward done: 1.122629165649414
Step: 1630208	Mean reward: 4.5625, 	Mean reward done: 1.3112695217132568
Step: 1638400	Mean reward: 3.0, 	Mean reward done: 0.9658826589584351
Step: 1646592	Mean reward: 3.625, 	Mean reward done: 1.0984246730804443
Step: 1654784	Mean reward: 4.125, 	Mean reward done: 1.1304473876953125
Step: 1662976	Mean reward: 3.25, 	Mean reward done: 1.0427885055541992
Step: 1671168	Mean reward: 3.4375, 	Mean reward done: 1.0451788902282715
Step: 1679360	Mean reward: 4.0, 	Mean reward done: 1.0088015794754028
Step: 1687552	Mean reward: 3.0625, 	Mean reward done: 0.8359391689300537
Step: 1695744	Mean reward: 3.8125, 	Mean reward done: 1.1325472593307495
Step: 1703936	Mean reward: 4.0625, 	Mean reward done: 1.1110504865646362
Step: 1712128	Mean reward: 3.875, 	Mean reward done: 1.0889627933502197
Step: 1720320	Mean reward: 4.3125, 	Mean reward done: 1.1467339992523193
Step: 1728512	Mean reward: 4.4375, 	Mean reward done: 1.3628593683242798
Step: 1736704	Mean reward: 2.75, 	Mean reward done: 0.8764049410820007
Step: 1744896	Mean reward: 5.3125, 	Mean reward done: 1.6523979902267456
Step: 1753088	Mean reward: 4.5, 	Mean reward done: 1.1579139232635498
Step: 1761280	Mean reward: 4.4375, 	Mean reward done: 1.1357736587524414
Step: 1769472	Mean reward: 3.1875, 	Mean reward done: 0.9797570109367371
Step: 1777664	Mean reward: 4.1875, 	Mean reward done: 1.330370545387268
Step: 1785856	Mean reward: 3.75, 	Mean reward done: 1.1693367958068848
Step: 1794048	Mean reward: 4.0, 	Mean reward done: 1.429638385772705
Step: 1802240	Mean reward: 3.3125, 	Mean reward done: 0.9524138569831848
Step: 1810432	Mean reward: 3.6875, 	Mean reward done: 1.0144709348678589
Step: 1818624	Mean reward: 3.9375, 	Mean reward done: 1.2876195907592773
Step: 1826816	Mean reward: 4.75, 	Mean reward done: 1.3249894380569458
Step: 1835008	Mean reward: 3.125, 	Mean reward done: 0.9148648381233215
Step: 1843200	Mean reward: 4.625, 	Mean reward done: 1.227658987045288
Step: 1851392	Mean reward: 3.6875, 	Mean reward done: 0.9850876331329346
Step: 1859584	Mean reward: 4.625, 	Mean reward done: 1.3483020067214966
Step: 1867776	Mean reward: 3.375, 	Mean reward done: 1.02993643283844
Step: 1875968	Mean reward: 4.0625, 	Mean reward done: 1.0925458669662476
Step: 1884160	Mean reward: 4.0, 	Mean reward done: 0.9625615477561951
Step: 1892352	Mean reward: 4.0, 	Mean reward done: 1.6527167558670044
Step: 1900544	Mean reward: 3.5, 	Mean reward done: 0.9045027494430542
Step: 1908736	Mean reward: 3.1875, 	Mean reward done: 0.8808113932609558
Step: 1916928	Mean reward: 4.25, 	Mean reward done: 1.3898829221725464
Step: 1925120	Mean reward: 3.5625, 	Mean reward done: 0.894780695438385
Step: 1933312	Mean reward: 2.625, 	Mean reward done: 0.9181588292121887
Step: 1941504	Mean reward: 3.0625, 	Mean reward done: 1.155084252357483
Step: 1949696	Mean reward: 3.1875, 	Mean reward done: 0.8957441449165344
Step: 1957888	Mean reward: 3.25, 	Mean reward done: 1.0619688034057617
Step: 1966080	Mean reward: 4.8125, 	Mean reward done: 1.3897908926010132
Step: 1974272	Mean reward: 3.375, 	Mean reward done: 1.0118006467819214
Step: 1982464	Mean reward: 4.125, 	Mean reward done: 1.0399329662322998
Step: 1990656	Mean reward: 3.875, 	Mean reward done: 1.260306477546692
Step: 1998848	Mean reward: 4.3125, 	Mean reward done: 1.4738974571228027
Step: 2007040	Mean reward: 4.1875, 	Mean reward done: 1.181807518005371
Step: 2015232	Mean reward: 2.75, 	Mean reward done: 0.8780996799468994
Step: 2023424	Mean reward: 4.0, 	Mean reward done: 1.095245599746704
Step: 2031616	Mean reward: 3.3125, 	Mean reward done: 0.8823886513710022
Step: 2039808	Mean reward: 4.75, 	Mean reward done: 1.3997734785079956
Step: 2048000	Mean reward: 4.0, 	Mean reward done: 1.020187497138977
Step: 2056192	Mean reward: 5.25, 	Mean reward done: 1.3108958005905151
Step: 2064384	Mean reward: 4.125, 	Mean reward done: 0.9767642021179199
Step: 2072576	Mean reward: 4.5625, 	Mean reward done: 1.0111804008483887
Step: 2080768	Mean reward: 4.375, 	Mean reward done: 1.455849289894104
Step: 2088960	Mean reward: 2.8125, 	Mean reward done: 0.9890099763870239
Step: 2097152	Mean reward: 2.9375, 	Mean reward done: 0.9309859275817871
Step: 2105344	Mean reward: 2.875, 	Mean reward done: 0.91214919090271
Step: 2113536	Mean reward: 4.125, 	Mean reward done: 1.3323711156845093
Step: 2121728	Mean reward: 3.3125, 	Mean reward done: 0.81062251329422
Step: 2129920	Mean reward: 4.5, 	Mean reward done: 1.4397755861282349
Step: 2138112	Mean reward: 2.9375, 	Mean reward done: 0.7351645231246948
Step: 2146304	Mean reward: 4.1875, 	Mean reward done: 1.2033177614212036
Step: 2154496	Mean reward: 4.875, 	Mean reward done: 1.3018519878387451
Step: 2162688	Mean reward: 4.5, 	Mean reward done: 1.1438753604888916
Step: 2170880	Mean reward: 4.5625, 	Mean reward done: 1.2093867063522339
Step: 2179072	Mean reward: 3.625, 	Mean reward done: 0.9971989989280701
Step: 2187264	Mean reward: 4.0625, 	Mean reward done: 1.3144407272338867
Step: 2195456	Mean reward: 4.1875, 	Mean reward done: 1.0237586498260498
Step: 2203648	Mean reward: 4.0, 	Mean reward done: 1.243600845336914
Step: 2211840	Mean reward: 3.0, 	Mean reward done: 1.0304696559906006
Step: 2220032	Mean reward: 3.9375, 	Mean reward done: 1.2485204935073853
Step: 2228224	Mean reward: 4.3125, 	Mean reward done: 0.9649207592010498
Step: 2236416	Mean reward: 5.125, 	Mean reward done: 1.3211663961410522
Step: 2244608	Mean reward: 4.6875, 	Mean reward done: 1.399233341217041
Step: 2252800	Mean reward: 4.5625, 	Mean reward done: 1.394708514213562
Step: 2260992	Mean reward: 4.6875, 	Mean reward done: 1.1815842390060425
Step: 2269184	Mean reward: 4.9375, 	Mean reward done: 1.4480293989181519
Step: 2277376	Mean reward: 3.8125, 	Mean reward done: 0.9402259588241577
Step: 2285568	Mean reward: 3.875, 	Mean reward done: 1.2324298620224
Step: 2293760	Mean reward: 3.6875, 	Mean reward done: 1.1881392002105713
Step: 2301952	Mean reward: 4.125, 	Mean reward done: 1.1341032981872559
Step: 2310144	Mean reward: 4.875, 	Mean reward done: 1.3813976049423218
Step: 2318336	Mean reward: 4.5, 	Mean reward done: 1.428404688835144
Step: 2326528	Mean reward: 4.5, 	Mean reward done: 1.2606265544891357
Step: 2334720	Mean reward: 4.75, 	Mean reward done: 1.2793803215026855
Step: 2342912	Mean reward: 4.6875, 	Mean reward done: 1.2777867317199707
Step: 2351104	Mean reward: 5.0625, 	Mean reward done: 1.512734293937683
Step: 2359296	Mean reward: 3.0, 	Mean reward done: 1.0064282417297363
Step: 2367488	Mean reward: 3.8125, 	Mean reward done: 1.4761154651641846
Step: 2375680	Mean reward: 4.25, 	Mean reward done: 1.1097975969314575
Step: 2383872	Mean reward: 4.6875, 	Mean reward done: 1.4206757545471191
Step: 2392064	Mean reward: 4.6875, 	Mean reward done: 1.614786982536316
Step: 2400256	Mean reward: 3.9375, 	Mean reward done: 0.9448501467704773
Step: 2408448	Mean reward: 4.25, 	Mean reward done: 1.188389778137207
Step: 2416640	Mean reward: 4.4375, 	Mean reward done: 1.4782377481460571
Step: 2424832	Mean reward: 4.75, 	Mean reward done: 1.6710295677185059
Step: 2433024	Mean reward: 3.5, 	Mean reward done: 1.190176248550415
Step: 2441216	Mean reward: 4.25, 	Mean reward done: 1.3041446208953857
Step: 2449408	Mean reward: 4.1875, 	Mean reward done: 1.0021159648895264
Step: 2457600	Mean reward: 5.375, 	Mean reward done: 1.5147411823272705
Step: 2465792	Mean reward: 4.375, 	Mean reward done: 1.274390459060669
Step: 2473984	Mean reward: 4.4375, 	Mean reward done: 1.3888581991195679
Step: 2482176	Mean reward: 4.625, 	Mean reward done: 1.2012859582901
Step: 2490368	Mean reward: 5.5625, 	Mean reward done: 1.5062016248703003
Step: 2498560	Mean reward: 4.25, 	Mean reward done: 1.2164217233657837
Step: 2506752	Mean reward: 4.5, 	Mean reward done: 1.2388299703598022
Step: 2514944	Mean reward: 4.5, 	Mean reward done: 1.4658405780792236
Step: 2523136	Mean reward: 4.5625, 	Mean reward done: 1.3097751140594482
Step: 2531328	Mean reward: 3.25, 	Mean reward done: 0.91147381067276
Step: 2539520	Mean reward: 3.1875, 	Mean reward done: 0.8809127807617188
Step: 2547712	Mean reward: 3.5, 	Mean reward done: 1.0048459768295288
Step: 2555904	Mean reward: 4.0625, 	Mean reward done: 1.1670202016830444
Step: 2564096	Mean reward: 3.875, 	Mean reward done: 1.1524429321289062
Step: 2572288	Mean reward: 3.5, 	Mean reward done: 1.0686373710632324
Step: 2580480	Mean reward: 3.0, 	Mean reward done: 0.9831480383872986
Step: 2588672	Mean reward: 3.875, 	Mean reward done: 1.1619778871536255
Step: 2596864	Mean reward: 4.5625, 	Mean reward done: 1.1377302408218384
Step: 2605056	Mean reward: 4.875, 	Mean reward done: 1.143859624862671
Step: 2613248	Mean reward: 3.9375, 	Mean reward done: 1.1193938255310059
Step: 2621440	Mean reward: 4.0625, 	Mean reward done: 1.3537583351135254
Step: 2629632	Mean reward: 3.875, 	Mean reward done: 0.9550397992134094
Step: 2637824	Mean reward: 4.4375, 	Mean reward done: 1.479980707168579
Step: 2646016	Mean reward: 4.5625, 	Mean reward done: 1.243227243423462
Step: 2654208	Mean reward: 3.4375, 	Mean reward done: 0.8013436794281006
Step: 2662400	Mean reward: 4.5, 	Mean reward done: 1.3980826139450073
Step: 2670592	Mean reward: 3.5625, 	Mean reward done: 1.0968025922775269
Step: 2678784	Mean reward: 3.5625, 	Mean reward done: 1.051604986190796
Step: 2686976	Mean reward: 3.25, 	Mean reward done: 1.0401979684829712
Step: 2695168	Mean reward: 2.6875, 	Mean reward done: 0.8133114576339722
Step: 2703360	Mean reward: 2.875, 	Mean reward done: 0.9443863034248352
Step: 2711552	Mean reward: 3.125, 	Mean reward done: 0.8749516606330872
Step: 2719744	Mean reward: 3.5, 	Mean reward done: 0.8790967464447021
Step: 2727936	Mean reward: 4.0, 	Mean reward done: 0.9731037616729736
Step: 2736128	Mean reward: 3.5, 	Mean reward done: 0.8836274743080139
Step: 2744320	Mean reward: 3.4375, 	Mean reward done: 0.9504397511482239
Step: 2752512	Mean reward: 3.5625, 	Mean reward done: 1.0353440046310425
Step: 2760704	Mean reward: 4.4375, 	Mean reward done: 1.3641661405563354
Step: 2768896	Mean reward: 3.125, 	Mean reward done: 0.8753995895385742
Step: 2777088	Mean reward: 5.8125, 	Mean reward done: 1.3952994346618652
Step: 2785280	Mean reward: 3.5, 	Mean reward done: 1.132030963897705
Step: 2793472	Mean reward: 3.8125, 	Mean reward done: 1.0907055139541626
Step: 2801664	Mean reward: 3.625, 	Mean reward done: 0.9002661108970642
Step: 2809856	Mean reward: 4.5625, 	Mean reward done: 1.229062557220459
Step: 2818048	Mean reward: 3.5625, 	Mean reward done: 1.1646374464035034
Step: 2826240	Mean reward: 4.4375, 	Mean reward done: 1.207642674446106
Step: 2834432	Mean reward: 3.6875, 	Mean reward done: 1.2825515270233154
Step: 2842624	Mean reward: 3.3125, 	Mean reward done: 0.9122565388679504
Step: 2850816	Mean reward: 3.625, 	Mean reward done: 1.171610713005066
Step: 2859008	Mean reward: 3.6875, 	Mean reward done: 1.170221209526062
Step: 2867200	Mean reward: 4.5, 	Mean reward done: 1.1077542304992676
Step: 2875392	Mean reward: 3.6875, 	Mean reward done: 1.0789821147918701
Step: 2883584	Mean reward: 3.625, 	Mean reward done: 1.158864974975586
Step: 2891776	Mean reward: 3.1875, 	Mean reward done: 0.9887909889221191
Step: 2899968	Mean reward: 3.75, 	Mean reward done: 0.9064809083938599
Step: 2908160	Mean reward: 5.0, 	Mean reward done: 1.2324329614639282
Step: 2916352	Mean reward: 4.875, 	Mean reward done: 1.3726979494094849
Step: 2924544	Mean reward: 4.1875, 	Mean reward done: 1.273902416229248
Step: 2932736	Mean reward: 4.125, 	Mean reward done: 1.1531187295913696
Step: 2940928	Mean reward: 2.75, 	Mean reward done: 0.9100120067596436
Step: 2949120	Mean reward: 3.5, 	Mean reward done: 0.8864278197288513
Step: 2957312	Mean reward: 2.9375, 	Mean reward done: 0.8725559115409851
Step: 2965504	Mean reward: 3.0625, 	Mean reward done: 1.0202062129974365
Step: 2973696	Mean reward: 4.125, 	Mean reward done: 1.2174320220947266
Step: 2981888	Mean reward: 4.625, 	Mean reward done: 1.1793618202209473
Step: 2990080	Mean reward: 3.5, 	Mean reward done: 1.0329478979110718
Step: 2998272	Mean reward: 4.6875, 	Mean reward done: 1.1484445333480835
Step: 3006464	Mean reward: 4.75, 	Mean reward done: 1.3302710056304932
Step: 3014656	Mean reward: 3.25, 	Mean reward done: 0.9617854356765747
Step: 3022848	Mean reward: 4.5, 	Mean reward done: 1.4279788732528687
Step: 3031040	Mean reward: 5.4375, 	Mean reward done: 1.5751925706863403
Step: 3039232	Mean reward: 3.8125, 	Mean reward done: 1.1387702226638794
Step: 3047424	Mean reward: 5.25, 	Mean reward done: 1.390053391456604
Step: 3055616	Mean reward: 3.5, 	Mean reward done: 1.0696660280227661
Step: 3063808	Mean reward: 4.5625, 	Mean reward done: 1.1217107772827148
Step: 3072000	Mean reward: 3.3125, 	Mean reward done: 1.1090152263641357
Step: 3080192	Mean reward: 4.0625, 	Mean reward done: 1.4055463075637817
Step: 3088384	Mean reward: 4.25, 	Mean reward done: 1.2296340465545654
Step: 3096576	Mean reward: 3.75, 	Mean reward done: 1.1440911293029785
Step: 3104768	Mean reward: 5.0, 	Mean reward done: 1.4321656227111816
Step: 3112960	Mean reward: 4.125, 	Mean reward done: 1.1166746616363525
Step: 3121152	Mean reward: 3.5625, 	Mean reward done: 1.077494502067566
Step: 3129344	Mean reward: 3.5, 	Mean reward done: 0.95633864402771
Step: 3137536	Mean reward: 3.0, 	Mean reward done: 0.9247554540634155
Step: 3145728	Mean reward: 3.3125, 	Mean reward done: 0.944119930267334
Step: 3153920	Mean reward: 3.625, 	Mean reward done: 1.1087504625320435
Step: 3162112	Mean reward: 3.4375, 	Mean reward done: 0.7862163186073303
Step: 3170304	Mean reward: 4.1875, 	Mean reward done: 1.3275599479675293
Step: 3178496	Mean reward: 3.5625, 	Mean reward done: 1.1468183994293213
Step: 3186688	Mean reward: 3.6875, 	Mean reward done: 0.9856101870536804
Step: 3194880	Mean reward: 4.0, 	Mean reward done: 0.9855250120162964
Step: 3203072	Mean reward: 3.375, 	Mean reward done: 0.936295747756958
Step: 3211264	Mean reward: 3.5, 	Mean reward done: 1.1718573570251465
Step: 3219456	Mean reward: 3.75, 	Mean reward done: 1.2094687223434448
Step: 3227648	Mean reward: 3.875, 	Mean reward done: 1.1726127862930298
Step: 3235840	Mean reward: 4.25, 	Mean reward done: 1.1034281253814697
Step: 3244032	Mean reward: 3.8125, 	Mean reward done: 1.2254289388656616
Step: 3252224	Mean reward: 2.9375, 	Mean reward done: 0.8314927220344543
Step: 3260416	Mean reward: 2.8125, 	Mean reward done: 0.8537184596061707
Step: 3268608	Mean reward: 3.25, 	Mean reward done: 1.061671495437622
Step: 3276800	Mean reward: 3.0, 	Mean reward done: 0.9720887541770935
Step: 3284992	Mean reward: 3.625, 	Mean reward done: 1.0322184562683105
Step: 3293184	Mean reward: 4.3125, 	Mean reward done: 1.2965070009231567
Step: 3301376	Mean reward: 3.4375, 	Mean reward done: 1.2581334114074707
Step: 3309568	Mean reward: 2.8125, 	Mean reward done: 0.765536904335022
Step: 3317760	Mean reward: 3.8125, 	Mean reward done: 1.0166079998016357
Step: 3325952	Mean reward: 3.125, 	Mean reward done: 1.0394461154937744
Step: 3334144	Mean reward: 3.875, 	Mean reward done: 0.900833010673523
Step: 3342336	Mean reward: 4.375, 	Mean reward done: 1.2018070220947266
Step: 3350528	Mean reward: 4.3125, 	Mean reward done: 1.066724419593811
Step: 3358720	Mean reward: 5.0, 	Mean reward done: 1.4713943004608154
Step: 3366912	Mean reward: 4.3125, 	Mean reward done: 1.3085201978683472
Step: 3375104	Mean reward: 4.25, 	Mean reward done: 1.2601463794708252
Step: 3383296	Mean reward: 4.25, 	Mean reward done: 1.3133677244186401
Step: 3391488	Mean reward: 4.4375, 	Mean reward done: 1.2057476043701172
Step: 3399680	Mean reward: 3.75, 	Mean reward done: 1.4355436563491821
Step: 3407872	Mean reward: 3.6875, 	Mean reward done: 0.94696044921875
Step: 3416064	Mean reward: 4.5, 	Mean reward done: 1.3934221267700195
Step: 3424256	Mean reward: 4.25, 	Mean reward done: 1.076352596282959
Step: 3432448	Mean reward: 4.25, 	Mean reward done: 1.3597826957702637
Step: 3440640	Mean reward: 4.5625, 	Mean reward done: 1.2706001996994019
Step: 3448832	Mean reward: 5.0625, 	Mean reward done: 1.2707806825637817
Step: 3457024	Mean reward: 4.0625, 	Mean reward done: 1.2468526363372803
Step: 3465216	Mean reward: 4.6875, 	Mean reward done: 1.5495790243148804
Step: 3473408	Mean reward: 5.375, 	Mean reward done: 1.3497859239578247
Step: 3481600	Mean reward: 3.875, 	Mean reward done: 0.9787775278091431
Step: 3489792	Mean reward: 4.9375, 	Mean reward done: 1.4639707803726196
Step: 3497984	Mean reward: 5.125, 	Mean reward done: 1.0925372838974
Step: 3506176	Mean reward: 4.625, 	Mean reward done: 1.7348986864089966
Step: 3514368	Mean reward: 3.6875, 	Mean reward done: 1.1082422733306885
Step: 3522560	Mean reward: 4.4375, 	Mean reward done: 1.091149091720581
Step: 3530752	Mean reward: 4.6875, 	Mean reward done: 1.4330934286117554
Step: 3538944	Mean reward: 4.0625, 	Mean reward done: 1.2079226970672607
Step: 3547136	Mean reward: 3.5625, 	Mean reward done: 1.1360421180725098
Step: 3555328	Mean reward: 4.5625, 	Mean reward done: 1.4837193489074707
Step: 3563520	Mean reward: 4.1875, 	Mean reward done: 1.100304365158081
Step: 3571712	Mean reward: 3.875, 	Mean reward done: 1.2859634160995483
Step: 3579904	Mean reward: 4.125, 	Mean reward done: 1.1815086603164673
Step: 3588096	Mean reward: 2.6875, 	Mean reward done: 0.6840718388557434
Step: 3596288	Mean reward: 3.75, 	Mean reward done: 1.150536060333252
Step: 3604480	Mean reward: 4.25, 	Mean reward done: 1.1244386434555054
Step: 3612672	Mean reward: 2.75, 	Mean reward done: 0.9802442789077759
Step: 3620864	Mean reward: 3.4375, 	Mean reward done: 1.178183913230896
Step: 3629056	Mean reward: 2.5, 	Mean reward done: 0.7232006788253784
Step: 3637248	Mean reward: 4.3125, 	Mean reward done: 1.426762580871582
Step: 3645440	Mean reward: 3.1875, 	Mean reward done: 0.9121603965759277
Step: 3653632	Mean reward: 3.375, 	Mean reward done: 1.118201494216919
Step: 3661824	Mean reward: 4.5625, 	Mean reward done: 1.2332923412322998
Step: 3670016	Mean reward: 3.9375, 	Mean reward done: 1.128896713256836
Step: 3678208	Mean reward: 3.8125, 	Mean reward done: 0.9870786666870117
Step: 3686400	Mean reward: 4.3125, 	Mean reward done: 1.2527748346328735
Step: 3694592	Mean reward: 3.1875, 	Mean reward done: 0.8724735975265503
Step: 3702784	Mean reward: 5.3125, 	Mean reward done: 1.491020917892456
Step: 3710976	Mean reward: 2.9375, 	Mean reward done: 1.112868309020996
Step: 3719168	Mean reward: 3.1875, 	Mean reward done: 1.0231696367263794
Step: 3727360	Mean reward: 4.375, 	Mean reward done: 1.600347638130188
Step: 3735552	Mean reward: 3.6875, 	Mean reward done: 1.1685062646865845
Step: 3743744	Mean reward: 4.125, 	Mean reward done: 1.3367401361465454
Step: 3751936	Mean reward: 4.75, 	Mean reward done: 1.2095727920532227
Step: 3760128	Mean reward: 4.4375, 	Mean reward done: 1.3182580471038818
Step: 3768320	Mean reward: 3.375, 	Mean reward done: 1.1598844528198242
Step: 3776512	Mean reward: 4.125, 	Mean reward done: 1.02444589138031
Step: 3784704	Mean reward: 3.375, 	Mean reward done: 1.2171753644943237
Step: 3792896	Mean reward: 4.5, 	Mean reward done: 1.460458755493164
Step: 3801088	Mean reward: 3.625, 	Mean reward done: 0.9842489957809448
Step: 3809280	Mean reward: 4.8125, 	Mean reward done: 1.3228939771652222
Step: 3817472	Mean reward: 3.625, 	Mean reward done: 1.1206482648849487
Step: 3825664	Mean reward: 4.0625, 	Mean reward done: 1.0490813255310059
Step: 3833856	Mean reward: 5.125, 	Mean reward done: 1.4825842380523682
Step: 3842048	Mean reward: 4.875, 	Mean reward done: 1.3121106624603271
Step: 3850240	Mean reward: 4.125, 	Mean reward done: 1.1538749933242798
Step: 3858432	Mean reward: 3.9375, 	Mean reward done: 1.4810715913772583
Step: 3866624	Mean reward: 3.5625, 	Mean reward done: 1.2567867040634155
Step: 3874816	Mean reward: 3.4375, 	Mean reward done: 1.0208784341812134
Step: 3883008	Mean reward: 3.4375, 	Mean reward done: 1.3134790658950806
Step: 3891200	Mean reward: 3.1875, 	Mean reward done: 1.1090264320373535
Step: 3899392	Mean reward: 3.5, 	Mean reward done: 1.0813815593719482
Step: 3907584	Mean reward: 4.25, 	Mean reward done: 1.2267035245895386
Step: 3915776	Mean reward: 4.0, 	Mean reward done: 1.3214542865753174
Step: 3923968	Mean reward: 5.3125, 	Mean reward done: 1.6506985425949097
Step: 3932160	Mean reward: 5.1875, 	Mean reward done: 1.2026479244232178
Step: 3940352	Mean reward: 4.6875, 	Mean reward done: 1.3437033891677856
Step: 3948544	Mean reward: 4.625, 	Mean reward done: 1.4387409687042236
Step: 3956736	Mean reward: 4.0625, 	Mean reward done: 1.0273278951644897
Step: 3964928	Mean reward: 4.625, 	Mean reward done: 1.2722654342651367
Step: 3973120	Mean reward: 5.0, 	Mean reward done: 1.4813942909240723
Step: 3981312	Mean reward: 5.25, 	Mean reward done: 1.6252002716064453
Step: 3989504	Mean reward: 4.25, 	Mean reward done: 1.0183184146881104
Step: 3997696	Mean reward: 3.5, 	Mean reward done: 1.2128475904464722
Step: 4005888	Mean reward: 3.75, 	Mean reward done: 1.3041036128997803
Step: 4014080	Mean reward: 3.5, 	Mean reward done: 1.0896687507629395
Step: 4022272	Mean reward: 4.875, 	Mean reward done: 1.3938347101211548
Step: 4030464	Mean reward: 4.625, 	Mean reward done: 1.3301818370819092
Step: 4038656	Mean reward: 3.625, 	Mean reward done: 1.1201815605163574
Step: 4046848	Mean reward: 5.1875, 	Mean reward done: 1.5312895774841309
Step: 4055040	Mean reward: 4.6875, 	Mean reward done: 1.5288130044937134
Step: 4063232	Mean reward: 4.1875, 	Mean reward done: 1.044111967086792
Step: 4071424	Mean reward: 3.6875, 	Mean reward done: 1.0973588228225708
Step: 4079616	Mean reward: 2.75, 	Mean reward done: 0.7671065926551819
Step: 4087808	Mean reward: 5.0, 	Mean reward done: 1.5797414779663086
Step: 4096000	Mean reward: 4.75, 	Mean reward done: 1.1916916370391846
Step: 4104192	Mean reward: 3.6875, 	Mean reward done: 1.1382942199707031
Step: 4112384	Mean reward: 4.875, 	Mean reward done: 1.5699504613876343
Step: 4120576	Mean reward: 3.5625, 	Mean reward done: 1.001805305480957
Step: 4128768	Mean reward: 4.5, 	Mean reward done: 1.1517523527145386
Step: 4136960	Mean reward: 3.875, 	Mean reward done: 0.971095860004425
Step: 4145152	Mean reward: 4.3125, 	Mean reward done: 1.2634408473968506
Step: 4153344	Mean reward: 4.4375, 	Mean reward done: 1.2737396955490112
Step: 4161536	Mean reward: 3.75, 	Mean reward done: 1.1633514165878296
Step: 4169728	Mean reward: 3.125, 	Mean reward done: 0.9477361440658569
Step: 4177920	Mean reward: 3.75, 	Mean reward done: 1.086418867111206
Step: 4186112	Mean reward: 5.4375, 	Mean reward done: 1.420803189277649
Step: 4194304	Mean reward: 3.6875, 	Mean reward done: 1.1575241088867188
Step: 4202496	Mean reward: 3.0625, 	Mean reward done: 1.025009036064148
Step: 4210688	Mean reward: 4.1875, 	Mean reward done: 1.0862351655960083
Step: 4218880	Mean reward: 4.3125, 	Mean reward done: 1.416066288948059
Step: 4227072	Mean reward: 3.625, 	Mean reward done: 1.228265404701233
Step: 4235264	Mean reward: 3.5, 	Mean reward done: 1.0754951238632202
Step: 4243456	Mean reward: 2.9375, 	Mean reward done: 0.8874591588973999
Step: 4251648	Mean reward: 3.6875, 	Mean reward done: 0.988216757774353
Step: 4259840	Mean reward: 3.25, 	Mean reward done: 1.078589916229248
Step: 4268032	Mean reward: 3.25, 	Mean reward done: 1.017533779144287
Step: 4276224	Mean reward: 3.125, 	Mean reward done: 0.9078943729400635
Step: 4284416	Mean reward: 2.9375, 	Mean reward done: 0.8408506512641907
Step: 4292608	Mean reward: 4.5625, 	Mean reward done: 1.5057815313339233
Step: 4300800	Mean reward: 3.0625, 	Mean reward done: 1.070084571838379
Step: 4308992	Mean reward: 3.9375, 	Mean reward done: 1.410882830619812
Step: 4317184	Mean reward: 4.5625, 	Mean reward done: 1.4534257650375366
Step: 4325376	Mean reward: 4.5, 	Mean reward done: 1.3210251331329346
Step: 4333568	Mean reward: 3.0, 	Mean reward done: 1.0556902885437012
Step: 4341760	Mean reward: 4.0, 	Mean reward done: 1.462822437286377
Step: 4349952	Mean reward: 3.625, 	Mean reward done: 1.0243369340896606
Step: 4358144	Mean reward: 4.0625, 	Mean reward done: 1.093438982963562
Step: 4366336	Mean reward: 3.75, 	Mean reward done: 1.2375538349151611
Step: 4374528	Mean reward: 4.1875, 	Mean reward done: 1.317791223526001
Step: 4382720	Mean reward: 4.4375, 	Mean reward done: 1.1870614290237427
Step: 4390912	Mean reward: 4.25, 	Mean reward done: 1.1844178438186646
Step: 4399104	Mean reward: 4.8125, 	Mean reward done: 1.5830435752868652
Step: 4407296	Mean reward: 5.0625, 	Mean reward done: 1.2661446332931519
Step: 4415488	Mean reward: 4.0625, 	Mean reward done: 1.1549125909805298
Step: 4423680	Mean reward: 3.25, 	Mean reward done: 1.3564947843551636
Step: 4431872	Mean reward: 4.9375, 	Mean reward done: 1.4205329418182373
Step: 4440064	Mean reward: 3.8125, 	Mean reward done: 0.9931504130363464
Step: 4448256	Mean reward: 4.875, 	Mean reward done: 1.526343584060669
Step: 4456448	Mean reward: 5.125, 	Mean reward done: 1.5211468935012817
Step: 4464640	Mean reward: 4.875, 	Mean reward done: 1.395042896270752
Step: 4472832	Mean reward: 3.5625, 	Mean reward done: 0.9432787299156189
Step: 4481024	Mean reward: 3.4375, 	Mean reward done: 1.1260385513305664
Step: 4489216	Mean reward: 5.0, 	Mean reward done: 1.453207015991211
Step: 4497408	Mean reward: 4.9375, 	Mean reward done: 1.6408636569976807
Step: 4505600	Mean reward: 4.625, 	Mean reward done: 1.4913749694824219
Step: 4513792	Mean reward: 4.875, 	Mean reward done: 1.2968201637268066
Step: 4521984	Mean reward: 3.875, 	Mean reward done: 1.0110117197036743
Step: 4530176	Mean reward: 4.5625, 	Mean reward done: 1.3422200679779053
Step: 4538368	Mean reward: 3.8125, 	Mean reward done: 1.016114592552185
Step: 4546560	Mean reward: 4.8125, 	Mean reward done: 1.2258732318878174
Step: 4554752	Mean reward: 4.25, 	Mean reward done: 1.1892423629760742
Step: 4562944	Mean reward: 4.8125, 	Mean reward done: 1.5873576402664185
Step: 4571136	Mean reward: 4.9375, 	Mean reward done: 1.4302161931991577
Step: 4579328	Mean reward: 4.4375, 	Mean reward done: 1.2839072942733765
Step: 4587520	Mean reward: 4.0, 	Mean reward done: 1.4672868251800537
Step: 4595712	Mean reward: 4.75, 	Mean reward done: 1.7173504829406738
Step: 4603904	Mean reward: 4.0, 	Mean reward done: 1.2481671571731567
Step: 4612096	Mean reward: 3.6875, 	Mean reward done: 1.065201759338379
Step: 4620288	Mean reward: 4.1875, 	Mean reward done: 1.323898434638977
Step: 4628480	Mean reward: 4.0, 	Mean reward done: 1.314918041229248
Step: 4636672	Mean reward: 4.125, 	Mean reward done: 1.167212724685669
Step: 4644864	Mean reward: 4.6875, 	Mean reward done: 1.3434019088745117
Step: 4653056	Mean reward: 4.875, 	Mean reward done: 1.4994016885757446
Step: 4661248	Mean reward: 2.9375, 	Mean reward done: 0.6983738541603088
Step: 4669440	Mean reward: 3.875, 	Mean reward done: 1.0567471981048584
Step: 4677632	Mean reward: 4.1875, 	Mean reward done: 1.2787986993789673
Step: 4685824	Mean reward: 3.625, 	Mean reward done: 1.1338647603988647
Step: 4694016	Mean reward: 4.125, 	Mean reward done: 1.5139020681381226
Step: 4702208	Mean reward: 4.4375, 	Mean reward done: 1.0326439142227173
Step: 4710400	Mean reward: 4.6875, 	Mean reward done: 1.4843944311141968
Step: 4718592	Mean reward: 3.8125, 	Mean reward done: 1.080342173576355
Step: 4726784	Mean reward: 3.25, 	Mean reward done: 0.8609577417373657
Step: 4734976	Mean reward: 5.1875, 	Mean reward done: 1.288626790046692
Step: 4743168	Mean reward: 4.1875, 	Mean reward done: 1.1929948329925537
Step: 4751360	Mean reward: 4.375, 	Mean reward done: 1.241124153137207
Step: 4759552	Mean reward: 5.3125, 	Mean reward done: 1.6454530954360962
Step: 4767744	Mean reward: 3.8125, 	Mean reward done: 1.0356281995773315
Step: 4775936	Mean reward: 5.3125, 	Mean reward done: 1.4777734279632568
Step: 4784128	Mean reward: 4.4375, 	Mean reward done: 1.436194658279419
Step: 4792320	Mean reward: 4.1875, 	Mean reward done: 1.5215339660644531
Step: 4800512	Mean reward: 3.875, 	Mean reward done: 1.071810245513916
Step: 4808704	Mean reward: 4.8125, 	Mean reward done: 1.2090203762054443
Step: 4816896	Mean reward: 4.5, 	Mean reward done: 1.5463995933532715
Step: 4825088	Mean reward: 4.875, 	Mean reward done: 1.3178564310073853
Step: 4833280	Mean reward: 4.1875, 	Mean reward done: 1.3055022954940796
Step: 4841472	Mean reward: 4.625, 	Mean reward done: 1.3157529830932617
Step: 4849664	Mean reward: 4.5625, 	Mean reward done: 1.6066617965698242
Step: 4857856	Mean reward: 5.1875, 	Mean reward done: 1.3983888626098633
Step: 4866048	Mean reward: 5.0, 	Mean reward done: 1.719509482383728
Step: 4874240	Mean reward: 5.0625, 	Mean reward done: 1.516099214553833
Step: 4882432	Mean reward: 4.3125, 	Mean reward done: 1.535772681236267
Step: 4890624	Mean reward: 4.125, 	Mean reward done: 1.1830207109451294
Step: 4898816	Mean reward: 3.9375, 	Mean reward done: 1.4008278846740723
Step: 4907008	Mean reward: 3.5625, 	Mean reward done: 1.0632574558258057
Step: 4915200	Mean reward: 4.4375, 	Mean reward done: 1.2613842487335205
Step: 4923392	Mean reward: 4.25, 	Mean reward done: 1.262101173400879
Step: 4931584	Mean reward: 3.625, 	Mean reward done: 1.0763007402420044
Step: 4939776	Mean reward: 5.0, 	Mean reward done: 1.5413275957107544
Step: 4947968	Mean reward: 3.25, 	Mean reward done: 0.8910688161849976
Step: 4956160	Mean reward: 3.875, 	Mean reward done: 1.301932454109192
Step: 4964352	Mean reward: 3.9375, 	Mean reward done: 0.9543694853782654
Step: 4972544	Mean reward: 4.6875, 	Mean reward done: 1.3105671405792236
Step: 4980736	Mean reward: 4.875, 	Mean reward done: 1.6031442880630493
Step: 4988928	Mean reward: 4.5625, 	Mean reward done: 1.5293352603912354
Step: 4997120	Mean reward: 3.125, 	Mean reward done: 0.9899603724479675
Step: 5005312	Mean reward: 4.1875, 	Mean reward done: 1.2930340766906738
Step: 5013504	Mean reward: 4.8125, 	Mean reward done: 1.034440517425537
Step: 5021696	Mean reward: 5.3125, 	Mean reward done: 1.1602851152420044
Step: 5029888	Mean reward: 4.9375, 	Mean reward done: 1.4230788946151733
Step: 5038080	Mean reward: 4.8125, 	Mean reward done: 1.6232606172561646
Step: 5046272	Mean reward: 4.0, 	Mean reward done: 0.9029945731163025
Step: 5054464	Mean reward: 5.0625, 	Mean reward done: 1.359958529472351
Step: 5062656	Mean reward: 3.9375, 	Mean reward done: 0.9973849654197693
Step: 5070848	Mean reward: 5.125, 	Mean reward done: 1.2603849172592163
Step: 5079040	Mean reward: 3.6875, 	Mean reward done: 1.008776068687439
Step: 5087232	Mean reward: 3.3125, 	Mean reward done: 0.9514613151550293
Step: 5095424	Mean reward: 5.25, 	Mean reward done: 1.4422980546951294
Step: 5103616	Mean reward: 3.8125, 	Mean reward done: 1.3595480918884277
Step: 5111808	Mean reward: 3.5625, 	Mean reward done: 0.9443352818489075
Step: 5120000	Mean reward: 4.3125, 	Mean reward done: 1.1519889831542969
Step: 5128192	Mean reward: 4.0, 	Mean reward done: 1.158022165298462
Step: 5136384	Mean reward: 3.5, 	Mean reward done: 0.9997337460517883
Step: 5144576	Mean reward: 5.0, 	Mean reward done: 1.3028277158737183
Step: 5152768	Mean reward: 5.5625, 	Mean reward done: 1.5664112567901611
Step: 5160960	Mean reward: 3.1875, 	Mean reward done: 1.064072608947754
Step: 5169152	Mean reward: 3.75, 	Mean reward done: 0.907759964466095
Step: 5177344	Mean reward: 3.375, 	Mean reward done: 1.15524160861969
Step: 5185536	Mean reward: 4.125, 	Mean reward done: 1.0980982780456543
Step: 5193728	Mean reward: 4.5625, 	Mean reward done: 1.6949961185455322
Step: 5201920	Mean reward: 3.5625, 	Mean reward done: 1.2537997961044312
Step: 5210112	Mean reward: 3.8125, 	Mean reward done: 1.1636857986450195
Step: 5218304	Mean reward: 4.0, 	Mean reward done: 1.1802390813827515
Step: 5226496	Mean reward: 3.6875, 	Mean reward done: 1.127455234527588
Step: 5234688	Mean reward: 3.875, 	Mean reward done: 1.2162621021270752
Step: 5242880	Mean reward: 4.125, 	Mean reward done: 1.2110896110534668
Step: 5251072	Mean reward: 4.8125, 	Mean reward done: 1.370564341545105
Step: 5259264	Mean reward: 4.5625, 	Mean reward done: 1.1416881084442139
Step: 5267456	Mean reward: 3.25, 	Mean reward done: 0.9414423108100891
Step: 5275648	Mean reward: 3.5, 	Mean reward done: 0.9740573167800903
Step: 5283840	Mean reward: 3.8125, 	Mean reward done: 1.0072333812713623
Step: 5292032	Mean reward: 4.625, 	Mean reward done: 1.2624733448028564
Step: 5300224	Mean reward: 3.5625, 	Mean reward done: 0.985305905342102
Step: 5308416	Mean reward: 4.875, 	Mean reward done: 1.290446400642395
Step: 5316608	Mean reward: 5.25, 	Mean reward done: 1.3373584747314453
Step: 5324800	Mean reward: 4.25, 	Mean reward done: 1.3711117506027222
Step: 5332992	Mean reward: 3.25, 	Mean reward done: 0.9420228600502014
Step: 5341184	Mean reward: 4.125, 	Mean reward done: 1.16587233543396
Step: 5349376	Mean reward: 4.375, 	Mean reward done: 1.354767918586731
Step: 5357568	Mean reward: 4.8125, 	Mean reward done: 1.3540080785751343
Step: 5365760	Mean reward: 4.875, 	Mean reward done: 1.411507487297058
Step: 5373952	Mean reward: 3.875, 	Mean reward done: 1.2214038372039795
Step: 5382144	Mean reward: 3.875, 	Mean reward done: 1.2205145359039307
Step: 5390336	Mean reward: 3.0625, 	Mean reward done: 1.1808708906173706
Step: 5398528	Mean reward: 4.625, 	Mean reward done: 1.5096278190612793
Step: 5406720	Mean reward: 6.3125, 	Mean reward done: 1.6698788404464722
Step: 5414912	Mean reward: 3.5625, 	Mean reward done: 1.004949927330017
Step: 5423104	Mean reward: 4.25, 	Mean reward done: 1.085846185684204
Step: 5431296	Mean reward: 4.5, 	Mean reward done: 1.026444673538208
Step: 5439488	Mean reward: 5.0625, 	Mean reward done: 1.3568029403686523
Step: 5447680	Mean reward: 4.25, 	Mean reward done: 1.259857177734375
Step: 5455872	Mean reward: 4.25, 	Mean reward done: 1.2068873643875122
Step: 5464064	Mean reward: 4.5625, 	Mean reward done: 1.2582885026931763
Step: 5472256	Mean reward: 4.5625, 	Mean reward done: 1.187348484992981
Step: 5480448	Mean reward: 4.75, 	Mean reward done: 1.370776653289795
Step: 5488640	Mean reward: 4.125, 	Mean reward done: 1.563884973526001
Step: 5496832	Mean reward: 3.25, 	Mean reward done: 1.0143437385559082
Step: 5505024	Mean reward: 4.0625, 	Mean reward done: 1.0523308515548706
Step: 5513216	Mean reward: 4.3125, 	Mean reward done: 1.1511602401733398
Step: 5521408	Mean reward: 5.125, 	Mean reward done: 1.691407322883606
Step: 5529600	Mean reward: 3.625, 	Mean reward done: 1.1887108087539673
Step: 5537792	Mean reward: 4.25, 	Mean reward done: 1.4960421323776245
Step: 5545984	Mean reward: 4.75, 	Mean reward done: 1.360709547996521
Step: 5554176	Mean reward: 4.8125, 	Mean reward done: 1.4171726703643799
Step: 5562368	Mean reward: 3.5, 	Mean reward done: 0.9413638114929199
Step: 5570560	Mean reward: 3.875, 	Mean reward done: 1.2576780319213867
Step: 5578752	Mean reward: 3.625, 	Mean reward done: 1.1314237117767334
Step: 5586944	Mean reward: 4.125, 	Mean reward done: 1.2902973890304565
Step: 5595136	Mean reward: 3.5625, 	Mean reward done: 0.960132896900177
Step: 5603328	Mean reward: 5.1875, 	Mean reward done: 1.4155118465423584
Step: 5611520	Mean reward: 4.375, 	Mean reward done: 1.239005208015442
Step: 5619712	Mean reward: 4.0625, 	Mean reward done: 1.1364452838897705
Step: 5627904	Mean reward: 4.375, 	Mean reward done: 1.3883312940597534
Step: 5636096	Mean reward: 4.6875, 	Mean reward done: 1.3909765481948853
Step: 5644288	Mean reward: 4.0625, 	Mean reward done: 1.2346426248550415
Step: 5652480	Mean reward: 4.5625, 	Mean reward done: 1.0685114860534668
Step: 5660672	Mean reward: 5.9375, 	Mean reward done: 1.3931167125701904
Step: 5668864	Mean reward: 5.375, 	Mean reward done: 1.4491474628448486
Step: 5677056	Mean reward: 4.5625, 	Mean reward done: 1.2850137948989868
Step: 5685248	Mean reward: 4.4375, 	Mean reward done: 1.5099002122879028
Step: 5693440	Mean reward: 5.625, 	Mean reward done: 1.513269305229187
Step: 5701632	Mean reward: 4.4375, 	Mean reward done: 1.3237544298171997
Step: 5709824	Mean reward: 3.8125, 	Mean reward done: 1.3440371751785278
Step: 5718016	Mean reward: 4.5, 	Mean reward done: 1.438117265701294
Step: 5726208	Mean reward: 4.5625, 	Mean reward done: 1.5183100700378418
Step: 5734400	Mean reward: 4.75, 	Mean reward done: 1.2406467199325562
Step: 5742592	Mean reward: 4.375, 	Mean reward done: 1.184454321861267
Step: 5750784	Mean reward: 4.6875, 	Mean reward done: 1.2809083461761475
Step: 5758976	Mean reward: 3.4375, 	Mean reward done: 1.2149546146392822
Step: 5767168	Mean reward: 5.3125, 	Mean reward done: 1.3954178094863892
Step: 5775360	Mean reward: 5.0, 	Mean reward done: 1.437156319618225
Step: 5783552	Mean reward: 4.5625, 	Mean reward done: 1.3539097309112549
Step: 5791744	Mean reward: 4.0, 	Mean reward done: 1.1858566999435425
Step: 5799936	Mean reward: 4.0, 	Mean reward done: 1.069773554801941
Step: 5808128	Mean reward: 3.625, 	Mean reward done: 1.313283085823059
Step: 5816320	Mean reward: 4.0625, 	Mean reward done: 1.2698568105697632
Step: 5824512	Mean reward: 2.5, 	Mean reward done: 0.8505153656005859
Step: 5832704	Mean reward: 3.8125, 	Mean reward done: 0.9944859147071838
Step: 5840896	Mean reward: 4.375, 	Mean reward done: 1.350181221961975
Step: 5849088	Mean reward: 5.125, 	Mean reward done: 1.2922375202178955
Step: 5857280	Mean reward: 5.4375, 	Mean reward done: 1.415360689163208
Step: 5865472	Mean reward: 3.0625, 	Mean reward done: 0.847313404083252
Step: 5873664	Mean reward: 4.0, 	Mean reward done: 1.1667885780334473
Step: 5881856	Mean reward: 4.3125, 	Mean reward done: 0.9522786140441895
Step: 5890048	Mean reward: 4.25, 	Mean reward done: 1.230568528175354
Step: 5898240	Mean reward: 3.1875, 	Mean reward done: 1.1087218523025513
Step: 5906432	Mean reward: 3.125, 	Mean reward done: 0.8531038165092468
Step: 5914624	Mean reward: 3.375, 	Mean reward done: 1.0349974632263184
Step: 5922816	Mean reward: 3.4375, 	Mean reward done: 1.0598548650741577
Step: 5931008	Mean reward: 2.8125, 	Mean reward done: 1.03666090965271
Step: 5939200	Mean reward: 4.0625, 	Mean reward done: 0.9959965348243713
Step: 5947392	Mean reward: 3.75, 	Mean reward done: 1.1871739625930786
Step: 5955584	Mean reward: 2.75, 	Mean reward done: 0.9536307454109192
Step: 5963776	Mean reward: 3.3125, 	Mean reward done: 1.1717543601989746
Step: 5971968	Mean reward: 4.875, 	Mean reward done: 1.5044270753860474
Step: 5980160	Mean reward: 3.75, 	Mean reward done: 1.0899649858474731
Step: 5988352	Mean reward: 5.0, 	Mean reward done: 1.372580885887146
Step: 5996544	Mean reward: 4.1875, 	Mean reward done: 1.3479803800582886
Step: 6004736	Mean reward: 4.5625, 	Mean reward done: 1.4531056880950928
Step: 6012928	Mean reward: 5.1875, 	Mean reward done: 1.379822015762329
Step: 6021120	Mean reward: 5.125, 	Mean reward done: 1.4533960819244385
Step: 6029312	Mean reward: 4.375, 	Mean reward done: 1.2265424728393555
Step: 6037504	Mean reward: 3.6875, 	Mean reward done: 1.0238068103790283
Step: 6045696	Mean reward: 4.5625, 	Mean reward done: 1.4731603860855103
Step: 6053888	Mean reward: 3.6875, 	Mean reward done: 1.1768709421157837
Step: 6062080	Mean reward: 4.25, 	Mean reward done: 1.3660227060317993
Step: 6070272	Mean reward: 5.375, 	Mean reward done: 1.4276269674301147
Step: 6078464	Mean reward: 4.75, 	Mean reward done: 1.3224436044692993
Step: 6086656	Mean reward: 5.5, 	Mean reward done: 1.7323178052902222
Step: 6094848	Mean reward: 3.6875, 	Mean reward done: 1.0287495851516724
Step: 6103040	Mean reward: 4.375, 	Mean reward done: 1.3743782043457031
Step: 6111232	Mean reward: 5.0625, 	Mean reward done: 1.4235070943832397
Step: 6119424	Mean reward: 5.4375, 	Mean reward done: 1.5708720684051514
Step: 6127616	Mean reward: 4.5625, 	Mean reward done: 1.3357747793197632
Step: 6135808	Mean reward: 4.25, 	Mean reward done: 1.1834825277328491
Step: 6144000	Mean reward: 4.5, 	Mean reward done: 1.3318543434143066
Step: 6152192	Mean reward: 4.1875, 	Mean reward done: 1.1292062997817993
Step: 6160384	Mean reward: 5.8125, 	Mean reward done: 1.86354398727417
Step: 6168576	Mean reward: 4.0, 	Mean reward done: 1.27204430103302
Step: 6176768	Mean reward: 3.75, 	Mean reward done: 1.067359447479248
Step: 6184960	Mean reward: 4.75, 	Mean reward done: 1.3932557106018066
Step: 6193152	Mean reward: 3.9375, 	Mean reward done: 1.4218950271606445
Step: 6201344	Mean reward: 5.625, 	Mean reward done: 1.714809775352478
Step: 6209536	Mean reward: 4.3125, 	Mean reward done: 1.2645552158355713
Step: 6217728	Mean reward: 4.75, 	Mean reward done: 1.350770115852356
Step: 6225920	Mean reward: 4.375, 	Mean reward done: 1.2232931852340698
Step: 6234112	Mean reward: 5.625, 	Mean reward done: 1.512589931488037
Step: 6242304	Mean reward: 4.5625, 	Mean reward done: 1.169783592224121
Step: 6250496	Mean reward: 6.0625, 	Mean reward done: 1.5439084768295288
Step: 6258688	Mean reward: 3.5625, 	Mean reward done: 1.1500401496887207
Step: 6266880	Mean reward: 4.125, 	Mean reward done: 1.4061716794967651
Step: 6275072	Mean reward: 3.5, 	Mean reward done: 1.0435490608215332
Step: 6283264	Mean reward: 3.625, 	Mean reward done: 0.9483214020729065
Step: 6291456	Mean reward: 5.0625, 	Mean reward done: 1.8545174598693848
Step: 6299648	Mean reward: 3.875, 	Mean reward done: 1.3192918300628662
Step: 6307840	Mean reward: 3.8125, 	Mean reward done: 1.236456036567688
Step: 6316032	Mean reward: 3.8125, 	Mean reward done: 1.290610671043396
Step: 6324224	Mean reward: 4.0625, 	Mean reward done: 1.200384497642517
Step: 6332416	Mean reward: 4.125, 	Mean reward done: 1.1137572526931763
Step: 6340608	Mean reward: 5.125, 	Mean reward done: 1.4779186248779297
Step: 6348800	Mean reward: 3.9375, 	Mean reward done: 1.0221786499023438
Step: 6356992	Mean reward: 3.5625, 	Mean reward done: 0.9277649521827698
Step: 6365184	Mean reward: 4.8125, 	Mean reward done: 1.640283465385437
Step: 6373376	Mean reward: 4.0, 	Mean reward done: 1.2827388048171997
Step: 6381568	Mean reward: 4.875, 	Mean reward done: 1.440011739730835
Step: 6389760	Mean reward: 5.3125, 	Mean reward done: 1.5280141830444336
Step: 6397952	Mean reward: 3.8125, 	Mean reward done: 1.3690413236618042
Step: 6406144	Mean reward: 4.375, 	Mean reward done: 1.046531081199646
Step: 6414336	Mean reward: 4.5625, 	Mean reward done: 1.335022211074829
Step: 6422528	Mean reward: 6.25, 	Mean reward done: 1.9395930767059326
Step: 6430720	Mean reward: 3.875, 	Mean reward done: 1.2281956672668457
Step: 6438912	Mean reward: 4.4375, 	Mean reward done: 1.4834741353988647
Step: 6447104	Mean reward: 4.6875, 	Mean reward done: 1.2351891994476318
Step: 6455296	Mean reward: 4.9375, 	Mean reward done: 1.5377222299575806
Step: 6463488	Mean reward: 4.5625, 	Mean reward done: 1.3839352130889893
Step: 6471680	Mean reward: 5.125, 	Mean reward done: 1.3167896270751953
Step: 6479872	Mean reward: 5.3125, 	Mean reward done: 1.6825761795043945
Step: 6488064	Mean reward: 3.4375, 	Mean reward done: 1.202579140663147
Step: 6496256	Mean reward: 3.8125, 	Mean reward done: 1.2180954217910767
Step: 6504448	Mean reward: 3.875, 	Mean reward done: 1.118376612663269
Step: 6512640	Mean reward: 4.8125, 	Mean reward done: 1.3588753938674927
Step: 6520832	Mean reward: 4.125, 	Mean reward done: 1.121767520904541
Step: 6529024	Mean reward: 5.3125, 	Mean reward done: 1.5333448648452759
Step: 6537216	Mean reward: 4.375, 	Mean reward done: 1.0859647989273071
Step: 6545408	Mean reward: 5.0625, 	Mean reward done: 1.5620198249816895
Step: 6553600	Mean reward: 3.3125, 	Mean reward done: 1.0405813455581665
Step: 6561792	Mean reward: 3.25, 	Mean reward done: 1.0954774618148804
Step: 6569984	Mean reward: 4.5, 	Mean reward done: 1.4452245235443115
Step: 6578176	Mean reward: 3.75, 	Mean reward done: 1.280255913734436
Step: 6586368	Mean reward: 4.5, 	Mean reward done: 1.5842822790145874
Step: 6594560	Mean reward: 4.6875, 	Mean reward done: 1.662183165550232
Step: 6602752	Mean reward: 4.125, 	Mean reward done: 1.2816964387893677
Step: 6610944	Mean reward: 4.75, 	Mean reward done: 1.4175838232040405
Step: 6619136	Mean reward: 3.3125, 	Mean reward done: 1.2986491918563843
Step: 6627328	Mean reward: 5.1875, 	Mean reward done: 1.4823431968688965
Step: 6635520	Mean reward: 5.6875, 	Mean reward done: 1.946815013885498
Step: 6643712	Mean reward: 5.0, 	Mean reward done: 1.3426659107208252
Step: 6651904	Mean reward: 5.6875, 	Mean reward done: 1.574110746383667
Step: 6660096	Mean reward: 5.25, 	Mean reward done: 1.4912549257278442
Step: 6668288	Mean reward: 5.625, 	Mean reward done: 1.7927614450454712
Step: 6676480	Mean reward: 4.375, 	Mean reward done: 1.2167656421661377
Step: 6684672	Mean reward: 4.8125, 	Mean reward done: 1.4250539541244507
Step: 6692864	Mean reward: 5.125, 	Mean reward done: 1.3122888803482056
Step: 6701056	Mean reward: 5.6875, 	Mean reward done: 1.4663119316101074
Step: 6709248	Mean reward: 4.5625, 	Mean reward done: 1.3438944816589355
Step: 6717440	Mean reward: 5.4375, 	Mean reward done: 1.707624077796936
Step: 6725632	Mean reward: 3.625, 	Mean reward done: 1.08639395236969
Step: 6733824	Mean reward: 3.6875, 	Mean reward done: 1.2528620958328247
Step: 6742016	Mean reward: 4.625, 	Mean reward done: 1.2307379245758057
Step: 6750208	Mean reward: 4.5625, 	Mean reward done: 1.221243977546692
Step: 6758400	Mean reward: 4.5, 	Mean reward done: 1.0990118980407715
Step: 6766592	Mean reward: 4.125, 	Mean reward done: 1.0740575790405273
Step: 6774784	Mean reward: 5.125, 	Mean reward done: 1.5265785455703735
Step: 6782976	Mean reward: 5.0625, 	Mean reward done: 1.5192068815231323
Step: 6791168	Mean reward: 5.0625, 	Mean reward done: 1.365187168121338
Step: 6799360	Mean reward: 5.125, 	Mean reward done: 1.6158820390701294
Step: 6807552	Mean reward: 5.0625, 	Mean reward done: 1.3148716688156128
Step: 6815744	Mean reward: 4.4375, 	Mean reward done: 1.1078648567199707
Step: 6823936	Mean reward: 4.8125, 	Mean reward done: 1.4707309007644653
Step: 6832128	Mean reward: 3.875, 	Mean reward done: 1.246156096458435
Step: 6840320	Mean reward: 4.1875, 	Mean reward done: 1.3756771087646484
Step: 6848512	Mean reward: 3.0, 	Mean reward done: 1.0869094133377075
Step: 6856704	Mean reward: 3.5625, 	Mean reward done: 1.0430692434310913
Step: 6864896	Mean reward: 4.8125, 	Mean reward done: 1.2384597063064575
Step: 6873088	Mean reward: 4.625, 	Mean reward done: 1.4547902345657349
Step: 6881280	Mean reward: 4.6875, 	Mean reward done: 1.1475677490234375
Step: 6889472	Mean reward: 4.5, 	Mean reward done: 1.1909444332122803
Step: 6897664	Mean reward: 4.375, 	Mean reward done: 1.048206090927124
Step: 6905856	Mean reward: 4.1875, 	Mean reward done: 1.0803732872009277
Step: 6914048	Mean reward: 4.75, 	Mean reward done: 1.3893961906433105
Step: 6922240	Mean reward: 3.8125, 	Mean reward done: 1.298312783241272
Step: 6930432	Mean reward: 3.625, 	Mean reward done: 1.1167612075805664
Step: 6938624	Mean reward: 5.0625, 	Mean reward done: 1.3947303295135498
Step: 6946816	Mean reward: 4.5, 	Mean reward done: 1.206099033355713
Step: 6955008	Mean reward: 5.1875, 	Mean reward done: 1.5193917751312256
Step: 6963200	Mean reward: 4.9375, 	Mean reward done: 1.2026606798171997
Step: 6971392	Mean reward: 4.3125, 	Mean reward done: 1.3598777055740356
Step: 6979584	Mean reward: 5.0, 	Mean reward done: 1.5322961807250977
Step: 6987776	Mean reward: 4.4375, 	Mean reward done: 1.2199870347976685
Step: 6995968	Mean reward: 6.125, 	Mean reward done: 1.6701562404632568
Step: 7004160	Mean reward: 4.625, 	Mean reward done: 1.1560276746749878
Step: 7012352	Mean reward: 3.8125, 	Mean reward done: 1.072806715965271
Step: 7020544	Mean reward: 3.875, 	Mean reward done: 1.3570607900619507
Step: 7028736	Mean reward: 3.8125, 	Mean reward done: 1.3297370672225952
Step: 7036928	Mean reward: 4.5, 	Mean reward done: 1.1580843925476074
Step: 7045120	Mean reward: 4.625, 	Mean reward done: 1.4947750568389893
Step: 7053312	Mean reward: 3.0625, 	Mean reward done: 0.9539596438407898
Step: 7061504	Mean reward: 3.8125, 	Mean reward done: 0.7887705564498901
Step: 7069696	Mean reward: 3.3125, 	Mean reward done: 1.1566872596740723
Step: 7077888	Mean reward: 3.875, 	Mean reward done: 0.9298039674758911
Step: 7086080	Mean reward: 4.375, 	Mean reward done: 1.1836903095245361
Step: 7094272	Mean reward: 4.0625, 	Mean reward done: 1.2009022235870361
Step: 7102464	Mean reward: 4.0, 	Mean reward done: 1.1297025680541992
Step: 7110656	Mean reward: 3.6875, 	Mean reward done: 1.0543245077133179
Step: 7118848	Mean reward: 4.25, 	Mean reward done: 1.0790337324142456
Step: 7127040	Mean reward: 3.75, 	Mean reward done: 0.9965753555297852
Step: 7135232	Mean reward: 4.4375, 	Mean reward done: 1.3716472387313843
Step: 7143424	Mean reward: 5.25, 	Mean reward done: 1.3858976364135742
Step: 7151616	Mean reward: 4.375, 	Mean reward done: 1.1452949047088623
Step: 7159808	Mean reward: 5.5625, 	Mean reward done: 1.536903738975525
Step: 7168000	Mean reward: 5.375, 	Mean reward done: 1.4878369569778442
Step: 7176192	Mean reward: 3.5, 	Mean reward done: 1.1892510652542114
Step: 7184384	Mean reward: 4.3125, 	Mean reward done: 1.1529635190963745
Step: 7192576	Mean reward: 3.6875, 	Mean reward done: 1.1345288753509521
Step: 7200768	Mean reward: 4.625, 	Mean reward done: 1.7399481534957886
Step: 7208960	Mean reward: 3.625, 	Mean reward done: 0.9686316847801208
Step: 7217152	Mean reward: 5.5625, 	Mean reward done: 1.3901591300964355
Step: 7225344	Mean reward: 5.5, 	Mean reward done: 1.6120940446853638
Step: 7233536	Mean reward: 5.6875, 	Mean reward done: 1.4582769870758057
Step: 7241728	Mean reward: 5.1875, 	Mean reward done: 1.312090516090393
Step: 7249920	Mean reward: 4.5, 	Mean reward done: 1.2386277914047241
Step: 7258112	Mean reward: 3.5625, 	Mean reward done: 0.9108231067657471
Step: 7266304	Mean reward: 3.9375, 	Mean reward done: 1.3482089042663574
Step: 7274496	Mean reward: 5.375, 	Mean reward done: 1.2925012111663818
Step: 7282688	Mean reward: 5.6875, 	Mean reward done: 1.8843046426773071
Step: 7290880	Mean reward: 5.375, 	Mean reward done: 1.75382661819458
Step: 7299072	Mean reward: 4.375, 	Mean reward done: 1.326432228088379
Step: 7307264	Mean reward: 4.375, 	Mean reward done: 1.1612365245819092
Step: 7315456	Mean reward: 5.625, 	Mean reward done: 1.6960481405258179
Step: 7323648	Mean reward: 3.5625, 	Mean reward done: 0.9415974020957947
Step: 7331840	Mean reward: 4.375, 	Mean reward done: 1.355586051940918
Step: 7340032	Mean reward: 4.75, 	Mean reward done: 1.2701330184936523
Step: 7348224	Mean reward: 4.9375, 	Mean reward done: 1.356540560722351
Step: 7356416	Mean reward: 5.3125, 	Mean reward done: 1.299853801727295
Step: 7364608	Mean reward: 5.3125, 	Mean reward done: 1.553527593612671
Step: 7372800	Mean reward: 4.125, 	Mean reward done: 1.1677995920181274
Step: 7380992	Mean reward: 4.1875, 	Mean reward done: 1.1263004541397095
Step: 7389184	Mean reward: 4.1875, 	Mean reward done: 1.4601331949234009
Step: 7397376	Mean reward: 5.625, 	Mean reward done: 1.5112740993499756
Step: 7405568	Mean reward: 4.9375, 	Mean reward done: 1.4439135789871216
Step: 7413760	Mean reward: 3.375, 	Mean reward done: 1.1855740547180176
Step: 7421952	Mean reward: 4.25, 	Mean reward done: 1.3131285905838013
Step: 7430144	Mean reward: 3.5625, 	Mean reward done: 1.0504075288772583
Step: 7438336	Mean reward: 3.5, 	Mean reward done: 1.3805530071258545
Step: 7446528	Mean reward: 3.25, 	Mean reward done: 0.9452615976333618
Step: 7454720	Mean reward: 5.3125, 	Mean reward done: 1.6192095279693604
Step: 7462912	Mean reward: 5.0, 	Mean reward done: 1.2449448108673096
Step: 7471104	Mean reward: 5.1875, 	Mean reward done: 1.4762309789657593
Step: 7479296	Mean reward: 4.5, 	Mean reward done: 1.4458458423614502
Step: 7487488	Mean reward: 3.875, 	Mean reward done: 1.1548185348510742
Step: 7495680	Mean reward: 4.8125, 	Mean reward done: 1.4674378633499146
Step: 7503872	Mean reward: 3.625, 	Mean reward done: 1.0304310321807861
Step: 7512064	Mean reward: 5.625, 	Mean reward done: 1.5561014413833618
Step: 7520256	Mean reward: 4.5, 	Mean reward done: 1.4167473316192627
Step: 7528448	Mean reward: 6.125, 	Mean reward done: 1.7492420673370361
Step: 7536640	Mean reward: 6.3125, 	Mean reward done: 1.5385394096374512
Step: 7544832	Mean reward: 6.25, 	Mean reward done: 1.5474969148635864
Step: 7553024	Mean reward: 4.625, 	Mean reward done: 1.4163920879364014
Step: 7561216	Mean reward: 3.4375, 	Mean reward done: 1.1277905702590942
Step: 7569408	Mean reward: 4.625, 	Mean reward done: 1.5197914838790894
Step: 7577600	Mean reward: 4.375, 	Mean reward done: 1.274730920791626
Step: 7585792	Mean reward: 5.875, 	Mean reward done: 1.6322505474090576
Step: 7593984	Mean reward: 4.6875, 	Mean reward done: 1.343770146369934
Step: 7602176	Mean reward: 5.4375, 	Mean reward done: 1.58997642993927
Step: 7610368	Mean reward: 3.6875, 	Mean reward done: 0.9347748160362244
Step: 7618560	Mean reward: 4.25, 	Mean reward done: 1.0877646207809448
Step: 7626752	Mean reward: 4.125, 	Mean reward done: 1.0219964981079102
Step: 7634944	Mean reward: 5.125, 	Mean reward done: 1.6521332263946533
Step: 7643136	Mean reward: 4.3125, 	Mean reward done: 1.2367537021636963
Step: 7651328	Mean reward: 3.875, 	Mean reward done: 1.0332902669906616
Step: 7659520	Mean reward: 4.0, 	Mean reward done: 1.2888661623001099
Step: 7667712	Mean reward: 4.6875, 	Mean reward done: 1.2840924263000488
Step: 7675904	Mean reward: 4.6875, 	Mean reward done: 1.4529685974121094
Step: 7684096	Mean reward: 4.8125, 	Mean reward done: 1.4255130290985107
Step: 7692288	Mean reward: 3.8125, 	Mean reward done: 1.2821650505065918
Step: 7700480	Mean reward: 4.5, 	Mean reward done: 1.186140537261963
Step: 7708672	Mean reward: 4.5, 	Mean reward done: 1.5129308700561523
Step: 7716864	Mean reward: 3.5625, 	Mean reward done: 1.06752347946167
Step: 7725056	Mean reward: 4.5, 	Mean reward done: 1.1129175424575806
Step: 7733248	Mean reward: 3.8125, 	Mean reward done: 1.1857213973999023
Step: 7741440	Mean reward: 4.6875, 	Mean reward done: 1.2429076433181763
Step: 7749632	Mean reward: 5.4375, 	Mean reward done: 1.4147320985794067
Step: 7757824	Mean reward: 5.5, 	Mean reward done: 1.4294395446777344
Step: 7766016	Mean reward: 2.375, 	Mean reward done: 0.9033321142196655
Step: 7774208	Mean reward: 4.0, 	Mean reward done: 1.1954710483551025
Step: 7782400	Mean reward: 2.625, 	Mean reward done: 0.8492228984832764
Step: 7790592	Mean reward: 3.6875, 	Mean reward done: 1.3656258583068848
Step: 7798784	Mean reward: 3.4375, 	Mean reward done: 1.0999603271484375
Step: 7806976	Mean reward: 3.3125, 	Mean reward done: 1.0929301977157593
Step: 7815168	Mean reward: 4.5625, 	Mean reward done: 1.2965036630630493
Step: 7823360	Mean reward: 3.5, 	Mean reward done: 1.0540815591812134
Step: 7831552	Mean reward: 4.25, 	Mean reward done: 1.355226993560791
Step: 7839744	Mean reward: 4.1875, 	Mean reward done: 1.089329481124878
Step: 7847936	Mean reward: 4.125, 	Mean reward done: 1.3466531038284302
Step: 7856128	Mean reward: 4.4375, 	Mean reward done: 1.3078030347824097
Step: 7864320	Mean reward: 5.4375, 	Mean reward done: 1.5738133192062378
Step: 7872512	Mean reward: 4.6875, 	Mean reward done: 1.3782854080200195
Step: 7880704	Mean reward: 4.5, 	Mean reward done: 1.3721190690994263
Step: 7888896	Mean reward: 3.625, 	Mean reward done: 0.9861664772033691
Step: 7897088	Mean reward: 5.4375, 	Mean reward done: 1.415018081665039
Step: 7905280	Mean reward: 5.375, 	Mean reward done: 1.6111724376678467
Step: 7913472	Mean reward: 4.3125, 	Mean reward done: 1.4172149896621704
Step: 7921664	Mean reward: 4.6875, 	Mean reward done: 1.2559525966644287
Step: 7929856	Mean reward: 5.1875, 	Mean reward done: 1.4169329404830933
Step: 7938048	Mean reward: 4.625, 	Mean reward done: 1.3001080751419067
Step: 7946240	Mean reward: 4.5, 	Mean reward done: 1.3650473356246948
Step: 7954432	Mean reward: 4.0, 	Mean reward done: 1.1345024108886719
Step: 7962624	Mean reward: 4.375, 	Mean reward done: 1.047314167022705
Step: 7970816	Mean reward: 4.5, 	Mean reward done: 1.1138129234313965
Step: 7979008	Mean reward: 4.6875, 	Mean reward done: 1.1773625612258911
Step: 7987200	Mean reward: 4.625, 	Mean reward done: 1.5263923406600952
Step: 7995392	Mean reward: 5.125, 	Mean reward done: 1.5003000497817993
Step: 8003584	Mean reward: 4.875, 	Mean reward done: 1.5239717960357666
Completed training of sd_i_rc_db!

------------------------------------------------------------
Sender: LSF System <lsfadmin@n-62-20-14>
Subject: Job 8473448: <sd_i_rc_db> in cluster <dcc> Done

Job <sd_i_rc_db> was submitted from host <n-62-30-4> by user <s192288> in cluster <dcc> at Thu Dec  3 20:36:23 2020
Job was executed on host(s) <n-62-20-14>, in queue <gpuv100>, as user <s192288> in cluster <dcc> at Fri Dec  4 09:43:23 2020
</zhome/09/9/144141> was used as the home directory.
</zhome/09/9/144141/Desktop/Deep_l_hpc> was used as the working directory.
Started at Fri Dec  4 09:43:23 2020
Terminated at Fri Dec  4 15:08:38 2020
Results reported at Fri Dec  4 15:08:38 2020

Your job looked like:

------------------------------------------------------------
# LSBATCH: User input
#!/bin/sh

#BSUB -J sd_i_rc_db

#BSUB -q gpuv100

#BSUB -gpu "num=1"

#BSUB -n 1

#BSUB -W 23:45

#BSUB -R "rusage[mem=16GB]"

#BSUB -o sd_i_rc_db.out

#BSUB -e sd_i_rc_db.err

# Load modules

module load python3/3.8.2
module load cuda/8.0
module load cudnn/v7.0-prod-cuda8
module load ffmpeg/4.2.2
pip3 install --user torch matplotlib procgen gym 

# 1 = model_name, 2 = encoder_index, 3 = aug_index, 4 = mix_reg, 5 = game
#the name of the run
#encoder_index 0 = Impala, 1 = Nature  
#aug_index: 0 = None, 1 = grayscale, 2 = random_cutout, 3 = color_jitter
#mixreg: 0 = False, 1 = True 
#type of game

python3 train_ppo.py sd_i_rc_db 0 2 0 dodgeball 



------------------------------------------------------------

Successfully completed.

Resource usage summary:

    CPU time :                                   19401.82 sec.
    Max Memory :                                 9063 MB
    Average Memory :                             8994.49 MB
    Total Requested Memory :                     16384.00 MB
    Delta Memory :                               7321.00 MB
    Max Swap :                                   -
    Max Processes :                              4
    Max Threads :                                13
    Run time :                                   19515 sec.
    Turnaround time :                            66735 sec.

The output (if any) is above this job summary.



PS:

Read file <sd_i_rc_db.err> for stderr output of this job.

