Requirement already satisfied: torch in /zhome/09/9/144141/.local/lib/python3.8/site-packages (1.7.0)
Requirement already satisfied: matplotlib in /zhome/09/9/144141/.local/lib/python3.8/site-packages (3.3.3)
Requirement already satisfied: procgen in /zhome/09/9/144141/.local/lib/python3.8/site-packages (0.10.4)
Requirement already satisfied: gym in /zhome/09/9/144141/.local/lib/python3.8/site-packages (0.17.3)
Requirement already satisfied: dataclasses in /zhome/09/9/144141/.local/lib/python3.8/site-packages (from torch) (0.6)
Requirement already satisfied: typing-extensions in /zhome/09/9/144141/.local/lib/python3.8/site-packages (from torch) (3.7.4.3)
Requirement already satisfied: numpy in /zhome/09/9/144141/.local/lib/python3.8/site-packages (from torch) (1.19.4)
Requirement already satisfied: future in /zhome/09/9/144141/.local/lib/python3.8/site-packages (from torch) (0.18.2)
Requirement already satisfied: cycler>=0.10 in /zhome/09/9/144141/.local/lib/python3.8/site-packages (from matplotlib) (0.10.0)
Requirement already satisfied: pyparsing!=2.0.4,!=2.1.2,!=2.1.6,>=2.0.3 in /zhome/09/9/144141/.local/lib/python3.8/site-packages (from matplotlib) (2.4.7)
Requirement already satisfied: pillow>=6.2.0 in /zhome/09/9/144141/.local/lib/python3.8/site-packages (from matplotlib) (8.0.1)
Requirement already satisfied: python-dateutil>=2.1 in /zhome/09/9/144141/.local/lib/python3.8/site-packages (from matplotlib) (2.8.1)
Requirement already satisfied: kiwisolver>=1.0.1 in /zhome/09/9/144141/.local/lib/python3.8/site-packages (from matplotlib) (1.3.1)
Requirement already satisfied: gym3<1.0.0,>=0.3.3 in /zhome/09/9/144141/.local/lib/python3.8/site-packages (from procgen) (0.3.3)
Requirement already satisfied: filelock<4.0.0,>=3.0.0 in /zhome/09/9/144141/.local/lib/python3.8/site-packages (from procgen) (3.0.12)
Requirement already satisfied: scipy in /zhome/09/9/144141/.local/lib/python3.8/site-packages (from gym) (1.5.4)
Requirement already satisfied: pyglet<=1.5.0,>=1.4.0 in /zhome/09/9/144141/.local/lib/python3.8/site-packages (from gym) (1.5.0)
Requirement already satisfied: cloudpickle<1.7.0,>=1.2.0 in /zhome/09/9/144141/.local/lib/python3.8/site-packages (from gym) (1.6.0)
Requirement already satisfied: six in /zhome/09/9/144141/.local/lib/python3.8/site-packages (from cycler>=0.10->matplotlib) (1.15.0)
Requirement already satisfied: imageio-ffmpeg<0.4.0,>=0.3.0 in /zhome/09/9/144141/.local/lib/python3.8/site-packages (from gym3<1.0.0,>=0.3.3->procgen) (0.3.0)
Requirement already satisfied: imageio<3.0.0,>=2.6.0 in /zhome/09/9/144141/.local/lib/python3.8/site-packages (from gym3<1.0.0,>=0.3.3->procgen) (2.9.0)
Requirement already satisfied: moderngl<6.0.0,>=5.5.4 in /zhome/09/9/144141/.local/lib/python3.8/site-packages (from gym3<1.0.0,>=0.3.3->procgen) (5.6.2)
Requirement already satisfied: cffi<2.0.0,>=1.13.0 in /zhome/09/9/144141/.local/lib/python3.8/site-packages (from gym3<1.0.0,>=0.3.3->procgen) (1.14.4)
Requirement already satisfied: glfw<2.0.0,>=1.8.6 in /zhome/09/9/144141/.local/lib/python3.8/site-packages (from gym3<1.0.0,>=0.3.3->procgen) (1.12.0)
Requirement already satisfied: glcontext<3,>=2 in /zhome/09/9/144141/.local/lib/python3.8/site-packages (from moderngl<6.0.0,>=5.5.4->gym3<1.0.0,>=0.3.3->procgen) (2.2.0)
Requirement already satisfied: pycparser in /zhome/09/9/144141/.local/lib/python3.8/site-packages (from cffi<2.0.0,>=1.13.0->gym3<1.0.0,>=0.3.3->procgen) (2.20)
Run name sd_n_mx_db
Encoder used Nature
Augumentation used none
Mixreg? True
Game dodgeball
Observation space: Box(0.0, 1.0, (3, 64, 64), float32)
Action space: 15
Embrace Nature!
Step: 8192	Mean reward: 3.1875, 	Mean reward done: 1.5912986993789673
Estimated time of completion: 9.299959056079388 hours
Step: 16384	Mean reward: 1.6875, 	Mean reward done: 0.5955712199211121
Step: 24576	Mean reward: 2.8125, 	Mean reward done: 0.8981674313545227
Step: 32768	Mean reward: 2.375, 	Mean reward done: 0.8875117301940918
Step: 40960	Mean reward: 2.1875, 	Mean reward done: 0.8629260659217834
Step: 49152	Mean reward: 2.375, 	Mean reward done: 0.7968946099281311
Step: 57344	Mean reward: 3.25, 	Mean reward done: 1.537661075592041
Step: 65536	Mean reward: 2.375, 	Mean reward done: 0.7483174800872803
Step: 73728	Mean reward: 2.9375, 	Mean reward done: 1.166237235069275
Step: 81920	Mean reward: 2.0625, 	Mean reward done: 0.5748040080070496
Step: 90112	Mean reward: 2.3125, 	Mean reward done: 0.8654741048812866
Step: 98304	Mean reward: 2.3125, 	Mean reward done: 0.9335553050041199
Step: 106496	Mean reward: 2.25, 	Mean reward done: 0.9340735673904419
Step: 114688	Mean reward: 2.3125, 	Mean reward done: 0.9325770735740662
Step: 122880	Mean reward: 2.625, 	Mean reward done: 1.0317957401275635
Step: 131072	Mean reward: 2.0, 	Mean reward done: 0.6680846214294434
Step: 139264	Mean reward: 2.25, 	Mean reward done: 0.7397093176841736
Step: 147456	Mean reward: 2.6875, 	Mean reward done: 0.6979770660400391
Step: 155648	Mean reward: 2.8125, 	Mean reward done: 0.93354731798172
Step: 163840	Mean reward: 2.8125, 	Mean reward done: 1.4962824583053589
Step: 172032	Mean reward: 3.125, 	Mean reward done: 1.1952247619628906
Step: 180224	Mean reward: 3.0, 	Mean reward done: 0.8712260723114014
Step: 188416	Mean reward: 2.625, 	Mean reward done: 0.6660482287406921
Step: 196608	Mean reward: 3.25, 	Mean reward done: 0.9836821556091309
Step: 204800	Mean reward: 3.5, 	Mean reward done: 1.1868538856506348
Step: 212992	Mean reward: 3.1875, 	Mean reward done: 1.0131274461746216
Step: 221184	Mean reward: 3.5625, 	Mean reward done: 1.401787519454956
Step: 229376	Mean reward: 3.875, 	Mean reward done: 1.0355669260025024
Step: 237568	Mean reward: 2.75, 	Mean reward done: 0.9952219128608704
Step: 245760	Mean reward: 2.875, 	Mean reward done: 1.0640243291854858
Step: 253952	Mean reward: 3.125, 	Mean reward done: 1.1094502210617065
Step: 262144	Mean reward: 4.3125, 	Mean reward done: 1.393873929977417
Step: 270336	Mean reward: 2.8125, 	Mean reward done: 0.9837000370025635
Step: 278528	Mean reward: 3.5625, 	Mean reward done: 1.0487103462219238
Step: 286720	Mean reward: 3.75, 	Mean reward done: 1.0663515329360962
Step: 294912	Mean reward: 3.0, 	Mean reward done: 0.8574694395065308
Step: 303104	Mean reward: 3.1875, 	Mean reward done: 1.3679755926132202
Step: 311296	Mean reward: 3.5625, 	Mean reward done: 1.0984877347946167
Step: 319488	Mean reward: 3.6875, 	Mean reward done: 1.2063480615615845
Step: 327680	Mean reward: 2.5625, 	Mean reward done: 0.9464516043663025
Step: 335872	Mean reward: 3.1875, 	Mean reward done: 1.1697614192962646
Step: 344064	Mean reward: 2.8125, 	Mean reward done: 0.8574070334434509
Step: 352256	Mean reward: 2.4375, 	Mean reward done: 0.8600380420684814
Step: 360448	Mean reward: 4.25, 	Mean reward done: 1.4272276163101196
Step: 368640	Mean reward: 4.125, 	Mean reward done: 1.2613170146942139
Step: 376832	Mean reward: 3.375, 	Mean reward done: 0.9644165635108948
Step: 385024	Mean reward: 3.0625, 	Mean reward done: 1.2682729959487915
Step: 393216	Mean reward: 3.375, 	Mean reward done: 0.9594482779502869
Step: 401408	Mean reward: 2.875, 	Mean reward done: 1.2561910152435303
Step: 409600	Mean reward: 2.5625, 	Mean reward done: 0.8898710608482361
Step: 417792	Mean reward: 3.0, 	Mean reward done: 1.097630262374878
Step: 425984	Mean reward: 2.9375, 	Mean reward done: 0.9297772645950317
Step: 434176	Mean reward: 3.5625, 	Mean reward done: 1.0909888744354248
Step: 442368	Mean reward: 4.0, 	Mean reward done: 1.616710901260376
Step: 450560	Mean reward: 3.3125, 	Mean reward done: 1.0079401731491089
Step: 458752	Mean reward: 3.125, 	Mean reward done: 0.9386411905288696
Step: 466944	Mean reward: 3.4375, 	Mean reward done: 1.277866005897522
Step: 475136	Mean reward: 3.1875, 	Mean reward done: 1.2534210681915283
Step: 483328	Mean reward: 2.8125, 	Mean reward done: 1.2643535137176514
Step: 491520	Mean reward: 3.3125, 	Mean reward done: 1.228237271308899
Step: 499712	Mean reward: 3.625, 	Mean reward done: 1.2998019456863403
Step: 507904	Mean reward: 3.0, 	Mean reward done: 1.1461559534072876
Step: 516096	Mean reward: 3.375, 	Mean reward done: 1.4048482179641724
Step: 524288	Mean reward: 3.0625, 	Mean reward done: 1.0377628803253174
Step: 532480	Mean reward: 3.4375, 	Mean reward done: 1.0631020069122314
Step: 540672	Mean reward: 4.125, 	Mean reward done: 1.5876245498657227
Step: 548864	Mean reward: 3.1875, 	Mean reward done: 0.8846861720085144
Step: 557056	Mean reward: 2.5, 	Mean reward done: 1.0487051010131836
Step: 565248	Mean reward: 2.5625, 	Mean reward done: 0.868972897529602
Step: 573440	Mean reward: 3.25, 	Mean reward done: 1.6399654150009155
Step: 581632	Mean reward: 3.125, 	Mean reward done: 1.0654457807540894
Step: 589824	Mean reward: 3.0, 	Mean reward done: 1.0031708478927612
Step: 598016	Mean reward: 3.6875, 	Mean reward done: 1.3978575468063354
Step: 606208	Mean reward: 3.1875, 	Mean reward done: 1.1170618534088135
Step: 614400	Mean reward: 3.375, 	Mean reward done: 1.2223405838012695
Step: 622592	Mean reward: 2.75, 	Mean reward done: 1.0247050523757935
Step: 630784	Mean reward: 2.375, 	Mean reward done: 0.9208981394767761
Step: 638976	Mean reward: 3.125, 	Mean reward done: 1.0204179286956787
Step: 647168	Mean reward: 3.25, 	Mean reward done: 1.0018982887268066
Step: 655360	Mean reward: 4.0625, 	Mean reward done: 0.9877613186836243
Step: 663552	Mean reward: 4.1875, 	Mean reward done: 1.4557510614395142
Step: 671744	Mean reward: 3.875, 	Mean reward done: 1.4850075244903564
Step: 679936	Mean reward: 2.5, 	Mean reward done: 0.8613202571868896
Step: 688128	Mean reward: 3.0625, 	Mean reward done: 1.3134633302688599
Step: 696320	Mean reward: 3.25, 	Mean reward done: 1.6351251602172852
Step: 704512	Mean reward: 3.8125, 	Mean reward done: 1.123963475227356
Step: 712704	Mean reward: 3.25, 	Mean reward done: 1.1102083921432495
Step: 720896	Mean reward: 3.625, 	Mean reward done: 1.2106540203094482
Step: 729088	Mean reward: 3.5625, 	Mean reward done: 1.1325743198394775
Step: 737280	Mean reward: 3.75, 	Mean reward done: 1.174382209777832
Step: 745472	Mean reward: 4.25, 	Mean reward done: 1.2433193922042847
Step: 753664	Mean reward: 3.75, 	Mean reward done: 1.6820452213287354
Step: 761856	Mean reward: 3.125, 	Mean reward done: 1.093270182609558
Step: 770048	Mean reward: 2.5625, 	Mean reward done: 1.0705256462097168
Step: 778240	Mean reward: 3.75, 	Mean reward done: 1.2416881322860718
Step: 786432	Mean reward: 3.8125, 	Mean reward done: 1.190232753753662
Step: 794624	Mean reward: 3.5625, 	Mean reward done: 1.173953652381897
Step: 802816	Mean reward: 3.6875, 	Mean reward done: 1.2961509227752686
Step: 811008	Mean reward: 4.3125, 	Mean reward done: 2.169513702392578
Step: 819200	Mean reward: 3.875, 	Mean reward done: 1.650519847869873
Step: 827392	Mean reward: 3.875, 	Mean reward done: 1.3795833587646484
Step: 835584	Mean reward: 3.5625, 	Mean reward done: 1.0189945697784424
Step: 843776	Mean reward: 4.125, 	Mean reward done: 1.3055505752563477
Step: 851968	Mean reward: 2.125, 	Mean reward done: 0.8407126665115356
Step: 860160	Mean reward: 2.6875, 	Mean reward done: 0.9111016988754272
Step: 868352	Mean reward: 4.125, 	Mean reward done: 1.0879089832305908
Step: 876544	Mean reward: 3.0625, 	Mean reward done: 0.9293797612190247
Step: 884736	Mean reward: 3.6875, 	Mean reward done: 1.0896409749984741
Step: 892928	Mean reward: 3.25, 	Mean reward done: 1.4238046407699585
Step: 901120	Mean reward: 4.0, 	Mean reward done: 1.6171889305114746
Step: 909312	Mean reward: 5.875, 	Mean reward done: 2.3146119117736816
Step: 917504	Mean reward: 3.1875, 	Mean reward done: 1.004593014717102
Step: 925696	Mean reward: 3.375, 	Mean reward done: 1.054207682609558
Step: 933888	Mean reward: 5.125, 	Mean reward done: 1.812636375427246
Step: 942080	Mean reward: 4.5, 	Mean reward done: 1.4935675859451294
Step: 950272	Mean reward: 3.0, 	Mean reward done: 0.8736684918403625
Step: 958464	Mean reward: 4.5, 	Mean reward done: 1.206958293914795
Step: 966656	Mean reward: 2.75, 	Mean reward done: 0.9774078726768494
Step: 974848	Mean reward: 3.875, 	Mean reward done: 1.1737735271453857
Step: 983040	Mean reward: 3.5, 	Mean reward done: 1.1991041898727417
Step: 991232	Mean reward: 4.5625, 	Mean reward done: 1.7534973621368408
Step: 999424	Mean reward: 3.25, 	Mean reward done: 1.301937222480774
Step: 1007616	Mean reward: 5.0625, 	Mean reward done: 1.7927700281143188
Step: 1015808	Mean reward: 3.9375, 	Mean reward done: 1.2281137704849243
Step: 1024000	Mean reward: 4.0625, 	Mean reward done: 1.2933409214019775
Step: 1032192	Mean reward: 4.0, 	Mean reward done: 1.1840026378631592
Step: 1040384	Mean reward: 3.9375, 	Mean reward done: 1.2806881666183472
Step: 1048576	Mean reward: 3.25, 	Mean reward done: 1.0303219556808472
Step: 1056768	Mean reward: 3.4375, 	Mean reward done: 1.0038577318191528
Step: 1064960	Mean reward: 4.0, 	Mean reward done: 1.5908997058868408
Step: 1073152	Mean reward: 2.5625, 	Mean reward done: 1.0463509559631348
Step: 1081344	Mean reward: 4.375, 	Mean reward done: 1.3602460622787476
Step: 1089536	Mean reward: 3.5, 	Mean reward done: 1.0631372928619385
Step: 1097728	Mean reward: 4.3125, 	Mean reward done: 1.356774091720581
Step: 1105920	Mean reward: 4.0625, 	Mean reward done: 1.0704158544540405
Step: 1114112	Mean reward: 4.5625, 	Mean reward done: 1.3475767374038696
Step: 1122304	Mean reward: 5.1875, 	Mean reward done: 1.5083808898925781
Step: 1130496	Mean reward: 3.0625, 	Mean reward done: 0.8519619107246399
Step: 1138688	Mean reward: 4.25, 	Mean reward done: 1.1856802701950073
Step: 1146880	Mean reward: 4.4375, 	Mean reward done: 1.286084532737732
Step: 1155072	Mean reward: 5.875, 	Mean reward done: 2.112281560897827
Step: 1163264	Mean reward: 3.875, 	Mean reward done: 1.07766854763031
Step: 1171456	Mean reward: 3.75, 	Mean reward done: 1.0952106714248657
Step: 1179648	Mean reward: 4.0625, 	Mean reward done: 1.494714617729187
Step: 1187840	Mean reward: 4.4375, 	Mean reward done: 1.5398285388946533
Step: 1196032	Mean reward: 3.4375, 	Mean reward done: 1.151073932647705
Step: 1204224	Mean reward: 3.9375, 	Mean reward done: 1.5569473505020142
Step: 1212416	Mean reward: 4.8125, 	Mean reward done: 1.8073962926864624
Step: 1220608	Mean reward: 4.0, 	Mean reward done: 1.4231666326522827
Step: 1228800	Mean reward: 5.875, 	Mean reward done: 1.700076937675476
Step: 1236992	Mean reward: 4.0, 	Mean reward done: 1.182151436805725
Step: 1245184	Mean reward: 2.875, 	Mean reward done: 1.009790301322937
Step: 1253376	Mean reward: 3.3125, 	Mean reward done: 0.95858234167099
Step: 1261568	Mean reward: 3.4375, 	Mean reward done: 1.2150077819824219
Step: 1269760	Mean reward: 2.875, 	Mean reward done: 0.9975404143333435
Step: 1277952	Mean reward: 5.1875, 	Mean reward done: 1.4138025045394897
Step: 1286144	Mean reward: 5.4375, 	Mean reward done: 1.672672986984253
Step: 1294336	Mean reward: 4.3125, 	Mean reward done: 1.6498914957046509
Step: 1302528	Mean reward: 4.625, 	Mean reward done: 1.4454963207244873
Step: 1310720	Mean reward: 4.3125, 	Mean reward done: 1.3769503831863403
Step: 1318912	Mean reward: 4.9375, 	Mean reward done: 1.5114030838012695
Step: 1327104	Mean reward: 3.75, 	Mean reward done: 1.2244065999984741
Step: 1335296	Mean reward: 4.0, 	Mean reward done: 1.4789605140686035
Step: 1343488	Mean reward: 4.1875, 	Mean reward done: 1.211456298828125
Step: 1351680	Mean reward: 5.25, 	Mean reward done: 1.4160237312316895
Step: 1359872	Mean reward: 4.625, 	Mean reward done: 1.5585530996322632
Step: 1368064	Mean reward: 4.5625, 	Mean reward done: 1.6500927209854126
Step: 1376256	Mean reward: 3.375, 	Mean reward done: 1.242488980293274
Step: 1384448	Mean reward: 4.5, 	Mean reward done: 1.2412363290786743
Step: 1392640	Mean reward: 4.5, 	Mean reward done: 1.629980444908142
Step: 1400832	Mean reward: 3.125, 	Mean reward done: 1.0951205492019653
Step: 1409024	Mean reward: 3.9375, 	Mean reward done: 1.4095312356948853
Step: 1417216	Mean reward: 3.5625, 	Mean reward done: 1.2474703788757324
Step: 1425408	Mean reward: 4.3125, 	Mean reward done: 1.2557480335235596
Step: 1433600	Mean reward: 4.875, 	Mean reward done: 1.609121561050415
Step: 1441792	Mean reward: 4.125, 	Mean reward done: 1.4393023252487183
Step: 1449984	Mean reward: 4.3125, 	Mean reward done: 1.126989483833313
Step: 1458176	Mean reward: 3.6875, 	Mean reward done: 1.2676326036453247
Step: 1466368	Mean reward: 4.6875, 	Mean reward done: 1.3312115669250488
Step: 1474560	Mean reward: 3.6875, 	Mean reward done: 1.3083045482635498
Step: 1482752	Mean reward: 4.4375, 	Mean reward done: 1.2123643159866333
Step: 1490944	Mean reward: 5.6875, 	Mean reward done: 1.5532654523849487
Step: 1499136	Mean reward: 3.625, 	Mean reward done: 1.2422339916229248
Step: 1507328	Mean reward: 4.5, 	Mean reward done: 1.49029541015625
Step: 1515520	Mean reward: 3.875, 	Mean reward done: 1.009110689163208
Step: 1523712	Mean reward: 5.1875, 	Mean reward done: 1.9327151775360107
Step: 1531904	Mean reward: 3.9375, 	Mean reward done: 1.1208505630493164
Step: 1540096	Mean reward: 3.9375, 	Mean reward done: 1.3457489013671875
Step: 1548288	Mean reward: 4.0625, 	Mean reward done: 1.3924020528793335
Step: 1556480	Mean reward: 2.875, 	Mean reward done: 1.1815356016159058
Step: 1564672	Mean reward: 3.4375, 	Mean reward done: 1.2673627138137817
Step: 1572864	Mean reward: 4.375, 	Mean reward done: 1.2326998710632324
Step: 1581056	Mean reward: 3.625, 	Mean reward done: 1.4103211164474487
Step: 1589248	Mean reward: 3.0, 	Mean reward done: 0.9475194811820984
Step: 1597440	Mean reward: 4.3125, 	Mean reward done: 1.2919021844863892
Step: 1605632	Mean reward: 4.75, 	Mean reward done: 1.459362268447876
Step: 1613824	Mean reward: 5.4375, 	Mean reward done: 1.7250736951828003
Step: 1622016	Mean reward: 4.75, 	Mean reward done: 1.4209797382354736
Step: 1630208	Mean reward: 3.6875, 	Mean reward done: 1.1961755752563477
Step: 1638400	Mean reward: 4.125, 	Mean reward done: 1.1552101373672485
Step: 1646592	Mean reward: 4.6875, 	Mean reward done: 1.5932426452636719
Step: 1654784	Mean reward: 4.0625, 	Mean reward done: 1.2350178956985474
Step: 1662976	Mean reward: 4.375, 	Mean reward done: 1.297737717628479
Step: 1671168	Mean reward: 3.75, 	Mean reward done: 1.376820683479309
Step: 1679360	Mean reward: 3.25, 	Mean reward done: 1.1404451131820679
Step: 1687552	Mean reward: 5.0625, 	Mean reward done: 1.3785897493362427
Step: 1695744	Mean reward: 4.6875, 	Mean reward done: 1.2555891275405884
Step: 1703936	Mean reward: 4.3125, 	Mean reward done: 1.4815690517425537
Step: 1712128	Mean reward: 3.75, 	Mean reward done: 1.1181248426437378
Step: 1720320	Mean reward: 4.1875, 	Mean reward done: 1.7359144687652588
Step: 1728512	Mean reward: 3.0, 	Mean reward done: 0.8748783469200134
Step: 1736704	Mean reward: 3.25, 	Mean reward done: 1.232613444328308
Step: 1744896	Mean reward: 2.625, 	Mean reward done: 0.7466833591461182
Step: 1753088	Mean reward: 4.3125, 	Mean reward done: 1.0837509632110596
Step: 1761280	Mean reward: 3.375, 	Mean reward done: 1.0635671615600586
Step: 1769472	Mean reward: 3.625, 	Mean reward done: 1.0952438116073608
Step: 1777664	Mean reward: 3.1875, 	Mean reward done: 1.145776391029358
Step: 1785856	Mean reward: 3.625, 	Mean reward done: 1.0502995252609253
Step: 1794048	Mean reward: 4.0625, 	Mean reward done: 1.283159613609314
Step: 1802240	Mean reward: 3.9375, 	Mean reward done: 1.230504035949707
Step: 1810432	Mean reward: 3.875, 	Mean reward done: 0.9993712306022644
Step: 1818624	Mean reward: 3.0625, 	Mean reward done: 1.217217206954956
Step: 1826816	Mean reward: 3.5, 	Mean reward done: 1.2326133251190186
Step: 1835008	Mean reward: 4.125, 	Mean reward done: 1.1974929571151733
Step: 1843200	Mean reward: 3.75, 	Mean reward done: 1.417676568031311
Step: 1851392	Mean reward: 5.0, 	Mean reward done: 1.2756050825119019
Step: 1859584	Mean reward: 4.125, 	Mean reward done: 1.1898044347763062
Step: 1867776	Mean reward: 4.75, 	Mean reward done: 1.79536771774292
Step: 1875968	Mean reward: 4.4375, 	Mean reward done: 1.4379119873046875
Step: 1884160	Mean reward: 3.5625, 	Mean reward done: 1.3949470520019531
Step: 1892352	Mean reward: 3.875, 	Mean reward done: 1.222655177116394
Step: 1900544	Mean reward: 5.625, 	Mean reward done: 1.5892245769500732
Step: 1908736	Mean reward: 4.0625, 	Mean reward done: 1.1679624319076538
Step: 1916928	Mean reward: 4.5625, 	Mean reward done: 1.3145227432250977
Step: 1925120	Mean reward: 4.3125, 	Mean reward done: 1.4217686653137207
Step: 1933312	Mean reward: 4.6875, 	Mean reward done: 1.0426279306411743
Step: 1941504	Mean reward: 4.875, 	Mean reward done: 1.381039023399353
Step: 1949696	Mean reward: 4.0, 	Mean reward done: 1.2935216426849365
Step: 1957888	Mean reward: 4.4375, 	Mean reward done: 1.2894892692565918
Step: 1966080	Mean reward: 4.125, 	Mean reward done: 1.4177279472351074
Step: 1974272	Mean reward: 4.6875, 	Mean reward done: 1.3030788898468018
Step: 1982464	Mean reward: 5.5625, 	Mean reward done: 1.6266738176345825
Step: 1990656	Mean reward: 4.8125, 	Mean reward done: 1.348371148109436
Step: 1998848	Mean reward: 4.625, 	Mean reward done: 1.5050493478775024
Step: 2007040	Mean reward: 5.1875, 	Mean reward done: 1.400588035583496
Step: 2015232	Mean reward: 4.25, 	Mean reward done: 1.4108881950378418
Step: 2023424	Mean reward: 3.3125, 	Mean reward done: 1.0321193933486938
Step: 2031616	Mean reward: 4.375, 	Mean reward done: 1.2776628732681274
Step: 2039808	Mean reward: 4.6875, 	Mean reward done: 1.4513133764266968
Step: 2048000	Mean reward: 4.1875, 	Mean reward done: 1.2192965745925903
Step: 2056192	Mean reward: 5.1875, 	Mean reward done: 1.5300168991088867
Step: 2064384	Mean reward: 4.6875, 	Mean reward done: 1.5895895957946777
Step: 2072576	Mean reward: 4.5625, 	Mean reward done: 1.2522212266921997
Step: 2080768	Mean reward: 3.8125, 	Mean reward done: 1.3801100254058838
Step: 2088960	Mean reward: 4.375, 	Mean reward done: 1.0059036016464233
Step: 2097152	Mean reward: 4.5625, 	Mean reward done: 1.381324291229248
Step: 2105344	Mean reward: 4.75, 	Mean reward done: 1.3907109498977661
Step: 2113536	Mean reward: 4.4375, 	Mean reward done: 1.8212950229644775
Step: 2121728	Mean reward: 4.1875, 	Mean reward done: 1.3247419595718384
Step: 2129920	Mean reward: 3.875, 	Mean reward done: 1.135034441947937
Step: 2138112	Mean reward: 3.875, 	Mean reward done: 1.0567651987075806
Step: 2146304	Mean reward: 5.3125, 	Mean reward done: 1.3475561141967773
Step: 2154496	Mean reward: 4.5, 	Mean reward done: 1.223663330078125
Step: 2162688	Mean reward: 4.8125, 	Mean reward done: 1.5469640493392944
Step: 2170880	Mean reward: 4.0, 	Mean reward done: 1.0758293867111206
Step: 2179072	Mean reward: 2.9375, 	Mean reward done: 0.999826192855835
Step: 2187264	Mean reward: 3.8125, 	Mean reward done: 0.9382779002189636
Step: 2195456	Mean reward: 4.0, 	Mean reward done: 1.0574623346328735
Step: 2203648	Mean reward: 4.625, 	Mean reward done: 1.2894670963287354
Step: 2211840	Mean reward: 3.625, 	Mean reward done: 1.0957691669464111
Step: 2220032	Mean reward: 5.125, 	Mean reward done: 1.7954611778259277
Step: 2228224	Mean reward: 4.9375, 	Mean reward done: 1.6150774955749512
Step: 2236416	Mean reward: 3.3125, 	Mean reward done: 1.1022154092788696
Step: 2244608	Mean reward: 4.5, 	Mean reward done: 1.1692652702331543
Step: 2252800	Mean reward: 3.8125, 	Mean reward done: 1.1836551427841187
Step: 2260992	Mean reward: 3.625, 	Mean reward done: 1.299198865890503
Step: 2269184	Mean reward: 4.625, 	Mean reward done: 1.7083383798599243
Step: 2277376	Mean reward: 5.0, 	Mean reward done: 1.1987924575805664
Step: 2285568	Mean reward: 3.75, 	Mean reward done: 1.2601953744888306
Step: 2293760	Mean reward: 4.75, 	Mean reward done: 1.2457374334335327
Step: 2301952	Mean reward: 5.5625, 	Mean reward done: 1.3778753280639648
Step: 2310144	Mean reward: 4.875, 	Mean reward done: 1.5225887298583984
Step: 2318336	Mean reward: 4.0625, 	Mean reward done: 1.1214925050735474
Step: 2326528	Mean reward: 4.375, 	Mean reward done: 1.1171464920043945
Step: 2334720	Mean reward: 5.1875, 	Mean reward done: 1.3598086833953857
Step: 2342912	Mean reward: 3.8125, 	Mean reward done: 1.3405084609985352
Step: 2351104	Mean reward: 5.125, 	Mean reward done: 1.5185329914093018
Step: 2359296	Mean reward: 5.5625, 	Mean reward done: 1.3173390626907349
Step: 2367488	Mean reward: 6.375, 	Mean reward done: 1.6052249670028687
Step: 2375680	Mean reward: 4.5625, 	Mean reward done: 1.394242763519287
Step: 2383872	Mean reward: 4.375, 	Mean reward done: 0.9822113513946533
Step: 2392064	Mean reward: 4.4375, 	Mean reward done: 1.3377044200897217
Step: 2400256	Mean reward: 5.3125, 	Mean reward done: 1.6897339820861816
Step: 2408448	Mean reward: 3.3125, 	Mean reward done: 0.8681633472442627
Step: 2416640	Mean reward: 4.4375, 	Mean reward done: 1.3997151851654053
Step: 2424832	Mean reward: 3.625, 	Mean reward done: 1.1865565776824951
Step: 2433024	Mean reward: 5.5625, 	Mean reward done: 1.883117437362671
Step: 2441216	Mean reward: 4.6875, 	Mean reward done: 1.284519076347351
Step: 2449408	Mean reward: 4.0625, 	Mean reward done: 1.2729324102401733
Step: 2457600	Mean reward: 3.875, 	Mean reward done: 1.3292860984802246
Step: 2465792	Mean reward: 5.0625, 	Mean reward done: 1.4340806007385254
Step: 2473984	Mean reward: 4.125, 	Mean reward done: 1.5069174766540527
Step: 2482176	Mean reward: 4.5625, 	Mean reward done: 1.5632283687591553
Step: 2490368	Mean reward: 4.5, 	Mean reward done: 1.3393691778182983
Step: 2498560	Mean reward: 4.9375, 	Mean reward done: 1.6710386276245117
Step: 2506752	Mean reward: 5.125, 	Mean reward done: 1.323728322982788
Step: 2514944	Mean reward: 3.875, 	Mean reward done: 1.1426564455032349
Step: 2523136	Mean reward: 2.9375, 	Mean reward done: 0.8114052414894104
Step: 2531328	Mean reward: 3.1875, 	Mean reward done: 0.9365846514701843
Step: 2539520	Mean reward: 5.5625, 	Mean reward done: 1.6547539234161377
Step: 2547712	Mean reward: 5.0, 	Mean reward done: 1.476886510848999
Step: 2555904	Mean reward: 4.3125, 	Mean reward done: 1.603882074356079
Step: 2564096	Mean reward: 5.125, 	Mean reward done: 1.4914393424987793
Step: 2572288	Mean reward: 4.0625, 	Mean reward done: 1.2581928968429565
Step: 2580480	Mean reward: 4.6875, 	Mean reward done: 1.1258773803710938
Step: 2588672	Mean reward: 4.6875, 	Mean reward done: 1.3444831371307373
Step: 2596864	Mean reward: 3.1875, 	Mean reward done: 1.0156230926513672
Step: 2605056	Mean reward: 4.5625, 	Mean reward done: 1.2507972717285156
Step: 2613248	Mean reward: 5.875, 	Mean reward done: 1.6849181652069092
Step: 2621440	Mean reward: 4.75, 	Mean reward done: 1.4602336883544922
Step: 2629632	Mean reward: 4.8125, 	Mean reward done: 1.5904167890548706
Step: 2637824	Mean reward: 5.4375, 	Mean reward done: 1.6151422262191772
Step: 2646016	Mean reward: 4.875, 	Mean reward done: 1.6741594076156616
Step: 2654208	Mean reward: 4.375, 	Mean reward done: 1.285541296005249
Step: 2662400	Mean reward: 4.4375, 	Mean reward done: 1.0768558979034424
Step: 2670592	Mean reward: 3.625, 	Mean reward done: 0.9442086219787598
Step: 2678784	Mean reward: 4.3125, 	Mean reward done: 1.1620579957962036
Step: 2686976	Mean reward: 5.3125, 	Mean reward done: 1.5439950227737427
Step: 2695168	Mean reward: 5.625, 	Mean reward done: 1.5064398050308228
Step: 2703360	Mean reward: 5.25, 	Mean reward done: 1.497701644897461
Step: 2711552	Mean reward: 5.0, 	Mean reward done: 1.63226318359375
Step: 2719744	Mean reward: 5.0, 	Mean reward done: 1.3002275228500366
Step: 2727936	Mean reward: 4.5, 	Mean reward done: 1.2225581407546997
Step: 2736128	Mean reward: 4.875, 	Mean reward done: 1.2624797821044922
Step: 2744320	Mean reward: 4.1875, 	Mean reward done: 1.076946496963501
Step: 2752512	Mean reward: 4.5, 	Mean reward done: 1.2537773847579956
Step: 2760704	Mean reward: 4.625, 	Mean reward done: 1.4858930110931396
Step: 2768896	Mean reward: 4.25, 	Mean reward done: 1.7005242109298706
Step: 2777088	Mean reward: 4.5, 	Mean reward done: 1.1561665534973145
Step: 2785280	Mean reward: 4.25, 	Mean reward done: 1.4073716402053833
Step: 2793472	Mean reward: 5.125, 	Mean reward done: 1.3759809732437134
Step: 2801664	Mean reward: 4.0, 	Mean reward done: 1.3372550010681152
Step: 2809856	Mean reward: 5.4375, 	Mean reward done: 1.4851906299591064
Step: 2818048	Mean reward: 4.75, 	Mean reward done: 1.3950181007385254
Step: 2826240	Mean reward: 3.6875, 	Mean reward done: 1.2066521644592285
Step: 2834432	Mean reward: 4.75, 	Mean reward done: 1.2142688035964966
Step: 2842624	Mean reward: 4.8125, 	Mean reward done: 1.1581571102142334
Step: 2850816	Mean reward: 5.0625, 	Mean reward done: 1.91249418258667
Step: 2859008	Mean reward: 5.1875, 	Mean reward done: 1.3830845355987549
Step: 2867200	Mean reward: 5.3125, 	Mean reward done: 1.653641939163208
Step: 2875392	Mean reward: 4.875, 	Mean reward done: 1.266795039176941
Step: 2883584	Mean reward: 4.125, 	Mean reward done: 1.0627163648605347
Step: 2891776	Mean reward: 5.75, 	Mean reward done: 1.5371758937835693
Step: 2899968	Mean reward: 4.375, 	Mean reward done: 1.1733934879302979
Step: 2908160	Mean reward: 6.75, 	Mean reward done: 1.9754559993743896
Step: 2916352	Mean reward: 5.9375, 	Mean reward done: 1.397807002067566
Step: 2924544	Mean reward: 4.0625, 	Mean reward done: 1.0285658836364746
Step: 2932736	Mean reward: 4.375, 	Mean reward done: 1.3642219305038452
Step: 2940928	Mean reward: 3.4375, 	Mean reward done: 1.0718328952789307
Step: 2949120	Mean reward: 3.5, 	Mean reward done: 0.991804301738739
Step: 2957312	Mean reward: 4.5, 	Mean reward done: 1.2301990985870361
Step: 2965504	Mean reward: 4.5, 	Mean reward done: 1.426973819732666
Step: 2973696	Mean reward: 4.5625, 	Mean reward done: 1.2433212995529175
Step: 2981888	Mean reward: 4.5625, 	Mean reward done: 1.3271225690841675
Step: 2990080	Mean reward: 5.125, 	Mean reward done: 1.201811671257019
Step: 2998272	Mean reward: 3.625, 	Mean reward done: 1.3037244081497192
Step: 3006464	Mean reward: 2.5, 	Mean reward done: 0.6761153936386108
Step: 3014656	Mean reward: 3.875, 	Mean reward done: 1.1411961317062378
Step: 3022848	Mean reward: 4.5, 	Mean reward done: 1.3364942073822021
Step: 3031040	Mean reward: 5.6875, 	Mean reward done: 1.6357452869415283
Step: 3039232	Mean reward: 4.125, 	Mean reward done: 1.3330929279327393
Step: 3047424	Mean reward: 5.4375, 	Mean reward done: 1.6882778406143188
Step: 3055616	Mean reward: 4.125, 	Mean reward done: 1.2533347606658936
Step: 3063808	Mean reward: 4.0625, 	Mean reward done: 1.257595419883728
Step: 3072000	Mean reward: 3.6875, 	Mean reward done: 0.9695038795471191
Step: 3080192	Mean reward: 5.5, 	Mean reward done: 1.4585599899291992
Step: 3088384	Mean reward: 4.8125, 	Mean reward done: 1.4883062839508057
Step: 3096576	Mean reward: 5.0, 	Mean reward done: 1.318768858909607
Step: 3104768	Mean reward: 4.0625, 	Mean reward done: 1.4416959285736084
Step: 3112960	Mean reward: 3.625, 	Mean reward done: 1.3785202503204346
Step: 3121152	Mean reward: 2.875, 	Mean reward done: 1.094936490058899
Step: 3129344	Mean reward: 3.8125, 	Mean reward done: 1.304674506187439
Step: 3137536	Mean reward: 4.9375, 	Mean reward done: 1.8338649272918701
Step: 3145728	Mean reward: 4.0625, 	Mean reward done: 1.219812273979187
Step: 3153920	Mean reward: 5.5625, 	Mean reward done: 1.5407700538635254
Step: 3162112	Mean reward: 5.25, 	Mean reward done: 1.498824119567871
Step: 3170304	Mean reward: 4.375, 	Mean reward done: 1.4232447147369385
Step: 3178496	Mean reward: 4.5625, 	Mean reward done: 1.439031958580017
Step: 3186688	Mean reward: 4.0, 	Mean reward done: 1.2686043977737427
Step: 3194880	Mean reward: 4.0, 	Mean reward done: 1.1410924196243286
Step: 3203072	Mean reward: 4.75, 	Mean reward done: 1.6484953165054321
Step: 3211264	Mean reward: 5.25, 	Mean reward done: 1.3457226753234863
Step: 3219456	Mean reward: 4.1875, 	Mean reward done: 1.2450499534606934
Step: 3227648	Mean reward: 6.375, 	Mean reward done: 1.6563606262207031
Step: 3235840	Mean reward: 4.375, 	Mean reward done: 1.2265710830688477
Step: 3244032	Mean reward: 5.25, 	Mean reward done: 1.5825282335281372
Step: 3252224	Mean reward: 4.0, 	Mean reward done: 1.2114804983139038
Step: 3260416	Mean reward: 5.1875, 	Mean reward done: 1.555551528930664
Step: 3268608	Mean reward: 6.8125, 	Mean reward done: 2.022313356399536
Step: 3276800	Mean reward: 4.6875, 	Mean reward done: 1.2748079299926758
Step: 3284992	Mean reward: 5.125, 	Mean reward done: 1.379428744316101
Step: 3293184	Mean reward: 4.3125, 	Mean reward done: 1.1807668209075928
Step: 3301376	Mean reward: 4.4375, 	Mean reward done: 1.085369348526001
Step: 3309568	Mean reward: 3.875, 	Mean reward done: 1.0671656131744385
Step: 3317760	Mean reward: 3.375, 	Mean reward done: 1.022178292274475
Step: 3325952	Mean reward: 5.0, 	Mean reward done: 1.3557500839233398
Step: 3334144	Mean reward: 5.375, 	Mean reward done: 1.7248080968856812
Step: 3342336	Mean reward: 4.4375, 	Mean reward done: 1.2651734352111816
Step: 3350528	Mean reward: 4.375, 	Mean reward done: 1.265911340713501
Step: 3358720	Mean reward: 3.9375, 	Mean reward done: 1.3749308586120605
Step: 3366912	Mean reward: 4.375, 	Mean reward done: 1.4286309480667114
Step: 3375104	Mean reward: 5.1875, 	Mean reward done: 1.1933777332305908
Step: 3383296	Mean reward: 4.625, 	Mean reward done: 1.2928996086120605
Step: 3391488	Mean reward: 6.375, 	Mean reward done: 1.7020442485809326
Step: 3399680	Mean reward: 4.625, 	Mean reward done: 1.432151198387146
Step: 3407872	Mean reward: 4.8125, 	Mean reward done: 1.4469226598739624
Step: 3416064	Mean reward: 4.4375, 	Mean reward done: 1.3336607217788696
Step: 3424256	Mean reward: 5.125, 	Mean reward done: 1.68697988986969
Step: 3432448	Mean reward: 5.0625, 	Mean reward done: 1.481998324394226
Step: 3440640	Mean reward: 4.5, 	Mean reward done: 1.2493048906326294
Step: 3448832	Mean reward: 5.4375, 	Mean reward done: 1.5766565799713135
Step: 3457024	Mean reward: 5.625, 	Mean reward done: 1.815398097038269
Step: 3465216	Mean reward: 4.625, 	Mean reward done: 1.5348798036575317
Step: 3473408	Mean reward: 5.3125, 	Mean reward done: 1.226186990737915
Step: 3481600	Mean reward: 5.5625, 	Mean reward done: 1.6573652029037476
Step: 3489792	Mean reward: 4.6875, 	Mean reward done: 1.2297425270080566
Step: 3497984	Mean reward: 5.0, 	Mean reward done: 1.3173235654830933
Step: 3506176	Mean reward: 4.5625, 	Mean reward done: 1.1882716417312622
Step: 3514368	Mean reward: 4.75, 	Mean reward done: 1.5103235244750977
Step: 3522560	Mean reward: 5.9375, 	Mean reward done: 1.6265931129455566
Step: 3530752	Mean reward: 3.75, 	Mean reward done: 1.3255358934402466
Step: 3538944	Mean reward: 5.1875, 	Mean reward done: 1.467438817024231
Step: 3547136	Mean reward: 4.625, 	Mean reward done: 1.2952773571014404
Step: 3555328	Mean reward: 7.0625, 	Mean reward done: 2.0829081535339355
Step: 3563520	Mean reward: 3.875, 	Mean reward done: 1.0963181257247925
Step: 3571712	Mean reward: 4.5625, 	Mean reward done: 1.326420545578003
Step: 3579904	Mean reward: 3.5, 	Mean reward done: 0.9982888102531433
Step: 3588096	Mean reward: 6.25, 	Mean reward done: 1.4814789295196533
Step: 3596288	Mean reward: 4.4375, 	Mean reward done: 1.3478268384933472
Step: 3604480	Mean reward: 4.25, 	Mean reward done: 1.4517167806625366
Step: 3612672	Mean reward: 2.9375, 	Mean reward done: 0.7720023989677429
Step: 3620864	Mean reward: 4.875, 	Mean reward done: 1.4866231679916382
Step: 3629056	Mean reward: 3.8125, 	Mean reward done: 1.2932331562042236
Step: 3637248	Mean reward: 4.5625, 	Mean reward done: 1.5528206825256348
Step: 3645440	Mean reward: 3.1875, 	Mean reward done: 0.9424796104431152
Step: 3653632	Mean reward: 5.9375, 	Mean reward done: 1.8562064170837402
Step: 3661824	Mean reward: 3.9375, 	Mean reward done: 1.0745415687561035
Step: 3670016	Mean reward: 5.0, 	Mean reward done: 1.399179458618164
Step: 3678208	Mean reward: 4.875, 	Mean reward done: 1.2502983808517456
Step: 3686400	Mean reward: 4.0625, 	Mean reward done: 1.1778113842010498
Step: 3694592	Mean reward: 4.875, 	Mean reward done: 1.1897019147872925
Step: 3702784	Mean reward: 7.625, 	Mean reward done: 2.1144254207611084
Step: 3710976	Mean reward: 5.4375, 	Mean reward done: 1.597646951675415
Step: 3719168	Mean reward: 4.4375, 	Mean reward done: 1.4920544624328613
Step: 3727360	Mean reward: 5.375, 	Mean reward done: 1.5219401121139526
Step: 3735552	Mean reward: 4.1875, 	Mean reward done: 1.3015429973602295
Step: 3743744	Mean reward: 4.0625, 	Mean reward done: 1.5307486057281494
Step: 3751936	Mean reward: 3.8125, 	Mean reward done: 1.2089390754699707
Step: 3760128	Mean reward: 3.8125, 	Mean reward done: 1.0963994264602661
Step: 3768320	Mean reward: 4.5625, 	Mean reward done: 1.3179690837860107
Step: 3776512	Mean reward: 4.8125, 	Mean reward done: 1.7345401048660278
Step: 3784704	Mean reward: 3.5, 	Mean reward done: 1.1926227807998657
Step: 3792896	Mean reward: 3.4375, 	Mean reward done: 0.9174360036849976
Step: 3801088	Mean reward: 3.4375, 	Mean reward done: 1.1157658100128174
Step: 3809280	Mean reward: 3.875, 	Mean reward done: 1.1988874673843384
Step: 3817472	Mean reward: 5.375, 	Mean reward done: 1.7557092905044556
Step: 3825664	Mean reward: 4.1875, 	Mean reward done: 1.1214133501052856
Step: 3833856	Mean reward: 4.625, 	Mean reward done: 1.3781459331512451
Step: 3842048	Mean reward: 5.8125, 	Mean reward done: 1.7212584018707275
Step: 3850240	Mean reward: 3.625, 	Mean reward done: 1.0819793939590454
Step: 3858432	Mean reward: 6.25, 	Mean reward done: 1.4623230695724487
Step: 3866624	Mean reward: 4.25, 	Mean reward done: 1.2745475769042969
Step: 3874816	Mean reward: 4.5, 	Mean reward done: 1.16163170337677
Step: 3883008	Mean reward: 4.0, 	Mean reward done: 1.1242070198059082
Step: 3891200	Mean reward: 5.875, 	Mean reward done: 1.7201255559921265
Step: 3899392	Mean reward: 5.75, 	Mean reward done: 1.7917829751968384
Step: 3907584	Mean reward: 5.9375, 	Mean reward done: 1.5090768337249756
Step: 3915776	Mean reward: 4.0625, 	Mean reward done: 1.0441118478775024
Step: 3923968	Mean reward: 4.3125, 	Mean reward done: 1.11085844039917
Step: 3932160	Mean reward: 5.25, 	Mean reward done: 1.722485899925232
Step: 3940352	Mean reward: 4.75, 	Mean reward done: 1.156363606452942
Step: 3948544	Mean reward: 3.875, 	Mean reward done: 1.2978894710540771
Step: 3956736	Mean reward: 4.9375, 	Mean reward done: 1.481369137763977
Step: 3964928	Mean reward: 5.1875, 	Mean reward done: 1.7423393726348877
Step: 3973120	Mean reward: 4.8125, 	Mean reward done: 1.3173505067825317
Step: 3981312	Mean reward: 4.25, 	Mean reward done: 1.3110220432281494
Step: 3989504	Mean reward: 5.375, 	Mean reward done: 1.4944145679473877
Step: 3997696	Mean reward: 4.25, 	Mean reward done: 1.6053688526153564
Step: 4005888	Mean reward: 3.9375, 	Mean reward done: 1.4215152263641357
Step: 4014080	Mean reward: 3.625, 	Mean reward done: 1.2593932151794434
Step: 4022272	Mean reward: 3.25, 	Mean reward done: 1.2527647018432617
Step: 4030464	Mean reward: 4.6875, 	Mean reward done: 1.4090991020202637
Step: 4038656	Mean reward: 4.625, 	Mean reward done: 1.5174636840820312
Step: 4046848	Mean reward: 4.1875, 	Mean reward done: 1.0588735342025757
Step: 4055040	Mean reward: 4.8125, 	Mean reward done: 1.4192702770233154
Step: 4063232	Mean reward: 6.125, 	Mean reward done: 1.6514333486557007
Step: 4071424	Mean reward: 4.4375, 	Mean reward done: 1.4087592363357544
Step: 4079616	Mean reward: 3.875, 	Mean reward done: 1.056610345840454
Step: 4087808	Mean reward: 4.125, 	Mean reward done: 1.272537112236023
Step: 4096000	Mean reward: 5.5625, 	Mean reward done: 1.4059007167816162
Step: 4104192	Mean reward: 5.0, 	Mean reward done: 1.314699411392212
Step: 4112384	Mean reward: 3.1875, 	Mean reward done: 1.0299125909805298
Step: 4120576	Mean reward: 5.1875, 	Mean reward done: 1.552390217781067
Step: 4128768	Mean reward: 4.75, 	Mean reward done: 1.1382914781570435
Step: 4136960	Mean reward: 5.1875, 	Mean reward done: 1.7033683061599731
Step: 4145152	Mean reward: 5.8125, 	Mean reward done: 1.7284893989562988
Step: 4153344	Mean reward: 4.4375, 	Mean reward done: 1.2682112455368042
Step: 4161536	Mean reward: 5.125, 	Mean reward done: 1.4767348766326904
Step: 4169728	Mean reward: 4.25, 	Mean reward done: 1.1083778142929077
Step: 4177920	Mean reward: 5.0, 	Mean reward done: 1.3251094818115234
Step: 4186112	Mean reward: 5.0625, 	Mean reward done: 1.4808456897735596
Step: 4194304	Mean reward: 5.4375, 	Mean reward done: 1.761670708656311
Step: 4202496	Mean reward: 4.9375, 	Mean reward done: 1.464613437652588
Step: 4210688	Mean reward: 4.375, 	Mean reward done: 1.308517575263977
Step: 4218880	Mean reward: 5.5, 	Mean reward done: 1.708412766456604
Step: 4227072	Mean reward: 6.1875, 	Mean reward done: 1.4634994268417358
Step: 4235264	Mean reward: 7.75, 	Mean reward done: 2.064823865890503
Step: 4243456	Mean reward: 5.4375, 	Mean reward done: 1.5407780408859253
Step: 4251648	Mean reward: 5.125, 	Mean reward done: 1.6719950437545776
Step: 4259840	Mean reward: 3.0, 	Mean reward done: 0.8241844773292542
Step: 4268032	Mean reward: 6.8125, 	Mean reward done: 2.1326065063476562
Step: 4276224	Mean reward: 4.3125, 	Mean reward done: 1.4742066860198975
Step: 4284416	Mean reward: 4.3125, 	Mean reward done: 1.151455283164978
Step: 4292608	Mean reward: 4.5625, 	Mean reward done: 1.2260963916778564
Step: 4300800	Mean reward: 3.9375, 	Mean reward done: 1.2658777236938477
Step: 4308992	Mean reward: 4.0, 	Mean reward done: 1.3054627180099487
Step: 4317184	Mean reward: 4.4375, 	Mean reward done: 1.1448110342025757
Step: 4325376	Mean reward: 4.5625, 	Mean reward done: 1.5404703617095947
Step: 4333568	Mean reward: 4.1875, 	Mean reward done: 1.271775722503662
Step: 4341760	Mean reward: 6.0625, 	Mean reward done: 1.9123797416687012
Step: 4349952	Mean reward: 4.8125, 	Mean reward done: 1.4661037921905518
Step: 4358144	Mean reward: 5.5, 	Mean reward done: 1.6378575563430786
Step: 4366336	Mean reward: 4.5, 	Mean reward done: 1.1463621854782104
Step: 4374528	Mean reward: 3.875, 	Mean reward done: 1.3199772834777832
Step: 4382720	Mean reward: 5.4375, 	Mean reward done: 1.4200807809829712
Step: 4390912	Mean reward: 6.1875, 	Mean reward done: 1.6572973728179932
Step: 4399104	Mean reward: 5.8125, 	Mean reward done: 1.7159031629562378
Step: 4407296	Mean reward: 6.1875, 	Mean reward done: 1.8076221942901611
Step: 4415488	Mean reward: 4.6875, 	Mean reward done: 1.2185062170028687
Step: 4423680	Mean reward: 3.75, 	Mean reward done: 1.130361795425415
Step: 4431872	Mean reward: 4.75, 	Mean reward done: 1.0492442846298218
Step: 4440064	Mean reward: 5.8125, 	Mean reward done: 1.6433796882629395
Step: 4448256	Mean reward: 4.875, 	Mean reward done: 1.4056694507598877
Step: 4456448	Mean reward: 5.4375, 	Mean reward done: 1.5383001565933228
Step: 4464640	Mean reward: 5.3125, 	Mean reward done: 1.4503049850463867
Step: 4472832	Mean reward: 6.0, 	Mean reward done: 1.5383551120758057
Step: 4481024	Mean reward: 4.3125, 	Mean reward done: 1.6362524032592773
Step: 4489216	Mean reward: 5.1875, 	Mean reward done: 1.5582796335220337
Step: 4497408	Mean reward: 4.0, 	Mean reward done: 1.3916269540786743
Step: 4505600	Mean reward: 5.5625, 	Mean reward done: 1.3448896408081055
Step: 4513792	Mean reward: 6.1875, 	Mean reward done: 1.9621882438659668
Step: 4521984	Mean reward: 4.9375, 	Mean reward done: 1.577126383781433
Step: 4530176	Mean reward: 4.9375, 	Mean reward done: 1.410125494003296
Step: 4538368	Mean reward: 3.0, 	Mean reward done: 1.077141523361206
Step: 4546560	Mean reward: 3.5, 	Mean reward done: 0.9580772519111633
Step: 4554752	Mean reward: 3.625, 	Mean reward done: 1.140130877494812
Step: 4562944	Mean reward: 4.5, 	Mean reward done: 1.4521650075912476
Step: 4571136	Mean reward: 3.1875, 	Mean reward done: 1.0222245454788208
Step: 4579328	Mean reward: 5.125, 	Mean reward done: 1.3357594013214111
Step: 4587520	Mean reward: 3.625, 	Mean reward done: 1.1533840894699097
Step: 4595712	Mean reward: 5.0, 	Mean reward done: 1.408184289932251
Step: 4603904	Mean reward: 4.3125, 	Mean reward done: 1.0206913948059082
Step: 4612096	Mean reward: 4.3125, 	Mean reward done: 1.0850954055786133
Step: 4620288	Mean reward: 5.3125, 	Mean reward done: 1.5761078596115112
Step: 4628480	Mean reward: 5.375, 	Mean reward done: 1.4335081577301025
Step: 4636672	Mean reward: 5.875, 	Mean reward done: 1.694376826286316
Step: 4644864	Mean reward: 4.25, 	Mean reward done: 1.2379311323165894
Step: 4653056	Mean reward: 5.25, 	Mean reward done: 1.410372257232666
Step: 4661248	Mean reward: 4.5625, 	Mean reward done: 0.9521352648735046
Step: 4669440	Mean reward: 5.9375, 	Mean reward done: 1.6327955722808838
Step: 4677632	Mean reward: 3.625, 	Mean reward done: 1.2684450149536133
Step: 4685824	Mean reward: 5.25, 	Mean reward done: 1.5972588062286377
Step: 4694016	Mean reward: 6.1875, 	Mean reward done: 1.7884762287139893
Step: 4702208	Mean reward: 5.875, 	Mean reward done: 1.6053866147994995
Step: 4710400	Mean reward: 5.1875, 	Mean reward done: 1.4700202941894531
Step: 4718592	Mean reward: 6.4375, 	Mean reward done: 1.698305368423462
Step: 4726784	Mean reward: 4.5, 	Mean reward done: 1.1172759532928467
Step: 4734976	Mean reward: 5.8125, 	Mean reward done: 1.6770118474960327
Step: 4743168	Mean reward: 5.375, 	Mean reward done: 1.7099723815917969
Step: 4751360	Mean reward: 3.3125, 	Mean reward done: 1.052229881286621
Step: 4759552	Mean reward: 4.75, 	Mean reward done: 1.2611185312271118
Step: 4767744	Mean reward: 4.75, 	Mean reward done: 1.3630218505859375
Step: 4775936	Mean reward: 5.625, 	Mean reward done: 1.624449372291565
Step: 4784128	Mean reward: 3.5625, 	Mean reward done: 1.0002741813659668
Step: 4792320	Mean reward: 4.4375, 	Mean reward done: 1.3591716289520264
Step: 4800512	Mean reward: 5.25, 	Mean reward done: 1.459531545639038
Step: 4808704	Mean reward: 3.5625, 	Mean reward done: 1.1164240837097168
Step: 4816896	Mean reward: 5.6875, 	Mean reward done: 1.655487060546875
Step: 4825088	Mean reward: 7.0625, 	Mean reward done: 1.701345682144165
Step: 4833280	Mean reward: 6.3125, 	Mean reward done: 1.9318116903305054
Step: 4841472	Mean reward: 6.25, 	Mean reward done: 1.809261441230774
Step: 4849664	Mean reward: 5.8125, 	Mean reward done: 1.6922796964645386
Step: 4857856	Mean reward: 6.75, 	Mean reward done: 1.8533772230148315
Step: 4866048	Mean reward: 4.25, 	Mean reward done: 1.1946940422058105
Step: 4874240	Mean reward: 5.5625, 	Mean reward done: 1.5343793630599976
Step: 4882432	Mean reward: 3.5625, 	Mean reward done: 1.2657161951065063
Step: 4890624	Mean reward: 3.5625, 	Mean reward done: 1.171406626701355
Step: 4898816	Mean reward: 3.0, 	Mean reward done: 0.9735561013221741
Step: 4907008	Mean reward: 5.25, 	Mean reward done: 1.3135992288589478
Step: 4915200	Mean reward: 5.75, 	Mean reward done: 1.7770419120788574
Step: 4923392	Mean reward: 5.9375, 	Mean reward done: 1.707321047782898
Step: 4931584	Mean reward: 5.0, 	Mean reward done: 1.5619210004806519
Step: 4939776	Mean reward: 3.625, 	Mean reward done: 1.0593537092208862
Step: 4947968	Mean reward: 5.25, 	Mean reward done: 1.4496448040008545
Step: 4956160	Mean reward: 5.0625, 	Mean reward done: 1.3925869464874268
Step: 4964352	Mean reward: 5.125, 	Mean reward done: 1.370688796043396
Step: 4972544	Mean reward: 5.4375, 	Mean reward done: 1.481769323348999
Step: 4980736	Mean reward: 6.5625, 	Mean reward done: 1.7835123538970947
Step: 4988928	Mean reward: 3.75, 	Mean reward done: 1.1537752151489258
Step: 4997120	Mean reward: 4.375, 	Mean reward done: 1.21697998046875
Step: 5005312	Mean reward: 4.875, 	Mean reward done: 1.3229566812515259
Step: 5013504	Mean reward: 4.8125, 	Mean reward done: 1.5983625650405884
Step: 5021696	Mean reward: 3.4375, 	Mean reward done: 1.2891665697097778
Step: 5029888	Mean reward: 5.375, 	Mean reward done: 1.6606218814849854
Step: 5038080	Mean reward: 4.625, 	Mean reward done: 1.1010876893997192
Step: 5046272	Mean reward: 6.3125, 	Mean reward done: 1.6426024436950684
Step: 5054464	Mean reward: 5.0625, 	Mean reward done: 1.6598657369613647
Step: 5062656	Mean reward: 4.625, 	Mean reward done: 1.308419942855835
Step: 5070848	Mean reward: 5.4375, 	Mean reward done: 1.5664185285568237
Step: 5079040	Mean reward: 5.625, 	Mean reward done: 1.7206740379333496
Step: 5087232	Mean reward: 5.875, 	Mean reward done: 1.7747188806533813
Step: 5095424	Mean reward: 4.6875, 	Mean reward done: 1.5290944576263428
Step: 5103616	Mean reward: 4.375, 	Mean reward done: 1.4067370891571045
Step: 5111808	Mean reward: 5.0, 	Mean reward done: 1.2126543521881104
Step: 5120000	Mean reward: 3.75, 	Mean reward done: 1.4358372688293457
Step: 5128192	Mean reward: 3.5625, 	Mean reward done: 1.2344980239868164
Step: 5136384	Mean reward: 3.625, 	Mean reward done: 1.136871337890625
Step: 5144576	Mean reward: 5.0625, 	Mean reward done: 1.1468232870101929
Step: 5152768	Mean reward: 5.125, 	Mean reward done: 1.5111838579177856
Step: 5160960	Mean reward: 4.0625, 	Mean reward done: 1.262259840965271
Step: 5169152	Mean reward: 5.0, 	Mean reward done: 1.294319748878479
Step: 5177344	Mean reward: 4.8125, 	Mean reward done: 1.202539324760437
Step: 5185536	Mean reward: 5.875, 	Mean reward done: 1.3510005474090576
Step: 5193728	Mean reward: 7.25, 	Mean reward done: 1.8773685693740845
Step: 5201920	Mean reward: 5.625, 	Mean reward done: 1.6161059141159058
Step: 5210112	Mean reward: 5.4375, 	Mean reward done: 1.3757541179656982
Step: 5218304	Mean reward: 5.8125, 	Mean reward done: 1.6273473501205444
Step: 5226496	Mean reward: 5.5625, 	Mean reward done: 1.5762097835540771
Step: 5234688	Mean reward: 4.3125, 	Mean reward done: 1.2493691444396973
Step: 5242880	Mean reward: 4.5, 	Mean reward done: 1.2474766969680786
Step: 5251072	Mean reward: 4.625, 	Mean reward done: 1.1587636470794678
Step: 5259264	Mean reward: 3.875, 	Mean reward done: 1.4165312051773071
Step: 5267456	Mean reward: 4.875, 	Mean reward done: 1.466482162475586
Step: 5275648	Mean reward: 4.4375, 	Mean reward done: 1.2582802772521973
Step: 5283840	Mean reward: 5.0, 	Mean reward done: 1.4801281690597534
Step: 5292032	Mean reward: 5.3125, 	Mean reward done: 1.380205750465393
Step: 5300224	Mean reward: 3.9375, 	Mean reward done: 1.1577632427215576
Step: 5308416	Mean reward: 3.5625, 	Mean reward done: 0.8767819404602051
Step: 5316608	Mean reward: 4.3125, 	Mean reward done: 1.291846513748169
Step: 5324800	Mean reward: 4.75, 	Mean reward done: 1.1590968370437622
Step: 5332992	Mean reward: 6.625, 	Mean reward done: 1.7068010568618774
Step: 5341184	Mean reward: 8.125, 	Mean reward done: 1.9182437658309937
Step: 5349376	Mean reward: 5.875, 	Mean reward done: 1.6344735622406006
Step: 5357568	Mean reward: 4.75, 	Mean reward done: 1.1655720472335815
Step: 5365760	Mean reward: 5.0, 	Mean reward done: 1.3585697412490845
Step: 5373952	Mean reward: 4.5, 	Mean reward done: 1.333210825920105
Step: 5382144	Mean reward: 5.0, 	Mean reward done: 1.5613398551940918
Step: 5390336	Mean reward: 5.375, 	Mean reward done: 1.5593115091323853
Step: 5398528	Mean reward: 4.75, 	Mean reward done: 1.2870562076568604
Step: 5406720	Mean reward: 5.4375, 	Mean reward done: 1.6011947393417358
Step: 5414912	Mean reward: 4.25, 	Mean reward done: 1.592751145362854
Step: 5423104	Mean reward: 4.5, 	Mean reward done: 1.4283267259597778
Step: 5431296	Mean reward: 3.1875, 	Mean reward done: 1.0830122232437134
Step: 5439488	Mean reward: 5.75, 	Mean reward done: 1.3683741092681885
Step: 5447680	Mean reward: 5.5625, 	Mean reward done: 1.2504874467849731
Step: 5455872	Mean reward: 5.625, 	Mean reward done: 1.426716923713684
Step: 5464064	Mean reward: 5.0, 	Mean reward done: 1.2657856941223145
Step: 5472256	Mean reward: 6.5625, 	Mean reward done: 1.5012658834457397
Step: 5480448	Mean reward: 5.9375, 	Mean reward done: 1.6008461713790894
Step: 5488640	Mean reward: 4.75, 	Mean reward done: 1.243234634399414
Step: 5496832	Mean reward: 4.0625, 	Mean reward done: 1.193386435508728
Step: 5505024	Mean reward: 3.625, 	Mean reward done: 1.15672767162323
Step: 5513216	Mean reward: 4.375, 	Mean reward done: 1.1771352291107178
Step: 5521408	Mean reward: 6.5, 	Mean reward done: 1.5482100248336792
Step: 5529600	Mean reward: 6.1875, 	Mean reward done: 1.6524622440338135
Step: 5537792	Mean reward: 4.875, 	Mean reward done: 1.1325979232788086
Step: 5545984	Mean reward: 6.1875, 	Mean reward done: 1.4891971349716187
Step: 5554176	Mean reward: 5.25, 	Mean reward done: 1.3696526288986206
Step: 5562368	Mean reward: 6.25, 	Mean reward done: 1.5869213342666626
Step: 5570560	Mean reward: 5.0625, 	Mean reward done: 1.4682382345199585
Step: 5578752	Mean reward: 5.5625, 	Mean reward done: 1.2663654088974
Step: 5586944	Mean reward: 5.25, 	Mean reward done: 1.309023141860962
Step: 5595136	Mean reward: 6.75, 	Mean reward done: 1.832069754600525
Step: 5603328	Mean reward: 5.4375, 	Mean reward done: 1.2756617069244385
Step: 5611520	Mean reward: 5.5, 	Mean reward done: 1.4052242040634155
Step: 5619712	Mean reward: 5.125, 	Mean reward done: 1.3382012844085693
Step: 5627904	Mean reward: 4.6875, 	Mean reward done: 1.2360904216766357
Step: 5636096	Mean reward: 3.9375, 	Mean reward done: 1.2529387474060059
Step: 5644288	Mean reward: 6.375, 	Mean reward done: 1.4456310272216797
Step: 5652480	Mean reward: 4.8125, 	Mean reward done: 1.438226342201233
Step: 5660672	Mean reward: 3.75, 	Mean reward done: 1.088778018951416
Step: 5668864	Mean reward: 5.5625, 	Mean reward done: 1.5603101253509521
Step: 5677056	Mean reward: 4.75, 	Mean reward done: 1.5872169733047485
Step: 5685248	Mean reward: 3.9375, 	Mean reward done: 1.2114719152450562
Step: 5693440	Mean reward: 5.0, 	Mean reward done: 1.3545846939086914
Step: 5701632	Mean reward: 5.1875, 	Mean reward done: 1.4512121677398682
Step: 5709824	Mean reward: 5.4375, 	Mean reward done: 1.482828140258789
Step: 5718016	Mean reward: 4.3125, 	Mean reward done: 1.1357265710830688
Step: 5726208	Mean reward: 5.4375, 	Mean reward done: 1.5089225769042969
Step: 5734400	Mean reward: 4.6875, 	Mean reward done: 1.8196560144424438
Step: 5742592	Mean reward: 5.5625, 	Mean reward done: 1.417007565498352
Step: 5750784	Mean reward: 4.8125, 	Mean reward done: 1.4313390254974365
Step: 5758976	Mean reward: 5.0, 	Mean reward done: 1.3734334707260132
Step: 5767168	Mean reward: 6.0, 	Mean reward done: 1.6005334854125977
Step: 5775360	Mean reward: 3.75, 	Mean reward done: 1.4789965152740479
Step: 5783552	Mean reward: 3.625, 	Mean reward done: 1.066691517829895
Step: 5791744	Mean reward: 4.0, 	Mean reward done: 1.0422894954681396
Step: 5799936	Mean reward: 4.625, 	Mean reward done: 1.4591994285583496
Step: 5808128	Mean reward: 3.25, 	Mean reward done: 1.229444980621338
Step: 5816320	Mean reward: 4.25, 	Mean reward done: 1.562819480895996
Step: 5824512	Mean reward: 4.9375, 	Mean reward done: 1.5444707870483398
Step: 5832704	Mean reward: 4.75, 	Mean reward done: 1.1400339603424072
Step: 5840896	Mean reward: 5.5625, 	Mean reward done: 1.8031755685806274
Step: 5849088	Mean reward: 5.125, 	Mean reward done: 1.8241857290267944
Step: 5857280	Mean reward: 5.3125, 	Mean reward done: 1.4952173233032227
Step: 5865472	Mean reward: 6.0, 	Mean reward done: 1.73910391330719
Step: 5873664	Mean reward: 4.0625, 	Mean reward done: 1.5246466398239136
Step: 5881856	Mean reward: 4.0, 	Mean reward done: 1.2516250610351562
Step: 5890048	Mean reward: 3.75, 	Mean reward done: 0.9644595980644226
Step: 5898240	Mean reward: 4.6875, 	Mean reward done: 1.4361706972122192
Step: 5906432	Mean reward: 3.5625, 	Mean reward done: 1.1351490020751953
Step: 5914624	Mean reward: 4.25, 	Mean reward done: 1.3503245115280151
Step: 5922816	Mean reward: 4.8125, 	Mean reward done: 1.2673500776290894
Step: 5931008	Mean reward: 4.9375, 	Mean reward done: 1.2921160459518433
Step: 5939200	Mean reward: 5.25, 	Mean reward done: 1.5508524179458618
Step: 5947392	Mean reward: 4.5625, 	Mean reward done: 1.222240686416626
Step: 5955584	Mean reward: 4.875, 	Mean reward done: 1.2271008491516113
Step: 5963776	Mean reward: 4.4375, 	Mean reward done: 1.549902319908142
Step: 5971968	Mean reward: 3.0, 	Mean reward done: 1.0981178283691406
Step: 5980160	Mean reward: 3.1875, 	Mean reward done: 1.0226229429244995
Step: 5988352	Mean reward: 4.6875, 	Mean reward done: 1.1958457231521606
Step: 5996544	Mean reward: 4.9375, 	Mean reward done: 1.2312297821044922
Step: 6004736	Mean reward: 5.8125, 	Mean reward done: 1.586217999458313
Step: 6012928	Mean reward: 5.0625, 	Mean reward done: 1.3313065767288208
Step: 6021120	Mean reward: 5.5625, 	Mean reward done: 1.441429615020752
Step: 6029312	Mean reward: 5.3125, 	Mean reward done: 1.9318660497665405
Step: 6037504	Mean reward: 4.9375, 	Mean reward done: 1.339918613433838
Step: 6045696	Mean reward: 4.6875, 	Mean reward done: 1.3766900300979614
Step: 6053888	Mean reward: 5.875, 	Mean reward done: 1.4967164993286133
Step: 6062080	Mean reward: 4.25, 	Mean reward done: 1.3446532487869263
Step: 6070272	Mean reward: 3.3125, 	Mean reward done: 1.331892728805542
Step: 6078464	Mean reward: 5.1875, 	Mean reward done: 1.306574821472168
Step: 6086656	Mean reward: 4.0, 	Mean reward done: 1.2316391468048096
Step: 6094848	Mean reward: 5.125, 	Mean reward done: 1.243502140045166
Step: 6103040	Mean reward: 3.9375, 	Mean reward done: 1.2746729850769043
Step: 6111232	Mean reward: 5.25, 	Mean reward done: 1.2935341596603394
Step: 6119424	Mean reward: 5.5, 	Mean reward done: 1.5357627868652344
Step: 6127616	Mean reward: 5.0625, 	Mean reward done: 1.5467528104782104
Step: 6135808	Mean reward: 4.8125, 	Mean reward done: 1.2467873096466064
Step: 6144000	Mean reward: 3.125, 	Mean reward done: 1.0578206777572632
Step: 6152192	Mean reward: 4.375, 	Mean reward done: 1.276960015296936
Step: 6160384	Mean reward: 4.1875, 	Mean reward done: 1.3262543678283691
Step: 6168576	Mean reward: 3.4375, 	Mean reward done: 1.068695306777954
Step: 6176768	Mean reward: 5.0625, 	Mean reward done: 1.4063559770584106
Step: 6184960	Mean reward: 5.1875, 	Mean reward done: 1.4425934553146362
Step: 6193152	Mean reward: 5.375, 	Mean reward done: 1.4958425760269165
Step: 6201344	Mean reward: 3.875, 	Mean reward done: 1.319009780883789
Step: 6209536	Mean reward: 3.0625, 	Mean reward done: 1.0909335613250732
Step: 6217728	Mean reward: 4.4375, 	Mean reward done: 1.0053155422210693
Step: 6225920	Mean reward: 5.0625, 	Mean reward done: 1.5047972202301025
Step: 6234112	Mean reward: 4.5625, 	Mean reward done: 1.2096377611160278
Step: 6242304	Mean reward: 4.1875, 	Mean reward done: 1.303328037261963
Step: 6250496	Mean reward: 5.1875, 	Mean reward done: 1.2203303575515747
Step: 6258688	Mean reward: 5.0, 	Mean reward done: 1.6336374282836914
Step: 6266880	Mean reward: 5.4375, 	Mean reward done: 1.4695472717285156
Step: 6275072	Mean reward: 4.6875, 	Mean reward done: 1.5359622240066528
Step: 6283264	Mean reward: 5.1875, 	Mean reward done: 1.373549222946167
Step: 6291456	Mean reward: 7.125, 	Mean reward done: 1.768721342086792
Step: 6299648	Mean reward: 4.3125, 	Mean reward done: 1.2581037282943726
Step: 6307840	Mean reward: 6.4375, 	Mean reward done: 1.5908629894256592
Step: 6316032	Mean reward: 5.0, 	Mean reward done: 1.3573960065841675
Step: 6324224	Mean reward: 4.5625, 	Mean reward done: 1.3257856369018555
Step: 6332416	Mean reward: 6.5625, 	Mean reward done: 1.8170318603515625
Step: 6340608	Mean reward: 3.375, 	Mean reward done: 0.8944957852363586
Step: 6348800	Mean reward: 4.375, 	Mean reward done: 1.223826289176941
Step: 6356992	Mean reward: 5.0625, 	Mean reward done: 1.1213043928146362
Step: 6365184	Mean reward: 6.3125, 	Mean reward done: 1.688785433769226
Step: 6373376	Mean reward: 4.875, 	Mean reward done: 1.2217463254928589
Step: 6381568	Mean reward: 5.625, 	Mean reward done: 1.366933822631836
Step: 6389760	Mean reward: 6.3125, 	Mean reward done: 1.5323543548583984
Step: 6397952	Mean reward: 6.1875, 	Mean reward done: 1.7734378576278687
Step: 6406144	Mean reward: 5.1875, 	Mean reward done: 1.498353123664856
Step: 6414336	Mean reward: 6.6875, 	Mean reward done: 1.904724359512329
Step: 6422528	Mean reward: 5.375, 	Mean reward done: 1.2254278659820557
Step: 6430720	Mean reward: 3.875, 	Mean reward done: 1.117650032043457
Step: 6438912	Mean reward: 5.0625, 	Mean reward done: 1.3443636894226074
Step: 6447104	Mean reward: 6.125, 	Mean reward done: 1.6272774934768677
Step: 6455296	Mean reward: 4.9375, 	Mean reward done: 1.6224948167800903
Step: 6463488	Mean reward: 6.125, 	Mean reward done: 1.549149513244629
Step: 6471680	Mean reward: 4.8125, 	Mean reward done: 1.580128788948059
Step: 6479872	Mean reward: 4.4375, 	Mean reward done: 1.1536812782287598
Step: 6488064	Mean reward: 4.75, 	Mean reward done: 1.2998713254928589
Step: 6496256	Mean reward: 3.75, 	Mean reward done: 1.0780038833618164
Step: 6504448	Mean reward: 4.4375, 	Mean reward done: 1.2943387031555176
Step: 6512640	Mean reward: 6.0625, 	Mean reward done: 1.8602852821350098
Step: 6520832	Mean reward: 5.3125, 	Mean reward done: 1.1488958597183228
Step: 6529024	Mean reward: 5.3125, 	Mean reward done: 1.369160532951355
Step: 6537216	Mean reward: 6.375, 	Mean reward done: 1.6540089845657349
Step: 6545408	Mean reward: 6.0625, 	Mean reward done: 1.6560792922973633
Step: 6553600	Mean reward: 4.4375, 	Mean reward done: 1.2316256761550903
Step: 6561792	Mean reward: 5.125, 	Mean reward done: 1.3259210586547852
Step: 6569984	Mean reward: 6.75, 	Mean reward done: 1.7030268907546997
Step: 6578176	Mean reward: 4.6875, 	Mean reward done: 1.4138762950897217
Step: 6586368	Mean reward: 3.75, 	Mean reward done: 1.120008111000061
Step: 6594560	Mean reward: 4.0625, 	Mean reward done: 1.1525980234146118
Step: 6602752	Mean reward: 3.9375, 	Mean reward done: 1.1701905727386475
Step: 6610944	Mean reward: 5.8125, 	Mean reward done: 1.6663817167282104
Step: 6619136	Mean reward: 6.0, 	Mean reward done: 1.6740280389785767
Step: 6627328	Mean reward: 5.1875, 	Mean reward done: 1.361312747001648
Step: 6635520	Mean reward: 5.75, 	Mean reward done: 1.713064193725586
Step: 6643712	Mean reward: 4.25, 	Mean reward done: 1.2204817533493042
Step: 6651904	Mean reward: 4.9375, 	Mean reward done: 1.2615798711776733
Step: 6660096	Mean reward: 5.0, 	Mean reward done: 1.680485486984253
Step: 6668288	Mean reward: 5.375, 	Mean reward done: 1.4126758575439453
Step: 6676480	Mean reward: 6.0, 	Mean reward done: 1.8591927289962769
Step: 6684672	Mean reward: 4.5, 	Mean reward done: 1.2777035236358643
Step: 6692864	Mean reward: 5.1875, 	Mean reward done: 1.2650752067565918
Step: 6701056	Mean reward: 5.3125, 	Mean reward done: 1.4195717573165894
Step: 6709248	Mean reward: 5.6875, 	Mean reward done: 1.7305587530136108
Step: 6717440	Mean reward: 4.125, 	Mean reward done: 1.2459250688552856
Step: 6725632	Mean reward: 4.5, 	Mean reward done: 1.3453656435012817
Step: 6733824	Mean reward: 4.8125, 	Mean reward done: 1.435684084892273
Step: 6742016	Mean reward: 5.25, 	Mean reward done: 1.4017964601516724
Step: 6750208	Mean reward: 5.0625, 	Mean reward done: 1.480888843536377
Step: 6758400	Mean reward: 5.125, 	Mean reward done: 1.399144172668457
Step: 6766592	Mean reward: 4.75, 	Mean reward done: 1.2975366115570068
Step: 6774784	Mean reward: 5.125, 	Mean reward done: 1.1969648599624634
Step: 6782976	Mean reward: 5.875, 	Mean reward done: 1.749232292175293
Step: 6791168	Mean reward: 6.5, 	Mean reward done: 1.821913242340088
Step: 6799360	Mean reward: 6.125, 	Mean reward done: 1.842617392539978
Step: 6807552	Mean reward: 5.6875, 	Mean reward done: 1.5970512628555298
Step: 6815744	Mean reward: 4.6875, 	Mean reward done: 1.526091456413269
Step: 6823936	Mean reward: 5.875, 	Mean reward done: 1.5834053754806519
Step: 6832128	Mean reward: 5.0625, 	Mean reward done: 1.2786180973052979
Step: 6840320	Mean reward: 5.3125, 	Mean reward done: 1.5987287759780884
Step: 6848512	Mean reward: 4.25, 	Mean reward done: 1.2284784317016602
Step: 6856704	Mean reward: 4.625, 	Mean reward done: 1.4968841075897217
Step: 6864896	Mean reward: 4.875, 	Mean reward done: 1.4102363586425781
Step: 6873088	Mean reward: 5.0625, 	Mean reward done: 1.4517842531204224
Step: 6881280	Mean reward: 5.75, 	Mean reward done: 1.8268486261367798
Step: 6889472	Mean reward: 5.0625, 	Mean reward done: 1.3153249025344849
Step: 6897664	Mean reward: 5.5625, 	Mean reward done: 1.6195536851882935
Step: 6905856	Mean reward: 5.625, 	Mean reward done: 1.467068076133728
Step: 6914048	Mean reward: 5.5625, 	Mean reward done: 1.4521647691726685
Step: 6922240	Mean reward: 5.1875, 	Mean reward done: 1.3945744037628174
Step: 6930432	Mean reward: 4.9375, 	Mean reward done: 1.4040553569793701
Step: 6938624	Mean reward: 5.5625, 	Mean reward done: 1.3281935453414917
Step: 6946816	Mean reward: 6.125, 	Mean reward done: 1.622391939163208
Step: 6955008	Mean reward: 5.4375, 	Mean reward done: 1.38733971118927
Step: 6963200	Mean reward: 4.0, 	Mean reward done: 1.2555952072143555
Step: 6971392	Mean reward: 6.0, 	Mean reward done: 1.4445290565490723
Step: 6979584	Mean reward: 5.6875, 	Mean reward done: 1.8228263854980469
Step: 6987776	Mean reward: 5.8125, 	Mean reward done: 1.612311601638794
Step: 6995968	Mean reward: 5.75, 	Mean reward done: 1.5543041229248047
Step: 7004160	Mean reward: 6.25, 	Mean reward done: 1.9996784925460815
Step: 7012352	Mean reward: 6.1875, 	Mean reward done: 1.6860190629959106
Step: 7020544	Mean reward: 4.25, 	Mean reward done: 1.60023832321167
Step: 7028736	Mean reward: 2.875, 	Mean reward done: 0.9463847279548645
Step: 7036928	Mean reward: 4.0625, 	Mean reward done: 1.3186362981796265
Step: 7045120	Mean reward: 6.375, 	Mean reward done: 1.6425135135650635
Step: 7053312	Mean reward: 6.125, 	Mean reward done: 1.693365216255188
Step: 7061504	Mean reward: 5.125, 	Mean reward done: 1.5605896711349487
Step: 7069696	Mean reward: 5.8125, 	Mean reward done: 1.5746315717697144
Step: 7077888	Mean reward: 6.75, 	Mean reward done: 1.719986081123352
Step: 7086080	Mean reward: 5.4375, 	Mean reward done: 1.751603126525879
Step: 7094272	Mean reward: 5.5625, 	Mean reward done: 1.326863169670105
Step: 7102464	Mean reward: 5.125, 	Mean reward done: 1.6002072095870972
Step: 7110656	Mean reward: 4.75, 	Mean reward done: 1.5672221183776855
Step: 7118848	Mean reward: 5.0, 	Mean reward done: 1.2723623514175415
Step: 7127040	Mean reward: 5.1875, 	Mean reward done: 1.6229661703109741
Step: 7135232	Mean reward: 6.0625, 	Mean reward done: 1.686707854270935
Step: 7143424	Mean reward: 4.4375, 	Mean reward done: 1.3604426383972168
Step: 7151616	Mean reward: 4.875, 	Mean reward done: 1.1881792545318604
Step: 7159808	Mean reward: 5.5, 	Mean reward done: 1.462199330329895
Step: 7168000	Mean reward: 7.1875, 	Mean reward done: 1.9917711019515991
Step: 7176192	Mean reward: 5.0625, 	Mean reward done: 1.4104526042938232
Step: 7184384	Mean reward: 4.625, 	Mean reward done: 1.248016357421875
Step: 7192576	Mean reward: 4.9375, 	Mean reward done: 1.159518837928772
Step: 7200768	Mean reward: 5.75, 	Mean reward done: 1.5080689191818237
Step: 7208960	Mean reward: 5.75, 	Mean reward done: 1.5661733150482178
Step: 7217152	Mean reward: 4.8125, 	Mean reward done: 1.4958760738372803
Step: 7225344	Mean reward: 5.8125, 	Mean reward done: 1.620022177696228
Step: 7233536	Mean reward: 5.125, 	Mean reward done: 1.5105746984481812
Step: 7241728	Mean reward: 4.875, 	Mean reward done: 1.6443886756896973
Step: 7249920	Mean reward: 4.25, 	Mean reward done: 0.9706354737281799
Step: 7258112	Mean reward: 4.9375, 	Mean reward done: 1.2719917297363281
Step: 7266304	Mean reward: 5.8125, 	Mean reward done: 1.5732438564300537
Step: 7274496	Mean reward: 6.1875, 	Mean reward done: 1.7166229486465454
Step: 7282688	Mean reward: 6.375, 	Mean reward done: 1.6797609329223633
Step: 7290880	Mean reward: 5.25, 	Mean reward done: 1.426071047782898
Step: 7299072	Mean reward: 4.5625, 	Mean reward done: 1.4259698390960693
Step: 7307264	Mean reward: 4.25, 	Mean reward done: 1.1964706182479858
Step: 7315456	Mean reward: 4.875, 	Mean reward done: 1.457743763923645
Step: 7323648	Mean reward: 3.4375, 	Mean reward done: 1.1335875988006592
Step: 7331840	Mean reward: 3.3125, 	Mean reward done: 0.9955040216445923
Step: 7340032	Mean reward: 5.5625, 	Mean reward done: 1.3994072675704956
Step: 7348224	Mean reward: 5.75, 	Mean reward done: 1.9846059083938599
Step: 7356416	Mean reward: 4.8125, 	Mean reward done: 1.4669709205627441
Step: 7364608	Mean reward: 4.9375, 	Mean reward done: 1.5209698677062988
Step: 7372800	Mean reward: 5.25, 	Mean reward done: 1.4251086711883545
Step: 7380992	Mean reward: 6.8125, 	Mean reward done: 1.6893651485443115
Step: 7389184	Mean reward: 5.0, 	Mean reward done: 1.3627214431762695
Step: 7397376	Mean reward: 5.5, 	Mean reward done: 1.57412850856781
Step: 7405568	Mean reward: 5.75, 	Mean reward done: 1.6340227127075195
Step: 7413760	Mean reward: 5.5, 	Mean reward done: 1.6144317388534546
Step: 7421952	Mean reward: 6.6875, 	Mean reward done: 1.8308523893356323
Step: 7430144	Mean reward: 4.5, 	Mean reward done: 1.3539713621139526
Step: 7438336	Mean reward: 6.25, 	Mean reward done: 1.8875010013580322
Step: 7446528	Mean reward: 4.875, 	Mean reward done: 1.7258151769638062
Step: 7454720	Mean reward: 3.875, 	Mean reward done: 1.4330391883850098
Step: 7462912	Mean reward: 4.1875, 	Mean reward done: 1.3349690437316895
Step: 7471104	Mean reward: 4.8125, 	Mean reward done: 1.4871309995651245
Step: 7479296	Mean reward: 5.25, 	Mean reward done: 1.5320297479629517
Step: 7487488	Mean reward: 4.6875, 	Mean reward done: 1.5339057445526123
Step: 7495680	Mean reward: 4.4375, 	Mean reward done: 1.3019208908081055
Step: 7503872	Mean reward: 5.9375, 	Mean reward done: 1.897546648979187
Step: 7512064	Mean reward: 4.4375, 	Mean reward done: 1.246830701828003
Step: 7520256	Mean reward: 5.5, 	Mean reward done: 1.9136399030685425
Step: 7528448	Mean reward: 6.1875, 	Mean reward done: 1.6890846490859985
Step: 7536640	Mean reward: 4.0625, 	Mean reward done: 1.5882186889648438
Step: 7544832	Mean reward: 4.3125, 	Mean reward done: 1.3122559785842896
Step: 7553024	Mean reward: 7.0625, 	Mean reward done: 1.9940810203552246
Step: 7561216	Mean reward: 4.5, 	Mean reward done: 1.2651582956314087
Step: 7569408	Mean reward: 6.1875, 	Mean reward done: 1.7228139638900757
Step: 7577600	Mean reward: 4.0625, 	Mean reward done: 0.9563325047492981
Step: 7585792	Mean reward: 3.875, 	Mean reward done: 1.162887454032898
Step: 7593984	Mean reward: 6.0625, 	Mean reward done: 1.6811323165893555
Step: 7602176	Mean reward: 6.9375, 	Mean reward done: 2.1875624656677246
Step: 7610368	Mean reward: 5.4375, 	Mean reward done: 1.3355457782745361
Step: 7618560	Mean reward: 4.9375, 	Mean reward done: 1.5366952419281006
Step: 7626752	Mean reward: 5.3125, 	Mean reward done: 1.5693316459655762
Step: 7634944	Mean reward: 4.5625, 	Mean reward done: 1.3847788572311401
Step: 7643136	Mean reward: 5.0, 	Mean reward done: 1.2796387672424316
Step: 7651328	Mean reward: 5.75, 	Mean reward done: 1.9640759229660034
Step: 7659520	Mean reward: 4.1875, 	Mean reward done: 1.2485313415527344
Step: 7667712	Mean reward: 3.375, 	Mean reward done: 1.2787089347839355
Step: 7675904	Mean reward: 4.0625, 	Mean reward done: 1.141974925994873
Step: 7684096	Mean reward: 4.75, 	Mean reward done: 1.3637423515319824
Step: 7692288	Mean reward: 6.375, 	Mean reward done: 1.7633198499679565
Step: 7700480	Mean reward: 4.6875, 	Mean reward done: 1.6673262119293213
Step: 7708672	Mean reward: 4.4375, 	Mean reward done: 1.3894832134246826
Step: 7716864	Mean reward: 4.9375, 	Mean reward done: 1.3398547172546387
Step: 7725056	Mean reward: 5.125, 	Mean reward done: 1.4419176578521729
Step: 7733248	Mean reward: 5.6875, 	Mean reward done: 1.6182496547698975
Step: 7741440	Mean reward: 6.0625, 	Mean reward done: 1.6056241989135742
Step: 7749632	Mean reward: 4.8125, 	Mean reward done: 1.2379145622253418
Step: 7757824	Mean reward: 4.4375, 	Mean reward done: 1.447618842124939
Step: 7766016	Mean reward: 4.25, 	Mean reward done: 1.521583080291748
Step: 7774208	Mean reward: 7.0625, 	Mean reward done: 2.006960868835449
Step: 7782400	Mean reward: 3.875, 	Mean reward done: 1.3714568614959717
Step: 7790592	Mean reward: 4.375, 	Mean reward done: 1.364495038986206
Step: 7798784	Mean reward: 4.1875, 	Mean reward done: 1.3774914741516113
Step: 7806976	Mean reward: 4.9375, 	Mean reward done: 1.4373222589492798
Step: 7815168	Mean reward: 5.8125, 	Mean reward done: 1.800216555595398
Step: 7823360	Mean reward: 5.75, 	Mean reward done: 1.5489916801452637
Step: 7831552	Mean reward: 5.3125, 	Mean reward done: 1.2802454233169556
Step: 7839744	Mean reward: 6.5, 	Mean reward done: 1.7269319295883179
Step: 7847936	Mean reward: 4.8125, 	Mean reward done: 1.6332976818084717
Step: 7856128	Mean reward: 5.8125, 	Mean reward done: 1.8015354871749878
Step: 7864320	Mean reward: 5.5, 	Mean reward done: 1.804919958114624
Step: 7872512	Mean reward: 3.5, 	Mean reward done: 1.1047735214233398
Step: 7880704	Mean reward: 5.5625, 	Mean reward done: 1.6752389669418335
Step: 7888896	Mean reward: 4.625, 	Mean reward done: 1.429553747177124
Step: 7897088	Mean reward: 4.0625, 	Mean reward done: 1.11934494972229
Step: 7905280	Mean reward: 4.9375, 	Mean reward done: 1.5243455171585083
Step: 7913472	Mean reward: 5.6875, 	Mean reward done: 1.4599289894104004
Step: 7921664	Mean reward: 4.1875, 	Mean reward done: 1.4274349212646484
Step: 7929856	Mean reward: 3.3125, 	Mean reward done: 1.1489471197128296
Step: 7938048	Mean reward: 4.5, 	Mean reward done: 1.3779962062835693
Step: 7946240	Mean reward: 4.75, 	Mean reward done: 1.3849509954452515
Step: 7954432	Mean reward: 4.5, 	Mean reward done: 1.186884880065918
Step: 7962624	Mean reward: 5.0, 	Mean reward done: 1.8139073848724365
Step: 7970816	Mean reward: 5.4375, 	Mean reward done: 1.423409342765808
Step: 7979008	Mean reward: 6.6875, 	Mean reward done: 1.8581658601760864
Step: 7987200	Mean reward: 5.1875, 	Mean reward done: 1.49248206615448
Step: 7995392	Mean reward: 3.5625, 	Mean reward done: 1.1481361389160156
Step: 8003584	Mean reward: 4.5, 	Mean reward done: 1.4573400020599365
Completed training of sd_n_mx_db!

------------------------------------------------------------
Sender: LSF System <lsfadmin@n-62-20-3>
Subject: Job 8473452: <sd_n_mx_db> in cluster <dcc> Done

Job <sd_n_mx_db> was submitted from host <n-62-30-4> by user <s192288> in cluster <dcc> at Thu Dec  3 20:38:21 2020
Job was executed on host(s) <n-62-20-3>, in queue <gpuv100>, as user <s192288> in cluster <dcc> at Fri Dec  4 19:38:40 2020
</zhome/09/9/144141> was used as the home directory.
</zhome/09/9/144141/Desktop/Deep_l_hpc> was used as the working directory.
Started at Fri Dec  4 19:38:40 2020
Terminated at Sat Dec  5 02:38:35 2020
Results reported at Sat Dec  5 02:38:35 2020

Your job looked like:

------------------------------------------------------------
# LSBATCH: User input
#!/bin/sh

#BSUB -J sd_n_mx_db

#BSUB -q gpuv100

#BSUB -gpu "num=1"

#BSUB -n 1

#BSUB -W 23:45

#BSUB -R "rusage[mem=16GB]"

#BSUB -o sd_n_mx_db.out

#BSUB -e sd_n_mx_db.err

# Load modules

module load python3/3.8.2
module load cuda/8.0
module load cudnn/v7.0-prod-cuda8
module load ffmpeg/4.2.2
pip3 install --user torch matplotlib procgen gym 

# 1 = model_name, 2 = encoder_index, 3 = aug_index, 4 = mix_reg, 5 = game
#the name of the run
#encoder_index 0 = Impala, 1 = Nature  
#aug_index: 0 = None, 1 = grayscale, 2 = random_cutout, 3 = color_jitter
#mixreg: 0 = False, 1 = True 
#type of game

python3 train_ppo.py sd_n_mx_db 1 0 1 dodgeball 



------------------------------------------------------------

Successfully completed.

Resource usage summary:

    CPU time :                                   25044.96 sec.
    Max Memory :                                 9071 MB
    Average Memory :                             9024.42 MB
    Total Requested Memory :                     16384.00 MB
    Delta Memory :                               7313.00 MB
    Max Swap :                                   -
    Max Processes :                              4
    Max Threads :                                13
    Run time :                                   25246 sec.
    Turnaround time :                            108014 sec.

The output (if any) is above this job summary.



PS:

Read file <sd_n_mx_db.err> for stderr output of this job.

