Requirement already satisfied: torch in /zhome/09/9/144141/.local/lib/python3.8/site-packages (1.7.0)
Requirement already satisfied: matplotlib in /zhome/09/9/144141/.local/lib/python3.8/site-packages (3.3.3)
Requirement already satisfied: procgen in /zhome/09/9/144141/.local/lib/python3.8/site-packages (0.10.4)
Requirement already satisfied: gym in /zhome/09/9/144141/.local/lib/python3.8/site-packages (0.17.3)
Requirement already satisfied: dataclasses in /zhome/09/9/144141/.local/lib/python3.8/site-packages (from torch) (0.6)
Requirement already satisfied: typing-extensions in /zhome/09/9/144141/.local/lib/python3.8/site-packages (from torch) (3.7.4.3)
Requirement already satisfied: future in /zhome/09/9/144141/.local/lib/python3.8/site-packages (from torch) (0.18.2)
Requirement already satisfied: numpy in /zhome/09/9/144141/.local/lib/python3.8/site-packages (from torch) (1.19.4)
Requirement already satisfied: pillow>=6.2.0 in /zhome/09/9/144141/.local/lib/python3.8/site-packages (from matplotlib) (8.0.1)
Requirement already satisfied: kiwisolver>=1.0.1 in /zhome/09/9/144141/.local/lib/python3.8/site-packages (from matplotlib) (1.3.1)
Requirement already satisfied: python-dateutil>=2.1 in /zhome/09/9/144141/.local/lib/python3.8/site-packages (from matplotlib) (2.8.1)
Requirement already satisfied: cycler>=0.10 in /zhome/09/9/144141/.local/lib/python3.8/site-packages (from matplotlib) (0.10.0)
Requirement already satisfied: pyparsing!=2.0.4,!=2.1.2,!=2.1.6,>=2.0.3 in /zhome/09/9/144141/.local/lib/python3.8/site-packages (from matplotlib) (2.4.7)
Requirement already satisfied: filelock<4.0.0,>=3.0.0 in /zhome/09/9/144141/.local/lib/python3.8/site-packages (from procgen) (3.0.12)
Requirement already satisfied: gym3<1.0.0,>=0.3.3 in /zhome/09/9/144141/.local/lib/python3.8/site-packages (from procgen) (0.3.3)
Requirement already satisfied: scipy in /zhome/09/9/144141/.local/lib/python3.8/site-packages (from gym) (1.5.4)
Requirement already satisfied: pyglet<=1.5.0,>=1.4.0 in /zhome/09/9/144141/.local/lib/python3.8/site-packages (from gym) (1.5.0)
Requirement already satisfied: cloudpickle<1.7.0,>=1.2.0 in /zhome/09/9/144141/.local/lib/python3.8/site-packages (from gym) (1.6.0)
Requirement already satisfied: six>=1.5 in /zhome/09/9/144141/.local/lib/python3.8/site-packages (from python-dateutil>=2.1->matplotlib) (1.15.0)
Requirement already satisfied: glfw<2.0.0,>=1.8.6 in /zhome/09/9/144141/.local/lib/python3.8/site-packages (from gym3<1.0.0,>=0.3.3->procgen) (1.12.0)
Requirement already satisfied: moderngl<6.0.0,>=5.5.4 in /zhome/09/9/144141/.local/lib/python3.8/site-packages (from gym3<1.0.0,>=0.3.3->procgen) (5.6.2)
Requirement already satisfied: imageio-ffmpeg<0.4.0,>=0.3.0 in /zhome/09/9/144141/.local/lib/python3.8/site-packages (from gym3<1.0.0,>=0.3.3->procgen) (0.3.0)
Requirement already satisfied: imageio<3.0.0,>=2.6.0 in /zhome/09/9/144141/.local/lib/python3.8/site-packages (from gym3<1.0.0,>=0.3.3->procgen) (2.9.0)
Requirement already satisfied: cffi<2.0.0,>=1.13.0 in /zhome/09/9/144141/.local/lib/python3.8/site-packages (from gym3<1.0.0,>=0.3.3->procgen) (1.14.4)
Requirement already satisfied: glcontext<3,>=2 in /zhome/09/9/144141/.local/lib/python3.8/site-packages (from moderngl<6.0.0,>=5.5.4->gym3<1.0.0,>=0.3.3->procgen) (2.2.0)
Requirement already satisfied: pycparser in /zhome/09/9/144141/.local/lib/python3.8/site-packages (from cffi<2.0.0,>=1.13.0->gym3<1.0.0,>=0.3.3->procgen) (2.20)
Run name sd_i_na_db
Encoder used Impala
Augumentation used none
Mixreg? False
Game dodgeball
Observation space: Box(0.0, 1.0, (3, 64, 64), float32)
Action space: 15
Beware of the Impala!
Step: 8192	Mean reward: 5.637467384338379, 	Mean reward done: 1.5871198177337646
Estimated time of completion: 4.923555857708885 hours
Step: 16384	Mean reward: 3.2650792598724365, 	Mean reward done: 1.0149873495101929
Step: 24576	Mean reward: 3.2679383754730225, 	Mean reward done: 0.8658784627914429
Step: 32768	Mean reward: 4.105595588684082, 	Mean reward done: 0.9590535163879395
Step: 40960	Mean reward: 4.054283618927002, 	Mean reward done: 1.1245919466018677
Step: 49152	Mean reward: 3.5801029205322266, 	Mean reward done: 1.1421209573745728
Step: 57344	Mean reward: 4.520482540130615, 	Mean reward done: 1.1534788608551025
Step: 65536	Mean reward: 3.904650926589966, 	Mean reward done: 1.097279667854309
Step: 73728	Mean reward: 3.3982419967651367, 	Mean reward done: 1.1999070644378662
Step: 81920	Mean reward: 3.2415595054626465, 	Mean reward done: 1.113848328590393
Step: 90112	Mean reward: 4.787618637084961, 	Mean reward done: 1.342888593673706
Step: 98304	Mean reward: 3.58367919921875, 	Mean reward done: 1.0097429752349854
Step: 106496	Mean reward: 3.94355845451355, 	Mean reward done: 1.4990167617797852
Step: 114688	Mean reward: 4.105291366577148, 	Mean reward done: 1.2476882934570312
Step: 122880	Mean reward: 4.68454122543335, 	Mean reward done: 1.2097597122192383
Step: 131072	Mean reward: 3.269702911376953, 	Mean reward done: 0.8530372977256775
Step: 139264	Mean reward: 3.148118019104004, 	Mean reward done: 0.8928122520446777
Step: 147456	Mean reward: 4.786527633666992, 	Mean reward done: 1.4151414632797241
Step: 155648	Mean reward: 3.333686590194702, 	Mean reward done: 1.0391939878463745
Step: 163840	Mean reward: 3.405799150466919, 	Mean reward done: 0.8959007263183594
Step: 172032	Mean reward: 3.3420228958129883, 	Mean reward done: 1.4921996593475342
Step: 180224	Mean reward: 3.418184995651245, 	Mean reward done: 0.8354724049568176
Step: 188416	Mean reward: 3.6950268745422363, 	Mean reward done: 1.1827038526535034
Step: 196608	Mean reward: 3.389179229736328, 	Mean reward done: 1.2482905387878418
Step: 204800	Mean reward: 2.6162631511688232, 	Mean reward done: 0.6315030455589294
Step: 212992	Mean reward: 3.698451519012451, 	Mean reward done: 0.8880780339241028
Step: 221184	Mean reward: 3.969846248626709, 	Mean reward done: 1.4548017978668213
Step: 229376	Mean reward: 4.23032283782959, 	Mean reward done: 1.5397565364837646
Step: 237568	Mean reward: 3.4306015968322754, 	Mean reward done: 1.3707754611968994
Step: 245760	Mean reward: 2.6558117866516113, 	Mean reward done: 0.7514688968658447
Step: 253952	Mean reward: 3.4315598011016846, 	Mean reward done: 0.9907433986663818
Step: 262144	Mean reward: 4.337129592895508, 	Mean reward done: 1.0553299188613892
Step: 270336	Mean reward: 5.21686315536499, 	Mean reward done: 1.7953780889511108
Step: 278528	Mean reward: 4.222103595733643, 	Mean reward done: 1.1759029626846313
Step: 286720	Mean reward: 3.846592426300049, 	Mean reward done: 1.443451166152954
Step: 294912	Mean reward: 3.7689411640167236, 	Mean reward done: 0.9764707684516907
Step: 303104	Mean reward: 2.97649884223938, 	Mean reward done: 0.8924772143363953
Step: 311296	Mean reward: 3.960458278656006, 	Mean reward done: 1.0843771696090698
Step: 319488	Mean reward: 3.8789966106414795, 	Mean reward done: 1.2880382537841797
Step: 327680	Mean reward: 3.673826217651367, 	Mean reward done: 0.9562479257583618
Step: 335872	Mean reward: 3.8121893405914307, 	Mean reward done: 1.0455851554870605
Step: 344064	Mean reward: 3.956045150756836, 	Mean reward done: 1.2209829092025757
Step: 352256	Mean reward: 3.475615978240967, 	Mean reward done: 0.8424537181854248
Step: 360448	Mean reward: 3.411346912384033, 	Mean reward done: 1.3445450067520142
Step: 368640	Mean reward: 3.6221253871917725, 	Mean reward done: 1.0993425846099854
Step: 376832	Mean reward: 4.43263053894043, 	Mean reward done: 1.488043189048767
Step: 385024	Mean reward: 4.3337249755859375, 	Mean reward done: 1.1640100479125977
Step: 393216	Mean reward: 5.208507537841797, 	Mean reward done: 1.6194127798080444
Step: 401408	Mean reward: 3.2036802768707275, 	Mean reward done: 1.0447255373001099
Step: 409600	Mean reward: 3.5361790657043457, 	Mean reward done: 1.1839954853057861
Step: 417792	Mean reward: 3.3568053245544434, 	Mean reward done: 1.2305505275726318
Step: 425984	Mean reward: 3.8197667598724365, 	Mean reward done: 1.3157198429107666
Step: 434176	Mean reward: 3.8802638053894043, 	Mean reward done: 1.510960578918457
Step: 442368	Mean reward: 2.7427525520324707, 	Mean reward done: 0.7883672118186951
Step: 450560	Mean reward: 3.551570415496826, 	Mean reward done: 1.0593528747558594
Step: 458752	Mean reward: 3.7516582012176514, 	Mean reward done: 1.119372844696045
Step: 466944	Mean reward: 4.891256809234619, 	Mean reward done: 1.140755534172058
Step: 475136	Mean reward: 3.543165445327759, 	Mean reward done: 1.100852370262146
Step: 483328	Mean reward: 3.2740719318389893, 	Mean reward done: 0.8660368323326111
Step: 491520	Mean reward: 4.397321701049805, 	Mean reward done: 1.191300392150879
Step: 499712	Mean reward: 3.993361711502075, 	Mean reward done: 0.9183386564254761
Step: 507904	Mean reward: 5.428488731384277, 	Mean reward done: 1.4876750707626343
Step: 516096	Mean reward: 5.381167411804199, 	Mean reward done: 1.317955493927002
Step: 524288	Mean reward: 4.207778453826904, 	Mean reward done: 1.1374460458755493
Step: 532480	Mean reward: 3.151221513748169, 	Mean reward done: 0.8344597816467285
Step: 540672	Mean reward: 5.052895545959473, 	Mean reward done: 1.3645293712615967
Step: 548864	Mean reward: 4.252293586730957, 	Mean reward done: 1.207648515701294
Step: 557056	Mean reward: 3.91414737701416, 	Mean reward done: 1.279416561126709
Step: 565248	Mean reward: 3.512713670730591, 	Mean reward done: 1.2021586894989014
Step: 573440	Mean reward: 4.213841915130615, 	Mean reward done: 1.2383862733840942
Step: 581632	Mean reward: 4.096652030944824, 	Mean reward done: 1.5049197673797607
Step: 589824	Mean reward: 4.7952375411987305, 	Mean reward done: 1.516725778579712
Step: 598016	Mean reward: 4.5432515144348145, 	Mean reward done: 1.2993470430374146
Step: 606208	Mean reward: 4.145339012145996, 	Mean reward done: 1.2422089576721191
Step: 614400	Mean reward: 5.319296360015869, 	Mean reward done: 1.550073266029358
Step: 622592	Mean reward: 3.3642849922180176, 	Mean reward done: 0.9501549005508423
Step: 630784	Mean reward: 3.8173274993896484, 	Mean reward done: 1.103314995765686
Step: 638976	Mean reward: 4.309247016906738, 	Mean reward done: 1.686569094657898
Step: 647168	Mean reward: 3.73512601852417, 	Mean reward done: 1.217569351196289
Step: 655360	Mean reward: 4.26470422744751, 	Mean reward done: 1.042147159576416
Step: 663552	Mean reward: 4.450876712799072, 	Mean reward done: 1.2552404403686523
Step: 671744	Mean reward: 4.636126518249512, 	Mean reward done: 1.4015904664993286
Step: 679936	Mean reward: 3.9167752265930176, 	Mean reward done: 1.5364078283309937
Step: 688128	Mean reward: 4.165863037109375, 	Mean reward done: 1.129882574081421
Step: 696320	Mean reward: 4.102941513061523, 	Mean reward done: 1.0971156358718872
Step: 704512	Mean reward: 3.9219131469726562, 	Mean reward done: 1.1797930002212524
Step: 712704	Mean reward: 3.409044027328491, 	Mean reward done: 1.0931212902069092
Step: 720896	Mean reward: 4.758150100708008, 	Mean reward done: 1.364107370376587
Step: 729088	Mean reward: 5.140087127685547, 	Mean reward done: 1.3372424840927124
Step: 737280	Mean reward: 4.483739376068115, 	Mean reward done: 1.4867711067199707
Step: 745472	Mean reward: 4.0287766456604, 	Mean reward done: 1.2374398708343506
Step: 753664	Mean reward: 4.992751121520996, 	Mean reward done: 1.2866201400756836
Step: 761856	Mean reward: 5.30803108215332, 	Mean reward done: 1.1901533603668213
Step: 770048	Mean reward: 3.768692970275879, 	Mean reward done: 1.0762497186660767
Step: 778240	Mean reward: 4.7266950607299805, 	Mean reward done: 1.2417594194412231
Step: 786432	Mean reward: 5.164369583129883, 	Mean reward done: 1.6174488067626953
Step: 794624	Mean reward: 4.458573818206787, 	Mean reward done: 1.229139804840088
Step: 802816	Mean reward: 3.4413344860076904, 	Mean reward done: 0.9366326928138733
Step: 811008	Mean reward: 3.317030906677246, 	Mean reward done: 1.0368523597717285
Step: 819200	Mean reward: 4.396851539611816, 	Mean reward done: 1.2412991523742676
Step: 827392	Mean reward: 3.815584659576416, 	Mean reward done: 1.2392011880874634
Step: 835584	Mean reward: 4.892651081085205, 	Mean reward done: 1.3526376485824585
Step: 843776	Mean reward: 4.184506893157959, 	Mean reward done: 1.1175665855407715
Step: 851968	Mean reward: 4.31118631362915, 	Mean reward done: 1.1087504625320435
Step: 860160	Mean reward: 4.17480993270874, 	Mean reward done: 1.1071438789367676
Step: 868352	Mean reward: 3.795103073120117, 	Mean reward done: 1.0431101322174072
Step: 876544	Mean reward: 4.233613014221191, 	Mean reward done: 1.2229399681091309
Step: 884736	Mean reward: 3.0402936935424805, 	Mean reward done: 0.8909432888031006
Step: 892928	Mean reward: 4.30898380279541, 	Mean reward done: 1.2131028175354004
Step: 901120	Mean reward: 3.989246368408203, 	Mean reward done: 1.4079355001449585
Step: 909312	Mean reward: 2.468264102935791, 	Mean reward done: 0.8910043835639954
Step: 917504	Mean reward: 3.986768960952759, 	Mean reward done: 1.4618102312088013
Step: 925696	Mean reward: 4.741567611694336, 	Mean reward done: 1.4067590236663818
Step: 933888	Mean reward: 3.855307102203369, 	Mean reward done: 1.1647530794143677
Step: 942080	Mean reward: 4.48384428024292, 	Mean reward done: 1.2910436391830444
Step: 950272	Mean reward: 3.8566746711730957, 	Mean reward done: 0.9823063015937805
Step: 958464	Mean reward: 4.676418304443359, 	Mean reward done: 1.1176788806915283
Step: 966656	Mean reward: 4.048480987548828, 	Mean reward done: 1.1759353876113892
Step: 974848	Mean reward: 3.415726900100708, 	Mean reward done: 0.9679293632507324
Step: 983040	Mean reward: 3.8559117317199707, 	Mean reward done: 1.236875057220459
Step: 991232	Mean reward: 3.4165878295898438, 	Mean reward done: 1.0063083171844482
Step: 999424	Mean reward: 3.1644763946533203, 	Mean reward done: 0.8587775230407715
Step: 1007616	Mean reward: 4.493803977966309, 	Mean reward done: 1.0070379972457886
Step: 1015808	Mean reward: 4.362558364868164, 	Mean reward done: 0.8951124548912048
Step: 1024000	Mean reward: 4.0465989112854, 	Mean reward done: 0.9415733814239502
Step: 1032192	Mean reward: 3.2223851680755615, 	Mean reward done: 0.7958523035049438
Step: 1040384	Mean reward: 5.053079605102539, 	Mean reward done: 1.5577200651168823
Step: 1048576	Mean reward: 4.796311378479004, 	Mean reward done: 1.2670730352401733
Step: 1056768	Mean reward: 3.9741415977478027, 	Mean reward done: 1.1128968000411987
Step: 1064960	Mean reward: 4.354671955108643, 	Mean reward done: 1.1948187351226807
Step: 1073152	Mean reward: 3.470940113067627, 	Mean reward done: 1.1470885276794434
Step: 1081344	Mean reward: 4.291848182678223, 	Mean reward done: 1.2092663049697876
Step: 1089536	Mean reward: 5.110971450805664, 	Mean reward done: 1.5788512229919434
Step: 1097728	Mean reward: 4.536495208740234, 	Mean reward done: 1.2241754531860352
Step: 1105920	Mean reward: 2.707742691040039, 	Mean reward done: 0.8637565970420837
Step: 1114112	Mean reward: 4.3477582931518555, 	Mean reward done: 1.2620445489883423
Step: 1122304	Mean reward: 4.660297870635986, 	Mean reward done: 1.2662618160247803
Step: 1130496	Mean reward: 4.782483100891113, 	Mean reward done: 1.3157398700714111
Step: 1138688	Mean reward: 4.710989475250244, 	Mean reward done: 1.2193453311920166
Step: 1146880	Mean reward: 4.768693447113037, 	Mean reward done: 1.3631240129470825
Step: 1155072	Mean reward: 4.826982498168945, 	Mean reward done: 1.1536641120910645
Step: 1163264	Mean reward: 4.698917865753174, 	Mean reward done: 1.1517584323883057
Step: 1171456	Mean reward: 4.949395179748535, 	Mean reward done: 1.2192113399505615
Step: 1179648	Mean reward: 4.4437174797058105, 	Mean reward done: 1.2918156385421753
Step: 1187840	Mean reward: 4.190850257873535, 	Mean reward done: 1.3123655319213867
Step: 1196032	Mean reward: 4.502461910247803, 	Mean reward done: 1.0463924407958984
Step: 1204224	Mean reward: 4.502666473388672, 	Mean reward done: 1.1347588300704956
Step: 1212416	Mean reward: 3.4994759559631348, 	Mean reward done: 1.0215561389923096
Step: 1220608	Mean reward: 4.4980669021606445, 	Mean reward done: 1.322387933731079
Step: 1228800	Mean reward: 3.499685764312744, 	Mean reward done: 0.9246869087219238
Step: 1236992	Mean reward: 4.3112874031066895, 	Mean reward done: 1.3003697395324707
Step: 1245184	Mean reward: 4.247014045715332, 	Mean reward done: 1.4164572954177856
Step: 1253376	Mean reward: 4.808368682861328, 	Mean reward done: 1.2928239107131958
Step: 1261568	Mean reward: 5.118577480316162, 	Mean reward done: 1.0871039628982544
Step: 1269760	Mean reward: 3.8082118034362793, 	Mean reward done: 1.3508598804473877
Step: 1277952	Mean reward: 4.245758533477783, 	Mean reward done: 1.1967159509658813
Step: 1286144	Mean reward: 4.308764457702637, 	Mean reward done: 1.262733817100525
Step: 1294336	Mean reward: 3.9968149662017822, 	Mean reward done: 1.1702309846878052
Step: 1302528	Mean reward: 3.4328174591064453, 	Mean reward done: 1.1202037334442139
Step: 1310720	Mean reward: 3.9312551021575928, 	Mean reward done: 1.1033412218093872
Step: 1318912	Mean reward: 5.8593549728393555, 	Mean reward done: 1.6945152282714844
Step: 1327104	Mean reward: 4.916197776794434, 	Mean reward done: 1.5134637355804443
Step: 1335296	Mean reward: 4.354611873626709, 	Mean reward done: 1.3046711683273315
Step: 1343488	Mean reward: 5.720637798309326, 	Mean reward done: 1.661928415298462
Step: 1351680	Mean reward: 5.279973983764648, 	Mean reward done: 1.77350652217865
Step: 1359872	Mean reward: 4.464629650115967, 	Mean reward done: 1.2091704607009888
Step: 1368064	Mean reward: 5.2691473960876465, 	Mean reward done: 1.5008188486099243
Step: 1376256	Mean reward: 5.016268253326416, 	Mean reward done: 1.5732183456420898
Step: 1384448	Mean reward: 4.392190933227539, 	Mean reward done: 1.2784838676452637
Step: 1392640	Mean reward: 4.76351261138916, 	Mean reward done: 1.4022555351257324
Step: 1400832	Mean reward: 4.760100364685059, 	Mean reward done: 1.3899338245391846
Step: 1409024	Mean reward: 5.127142906188965, 	Mean reward done: 1.2577320337295532
Step: 1417216	Mean reward: 4.32291841506958, 	Mean reward done: 1.2712887525558472
Step: 1425408	Mean reward: 5.554361820220947, 	Mean reward done: 1.3709642887115479
Step: 1433600	Mean reward: 3.884786367416382, 	Mean reward done: 0.9604795575141907
Step: 1441792	Mean reward: 3.7631888389587402, 	Mean reward done: 0.9450123906135559
Step: 1449984	Mean reward: 4.688801288604736, 	Mean reward done: 1.4570149183273315
Step: 1458176	Mean reward: 5.855766296386719, 	Mean reward done: 1.7588826417922974
Step: 1466368	Mean reward: 4.495726108551025, 	Mean reward done: 1.316910982131958
Step: 1474560	Mean reward: 4.308614253997803, 	Mean reward done: 1.088876485824585
Step: 1482752	Mean reward: 3.878404140472412, 	Mean reward done: 1.1553229093551636
Step: 1490944	Mean reward: 4.43073844909668, 	Mean reward done: 1.2011711597442627
Step: 1499136	Mean reward: 4.428671836853027, 	Mean reward done: 1.3580929040908813
Step: 1507328	Mean reward: 4.793657302856445, 	Mean reward done: 1.594801425933838
Step: 1515520	Mean reward: 6.141782283782959, 	Mean reward done: 1.7821264266967773
Step: 1523712	Mean reward: 5.094052791595459, 	Mean reward done: 1.322759747505188
Step: 1531904	Mean reward: 4.479789733886719, 	Mean reward done: 1.6456551551818848
Step: 1540096	Mean reward: 3.988175392150879, 	Mean reward done: 1.0902538299560547
Step: 1548288	Mean reward: 4.723855018615723, 	Mean reward done: 1.686051607131958
Step: 1556480	Mean reward: 4.719176292419434, 	Mean reward done: 1.600498914718628
Step: 1564672	Mean reward: 4.164858818054199, 	Mean reward done: 1.2363502979278564
Step: 1572864	Mean reward: 4.466285228729248, 	Mean reward done: 1.6091808080673218
Step: 1581056	Mean reward: 3.792048454284668, 	Mean reward done: 1.2412629127502441
Step: 1589248	Mean reward: 4.281373023986816, 	Mean reward done: 1.266622543334961
Step: 1597440	Mean reward: 6.54016637802124, 	Mean reward done: 1.5378590822219849
Step: 1605632	Mean reward: 5.3129754066467285, 	Mean reward done: 1.5089870691299438
Step: 1613824	Mean reward: 4.820249080657959, 	Mean reward done: 1.4146382808685303
Step: 1622016	Mean reward: 4.390090465545654, 	Mean reward done: 1.4919588565826416
Step: 1630208	Mean reward: 4.815929889678955, 	Mean reward done: 1.483394980430603
Step: 1638400	Mean reward: 3.778207778930664, 	Mean reward done: 1.2620326280593872
Step: 1646592	Mean reward: 4.205125331878662, 	Mean reward done: 1.3948867321014404
Step: 1654784	Mean reward: 4.997745037078857, 	Mean reward done: 1.3299757242202759
Step: 1662976	Mean reward: 4.510136127471924, 	Mean reward done: 1.2392711639404297
Step: 1671168	Mean reward: 6.455381870269775, 	Mean reward done: 1.5853819847106934
Step: 1679360	Mean reward: 5.108489036560059, 	Mean reward done: 1.4994739294052124
Step: 1687552	Mean reward: 4.133139610290527, 	Mean reward done: 1.3066729307174683
Step: 1695744	Mean reward: 4.495482444763184, 	Mean reward done: 1.2225947380065918
Step: 1703936	Mean reward: 4.006087303161621, 	Mean reward done: 1.5043808221817017
Step: 1712128	Mean reward: 4.0648322105407715, 	Mean reward done: 1.424855351448059
Step: 1720320	Mean reward: 3.8235387802124023, 	Mean reward done: 1.0826129913330078
Step: 1728512	Mean reward: 4.12861442565918, 	Mean reward done: 1.2112609148025513
Step: 1736704	Mean reward: 4.369298934936523, 	Mean reward done: 1.1762852668762207
Step: 1744896	Mean reward: 4.974920749664307, 	Mean reward done: 1.2480037212371826
Step: 1753088	Mean reward: 5.3979172706604, 	Mean reward done: 1.583979606628418
Step: 1761280	Mean reward: 5.878427982330322, 	Mean reward done: 1.924627423286438
Step: 1769472	Mean reward: 5.390527248382568, 	Mean reward done: 1.7057236433029175
Step: 1777664	Mean reward: 4.481261730194092, 	Mean reward done: 1.3898067474365234
Step: 1785856	Mean reward: 3.5122342109680176, 	Mean reward done: 1.048624038696289
Step: 1794048	Mean reward: 3.8757948875427246, 	Mean reward done: 1.148756504058838
Step: 1802240	Mean reward: 5.266842365264893, 	Mean reward done: 1.567440390586853
Step: 1810432	Mean reward: 5.506847381591797, 	Mean reward done: 1.4604393243789673
Step: 1818624	Mean reward: 3.4489622116088867, 	Mean reward done: 1.1600276231765747
Step: 1826816	Mean reward: 5.2038164138793945, 	Mean reward done: 1.3597419261932373
Step: 1835008	Mean reward: 5.260401725769043, 	Mean reward done: 1.4739059209823608
Step: 1843200	Mean reward: 4.351339817047119, 	Mean reward done: 1.3577919006347656
Step: 1851392	Mean reward: 3.323397636413574, 	Mean reward done: 1.0655122995376587
Step: 1859584	Mean reward: 4.773801326751709, 	Mean reward done: 1.453284740447998
Step: 1867776	Mean reward: 3.805419921875, 	Mean reward done: 1.022164225578308
Step: 1875968	Mean reward: 3.444002151489258, 	Mean reward done: 1.137923240661621
Step: 1884160	Mean reward: 4.41131591796875, 	Mean reward done: 1.3588885068893433
Step: 1892352	Mean reward: 4.653151988983154, 	Mean reward done: 1.3024176359176636
Step: 1900544	Mean reward: 3.9279706478118896, 	Mean reward done: 1.2504150867462158
Step: 1908736	Mean reward: 3.8072030544281006, 	Mean reward done: 1.1591384410858154
Step: 1916928	Mean reward: 3.505995512008667, 	Mean reward done: 1.158097505569458
Step: 1925120	Mean reward: 4.715370178222656, 	Mean reward done: 1.5506672859191895
Step: 1933312	Mean reward: 4.713931083679199, 	Mean reward done: 1.3567683696746826
Step: 1941504	Mean reward: 4.168148517608643, 	Mean reward done: 1.3092904090881348
Step: 1949696	Mean reward: 4.348638534545898, 	Mean reward done: 1.3634083271026611
Step: 1957888	Mean reward: 4.046764850616455, 	Mean reward done: 1.1501100063323975
Step: 1966080	Mean reward: 5.614925384521484, 	Mean reward done: 1.7755851745605469
Step: 1974272	Mean reward: 4.707621097564697, 	Mean reward done: 1.4273900985717773
Step: 1982464	Mean reward: 3.4392216205596924, 	Mean reward done: 1.1893651485443115
Step: 1990656	Mean reward: 2.8374991416931152, 	Mean reward done: 1.0182428359985352
Step: 1998848	Mean reward: 3.9241631031036377, 	Mean reward done: 1.180146336555481
Step: 2007040	Mean reward: 3.5023539066314697, 	Mean reward done: 1.0997028350830078
Step: 2015232	Mean reward: 4.227991104125977, 	Mean reward done: 1.282928228378296
Step: 2023424	Mean reward: 4.34913969039917, 	Mean reward done: 1.3495430946350098
Step: 2031616	Mean reward: 4.531155586242676, 	Mean reward done: 1.1874488592147827
Step: 2039808	Mean reward: 4.77107572555542, 	Mean reward done: 1.309693694114685
Step: 2048000	Mean reward: 4.769411087036133, 	Mean reward done: 1.0915908813476562
Step: 2056192	Mean reward: 4.343997955322266, 	Mean reward done: 1.4943710565567017
Step: 2064384	Mean reward: 4.280628681182861, 	Mean reward done: 1.567590355873108
Step: 2072576	Mean reward: 4.700463771820068, 	Mean reward done: 1.4721323251724243
Step: 2080768	Mean reward: 4.938510417938232, 	Mean reward done: 1.5085341930389404
Step: 2088960	Mean reward: 3.913926601409912, 	Mean reward done: 1.334766149520874
Step: 2097152	Mean reward: 2.950019598007202, 	Mean reward done: 1.0234841108322144
Step: 2105344	Mean reward: 3.7941431999206543, 	Mean reward done: 1.0392959117889404
Step: 2113536	Mean reward: 6.202134132385254, 	Mean reward done: 1.6617772579193115
Step: 2121728	Mean reward: 4.574583530426025, 	Mean reward done: 1.5008141994476318
Step: 2129920	Mean reward: 3.912187337875366, 	Mean reward done: 1.3102158308029175
Step: 2138112	Mean reward: 3.5514988899230957, 	Mean reward done: 0.9727893471717834
Step: 2146304	Mean reward: 3.7923946380615234, 	Mean reward done: 1.2646523714065552
Step: 2154496	Mean reward: 3.311331272125244, 	Mean reward done: 0.9341996908187866
Step: 2162688	Mean reward: 5.5979180335998535, 	Mean reward done: 1.587540626525879
Step: 2170880	Mean reward: 4.753769874572754, 	Mean reward done: 1.385800838470459
Step: 2179072	Mean reward: 4.9914021492004395, 	Mean reward done: 1.400202751159668
Step: 2187264	Mean reward: 3.8478786945343018, 	Mean reward done: 1.1414616107940674
Step: 2195456	Mean reward: 3.367816686630249, 	Mean reward done: 1.0908080339431763
Step: 2203648	Mean reward: 4.029972553253174, 	Mean reward done: 1.3533577919006348
Step: 2211840	Mean reward: 3.849203109741211, 	Mean reward done: 1.210608959197998
Step: 2220032	Mean reward: 4.210533618927002, 	Mean reward done: 1.0523453950881958
Step: 2228224	Mean reward: 4.5116868019104, 	Mean reward done: 1.2861876487731934
Step: 2236416	Mean reward: 5.291054725646973, 	Mean reward done: 1.567122220993042
Step: 2244608	Mean reward: 4.3868489265441895, 	Mean reward done: 1.1466747522354126
Step: 2252800	Mean reward: 4.866464614868164, 	Mean reward done: 1.5765314102172852
Step: 2260992	Mean reward: 4.86543607711792, 	Mean reward done: 1.282882809638977
Step: 2269184	Mean reward: 4.68297815322876, 	Mean reward done: 1.131576657295227
Step: 2277376	Mean reward: 5.1616926193237305, 	Mean reward done: 1.32759428024292
Step: 2285568	Mean reward: 4.861330986022949, 	Mean reward done: 1.362883448600769
Step: 2293760	Mean reward: 3.9003281593322754, 	Mean reward done: 1.1440767049789429
Step: 2301952	Mean reward: 5.27871561050415, 	Mean reward done: 1.5657589435577393
Step: 2310144	Mean reward: 4.798624038696289, 	Mean reward done: 1.4389212131500244
Step: 2318336	Mean reward: 3.9582977294921875, 	Mean reward done: 1.229758381843567
Step: 2326528	Mean reward: 5.636222839355469, 	Mean reward done: 1.6329268217086792
Step: 2334720	Mean reward: 4.614988803863525, 	Mean reward done: 1.3013159036636353
Step: 2342912	Mean reward: 4.314376354217529, 	Mean reward done: 1.0594124794006348
Step: 2351104	Mean reward: 4.1943769454956055, 	Mean reward done: 1.0652889013290405
Step: 2359296	Mean reward: 4.9717302322387695, 	Mean reward done: 1.4868509769439697
Step: 2367488	Mean reward: 5.32755184173584, 	Mean reward done: 1.5143921375274658
Step: 2375680	Mean reward: 5.624068260192871, 	Mean reward done: 1.3580174446105957
Step: 2383872	Mean reward: 5.681675434112549, 	Mean reward done: 1.673337697982788
Step: 2392064	Mean reward: 4.184891223907471, 	Mean reward done: 1.0794178247451782
Step: 2400256	Mean reward: 4.063480854034424, 	Mean reward done: 1.3084005117416382
Step: 2408448	Mean reward: 4.839234352111816, 	Mean reward done: 1.3989992141723633
Step: 2416640	Mean reward: 4.002702713012695, 	Mean reward done: 1.3867207765579224
Step: 2424832	Mean reward: 3.643660068511963, 	Mean reward done: 1.1088908910751343
Step: 2433024	Mean reward: 5.373015403747559, 	Mean reward done: 1.546862244606018
Step: 2441216	Mean reward: 5.430318832397461, 	Mean reward done: 1.74346125125885
Step: 2449408	Mean reward: 4.95101261138916, 	Mean reward done: 1.402089238166809
Step: 2457600	Mean reward: 4.412527084350586, 	Mean reward done: 1.3807337284088135
Step: 2465792	Mean reward: 4.113289833068848, 	Mean reward done: 1.2297273874282837
Step: 2473984	Mean reward: 4.769189834594727, 	Mean reward done: 1.2280610799789429
Step: 2482176	Mean reward: 4.410457611083984, 	Mean reward done: 1.2879364490509033
Step: 2490368	Mean reward: 4.9443769454956055, 	Mean reward done: 1.4253968000411987
Step: 2498560	Mean reward: 4.228109359741211, 	Mean reward done: 1.0995652675628662
Step: 2506752	Mean reward: 4.464987277984619, 	Mean reward done: 1.3703384399414062
Step: 2514944	Mean reward: 5.94874906539917, 	Mean reward done: 1.718106985092163
Step: 2523136	Mean reward: 4.7572712898254395, 	Mean reward done: 1.3859831094741821
Step: 2531328	Mean reward: 4.9934892654418945, 	Mean reward done: 1.277338981628418
Step: 2539520	Mean reward: 4.635174751281738, 	Mean reward done: 1.4777557849884033
Step: 2547712	Mean reward: 4.515291690826416, 	Mean reward done: 1.1994686126708984
Step: 2555904	Mean reward: 5.403909683227539, 	Mean reward done: 1.6159439086914062
Step: 2564096	Mean reward: 4.748270034790039, 	Mean reward done: 1.4244886636734009
Step: 2572288	Mean reward: 4.865914821624756, 	Mean reward done: 1.2463361024856567
Step: 2580480	Mean reward: 4.151858329772949, 	Mean reward done: 1.227059006690979
Step: 2588672	Mean reward: 4.922316551208496, 	Mean reward done: 1.2656002044677734
Step: 2596864	Mean reward: 5.392912864685059, 	Mean reward done: 1.49432373046875
Step: 2605056	Mean reward: 3.9684836864471436, 	Mean reward done: 1.183144450187683
Step: 2613248	Mean reward: 4.8543524742126465, 	Mean reward done: 1.4740760326385498
Step: 2621440	Mean reward: 4.793248176574707, 	Mean reward done: 1.3079187870025635
Step: 2629632	Mean reward: 5.263522148132324, 	Mean reward done: 1.7926048040390015
Step: 2637824	Mean reward: 5.141720771789551, 	Mean reward done: 1.6698834896087646
Step: 2646016	Mean reward: 5.610627174377441, 	Mean reward done: 1.501151442527771
Step: 2654208	Mean reward: 5.132969379425049, 	Mean reward done: 1.451569676399231
Step: 2662400	Mean reward: 4.246796131134033, 	Mean reward done: 1.4790730476379395
Step: 2670592	Mean reward: 3.7743916511535645, 	Mean reward done: 1.189333438873291
Step: 2678784	Mean reward: 3.1846089363098145, 	Mean reward done: 0.884617805480957
Step: 2686976	Mean reward: 4.481602668762207, 	Mean reward done: 1.2575743198394775
Step: 2695168	Mean reward: 5.421288013458252, 	Mean reward done: 1.4417500495910645
Step: 2703360	Mean reward: 4.47479772567749, 	Mean reward done: 1.3493188619613647
Step: 2711552	Mean reward: 4.7683563232421875, 	Mean reward done: 1.3663674592971802
Step: 2719744	Mean reward: 3.1196649074554443, 	Mean reward done: 1.0238507986068726
Step: 2727936	Mean reward: 4.2379326820373535, 	Mean reward done: 1.2395867109298706
Step: 2736128	Mean reward: 4.17851448059082, 	Mean reward done: 1.2869093418121338
Step: 2744320	Mean reward: 3.7658956050872803, 	Mean reward done: 1.0728944540023804
Step: 2752512	Mean reward: 4.355201721191406, 	Mean reward done: 1.4448615312576294
Step: 2760704	Mean reward: 3.531507968902588, 	Mean reward done: 0.9226740002632141
Step: 2768896	Mean reward: 4.296942234039307, 	Mean reward done: 1.4441052675247192
Step: 2777088	Mean reward: 3.2362217903137207, 	Mean reward done: 1.0365793704986572
Step: 2785280	Mean reward: 5.119035243988037, 	Mean reward done: 1.2983986139297485
Step: 2793472	Mean reward: 4.000079154968262, 	Mean reward done: 1.11080801486969
Step: 2801664	Mean reward: 6.5263214111328125, 	Mean reward done: 1.630704402923584
Step: 2809856	Mean reward: 6.049829483032227, 	Mean reward done: 1.6843544244766235
Step: 2818048	Mean reward: 4.6387152671813965, 	Mean reward done: 1.2836904525756836
Step: 2826240	Mean reward: 4.637068748474121, 	Mean reward done: 1.3520176410675049
Step: 2834432	Mean reward: 4.226108551025391, 	Mean reward done: 1.1869593858718872
Step: 2842624	Mean reward: 4.811554431915283, 	Mean reward done: 1.1794239282608032
Step: 2850816	Mean reward: 4.341665744781494, 	Mean reward done: 1.2836507558822632
Step: 2859008	Mean reward: 4.869534969329834, 	Mean reward done: 1.3081835508346558
Step: 2867200	Mean reward: 4.10440731048584, 	Mean reward done: 1.2660588026046753
Step: 2875392	Mean reward: 3.5180201530456543, 	Mean reward done: 1.022169828414917
Step: 2883584	Mean reward: 4.573965549468994, 	Mean reward done: 1.317012071609497
Step: 2891776	Mean reward: 4.395884990692139, 	Mean reward done: 1.594294786453247
Step: 2899968	Mean reward: 3.164660930633545, 	Mean reward done: 1.0763773918151855
Step: 2908160	Mean reward: 3.633936882019043, 	Mean reward done: 1.097438097000122
Step: 2916352	Mean reward: 4.980134963989258, 	Mean reward done: 1.5292301177978516
Step: 2924544	Mean reward: 3.865417718887329, 	Mean reward done: 1.3363162279129028
Step: 2932736	Mean reward: 4.450253963470459, 	Mean reward done: 1.2926357984542847
Step: 2940928	Mean reward: 2.92738676071167, 	Mean reward done: 0.936623215675354
Step: 2949120	Mean reward: 4.918256759643555, 	Mean reward done: 1.2913211584091187
Step: 2957312	Mean reward: 4.974289894104004, 	Mean reward done: 1.3795634508132935
Step: 2965504	Mean reward: 5.615278720855713, 	Mean reward done: 1.7031511068344116
Step: 2973696	Mean reward: 4.384461402893066, 	Mean reward done: 1.6149535179138184
Step: 2981888	Mean reward: 3.857607364654541, 	Mean reward done: 1.096398949623108
Step: 2990080	Mean reward: 5.026716232299805, 	Mean reward done: 1.5771918296813965
Step: 2998272	Mean reward: 4.149150848388672, 	Mean reward done: 1.310003638267517
Step: 3006464	Mean reward: 4.0320587158203125, 	Mean reward done: 1.2738901376724243
Step: 3014656	Mean reward: 4.558770179748535, 	Mean reward done: 1.3832221031188965
Step: 3022848	Mean reward: 5.315032005310059, 	Mean reward done: 1.480654239654541
Step: 3031040	Mean reward: 3.853116750717163, 	Mean reward done: 1.3164790868759155
Step: 3039232	Mean reward: 4.904240131378174, 	Mean reward done: 1.3912079334259033
Step: 3047424	Mean reward: 4.259275436401367, 	Mean reward done: 1.283211350440979
Step: 3055616	Mean reward: 4.666364669799805, 	Mean reward done: 1.5710545778274536
Step: 3063808	Mean reward: 4.838901042938232, 	Mean reward done: 1.4832665920257568
Step: 3072000	Mean reward: 5.12874698638916, 	Mean reward done: 1.5158746242523193
Step: 3080192	Mean reward: 4.833920955657959, 	Mean reward done: 1.4574848413467407
Step: 3088384	Mean reward: 3.9000473022460938, 	Mean reward done: 1.0990548133850098
Step: 3096576	Mean reward: 4.191183567047119, 	Mean reward done: 1.2778552770614624
Step: 3104768	Mean reward: 5.003866195678711, 	Mean reward done: 1.3487625122070312
Step: 3112960	Mean reward: 5.000946521759033, 	Mean reward done: 1.3592064380645752
Step: 3121152	Mean reward: 3.8950281143188477, 	Mean reward done: 1.3526835441589355
Step: 3129344	Mean reward: 3.603982448577881, 	Mean reward done: 1.1151050329208374
Step: 3137536	Mean reward: 3.7775917053222656, 	Mean reward done: 1.0954996347427368
Step: 3145728	Mean reward: 4.881293773651123, 	Mean reward done: 1.2063490152359009
Step: 3153920	Mean reward: 3.94989275932312, 	Mean reward done: 1.2689199447631836
Step: 3162112	Mean reward: 4.1241774559021, 	Mean reward done: 1.3703101873397827
Step: 3170304	Mean reward: 4.877781867980957, 	Mean reward done: 1.2907798290252686
Step: 3178496	Mean reward: 5.68652868270874, 	Mean reward done: 1.5754215717315674
Step: 3186688	Mean reward: 4.407242774963379, 	Mean reward done: 1.469939112663269
Step: 3194880	Mean reward: 4.058351516723633, 	Mean reward done: 1.2419331073760986
Step: 3203072	Mean reward: 3.825331687927246, 	Mean reward done: 1.0693469047546387
Step: 3211264	Mean reward: 4.57795524597168, 	Mean reward done: 1.361832857131958
Step: 3219456	Mean reward: 5.618875980377197, 	Mean reward done: 1.5509203672409058
Step: 3227648	Mean reward: 3.937631368637085, 	Mean reward done: 1.1014641523361206
Step: 3235840	Mean reward: 4.052941799163818, 	Mean reward done: 1.2158796787261963
Step: 3244032	Mean reward: 4.515296936035156, 	Mean reward done: 1.3597184419631958
Step: 3252224	Mean reward: 4.1659770011901855, 	Mean reward done: 1.2648242712020874
Step: 3260416	Mean reward: 5.205177307128906, 	Mean reward done: 1.769788384437561
Step: 3268608	Mean reward: 3.70011043548584, 	Mean reward done: 1.2083317041397095
Step: 3276800	Mean reward: 3.2954561710357666, 	Mean reward done: 1.1100454330444336
Step: 3284992	Mean reward: 4.567333221435547, 	Mean reward done: 1.322784423828125
Step: 3293184	Mean reward: 4.681869029998779, 	Mean reward done: 1.2366721630096436
Step: 3301376	Mean reward: 4.7389116287231445, 	Mean reward done: 1.4975080490112305
Step: 3309568	Mean reward: 5.4307966232299805, 	Mean reward done: 1.5915441513061523
Step: 3317760	Mean reward: 5.139573097229004, 	Mean reward done: 1.4871538877487183
Step: 3325952	Mean reward: 3.8112049102783203, 	Mean reward done: 1.2280478477478027
Step: 3334144	Mean reward: 4.27205228805542, 	Mean reward done: 1.132204294204712
Step: 3342336	Mean reward: 5.250635147094727, 	Mean reward done: 1.6646486520767212
Step: 3350528	Mean reward: 4.441958427429199, 	Mean reward done: 1.350860834121704
Step: 3358720	Mean reward: 4.959203243255615, 	Mean reward done: 1.460106372833252
Step: 3366912	Mean reward: 5.243603706359863, 	Mean reward done: 1.5403343439102173
Step: 3375104	Mean reward: 4.549756050109863, 	Mean reward done: 1.2504829168319702
Step: 3383296	Mean reward: 4.433716773986816, 	Mean reward done: 1.2856816053390503
Step: 3391488	Mean reward: 4.202079772949219, 	Mean reward done: 1.27118718624115
Step: 3399680	Mean reward: 3.0500688552856445, 	Mean reward done: 0.9884817004203796
Step: 3407872	Mean reward: 3.8558027744293213, 	Mean reward done: 1.054249882698059
Step: 3416064	Mean reward: 3.0499842166900635, 	Mean reward done: 1.0511856079101562
Step: 3424256	Mean reward: 4.25878381729126, 	Mean reward done: 1.339990258216858
Step: 3432448	Mean reward: 5.120962142944336, 	Mean reward done: 1.47669517993927
Step: 3440640	Mean reward: 4.775355339050293, 	Mean reward done: 1.4886375665664673
Step: 3448832	Mean reward: 4.085007667541504, 	Mean reward done: 1.1383754014968872
Step: 3457024	Mean reward: 4.08497428894043, 	Mean reward done: 1.2591947317123413
Step: 3465216	Mean reward: 4.602527618408203, 	Mean reward done: 1.3500744104385376
Step: 3473408	Mean reward: 5.118549346923828, 	Mean reward done: 1.619673252105713
Step: 3481600	Mean reward: 4.139926910400391, 	Mean reward done: 1.3780651092529297
Step: 3489792	Mean reward: 2.7030718326568604, 	Mean reward done: 0.922934353351593
Step: 3497984	Mean reward: 3.796642541885376, 	Mean reward done: 1.1481683254241943
Step: 3506176	Mean reward: 3.9120168685913086, 	Mean reward done: 1.3756340742111206
Step: 3514368	Mean reward: 4.372157096862793, 	Mean reward done: 1.2609713077545166
Step: 3522560	Mean reward: 4.946691036224365, 	Mean reward done: 1.3523967266082764
Step: 3530752	Mean reward: 4.082642078399658, 	Mean reward done: 1.5470976829528809
Step: 3538944	Mean reward: 5.0572309494018555, 	Mean reward done: 1.5591787099838257
Step: 3547136	Mean reward: 4.13702392578125, 	Mean reward done: 0.9227630496025085
Step: 3555328	Mean reward: 5.112793922424316, 	Mean reward done: 1.2879034280776978
Step: 3563520	Mean reward: 4.824435710906982, 	Mean reward done: 1.260675072669983
Step: 3571712	Mean reward: 3.2161991596221924, 	Mean reward done: 0.8610004186630249
Step: 3579904	Mean reward: 3.73325514793396, 	Mean reward done: 1.0188719034194946
Step: 3588096	Mean reward: 3.44624662399292, 	Mean reward done: 1.29862380027771
Step: 3596288	Mean reward: 4.5376877784729, 	Mean reward done: 1.2066432237625122
Step: 3604480	Mean reward: 5.283819675445557, 	Mean reward done: 1.2659450769424438
Step: 3612672	Mean reward: 3.6758506298065186, 	Mean reward done: 1.1787161827087402
Step: 3620864	Mean reward: 3.8486108779907227, 	Mean reward done: 1.273291826248169
Step: 3629056	Mean reward: 3.905914306640625, 	Mean reward done: 1.4018045663833618
Step: 3637248	Mean reward: 3.617784023284912, 	Mean reward done: 0.974319577217102
Step: 3645440	Mean reward: 3.387892484664917, 	Mean reward done: 1.0938938856124878
Step: 3653632	Mean reward: 3.904700994491577, 	Mean reward done: 1.27313232421875
Step: 3661824	Mean reward: 3.8477296829223633, 	Mean reward done: 1.1143907308578491
Step: 3670016	Mean reward: 3.904939889907837, 	Mean reward done: 1.2655751705169678
Step: 3678208	Mean reward: 5.281094074249268, 	Mean reward done: 1.6599185466766357
Step: 3686400	Mean reward: 4.476191997528076, 	Mean reward done: 1.2587040662765503
Step: 3694592	Mean reward: 4.703998565673828, 	Mean reward done: 1.2008599042892456
Step: 3702784	Mean reward: 5.850229263305664, 	Mean reward done: 1.8602157831192017
Step: 3710976	Mean reward: 5.73198938369751, 	Mean reward done: 1.8056238889694214
Step: 3719168	Mean reward: 3.7247912883758545, 	Mean reward done: 1.361525297164917
Step: 3727360	Mean reward: 4.584654331207275, 	Mean reward done: 1.2730544805526733
Step: 3735552	Mean reward: 4.526738166809082, 	Mean reward done: 1.3809341192245483
Step: 3743744	Mean reward: 6.2420196533203125, 	Mean reward done: 1.8640693426132202
Step: 3751936	Mean reward: 4.636284828186035, 	Mean reward done: 1.3268287181854248
Step: 3760128	Mean reward: 4.178807258605957, 	Mean reward done: 1.2107104063034058
Step: 3768320	Mean reward: 4.121357440948486, 	Mean reward done: 1.2785168886184692
Step: 3776512	Mean reward: 4.064178466796875, 	Mean reward done: 1.399435043334961
Step: 3784704	Mean reward: 4.4639458656311035, 	Mean reward done: 1.231394648551941
Step: 3792896	Mean reward: 3.8338441848754883, 	Mean reward done: 1.133939504623413
Step: 3801088	Mean reward: 4.176723957061768, 	Mean reward done: 1.531463861465454
Step: 3809280	Mean reward: 4.289848327636719, 	Mean reward done: 1.4891184568405151
Step: 3817472	Mean reward: 3.6028475761413574, 	Mean reward done: 0.9234460592269897
Step: 3825664	Mean reward: 4.746224880218506, 	Mean reward done: 1.2844511270523071
Step: 3833856	Mean reward: 5.145485877990723, 	Mean reward done: 1.481730341911316
Step: 3842048	Mean reward: 4.915186882019043, 	Mean reward done: 1.370741367340088
Step: 3850240	Mean reward: 5.542656421661377, 	Mean reward done: 1.6432814598083496
Step: 3858432	Mean reward: 4.512434482574463, 	Mean reward done: 1.4479840993881226
Step: 3866624	Mean reward: 4.339784622192383, 	Mean reward done: 1.167932152748108
Step: 3874816	Mean reward: 4.795631408691406, 	Mean reward done: 1.3731704950332642
Step: 3883008	Mean reward: 5.023857593536377, 	Mean reward done: 1.4043980836868286
Step: 3891200	Mean reward: 4.678757190704346, 	Mean reward done: 1.4821765422821045
Step: 3899392	Mean reward: 3.5935888290405273, 	Mean reward done: 1.048742413520813
Step: 3907584	Mean reward: 4.619865417480469, 	Mean reward done: 1.2680866718292236
Step: 3915776	Mean reward: 3.9922289848327637, 	Mean reward done: 1.1045149564743042
Step: 3923968	Mean reward: 3.193755865097046, 	Mean reward done: 1.0586140155792236
Step: 3932160	Mean reward: 3.3649744987487793, 	Mean reward done: 1.0031135082244873
Step: 3940352	Mean reward: 4.50579309463501, 	Mean reward done: 1.400891900062561
Step: 3948544	Mean reward: 5.016885280609131, 	Mean reward done: 1.4744141101837158
Step: 3956736	Mean reward: 4.901285648345947, 	Mean reward done: 1.6679610013961792
Step: 3964928	Mean reward: 4.49989128112793, 	Mean reward done: 1.482210397720337
Step: 3973120	Mean reward: 4.499195098876953, 	Mean reward done: 1.1414107084274292
Step: 3981312	Mean reward: 3.4735867977142334, 	Mean reward done: 1.172114372253418
Step: 3989504	Mean reward: 4.043550491333008, 	Mean reward done: 1.2728582620620728
Step: 3997696	Mean reward: 4.726889610290527, 	Mean reward done: 1.3003675937652588
Step: 4005888	Mean reward: 4.953339576721191, 	Mean reward done: 1.620627999305725
Step: 4014080	Mean reward: 5.066195487976074, 	Mean reward done: 1.6601450443267822
Step: 4022272	Mean reward: 3.75665283203125, 	Mean reward done: 1.0646650791168213
Step: 4030464	Mean reward: 4.835967063903809, 	Mean reward done: 1.3905266523361206
Step: 4038656	Mean reward: 5.175992965698242, 	Mean reward done: 1.3252785205841064
Step: 4046848	Mean reward: 3.5270378589630127, 	Mean reward done: 1.0381908416748047
Step: 4055040	Mean reward: 4.6084136962890625, 	Mean reward done: 1.5304491519927979
Step: 4063232	Mean reward: 3.8121280670166016, 	Mean reward done: 1.3531984090805054
Step: 4071424	Mean reward: 4.380622863769531, 	Mean reward done: 1.3307172060012817
Step: 4079616	Mean reward: 3.8687617778778076, 	Mean reward done: 1.4196393489837646
Step: 4087808	Mean reward: 4.835341453552246, 	Mean reward done: 1.3805254697799683
Step: 4096000	Mean reward: 5.289361000061035, 	Mean reward done: 1.4269624948501587
Step: 4104192	Mean reward: 4.151020050048828, 	Mean reward done: 1.1429495811462402
Step: 4112384	Mean reward: 4.264740467071533, 	Mean reward done: 1.4519001245498657
Step: 4120576	Mean reward: 3.07065486907959, 	Mean reward done: 0.9776539206504822
Step: 4128768	Mean reward: 3.411923408508301, 	Mean reward done: 1.0299402475357056
Step: 4136960	Mean reward: 4.151767253875732, 	Mean reward done: 1.1113290786743164
Step: 4145152	Mean reward: 3.7533040046691895, 	Mean reward done: 1.3563281297683716
Step: 4153344	Mean reward: 4.037498474121094, 	Mean reward done: 1.3117122650146484
Step: 4161536	Mean reward: 4.094205379486084, 	Mean reward done: 1.1458097696304321
Step: 4169728	Mean reward: 4.549138069152832, 	Mean reward done: 1.46424400806427
Step: 4177920	Mean reward: 5.116697311401367, 	Mean reward done: 1.5883595943450928
Step: 4186112	Mean reward: 4.83137845993042, 	Mean reward done: 1.3652451038360596
Step: 4194304	Mean reward: 2.614298105239868, 	Mean reward done: 1.1082375049591064
Step: 4202496	Mean reward: 4.035705089569092, 	Mean reward done: 1.2249139547348022
Step: 4210688	Mean reward: 4.7749834060668945, 	Mean reward done: 1.3628599643707275
Step: 4218880	Mean reward: 4.490055084228516, 	Mean reward done: 1.401026964187622
Step: 4227072	Mean reward: 4.205883979797363, 	Mean reward done: 1.1716984510421753
Step: 4235264	Mean reward: 3.7504775524139404, 	Mean reward done: 1.4941240549087524
Step: 4243456	Mean reward: 4.942834377288818, 	Mean reward done: 1.7186415195465088
Step: 4251648	Mean reward: 3.5224862098693848, 	Mean reward done: 0.9667902588844299
Step: 4259840	Mean reward: 4.658176898956299, 	Mean reward done: 1.2753195762634277
Step: 4268032	Mean reward: 4.0333051681518555, 	Mean reward done: 1.2467780113220215
Step: 4276224	Mean reward: 2.8406453132629395, 	Mean reward done: 0.939308762550354
Step: 4284416	Mean reward: 4.146838665008545, 	Mean reward done: 1.6928789615631104
Step: 4292608	Mean reward: 4.032702445983887, 	Mean reward done: 1.2637584209442139
Step: 4300800	Mean reward: 4.883340358734131, 	Mean reward done: 1.1685152053833008
Step: 4308992	Mean reward: 3.236572265625, 	Mean reward done: 1.0066601037979126
Step: 4317184	Mean reward: 5.28020715713501, 	Mean reward done: 1.2982882261276245
Step: 4325376	Mean reward: 4.426844596862793, 	Mean reward done: 1.5087498426437378
Step: 4333568	Mean reward: 5.56018590927124, 	Mean reward done: 1.5286331176757812
Step: 4341760	Mean reward: 4.934641361236572, 	Mean reward done: 1.341843843460083
Step: 4349952	Mean reward: 5.3309245109558105, 	Mean reward done: 1.6682826280593872
Step: 4358144	Mean reward: 5.215402126312256, 	Mean reward done: 1.6808611154556274
Step: 4366336	Mean reward: 4.534390926361084, 	Mean reward done: 1.4075533151626587
Step: 4374528	Mean reward: 4.080929279327393, 	Mean reward done: 1.0905436277389526
Step: 4382720	Mean reward: 4.024937629699707, 	Mean reward done: 1.0227001905441284
Step: 4390912	Mean reward: 5.044185638427734, 	Mean reward done: 1.841968297958374
Step: 4399104	Mean reward: 4.531323432922363, 	Mean reward done: 1.5405384302139282
Step: 4407296	Mean reward: 3.6242198944091797, 	Mean reward done: 1.202082633972168
Step: 4415488	Mean reward: 3.964099407196045, 	Mean reward done: 1.297296166419983
Step: 4423680	Mean reward: 6.340956211090088, 	Mean reward done: 1.560302734375
Step: 4431872	Mean reward: 4.3584675788879395, 	Mean reward done: 1.2523499727249146
Step: 4440064	Mean reward: 5.771803855895996, 	Mean reward done: 1.8372302055358887
Step: 4448256	Mean reward: 3.677110195159912, 	Mean reward done: 1.1312825679779053
Step: 4456448	Mean reward: 4.864789962768555, 	Mean reward done: 1.3347357511520386
Step: 4464640	Mean reward: 4.9763922691345215, 	Mean reward done: 1.4556223154067993
Step: 4472832	Mean reward: 4.7494401931762695, 	Mean reward done: 1.5572936534881592
Step: 4481024	Mean reward: 4.804526329040527, 	Mean reward done: 1.2199724912643433
Step: 4489216	Mean reward: 4.0122785568237305, 	Mean reward done: 1.23193359375
Step: 4497408	Mean reward: 3.6725049018859863, 	Mean reward done: 1.1402684450149536
Step: 4505600	Mean reward: 4.2941131591796875, 	Mean reward done: 1.4944730997085571
Step: 4513792	Mean reward: 4.237471103668213, 	Mean reward done: 1.2175707817077637
Step: 4521984	Mean reward: 4.63173770904541, 	Mean reward done: 1.3113868236541748
Step: 4530176	Mean reward: 3.8958613872528076, 	Mean reward done: 1.0163133144378662
Step: 4538368	Mean reward: 4.459898471832275, 	Mean reward done: 1.207505226135254
Step: 4546560	Mean reward: 5.361574649810791, 	Mean reward done: 1.8669111728668213
Step: 4554752	Mean reward: 4.2318291664123535, 	Mean reward done: 1.2968209981918335
Step: 4562944	Mean reward: 5.584388732910156, 	Mean reward done: 1.458544135093689
Step: 4571136	Mean reward: 5.7516560554504395, 	Mean reward done: 1.5928537845611572
Step: 4579328	Mean reward: 5.749885559082031, 	Mean reward done: 1.6542038917541504
Step: 4587520	Mean reward: 5.126537799835205, 	Mean reward done: 1.2943787574768066
Step: 4595712	Mean reward: 5.124124526977539, 	Mean reward done: 1.4704649448394775
Step: 4603904	Mean reward: 5.909656524658203, 	Mean reward done: 1.3808865547180176
Step: 4612096	Mean reward: 5.008493900299072, 	Mean reward done: 1.4318045377731323
Step: 4620288	Mean reward: 5.007580757141113, 	Mean reward done: 1.7902052402496338
Step: 4628480	Mean reward: 5.005558490753174, 	Mean reward done: 1.4443446397781372
Step: 4636672	Mean reward: 4.217204570770264, 	Mean reward done: 1.5655888319015503
Step: 4644864	Mean reward: 3.7668251991271973, 	Mean reward done: 1.0774463415145874
Step: 4653056	Mean reward: 6.240296363830566, 	Mean reward done: 1.801156759262085
Step: 4661248	Mean reward: 4.999978542327881, 	Mean reward done: 1.5824207067489624
Step: 4669440	Mean reward: 5.6164021492004395, 	Mean reward done: 1.5606799125671387
Step: 4677632	Mean reward: 5.726387977600098, 	Mean reward done: 1.465009093284607
Step: 4685824	Mean reward: 5.835935115814209, 	Mean reward done: 1.6972153186798096
Step: 4694016	Mean reward: 3.703120470046997, 	Mean reward done: 1.2976876497268677
Step: 4702208	Mean reward: 4.544583320617676, 	Mean reward done: 1.344673752784729
Step: 4710400	Mean reward: 3.646664619445801, 	Mean reward done: 1.0668836832046509
Step: 4718592	Mean reward: 5.160556793212891, 	Mean reward done: 1.6397936344146729
Step: 4726784	Mean reward: 4.7664031982421875, 	Mean reward done: 1.4893403053283691
Step: 4734976	Mean reward: 4.653741359710693, 	Mean reward done: 1.351799726486206
Step: 4743168	Mean reward: 4.7094407081604, 	Mean reward done: 1.4321938753128052
Step: 4751360	Mean reward: 4.036584854125977, 	Mean reward done: 1.1843503713607788
Step: 4759552	Mean reward: 5.1024394035339355, 	Mean reward done: 1.3372876644134521
Step: 4767744	Mean reward: 3.6444106101989746, 	Mean reward done: 1.1718189716339111
Step: 4775936	Mean reward: 5.270164966583252, 	Mean reward done: 1.4502339363098145
Step: 4784128	Mean reward: 3.1389260292053223, 	Mean reward done: 1.1401288509368896
Step: 4792320	Mean reward: 3.6429638862609863, 	Mean reward done: 1.3198968172073364
Step: 4800512	Mean reward: 4.98703670501709, 	Mean reward done: 1.3746845722198486
Step: 4808704	Mean reward: 4.872870445251465, 	Mean reward done: 1.397946834564209
Step: 4816896	Mean reward: 4.983128547668457, 	Mean reward done: 1.4299038648605347
Step: 4825088	Mean reward: 4.758537292480469, 	Mean reward done: 1.6263153553009033
Step: 4833280	Mean reward: 4.086680889129639, 	Mean reward done: 1.1032419204711914
Step: 4841472	Mean reward: 4.366474628448486, 	Mean reward done: 1.3343335390090942
Step: 4849664	Mean reward: 5.036593914031982, 	Mean reward done: 1.5903016328811646
Step: 4857856	Mean reward: 4.699480056762695, 	Mean reward done: 1.5334758758544922
Step: 4866048	Mean reward: 4.8661651611328125, 	Mean reward done: 1.381545901298523
Step: 4874240	Mean reward: 4.641697883605957, 	Mean reward done: 1.3484539985656738
Step: 4882432	Mean reward: 3.9700355529785156, 	Mean reward done: 1.2145777940750122
Step: 4890624	Mean reward: 4.081633567810059, 	Mean reward done: 1.2930006980895996
Step: 4898816	Mean reward: 4.250009536743164, 	Mean reward done: 1.2600902318954468
Step: 4907008	Mean reward: 4.529370307922363, 	Mean reward done: 1.1696213483810425
Step: 4915200	Mean reward: 3.4674124717712402, 	Mean reward done: 1.0571372509002686
Step: 4923392	Mean reward: 6.597612380981445, 	Mean reward done: 1.6768332719802856
Step: 4931584	Mean reward: 6.426870822906494, 	Mean reward done: 1.6961591243743896
Step: 4939776	Mean reward: 4.693070411682129, 	Mean reward done: 1.5529171228408813
Step: 4947968	Mean reward: 4.63646125793457, 	Mean reward done: 1.1685004234313965
Step: 4956160	Mean reward: 5.6406097412109375, 	Mean reward done: 1.721044659614563
Step: 4964352	Mean reward: 5.191195011138916, 	Mean reward done: 1.882311224937439
Step: 4972544	Mean reward: 4.799150466918945, 	Mean reward done: 1.4657965898513794
Step: 4980736	Mean reward: 3.683220148086548, 	Mean reward done: 1.170071005821228
Step: 4988928	Mean reward: 3.961575984954834, 	Mean reward done: 1.405173659324646
Step: 4997120	Mean reward: 5.577093601226807, 	Mean reward done: 1.5871702432632446
Step: 5005312	Mean reward: 4.12653923034668, 	Mean reward done: 1.1784800291061401
Step: 5013504	Mean reward: 4.014868259429932, 	Mean reward done: 1.133297085762024
Step: 5021696	Mean reward: 4.236334800720215, 	Mean reward done: 1.2662951946258545
Step: 5029888	Mean reward: 3.6218481063842773, 	Mean reward done: 1.0062965154647827
Step: 5038080	Mean reward: 3.9002633094787598, 	Mean reward done: 1.2145202159881592
Step: 5046272	Mean reward: 3.2316465377807617, 	Mean reward done: 1.362309455871582
Step: 5054464	Mean reward: 3.677255630493164, 	Mean reward done: 1.044675588607788
Step: 5062656	Mean reward: 4.345455646514893, 	Mean reward done: 1.4085670709609985
Step: 5070848	Mean reward: 3.6210930347442627, 	Mean reward done: 1.1680290699005127
Step: 5079040	Mean reward: 4.679209232330322, 	Mean reward done: 1.4268509149551392
Step: 5087232	Mean reward: 4.288499355316162, 	Mean reward done: 1.3468945026397705
Step: 5095424	Mean reward: 4.956513404846191, 	Mean reward done: 1.438037633895874
Step: 5103616	Mean reward: 5.23366117477417, 	Mean reward done: 1.488632321357727
Step: 5111808	Mean reward: 6.4547014236450195, 	Mean reward done: 1.8798576593399048
Step: 5120000	Mean reward: 4.672483921051025, 	Mean reward done: 1.4344675540924072
Step: 5128192	Mean reward: 5.560880184173584, 	Mean reward done: 1.537604570388794
Step: 5136384	Mean reward: 4.003025054931641, 	Mean reward done: 1.094873309135437
Step: 5144576	Mean reward: 4.558276176452637, 	Mean reward done: 1.3304247856140137
Step: 5152768	Mean reward: 5.168920516967773, 	Mean reward done: 1.4310578107833862
Step: 5160960	Mean reward: 5.057247161865234, 	Mean reward done: 1.425478458404541
Step: 5169152	Mean reward: 4.723073482513428, 	Mean reward done: 1.4581515789031982
Step: 5177344	Mean reward: 4.666683197021484, 	Mean reward done: 1.4416784048080444
Step: 5185536	Mean reward: 5.942862510681152, 	Mean reward done: 1.5037294626235962
Step: 5193728	Mean reward: 5.995927333831787, 	Mean reward done: 1.7525628805160522
Step: 5201920	Mean reward: 4.328709602355957, 	Mean reward done: 1.0909698009490967
Step: 5210112	Mean reward: 4.050894260406494, 	Mean reward done: 1.2171188592910767
Step: 5218304	Mean reward: 3.6629245281219482, 	Mean reward done: 0.9396421313285828
Step: 5226496	Mean reward: 4.717519760131836, 	Mean reward done: 1.470772624015808
Step: 5234688	Mean reward: 4.716470718383789, 	Mean reward done: 1.348820686340332
Step: 5242880	Mean reward: 4.550176620483398, 	Mean reward done: 1.3867921829223633
Step: 5251072	Mean reward: 5.215181827545166, 	Mean reward done: 1.3278474807739258
Step: 5259264	Mean reward: 4.659791946411133, 	Mean reward done: 1.3507843017578125
Step: 5267456	Mean reward: 3.051100254058838, 	Mean reward done: 0.9153233766555786
Step: 5275648	Mean reward: 4.659778118133545, 	Mean reward done: 1.449190378189087
Step: 5283840	Mean reward: 5.21428918838501, 	Mean reward done: 1.2482331991195679
Step: 5292032	Mean reward: 6.654816627502441, 	Mean reward done: 1.9752024412155151
Step: 5300224	Mean reward: 3.9918835163116455, 	Mean reward done: 1.2644866704940796
Step: 5308416	Mean reward: 3.3826260566711426, 	Mean reward done: 0.9373528957366943
Step: 5316608	Mean reward: 5.15703010559082, 	Mean reward done: 1.487039566040039
Step: 5324800	Mean reward: 5.6551032066345215, 	Mean reward done: 1.3782038688659668
Step: 5332992	Mean reward: 4.378958702087402, 	Mean reward done: 1.3534083366394043
Step: 5341184	Mean reward: 4.545165061950684, 	Mean reward done: 1.4180551767349243
Step: 5349376	Mean reward: 4.932636260986328, 	Mean reward done: 1.3457285165786743
Step: 5357568	Mean reward: 5.265344142913818, 	Mean reward done: 1.5754523277282715
Step: 5365760	Mean reward: 5.596548080444336, 	Mean reward done: 1.6919201612472534
Step: 5373952	Mean reward: 4.211104869842529, 	Mean reward done: 1.3893227577209473
Step: 5382144	Mean reward: 3.9343249797821045, 	Mean reward done: 1.1692172288894653
Step: 5390336	Mean reward: 5.319305896759033, 	Mean reward done: 1.3869521617889404
Step: 5398528	Mean reward: 5.927474021911621, 	Mean reward done: 1.6972700357437134
Step: 5406720	Mean reward: 6.036281585693359, 	Mean reward done: 1.6033432483673096
Step: 5414912	Mean reward: 4.594964981079102, 	Mean reward done: 1.7780171632766724
Step: 5423104	Mean reward: 4.317895889282227, 	Mean reward done: 1.1568411588668823
Step: 5431296	Mean reward: 4.759495258331299, 	Mean reward done: 1.6139705181121826
Step: 5439488	Mean reward: 3.652141571044922, 	Mean reward done: 1.2433446645736694
Step: 5447680	Mean reward: 4.371025085449219, 	Mean reward done: 1.2615137100219727
Step: 5455872	Mean reward: 3.6515750885009766, 	Mean reward done: 1.3001799583435059
Step: 5464064	Mean reward: 3.9284133911132812, 	Mean reward done: 1.5040477514266968
Step: 5472256	Mean reward: 3.3199779987335205, 	Mean reward done: 1.031036615371704
Step: 5480448	Mean reward: 4.759112358093262, 	Mean reward done: 1.4360333681106567
Step: 5488640	Mean reward: 4.37187385559082, 	Mean reward done: 1.2635960578918457
Step: 5496832	Mean reward: 4.150641441345215, 	Mean reward done: 1.3595657348632812
Step: 5505024	Mean reward: 4.924417972564697, 	Mean reward done: 1.7272619009017944
Step: 5513216	Mean reward: 4.370150566101074, 	Mean reward done: 1.382964015007019
Step: 5521408	Mean reward: 3.0427021980285645, 	Mean reward done: 0.9266415238380432
Step: 5529600	Mean reward: 3.48563814163208, 	Mean reward done: 1.0945649147033691
Step: 5537792	Mean reward: 2.932614803314209, 	Mean reward done: 0.9612509608268738
Step: 5545984	Mean reward: 3.652487277984619, 	Mean reward done: 1.179680585861206
Step: 5554176	Mean reward: 5.9200825691223145, 	Mean reward done: 1.9853664636611938
Step: 5562368	Mean reward: 4.203135013580322, 	Mean reward done: 1.2434288263320923
Step: 5570560	Mean reward: 4.811047077178955, 	Mean reward done: 1.4741270542144775
Step: 5578752	Mean reward: 4.920776844024658, 	Mean reward done: 1.4720425605773926
Step: 5586944	Mean reward: 4.42228364944458, 	Mean reward done: 1.506343126296997
Step: 5595136	Mean reward: 4.200769424438477, 	Mean reward done: 1.501609206199646
Step: 5603328	Mean reward: 4.753650188446045, 	Mean reward done: 1.5752886533737183
Step: 5611520	Mean reward: 5.526381492614746, 	Mean reward done: 1.3348795175552368
Step: 5619712	Mean reward: 4.088458061218262, 	Mean reward done: 1.5347509384155273
Step: 5627904	Mean reward: 5.5799431800842285, 	Mean reward done: 1.480489730834961
Step: 5636096	Mean reward: 4.08732271194458, 	Mean reward done: 1.5287984609603882
Step: 5644288	Mean reward: 3.3696744441986084, 	Mean reward done: 1.0385199785232544
Step: 5652480	Mean reward: 3.369763135910034, 	Mean reward done: 1.247550368309021
Step: 5660672	Mean reward: 3.425446033477783, 	Mean reward done: 0.9682440757751465
Step: 5668864	Mean reward: 3.7572295665740967, 	Mean reward done: 1.3127939701080322
Step: 5677056	Mean reward: 3.9786009788513184, 	Mean reward done: 1.3030441999435425
Step: 5685248	Mean reward: 5.6913862228393555, 	Mean reward done: 1.5406012535095215
Step: 5693440	Mean reward: 5.082694053649902, 	Mean reward done: 1.5349377393722534
Step: 5701632	Mean reward: 6.131511688232422, 	Mean reward done: 1.6545358896255493
Step: 5709824	Mean reward: 4.417964935302734, 	Mean reward done: 1.3134219646453857
Step: 5718016	Mean reward: 5.741418838500977, 	Mean reward done: 1.6285933256149292
Step: 5726208	Mean reward: 3.587005615234375, 	Mean reward done: 1.0865509510040283
Step: 5734400	Mean reward: 4.028954029083252, 	Mean reward done: 1.0808284282684326
Step: 5742592	Mean reward: 4.194238185882568, 	Mean reward done: 1.5844093561172485
Step: 5750784	Mean reward: 3.918490171432495, 	Mean reward done: 1.206820011138916
Step: 5758976	Mean reward: 5.4629316329956055, 	Mean reward done: 1.714298129081726
Step: 5767168	Mean reward: 4.579243183135986, 	Mean reward done: 1.450095534324646
Step: 5775360	Mean reward: 5.846924781799316, 	Mean reward done: 1.6437747478485107
Step: 5783552	Mean reward: 3.695389986038208, 	Mean reward done: 1.04361891746521
Step: 5791744	Mean reward: 4.357109546661377, 	Mean reward done: 1.3260318040847778
Step: 5799936	Mean reward: 5.625153064727783, 	Mean reward done: 1.7068488597869873
Step: 5808128	Mean reward: 4.687251567840576, 	Mean reward done: 1.285774827003479
Step: 5816320	Mean reward: 3.9145336151123047, 	Mean reward done: 1.1320915222167969
Step: 5824512	Mean reward: 3.8596792221069336, 	Mean reward done: 1.05405592918396
Step: 5832704	Mean reward: 3.6945254802703857, 	Mean reward done: 1.0750068426132202
Step: 5840896	Mean reward: 4.57731819152832, 	Mean reward done: 1.2476862668991089
Step: 5849088	Mean reward: 4.632391929626465, 	Mean reward done: 1.263924241065979
Step: 5857280	Mean reward: 5.294050216674805, 	Mean reward done: 1.424680233001709
Step: 5865472	Mean reward: 5.128228187561035, 	Mean reward done: 1.5118224620819092
Step: 5873664	Mean reward: 3.859354019165039, 	Mean reward done: 1.114620566368103
Step: 5881856	Mean reward: 2.6467368602752686, 	Mean reward done: 0.7864060401916504
Step: 5890048	Mean reward: 4.411674976348877, 	Mean reward done: 1.4497268199920654
Step: 5898240	Mean reward: 4.411455154418945, 	Mean reward done: 1.2251001596450806
Step: 5906432	Mean reward: 4.3562703132629395, 	Mean reward done: 1.2260063886642456
Step: 5914624	Mean reward: 4.631881237030029, 	Mean reward done: 1.4272513389587402
Step: 5922816	Mean reward: 3.9696834087371826, 	Mean reward done: 1.275447130203247
Step: 5931008	Mean reward: 4.46572732925415, 	Mean reward done: 1.146623134613037
Step: 5939200	Mean reward: 4.189667701721191, 	Mean reward done: 1.4981015920639038
Step: 5947392	Mean reward: 4.410171031951904, 	Mean reward done: 1.3431316614151
Step: 5955584	Mean reward: 3.968705892562866, 	Mean reward done: 1.1756514310836792
Step: 5963776	Mean reward: 4.464827060699463, 	Mean reward done: 1.139785885810852
Step: 5971968	Mean reward: 5.401146411895752, 	Mean reward done: 1.551457405090332
Step: 5980160	Mean reward: 4.353279113769531, 	Mean reward done: 1.2317293882369995
Step: 5988352	Mean reward: 4.022217750549316, 	Mean reward done: 1.3655515909194946
Step: 5996544	Mean reward: 3.801952362060547, 	Mean reward done: 0.9697728753089905
Step: 6004736	Mean reward: 4.903768539428711, 	Mean reward done: 1.324202299118042
Step: 6012928	Mean reward: 4.517535209655762, 	Mean reward done: 1.4041898250579834
Step: 6021120	Mean reward: 4.902593612670898, 	Mean reward done: 1.4804213047027588
Step: 6029312	Mean reward: 4.4615325927734375, 	Mean reward done: 1.3616710901260376
Step: 6037504	Mean reward: 4.02114725112915, 	Mean reward done: 1.3712023496627808
Step: 6045696	Mean reward: 4.130977630615234, 	Mean reward done: 1.3329293727874756
Step: 6053888	Mean reward: 2.9193115234375, 	Mean reward done: 1.0603079795837402
Step: 6062080	Mean reward: 3.9662885665893555, 	Mean reward done: 1.1371639966964722
Step: 6070272	Mean reward: 5.287553310394287, 	Mean reward done: 1.4286397695541382
Step: 6078464	Mean reward: 4.515397071838379, 	Mean reward done: 1.391793131828308
Step: 6086656	Mean reward: 5.8368144035339355, 	Mean reward done: 1.6088051795959473
Step: 6094848	Mean reward: 4.789938449859619, 	Mean reward done: 1.376025915145874
Step: 6103040	Mean reward: 5.394707679748535, 	Mean reward done: 1.5330921411514282
Step: 6111232	Mean reward: 4.568107604980469, 	Mean reward done: 1.3759407997131348
Step: 6119424	Mean reward: 4.0719780921936035, 	Mean reward done: 1.2851336002349854
Step: 6127616	Mean reward: 5.337676048278809, 	Mean reward done: 1.739793300628662
Step: 6135808	Mean reward: 4.2373366355896, 	Mean reward done: 1.2042462825775146
Step: 6144000	Mean reward: 4.952869892120361, 	Mean reward done: 1.5014495849609375
Step: 6152192	Mean reward: 4.017032623291016, 	Mean reward done: 1.2298753261566162
Step: 6160384	Mean reward: 3.026456594467163, 	Mean reward done: 1.0803545713424683
Step: 6168576	Mean reward: 4.842607021331787, 	Mean reward done: 1.3719407320022583
Step: 6176768	Mean reward: 4.732048988342285, 	Mean reward done: 1.4784460067749023
Step: 6184960	Mean reward: 4.5668535232543945, 	Mean reward done: 1.2664297819137573
Step: 6193152	Mean reward: 4.23643159866333, 	Mean reward done: 1.297521710395813
Step: 6201344	Mean reward: 4.511124134063721, 	Mean reward done: 1.2354505062103271
Step: 6209536	Mean reward: 4.841613292694092, 	Mean reward done: 1.4378061294555664
Step: 6217728	Mean reward: 5.2808027267456055, 	Mean reward done: 1.5594837665557861
Step: 6225920	Mean reward: 4.784628391265869, 	Mean reward done: 1.7655147314071655
Step: 6234112	Mean reward: 3.8492608070373535, 	Mean reward done: 1.2798813581466675
Step: 6242304	Mean reward: 3.2995312213897705, 	Mean reward done: 1.0333948135375977
Step: 6250496	Mean reward: 4.398892879486084, 	Mean reward done: 1.2845820188522339
Step: 6258688	Mean reward: 3.848715305328369, 	Mean reward done: 1.3094754219055176
Step: 6266880	Mean reward: 4.5632734298706055, 	Mean reward done: 1.3107331991195679
Step: 6275072	Mean reward: 3.518406391143799, 	Mean reward done: 1.042954444885254
Step: 6283264	Mean reward: 4.617546558380127, 	Mean reward done: 1.3869054317474365
Step: 6291456	Mean reward: 3.8481762409210205, 	Mean reward done: 1.1414263248443604
Step: 6299648	Mean reward: 5.497597694396973, 	Mean reward done: 1.5631482601165771
Step: 6307840	Mean reward: 4.617796897888184, 	Mean reward done: 1.4337682723999023
Step: 6316032	Mean reward: 3.847709894180298, 	Mean reward done: 1.3264199495315552
Step: 6324224	Mean reward: 3.1332664489746094, 	Mean reward done: 0.9677265882492065
Step: 6332416	Mean reward: 3.5182583332061768, 	Mean reward done: 1.2011618614196777
Step: 6340608	Mean reward: 3.408165216445923, 	Mean reward done: 0.9606715440750122
Step: 6348800	Mean reward: 5.166736602783203, 	Mean reward done: 1.5939972400665283
Step: 6356992	Mean reward: 4.066672325134277, 	Mean reward done: 1.3152720928192139
Step: 6365184	Mean reward: 4.2317328453063965, 	Mean reward done: 1.176222324371338
Step: 6373376	Mean reward: 4.836071491241455, 	Mean reward done: 1.5122030973434448
Step: 6381568	Mean reward: 3.1323654651641846, 	Mean reward done: 1.1009060144424438
Step: 6389760	Mean reward: 3.627462387084961, 	Mean reward done: 1.0407302379608154
Step: 6397952	Mean reward: 4.945770263671875, 	Mean reward done: 1.6247864961624146
Step: 6406144	Mean reward: 4.8356099128723145, 	Mean reward done: 1.133805274963379
Step: 6414336	Mean reward: 5.494250774383545, 	Mean reward done: 1.8616394996643066
Step: 6422528	Mean reward: 5.1638994216918945, 	Mean reward done: 1.7376625537872314
Step: 6430720	Mean reward: 4.503748893737793, 	Mean reward done: 1.3861757516860962
Step: 6438912	Mean reward: 5.930778503417969, 	Mean reward done: 1.7449133396148682
Step: 6447104	Mean reward: 4.118310928344727, 	Mean reward done: 1.2821671962738037
Step: 6455296	Mean reward: 5.326068878173828, 	Mean reward done: 1.4477367401123047
Step: 6463488	Mean reward: 5.653960704803467, 	Mean reward done: 1.8987891674041748
Step: 6471680	Mean reward: 5.157632350921631, 	Mean reward done: 1.41273832321167
Step: 6479872	Mean reward: 3.4568755626678467, 	Mean reward done: 1.1106847524642944
Step: 6488064	Mean reward: 4.170340538024902, 	Mean reward done: 1.2333359718322754
Step: 6496256	Mean reward: 3.840369939804077, 	Mean reward done: 1.1445410251617432
Step: 6504448	Mean reward: 3.6756715774536133, 	Mean reward done: 1.079713225364685
Step: 6512640	Mean reward: 4.772765159606934, 	Mean reward done: 1.5589221715927124
Step: 6520832	Mean reward: 4.0040788650512695, 	Mean reward done: 1.3255524635314941
Step: 6529024	Mean reward: 4.60747766494751, 	Mean reward done: 1.44898521900177
Step: 6537216	Mean reward: 4.278189182281494, 	Mean reward done: 1.2139846086502075
Step: 6545408	Mean reward: 4.222600936889648, 	Mean reward done: 1.3061009645462036
Step: 6553600	Mean reward: 4.0572004318237305, 	Mean reward done: 1.1901423931121826
Step: 6561792	Mean reward: 3.618156671524048, 	Mean reward done: 1.4070684909820557
Step: 6569984	Mean reward: 3.9472389221191406, 	Mean reward done: 1.0937154293060303
Step: 6578176	Mean reward: 2.631558895111084, 	Mean reward done: 1.0571856498718262
Step: 6586368	Mean reward: 3.3996336460113525, 	Mean reward done: 1.2565847635269165
Step: 6594560	Mean reward: 3.728928565979004, 	Mean reward done: 1.2228690385818481
Step: 6602752	Mean reward: 5.1542582511901855, 	Mean reward done: 2.008713722229004
Step: 6610944	Mean reward: 4.714186191558838, 	Mean reward done: 1.4599472284317017
Step: 6619136	Mean reward: 4.384238243103027, 	Mean reward done: 1.4596043825149536
Step: 6627328	Mean reward: 3.2876720428466797, 	Mean reward done: 1.0620977878570557
Step: 6635520	Mean reward: 3.7811994552612305, 	Mean reward done: 1.3690850734710693
Step: 6643712	Mean reward: 4.273707389831543, 	Mean reward done: 1.4947553873062134
Step: 6651904	Mean reward: 3.8341054916381836, 	Mean reward done: 1.2326511144638062
Step: 6660096	Mean reward: 4.2717814445495605, 	Mean reward done: 1.3518229722976685
Step: 6668288	Mean reward: 2.9026408195495605, 	Mean reward done: 0.9821481108665466
Step: 6676480	Mean reward: 4.2718186378479, 	Mean reward done: 1.4102487564086914
Step: 6684672	Mean reward: 2.957089424133301, 	Mean reward done: 1.3407286405563354
Step: 6692864	Mean reward: 3.7238903045654297, 	Mean reward done: 1.157071828842163
Step: 6701056	Mean reward: 4.3264641761779785, 	Mean reward done: 1.2997617721557617
Step: 6709248	Mean reward: 5.421248912811279, 	Mean reward done: 1.6724722385406494
Step: 6717440	Mean reward: 5.530449390411377, 	Mean reward done: 1.3884779214859009
Step: 6725632	Mean reward: 4.872744083404541, 	Mean reward done: 1.5346964597702026
Step: 6733824	Mean reward: 4.270596504211426, 	Mean reward done: 1.282482624053955
Step: 6742016	Mean reward: 4.3802008628845215, 	Mean reward done: 1.4738852977752686
Step: 6750208	Mean reward: 4.818224906921387, 	Mean reward done: 1.5568076372146606
Step: 6758400	Mean reward: 4.927525997161865, 	Mean reward done: 1.5503511428833008
Step: 6766592	Mean reward: 5.529141902923584, 	Mean reward done: 1.82831871509552
Step: 6774784	Mean reward: 3.558130979537964, 	Mean reward done: 0.9798563122749329
Step: 6782976	Mean reward: 3.4491891860961914, 	Mean reward done: 1.1859536170959473
Step: 6791168	Mean reward: 3.613804578781128, 	Mean reward done: 1.0312118530273438
Step: 6799360	Mean reward: 3.559422254562378, 	Mean reward done: 1.3318490982055664
Step: 6807552	Mean reward: 4.2166643142700195, 	Mean reward done: 1.4957798719406128
Step: 6815744	Mean reward: 4.435724258422852, 	Mean reward done: 1.2125203609466553
Step: 6823936	Mean reward: 4.983384609222412, 	Mean reward done: 1.4804191589355469
Step: 6832128	Mean reward: 4.106759071350098, 	Mean reward done: 1.2347675561904907
Step: 6840320	Mean reward: 3.3948185443878174, 	Mean reward done: 0.96342933177948
Step: 6848512	Mean reward: 3.9974851608276367, 	Mean reward done: 1.2628720998764038
Step: 6856704	Mean reward: 4.2166032791137695, 	Mean reward done: 1.4466044902801514
Step: 6864896	Mean reward: 4.490070819854736, 	Mean reward done: 1.194746494293213
Step: 6873088	Mean reward: 4.5994720458984375, 	Mean reward done: 1.535892128944397
Step: 6881280	Mean reward: 3.7237281799316406, 	Mean reward done: 0.9594184160232544
Step: 6889472	Mean reward: 4.600064277648926, 	Mean reward done: 1.5012800693511963
Step: 6897664	Mean reward: 4.271095275878906, 	Mean reward done: 1.2050622701644897
Step: 6905856	Mean reward: 3.8878965377807617, 	Mean reward done: 1.1992244720458984
Step: 6914048	Mean reward: 4.161770820617676, 	Mean reward done: 1.412813425064087
Step: 6922240	Mean reward: 3.5047268867492676, 	Mean reward done: 1.1764538288116455
Step: 6930432	Mean reward: 4.052699565887451, 	Mean reward done: 1.2562425136566162
Step: 6938624	Mean reward: 5.0377702713012695, 	Mean reward done: 1.237540602684021
Step: 6946816	Mean reward: 5.146340847015381, 	Mean reward done: 1.9025224447250366
Step: 6955008	Mean reward: 4.105665683746338, 	Mean reward done: 1.4287649393081665
Step: 6963200	Mean reward: 3.668071746826172, 	Mean reward done: 1.1642930507659912
Step: 6971392	Mean reward: 4.489439487457275, 	Mean reward done: 1.3915435075759888
Step: 6979584	Mean reward: 4.434918403625488, 	Mean reward done: 1.3724496364593506
Step: 6987776	Mean reward: 4.708240509033203, 	Mean reward done: 1.4790877103805542
Step: 6995968	Mean reward: 3.3941516876220703, 	Mean reward done: 1.1167871952056885
Step: 7004160	Mean reward: 4.325000286102295, 	Mean reward done: 1.1897013187408447
Step: 7012352	Mean reward: 4.5986552238464355, 	Mean reward done: 1.4954743385314941
Step: 7020544	Mean reward: 4.488780975341797, 	Mean reward done: 1.3975965976715088
Step: 7028736	Mean reward: 3.9960036277770996, 	Mean reward done: 1.2352943420410156
Step: 7036928	Mean reward: 4.21502161026001, 	Mean reward done: 1.4953277111053467
Step: 7045120	Mean reward: 4.324222087860107, 	Mean reward done: 1.2446119785308838
Step: 7053312	Mean reward: 5.308981895446777, 	Mean reward done: 1.721313714981079
Step: 7061504	Mean reward: 5.636608123779297, 	Mean reward done: 1.4748237133026123
Step: 7069696	Mean reward: 5.744673728942871, 	Mean reward done: 1.6624610424041748
Step: 7077888	Mean reward: 4.758868217468262, 	Mean reward done: 1.57053542137146
Step: 7086080	Mean reward: 4.867715835571289, 	Mean reward done: 1.5809069871902466
Step: 7094272	Mean reward: 4.046456813812256, 	Mean reward done: 1.21824312210083
Step: 7102464	Mean reward: 3.6637015342712402, 	Mean reward done: 1.117985486984253
Step: 7110656	Mean reward: 5.304393768310547, 	Mean reward done: 1.6387150287628174
Step: 7118848	Mean reward: 4.866194725036621, 	Mean reward done: 1.4981428384780884
Step: 7127040	Mean reward: 4.537982940673828, 	Mean reward done: 1.3181155920028687
Step: 7135232	Mean reward: 3.9362378120422363, 	Mean reward done: 1.394607663154602
Step: 7143424	Mean reward: 4.045502185821533, 	Mean reward done: 1.2705451250076294
Step: 7151616	Mean reward: 4.4277544021606445, 	Mean reward done: 1.3811830282211304
Step: 7159808	Mean reward: 5.137819766998291, 	Mean reward done: 1.4028761386871338
Step: 7168000	Mean reward: 4.918444633483887, 	Mean reward done: 1.614894986152649
Step: 7176192	Mean reward: 3.770386219024658, 	Mean reward done: 1.2698551416397095
Step: 7184384	Mean reward: 5.026975154876709, 	Mean reward done: 1.7143073081970215
Step: 7192576	Mean reward: 3.387824296951294, 	Mean reward done: 0.9917576909065247
Step: 7200768	Mean reward: 4.753931999206543, 	Mean reward done: 1.4352878332138062
Step: 7208960	Mean reward: 4.262159824371338, 	Mean reward done: 1.1229166984558105
Step: 7217152	Mean reward: 5.081212520599365, 	Mean reward done: 1.4456623792648315
Step: 7225344	Mean reward: 4.151878356933594, 	Mean reward done: 1.2901802062988281
Step: 7233536	Mean reward: 2.62233567237854, 	Mean reward done: 0.8741123676300049
Step: 7241728	Mean reward: 4.534735202789307, 	Mean reward done: 1.383445382118225
Step: 7249920	Mean reward: 4.862392902374268, 	Mean reward done: 1.371303915977478
Step: 7258112	Mean reward: 3.550708770751953, 	Mean reward done: 1.3438209295272827
Step: 7266304	Mean reward: 4.643109321594238, 	Mean reward done: 1.5932239294052124
Step: 7274496	Mean reward: 3.6602604389190674, 	Mean reward done: 1.1994049549102783
Step: 7282688	Mean reward: 3.7151246070861816, 	Mean reward done: 1.2246506214141846
Step: 7290880	Mean reward: 3.933854579925537, 	Mean reward done: 1.0883128643035889
Step: 7299072	Mean reward: 4.316334247589111, 	Mean reward done: 1.5316601991653442
Step: 7307264	Mean reward: 3.551642656326294, 	Mean reward done: 0.9716925024986267
Step: 7315456	Mean reward: 3.3330066204071045, 	Mean reward done: 0.9898836016654968
Step: 7323648	Mean reward: 4.589454650878906, 	Mean reward done: 1.3643460273742676
Step: 7331840	Mean reward: 4.69853401184082, 	Mean reward done: 1.3305977582931519
Step: 7340032	Mean reward: 5.244824409484863, 	Mean reward done: 1.3148479461669922
Step: 7348224	Mean reward: 4.752760887145996, 	Mean reward done: 1.4198468923568726
Step: 7356416	Mean reward: 4.7521891593933105, 	Mean reward done: 1.3992822170257568
Step: 7364608	Mean reward: 4.642868995666504, 	Mean reward done: 1.262414574623108
Step: 7372800	Mean reward: 5.789467811584473, 	Mean reward done: 1.4204535484313965
Step: 7380992	Mean reward: 3.6591601371765137, 	Mean reward done: 1.0576963424682617
Step: 7389184	Mean reward: 4.1504387855529785, 	Mean reward done: 1.437703251838684
Step: 7397376	Mean reward: 4.0960373878479, 	Mean reward done: 1.2761428356170654
Step: 7405568	Mean reward: 4.3689961433410645, 	Mean reward done: 1.097588062286377
Step: 7413760	Mean reward: 4.368638038635254, 	Mean reward done: 1.2618346214294434
Step: 7421952	Mean reward: 4.259376525878906, 	Mean reward done: 1.3533529043197632
Step: 7430144	Mean reward: 3.82258677482605, 	Mean reward done: 1.2171180248260498
Step: 7438336	Mean reward: 4.095720291137695, 	Mean reward done: 1.255110502243042
Step: 7446528	Mean reward: 4.805358409881592, 	Mean reward done: 1.3214757442474365
Step: 7454720	Mean reward: 4.259339332580566, 	Mean reward done: 1.1754804849624634
Step: 7462912	Mean reward: 3.9860072135925293, 	Mean reward done: 1.0004017353057861
Step: 7471104	Mean reward: 4.094942569732666, 	Mean reward done: 1.1570508480072021
Step: 7479296	Mean reward: 4.422042369842529, 	Mean reward done: 1.2965859174728394
Step: 7487488	Mean reward: 4.585543632507324, 	Mean reward done: 1.4147840738296509
Step: 7495680	Mean reward: 4.47587776184082, 	Mean reward done: 1.1712138652801514
Step: 7503872	Mean reward: 4.093569278717041, 	Mean reward done: 1.2254772186279297
Step: 7512064	Mean reward: 3.220579147338867, 	Mean reward done: 0.978910505771637
Step: 7520256	Mean reward: 3.548523187637329, 	Mean reward done: 1.1725646257400513
Step: 7528448	Mean reward: 4.312619686126709, 	Mean reward done: 1.390873908996582
Step: 7536640	Mean reward: 4.148046016693115, 	Mean reward done: 1.0254498720169067
Step: 7544832	Mean reward: 3.547236919403076, 	Mean reward done: 1.2903971672058105
Step: 7553024	Mean reward: 3.274282455444336, 	Mean reward done: 1.1341742277145386
Step: 7561216	Mean reward: 3.928574323654175, 	Mean reward done: 1.1631138324737549
Step: 7569408	Mean reward: 3.9827206134796143, 	Mean reward done: 1.1893621683120728
Step: 7577600	Mean reward: 4.145972728729248, 	Mean reward done: 1.302448034286499
Step: 7585792	Mean reward: 4.637289524078369, 	Mean reward done: 1.3229901790618896
Step: 7593984	Mean reward: 5.236883163452148, 	Mean reward done: 1.4556132555007935
Step: 7602176	Mean reward: 4.47290563583374, 	Mean reward done: 1.259660243988037
Step: 7610368	Mean reward: 2.9457335472106934, 	Mean reward done: 0.9967085719108582
Step: 7618560	Mean reward: 3.437241554260254, 	Mean reward done: 1.1827627420425415
Step: 7626752	Mean reward: 3.8192903995513916, 	Mean reward done: 1.2048949003219604
Step: 7634944	Mean reward: 4.201524257659912, 	Mean reward done: 1.1485974788665771
Step: 7643136	Mean reward: 3.3286962509155273, 	Mean reward done: 1.2652122974395752
Step: 7651328	Mean reward: 4.147345542907715, 	Mean reward done: 1.237963318824768
Step: 7659520	Mean reward: 3.8202643394470215, 	Mean reward done: 1.131005883216858
Step: 7667712	Mean reward: 3.7656519412994385, 	Mean reward done: 1.440777063369751
Step: 7675904	Mean reward: 4.03849458694458, 	Mean reward done: 1.2097285985946655
Step: 7684096	Mean reward: 4.52962589263916, 	Mean reward done: 1.149427056312561
Step: 7692288	Mean reward: 4.256615161895752, 	Mean reward done: 1.500732660293579
Step: 7700480	Mean reward: 3.7653145790100098, 	Mean reward done: 1.1725993156433105
Step: 7708672	Mean reward: 4.747179985046387, 	Mean reward done: 1.6541101932525635
Step: 7716864	Mean reward: 3.6557717323303223, 	Mean reward done: 1.0586668252944946
Step: 7725056	Mean reward: 5.67399787902832, 	Mean reward done: 1.8452223539352417
Step: 7733248	Mean reward: 4.309451580047607, 	Mean reward done: 1.5765079259872437
Step: 7741440	Mean reward: 3.436394214630127, 	Mean reward done: 1.00273597240448
Step: 7749632	Mean reward: 3.054877758026123, 	Mean reward done: 0.9923150539398193
Step: 7757824	Mean reward: 2.0186960697174072, 	Mean reward done: 0.8174737691879272
Step: 7766016	Mean reward: 3.7105133533477783, 	Mean reward done: 1.1968200206756592
Step: 7774208	Mean reward: 4.638149738311768, 	Mean reward done: 1.1286159753799438
Step: 7782400	Mean reward: 4.801512241363525, 	Mean reward done: 1.3049601316452026
Step: 7790592	Mean reward: 4.855650901794434, 	Mean reward done: 1.4394186735153198
Step: 7798784	Mean reward: 3.982618570327759, 	Mean reward done: 1.246612787246704
Step: 7806976	Mean reward: 3.000335693359375, 	Mean reward done: 0.9337410926818848
Step: 7815168	Mean reward: 3.2730460166931152, 	Mean reward done: 0.9756792783737183
Step: 7823360	Mean reward: 3.9824318885803223, 	Mean reward done: 1.3565726280212402
Step: 7831552	Mean reward: 4.527947902679443, 	Mean reward done: 1.2248589992523193
Step: 7839744	Mean reward: 2.836782932281494, 	Mean reward done: 0.9501389861106873
Step: 7847936	Mean reward: 3.546154022216797, 	Mean reward done: 1.1093101501464844
Step: 7856128	Mean reward: 3.709365129470825, 	Mean reward done: 1.0928088426589966
Step: 7864320	Mean reward: 3.709409236907959, 	Mean reward done: 1.2228336334228516
Step: 7872512	Mean reward: 3.981994152069092, 	Mean reward done: 1.3664231300354004
Step: 7880704	Mean reward: 2.836738348007202, 	Mean reward done: 0.9392123818397522
Step: 7888896	Mean reward: 3.8187639713287354, 	Mean reward done: 1.071071743965149
Step: 7897088	Mean reward: 3.4915857315063477, 	Mean reward done: 1.1284022331237793
Step: 7905280	Mean reward: 3.4917449951171875, 	Mean reward done: 1.0611635446548462
Step: 7913472	Mean reward: 4.255555629730225, 	Mean reward done: 1.0587379932403564
Step: 7921664	Mean reward: 4.418695449829102, 	Mean reward done: 1.3910753726959229
Step: 7929856	Mean reward: 3.818528652191162, 	Mean reward done: 1.1876388788223267
Step: 7938048	Mean reward: 3.6549036502838135, 	Mean reward done: 1.2951918840408325
Step: 7946240	Mean reward: 3.0003857612609863, 	Mean reward done: 1.0110348463058472
Step: 7954432	Mean reward: 3.164245367050171, 	Mean reward done: 0.9701862931251526
Step: 7962624	Mean reward: 3.491529941558838, 	Mean reward done: 1.0438237190246582
Step: 7970816	Mean reward: 4.255573272705078, 	Mean reward done: 1.307586908340454
Step: 7979008	Mean reward: 4.582308769226074, 	Mean reward done: 1.5365335941314697
Step: 7987200	Mean reward: 3.436660051345825, 	Mean reward done: 0.9958029985427856
Step: 7995392	Mean reward: 4.036681652069092, 	Mean reward done: 1.2319135665893555
Step: 8003584	Mean reward: 4.582040309906006, 	Mean reward done: 1.7582710981369019
Completed training of sd_i_na_db!

------------------------------------------------------------
Sender: LSF System <lsfadmin@n-62-20-7>
Subject: Job 8466611: <sd_i_na_db> in cluster <dcc> Done

Job <sd_i_na_db> was submitted from host <n-62-27-19> by user <s192288> in cluster <dcc> at Wed Dec  2 16:49:29 2020
Job was executed on host(s) <n-62-20-7>, in queue <gpuv100>, as user <s192288> in cluster <dcc> at Thu Dec  3 03:27:19 2020
</zhome/09/9/144141> was used as the home directory.
</zhome/09/9/144141/Desktop/Deep_l_hpc> was used as the working directory.
Started at Thu Dec  3 03:27:19 2020
Terminated at Thu Dec  3 07:32:07 2020
Results reported at Thu Dec  3 07:32:07 2020

Your job looked like:

------------------------------------------------------------
# LSBATCH: User input
#!/bin/sh

#BSUB -J sd_i_na_db

#BSUB -q gpuv100

#BSUB -gpu "num=1"

#BSUB -n 1

#BSUB -W 23:45

#BSUB -R "rusage[mem=16GB]"

#BSUB -o sd_i_na_db.out

#BSUB -e sd_i_na_db.err

# Load modules

module load python3/3.8.2
module load cuda/8.0
module load cudnn/v7.0-prod-cuda8
module load ffmpeg/4.2.2
pip3 install --user torch matplotlib procgen gym 

# 1 = model_name, 2 = encoder_index, 3 = aug_index, 4 = mix_reg, 5 = game
#the name of the run
#encoder_index 0 = Impala, 1 = Nature  
#aug_index: 0 = None, 1 = grayscale, 2 = random_cutout, 3 = color_jitter
#mixreg: 0 = False, 1 = True 
#type of game

python3 train_ppo.py sd_i_na_db 0 0 0 dodgeball



------------------------------------------------------------

Successfully completed.

Resource usage summary:

    CPU time :                                   14723.66 sec.
    Max Memory :                                 9047 MB
    Average Memory :                             8969.75 MB
    Total Requested Memory :                     16384.00 MB
    Delta Memory :                               7337.00 MB
    Max Swap :                                   -
    Max Processes :                              4
    Max Threads :                                13
    Run time :                                   14688 sec.
    Turnaround time :                            52958 sec.

The output (if any) is above this job summary.



PS:

Read file <sd_i_na_db.err> for stderr output of this job.

