Requirement already satisfied: torch in /zhome/09/9/144141/.local/lib/python3.8/site-packages (1.7.0)
Requirement already satisfied: matplotlib in /zhome/09/9/144141/.local/lib/python3.8/site-packages (3.3.3)
Requirement already satisfied: procgen in /zhome/09/9/144141/.local/lib/python3.8/site-packages (0.10.4)
Requirement already satisfied: gym in /zhome/09/9/144141/.local/lib/python3.8/site-packages (0.17.3)
Requirement already satisfied: numpy in /zhome/09/9/144141/.local/lib/python3.8/site-packages (from torch) (1.19.4)
Requirement already satisfied: typing-extensions in /zhome/09/9/144141/.local/lib/python3.8/site-packages (from torch) (3.7.4.3)
Requirement already satisfied: dataclasses in /zhome/09/9/144141/.local/lib/python3.8/site-packages (from torch) (0.6)
Requirement already satisfied: future in /zhome/09/9/144141/.local/lib/python3.8/site-packages (from torch) (0.18.2)
Requirement already satisfied: cycler>=0.10 in /zhome/09/9/144141/.local/lib/python3.8/site-packages (from matplotlib) (0.10.0)
Requirement already satisfied: python-dateutil>=2.1 in /zhome/09/9/144141/.local/lib/python3.8/site-packages (from matplotlib) (2.8.1)
Requirement already satisfied: kiwisolver>=1.0.1 in /zhome/09/9/144141/.local/lib/python3.8/site-packages (from matplotlib) (1.3.1)
Requirement already satisfied: pillow>=6.2.0 in /zhome/09/9/144141/.local/lib/python3.8/site-packages (from matplotlib) (8.0.1)
Requirement already satisfied: pyparsing!=2.0.4,!=2.1.2,!=2.1.6,>=2.0.3 in /zhome/09/9/144141/.local/lib/python3.8/site-packages (from matplotlib) (2.4.7)
Requirement already satisfied: filelock<4.0.0,>=3.0.0 in /zhome/09/9/144141/.local/lib/python3.8/site-packages (from procgen) (3.0.12)
Requirement already satisfied: gym3<1.0.0,>=0.3.3 in /zhome/09/9/144141/.local/lib/python3.8/site-packages (from procgen) (0.3.3)
Requirement already satisfied: scipy in /zhome/09/9/144141/.local/lib/python3.8/site-packages (from gym) (1.5.4)
Requirement already satisfied: pyglet<=1.5.0,>=1.4.0 in /zhome/09/9/144141/.local/lib/python3.8/site-packages (from gym) (1.5.0)
Requirement already satisfied: cloudpickle<1.7.0,>=1.2.0 in /zhome/09/9/144141/.local/lib/python3.8/site-packages (from gym) (1.6.0)
Requirement already satisfied: six in /zhome/09/9/144141/.local/lib/python3.8/site-packages (from cycler>=0.10->matplotlib) (1.15.0)
Requirement already satisfied: moderngl<6.0.0,>=5.5.4 in /zhome/09/9/144141/.local/lib/python3.8/site-packages (from gym3<1.0.0,>=0.3.3->procgen) (5.6.2)
Requirement already satisfied: imageio<3.0.0,>=2.6.0 in /zhome/09/9/144141/.local/lib/python3.8/site-packages (from gym3<1.0.0,>=0.3.3->procgen) (2.9.0)
Requirement already satisfied: glfw<2.0.0,>=1.8.6 in /zhome/09/9/144141/.local/lib/python3.8/site-packages (from gym3<1.0.0,>=0.3.3->procgen) (1.12.0)
Requirement already satisfied: cffi<2.0.0,>=1.13.0 in /zhome/09/9/144141/.local/lib/python3.8/site-packages (from gym3<1.0.0,>=0.3.3->procgen) (1.14.4)
Requirement already satisfied: imageio-ffmpeg<0.4.0,>=0.3.0 in /zhome/09/9/144141/.local/lib/python3.8/site-packages (from gym3<1.0.0,>=0.3.3->procgen) (0.3.0)
Requirement already satisfied: glcontext<3,>=2 in /zhome/09/9/144141/.local/lib/python3.8/site-packages (from moderngl<6.0.0,>=5.5.4->gym3<1.0.0,>=0.3.3->procgen) (2.2.0)
Requirement already satisfied: pycparser in /zhome/09/9/144141/.local/lib/python3.8/site-packages (from cffi<2.0.0,>=1.13.0->gym3<1.0.0,>=0.3.3->procgen) (2.20)
Run name sd_i_rc_db
Encoder used Impala
Augumentation used random_cutout
Mixreg? False
Game dodgeball
Observation space: Box(0.0, 1.0, (3, 64, 64), float32)
Action space: 15
Beware of the Impala!
Step: 8192	Mean reward: 5.637467384338379, 	Mean reward done: 1.5871198177337646
Estimated time of completion: 5.0547742284834385 hours
Step: 16384	Mean reward: 3.2528746128082275, 	Mean reward done: 0.9757751822471619
Step: 24576	Mean reward: 3.254855155944824, 	Mean reward done: 0.8037800788879395
Step: 32768	Mean reward: 3.861231565475464, 	Mean reward done: 1.0069092512130737
Step: 40960	Mean reward: 3.495206832885742, 	Mean reward done: 0.9587522745132446
Step: 49152	Mean reward: 3.171386480331421, 	Mean reward done: 1.0086573362350464
Step: 57344	Mean reward: 3.398151159286499, 	Mean reward done: 0.9653028249740601
Step: 65536	Mean reward: 3.809372901916504, 	Mean reward done: 1.0549030303955078
Step: 73728	Mean reward: 3.3889670372009277, 	Mean reward done: 0.8021543025970459
Step: 81920	Mean reward: 3.455447196960449, 	Mean reward done: 1.0256190299987793
Step: 90112	Mean reward: 3.5032365322113037, 	Mean reward done: 0.9252375364303589
Step: 98304	Mean reward: 3.8140459060668945, 	Mean reward done: 1.188206672668457
Step: 106496	Mean reward: 2.9532053470611572, 	Mean reward done: 0.8164528012275696
Step: 114688	Mean reward: 3.7171921730041504, 	Mean reward done: 1.2741849422454834
Step: 122880	Mean reward: 3.5501413345336914, 	Mean reward done: 1.0999239683151245
Step: 131072	Mean reward: 2.633511543273926, 	Mean reward done: 0.7585834264755249
Step: 139264	Mean reward: 4.536943435668945, 	Mean reward done: 1.545238733291626
Step: 147456	Mean reward: 3.5146501064300537, 	Mean reward done: 0.9553692936897278
Step: 155648	Mean reward: 3.1277499198913574, 	Mean reward done: 0.9329546689987183
Step: 163840	Mean reward: 4.386136054992676, 	Mean reward done: 1.3066632747650146
Step: 172032	Mean reward: 3.6093862056732178, 	Mean reward done: 0.942574143409729
Step: 180224	Mean reward: 3.0961337089538574, 	Mean reward done: 0.7036920785903931
Step: 188416	Mean reward: 3.677565097808838, 	Mean reward done: 0.9983185529708862
Step: 196608	Mean reward: 3.0867624282836914, 	Mean reward done: 0.9949090480804443
Step: 204800	Mean reward: 3.007262945175171, 	Mean reward done: 0.7778009176254272
Step: 212992	Mean reward: 4.167654037475586, 	Mean reward done: 1.2330374717712402
Step: 221184	Mean reward: 3.4918465614318848, 	Mean reward done: 0.9563682675361633
Step: 229376	Mean reward: 2.469841241836548, 	Mean reward done: 0.72263103723526
Step: 237568	Mean reward: 1.6788349151611328, 	Mean reward done: 0.8016968965530396
Step: 245760	Mean reward: 1.9110653400421143, 	Mean reward done: 0.6265043616294861
Step: 253952	Mean reward: 3.6127326488494873, 	Mean reward done: 0.9213455319404602
Step: 262144	Mean reward: 3.2451565265655518, 	Mean reward done: 1.0035157203674316
Step: 270336	Mean reward: 2.7328834533691406, 	Mean reward done: 1.1436158418655396
Step: 278528	Mean reward: 2.952850103378296, 	Mean reward done: 1.0040661096572876
Step: 286720	Mean reward: 3.3923609256744385, 	Mean reward done: 1.3718366622924805
Step: 294912	Mean reward: 3.0901522636413574, 	Mean reward done: 0.9996529817581177
Step: 303104	Mean reward: 3.6107678413391113, 	Mean reward done: 0.9567198753356934
Step: 311296	Mean reward: 3.5283358097076416, 	Mean reward done: 1.223960518836975
Step: 319488	Mean reward: 3.834887742996216, 	Mean reward done: 1.2009682655334473
Step: 327680	Mean reward: 4.619773864746094, 	Mean reward done: 1.3407905101776123
Step: 335872	Mean reward: 5.167049884796143, 	Mean reward done: 1.3283697366714478
Step: 344064	Mean reward: 3.0489745140075684, 	Mean reward done: 1.008592963218689
Step: 352256	Mean reward: 3.9814674854278564, 	Mean reward done: 1.1931062936782837
Step: 360448	Mean reward: 4.3525071144104, 	Mean reward done: 1.2878443002700806
Step: 368640	Mean reward: 4.238374710083008, 	Mean reward done: 1.1604617834091187
Step: 376832	Mean reward: 2.365823745727539, 	Mean reward done: 0.732195258140564
Step: 385024	Mean reward: 3.020101308822632, 	Mean reward done: 1.0089054107666016
Step: 393216	Mean reward: 4.694007873535156, 	Mean reward done: 1.246673583984375
Step: 401408	Mean reward: 5.154128074645996, 	Mean reward done: 1.2450995445251465
Step: 409600	Mean reward: 4.633546829223633, 	Mean reward done: 1.1819076538085938
Step: 417792	Mean reward: 4.19630765914917, 	Mean reward done: 1.1284106969833374
Step: 425984	Mean reward: 4.052829742431641, 	Mean reward done: 1.019285798072815
Step: 434176	Mean reward: 3.843444347381592, 	Mean reward done: 1.0235257148742676
Step: 442368	Mean reward: 4.060839653015137, 	Mean reward done: 1.1372736692428589
Step: 450560	Mean reward: 3.272690534591675, 	Mean reward done: 1.0843502283096313
Step: 458752	Mean reward: 4.835310935974121, 	Mean reward done: 1.4430357217788696
Step: 466944	Mean reward: 4.261229515075684, 	Mean reward done: 1.2292850017547607
Step: 475136	Mean reward: 3.6171493530273438, 	Mean reward done: 1.1059025526046753
Step: 483328	Mean reward: 2.8383002281188965, 	Mean reward done: 0.8299816250801086
Step: 491520	Mean reward: 3.338481903076172, 	Mean reward done: 0.8013662695884705
Step: 499712	Mean reward: 5.175256729125977, 	Mean reward done: 1.3597285747528076
Step: 507904	Mean reward: 4.453646183013916, 	Mean reward done: 1.5579087734222412
Step: 516096	Mean reward: 3.804365634918213, 	Mean reward done: 1.3283770084381104
Step: 524288	Mean reward: 3.3712096214294434, 	Mean reward done: 1.1695287227630615
Step: 532480	Mean reward: 3.935314416885376, 	Mean reward done: 1.0421583652496338
Step: 540672	Mean reward: 3.5812675952911377, 	Mean reward done: 0.8136640191078186
Step: 548864	Mean reward: 2.8787055015563965, 	Mean reward done: 0.7502632737159729
Step: 557056	Mean reward: 3.8583672046661377, 	Mean reward done: 1.0452431440353394
Step: 565248	Mean reward: 5.306941509246826, 	Mean reward done: 1.7444514036178589
Step: 573440	Mean reward: 2.5741782188415527, 	Mean reward done: 0.6740109920501709
Step: 581632	Mean reward: 3.553978443145752, 	Mean reward done: 0.9339990019798279
Step: 589824	Mean reward: 4.383387565612793, 	Mean reward done: 1.1299490928649902
Step: 598016	Mean reward: 4.379399299621582, 	Mean reward done: 1.1968810558319092
Step: 606208	Mean reward: 5.477968215942383, 	Mean reward done: 1.5815399885177612
Step: 614400	Mean reward: 3.667247772216797, 	Mean reward done: 1.2038373947143555
Step: 622592	Mean reward: 4.289267539978027, 	Mean reward done: 1.3492977619171143
Step: 630784	Mean reward: 4.487802982330322, 	Mean reward done: 1.101853847503662
Step: 638976	Mean reward: 3.514265537261963, 	Mean reward done: 0.9229652881622314
Step: 647168	Mean reward: 4.405832290649414, 	Mean reward done: 0.9907291531562805
Step: 655360	Mean reward: 5.010541915893555, 	Mean reward done: 1.3888623714447021
Step: 663552	Mean reward: 3.761744976043701, 	Mean reward done: 1.1322699785232544
Step: 671744	Mean reward: 3.280931234359741, 	Mean reward done: 0.89035564661026
Step: 679936	Mean reward: 4.573963642120361, 	Mean reward done: 1.2113971710205078
Step: 688128	Mean reward: 3.609829902648926, 	Mean reward done: 1.135270118713379
Step: 696320	Mean reward: 3.132974624633789, 	Mean reward done: 0.9643607139587402
Step: 704512	Mean reward: 3.27351713180542, 	Mean reward done: 0.768337607383728
Step: 712704	Mean reward: 4.4281110763549805, 	Mean reward done: 0.91466224193573
Step: 720896	Mean reward: 3.1314713954925537, 	Mean reward done: 0.8462709188461304
Step: 729088	Mean reward: 3.882213830947876, 	Mean reward done: 1.1415992975234985
Step: 737280	Mean reward: 3.60891056060791, 	Mean reward done: 0.9106491208076477
Step: 745472	Mean reward: 4.355408191680908, 	Mean reward done: 1.2043105363845825
Step: 753664	Mean reward: 4.349175453186035, 	Mean reward done: 1.1228851079940796
Step: 761856	Mean reward: 3.7340102195739746, 	Mean reward done: 1.1584022045135498
Step: 770048	Mean reward: 4.818410873413086, 	Mean reward done: 1.069358229637146
Step: 778240	Mean reward: 6.032103061676025, 	Mean reward done: 1.2677234411239624
Step: 786432	Mean reward: 4.864189147949219, 	Mean reward done: 1.4853816032409668
Step: 794624	Mean reward: 4.916838645935059, 	Mean reward done: 1.3388316631317139
Step: 802816	Mean reward: 5.10629940032959, 	Mean reward done: 1.4197313785552979
Step: 811008	Mean reward: 3.489785671234131, 	Mean reward done: 0.9871786832809448
Step: 819200	Mean reward: 4.898817539215088, 	Mean reward done: 1.322952389717102
Step: 827392	Mean reward: 5.4802961349487305, 	Mean reward done: 1.5380303859710693
Step: 835584	Mean reward: 3.9967041015625, 	Mean reward done: 1.0882221460342407
Step: 843776	Mean reward: 3.396981954574585, 	Mean reward done: 0.915046215057373
Step: 851968	Mean reward: 4.046990394592285, 	Mean reward done: 1.1013752222061157
Step: 860160	Mean reward: 3.66538143157959, 	Mean reward done: 1.2261872291564941
Step: 868352	Mean reward: 4.526012420654297, 	Mean reward done: 1.1426059007644653
Step: 876544	Mean reward: 3.4559249877929688, 	Mean reward done: 1.1917363405227661
Step: 884736	Mean reward: 3.6586387157440186, 	Mean reward done: 0.9347909688949585
Step: 892928	Mean reward: 4.5846147537231445, 	Mean reward done: 1.4527794122695923
Step: 901120	Mean reward: 3.3850245475769043, 	Mean reward done: 1.0148537158966064
Step: 909312	Mean reward: 4.447122573852539, 	Mean reward done: 1.1762442588806152
Step: 917504	Mean reward: 4.4413628578186035, 	Mean reward done: 1.1883413791656494
Step: 925696	Mean reward: 2.8484067916870117, 	Mean reward done: 0.8406689763069153
Step: 933888	Mean reward: 3.313559055328369, 	Mean reward done: 0.9277791380882263
Step: 942080	Mean reward: 3.580361843109131, 	Mean reward done: 0.9657870531082153
Step: 950272	Mean reward: 3.978755235671997, 	Mean reward done: 1.1184581518173218
Step: 958464	Mean reward: 4.242387294769287, 	Mean reward done: 1.1028856039047241
Step: 966656	Mean reward: 4.1736578941345215, 	Mean reward done: 1.4743822813034058
Step: 974848	Mean reward: 4.635110378265381, 	Mean reward done: 1.3880431652069092
Step: 983040	Mean reward: 4.694266319274902, 	Mean reward done: 1.1597918272018433
Step: 991232	Mean reward: 5.4183549880981445, 	Mean reward done: 1.3292828798294067
Step: 999424	Mean reward: 4.749023914337158, 	Mean reward done: 1.2679039239883423
Step: 1007616	Mean reward: 4.286762714385986, 	Mean reward done: 1.364220142364502
Step: 1015808	Mean reward: 4.8157758712768555, 	Mean reward done: 1.324873685836792
Step: 1024000	Mean reward: 4.4853835105896, 	Mean reward done: 1.186051607131958
Step: 1032192	Mean reward: 4.2219672203063965, 	Mean reward done: 1.0818778276443481
Step: 1040384	Mean reward: 4.812309741973877, 	Mean reward done: 1.2712218761444092
Step: 1048576	Mean reward: 4.215099334716797, 	Mean reward done: 1.087907075881958
Step: 1056768	Mean reward: 4.9312028884887695, 	Mean reward done: 1.3719857931137085
Step: 1064960	Mean reward: 4.597919464111328, 	Mean reward done: 1.2234904766082764
Step: 1073152	Mean reward: 3.4801149368286133, 	Mean reward done: 0.9638206958770752
Step: 1081344	Mean reward: 4.595254421234131, 	Mean reward done: 1.2271239757537842
Step: 1089536	Mean reward: 3.673283100128174, 	Mean reward done: 1.034836769104004
Step: 1097728	Mean reward: 3.2797069549560547, 	Mean reward done: 0.8887974619865417
Step: 1105920	Mean reward: 3.8033275604248047, 	Mean reward done: 1.358302354812622
Step: 1114112	Mean reward: 4.115444183349609, 	Mean reward done: 1.1194785833358765
Step: 1122304	Mean reward: 3.6047511100769043, 	Mean reward done: 0.9784328937530518
Step: 1130496	Mean reward: 3.8038463592529297, 	Mean reward done: 0.945612907409668
Step: 1138688	Mean reward: 4.195793151855469, 	Mean reward done: 1.111248254776001
Step: 1146880	Mean reward: 3.8685712814331055, 	Mean reward done: 1.0640056133270264
Step: 1155072	Mean reward: 3.341858148574829, 	Mean reward done: 1.0470327138900757
Step: 1163264	Mean reward: 3.4744069576263428, 	Mean reward done: 0.8473237752914429
Step: 1171456	Mean reward: 3.8046982288360596, 	Mean reward done: 1.1650809049606323
Step: 1179648	Mean reward: 3.9350364208221436, 	Mean reward done: 1.0153710842132568
Step: 1187840	Mean reward: 5.176909446716309, 	Mean reward done: 1.2527891397476196
Step: 1196032	Mean reward: 5.69674015045166, 	Mean reward done: 1.487108826637268
Step: 1204224	Mean reward: 4.90639591217041, 	Mean reward done: 1.2923802137374878
Step: 1212416	Mean reward: 3.9885482788085938, 	Mean reward done: 1.3272932767868042
Step: 1220608	Mean reward: 3.4659485816955566, 	Mean reward done: 1.0439884662628174
Step: 1228800	Mean reward: 3.922290325164795, 	Mean reward done: 1.2898328304290771
Step: 1236992	Mean reward: 3.59550404548645, 	Mean reward done: 0.95225989818573
Step: 1245184	Mean reward: 4.692177772521973, 	Mean reward done: 1.449242353439331
Step: 1253376	Mean reward: 3.98720383644104, 	Mean reward done: 1.070105791091919
Step: 1261568	Mean reward: 3.400406837463379, 	Mean reward done: 0.8097603917121887
Step: 1269760	Mean reward: 3.5963947772979736, 	Mean reward done: 1.381385326385498
Step: 1277952	Mean reward: 4.823315620422363, 	Mean reward done: 1.1817362308502197
Step: 1286144	Mean reward: 4.445700645446777, 	Mean reward done: 1.0468709468841553
Step: 1294336	Mean reward: 4.573288440704346, 	Mean reward done: 1.414057731628418
Step: 1302528	Mean reward: 2.8090627193450928, 	Mean reward done: 0.7757443189620972
Step: 1310720	Mean reward: 3.9875564575195312, 	Mean reward done: 1.0196828842163086
Step: 1318912	Mean reward: 3.203953742980957, 	Mean reward done: 0.8441962003707886
Step: 1327104	Mean reward: 4.185039043426514, 	Mean reward done: 0.8817194700241089
Step: 1335296	Mean reward: 3.794367790222168, 	Mean reward done: 0.9290359616279602
Step: 1343488	Mean reward: 3.5306363105773926, 	Mean reward done: 1.2003629207611084
Step: 1351680	Mean reward: 3.7896389961242676, 	Mean reward done: 0.9366958737373352
Step: 1359872	Mean reward: 5.093923568725586, 	Mean reward done: 1.3588030338287354
Step: 1368064	Mean reward: 4.5032196044921875, 	Mean reward done: 1.1896690130233765
Step: 1376256	Mean reward: 4.761485576629639, 	Mean reward done: 1.4361577033996582
Step: 1384448	Mean reward: 4.369008541107178, 	Mean reward done: 1.0059301853179932
Step: 1392640	Mean reward: 4.954896926879883, 	Mean reward done: 1.2414788007736206
Step: 1400832	Mean reward: 4.5587382316589355, 	Mean reward done: 1.2467341423034668
Step: 1409024	Mean reward: 4.229032039642334, 	Mean reward done: 1.0916544198989868
Step: 1417216	Mean reward: 5.25944185256958, 	Mean reward done: 1.4889519214630127
Step: 1425408	Mean reward: 5.055140495300293, 	Mean reward done: 1.703429102897644
Step: 1433600	Mean reward: 5.174332618713379, 	Mean reward done: 1.2386161088943481
Step: 1441792	Mean reward: 5.096054553985596, 	Mean reward done: 1.1135547161102295
Step: 1449984	Mean reward: 4.456655979156494, 	Mean reward done: 1.3875958919525146
Step: 1458176	Mean reward: 4.581466197967529, 	Mean reward done: 1.2898718118667603
Step: 1466368	Mean reward: 3.739867687225342, 	Mean reward done: 1.1934280395507812
Step: 1474560	Mean reward: 3.674983024597168, 	Mean reward done: 1.2219362258911133
Step: 1482752	Mean reward: 4.384675025939941, 	Mean reward done: 1.2038706541061401
Step: 1490944	Mean reward: 3.2232847213745117, 	Mean reward done: 1.0327544212341309
Step: 1499136	Mean reward: 2.772907018661499, 	Mean reward done: 0.945491373538971
Step: 1507328	Mean reward: 4.5797119140625, 	Mean reward done: 1.1513558626174927
Step: 1515520	Mean reward: 4.1915411949157715, 	Mean reward done: 1.260974645614624
Step: 1523712	Mean reward: 4.5089521408081055, 	Mean reward done: 1.363623023033142
Step: 1531904	Mean reward: 3.2821977138519287, 	Mean reward done: 1.145537257194519
Step: 1540096	Mean reward: 3.47353458404541, 	Mean reward done: 0.9505518078804016
Step: 1548288	Mean reward: 4.178422927856445, 	Mean reward done: 1.4998512268066406
Step: 1556480	Mean reward: 3.6634697914123535, 	Mean reward done: 1.1485539674758911
Step: 1564672	Mean reward: 3.5968449115753174, 	Mean reward done: 1.209793210029602
Step: 1572864	Mean reward: 2.9540934562683105, 	Mean reward done: 0.9917311668395996
Step: 1581056	Mean reward: 3.909658908843994, 	Mean reward done: 1.2718777656555176
Step: 1589248	Mean reward: 4.880414009094238, 	Mean reward done: 1.337220311164856
Step: 1597440	Mean reward: 4.491185665130615, 	Mean reward done: 1.395476222038269
Step: 1605632	Mean reward: 3.849177837371826, 	Mean reward done: 1.1788080930709839
Step: 1613824	Mean reward: 3.850576400756836, 	Mean reward done: 1.1081078052520752
Step: 1622016	Mean reward: 4.361509799957275, 	Mean reward done: 0.9690663814544678
Step: 1630208	Mean reward: 4.999082088470459, 	Mean reward done: 1.4944225549697876
Step: 1638400	Mean reward: 4.733248233795166, 	Mean reward done: 1.372735619544983
Step: 1646592	Mean reward: 3.322935104370117, 	Mean reward done: 1.013182282447815
Step: 1654784	Mean reward: 4.0248703956604, 	Mean reward done: 1.2094298601150513
Step: 1662976	Mean reward: 3.512948989868164, 	Mean reward done: 0.9827312231063843
Step: 1671168	Mean reward: 3.569749593734741, 	Mean reward done: 1.170812964439392
Step: 1679360	Mean reward: 4.3324055671691895, 	Mean reward done: 1.3942952156066895
Step: 1687552	Mean reward: 3.187849521636963, 	Mean reward done: 0.8759153485298157
Step: 1695744	Mean reward: 3.823784112930298, 	Mean reward done: 1.2709490060806274
Step: 1703936	Mean reward: 3.442291736602783, 	Mean reward done: 1.0624486207962036
Step: 1712128	Mean reward: 3.3789756298065186, 	Mean reward done: 1.0551292896270752
Step: 1720320	Mean reward: 4.71065092086792, 	Mean reward done: 1.3673533201217651
Step: 1728512	Mean reward: 4.0776238441467285, 	Mean reward done: 1.108603835105896
Step: 1736704	Mean reward: 2.6770851612091064, 	Mean reward done: 0.8207420706748962
Step: 1744896	Mean reward: 2.8685131072998047, 	Mean reward done: 1.0176397562026978
Step: 1753088	Mean reward: 3.187610387802124, 	Mean reward done: 1.280051827430725
Step: 1761280	Mean reward: 3.1252503395080566, 	Mean reward done: 0.8661297559738159
Step: 1769472	Mean reward: 4.146925926208496, 	Mean reward done: 1.0665006637573242
Step: 1777664	Mean reward: 4.911144256591797, 	Mean reward done: 1.4640856981277466
Step: 1785856	Mean reward: 5.226284027099609, 	Mean reward done: 1.4553625583648682
Step: 1794048	Mean reward: 4.327722072601318, 	Mean reward done: 1.4325737953186035
Step: 1802240	Mean reward: 3.3092265129089355, 	Mean reward done: 1.0092337131500244
Step: 1810432	Mean reward: 3.1833879947662354, 	Mean reward done: 1.164328932762146
Step: 1818624	Mean reward: 3.502906322479248, 	Mean reward done: 1.0414713621139526
Step: 1826816	Mean reward: 2.9302384853363037, 	Mean reward done: 0.7991335988044739
Step: 1835008	Mean reward: 3.441572904586792, 	Mean reward done: 1.0250167846679688
Step: 1843200	Mean reward: 4.079423904418945, 	Mean reward done: 1.1195735931396484
Step: 1851392	Mean reward: 4.327613830566406, 	Mean reward done: 1.2528619766235352
Step: 1859584	Mean reward: 4.3340277671813965, 	Mean reward done: 1.2035431861877441
Step: 1867776	Mean reward: 3.950944423675537, 	Mean reward done: 1.3303967714309692
Step: 1875968	Mean reward: 5.030898571014404, 	Mean reward done: 1.696260690689087
Step: 1884160	Mean reward: 4.06846284866333, 	Mean reward done: 1.3115613460540771
Step: 1892352	Mean reward: 4.257853031158447, 	Mean reward done: 1.2650419473648071
Step: 1900544	Mean reward: 4.962305545806885, 	Mean reward done: 1.266335129737854
Step: 1908736	Mean reward: 4.198032855987549, 	Mean reward done: 1.2429039478302002
Step: 1916928	Mean reward: 3.4351511001586914, 	Mean reward done: 0.9777463674545288
Step: 1925120	Mean reward: 4.199509143829346, 	Mean reward done: 1.1144649982452393
Step: 1933312	Mean reward: 4.3246684074401855, 	Mean reward done: 1.3875601291656494
Step: 1941504	Mean reward: 2.734288215637207, 	Mean reward done: 1.1350499391555786
Step: 1949696	Mean reward: 4.006150245666504, 	Mean reward done: 1.1419494152069092
Step: 1957888	Mean reward: 4.764513969421387, 	Mean reward done: 1.3602656126022339
Step: 1966080	Mean reward: 5.277525424957275, 	Mean reward done: 1.5010781288146973
Step: 1974272	Mean reward: 4.633044719696045, 	Mean reward done: 1.206624150276184
Step: 1982464	Mean reward: 4.764261722564697, 	Mean reward done: 1.4867401123046875
Step: 1990656	Mean reward: 3.4943408966064453, 	Mean reward done: 1.216973900794983
Step: 1998848	Mean reward: 5.206891059875488, 	Mean reward done: 1.5296406745910645
Step: 2007040	Mean reward: 3.4905009269714355, 	Mean reward done: 1.0851982831954956
Step: 2015232	Mean reward: 3.364497661590576, 	Mean reward done: 1.0183422565460205
Step: 2023424	Mean reward: 4.825179576873779, 	Mean reward done: 1.3830095529556274
Step: 2031616	Mean reward: 3.364938974380493, 	Mean reward done: 0.8973590731620789
Step: 2039808	Mean reward: 6.405221939086914, 	Mean reward done: 1.8710339069366455
Step: 2048000	Mean reward: 4.941372394561768, 	Mean reward done: 1.2308143377304077
Step: 2056192	Mean reward: 5.065646648406982, 	Mean reward done: 1.6861523389816284
Step: 2064384	Mean reward: 3.739232301712036, 	Mean reward done: 1.0444257259368896
Step: 2072576	Mean reward: 4.056035041809082, 	Mean reward done: 1.203080415725708
Step: 2080768	Mean reward: 5.635732650756836, 	Mean reward done: 1.5518728494644165
Step: 2088960	Mean reward: 3.9231319427490234, 	Mean reward done: 1.2244634628295898
Step: 2097152	Mean reward: 5.185737609863281, 	Mean reward done: 1.3003660440444946
Step: 2105344	Mean reward: 5.432578086853027, 	Mean reward done: 1.4089109897613525
Step: 2113536	Mean reward: 4.359964370727539, 	Mean reward done: 1.262717843055725
Step: 2121728	Mean reward: 4.106068134307861, 	Mean reward done: 1.4295562505722046
Step: 2129920	Mean reward: 5.109280109405518, 	Mean reward done: 1.4281079769134521
Step: 2138112	Mean reward: 4.793535232543945, 	Mean reward done: 1.5590263605117798
Step: 2146304	Mean reward: 3.7189712524414062, 	Mean reward done: 1.1706417798995972
Step: 2154496	Mean reward: 4.091939449310303, 	Mean reward done: 1.5321340560913086
Step: 2162688	Mean reward: 4.979099273681641, 	Mean reward done: 1.3152599334716797
Step: 2170880	Mean reward: 5.412167072296143, 	Mean reward done: 1.7096664905548096
Step: 2179072	Mean reward: 4.341985702514648, 	Mean reward done: 1.230419635772705
Step: 2187264	Mean reward: 3.9639487266540527, 	Mean reward done: 0.948715090751648
Step: 2195456	Mean reward: 4.092019557952881, 	Mean reward done: 1.3448220491409302
Step: 2203648	Mean reward: 4.218194007873535, 	Mean reward done: 1.120782494544983
Step: 2211840	Mean reward: 4.90664005279541, 	Mean reward done: 1.6393883228302002
Step: 2220032	Mean reward: 4.526769161224365, 	Mean reward done: 1.4639564752578735
Step: 2228224	Mean reward: 4.9618706703186035, 	Mean reward done: 1.4388601779937744
Step: 2236416	Mean reward: 3.456054925918579, 	Mean reward done: 1.3228707313537598
Step: 2244608	Mean reward: 4.901164531707764, 	Mean reward done: 1.7211496829986572
Step: 2252800	Mean reward: 4.832561492919922, 	Mean reward done: 1.4934495687484741
Step: 2260992	Mean reward: 4.831300735473633, 	Mean reward done: 1.3774696588516235
Step: 2269184	Mean reward: 4.579278945922852, 	Mean reward done: 1.6937315464019775
Step: 2277376	Mean reward: 3.7616496086120605, 	Mean reward done: 1.2487306594848633
Step: 2285568	Mean reward: 4.70387601852417, 	Mean reward done: 1.3034955263137817
Step: 2293760	Mean reward: 4.76356315612793, 	Mean reward done: 1.3423727750778198
Step: 2301952	Mean reward: 3.695924758911133, 	Mean reward done: 1.0291571617126465
Step: 2310144	Mean reward: 4.509485244750977, 	Mean reward done: 1.4896175861358643
Step: 2318336	Mean reward: 4.131558895111084, 	Mean reward done: 1.399099588394165
Step: 2326528	Mean reward: 4.881295204162598, 	Mean reward done: 1.418210744857788
Step: 2334720	Mean reward: 4.815917015075684, 	Mean reward done: 1.3144639730453491
Step: 2342912	Mean reward: 3.687596321105957, 	Mean reward done: 1.0837072134017944
Step: 2351104	Mean reward: 4.125028610229492, 	Mean reward done: 1.1666944026947021
Step: 2359296	Mean reward: 4.249422550201416, 	Mean reward done: 1.3173892498016357
Step: 2367488	Mean reward: 4.559642791748047, 	Mean reward done: 1.2773489952087402
Step: 2375680	Mean reward: 4.869278430938721, 	Mean reward done: 1.4473025798797607
Step: 2383872	Mean reward: 5.117758750915527, 	Mean reward done: 1.3654886484146118
Step: 2392064	Mean reward: 5.115722179412842, 	Mean reward done: 1.433541178703308
Step: 2400256	Mean reward: 5.797351837158203, 	Mean reward done: 1.7950528860092163
Step: 2408448	Mean reward: 4.673792362213135, 	Mean reward done: 1.5632072687149048
Step: 2416640	Mean reward: 4.798742294311523, 	Mean reward done: 1.2363449335098267
Step: 2424832	Mean reward: 5.794620037078857, 	Mean reward done: 1.554799199104309
Step: 2433024	Mean reward: 4.792147159576416, 	Mean reward done: 1.2581913471221924
Step: 2441216	Mean reward: 4.789712905883789, 	Mean reward done: 1.4862558841705322
Step: 2449408	Mean reward: 5.28464412689209, 	Mean reward done: 1.2443534135818481
Step: 2457600	Mean reward: 4.597692489624023, 	Mean reward done: 1.3357056379318237
Step: 2465792	Mean reward: 4.471224308013916, 	Mean reward done: 1.188834309577942
Step: 2473984	Mean reward: 3.290412187576294, 	Mean reward done: 1.014331579208374
Step: 2482176	Mean reward: 4.346163272857666, 	Mean reward done: 1.1021071672439575
Step: 2490368	Mean reward: 3.9090218544006348, 	Mean reward done: 1.6006354093551636
Step: 2498560	Mean reward: 4.774085998535156, 	Mean reward done: 1.3433998823165894
Step: 2506752	Mean reward: 4.523613929748535, 	Mean reward done: 1.2572650909423828
Step: 2514944	Mean reward: 3.96427321434021, 	Mean reward done: 1.173801064491272
Step: 2523136	Mean reward: 5.263392925262451, 	Mean reward done: 1.722035527229309
Step: 2531328	Mean reward: 5.0096821784973145, 	Mean reward done: 1.372032880783081
Step: 2539520	Mean reward: 3.954885959625244, 	Mean reward done: 1.214877963066101
Step: 2547712	Mean reward: 4.881296157836914, 	Mean reward done: 1.3057271242141724
Step: 2555904	Mean reward: 4.076963901519775, 	Mean reward done: 1.7286518812179565
Step: 2564096	Mean reward: 4.138551235198975, 	Mean reward done: 1.4664417505264282
Step: 2572288	Mean reward: 4.878602504730225, 	Mean reward done: 1.212612271308899
Step: 2580480	Mean reward: 4.32126522064209, 	Mean reward done: 1.5111464262008667
Step: 2588672	Mean reward: 4.074079513549805, 	Mean reward done: 1.1094350814819336
Step: 2596864	Mean reward: 4.938558578491211, 	Mean reward done: 1.3869225978851318
Step: 2605056	Mean reward: 4.814465522766113, 	Mean reward done: 1.236972689628601
Step: 2613248	Mean reward: 4.441835403442383, 	Mean reward done: 1.506929874420166
Step: 2621440	Mean reward: 4.501278877258301, 	Mean reward done: 1.3661556243896484
Step: 2629632	Mean reward: 5.547440052032471, 	Mean reward done: 1.675147533416748
Step: 2637824	Mean reward: 3.881011486053467, 	Mean reward done: 1.0128893852233887
Step: 2646016	Mean reward: 4.6805572509765625, 	Mean reward done: 1.2812305688858032
Step: 2654208	Mean reward: 5.477065086364746, 	Mean reward done: 1.5169798135757446
Step: 2662400	Mean reward: 3.6890792846679688, 	Mean reward done: 1.187538504600525
Step: 2670592	Mean reward: 5.34710168838501, 	Mean reward done: 1.605185866355896
Step: 2678784	Mean reward: 3.9296882152557373, 	Mean reward done: 1.4622585773468018
Step: 2686976	Mean reward: 5.829814910888672, 	Mean reward done: 1.9752593040466309
Step: 2695168	Mean reward: 4.845317840576172, 	Mean reward done: 1.3973808288574219
Step: 2703360	Mean reward: 3.86332631111145, 	Mean reward done: 1.2423101663589478
Step: 2711552	Mean reward: 3.556769847869873, 	Mean reward done: 0.9876017570495605
Step: 2719744	Mean reward: 5.762938976287842, 	Mean reward done: 1.839652419090271
Step: 2727936	Mean reward: 5.699739456176758, 	Mean reward done: 1.6605126857757568
Step: 2736128	Mean reward: 5.696254730224609, 	Mean reward done: 1.5267201662063599
Step: 2744320	Mean reward: 4.285641670227051, 	Mean reward done: 1.1066851615905762
Step: 2752512	Mean reward: 4.7128376960754395, 	Mean reward done: 1.450595498085022
Step: 2760704	Mean reward: 5.0782294273376465, 	Mean reward done: 1.5733907222747803
Step: 2768896	Mean reward: 4.647823333740234, 	Mean reward done: 1.401344656944275
Step: 2777088	Mean reward: 3.180271863937378, 	Mean reward done: 1.1202257871627808
Step: 2785280	Mean reward: 3.8532228469848633, 	Mean reward done: 1.1100965738296509
Step: 2793472	Mean reward: 4.462599754333496, 	Mean reward done: 1.550473690032959
Step: 2801664	Mean reward: 4.461489677429199, 	Mean reward done: 1.111634612083435
Step: 2809856	Mean reward: 4.949281215667725, 	Mean reward done: 1.320847511291504
Step: 2818048	Mean reward: 4.581439971923828, 	Mean reward done: 1.2563353776931763
Step: 2826240	Mean reward: 3.42073392868042, 	Mean reward done: 1.0302860736846924
Step: 2834432	Mean reward: 4.215549945831299, 	Mean reward done: 1.1943541765213013
Step: 2842624	Mean reward: 5.6210432052612305, 	Mean reward done: 1.9153238534927368
Step: 2850816	Mean reward: 4.701338291168213, 	Mean reward done: 1.5957674980163574
Step: 2859008	Mean reward: 3.9670350551605225, 	Mean reward done: 1.2994167804718018
Step: 2867200	Mean reward: 5.310087203979492, 	Mean reward done: 1.4110889434814453
Step: 2875392	Mean reward: 3.721867084503174, 	Mean reward done: 1.0519275665283203
Step: 2883584	Mean reward: 5.184863090515137, 	Mean reward done: 1.5023795366287231
Step: 2891776	Mean reward: 3.171428918838501, 	Mean reward done: 1.1605039834976196
Step: 2899968	Mean reward: 4.390861988067627, 	Mean reward done: 1.5469797849655151
Step: 2908160	Mean reward: 5.120547771453857, 	Mean reward done: 1.531522512435913
Step: 2916352	Mean reward: 4.69160795211792, 	Mean reward done: 1.3039008378982544
Step: 2924544	Mean reward: 4.507083892822266, 	Mean reward done: 1.28309965133667
Step: 2932736	Mean reward: 4.626904010772705, 	Mean reward done: 1.3571970462799072
Step: 2940928	Mean reward: 4.077213287353516, 	Mean reward done: 1.2607039213180542
Step: 2949120	Mean reward: 3.8339297771453857, 	Mean reward done: 1.2493572235107422
Step: 2957312	Mean reward: 3.7121849060058594, 	Mean reward done: 1.2486944198608398
Step: 2965504	Mean reward: 3.9563262462615967, 	Mean reward done: 0.9847278594970703
Step: 2973696	Mean reward: 4.016846656799316, 	Mean reward done: 0.9651594758033752
Step: 2981888	Mean reward: 4.747596740722656, 	Mean reward done: 1.3242905139923096
Step: 2990080	Mean reward: 4.625758171081543, 	Mean reward done: 1.2005642652511597
Step: 2998272	Mean reward: 4.381390571594238, 	Mean reward done: 1.1077364683151245
Step: 3006464	Mean reward: 4.745626926422119, 	Mean reward done: 1.3901009559631348
Step: 3014656	Mean reward: 3.8925530910491943, 	Mean reward done: 0.9701812267303467
Step: 3022848	Mean reward: 4.865702152252197, 	Mean reward done: 1.3779460191726685
Step: 3031040	Mean reward: 4.985416412353516, 	Mean reward done: 1.4008917808532715
Step: 3039232	Mean reward: 3.344292640686035, 	Mean reward done: 0.8469324111938477
Step: 3047424	Mean reward: 5.107056617736816, 	Mean reward done: 1.2227402925491333
Step: 3055616	Mean reward: 4.860752105712891, 	Mean reward done: 1.236163854598999
Step: 3063808	Mean reward: 3.5231924057006836, 	Mean reward done: 1.0573935508728027
Step: 3072000	Mean reward: 5.221336364746094, 	Mean reward done: 1.533038854598999
Step: 3080192	Mean reward: 4.126107692718506, 	Mean reward done: 1.3066517114639282
Step: 3088384	Mean reward: 4.913382530212402, 	Mean reward done: 1.6055824756622314
Step: 3096576	Mean reward: 3.033112049102783, 	Mean reward done: 0.8717176914215088
Step: 3104768	Mean reward: 4.307203769683838, 	Mean reward done: 1.4672489166259766
Step: 3112960	Mean reward: 3.8209736347198486, 	Mean reward done: 1.2655802965164185
Step: 3121152	Mean reward: 5.0940728187561035, 	Mean reward done: 1.2841606140136719
Step: 3129344	Mean reward: 5.577214241027832, 	Mean reward done: 1.4182705879211426
Step: 3137536	Mean reward: 4.605525016784668, 	Mean reward done: 1.2761273384094238
Step: 3145728	Mean reward: 3.5142712593078613, 	Mean reward done: 1.114153504371643
Step: 3153920	Mean reward: 3.5748825073242188, 	Mean reward done: 1.1014063358306885
Step: 3162112	Mean reward: 4.301050186157227, 	Mean reward done: 1.132819414138794
Step: 3170304	Mean reward: 4.542316913604736, 	Mean reward done: 1.066881775856018
Step: 3178496	Mean reward: 5.810269832611084, 	Mean reward done: 1.8077311515808105
Step: 3186688	Mean reward: 3.6304352283477783, 	Mean reward done: 1.0956095457077026
Step: 3194880	Mean reward: 4.53706693649292, 	Mean reward done: 1.2368327379226685
Step: 3203072	Mean reward: 3.6892993450164795, 	Mean reward done: 1.0548778772354126
Step: 3211264	Mean reward: 4.53508996963501, 	Mean reward done: 1.295039415359497
Step: 3219456	Mean reward: 3.870295763015747, 	Mean reward done: 1.1214935779571533
Step: 3227648	Mean reward: 3.9914770126342773, 	Mean reward done: 1.0307731628417969
Step: 3235840	Mean reward: 4.717048168182373, 	Mean reward done: 1.443631649017334
Step: 3244032	Mean reward: 3.9296505451202393, 	Mean reward done: 1.1164259910583496
Step: 3252224	Mean reward: 3.8691153526306152, 	Mean reward done: 1.410361409187317
Step: 3260416	Mean reward: 3.5672836303710938, 	Mean reward done: 0.9603370428085327
Step: 3268608	Mean reward: 5.079005241394043, 	Mean reward done: 1.3473362922668457
Step: 3276800	Mean reward: 3.929044723510742, 	Mean reward done: 1.0081617832183838
Step: 3284992	Mean reward: 3.86816668510437, 	Mean reward done: 1.266232967376709
Step: 3293184	Mean reward: 4.472015380859375, 	Mean reward done: 1.3578736782073975
Step: 3301376	Mean reward: 4.65273904800415, 	Mean reward done: 1.1457058191299438
Step: 3309568	Mean reward: 4.230167388916016, 	Mean reward done: 1.132069706916809
Step: 3317760	Mean reward: 4.290432453155518, 	Mean reward done: 1.0476688146591187
Step: 3325952	Mean reward: 4.351459503173828, 	Mean reward done: 1.1360634565353394
Step: 3334144	Mean reward: 4.109724998474121, 	Mean reward done: 1.0806770324707031
Step: 3342336	Mean reward: 5.075506210327148, 	Mean reward done: 1.3396728038787842
Step: 3350528	Mean reward: 5.135317325592041, 	Mean reward done: 1.286413311958313
Step: 3358720	Mean reward: 3.9254260063171387, 	Mean reward done: 1.1838284730911255
Step: 3366912	Mean reward: 3.804986000061035, 	Mean reward done: 0.9900234341621399
Step: 3375104	Mean reward: 4.469000339508057, 	Mean reward done: 1.1969844102859497
Step: 3383296	Mean reward: 3.683828353881836, 	Mean reward done: 1.0424566268920898
Step: 3391488	Mean reward: 3.6841506958007812, 	Mean reward done: 1.0910097360610962
Step: 3399680	Mean reward: 4.168263912200928, 	Mean reward done: 1.3026918172836304
Step: 3407872	Mean reward: 4.5306572914123535, 	Mean reward done: 1.2552053928375244
Step: 3416064	Mean reward: 4.409012317657471, 	Mean reward done: 1.339260220527649
Step: 3424256	Mean reward: 4.891720771789551, 	Mean reward done: 1.3980638980865479
Step: 3432448	Mean reward: 4.528385639190674, 	Mean reward done: 1.3785083293914795
Step: 3440640	Mean reward: 3.381272554397583, 	Mean reward done: 0.9016732573509216
Step: 3448832	Mean reward: 4.044580936431885, 	Mean reward done: 1.3088643550872803
Step: 3457024	Mean reward: 4.40574312210083, 	Mean reward done: 1.4029200077056885
Step: 3465216	Mean reward: 5.789745807647705, 	Mean reward done: 1.652923345565796
Step: 3473408	Mean reward: 6.2675628662109375, 	Mean reward done: 1.6027648448944092
Step: 3481600	Mean reward: 4.8792405128479, 	Mean reward done: 1.5759553909301758
Step: 3489792	Mean reward: 5.179240703582764, 	Mean reward done: 1.6310594081878662
Step: 3497984	Mean reward: 3.732208490371704, 	Mean reward done: 1.207250714302063
Step: 3506176	Mean reward: 4.092895984649658, 	Mean reward done: 1.1669714450836182
Step: 3514368	Mean reward: 3.9124836921691895, 	Mean reward done: 1.1857855319976807
Step: 3522560	Mean reward: 4.153680801391602, 	Mean reward done: 1.1244044303894043
Step: 3530752	Mean reward: 2.8900279998779297, 	Mean reward done: 0.8607197999954224
Step: 3538944	Mean reward: 4.696292877197266, 	Mean reward done: 1.2463301420211792
Step: 3547136	Mean reward: 3.1900861263275146, 	Mean reward done: 0.9894392490386963
Step: 3555328	Mean reward: 6.018065452575684, 	Mean reward done: 1.4764366149902344
Step: 3563520	Mean reward: 6.076091766357422, 	Mean reward done: 1.5516068935394287
Step: 3571712	Mean reward: 4.0894598960876465, 	Mean reward done: 1.067613124847412
Step: 3579904	Mean reward: 5.410750389099121, 	Mean reward done: 1.6815261840820312
Step: 3588096	Mean reward: 5.108086585998535, 	Mean reward done: 1.7298846244812012
Step: 3596288	Mean reward: 4.866422176361084, 	Mean reward done: 1.212383508682251
Step: 3604480	Mean reward: 4.805055618286133, 	Mean reward done: 1.745841383934021
Step: 3612672	Mean reward: 4.503391265869141, 	Mean reward done: 1.2909705638885498
Step: 3620864	Mean reward: 5.3435845375061035, 	Mean reward done: 1.4472039937973022
Step: 3629056	Mean reward: 4.6224751472473145, 	Mean reward done: 1.499793291091919
Step: 3637248	Mean reward: 3.5409626960754395, 	Mean reward done: 1.348394513130188
Step: 3645440	Mean reward: 4.859745025634766, 	Mean reward done: 1.483656406402588
Step: 3653632	Mean reward: 3.2988901138305664, 	Mean reward done: 0.9768114686012268
Step: 3661824	Mean reward: 5.218614101409912, 	Mean reward done: 1.356640100479126
Step: 3670016	Mean reward: 4.917741298675537, 	Mean reward done: 1.16990065574646
Step: 3678208	Mean reward: 4.0176167488098145, 	Mean reward done: 1.2865992784500122
Step: 3686400	Mean reward: 3.9563660621643066, 	Mean reward done: 1.1791342496871948
Step: 3694592	Mean reward: 3.595466375350952, 	Mean reward done: 1.3213871717453003
Step: 3702784	Mean reward: 3.8350272178649902, 	Mean reward done: 1.048357367515564
Step: 3710976	Mean reward: 3.476069688796997, 	Mean reward done: 0.9979252815246582
Step: 3719168	Mean reward: 5.213255405426025, 	Mean reward done: 1.460089921951294
Step: 3727360	Mean reward: 3.594459295272827, 	Mean reward done: 1.076338291168213
Step: 3735552	Mean reward: 3.774670124053955, 	Mean reward done: 1.0145633220672607
Step: 3743744	Mean reward: 3.895034074783325, 	Mean reward done: 1.1127921342849731
Step: 3751936	Mean reward: 3.5962440967559814, 	Mean reward done: 0.9557802677154541
Step: 3760128	Mean reward: 5.15505838394165, 	Mean reward done: 1.4304794073104858
Step: 3768320	Mean reward: 4.374745845794678, 	Mean reward done: 1.256005883216858
Step: 3776512	Mean reward: 5.99033784866333, 	Mean reward done: 1.7117600440979004
Step: 3784704	Mean reward: 3.53368878364563, 	Mean reward done: 1.2797273397445679
Step: 3792896	Mean reward: 3.8936946392059326, 	Mean reward done: 1.520544171333313
Step: 3801088	Mean reward: 3.2946536540985107, 	Mean reward done: 1.0323336124420166
Step: 3809280	Mean reward: 3.115384817123413, 	Mean reward done: 0.9562315940856934
Step: 3817472	Mean reward: 3.955310344696045, 	Mean reward done: 1.22554612159729
Step: 3825664	Mean reward: 4.794361591339111, 	Mean reward done: 1.3843836784362793
Step: 3833856	Mean reward: 4.493557929992676, 	Mean reward done: 1.3790572881698608
Step: 3842048	Mean reward: 4.732856273651123, 	Mean reward done: 1.3713653087615967
Step: 3850240	Mean reward: 3.953465700149536, 	Mean reward done: 1.0772368907928467
Step: 3858432	Mean reward: 4.432098388671875, 	Mean reward done: 1.46338951587677
Step: 3866624	Mean reward: 2.8749094009399414, 	Mean reward done: 0.9163787961006165
Step: 3874816	Mean reward: 2.635847568511963, 	Mean reward done: 0.9225260019302368
Step: 3883008	Mean reward: 5.332326412200928, 	Mean reward done: 1.6845895051956177
Step: 3891200	Mean reward: 4.1944966316223145, 	Mean reward done: 1.2873072624206543
Step: 3899392	Mean reward: 4.4944915771484375, 	Mean reward done: 1.1368955373764038
Step: 3907584	Mean reward: 4.313600540161133, 	Mean reward done: 1.1059385538101196
Step: 3915776	Mean reward: 3.054661750793457, 	Mean reward done: 0.9610417485237122
Step: 3923968	Mean reward: 4.791441440582275, 	Mean reward done: 1.304203987121582
Step: 3932160	Mean reward: 5.0299506187438965, 	Mean reward done: 1.3653467893600464
Step: 3940352	Mean reward: 3.3532614707946777, 	Mean reward done: 1.0728442668914795
Step: 3948544	Mean reward: 2.694532632827759, 	Mean reward done: 0.9251278042793274
Step: 3956736	Mean reward: 3.2939810752868652, 	Mean reward done: 0.9694406986236572
Step: 3964928	Mean reward: 4.011807441711426, 	Mean reward done: 1.1449646949768066
Step: 3973120	Mean reward: 3.7723212242126465, 	Mean reward done: 1.1566427946090698
Step: 3981312	Mean reward: 3.712904691696167, 	Mean reward done: 0.9267269372940063
Step: 3989504	Mean reward: 4.191359519958496, 	Mean reward done: 1.3063042163848877
Step: 3997696	Mean reward: 4.790500164031982, 	Mean reward done: 1.3041995763778687
Step: 4005888	Mean reward: 4.431013107299805, 	Mean reward done: 1.106187343597412
Step: 4014080	Mean reward: 4.969293117523193, 	Mean reward done: 1.4932036399841309
Step: 4022272	Mean reward: 3.7713711261749268, 	Mean reward done: 1.3338117599487305
Step: 4030464	Mean reward: 3.9512057304382324, 	Mean reward done: 1.1487245559692383
Step: 4038656	Mean reward: 5.327513217926025, 	Mean reward done: 1.7370564937591553
Step: 4046848	Mean reward: 4.846709251403809, 	Mean reward done: 1.5235779285430908
Step: 4055040	Mean reward: 5.5040082931518555, 	Mean reward done: 1.6010643243789673
Step: 4063232	Mean reward: 5.860666275024414, 	Mean reward done: 1.9010449647903442
Step: 4071424	Mean reward: 4.901437759399414, 	Mean reward done: 1.3773841857910156
Step: 4079616	Mean reward: 4.541621208190918, 	Mean reward done: 1.7087979316711426
Step: 4087808	Mean reward: 4.480615615844727, 	Mean reward done: 1.2107713222503662
Step: 4096000	Mean reward: 4.240930557250977, 	Mean reward done: 1.266038417816162
Step: 4104192	Mean reward: 5.016880035400391, 	Mean reward done: 1.3413901329040527
Step: 4112384	Mean reward: 4.1189727783203125, 	Mean reward done: 1.5202873945236206
Step: 4120576	Mean reward: 3.8194031715393066, 	Mean reward done: 1.119114875793457
Step: 4128768	Mean reward: 5.012822151184082, 	Mean reward done: 1.5663762092590332
Step: 4136960	Mean reward: 3.2808315753936768, 	Mean reward done: 1.0041327476501465
Step: 4145152	Mean reward: 4.712998390197754, 	Mean reward done: 1.4576480388641357
Step: 4153344	Mean reward: 2.803131580352783, 	Mean reward done: 0.8414998650550842
Step: 4161536	Mean reward: 4.294546127319336, 	Mean reward done: 1.133285403251648
Step: 4169728	Mean reward: 5.723692417144775, 	Mean reward done: 1.4925330877304077
Step: 4177920	Mean reward: 5.304354667663574, 	Mean reward done: 1.4439839124679565
Step: 4186112	Mean reward: 4.231281280517578, 	Mean reward done: 1.2652685642242432
Step: 4194304	Mean reward: 4.766518592834473, 	Mean reward done: 1.5973600149154663
Step: 4202496	Mean reward: 3.335611343383789, 	Mean reward done: 1.0342934131622314
Step: 4210688	Mean reward: 5.003228664398193, 	Mean reward done: 1.5059294700622559
Step: 4218880	Mean reward: 4.2874755859375, 	Mean reward done: 1.3216878175735474
Step: 4227072	Mean reward: 4.585087299346924, 	Mean reward done: 1.3277443647384644
Step: 4235264	Mean reward: 4.048422813415527, 	Mean reward done: 1.3185750246047974
Step: 4243456	Mean reward: 3.7508537769317627, 	Mean reward done: 1.1778450012207031
Step: 4251648	Mean reward: 4.941895008087158, 	Mean reward done: 0.9957283139228821
Step: 4259840	Mean reward: 4.346336364746094, 	Mean reward done: 1.394202470779419
Step: 4268032	Mean reward: 5.0610246658325195, 	Mean reward done: 1.4543006420135498
Step: 4276224	Mean reward: 3.453165054321289, 	Mean reward done: 0.9986674189567566
Step: 4284416	Mean reward: 4.702650547027588, 	Mean reward done: 1.253050446510315
Step: 4292608	Mean reward: 4.762359142303467, 	Mean reward done: 1.1854877471923828
Step: 4300800	Mean reward: 5.654895305633545, 	Mean reward done: 1.4087661504745483
Step: 4308992	Mean reward: 4.106781005859375, 	Mean reward done: 1.4688405990600586
Step: 4317184	Mean reward: 3.5112814903259277, 	Mean reward done: 1.3182177543640137
Step: 4325376	Mean reward: 4.880352020263672, 	Mean reward done: 1.4571596384048462
Step: 4333568	Mean reward: 4.4626970291137695, 	Mean reward done: 1.289610743522644
Step: 4341760	Mean reward: 5.2339558601379395, 	Mean reward done: 1.3550851345062256
Step: 4349952	Mean reward: 3.925297260284424, 	Mean reward done: 1.0798747539520264
Step: 4358144	Mean reward: 3.7476565837860107, 	Mean reward done: 1.080626130104065
Step: 4366336	Mean reward: 5.174497127532959, 	Mean reward done: 1.4750579595565796
Step: 4374528	Mean reward: 4.221548080444336, 	Mean reward done: 1.1464166641235352
Step: 4382720	Mean reward: 5.05358362197876, 	Mean reward done: 1.5656226873397827
Step: 4390912	Mean reward: 4.398123264312744, 	Mean reward done: 1.3083014488220215
Step: 4399104	Mean reward: 4.87206506729126, 	Mean reward done: 1.3813443183898926
Step: 4407296	Mean reward: 4.811565399169922, 	Mean reward done: 1.3418025970458984
Step: 4415488	Mean reward: 4.335745334625244, 	Mean reward done: 1.2203285694122314
Step: 4423680	Mean reward: 4.157652378082275, 	Mean reward done: 1.3245114088058472
Step: 4431872	Mean reward: 3.385287284851074, 	Mean reward done: 1.0066816806793213
Step: 4440064	Mean reward: 6.056957721710205, 	Mean reward done: 1.545198678970337
Step: 4448256	Mean reward: 4.807826042175293, 	Mean reward done: 1.4908316135406494
Step: 4456448	Mean reward: 4.629688739776611, 	Mean reward done: 1.4520025253295898
Step: 4464640	Mean reward: 4.629568099975586, 	Mean reward done: 1.22593355178833
Step: 4472832	Mean reward: 7.239524841308594, 	Mean reward done: 2.095073699951172
Step: 4481024	Mean reward: 4.269279956817627, 	Mean reward done: 1.4335826635360718
Step: 4489216	Mean reward: 4.445834159851074, 	Mean reward done: 1.3703036308288574
Step: 4497408	Mean reward: 3.971177101135254, 	Mean reward done: 1.2630435228347778
Step: 4505600	Mean reward: 5.629705429077148, 	Mean reward done: 2.11661958694458
Step: 4513792	Mean reward: 5.329070091247559, 	Mean reward done: 1.683799147605896
Step: 4521984	Mean reward: 4.556952476501465, 	Mean reward done: 1.508419394493103
Step: 4530176	Mean reward: 4.613409519195557, 	Mean reward done: 1.48516845703125
Step: 4538368	Mean reward: 4.315948486328125, 	Mean reward done: 1.439645767211914
Step: 4546560	Mean reward: 3.310288906097412, 	Mean reward done: 1.2275673151016235
Step: 4554752	Mean reward: 4.66935396194458, 	Mean reward done: 1.5456277132034302
Step: 4562944	Mean reward: 5.49487829208374, 	Mean reward done: 1.498268723487854
Step: 4571136	Mean reward: 4.725103378295898, 	Mean reward done: 1.4815449714660645
Step: 4579328	Mean reward: 5.078892230987549, 	Mean reward done: 1.5120000839233398
Step: 4587520	Mean reward: 5.136872291564941, 	Mean reward done: 1.9049270153045654
Step: 4595712	Mean reward: 3.6015846729278564, 	Mean reward done: 1.1250826120376587
Step: 4603904	Mean reward: 4.190629959106445, 	Mean reward done: 1.4666377305984497
Step: 4612096	Mean reward: 4.896839618682861, 	Mean reward done: 1.4788668155670166
Step: 4620288	Mean reward: 5.129983901977539, 	Mean reward done: 1.7254102230072021
Step: 4628480	Mean reward: 4.656885147094727, 	Mean reward done: 1.5542805194854736
Step: 4636672	Mean reward: 2.947355031967163, 	Mean reward done: 0.8439227342605591
Step: 4644864	Mean reward: 4.833637237548828, 	Mean reward done: 1.315354585647583
Step: 4653056	Mean reward: 4.8917622566223145, 	Mean reward done: 1.480554223060608
Step: 4661248	Mean reward: 3.476834297180176, 	Mean reward done: 1.1168521642684937
Step: 4669440	Mean reward: 4.302531719207764, 	Mean reward done: 1.529602289199829
Step: 4677632	Mean reward: 3.654510498046875, 	Mean reward done: 0.9814119338989258
Step: 4685824	Mean reward: 5.3632731437683105, 	Mean reward done: 1.383921504020691
Step: 4694016	Mean reward: 4.772688865661621, 	Mean reward done: 1.2675358057022095
Step: 4702208	Mean reward: 3.8286280632019043, 	Mean reward done: 1.2741485834121704
Step: 4710400	Mean reward: 4.005238056182861, 	Mean reward done: 1.0994786024093628
Step: 4718592	Mean reward: 5.064469337463379, 	Mean reward done: 1.4400873184204102
Step: 4726784	Mean reward: 3.8860301971435547, 	Mean reward done: 1.292449951171875
Step: 4734976	Mean reward: 5.239962577819824, 	Mean reward done: 1.3395087718963623
Step: 4743168	Mean reward: 3.7682809829711914, 	Mean reward done: 1.1023057699203491
Step: 4751360	Mean reward: 6.182740688323975, 	Mean reward done: 1.6349207162857056
Step: 4759552	Mean reward: 4.591993808746338, 	Mean reward done: 1.3034518957138062
Step: 4767744	Mean reward: 4.002946376800537, 	Mean reward done: 1.4397262334823608
Step: 4775936	Mean reward: 5.650773525238037, 	Mean reward done: 1.858816146850586
Step: 4784128	Mean reward: 3.589999198913574, 	Mean reward done: 0.9911497831344604
Step: 4792320	Mean reward: 4.944058895111084, 	Mean reward done: 1.6048638820648193
Step: 4800512	Mean reward: 5.178424835205078, 	Mean reward done: 1.7722513675689697
Step: 4808704	Mean reward: 3.8830997943878174, 	Mean reward done: 1.2747583389282227
Step: 4816896	Mean reward: 4.295334815979004, 	Mean reward done: 1.3451274633407593
Step: 4825088	Mean reward: 3.8244469165802, 	Mean reward done: 1.2331396341323853
Step: 4833280	Mean reward: 4.6481804847717285, 	Mean reward done: 1.3679786920547485
Step: 4841472	Mean reward: 5.116885185241699, 	Mean reward done: 1.7892518043518066
Step: 4849664	Mean reward: 3.9400875568389893, 	Mean reward done: 1.5182054042816162
Step: 4857856	Mean reward: 4.410905838012695, 	Mean reward done: 1.5072166919708252
Step: 4866048	Mean reward: 3.9994990825653076, 	Mean reward done: 1.1523091793060303
Step: 4874240	Mean reward: 4.881692886352539, 	Mean reward done: 1.353603720664978
Step: 4882432	Mean reward: 4.998093605041504, 	Mean reward done: 1.3157401084899902
Step: 4890624	Mean reward: 4.8208136558532715, 	Mean reward done: 1.5390663146972656
Step: 4898816	Mean reward: 5.348635673522949, 	Mean reward done: 1.678070068359375
Step: 4907008	Mean reward: 4.583558082580566, 	Mean reward done: 1.405919075012207
Step: 4915200	Mean reward: 3.819265365600586, 	Mean reward done: 1.2028602361679077
Step: 4923392	Mean reward: 4.112076282501221, 	Mean reward done: 1.5887831449508667
Step: 4931584	Mean reward: 5.109894275665283, 	Mean reward done: 1.4446226358413696
Step: 4939776	Mean reward: 5.344114303588867, 	Mean reward done: 1.4867647886276245
Step: 4947968	Mean reward: 4.286412715911865, 	Mean reward done: 1.355422019958496
Step: 4956160	Mean reward: 3.2287824153900146, 	Mean reward done: 1.219123125076294
Step: 4964352	Mean reward: 4.109085559844971, 	Mean reward done: 1.2845803499221802
Step: 4972544	Mean reward: 4.3440022468566895, 	Mean reward done: 1.230310082435608
Step: 4980736	Mean reward: 4.342428684234619, 	Mean reward done: 1.6013857126235962
Step: 4988928	Mean reward: 4.635176181793213, 	Mean reward done: 1.1715067625045776
Step: 4997120	Mean reward: 2.8752317428588867, 	Mean reward done: 0.94108647108078
Step: 5005312	Mean reward: 3.5207858085632324, 	Mean reward done: 1.0425419807434082
Step: 5013504	Mean reward: 4.869564533233643, 	Mean reward done: 1.5354899168014526
Step: 5021696	Mean reward: 4.164924621582031, 	Mean reward done: 1.2465485334396362
Step: 5029888	Mean reward: 4.692502021789551, 	Mean reward done: 1.5719915628433228
Step: 5038080	Mean reward: 4.28131628036499, 	Mean reward done: 1.3688836097717285
Step: 5046272	Mean reward: 3.9293487071990967, 	Mean reward done: 1.1944420337677002
Step: 5054464	Mean reward: 5.687870025634766, 	Mean reward done: 1.868906855583191
Step: 5062656	Mean reward: 6.85746955871582, 	Mean reward done: 1.7796711921691895
Step: 5070848	Mean reward: 4.277379989624023, 	Mean reward done: 1.533230185508728
Step: 5079040	Mean reward: 4.100935459136963, 	Mean reward done: 1.282589316368103
Step: 5087232	Mean reward: 4.100821495056152, 	Mean reward done: 1.4997395277023315
Step: 5095424	Mean reward: 4.510300159454346, 	Mean reward done: 1.4890708923339844
Step: 5103616	Mean reward: 4.509034156799316, 	Mean reward done: 1.507905125617981
Step: 5111808	Mean reward: 5.035943031311035, 	Mean reward done: 1.3649547100067139
Step: 5120000	Mean reward: 3.864170551300049, 	Mean reward done: 1.1846160888671875
Step: 5128192	Mean reward: 4.273822784423828, 	Mean reward done: 1.4548689126968384
Step: 5136384	Mean reward: 3.980830192565918, 	Mean reward done: 1.1913164854049683
Step: 5144576	Mean reward: 4.273321151733398, 	Mean reward done: 1.2410211563110352
Step: 5152768	Mean reward: 3.805208206176758, 	Mean reward done: 1.4732956886291504
Step: 5160960	Mean reward: 4.098347187042236, 	Mean reward done: 1.3378154039382935
Step: 5169152	Mean reward: 3.7468221187591553, 	Mean reward done: 1.263577938079834
Step: 5177344	Mean reward: 4.741507053375244, 	Mean reward done: 1.3469111919403076
Step: 5185536	Mean reward: 4.682685852050781, 	Mean reward done: 1.6277258396148682
Step: 5193728	Mean reward: 5.267469882965088, 	Mean reward done: 1.3885738849639893
Step: 5201920	Mean reward: 3.861752510070801, 	Mean reward done: 1.4403581619262695
Step: 5210112	Mean reward: 4.972721576690674, 	Mean reward done: 1.429208517074585
Step: 5218304	Mean reward: 4.387083053588867, 	Mean reward done: 1.1294296979904175
Step: 5226496	Mean reward: 4.854561805725098, 	Mean reward done: 1.6342270374298096
Step: 5234688	Mean reward: 5.495883941650391, 	Mean reward done: 1.4733949899673462
Step: 5242880	Mean reward: 4.032670974731445, 	Mean reward done: 1.2292832136154175
Step: 5251072	Mean reward: 4.733587741851807, 	Mean reward done: 1.2542258501052856
Step: 5259264	Mean reward: 4.966431140899658, 	Mean reward done: 1.6866493225097656
Step: 5267456	Mean reward: 4.498339653015137, 	Mean reward done: 1.5404884815216064
Step: 5275648	Mean reward: 4.205977916717529, 	Mean reward done: 1.1050407886505127
Step: 5283840	Mean reward: 4.322419166564941, 	Mean reward done: 1.374898910522461
Step: 5292032	Mean reward: 4.204370021820068, 	Mean reward done: 1.289412260055542
Step: 5300224	Mean reward: 3.1531450748443604, 	Mean reward done: 0.9501123428344727
Step: 5308416	Mean reward: 3.5038061141967773, 	Mean reward done: 1.1422148942947388
Step: 5316608	Mean reward: 3.3280067443847656, 	Mean reward done: 1.3216146230697632
Step: 5324800	Mean reward: 3.8534064292907715, 	Mean reward done: 1.0966639518737793
Step: 5332992	Mean reward: 3.853473424911499, 	Mean reward done: 1.2512683868408203
Step: 5341184	Mean reward: 3.85305118560791, 	Mean reward done: 1.107960820198059
Step: 5349376	Mean reward: 4.786375045776367, 	Mean reward done: 1.527381420135498
Step: 5357568	Mean reward: 5.36955451965332, 	Mean reward done: 1.424096941947937
Step: 5365760	Mean reward: 4.960787773132324, 	Mean reward done: 1.4386248588562012
Step: 5373952	Mean reward: 4.726351737976074, 	Mean reward done: 1.1809414625167847
Step: 5382144	Mean reward: 3.8506205081939697, 	Mean reward done: 1.4138685464859009
Step: 5390336	Mean reward: 4.958863258361816, 	Mean reward done: 1.5124609470367432
Step: 5398528	Mean reward: 6.590907096862793, 	Mean reward done: 1.5455180406570435
Step: 5406720	Mean reward: 5.597495079040527, 	Mean reward done: 1.492666244506836
Step: 5414912	Mean reward: 4.489249229431152, 	Mean reward done: 1.2496066093444824
Step: 5423104	Mean reward: 4.780017852783203, 	Mean reward done: 1.4018827676773071
Step: 5431296	Mean reward: 4.254790782928467, 	Mean reward done: 1.3603975772857666
Step: 5439488	Mean reward: 5.419741153717041, 	Mean reward done: 1.7465802431106567
Step: 5447680	Mean reward: 5.0106072425842285, 	Mean reward done: 1.4793239831924438
Step: 5455872	Mean reward: 5.3011369705200195, 	Mean reward done: 1.2793022394180298
Step: 5464064	Mean reward: 6.0574846267700195, 	Mean reward done: 1.599115252494812
Step: 5472256	Mean reward: 5.240242004394531, 	Mean reward done: 1.376221776008606
Step: 5480448	Mean reward: 4.773202896118164, 	Mean reward done: 1.5250966548919678
Step: 5488640	Mean reward: 4.074258804321289, 	Mean reward done: 1.4027763605117798
Step: 5496832	Mean reward: 3.4340338706970215, 	Mean reward done: 1.089064121246338
Step: 5505024	Mean reward: 4.597677230834961, 	Mean reward done: 1.4386253356933594
Step: 5513216	Mean reward: 5.120748519897461, 	Mean reward done: 1.3881182670593262
Step: 5521408	Mean reward: 3.4327802658081055, 	Mean reward done: 1.2121367454528809
Step: 5529600	Mean reward: 4.422082424163818, 	Mean reward done: 1.3586249351501465
Step: 5537792	Mean reward: 3.7823028564453125, 	Mean reward done: 1.0697832107543945
Step: 5545984	Mean reward: 4.306058883666992, 	Mean reward done: 1.4795496463775635
Step: 5554176	Mean reward: 4.3058271408081055, 	Mean reward done: 1.3829143047332764
Step: 5562368	Mean reward: 6.050165176391602, 	Mean reward done: 1.7189568281173706
Step: 5570560	Mean reward: 5.117733955383301, 	Mean reward done: 1.4759198427200317
Step: 5578752	Mean reward: 3.1403045654296875, 	Mean reward done: 0.9026750922203064
Step: 5586944	Mean reward: 4.769125938415527, 	Mean reward done: 1.3098465204238892
Step: 5595136	Mean reward: 5.46630334854126, 	Mean reward done: 1.6040396690368652
Step: 5603328	Mean reward: 5.407068252563477, 	Mean reward done: 1.4644532203674316
Step: 5611520	Mean reward: 4.767159938812256, 	Mean reward done: 1.6520413160324097
Step: 5619712	Mean reward: 4.999534606933594, 	Mean reward done: 1.610320806503296
Step: 5627904	Mean reward: 4.998542308807373, 	Mean reward done: 1.53492271900177
Step: 5636096	Mean reward: 4.242559909820557, 	Mean reward done: 1.2475866079330444
Step: 5644288	Mean reward: 4.939230918884277, 	Mean reward done: 1.6101670265197754
Step: 5652480	Mean reward: 4.124571800231934, 	Mean reward done: 1.3371074199676514
Step: 5660672	Mean reward: 7.0268874168396, 	Mean reward done: 1.7581394910812378
Step: 5668864	Mean reward: 4.527860641479492, 	Mean reward done: 1.3262317180633545
Step: 5677056	Mean reward: 3.71492075920105, 	Mean reward done: 1.1321669816970825
Step: 5685248	Mean reward: 4.991950511932373, 	Mean reward done: 1.8381202220916748
Step: 5693440	Mean reward: 4.817366123199463, 	Mean reward done: 1.5874122381210327
Step: 5701632	Mean reward: 4.062326431274414, 	Mean reward done: 1.1958972215652466
Step: 5709824	Mean reward: 3.308168411254883, 	Mean reward done: 1.1820389032363892
Step: 5718016	Mean reward: 3.8308238983154297, 	Mean reward done: 1.4723533391952515
Step: 5726208	Mean reward: 5.1064982414245605, 	Mean reward done: 1.4927175045013428
Step: 5734400	Mean reward: 5.396364688873291, 	Mean reward done: 1.5483098030090332
Step: 5742592	Mean reward: 4.234999656677246, 	Mean reward done: 1.1555088758468628
Step: 5750784	Mean reward: 4.350831031799316, 	Mean reward done: 1.2578754425048828
Step: 5758976	Mean reward: 5.104436874389648, 	Mean reward done: 1.4607704877853394
Step: 5767168	Mean reward: 3.8860249519348145, 	Mean reward done: 1.562010645866394
Step: 5775360	Mean reward: 3.132472515106201, 	Mean reward done: 1.0441582202911377
Step: 5783552	Mean reward: 4.988632678985596, 	Mean reward done: 1.4569650888442993
Step: 5791744	Mean reward: 3.248199224472046, 	Mean reward done: 0.9703155755996704
Step: 5799936	Mean reward: 3.5383408069610596, 	Mean reward done: 1.1504383087158203
Step: 5808128	Mean reward: 3.712218761444092, 	Mean reward done: 1.256874442100525
Step: 5816320	Mean reward: 4.292633056640625, 	Mean reward done: 1.2539498805999756
Step: 5824512	Mean reward: 3.885763645172119, 	Mean reward done: 1.0951679944992065
Step: 5832704	Mean reward: 2.89994478225708, 	Mean reward done: 0.8351885676383972
Step: 5840896	Mean reward: 4.58203125, 	Mean reward done: 1.3143566846847534
Step: 5849088	Mean reward: 4.118432521820068, 	Mean reward done: 1.3486342430114746
Step: 5857280	Mean reward: 4.002485752105713, 	Mean reward done: 1.1682902574539185
Step: 5865472	Mean reward: 4.640131950378418, 	Mean reward done: 1.4510143995285034
Step: 5873664	Mean reward: 3.1317965984344482, 	Mean reward done: 1.157440423965454
Step: 5881856	Mean reward: 4.58201789855957, 	Mean reward done: 1.3642957210540771
Step: 5890048	Mean reward: 4.581508159637451, 	Mean reward done: 1.7514352798461914
Step: 5898240	Mean reward: 3.13141131401062, 	Mean reward done: 1.0438040494918823
Step: 5906432	Mean reward: 3.6534080505371094, 	Mean reward done: 1.1567752361297607
Step: 5914624	Mean reward: 4.4080610275268555, 	Mean reward done: 1.2769830226898193
Step: 5922816	Mean reward: 4.9868388175964355, 	Mean reward done: 1.4767494201660156
Step: 5931008	Mean reward: 5.506682395935059, 	Mean reward done: 1.615096926689148
Step: 5939200	Mean reward: 4.635673999786377, 	Mean reward done: 1.4558993577957153
Step: 5947392	Mean reward: 4.345296859741211, 	Mean reward done: 1.4938328266143799
Step: 5955584	Mean reward: 4.459822177886963, 	Mean reward done: 1.5046833753585815
Step: 5963776	Mean reward: 3.764151096343994, 	Mean reward done: 1.2064656019210815
Step: 5971968	Mean reward: 4.747082233428955, 	Mean reward done: 1.8322808742523193
Step: 5980160	Mean reward: 4.224789619445801, 	Mean reward done: 1.2757079601287842
Step: 5988352	Mean reward: 3.9930076599121094, 	Mean reward done: 1.0893274545669556
Step: 5996544	Mean reward: 3.819413661956787, 	Mean reward done: 1.4612069129943848
Step: 6004736	Mean reward: 3.5883548259735107, 	Mean reward done: 1.098002314567566
Step: 6012928	Mean reward: 4.166649341583252, 	Mean reward done: 1.3202695846557617
Step: 6021120	Mean reward: 4.107555389404297, 	Mean reward done: 1.5517246723175049
Step: 6029312	Mean reward: 4.049598217010498, 	Mean reward done: 1.3333359956741333
Step: 6037504	Mean reward: 3.702359199523926, 	Mean reward done: 1.0043752193450928
Step: 6045696	Mean reward: 4.2811503410339355, 	Mean reward done: 1.2888882160186768
Step: 6053888	Mean reward: 4.685024261474609, 	Mean reward done: 1.6783515214920044
Step: 6062080	Mean reward: 4.452854156494141, 	Mean reward done: 1.5488752126693726
Step: 6070272	Mean reward: 3.6430811882019043, 	Mean reward done: 1.3147377967834473
Step: 6078464	Mean reward: 4.22105598449707, 	Mean reward done: 1.3010038137435913
Step: 6086656	Mean reward: 3.7001328468322754, 	Mean reward done: 1.256501317024231
Step: 6094848	Mean reward: 3.584883689880371, 	Mean reward done: 1.0994218587875366
Step: 6103040	Mean reward: 5.203422546386719, 	Mean reward done: 1.5892822742462158
Step: 6111232	Mean reward: 4.045931339263916, 	Mean reward done: 1.2982763051986694
Step: 6119424	Mean reward: 3.467967987060547, 	Mean reward done: 1.0962574481964111
Step: 6127616	Mean reward: 4.335345268249512, 	Mean reward done: 1.3439534902572632
Step: 6135808	Mean reward: 4.85419225692749, 	Mean reward done: 1.5602402687072754
Step: 6144000	Mean reward: 4.1597676277160645, 	Mean reward done: 1.1688599586486816
Step: 6152192	Mean reward: 3.8130507469177246, 	Mean reward done: 1.2549244165420532
Step: 6160384	Mean reward: 4.217011451721191, 	Mean reward done: 1.4037501811981201
Step: 6168576	Mean reward: 4.6214280128479, 	Mean reward done: 1.316143274307251
Step: 6176768	Mean reward: 3.8125882148742676, 	Mean reward done: 1.4229793548583984
Step: 6184960	Mean reward: 4.159194469451904, 	Mean reward done: 1.2949351072311401
Step: 6193152	Mean reward: 2.541996717453003, 	Mean reward done: 0.9814406633377075
Step: 6201344	Mean reward: 4.506144046783447, 	Mean reward done: 1.3407458066940308
Step: 6209536	Mean reward: 4.852532863616943, 	Mean reward done: 1.453842282295227
Step: 6217728	Mean reward: 4.620891094207764, 	Mean reward done: 1.210418939590454
Step: 6225920	Mean reward: 3.4079043865203857, 	Mean reward done: 0.9784083366394043
Step: 6234112	Mean reward: 4.505530834197998, 	Mean reward done: 1.3919545412063599
Step: 6242304	Mean reward: 5.890541076660156, 	Mean reward done: 1.7161568403244019
Step: 6250496	Mean reward: 4.79237699508667, 	Mean reward done: 1.5380706787109375
Step: 6258688	Mean reward: 4.618476390838623, 	Mean reward done: 1.5471948385238647
Step: 6266880	Mean reward: 4.61806583404541, 	Mean reward done: 1.3459672927856445
Step: 6275072	Mean reward: 5.309596061706543, 	Mean reward done: 1.5757088661193848
Step: 6283264	Mean reward: 3.6356194019317627, 	Mean reward done: 1.1431711912155151
Step: 6291456	Mean reward: 5.135914325714111, 	Mean reward done: 1.6257009506225586
Step: 6299648	Mean reward: 4.673600673675537, 	Mean reward done: 1.5569067001342773
Step: 6307840	Mean reward: 3.63497257232666, 	Mean reward done: 1.0241397619247437
Step: 6316032	Mean reward: 3.69256329536438, 	Mean reward done: 1.3022910356521606
Step: 6324224	Mean reward: 5.595831394195557, 	Mean reward done: 1.8614343404769897
Step: 6332416	Mean reward: 5.47905158996582, 	Mean reward done: 1.5341343879699707
Step: 6340608	Mean reward: 4.324725151062012, 	Mean reward done: 1.601393222808838
Step: 6348800	Mean reward: 3.74808406829834, 	Mean reward done: 1.109179139137268
Step: 6356992	Mean reward: 4.901040077209473, 	Mean reward done: 1.5404620170593262
Step: 6365184	Mean reward: 3.8626391887664795, 	Mean reward done: 1.2517213821411133
Step: 6373376	Mean reward: 4.553986072540283, 	Mean reward done: 1.4507501125335693
Step: 6381568	Mean reward: 5.591226100921631, 	Mean reward done: 1.3555361032485962
Step: 6389760	Mean reward: 5.072030544281006, 	Mean reward done: 1.3735538721084595
Step: 6397952	Mean reward: 4.783489227294922, 	Mean reward done: 1.4775781631469727
Step: 6406144	Mean reward: 4.3214030265808105, 	Mean reward done: 1.2042304277420044
Step: 6414336	Mean reward: 3.687027931213379, 	Mean reward done: 1.2134032249450684
Step: 6422528	Mean reward: 4.666119575500488, 	Mean reward done: 1.4459172487258911
Step: 6430720	Mean reward: 5.068729877471924, 	Mean reward done: 1.709053874015808
Step: 6438912	Mean reward: 4.376913547515869, 	Mean reward done: 1.4109792709350586
Step: 6447104	Mean reward: 4.3195414543151855, 	Mean reward done: 1.2684333324432373
Step: 6455296	Mean reward: 4.435007095336914, 	Mean reward done: 1.2719444036483765
Step: 6463488	Mean reward: 3.1101574897766113, 	Mean reward done: 1.2738299369812012
Step: 6471680	Mean reward: 3.628403663635254, 	Mean reward done: 1.0846810340881348
Step: 6479872	Mean reward: 3.7435615062713623, 	Mean reward done: 1.158031702041626
Step: 6488064	Mean reward: 3.686082363128662, 	Mean reward done: 1.1686326265335083
Step: 6496256	Mean reward: 3.052488088607788, 	Mean reward done: 1.1230878829956055
Step: 6504448	Mean reward: 4.8953704833984375, 	Mean reward done: 1.5241528749465942
Step: 6512640	Mean reward: 4.146323204040527, 	Mean reward done: 1.4606807231903076
Step: 6520832	Mean reward: 3.4549214839935303, 	Mean reward done: 1.2024983167648315
Step: 6529024	Mean reward: 4.261014461517334, 	Mean reward done: 1.2197612524032593
Step: 6537216	Mean reward: 4.779013156890869, 	Mean reward done: 1.2024306058883667
Step: 6545408	Mean reward: 3.8573551177978516, 	Mean reward done: 1.2522000074386597
Step: 6553600	Mean reward: 4.721080780029297, 	Mean reward done: 1.4623874425888062
Step: 6561792	Mean reward: 3.2242343425750732, 	Mean reward done: 1.0915381908416748
Step: 6569984	Mean reward: 5.067065238952637, 	Mean reward done: 1.4327901601791382
Step: 6578176	Mean reward: 5.757850646972656, 	Mean reward done: 1.7226951122283936
Step: 6586368	Mean reward: 4.145257949829102, 	Mean reward done: 1.273323893547058
Step: 6594560	Mean reward: 5.181635856628418, 	Mean reward done: 1.502673864364624
Step: 6602752	Mean reward: 4.547757625579834, 	Mean reward done: 1.129675269126892
Step: 6610944	Mean reward: 5.007225036621094, 	Mean reward done: 1.5007376670837402
Step: 6619136	Mean reward: 4.603033542633057, 	Mean reward done: 1.2480307817459106
Step: 6627328	Mean reward: 5.005460739135742, 	Mean reward done: 1.5793123245239258
Step: 6635520	Mean reward: 5.234917640686035, 	Mean reward done: 1.5613741874694824
Step: 6643712	Mean reward: 4.2569451332092285, 	Mean reward done: 1.3062583208084106
Step: 6651904	Mean reward: 4.198983669281006, 	Mean reward done: 1.2021806240081787
Step: 6660096	Mean reward: 4.083709716796875, 	Mean reward done: 1.3293274641036987
Step: 6668288	Mean reward: 4.083768367767334, 	Mean reward done: 1.514643907546997
Step: 6676480	Mean reward: 3.6806812286376953, 	Mean reward done: 1.0221823453903198
Step: 6684672	Mean reward: 5.28980827331543, 	Mean reward done: 1.814097285270691
Step: 6692864	Mean reward: 4.311100959777832, 	Mean reward done: 1.5912952423095703
Step: 6701056	Mean reward: 3.6787381172180176, 	Mean reward done: 1.1817699670791626
Step: 6709248	Mean reward: 5.230566024780273, 	Mean reward done: 1.6525095701217651
Step: 6717440	Mean reward: 4.194590091705322, 	Mean reward done: 1.281358003616333
Step: 6725632	Mean reward: 3.9647490978240967, 	Mean reward done: 1.2020076513290405
Step: 6733824	Mean reward: 4.654543876647949, 	Mean reward done: 1.2693963050842285
Step: 6742016	Mean reward: 5.976118564605713, 	Mean reward done: 1.8752001523971558
Step: 6750208	Mean reward: 4.136421203613281, 	Mean reward done: 1.3718422651290894
Step: 6758400	Mean reward: 5.917038917541504, 	Mean reward done: 1.4618345499038696
Step: 6766592	Mean reward: 4.365352630615234, 	Mean reward done: 1.3488560914993286
Step: 6774784	Mean reward: 3.618645668029785, 	Mean reward done: 1.1132136583328247
Step: 6782976	Mean reward: 4.3650922775268555, 	Mean reward done: 1.3966350555419922
Step: 6791168	Mean reward: 4.192302227020264, 	Mean reward done: 1.1677238941192627
Step: 6799360	Mean reward: 4.7086358070373535, 	Mean reward done: 1.384835124015808
Step: 6807552	Mean reward: 3.387998342514038, 	Mean reward done: 1.066303014755249
Step: 6815744	Mean reward: 4.249782085418701, 	Mean reward done: 1.2888810634613037
Step: 6823936	Mean reward: 4.0777082443237305, 	Mean reward done: 1.2297389507293701
Step: 6832128	Mean reward: 4.766944885253906, 	Mean reward done: 1.5311377048492432
Step: 6840320	Mean reward: 3.7898452281951904, 	Mean reward done: 1.1483205556869507
Step: 6848512	Mean reward: 3.273235321044922, 	Mean reward done: 0.8471595048904419
Step: 6856704	Mean reward: 4.536622047424316, 	Mean reward done: 1.1941348314285278
Step: 6864896	Mean reward: 2.928673505783081, 	Mean reward done: 1.0727510452270508
Step: 6873088	Mean reward: 4.077332973480225, 	Mean reward done: 1.159070611000061
Step: 6881280	Mean reward: 3.790599822998047, 	Mean reward done: 0.9907214045524597
Step: 6889472	Mean reward: 3.216686725616455, 	Mean reward done: 0.9407945275306702
Step: 6897664	Mean reward: 4.882307529449463, 	Mean reward done: 1.3747113943099976
Step: 6905856	Mean reward: 5.799569606781006, 	Mean reward done: 2.0356011390686035
Step: 6914048	Mean reward: 3.617182731628418, 	Mean reward done: 1.3770197629928589
Step: 6922240	Mean reward: 3.3877761363983154, 	Mean reward done: 1.0507786273956299
Step: 6930432	Mean reward: 4.191235065460205, 	Mean reward done: 1.4593690633773804
Step: 6938624	Mean reward: 3.8466897010803223, 	Mean reward done: 1.4295870065689087
Step: 6946816	Mean reward: 3.157853364944458, 	Mean reward done: 0.993286669254303
Step: 6955008	Mean reward: 4.420614719390869, 	Mean reward done: 1.5673185586929321
Step: 6963200	Mean reward: 6.773881912231445, 	Mean reward done: 2.3096272945404053
Step: 6971392	Mean reward: 4.075441360473633, 	Mean reward done: 1.413967251777649
Step: 6979584	Mean reward: 3.2147884368896484, 	Mean reward done: 0.9787871241569519
Step: 6987776	Mean reward: 4.5353899002075195, 	Mean reward done: 1.2605583667755127
Step: 6995968	Mean reward: 5.3385910987854, 	Mean reward done: 1.7526094913482666
Step: 7004160	Mean reward: 4.993069648742676, 	Mean reward done: 1.3869717121124268
Step: 7012352	Mean reward: 3.5008230209350586, 	Mean reward done: 1.0741610527038574
Step: 7020544	Mean reward: 5.681361675262451, 	Mean reward done: 1.5937365293502808
Step: 7028736	Mean reward: 2.869029998779297, 	Mean reward done: 0.9973331689834595
Step: 7036928	Mean reward: 3.5003108978271484, 	Mean reward done: 1.0118391513824463
Step: 7045120	Mean reward: 3.5577173233032227, 	Mean reward done: 1.0771976709365845
Step: 7053312	Mean reward: 4.532984256744385, 	Mean reward done: 1.391455054283142
Step: 7061504	Mean reward: 4.188419342041016, 	Mean reward done: 1.2035292387008667
Step: 7069696	Mean reward: 4.8193840980529785, 	Mean reward done: 1.477367877960205
Step: 7077888	Mean reward: 5.048267364501953, 	Mean reward done: 1.4379948377609253
Step: 7086080	Mean reward: 4.87497615814209, 	Mean reward done: 1.626498818397522
Step: 7094272	Mean reward: 3.268929958343506, 	Mean reward done: 0.9550089836120605
Step: 7102464	Mean reward: 4.645711898803711, 	Mean reward done: 1.2375359535217285
Step: 7110656	Mean reward: 3.613309860229492, 	Mean reward done: 1.2000621557235718
Step: 7118848	Mean reward: 4.931463241577148, 	Mean reward done: 1.6242609024047852
Step: 7127040	Mean reward: 4.070286273956299, 	Mean reward done: 1.5183745622634888
Step: 7135232	Mean reward: 3.496875047683716, 	Mean reward done: 1.1369620561599731
Step: 7143424	Mean reward: 4.586119651794434, 	Mean reward done: 1.3032230138778687
Step: 7151616	Mean reward: 3.7832722663879395, 	Mean reward done: 1.1206496953964233
Step: 7159808	Mean reward: 3.955662965774536, 	Mean reward done: 1.1408344507217407
Step: 7168000	Mean reward: 2.924051284790039, 	Mean reward done: 0.9957073330879211
Step: 7176192	Mean reward: 4.357251167297363, 	Mean reward done: 1.4131133556365967
Step: 7184384	Mean reward: 4.242010116577148, 	Mean reward done: 1.2349374294281006
Step: 7192576	Mean reward: 4.2989115715026855, 	Mean reward done: 1.3775619268417358
Step: 7200768	Mean reward: 5.616569995880127, 	Mean reward done: 1.6926158666610718
Step: 7208960	Mean reward: 4.698270320892334, 	Mean reward done: 1.2657465934753418
Step: 7217152	Mean reward: 3.9531025886535645, 	Mean reward done: 1.2661417722702026
Step: 7225344	Mean reward: 4.1817498207092285, 	Mean reward done: 1.4273488521575928
Step: 7233536	Mean reward: 4.066793918609619, 	Mean reward done: 1.2544070482254028
Step: 7241728	Mean reward: 4.925158977508545, 	Mean reward done: 1.3992875814437866
Step: 7249920	Mean reward: 4.638009548187256, 	Mean reward done: 1.3066073656082153
Step: 7258112	Mean reward: 3.6644091606140137, 	Mean reward done: 1.272867202758789
Step: 7266304	Mean reward: 4.867010593414307, 	Mean reward done: 1.3703980445861816
Step: 7274496	Mean reward: 3.950545072555542, 	Mean reward done: 1.5181958675384521
Step: 7282688	Mean reward: 3.7784929275512695, 	Mean reward done: 1.4846863746643066
Step: 7290880	Mean reward: 4.293144702911377, 	Mean reward done: 1.6046950817108154
Step: 7299072	Mean reward: 3.4910874366760254, 	Mean reward done: 1.274214506149292
Step: 7307264	Mean reward: 3.7764461040496826, 	Mean reward done: 1.5080183744430542
Step: 7315456	Mean reward: 4.404704570770264, 	Mean reward done: 1.430102825164795
Step: 7323648	Mean reward: 4.403714656829834, 	Mean reward done: 1.230087399482727
Step: 7331840	Mean reward: 4.860661029815674, 	Mean reward done: 1.3736472129821777
Step: 7340032	Mean reward: 4.688841342926025, 	Mean reward done: 1.4465558528900146
Step: 7348224	Mean reward: 5.660083770751953, 	Mean reward done: 1.7704379558563232
Step: 7356416	Mean reward: 5.202350616455078, 	Mean reward done: 1.4823023080825806
Step: 7364608	Mean reward: 3.9441301822662354, 	Mean reward done: 1.1851444244384766
Step: 7372800	Mean reward: 4.286787033081055, 	Mean reward done: 1.116468906402588
Step: 7380992	Mean reward: 4.571590423583984, 	Mean reward done: 1.4819657802581787
Step: 7389184	Mean reward: 3.9993770122528076, 	Mean reward done: 1.3502683639526367
Step: 7397376	Mean reward: 3.48521089553833, 	Mean reward done: 0.9066050052642822
Step: 7405568	Mean reward: 4.628049850463867, 	Mean reward done: 1.4103169441223145
Step: 7413760	Mean reward: 3.999596118927002, 	Mean reward done: 1.2198724746704102
Step: 7421952	Mean reward: 3.2568418979644775, 	Mean reward done: 1.044659972190857
Step: 7430144	Mean reward: 4.456660270690918, 	Mean reward done: 1.2779579162597656
Step: 7438336	Mean reward: 4.456359386444092, 	Mean reward done: 1.1664634943008423
Step: 7446528	Mean reward: 4.798430442810059, 	Mean reward done: 1.8270301818847656
Step: 7454720	Mean reward: 3.1418724060058594, 	Mean reward done: 1.1015568971633911
Step: 7462912	Mean reward: 5.369604110717773, 	Mean reward done: 1.6869136095046997
Step: 7471104	Mean reward: 4.283310413360596, 	Mean reward done: 1.381676435470581
Step: 7479296	Mean reward: 4.625906944274902, 	Mean reward done: 1.3318852186203003
Step: 7487488	Mean reward: 4.225616455078125, 	Mean reward done: 1.512964129447937
Step: 7495680	Mean reward: 4.7962470054626465, 	Mean reward done: 1.4621893167495728
Step: 7503872	Mean reward: 4.967243194580078, 	Mean reward done: 1.3431496620178223
Step: 7512064	Mean reward: 5.536806583404541, 	Mean reward done: 1.815183162689209
Step: 7520256	Mean reward: 4.223911285400391, 	Mean reward done: 1.480135440826416
Step: 7528448	Mean reward: 4.566277980804443, 	Mean reward done: 1.3480044603347778
Step: 7536640	Mean reward: 4.8511528968811035, 	Mean reward done: 1.6180046796798706
Step: 7544832	Mean reward: 4.679349899291992, 	Mean reward done: 1.595660924911499
Step: 7553024	Mean reward: 3.9372057914733887, 	Mean reward done: 1.3009918928146362
Step: 7561216	Mean reward: 5.249295234680176, 	Mean reward done: 1.5665056705474854
Step: 7569408	Mean reward: 4.450179576873779, 	Mean reward done: 1.3288090229034424
Step: 7577600	Mean reward: 3.252049684524536, 	Mean reward done: 0.9813224673271179
Step: 7585792	Mean reward: 5.020718574523926, 	Mean reward done: 1.5870542526245117
Step: 7593984	Mean reward: 3.479717254638672, 	Mean reward done: 1.0321884155273438
Step: 7602176	Mean reward: 2.4530720710754395, 	Mean reward done: 1.1485673189163208
Step: 7610368	Mean reward: 3.87995982170105, 	Mean reward done: 1.133559226989746
Step: 7618560	Mean reward: 4.1079912185668945, 	Mean reward done: 1.1520451307296753
Step: 7626752	Mean reward: 5.305703639984131, 	Mean reward done: 1.3243951797485352
Step: 7634944	Mean reward: 3.4798333644866943, 	Mean reward done: 1.2474136352539062
Step: 7643136	Mean reward: 3.4227187633514404, 	Mean reward done: 0.9438269138336182
Step: 7651328	Mean reward: 3.8795127868652344, 	Mean reward done: 1.2161484956741333
Step: 7659520	Mean reward: 3.7086894512176514, 	Mean reward done: 1.0782381296157837
Step: 7667712	Mean reward: 4.279148578643799, 	Mean reward done: 1.0558644533157349
Step: 7675904	Mean reward: 4.221853733062744, 	Mean reward done: 1.6905133724212646
Step: 7684096	Mean reward: 3.7652838230133057, 	Mean reward done: 1.336866021156311
Step: 7692288	Mean reward: 4.278812408447266, 	Mean reward done: 1.4785666465759277
Step: 7700480	Mean reward: 5.362183094024658, 	Mean reward done: 1.3857046365737915
Step: 7708672	Mean reward: 5.589371681213379, 	Mean reward done: 1.7984877824783325
Step: 7716864	Mean reward: 4.505562782287598, 	Mean reward done: 1.4046294689178467
Step: 7725056	Mean reward: 3.136756420135498, 	Mean reward done: 0.8744898438453674
Step: 7733248	Mean reward: 3.764611005783081, 	Mean reward done: 1.3323451280593872
Step: 7741440	Mean reward: 4.335184097290039, 	Mean reward done: 1.259672999382019
Step: 7749632	Mean reward: 3.82171368598938, 	Mean reward done: 1.1761122941970825
Step: 7757824	Mean reward: 4.163865566253662, 	Mean reward done: 1.622771978378296
Step: 7766016	Mean reward: 4.90512752532959, 	Mean reward done: 1.5061756372451782
Step: 7774208	Mean reward: 3.9922423362731934, 	Mean reward done: 1.2784665822982788
Step: 7782400	Mean reward: 4.448611259460449, 	Mean reward done: 1.5007954835891724
Step: 7790592	Mean reward: 5.246749401092529, 	Mean reward done: 1.4509352445602417
Step: 7798784	Mean reward: 4.9039835929870605, 	Mean reward done: 1.6983428001403809
Step: 7806976	Mean reward: 2.907877206802368, 	Mean reward done: 0.8410035371780396
Step: 7815168	Mean reward: 2.394977331161499, 	Mean reward done: 0.8125839233398438
Step: 7823360	Mean reward: 4.676177501678467, 	Mean reward done: 1.4009565114974976
Step: 7831552	Mean reward: 4.333561897277832, 	Mean reward done: 1.5224517583847046
Step: 7839744	Mean reward: 4.10555362701416, 	Mean reward done: 1.188423991203308
Step: 7847936	Mean reward: 4.333378314971924, 	Mean reward done: 1.1531256437301636
Step: 7856128	Mean reward: 4.617789268493652, 	Mean reward done: 1.3392764329910278
Step: 7864320	Mean reward: 4.332004547119141, 	Mean reward done: 1.4421041011810303
Step: 7872512	Mean reward: 4.161206245422363, 	Mean reward done: 1.1072121858596802
Step: 7880704	Mean reward: 3.8194775581359863, 	Mean reward done: 1.042345643043518
Step: 7888896	Mean reward: 3.9907002449035645, 	Mean reward done: 1.2238154411315918
Step: 7897088	Mean reward: 5.4720048904418945, 	Mean reward done: 1.9133177995681763
Step: 7905280	Mean reward: 5.470860481262207, 	Mean reward done: 1.4556398391723633
Step: 7913472	Mean reward: 4.216756343841553, 	Mean reward done: 1.348606824874878
Step: 7921664	Mean reward: 4.444714546203613, 	Mean reward done: 1.4211946725845337
Step: 7929856	Mean reward: 3.988994598388672, 	Mean reward done: 1.0507068634033203
Step: 7938048	Mean reward: 4.216590404510498, 	Mean reward done: 1.246394395828247
Step: 7946240	Mean reward: 5.014030456542969, 	Mean reward done: 1.15115225315094
Step: 7954432	Mean reward: 4.329797267913818, 	Mean reward done: 1.3337986469268799
Step: 7962624	Mean reward: 3.760064125061035, 	Mean reward done: 1.0767451524734497
Step: 7970816	Mean reward: 3.988152027130127, 	Mean reward done: 1.227781057357788
Step: 7979008	Mean reward: 3.589313507080078, 	Mean reward done: 1.0936799049377441
Step: 7987200	Mean reward: 4.1022820472717285, 	Mean reward done: 1.3123488426208496
Step: 7995392	Mean reward: 4.273317337036133, 	Mean reward done: 1.2430588006973267
Step: 8003584	Mean reward: 5.184999465942383, 	Mean reward done: 1.5146656036376953
Completed training of sd_i_rc_db!

------------------------------------------------------------
Sender: LSF System <lsfadmin@n-62-20-7>
Subject: Job 8466612: <sd_i_rc_db> in cluster <dcc> Done

Job <sd_i_rc_db> was submitted from host <n-62-27-19> by user <s192288> in cluster <dcc> at Wed Dec  2 16:50:31 2020
Job was executed on host(s) <n-62-20-7>, in queue <gpuv100>, as user <s192288> in cluster <dcc> at Thu Dec  3 03:27:19 2020
</zhome/09/9/144141> was used as the home directory.
</zhome/09/9/144141/Desktop/Deep_l_hpc> was used as the working directory.
Started at Thu Dec  3 03:27:19 2020
Terminated at Thu Dec  3 07:37:15 2020
Results reported at Thu Dec  3 07:37:15 2020

Your job looked like:

------------------------------------------------------------
# LSBATCH: User input
#!/bin/sh

#BSUB -J sd_i_rc_db

#BSUB -q gpuv100

#BSUB -gpu "num=1"

#BSUB -n 1

#BSUB -W 23:45

#BSUB -R "rusage[mem=16GB]"

#BSUB -o sd_i_rc_db.out

#BSUB -e sd_i_rc_db.err

# Load modules

module load python3/3.8.2
module load cuda/8.0
module load cudnn/v7.0-prod-cuda8
module load ffmpeg/4.2.2
pip3 install --user torch matplotlib procgen gym 

# 1 = model_name, 2 = encoder_index, 3 = aug_index, 4 = mix_reg, 5 = game
#the name of the run
#encoder_index 0 = Impala, 1 = Nature  
#aug_index: 0 = None, 1 = grayscale, 2 = random_cutout, 3 = color_jitter
#mixreg: 0 = False, 1 = True 
#type of game

python3 train_ppo.py sd_i_rc_db 0 2 0 dodgeball



------------------------------------------------------------

Successfully completed.

Resource usage summary:

    CPU time :                                   15034.20 sec.
    Max Memory :                                 9067 MB
    Average Memory :                             8986.84 MB
    Total Requested Memory :                     16384.00 MB
    Delta Memory :                               7317.00 MB
    Max Swap :                                   -
    Max Processes :                              4
    Max Threads :                                13
    Run time :                                   14996 sec.
    Turnaround time :                            53204 sec.

The output (if any) is above this job summary.



PS:

Read file <sd_i_rc_db.err> for stderr output of this job.

