Requirement already satisfied: torch in /zhome/09/9/144141/.local/lib/python3.8/site-packages (1.7.0)
Requirement already satisfied: matplotlib in /zhome/09/9/144141/.local/lib/python3.8/site-packages (3.3.3)
Requirement already satisfied: procgen in /zhome/09/9/144141/.local/lib/python3.8/site-packages (0.10.4)
Requirement already satisfied: gym in /zhome/09/9/144141/.local/lib/python3.8/site-packages (0.17.3)
Requirement already satisfied: dataclasses in /zhome/09/9/144141/.local/lib/python3.8/site-packages (from torch) (0.6)
Requirement already satisfied: future in /zhome/09/9/144141/.local/lib/python3.8/site-packages (from torch) (0.18.2)
Requirement already satisfied: numpy in /zhome/09/9/144141/.local/lib/python3.8/site-packages (from torch) (1.19.4)
Requirement already satisfied: typing-extensions in /zhome/09/9/144141/.local/lib/python3.8/site-packages (from torch) (3.7.4.3)
Requirement already satisfied: python-dateutil>=2.1 in /zhome/09/9/144141/.local/lib/python3.8/site-packages (from matplotlib) (2.8.1)
Requirement already satisfied: cycler>=0.10 in /zhome/09/9/144141/.local/lib/python3.8/site-packages (from matplotlib) (0.10.0)
Requirement already satisfied: pillow>=6.2.0 in /zhome/09/9/144141/.local/lib/python3.8/site-packages (from matplotlib) (8.0.1)
Requirement already satisfied: kiwisolver>=1.0.1 in /zhome/09/9/144141/.local/lib/python3.8/site-packages (from matplotlib) (1.3.1)
Requirement already satisfied: pyparsing!=2.0.4,!=2.1.2,!=2.1.6,>=2.0.3 in /zhome/09/9/144141/.local/lib/python3.8/site-packages (from matplotlib) (2.4.7)
Requirement already satisfied: gym3<1.0.0,>=0.3.3 in /zhome/09/9/144141/.local/lib/python3.8/site-packages (from procgen) (0.3.3)
Requirement already satisfied: filelock<4.0.0,>=3.0.0 in /zhome/09/9/144141/.local/lib/python3.8/site-packages (from procgen) (3.0.12)
Requirement already satisfied: scipy in /zhome/09/9/144141/.local/lib/python3.8/site-packages (from gym) (1.5.4)
Requirement already satisfied: pyglet<=1.5.0,>=1.4.0 in /zhome/09/9/144141/.local/lib/python3.8/site-packages (from gym) (1.5.0)
Requirement already satisfied: cloudpickle<1.7.0,>=1.2.0 in /zhome/09/9/144141/.local/lib/python3.8/site-packages (from gym) (1.6.0)
Requirement already satisfied: six>=1.5 in /zhome/09/9/144141/.local/lib/python3.8/site-packages (from python-dateutil>=2.1->matplotlib) (1.15.0)
Requirement already satisfied: moderngl<6.0.0,>=5.5.4 in /zhome/09/9/144141/.local/lib/python3.8/site-packages (from gym3<1.0.0,>=0.3.3->procgen) (5.6.2)
Requirement already satisfied: glfw<2.0.0,>=1.8.6 in /zhome/09/9/144141/.local/lib/python3.8/site-packages (from gym3<1.0.0,>=0.3.3->procgen) (1.12.0)
Requirement already satisfied: imageio<3.0.0,>=2.6.0 in /zhome/09/9/144141/.local/lib/python3.8/site-packages (from gym3<1.0.0,>=0.3.3->procgen) (2.9.0)
Requirement already satisfied: cffi<2.0.0,>=1.13.0 in /zhome/09/9/144141/.local/lib/python3.8/site-packages (from gym3<1.0.0,>=0.3.3->procgen) (1.14.4)
Requirement already satisfied: imageio-ffmpeg<0.4.0,>=0.3.0 in /zhome/09/9/144141/.local/lib/python3.8/site-packages (from gym3<1.0.0,>=0.3.3->procgen) (0.3.0)
Requirement already satisfied: glcontext<3,>=2 in /zhome/09/9/144141/.local/lib/python3.8/site-packages (from moderngl<6.0.0,>=5.5.4->gym3<1.0.0,>=0.3.3->procgen) (2.2.0)
Requirement already satisfied: pycparser in /zhome/09/9/144141/.local/lib/python3.8/site-packages (from cffi<2.0.0,>=1.13.0->gym3<1.0.0,>=0.3.3->procgen) (2.20)
Run name sd_n_na_db
Encoder used Nature
Augumentation used none
Mixreg? False
Game dodgeball
Observation space: Box(0.0, 1.0, (3, 64, 64), float32)
Action space: 15
Embrace Nature!
Step: 8192	Mean reward: 5.641833782196045, 	Mean reward done: 1.5912986993789673
Estimated time of completion: 4.05978404968563 hours
Step: 16384	Mean reward: 3.080838680267334, 	Mean reward done: 0.7997640371322632
Step: 24576	Mean reward: 3.3222155570983887, 	Mean reward done: 0.8258770704269409
Step: 32768	Mean reward: 3.171546220779419, 	Mean reward done: 0.8212708234786987
Step: 40960	Mean reward: 3.5566723346710205, 	Mean reward done: 1.029353141784668
Step: 49152	Mean reward: 3.357300281524658, 	Mean reward done: 1.0153429508209229
Step: 57344	Mean reward: 4.213134765625, 	Mean reward done: 1.3051587343215942
Step: 65536	Mean reward: 4.811954498291016, 	Mean reward done: 1.6053681373596191
Step: 73728	Mean reward: 3.978968858718872, 	Mean reward done: 1.5176656246185303
Step: 81920	Mean reward: 3.669445753097534, 	Mean reward done: 1.0548980236053467
Step: 90112	Mean reward: 4.138383865356445, 	Mean reward done: 1.5162969827651978
Step: 98304	Mean reward: 3.974557399749756, 	Mean reward done: 1.1772031784057617
Step: 106496	Mean reward: 3.535153865814209, 	Mean reward done: 1.0078352689743042
Step: 114688	Mean reward: 5.005953788757324, 	Mean reward done: 1.6607531309127808
Step: 122880	Mean reward: 3.6643214225769043, 	Mean reward done: 1.0975044965744019
Step: 131072	Mean reward: 4.016287803649902, 	Mean reward done: 0.9949119091033936
Step: 139264	Mean reward: 4.848706245422363, 	Mean reward done: 1.1241949796676636
Step: 147456	Mean reward: 4.481093406677246, 	Mean reward done: 1.4437015056610107
Step: 155648	Mean reward: 2.2718794345855713, 	Mean reward done: 0.6662575006484985
Step: 163840	Mean reward: 3.968984842300415, 	Mean reward done: 1.20455002784729
Step: 172032	Mean reward: 2.957092523574829, 	Mean reward done: 1.1406327486038208
Step: 180224	Mean reward: 3.853001117706299, 	Mean reward done: 1.0298361778259277
Step: 188416	Mean reward: 4.733918190002441, 	Mean reward done: 1.2847152948379517
Step: 196608	Mean reward: 4.153192520141602, 	Mean reward done: 1.5409111976623535
Step: 204800	Mean reward: 4.356496334075928, 	Mean reward done: 1.1987237930297852
Step: 212992	Mean reward: 4.147729396820068, 	Mean reward done: 1.0821868181228638
Step: 221184	Mean reward: 5.477344036102295, 	Mean reward done: 1.6247502565383911
Step: 229376	Mean reward: 4.023453712463379, 	Mean reward done: 1.0352507829666138
Step: 237568	Mean reward: 3.963412046432495, 	Mean reward done: 1.2310817241668701
Step: 245760	Mean reward: 4.59268856048584, 	Mean reward done: 1.6187480688095093
Step: 253952	Mean reward: 4.188727378845215, 	Mean reward done: 1.5841779708862305
Step: 262144	Mean reward: 3.5757837295532227, 	Mean reward done: 1.0744295120239258
Step: 270336	Mean reward: 3.0415778160095215, 	Mean reward done: 0.8564306497573853
Step: 278528	Mean reward: 4.932990074157715, 	Mean reward done: 1.4559094905853271
Step: 286720	Mean reward: 4.077481269836426, 	Mean reward done: 1.1031990051269531
Step: 294912	Mean reward: 2.9588305950164795, 	Mean reward done: 1.2131050825119019
Step: 303104	Mean reward: 3.274346113204956, 	Mean reward done: 1.0493268966674805
Step: 311296	Mean reward: 2.8289568424224854, 	Mean reward done: 1.1143829822540283
Step: 319488	Mean reward: 4.085066318511963, 	Mean reward done: 1.0211772918701172
Step: 327680	Mean reward: 3.651702404022217, 	Mean reward done: 1.0211114883422852
Step: 335872	Mean reward: 4.124306678771973, 	Mean reward done: 1.2421579360961914
Step: 344064	Mean reward: 3.595109462738037, 	Mean reward done: 1.0519335269927979
Step: 352256	Mean reward: 4.515321254730225, 	Mean reward done: 1.2068380117416382
Step: 360448	Mean reward: 3.849642276763916, 	Mean reward done: 1.1870317459106445
Step: 368640	Mean reward: 4.74058198928833, 	Mean reward done: 1.5364744663238525
Step: 376832	Mean reward: 2.8030850887298584, 	Mean reward done: 1.1276302337646484
Step: 385024	Mean reward: 3.859867811203003, 	Mean reward done: 1.1622352600097656
Step: 393216	Mean reward: 3.0024008750915527, 	Mean reward done: 0.9594016075134277
Step: 401408	Mean reward: 3.532048225402832, 	Mean reward done: 1.1696833372116089
Step: 409600	Mean reward: 3.464735984802246, 	Mean reward done: 0.9947221279144287
Step: 417792	Mean reward: 4.825418949127197, 	Mean reward done: 1.2710340023040771
Step: 425984	Mean reward: 3.133922576904297, 	Mean reward done: 1.0978848934173584
Step: 434176	Mean reward: 3.585153579711914, 	Mean reward done: 1.1655484437942505
Step: 442368	Mean reward: 4.945651531219482, 	Mean reward done: 1.3664307594299316
Step: 450560	Mean reward: 4.072389125823975, 	Mean reward done: 1.2829509973526
Step: 458752	Mean reward: 3.6722805500030518, 	Mean reward done: 1.240299940109253
Step: 466944	Mean reward: 4.365691661834717, 	Mean reward done: 1.4392287731170654
Step: 475136	Mean reward: 3.2147834300994873, 	Mean reward done: 1.1337430477142334
Step: 483328	Mean reward: 2.639981269836426, 	Mean reward done: 0.8034510612487793
Step: 491520	Mean reward: 4.254150867462158, 	Mean reward done: 1.2547870874404907
Step: 499712	Mean reward: 3.483077049255371, 	Mean reward done: 1.2174562215805054
Step: 507904	Mean reward: 3.7395782470703125, 	Mean reward done: 1.1904711723327637
Step: 516096	Mean reward: 4.562814712524414, 	Mean reward done: 1.295756459236145
Step: 524288	Mean reward: 4.116940975189209, 	Mean reward done: 1.449177861213684
Step: 532480	Mean reward: 2.9640767574310303, 	Mean reward done: 0.990994930267334
Step: 540672	Mean reward: 3.3536038398742676, 	Mean reward done: 0.9850350618362427
Step: 548864	Mean reward: 4.382049083709717, 	Mean reward done: 1.3295198678970337
Step: 557056	Mean reward: 3.8619000911712646, 	Mean reward done: 1.2933368682861328
Step: 565248	Mean reward: 3.9253406524658203, 	Mean reward done: 1.1667450666427612
Step: 573440	Mean reward: 2.831066608428955, 	Mean reward done: 0.9608439207077026
Step: 581632	Mean reward: 4.57322883605957, 	Mean reward done: 1.2796305418014526
Step: 589824	Mean reward: 5.019238471984863, 	Mean reward done: 1.3775649070739746
Step: 598016	Mean reward: 5.055321216583252, 	Mean reward done: 1.705625295639038
Step: 606208	Mean reward: 3.764357328414917, 	Mean reward done: 1.1048157215118408
Step: 614400	Mean reward: 4.911746978759766, 	Mean reward done: 1.5351369380950928
Step: 622592	Mean reward: 4.3324360847473145, 	Mean reward done: 1.1804970502853394
Step: 630784	Mean reward: 4.953968048095703, 	Mean reward done: 1.8056849241256714
Step: 638976	Mean reward: 4.262824535369873, 	Mean reward done: 1.4816590547561646
Step: 647168	Mean reward: 4.071022987365723, 	Mean reward done: 1.1536329984664917
Step: 655360	Mean reward: 3.369731903076172, 	Mean reward done: 0.9653911590576172
Step: 663552	Mean reward: 3.8762221336364746, 	Mean reward done: 1.324695110321045
Step: 671744	Mean reward: 3.9927330017089844, 	Mean reward done: 1.4740729331970215
Step: 679936	Mean reward: 4.365635871887207, 	Mean reward done: 1.00624418258667
Step: 688128	Mean reward: 4.2339653968811035, 	Mean reward done: 1.3201948404312134
Step: 696320	Mean reward: 4.420819282531738, 	Mean reward done: 1.4040096998214722
Step: 704512	Mean reward: 3.970376491546631, 	Mean reward done: 1.1254006624221802
Step: 712704	Mean reward: 3.71370792388916, 	Mean reward done: 1.0815781354904175
Step: 720896	Mean reward: 3.9553723335266113, 	Mean reward done: 1.2494536638259888
Step: 729088	Mean reward: 3.9477710723876953, 	Mean reward done: 1.2396249771118164
Step: 737280	Mean reward: 4.311282157897949, 	Mean reward done: 0.9508954882621765
Step: 745472	Mean reward: 4.861082077026367, 	Mean reward done: 1.2063413858413696
Step: 753664	Mean reward: 5.650027751922607, 	Mean reward done: 1.537135124206543
Step: 761856	Mean reward: 4.024420738220215, 	Mean reward done: 0.9679142832756042
Step: 770048	Mean reward: 4.271673679351807, 	Mean reward done: 1.8511688709259033
Step: 778240	Mean reward: 4.268102645874023, 	Mean reward done: 1.4009509086608887
Step: 786432	Mean reward: 4.016319751739502, 	Mean reward done: 1.1372239589691162
Step: 794624	Mean reward: 4.197887897491455, 	Mean reward done: 1.1557554006576538
Step: 802816	Mean reward: 3.395066261291504, 	Mean reward done: 1.035125494003296
Step: 811008	Mean reward: 4.015007972717285, 	Mean reward done: 1.4515641927719116
Step: 819200	Mean reward: 4.447804927825928, 	Mean reward done: 1.199595332145691
Step: 827392	Mean reward: 5.672826766967773, 	Mean reward done: 1.6934970617294312
Step: 835584	Mean reward: 4.185298919677734, 	Mean reward done: 1.1919996738433838
Step: 843776	Mean reward: 3.8154056072235107, 	Mean reward done: 1.4170863628387451
Step: 851968	Mean reward: 3.996826171875, 	Mean reward done: 1.107920527458191
Step: 860160	Mean reward: 3.564720392227173, 	Mean reward done: 1.3724243640899658
Step: 868352	Mean reward: 3.198370933532715, 	Mean reward done: 0.8977053165435791
Step: 876544	Mean reward: 4.797500133514404, 	Mean reward done: 1.4211126565933228
Step: 884736	Mean reward: 3.8049986362457275, 	Mean reward done: 1.5036753416061401
Step: 892928	Mean reward: 3.9876303672790527, 	Mean reward done: 1.0980019569396973
Step: 901120	Mean reward: 3.8639464378356934, 	Mean reward done: 1.2246637344360352
Step: 909312	Mean reward: 4.292776584625244, 	Mean reward done: 1.2176514863967896
Step: 917504	Mean reward: 2.8778297901153564, 	Mean reward done: 1.0386605262756348
Step: 925696	Mean reward: 3.6139423847198486, 	Mean reward done: 0.9662469029426575
Step: 933888	Mean reward: 4.592668533325195, 	Mean reward done: 1.494285225868225
Step: 942080	Mean reward: 4.525748252868652, 	Mean reward done: 1.2499414682388306
Step: 950272	Mean reward: 5.252114772796631, 	Mean reward done: 1.7229853868484497
Step: 958464	Mean reward: 4.938343524932861, 	Mean reward done: 1.6884514093399048
Step: 966656	Mean reward: 4.321330547332764, 	Mean reward done: 1.5033786296844482
Step: 974848	Mean reward: 3.2830400466918945, 	Mean reward done: 1.2433720827102661
Step: 983040	Mean reward: 4.1918206214904785, 	Mean reward done: 1.1804829835891724
Step: 991232	Mean reward: 3.399493455886841, 	Mean reward done: 0.9732910990715027
Step: 999424	Mean reward: 3.7646970748901367, 	Mean reward done: 1.1312828063964844
Step: 1007616	Mean reward: 5.402259826660156, 	Mean reward done: 1.2759300470352173
Step: 1015808	Mean reward: 5.096189022064209, 	Mean reward done: 1.25841224193573
Step: 1024000	Mean reward: 4.907917499542236, 	Mean reward done: 1.2597383260726929
Step: 1032192	Mean reward: 4.175742149353027, 	Mean reward done: 1.2966233491897583
Step: 1040384	Mean reward: 4.65850830078125, 	Mean reward done: 1.3236712217330933
Step: 1048576	Mean reward: 4.52951717376709, 	Mean reward done: 1.1227757930755615
Step: 1056768	Mean reward: 4.167040824890137, 	Mean reward done: 1.1956610679626465
Step: 1064960	Mean reward: 3.678724765777588, 	Mean reward done: 1.0756714344024658
Step: 1073152	Mean reward: 3.736893892288208, 	Mean reward done: 1.1773154735565186
Step: 1081344	Mean reward: 5.003101348876953, 	Mean reward done: 1.4725260734558105
Step: 1089536	Mean reward: 4.213387966156006, 	Mean reward done: 1.3312792778015137
Step: 1097728	Mean reward: 4.387542724609375, 	Mean reward done: 1.4879230260849
Step: 1105920	Mean reward: 3.7828826904296875, 	Mean reward done: 1.233971118927002
Step: 1114112	Mean reward: 4.923405170440674, 	Mean reward done: 1.605642318725586
Step: 1122304	Mean reward: 4.378050804138184, 	Mean reward done: 1.4354010820388794
Step: 1130496	Mean reward: 4.493101119995117, 	Mean reward done: 1.3847233057022095
Step: 1138688	Mean reward: 5.204791069030762, 	Mean reward done: 1.2687324285507202
Step: 1146880	Mean reward: 4.7251081466674805, 	Mean reward done: 1.3131011724472046
Step: 1155072	Mean reward: 4.656993865966797, 	Mean reward done: 1.4373087882995605
Step: 1163264	Mean reward: 5.240269660949707, 	Mean reward done: 1.6745145320892334
Step: 1171456	Mean reward: 4.343575954437256, 	Mean reward done: 1.393958330154419
Step: 1179648	Mean reward: 4.87842321395874, 	Mean reward done: 1.3330684900283813
Step: 1187840	Mean reward: 4.573028564453125, 	Mean reward done: 1.290791630744934
Step: 1196032	Mean reward: 4.568943977355957, 	Mean reward done: 1.3120428323745728
Step: 1204224	Mean reward: 4.389261245727539, 	Mean reward done: 1.4245381355285645
Step: 1212416	Mean reward: 4.683355808258057, 	Mean reward done: 1.3228574991226196
Step: 1220608	Mean reward: 4.56129789352417, 	Mean reward done: 1.4195657968521118
Step: 1228800	Mean reward: 4.559553623199463, 	Mean reward done: 1.5008693933486938
Step: 1236992	Mean reward: 5.02721643447876, 	Mean reward done: 1.514484167098999
Step: 1245184	Mean reward: 6.377312660217285, 	Mean reward done: 2.029680013656616
Step: 1253376	Mean reward: 5.0699872970581055, 	Mean reward done: 1.4991198778152466
Step: 1261568	Mean reward: 5.356121063232422, 	Mean reward done: 1.7497986555099487
Step: 1269760	Mean reward: 5.293137550354004, 	Mean reward done: 1.6151224374771118
Step: 1277952	Mean reward: 4.4614458084106445, 	Mean reward done: 1.5020322799682617
Step: 1286144	Mean reward: 4.222579479217529, 	Mean reward done: 1.4975699186325073
Step: 1294336	Mean reward: 4.045590400695801, 	Mean reward done: 0.980393648147583
Step: 1302528	Mean reward: 4.044191360473633, 	Mean reward done: 1.3253203630447388
Step: 1310720	Mean reward: 2.9274046421051025, 	Mean reward done: 1.0079742670059204
Step: 1318912	Mean reward: 3.9251210689544678, 	Mean reward done: 1.2010080814361572
Step: 1327104	Mean reward: 4.217992782592773, 	Mean reward done: 1.0959985256195068
Step: 1335296	Mean reward: 5.444770812988281, 	Mean reward done: 1.367537021636963
Step: 1343488	Mean reward: 3.45086932182312, 	Mean reward done: 1.1746885776519775
Step: 1351680	Mean reward: 4.794214725494385, 	Mean reward done: 1.6256626844406128
Step: 1359872	Mean reward: 4.259027004241943, 	Mean reward done: 1.0168585777282715
Step: 1368064	Mean reward: 4.5463643074035645, 	Mean reward done: 0.998353123664856
Step: 1376256	Mean reward: 4.9525628089904785, 	Mean reward done: 1.4768213033676147
Step: 1384448	Mean reward: 4.19291877746582, 	Mean reward done: 1.3105896711349487
Step: 1392640	Mean reward: 5.235574722290039, 	Mean reward done: 1.303907871246338
Step: 1400832	Mean reward: 3.602268695831299, 	Mean reward done: 1.1524738073349
Step: 1409024	Mean reward: 4.817951202392578, 	Mean reward done: 1.3561397790908813
Step: 1417216	Mean reward: 4.290665149688721, 	Mean reward done: 1.4174448251724243
Step: 1425408	Mean reward: 3.4200286865234375, 	Mean reward done: 1.2128026485443115
Step: 1433600	Mean reward: 4.2883100509643555, 	Mean reward done: 1.4587302207946777
Step: 1441792	Mean reward: 4.055461406707764, 	Mean reward done: 1.208922028541565
Step: 1449984	Mean reward: 4.171259880065918, 	Mean reward done: 1.1241259574890137
Step: 1458176	Mean reward: 5.213477611541748, 	Mean reward done: 1.571374773979187
Step: 1466368	Mean reward: 4.343277454376221, 	Mean reward done: 1.235073208808899
Step: 1474560	Mean reward: 4.3403730392456055, 	Mean reward done: 1.3947511911392212
Step: 1482752	Mean reward: 4.109402656555176, 	Mean reward done: 1.1727256774902344
Step: 1490944	Mean reward: 4.7441182136535645, 	Mean reward done: 1.3004359006881714
Step: 1499136	Mean reward: 4.973944187164307, 	Mean reward done: 1.7295117378234863
Step: 1507328	Mean reward: 4.333636283874512, 	Mean reward done: 1.3222591876983643
Step: 1515520	Mean reward: 3.926342487335205, 	Mean reward done: 1.2467650175094604
Step: 1523712	Mean reward: 3.694802761077881, 	Mean reward done: 1.121084451675415
Step: 1531904	Mean reward: 4.613107204437256, 	Mean reward done: 1.6870057582855225
Step: 1540096	Mean reward: 3.9766814708709717, 	Mean reward done: 1.3272031545639038
Step: 1548288	Mean reward: 3.688231945037842, 	Mean reward done: 1.169878602027893
Step: 1556480	Mean reward: 4.549763202667236, 	Mean reward done: 1.582702875137329
Step: 1564672	Mean reward: 3.5120368003845215, 	Mean reward done: 1.1396971940994263
Step: 1572864	Mean reward: 3.742612838745117, 	Mean reward done: 1.1999679803848267
Step: 1581056	Mean reward: 5.516314506530762, 	Mean reward done: 1.8230092525482178
Step: 1589248	Mean reward: 4.822782039642334, 	Mean reward done: 1.232977271080017
Step: 1597440	Mean reward: 4.648348331451416, 	Mean reward done: 1.5100160837173462
Step: 1605632	Mean reward: 4.301628589630127, 	Mean reward done: 1.4837865829467773
Step: 1613824	Mean reward: 4.2993879318237305, 	Mean reward done: 1.3060628175735474
Step: 1622016	Mean reward: 4.12724494934082, 	Mean reward done: 1.0893439054489136
Step: 1630208	Mean reward: 4.18178653717041, 	Mean reward done: 1.6456891298294067
Step: 1638400	Mean reward: 3.4322168827056885, 	Mean reward done: 1.2540160417556763
Step: 1646592	Mean reward: 4.519859313964844, 	Mean reward done: 1.5075877904891968
Step: 1654784	Mean reward: 4.175887584686279, 	Mean reward done: 1.1021308898925781
Step: 1662976	Mean reward: 4.801757335662842, 	Mean reward done: 1.5923048257827759
Step: 1671168	Mean reward: 3.94246244430542, 	Mean reward done: 1.3149844408035278
Step: 1679360	Mean reward: 4.168716907501221, 	Mean reward done: 1.5644185543060303
Step: 1687552	Mean reward: 4.84938383102417, 	Mean reward done: 1.4120237827301025
Step: 1695744	Mean reward: 4.618864059448242, 	Mean reward done: 1.542479157447815
Step: 1703936	Mean reward: 3.7041163444519043, 	Mean reward done: 1.1822128295898438
Step: 1712128	Mean reward: 3.759443521499634, 	Mean reward done: 1.2332090139389038
Step: 1720320	Mean reward: 3.476229429244995, 	Mean reward done: 0.9417778849601746
Step: 1728512	Mean reward: 4.330965518951416, 	Mean reward done: 1.2762197256088257
Step: 1736704	Mean reward: 4.671656131744385, 	Mean reward done: 1.4928125143051147
Step: 1744896	Mean reward: 5.125818252563477, 	Mean reward done: 1.3146774768829346
Step: 1753088	Mean reward: 4.726219654083252, 	Mean reward done: 1.5267423391342163
Step: 1761280	Mean reward: 5.347188949584961, 	Mean reward done: 1.6361761093139648
Step: 1769472	Mean reward: 3.8068578243255615, 	Mean reward done: 1.2878992557525635
Step: 1777664	Mean reward: 4.941928386688232, 	Mean reward done: 1.4324160814285278
Step: 1785856	Mean reward: 3.6908411979675293, 	Mean reward done: 1.2868434190750122
Step: 1794048	Mean reward: 3.3508758544921875, 	Mean reward done: 1.024032711982727
Step: 1802240	Mean reward: 4.884061813354492, 	Mean reward done: 1.4233723878860474
Step: 1810432	Mean reward: 4.710964202880859, 	Mean reward done: 1.699008584022522
Step: 1818624	Mean reward: 3.9718008041381836, 	Mean reward done: 1.1669564247131348
Step: 1826816	Mean reward: 4.199925422668457, 	Mean reward done: 1.2144126892089844
Step: 1835008	Mean reward: 4.765766143798828, 	Mean reward done: 1.483648657798767
Step: 1843200	Mean reward: 4.1965107917785645, 	Mean reward done: 1.3838804960250854
Step: 1851392	Mean reward: 4.4795355796813965, 	Mean reward done: 1.4560565948486328
Step: 1859584	Mean reward: 4.137721538543701, 	Mean reward done: 1.2847850322723389
Step: 1867776	Mean reward: 4.137360572814941, 	Mean reward done: 1.432019829750061
Step: 1875968	Mean reward: 3.8525562286376953, 	Mean reward done: 1.172769546508789
Step: 1884160	Mean reward: 3.399853229522705, 	Mean reward done: 1.0242398977279663
Step: 1892352	Mean reward: 3.8540327548980713, 	Mean reward done: 1.2976956367492676
Step: 1900544	Mean reward: 4.644147872924805, 	Mean reward done: 1.661372423171997
Step: 1908736	Mean reward: 3.7944297790527344, 	Mean reward done: 1.2666996717453003
Step: 1916928	Mean reward: 3.624035358428955, 	Mean reward done: 1.0655088424682617
Step: 1925120	Mean reward: 5.097316741943359, 	Mean reward done: 1.4929293394088745
Step: 1933312	Mean reward: 4.077105522155762, 	Mean reward done: 1.1429134607315063
Step: 1941504	Mean reward: 4.134249210357666, 	Mean reward done: 1.192603349685669
Step: 1949696	Mean reward: 4.416773319244385, 	Mean reward done: 1.5644629001617432
Step: 1957888	Mean reward: 3.904085636138916, 	Mean reward done: 1.102393388748169
Step: 1966080	Mean reward: 4.695631980895996, 	Mean reward done: 1.5237700939178467
Step: 1974272	Mean reward: 3.618638038635254, 	Mean reward done: 1.086530327796936
Step: 1982464	Mean reward: 4.579394817352295, 	Mean reward done: 1.2882044315338135
Step: 1990656	Mean reward: 3.5610830783843994, 	Mean reward done: 1.412183165550232
Step: 1998848	Mean reward: 4.124916076660156, 	Mean reward done: 1.285238265991211
Step: 2007040	Mean reward: 4.857555866241455, 	Mean reward done: 1.4862957000732422
Step: 2015232	Mean reward: 4.628811359405518, 	Mean reward done: 1.3312571048736572
Step: 2023424	Mean reward: 5.359482288360596, 	Mean reward done: 1.502547264099121
Step: 2031616	Mean reward: 4.510140419006348, 	Mean reward done: 1.637336254119873
Step: 2039808	Mean reward: 4.677725315093994, 	Mean reward done: 1.4030914306640625
Step: 2048000	Mean reward: 4.732482433319092, 	Mean reward done: 1.3624693155288696
Step: 2056192	Mean reward: 4.955526828765869, 	Mean reward done: 1.3328791856765747
Step: 2064384	Mean reward: 4.728254795074463, 	Mean reward done: 1.6048978567123413
Step: 2072576	Mean reward: 4.105774879455566, 	Mean reward done: 1.4401823282241821
Step: 2080768	Mean reward: 5.060737133026123, 	Mean reward done: 1.3607761859893799
Step: 2088960	Mean reward: 4.832174777984619, 	Mean reward done: 1.4013454914093018
Step: 2097152	Mean reward: 4.548172950744629, 	Mean reward done: 1.5357698202133179
Step: 2105344	Mean reward: 3.031893253326416, 	Mean reward done: 1.0358917713165283
Step: 2113536	Mean reward: 4.098104000091553, 	Mean reward done: 1.3651230335235596
Step: 2121728	Mean reward: 5.2178239822387695, 	Mean reward done: 1.4989491701126099
Step: 2129920	Mean reward: 5.437053203582764, 	Mean reward done: 2.0050792694091797
Step: 2138112	Mean reward: 3.921422243118286, 	Mean reward done: 0.9786120057106018
Step: 2146304	Mean reward: 4.8718037605285645, 	Mean reward done: 1.5381027460098267
Step: 2154496	Mean reward: 3.2476768493652344, 	Mean reward done: 1.0177321434020996
Step: 2162688	Mean reward: 5.15269660949707, 	Mean reward done: 1.6094393730163574
Step: 2170880	Mean reward: 4.311206340789795, 	Mean reward done: 1.3346861600875854
Step: 2179072	Mean reward: 4.869072437286377, 	Mean reward done: 1.4895585775375366
Step: 2187264	Mean reward: 4.140872955322266, 	Mean reward done: 1.4847362041473389
Step: 2195456	Mean reward: 4.418842315673828, 	Mean reward done: 1.1611902713775635
Step: 2203648	Mean reward: 4.082518100738525, 	Mean reward done: 1.3661655187606812
Step: 2211840	Mean reward: 3.9702653884887695, 	Mean reward done: 1.3527092933654785
Step: 2220032	Mean reward: 4.136721134185791, 	Mean reward done: 1.2066718339920044
Step: 2228224	Mean reward: 4.806653022766113, 	Mean reward done: 1.3403340578079224
Step: 2236416	Mean reward: 5.360163688659668, 	Mean reward done: 1.684342622756958
Step: 2244608	Mean reward: 4.3517560958862305, 	Mean reward done: 1.3794344663619995
Step: 2252800	Mean reward: 3.56935977935791, 	Mean reward done: 1.1008235216140747
Step: 2260992	Mean reward: 3.2342238426208496, 	Mean reward done: 1.0197298526763916
Step: 2269184	Mean reward: 4.239090919494629, 	Mean reward done: 1.3312188386917114
Step: 2277376	Mean reward: 4.181892395019531, 	Mean reward done: 1.2756935358047485
Step: 2285568	Mean reward: 3.6797430515289307, 	Mean reward done: 1.4374967813491821
Step: 2293760	Mean reward: 3.9598631858825684, 	Mean reward done: 1.2892804145812988
Step: 2301952	Mean reward: 3.4582040309906006, 	Mean reward done: 1.3841979503631592
Step: 2310144	Mean reward: 4.5179762840271, 	Mean reward done: 1.434421181678772
Step: 2318336	Mean reward: 4.404445648193359, 	Mean reward done: 1.3139009475708008
Step: 2326528	Mean reward: 5.571706771850586, 	Mean reward done: 1.5116751194000244
Step: 2334720	Mean reward: 4.8444061279296875, 	Mean reward done: 1.6250007152557373
Step: 2342912	Mean reward: 4.063638210296631, 	Mean reward done: 1.2896041870117188
Step: 2351104	Mean reward: 3.396246910095215, 	Mean reward done: 1.2684952020645142
Step: 2359296	Mean reward: 4.120781421661377, 	Mean reward done: 1.2142177820205688
Step: 2367488	Mean reward: 4.3421478271484375, 	Mean reward done: 1.4735087156295776
Step: 2375680	Mean reward: 4.06373405456543, 	Mean reward done: 1.105659008026123
Step: 2383872	Mean reward: 2.7276718616485596, 	Mean reward done: 0.8164461851119995
Step: 2392064	Mean reward: 4.287034034729004, 	Mean reward done: 1.3409757614135742
Step: 2400256	Mean reward: 3.619494915008545, 	Mean reward done: 1.2538248300552368
Step: 2408448	Mean reward: 4.900467872619629, 	Mean reward done: 1.2576035261154175
Step: 2416640	Mean reward: 4.9544501304626465, 	Mean reward done: 1.4199317693710327
Step: 2424832	Mean reward: 5.118640422821045, 	Mean reward done: 1.6997559070587158
Step: 2433024	Mean reward: 4.060959815979004, 	Mean reward done: 1.481616735458374
Step: 2441216	Mean reward: 5.449886322021484, 	Mean reward done: 1.4857827425003052
Step: 2449408	Mean reward: 4.2801737785339355, 	Mean reward done: 1.36558997631073
Step: 2457600	Mean reward: 4.001331329345703, 	Mean reward done: 1.1730103492736816
Step: 2465792	Mean reward: 4.223644733428955, 	Mean reward done: 1.3308659791946411
Step: 2473984	Mean reward: 3.83413028717041, 	Mean reward done: 0.9968911409378052
Step: 2482176	Mean reward: 4.333566188812256, 	Mean reward done: 1.3360004425048828
Step: 2490368	Mean reward: 3.1664228439331055, 	Mean reward done: 1.0230542421340942
Step: 2498560	Mean reward: 4.22275447845459, 	Mean reward done: 1.3284143209457397
Step: 2506752	Mean reward: 3.9997167587280273, 	Mean reward done: 1.5120710134506226
Step: 2514944	Mean reward: 4.554055213928223, 	Mean reward done: 1.2822617292404175
Step: 2523136	Mean reward: 3.6101720333099365, 	Mean reward done: 0.9934528470039368
Step: 2531328	Mean reward: 5.552224636077881, 	Mean reward done: 1.7156574726104736
Step: 2539520	Mean reward: 4.718483924865723, 	Mean reward done: 1.4472744464874268
Step: 2547712	Mean reward: 5.550139427185059, 	Mean reward done: 1.6929701566696167
Step: 2555904	Mean reward: 3.550112724304199, 	Mean reward done: 1.4009212255477905
Step: 2564096	Mean reward: 3.8269295692443848, 	Mean reward done: 1.3031275272369385
Step: 2572288	Mean reward: 3.383197546005249, 	Mean reward done: 1.0482280254364014
Step: 2580480	Mean reward: 3.4386961460113525, 	Mean reward done: 1.2811976671218872
Step: 2588672	Mean reward: 3.549610137939453, 	Mean reward done: 1.1131454706192017
Step: 2596864	Mean reward: 4.049759864807129, 	Mean reward done: 1.2252298593521118
Step: 2605056	Mean reward: 4.1621012687683105, 	Mean reward done: 1.271598219871521
Step: 2613248	Mean reward: 4.0512590408325195, 	Mean reward done: 1.236469030380249
Step: 2621440	Mean reward: 5.104250907897949, 	Mean reward done: 1.637617826461792
Step: 2629632	Mean reward: 4.714471340179443, 	Mean reward done: 1.4748560190200806
Step: 2637824	Mean reward: 4.87902307510376, 	Mean reward done: 1.5887274742126465
Step: 2646016	Mean reward: 4.988165378570557, 	Mean reward done: 1.2954707145690918
Step: 2654208	Mean reward: 4.487707614898682, 	Mean reward done: 1.6247795820236206
Step: 2662400	Mean reward: 3.9868392944335938, 	Mean reward done: 1.2117481231689453
Step: 2670592	Mean reward: 3.7095847129821777, 	Mean reward done: 1.101662039756775
Step: 2678784	Mean reward: 3.377535820007324, 	Mean reward done: 1.2116743326187134
Step: 2686976	Mean reward: 4.426876544952393, 	Mean reward done: 1.305953860282898
Step: 2695168	Mean reward: 3.872466564178467, 	Mean reward done: 1.4982788562774658
Step: 2703360	Mean reward: 4.259409427642822, 	Mean reward done: 1.1690326929092407
Step: 2711552	Mean reward: 5.309083461761475, 	Mean reward done: 1.9569844007492065
Step: 2719744	Mean reward: 4.311180114746094, 	Mean reward done: 1.4974085092544556
Step: 2727936	Mean reward: 3.591121196746826, 	Mean reward done: 1.2292864322662354
Step: 2736128	Mean reward: 4.860702037811279, 	Mean reward done: 1.6442047357559204
Step: 2744320	Mean reward: 2.5390214920043945, 	Mean reward done: 0.9861828684806824
Step: 2752512	Mean reward: 4.085278034210205, 	Mean reward done: 1.3387612104415894
Step: 2760704	Mean reward: 6.016226768493652, 	Mean reward done: 1.8710863590240479
Step: 2768896	Mean reward: 3.862710475921631, 	Mean reward done: 1.2452573776245117
Step: 2777088	Mean reward: 3.641951084136963, 	Mean reward done: 1.3062196969985962
Step: 2785280	Mean reward: 3.420543909072876, 	Mean reward done: 1.114436149597168
Step: 2793472	Mean reward: 3.9165728092193604, 	Mean reward done: 1.3256150484085083
Step: 2801664	Mean reward: 4.469024658203125, 	Mean reward done: 1.3314989805221558
Step: 2809856	Mean reward: 4.137827396392822, 	Mean reward done: 1.0808311700820923
Step: 2818048	Mean reward: 4.1926774978637695, 	Mean reward done: 1.506049394607544
Step: 2826240	Mean reward: 4.962143898010254, 	Mean reward done: 1.527524709701538
Step: 2834432	Mean reward: 4.022519111633301, 	Mean reward done: 1.5964959859848022
Step: 2842624	Mean reward: 4.408848762512207, 	Mean reward done: 1.4521527290344238
Step: 2850816	Mean reward: 4.298105239868164, 	Mean reward done: 1.2113679647445679
Step: 2859008	Mean reward: 4.463589668273926, 	Mean reward done: 1.4097895622253418
Step: 2867200	Mean reward: 3.3617687225341797, 	Mean reward done: 1.1297732591629028
Step: 2875392	Mean reward: 3.2524325847625732, 	Mean reward done: 1.193745493888855
Step: 2883584	Mean reward: 4.356207847595215, 	Mean reward done: 1.3574042320251465
Step: 2891776	Mean reward: 3.3634493350982666, 	Mean reward done: 0.9944619536399841
Step: 2899968	Mean reward: 4.631747245788574, 	Mean reward done: 1.5715059041976929
Step: 2908160	Mean reward: 4.464305877685547, 	Mean reward done: 1.2938439846038818
Step: 2916352	Mean reward: 5.454079627990723, 	Mean reward done: 1.5799695253372192
Step: 2924544	Mean reward: 5.175446033477783, 	Mean reward done: 1.8913459777832031
Step: 2932736	Mean reward: 3.136931896209717, 	Mean reward done: 0.9933525919914246
Step: 2940928	Mean reward: 3.1923539638519287, 	Mean reward done: 1.0751280784606934
Step: 2949120	Mean reward: 4.403192043304443, 	Mean reward done: 1.158197283744812
Step: 2957312	Mean reward: 4.5118513107299805, 	Mean reward done: 1.6535073518753052
Step: 2965504	Mean reward: 3.6861209869384766, 	Mean reward done: 1.2805702686309814
Step: 2973696	Mean reward: 4.78462028503418, 	Mean reward done: 1.3155815601348877
Step: 2981888	Mean reward: 4.838812351226807, 	Mean reward done: 1.3471853733062744
Step: 2990080	Mean reward: 4.177229404449463, 	Mean reward done: 1.2998886108398438
Step: 2998272	Mean reward: 5.7154035568237305, 	Mean reward done: 1.543075442314148
Step: 3006464	Mean reward: 3.570659875869751, 	Mean reward done: 1.2175486087799072
Step: 3014656	Mean reward: 3.7363860607147217, 	Mean reward done: 1.4048186540603638
Step: 3022848	Mean reward: 3.1308460235595703, 	Mean reward done: 0.8898233771324158
Step: 3031040	Mean reward: 4.88705587387085, 	Mean reward done: 1.5347731113433838
Step: 3039232	Mean reward: 5.982898712158203, 	Mean reward done: 2.018094062805176
Step: 3047424	Mean reward: 4.882190704345703, 	Mean reward done: 1.395866870880127
Step: 3055616	Mean reward: 4.498063564300537, 	Mean reward done: 1.363138198852539
Step: 3063808	Mean reward: 4.169223308563232, 	Mean reward done: 1.3996587991714478
Step: 3072000	Mean reward: 3.8391122817993164, 	Mean reward done: 1.162713885307312
Step: 3080192	Mean reward: 4.387345790863037, 	Mean reward done: 1.2869559526443481
Step: 3088384	Mean reward: 3.9470133781433105, 	Mean reward done: 1.3056589365005493
Step: 3096576	Mean reward: 5.040478229522705, 	Mean reward done: 1.6710498332977295
Step: 3104768	Mean reward: 4.655200004577637, 	Mean reward done: 1.5205798149108887
Step: 3112960	Mean reward: 3.7784273624420166, 	Mean reward done: 1.2092864513397217
Step: 3121152	Mean reward: 3.9958653450012207, 	Mean reward done: 1.2967702150344849
Step: 3129344	Mean reward: 3.0650882720947266, 	Mean reward done: 0.8517129421234131
Step: 3137536	Mean reward: 3.011047840118408, 	Mean reward done: 1.0565886497497559
Step: 3145728	Mean reward: 4.4343132972717285, 	Mean reward done: 1.3824176788330078
Step: 3153920	Mean reward: 3.775606155395508, 	Mean reward done: 1.4482438564300537
Step: 3162112	Mean reward: 5.579095363616943, 	Mean reward done: 1.6527122259140015
Step: 3170304	Mean reward: 4.317568778991699, 	Mean reward done: 1.3298656940460205
Step: 3178496	Mean reward: 4.6991987228393555, 	Mean reward done: 1.821406364440918
Step: 3186688	Mean reward: 5.190406799316406, 	Mean reward done: 1.385925054550171
Step: 3194880	Mean reward: 4.588769912719727, 	Mean reward done: 1.5535212755203247
Step: 3203072	Mean reward: 4.861763954162598, 	Mean reward done: 1.6351492404937744
Step: 3211264	Mean reward: 3.4950149059295654, 	Mean reward done: 1.254209280014038
Step: 3219456	Mean reward: 4.369168758392334, 	Mean reward done: 1.1652445793151855
Step: 3227648	Mean reward: 6.496169090270996, 	Mean reward done: 1.8646998405456543
Step: 3235840	Mean reward: 5.23830509185791, 	Mean reward done: 1.7197259664535522
Step: 3244032	Mean reward: 3.927989959716797, 	Mean reward done: 1.3066033124923706
Step: 3252224	Mean reward: 5.889814376831055, 	Mean reward done: 1.8254642486572266
Step: 3260416	Mean reward: 4.304845809936523, 	Mean reward done: 1.4477145671844482
Step: 3268608	Mean reward: 4.304936408996582, 	Mean reward done: 1.3841346502304077
Step: 3276800	Mean reward: 4.412961006164551, 	Mean reward done: 1.2448906898498535
Step: 3284992	Mean reward: 4.903136253356934, 	Mean reward done: 1.5366984605789185
Step: 3293184	Mean reward: 4.95684814453125, 	Mean reward done: 1.3027602434158325
Step: 3301376	Mean reward: 5.718688488006592, 	Mean reward done: 1.908067226409912
Step: 3309568	Mean reward: 4.898764610290527, 	Mean reward done: 1.4627716541290283
Step: 3317760	Mean reward: 4.680942058563232, 	Mean reward done: 1.2527871131896973
Step: 3325952	Mean reward: 4.51687479019165, 	Mean reward done: 1.7323994636535645
Step: 3334144	Mean reward: 5.765988826751709, 	Mean reward done: 1.4680423736572266
Step: 3342336	Mean reward: 4.622558116912842, 	Mean reward done: 1.4230210781097412
Step: 3350528	Mean reward: 4.5678863525390625, 	Mean reward done: 1.462807536125183
Step: 3358720	Mean reward: 4.02416467666626, 	Mean reward done: 1.3261098861694336
Step: 3366912	Mean reward: 4.676072120666504, 	Mean reward done: 1.47664213180542
Step: 3375104	Mean reward: 5.381308078765869, 	Mean reward done: 1.9748588800430298
Step: 3383296	Mean reward: 5.650958061218262, 	Mean reward done: 1.797670841217041
Step: 3391488	Mean reward: 4.2377800941467285, 	Mean reward done: 1.3890466690063477
Step: 3399680	Mean reward: 4.888364791870117, 	Mean reward done: 1.5854097604751587
Step: 3407872	Mean reward: 3.963679313659668, 	Mean reward done: 1.3149042129516602
Step: 3416064	Mean reward: 4.615681171417236, 	Mean reward done: 1.2251602411270142
Step: 3424256	Mean reward: 4.452150344848633, 	Mean reward done: 1.314576268196106
Step: 3432448	Mean reward: 5.103684425354004, 	Mean reward done: 1.3658961057662964
Step: 3440640	Mean reward: 4.2885942459106445, 	Mean reward done: 1.565253734588623
Step: 3448832	Mean reward: 4.5037641525268555, 	Mean reward done: 1.3658573627471924
Step: 3457024	Mean reward: 4.610726833343506, 	Mean reward done: 1.3859349489212036
Step: 3465216	Mean reward: 5.583868980407715, 	Mean reward done: 1.6812725067138672
Step: 3473408	Mean reward: 3.9555726051330566, 	Mean reward done: 1.1798365116119385
Step: 3481600	Mean reward: 4.22544527053833, 	Mean reward done: 1.3850109577178955
Step: 3489792	Mean reward: 6.607196807861328, 	Mean reward done: 2.030880928039551
Step: 3497984	Mean reward: 5.303531646728516, 	Mean reward done: 1.549204707145691
Step: 3506176	Mean reward: 4.651620388031006, 	Mean reward done: 1.7144083976745605
Step: 3514368	Mean reward: 4.703008651733398, 	Mean reward done: 1.608229160308838
Step: 3522560	Mean reward: 4.6475114822387695, 	Mean reward done: 1.406882405281067
Step: 3530752	Mean reward: 3.0793960094451904, 	Mean reward done: 1.1579352617263794
Step: 3538944	Mean reward: 3.9973952770233154, 	Mean reward done: 1.1248810291290283
Step: 3547136	Mean reward: 3.2947041988372803, 	Mean reward done: 1.1657452583312988
Step: 3555328	Mean reward: 4.3203206062316895, 	Mean reward done: 1.3708035945892334
Step: 3563520	Mean reward: 4.481588363647461, 	Mean reward done: 1.1110070943832397
Step: 3571712	Mean reward: 4.427133083343506, 	Mean reward done: 1.1659119129180908
Step: 3579904	Mean reward: 4.695614814758301, 	Mean reward done: 1.5356649160385132
Step: 3588096	Mean reward: 4.5333251953125, 	Mean reward done: 1.5453011989593506
Step: 3596288	Mean reward: 4.371370315551758, 	Mean reward done: 1.6307278871536255
Step: 3604480	Mean reward: 4.532937526702881, 	Mean reward done: 1.3342502117156982
Step: 3612672	Mean reward: 3.9931740760803223, 	Mean reward done: 1.20335054397583
Step: 3620864	Mean reward: 3.668942928314209, 	Mean reward done: 1.1661978960037231
Step: 3629056	Mean reward: 4.694977760314941, 	Mean reward done: 1.5242573022842407
Step: 3637248	Mean reward: 5.180476665496826, 	Mean reward done: 1.1948410272598267
Step: 3645440	Mean reward: 4.748410701751709, 	Mean reward done: 1.487727165222168
Step: 3653632	Mean reward: 4.5327653884887695, 	Mean reward done: 1.2837746143341064
Step: 3661824	Mean reward: 3.7765140533447266, 	Mean reward done: 1.3106032609939575
Step: 3670016	Mean reward: 3.1293647289276123, 	Mean reward done: 1.0152368545532227
Step: 3678208	Mean reward: 3.2374632358551025, 	Mean reward done: 1.0269869565963745
Step: 3686400	Mean reward: 4.964546203613281, 	Mean reward done: 1.2347145080566406
Step: 3694592	Mean reward: 4.639949321746826, 	Mean reward done: 1.3120898008346558
Step: 3702784	Mean reward: 4.639212131500244, 	Mean reward done: 1.2877310514450073
Step: 3710976	Mean reward: 4.692387580871582, 	Mean reward done: 1.330669641494751
Step: 3719168	Mean reward: 4.313605308532715, 	Mean reward done: 1.323770523071289
Step: 3727360	Mean reward: 5.499044418334961, 	Mean reward done: 1.3514702320098877
Step: 3735552	Mean reward: 4.633330345153809, 	Mean reward done: 1.4205708503723145
Step: 3743744	Mean reward: 4.363679885864258, 	Mean reward done: 1.3046201467514038
Step: 3751936	Mean reward: 5.870750427246094, 	Mean reward done: 1.63660728931427
Step: 3760128	Mean reward: 3.5000267028808594, 	Mean reward done: 0.9985998868942261
Step: 3768320	Mean reward: 4.307836055755615, 	Mean reward done: 1.1658052206039429
Step: 3776512	Mean reward: 5.114724159240723, 	Mean reward done: 1.4964704513549805
Step: 3784704	Mean reward: 4.41310977935791, 	Mean reward done: 1.1763231754302979
Step: 3792896	Mean reward: 4.7891740798950195, 	Mean reward done: 1.3582381010055542
Step: 3801088	Mean reward: 3.7126874923706055, 	Mean reward done: 1.2122596502304077
Step: 3809280	Mean reward: 3.497743606567383, 	Mean reward done: 1.0500677824020386
Step: 3817472	Mean reward: 3.981767416000366, 	Mean reward done: 0.9846820831298828
Step: 3825664	Mean reward: 4.034887313842773, 	Mean reward done: 1.4400103092193604
Step: 3833856	Mean reward: 3.3354554176330566, 	Mean reward done: 1.11451256275177
Step: 3842048	Mean reward: 5.055301189422607, 	Mean reward done: 1.475386619567871
Step: 3850240	Mean reward: 4.139332294464111, 	Mean reward done: 1.1865111589431763
Step: 3858432	Mean reward: 4.8378448486328125, 	Mean reward done: 1.5266242027282715
Step: 3866624	Mean reward: 3.386185884475708, 	Mean reward done: 1.2675819396972656
Step: 3874816	Mean reward: 4.407831192016602, 	Mean reward done: 1.2820278406143188
Step: 3883008	Mean reward: 3.600217819213867, 	Mean reward done: 1.2300575971603394
Step: 3891200	Mean reward: 4.781674861907959, 	Mean reward done: 1.5928739309310913
Step: 3899392	Mean reward: 5.47692346572876, 	Mean reward done: 1.7445794343948364
Step: 3907584	Mean reward: 4.615598678588867, 	Mean reward done: 1.7114598751068115
Step: 3915776	Mean reward: 3.755889892578125, 	Mean reward done: 1.1784138679504395
Step: 3923968	Mean reward: 5.042224407196045, 	Mean reward done: 1.4089703559875488
Step: 3932160	Mean reward: 3.2175488471984863, 	Mean reward done: 1.1072465181350708
Step: 3940352	Mean reward: 4.55825662612915, 	Mean reward done: 1.462232232093811
Step: 3948544	Mean reward: 4.933150291442871, 	Mean reward done: 1.5075210332870483
Step: 3956736	Mean reward: 4.503636360168457, 	Mean reward done: 1.0785537958145142
Step: 3964928	Mean reward: 5.0913848876953125, 	Mean reward done: 1.4917263984680176
Step: 3973120	Mean reward: 4.92811393737793, 	Mean reward done: 1.3150694370269775
Step: 3981312	Mean reward: 3.48183274269104, 	Mean reward done: 1.2195398807525635
Step: 3989504	Mean reward: 4.0708465576171875, 	Mean reward done: 1.2857834100723267
Step: 3997696	Mean reward: 5.731540679931641, 	Mean reward done: 1.366247296333313
Step: 4005888	Mean reward: 3.481510639190674, 	Mean reward done: 1.0827100276947021
Step: 4014080	Mean reward: 4.12454891204834, 	Mean reward done: 1.48288094997406
Step: 4022272	Mean reward: 2.517383098602295, 	Mean reward done: 0.9453555345535278
Step: 4030464	Mean reward: 4.3383259773254395, 	Mean reward done: 1.264898657798767
Step: 4038656	Mean reward: 4.123014450073242, 	Mean reward done: 1.6748247146606445
Step: 4046848	Mean reward: 3.426708698272705, 	Mean reward done: 1.1234829425811768
Step: 4055040	Mean reward: 4.550670146942139, 	Mean reward done: 1.486183524131775
Step: 4063232	Mean reward: 3.1044328212738037, 	Mean reward done: 1.1490203142166138
Step: 4071424	Mean reward: 3.1579909324645996, 	Mean reward done: 0.86341392993927
Step: 4079616	Mean reward: 4.656157970428467, 	Mean reward done: 1.2199859619140625
Step: 4087808	Mean reward: 5.295943260192871, 	Mean reward done: 1.7697842121124268
Step: 4096000	Mean reward: 4.546027183532715, 	Mean reward done: 1.2514938116073608
Step: 4104192	Mean reward: 4.278409957885742, 	Mean reward done: 1.3793470859527588
Step: 4112384	Mean reward: 3.797466516494751, 	Mean reward done: 1.050671935081482
Step: 4120576	Mean reward: 3.85107159614563, 	Mean reward done: 1.0046018362045288
Step: 4128768	Mean reward: 4.546261310577393, 	Mean reward done: 1.475082516670227
Step: 4136960	Mean reward: 3.95740008354187, 	Mean reward done: 1.1979091167449951
Step: 4145152	Mean reward: 3.6363461017608643, 	Mean reward done: 1.1541975736618042
Step: 4153344	Mean reward: 4.170000076293945, 	Mean reward done: 1.169921636581421
Step: 4161536	Mean reward: 4.008296966552734, 	Mean reward done: 1.4171677827835083
Step: 4169728	Mean reward: 3.3132271766662598, 	Mean reward done: 1.1155321598052979
Step: 4177920	Mean reward: 4.648465156555176, 	Mean reward done: 1.5592952966690063
Step: 4186112	Mean reward: 3.7927417755126953, 	Mean reward done: 1.2731646299362183
Step: 4194304	Mean reward: 3.899040460586548, 	Mean reward done: 1.3655644655227661
Step: 4202496	Mean reward: 4.0044846534729, 	Mean reward done: 1.3110727071762085
Step: 4210688	Mean reward: 3.8963918685913086, 	Mean reward done: 1.234745740890503
Step: 4218880	Mean reward: 3.5759263038635254, 	Mean reward done: 1.2729287147521973
Step: 4227072	Mean reward: 3.896343469619751, 	Mean reward done: 1.156446933746338
Step: 4235264	Mean reward: 5.335227966308594, 	Mean reward done: 1.491204023361206
Step: 4243456	Mean reward: 4.372189044952393, 	Mean reward done: 1.5480670928955078
Step: 4251648	Mean reward: 5.490592002868652, 	Mean reward done: 1.4770413637161255
Step: 4259840	Mean reward: 3.5710151195526123, 	Mean reward done: 1.0447856187820435
Step: 4268032	Mean reward: 4.956027984619141, 	Mean reward done: 1.3900249004364014
Step: 4276224	Mean reward: 4.208505153656006, 	Mean reward done: 1.3607375621795654
Step: 4284416	Mean reward: 4.260711193084717, 	Mean reward done: 1.4215658903121948
Step: 4292608	Mean reward: 5.165047645568848, 	Mean reward done: 1.305845022201538
Step: 4300800	Mean reward: 5.162345886230469, 	Mean reward done: 1.6463319063186646
Step: 4308992	Mean reward: 3.5646886825561523, 	Mean reward done: 1.1132386922836304
Step: 4317184	Mean reward: 4.468924522399902, 	Mean reward done: 1.4568417072296143
Step: 4325376	Mean reward: 3.351358652114868, 	Mean reward done: 1.3476388454437256
Step: 4333568	Mean reward: 4.096407413482666, 	Mean reward done: 1.546478271484375
Step: 4341760	Mean reward: 5.158514976501465, 	Mean reward done: 1.7141131162643433
Step: 4349952	Mean reward: 4.99849796295166, 	Mean reward done: 1.7344130277633667
Step: 4358144	Mean reward: 4.252997875213623, 	Mean reward done: 1.2903330326080322
Step: 4366336	Mean reward: 4.624316692352295, 	Mean reward done: 1.7469874620437622
Step: 4374528	Mean reward: 6.163572788238525, 	Mean reward done: 1.721932291984558
Step: 4382720	Mean reward: 4.303075790405273, 	Mean reward done: 1.2218592166900635
Step: 4390912	Mean reward: 5.099155426025391, 	Mean reward done: 1.7139097452163696
Step: 4399104	Mean reward: 4.089599132537842, 	Mean reward done: 1.3498508930206299
Step: 4407296	Mean reward: 5.8410491943359375, 	Mean reward done: 2.1496894359588623
Step: 4415488	Mean reward: 4.459169387817383, 	Mean reward done: 1.7022663354873657
Step: 4423680	Mean reward: 5.043164253234863, 	Mean reward done: 1.558965802192688
Step: 4431872	Mean reward: 5.042754173278809, 	Mean reward done: 1.3665999174118042
Step: 4440064	Mean reward: 5.678424835205078, 	Mean reward done: 1.6858450174331665
Step: 4448256	Mean reward: 4.56264066696167, 	Mean reward done: 1.26799476146698
Step: 4456448	Mean reward: 4.720109462738037, 	Mean reward done: 1.338294506072998
Step: 4464640	Mean reward: 4.029082298278809, 	Mean reward done: 1.2882664203643799
Step: 4472832	Mean reward: 5.141261577606201, 	Mean reward done: 1.6651654243469238
Step: 4481024	Mean reward: 3.7085342407226562, 	Mean reward done: 1.461386799812317
Step: 4489216	Mean reward: 3.0729122161865234, 	Mean reward done: 1.0154736042022705
Step: 4497408	Mean reward: 3.9734697341918945, 	Mean reward done: 1.1839706897735596
Step: 4505600	Mean reward: 4.873445987701416, 	Mean reward done: 1.445257306098938
Step: 4513792	Mean reward: 4.607766628265381, 	Mean reward done: 1.5897879600524902
Step: 4521984	Mean reward: 5.031496047973633, 	Mean reward done: 1.313616394996643
Step: 4530176	Mean reward: 4.553920745849609, 	Mean reward done: 1.3433657884597778
Step: 4538368	Mean reward: 4.976229190826416, 	Mean reward done: 1.1558221578598022
Step: 4546560	Mean reward: 5.027008533477783, 	Mean reward done: 1.7087962627410889
Step: 4554752	Mean reward: 4.655795574188232, 	Mean reward done: 1.446511149406433
Step: 4562944	Mean reward: 3.597928047180176, 	Mean reward done: 1.1111191511154175
Step: 4571136	Mean reward: 3.5453884601593018, 	Mean reward done: 1.0040231943130493
Step: 4579328	Mean reward: 4.8671875, 	Mean reward done: 1.518377661705017
Step: 4587520	Mean reward: 3.5433413982391357, 	Mean reward done: 1.1661276817321777
Step: 4595712	Mean reward: 3.860382318496704, 	Mean reward done: 1.035598635673523
Step: 4603904	Mean reward: 3.542634963989258, 	Mean reward done: 1.337615728378296
Step: 4612096	Mean reward: 5.023880481719971, 	Mean reward done: 1.3529237508773804
Step: 4620288	Mean reward: 4.970129489898682, 	Mean reward done: 1.4450523853302002
Step: 4628480	Mean reward: 6.132508754730225, 	Mean reward done: 1.7520232200622559
Step: 4636672	Mean reward: 3.9104363918304443, 	Mean reward done: 1.3103007078170776
Step: 4644864	Mean reward: 3.751638650894165, 	Mean reward done: 1.1880152225494385
Step: 4653056	Mean reward: 5.283257484436035, 	Mean reward done: 1.5145320892333984
Step: 4661248	Mean reward: 4.226077079772949, 	Mean reward done: 1.4232300519943237
Step: 4669440	Mean reward: 5.229129314422607, 	Mean reward done: 1.3222495317459106
Step: 4677632	Mean reward: 5.2805328369140625, 	Mean reward done: 1.6378769874572754
Step: 4685824	Mean reward: 6.229413986206055, 	Mean reward done: 1.7369211912155151
Step: 4694016	Mean reward: 5.329900741577148, 	Mean reward done: 1.6900720596313477
Step: 4702208	Mean reward: 4.5900726318359375, 	Mean reward done: 1.6109226942062378
Step: 4710400	Mean reward: 4.958866596221924, 	Mean reward done: 1.3280168771743774
Step: 4718592	Mean reward: 5.3806891441345215, 	Mean reward done: 1.3733084201812744
Step: 4726784	Mean reward: 4.429628372192383, 	Mean reward done: 1.6977415084838867
Step: 4734976	Mean reward: 4.9560394287109375, 	Mean reward done: 1.114986538887024
Step: 4743168	Mean reward: 5.6395111083984375, 	Mean reward done: 1.536781907081604
Step: 4751360	Mean reward: 4.215237617492676, 	Mean reward done: 1.2920442819595337
Step: 4759552	Mean reward: 5.216062545776367, 	Mean reward done: 1.4436241388320923
Step: 4767744	Mean reward: 5.846911430358887, 	Mean reward done: 1.609344244003296
Step: 4775936	Mean reward: 5.266557216644287, 	Mean reward done: 1.4887380599975586
Step: 4784128	Mean reward: 4.212647438049316, 	Mean reward done: 1.3361375331878662
Step: 4792320	Mean reward: 4.47619104385376, 	Mean reward done: 1.2858083248138428
Step: 4800512	Mean reward: 3.475660800933838, 	Mean reward done: 1.0734144449234009
Step: 4808704	Mean reward: 3.843787670135498, 	Mean reward done: 1.1446194648742676
Step: 4816896	Mean reward: 4.264685153961182, 	Mean reward done: 1.265368103981018
Step: 4825088	Mean reward: 5.8426995277404785, 	Mean reward done: 1.8063567876815796
Step: 4833280	Mean reward: 2.9997453689575195, 	Mean reward done: 0.9832419753074646
Step: 4841472	Mean reward: 4.000003337860107, 	Mean reward done: 1.2120342254638672
Step: 4849664	Mean reward: 4.368245601654053, 	Mean reward done: 1.3867907524108887
Step: 4857856	Mean reward: 5.262421607971191, 	Mean reward done: 1.4340150356292725
Step: 4866048	Mean reward: 6.575935363769531, 	Mean reward done: 1.7743169069290161
Step: 4874240	Mean reward: 5.679471015930176, 	Mean reward done: 1.6218314170837402
Step: 4882432	Mean reward: 5.46848201751709, 	Mean reward done: 1.284744143486023
Step: 4890624	Mean reward: 4.888913631439209, 	Mean reward done: 1.3166273832321167
Step: 4898816	Mean reward: 4.93930721282959, 	Mean reward done: 1.4795618057250977
Step: 4907008	Mean reward: 6.40764045715332, 	Mean reward done: 1.6982091665267944
Step: 4915200	Mean reward: 4.567419052124023, 	Mean reward done: 1.3849754333496094
Step: 4923392	Mean reward: 4.304265975952148, 	Mean reward done: 1.2520372867584229
Step: 4931584	Mean reward: 4.932887554168701, 	Mean reward done: 1.3657312393188477
Step: 4939776	Mean reward: 3.830501079559326, 	Mean reward done: 1.1224080324172974
Step: 4947968	Mean reward: 3.6733238697052, 	Mean reward done: 0.9475675821304321
Step: 4956160	Mean reward: 5.089442729949951, 	Mean reward done: 1.2977230548858643
Step: 4964352	Mean reward: 4.249237537384033, 	Mean reward done: 1.2765307426452637
Step: 4972544	Mean reward: 5.0350518226623535, 	Mean reward done: 1.4746854305267334
Step: 4980736	Mean reward: 5.243658065795898, 	Mean reward done: 1.5777180194854736
Step: 4988928	Mean reward: 6.185363292694092, 	Mean reward done: 1.786353349685669
Step: 4997120	Mean reward: 3.301356315612793, 	Mean reward done: 0.8567805886268616
Step: 5005312	Mean reward: 6.391831398010254, 	Mean reward done: 1.712319016456604
Step: 5013504	Mean reward: 4.661665439605713, 	Mean reward done: 1.4945259094238281
Step: 5021696	Mean reward: 4.504786491394043, 	Mean reward done: 1.3226280212402344
Step: 5029888	Mean reward: 3.143381118774414, 	Mean reward done: 0.9761841893196106
Step: 5038080	Mean reward: 4.505659103393555, 	Mean reward done: 1.3934942483901978
Step: 5046272	Mean reward: 4.5571160316467285, 	Mean reward done: 1.4073023796081543
Step: 5054464	Mean reward: 6.125736713409424, 	Mean reward done: 1.3706629276275635
Step: 5062656	Mean reward: 5.494798183441162, 	Mean reward done: 1.7254897356033325
Step: 5070848	Mean reward: 3.8708553314208984, 	Mean reward done: 1.3931776285171509
Step: 5079040	Mean reward: 3.6091232299804688, 	Mean reward done: 1.3756475448608398
Step: 5087232	Mean reward: 4.497922420501709, 	Mean reward done: 1.4080746173858643
Step: 5095424	Mean reward: 6.170753479003906, 	Mean reward done: 1.6541272401809692
Step: 5103616	Mean reward: 4.757864475250244, 	Mean reward done: 1.5187259912490845
Step: 5111808	Mean reward: 4.233786582946777, 	Mean reward done: 1.5620102882385254
Step: 5120000	Mean reward: 5.068982124328613, 	Mean reward done: 1.631612777709961
Step: 5128192	Mean reward: 4.0749592781066895, 	Mean reward done: 1.2068156003952026
Step: 5136384	Mean reward: 5.849371433258057, 	Mean reward done: 1.8018614053726196
Step: 5144576	Mean reward: 6.73370885848999, 	Mean reward done: 2.147153854370117
Step: 5152768	Mean reward: 3.9658961296081543, 	Mean reward done: 1.347187876701355
Step: 5160960	Mean reward: 4.591431140899658, 	Mean reward done: 1.4616639614105225
Step: 5169152	Mean reward: 3.6525683403015137, 	Mean reward done: 1.1865191459655762
Step: 5177344	Mean reward: 4.331302165985107, 	Mean reward done: 1.4924774169921875
Step: 5185536	Mean reward: 4.48647928237915, 	Mean reward done: 1.466206431388855
Step: 5193728	Mean reward: 5.319663047790527, 	Mean reward done: 1.7975871562957764
Step: 5201920	Mean reward: 3.5989418029785156, 	Mean reward done: 1.0779415369033813
Step: 5210112	Mean reward: 4.120813846588135, 	Mean reward done: 1.007599115371704
Step: 5218304	Mean reward: 4.328358173370361, 	Mean reward done: 1.7053349018096924
Step: 5226496	Mean reward: 3.284961223602295, 	Mean reward done: 1.1957958936691284
Step: 5234688	Mean reward: 5.4231038093566895, 	Mean reward done: 1.5450468063354492
Step: 5242880	Mean reward: 4.691654682159424, 	Mean reward done: 1.7237905263900757
Step: 5251072	Mean reward: 4.690939903259277, 	Mean reward done: 1.4411652088165283
Step: 5259264	Mean reward: 3.8042173385620117, 	Mean reward done: 1.291529655456543
Step: 5267456	Mean reward: 3.074296712875366, 	Mean reward done: 1.0699255466461182
Step: 5275648	Mean reward: 3.2312095165252686, 	Mean reward done: 0.9858595132827759
Step: 5283840	Mean reward: 5.419958114624023, 	Mean reward done: 1.4389289617538452
Step: 5292032	Mean reward: 4.324305057525635, 	Mean reward done: 1.282534122467041
Step: 5300224	Mean reward: 3.6982932090759277, 	Mean reward done: 1.1742284297943115
Step: 5308416	Mean reward: 4.792173385620117, 	Mean reward done: 1.5652669668197632
Step: 5316608	Mean reward: 2.969048023223877, 	Mean reward done: 0.9749282598495483
Step: 5324800	Mean reward: 4.062988758087158, 	Mean reward done: 1.2735847234725952
Step: 5332992	Mean reward: 4.9997076988220215, 	Mean reward done: 1.413981556892395
Step: 5341184	Mean reward: 3.7486672401428223, 	Mean reward done: 1.3667137622833252
Step: 5349376	Mean reward: 3.852970600128174, 	Mean reward done: 1.2060987949371338
Step: 5357568	Mean reward: 5.569826126098633, 	Mean reward done: 1.7886717319488525
Step: 5365760	Mean reward: 3.642711877822876, 	Mean reward done: 1.2073076963424683
Step: 5373952	Mean reward: 4.579375267028809, 	Mean reward done: 1.399832844734192
Step: 5382144	Mean reward: 5.358820915222168, 	Mean reward done: 1.479074239730835
Step: 5390336	Mean reward: 5.669631004333496, 	Mean reward done: 1.4496077299118042
Step: 5398528	Mean reward: 5.772367000579834, 	Mean reward done: 1.4569655656814575
Step: 5406720	Mean reward: 5.302868366241455, 	Mean reward done: 1.6281219720840454
Step: 5414912	Mean reward: 5.301944732666016, 	Mean reward done: 1.6583975553512573
Step: 5423104	Mean reward: 4.417624473571777, 	Mean reward done: 1.3162556886672974
Step: 5431296	Mean reward: 5.040874004364014, 	Mean reward done: 1.2850960493087769
Step: 5439488	Mean reward: 4.676418781280518, 	Mean reward done: 1.4305185079574585
Step: 5447680	Mean reward: 4.363633155822754, 	Mean reward done: 1.112548589706421
Step: 5455872	Mean reward: 4.674679756164551, 	Mean reward done: 1.4620321989059448
Step: 5464064	Mean reward: 4.519112586975098, 	Mean reward done: 1.1012080907821655
Step: 5472256	Mean reward: 6.178915500640869, 	Mean reward done: 1.8459599018096924
Step: 5480448	Mean reward: 4.359331130981445, 	Mean reward done: 1.362588882446289
Step: 5488640	Mean reward: 3.7359042167663574, 	Mean reward done: 1.1499390602111816
Step: 5496832	Mean reward: 3.0098657608032227, 	Mean reward done: 1.0422018766403198
Step: 5505024	Mean reward: 3.684513807296753, 	Mean reward done: 1.3570444583892822
Step: 5513216	Mean reward: 4.359379291534424, 	Mean reward done: 1.4029512405395508
Step: 5521408	Mean reward: 4.982303619384766, 	Mean reward done: 1.4047355651855469
Step: 5529600	Mean reward: 5.810702800750732, 	Mean reward done: 1.6258807182312012
Step: 5537792	Mean reward: 4.305109977722168, 	Mean reward done: 1.145438551902771
Step: 5545984	Mean reward: 5.238234043121338, 	Mean reward done: 1.6026049852371216
Step: 5554176	Mean reward: 4.3040971755981445, 	Mean reward done: 1.1428213119506836
Step: 5562368	Mean reward: 5.081098556518555, 	Mean reward done: 1.5885415077209473
Step: 5570560	Mean reward: 3.421298027038574, 	Mean reward done: 1.2553502321243286
Step: 5578752	Mean reward: 6.063331127166748, 	Mean reward done: 1.6414724588394165
Step: 5586944	Mean reward: 4.093659400939941, 	Mean reward done: 1.2452362775802612
Step: 5595136	Mean reward: 4.508326530456543, 	Mean reward done: 1.5278260707855225
Step: 5603328	Mean reward: 4.870388507843018, 	Mean reward done: 1.3790909051895142
Step: 5611520	Mean reward: 4.972014904022217, 	Mean reward done: 1.7134636640548706
Step: 5619712	Mean reward: 3.780392646789551, 	Mean reward done: 1.1744316816329956
Step: 5627904	Mean reward: 3.8319194316864014, 	Mean reward done: 1.2298492193222046
Step: 5636096	Mean reward: 3.9354140758514404, 	Mean reward done: 1.4283078908920288
Step: 5644288	Mean reward: 4.81612491607666, 	Mean reward done: 1.1647006273269653
Step: 5652480	Mean reward: 4.453043460845947, 	Mean reward done: 1.4490935802459717
Step: 5660672	Mean reward: 7.765986442565918, 	Mean reward done: 1.9485228061676025
Step: 5668864	Mean reward: 3.7781765460968018, 	Mean reward done: 1.1443779468536377
Step: 5677056	Mean reward: 4.761345863342285, 	Mean reward done: 1.675118327140808
Step: 5685248	Mean reward: 3.9835286140441895, 	Mean reward done: 1.5675617456436157
Step: 5693440	Mean reward: 4.603564262390137, 	Mean reward done: 1.6353864669799805
Step: 5701632	Mean reward: 5.532773017883301, 	Mean reward done: 1.7365325689315796
Step: 5709824	Mean reward: 3.6705849170684814, 	Mean reward done: 1.0270116329193115
Step: 5718016	Mean reward: 4.497660160064697, 	Mean reward done: 1.6586238145828247
Step: 5726208	Mean reward: 4.756130218505859, 	Mean reward done: 1.374772310256958
Step: 5734400	Mean reward: 4.290990829467773, 	Mean reward done: 1.301949381828308
Step: 5742592	Mean reward: 4.911038398742676, 	Mean reward done: 1.487531065940857
Step: 5750784	Mean reward: 4.5483503341674805, 	Mean reward done: 1.445486068725586
Step: 5758976	Mean reward: 4.547779083251953, 	Mean reward done: 1.3763949871063232
Step: 5767168	Mean reward: 5.270761966705322, 	Mean reward done: 1.4724727869033813
Step: 5775360	Mean reward: 5.011845111846924, 	Mean reward done: 1.2897402048110962
Step: 5783552	Mean reward: 5.063225746154785, 	Mean reward done: 1.4273226261138916
Step: 5791744	Mean reward: 4.752251148223877, 	Mean reward done: 1.4825001955032349
Step: 5799936	Mean reward: 5.422525882720947, 	Mean reward done: 1.8522899150848389
Step: 5808128	Mean reward: 5.4213151931762695, 	Mean reward done: 1.8045110702514648
Step: 5816320	Mean reward: 4.8000407218933105, 	Mean reward done: 1.3444079160690308
Step: 5824512	Mean reward: 3.3029749393463135, 	Mean reward done: 1.184851050376892
Step: 5832704	Mean reward: 4.025481224060059, 	Mean reward done: 1.4574629068374634
Step: 5840896	Mean reward: 4.179858684539795, 	Mean reward done: 1.258141279220581
Step: 5849088	Mean reward: 3.8183023929595947, 	Mean reward done: 1.355691909790039
Step: 5857280	Mean reward: 3.508648157119751, 	Mean reward done: 1.1465752124786377
Step: 5865472	Mean reward: 4.901534557342529, 	Mean reward done: 1.463588833808899
Step: 5873664	Mean reward: 4.848891258239746, 	Mean reward done: 1.472965121269226
Step: 5881856	Mean reward: 4.951540470123291, 	Mean reward done: 1.7018556594848633
Step: 5890048	Mean reward: 4.744266033172607, 	Mean reward done: 1.4000730514526367
Step: 5898240	Mean reward: 4.433957099914551, 	Mean reward done: 1.3800278902053833
Step: 5906432	Mean reward: 4.846016883850098, 	Mean reward done: 1.4645576477050781
Step: 5914624	Mean reward: 4.226603031158447, 	Mean reward done: 1.0736500024795532
Step: 5922816	Mean reward: 5.205212593078613, 	Mean reward done: 1.5250141620635986
Step: 5931008	Mean reward: 3.7620320320129395, 	Mean reward done: 1.0775591135025024
Step: 5939200	Mean reward: 3.504653215408325, 	Mean reward done: 1.0609652996063232
Step: 5947392	Mean reward: 4.432276725769043, 	Mean reward done: 1.4508074522018433
Step: 5955584	Mean reward: 4.329056739807129, 	Mean reward done: 1.2729512453079224
Step: 5963776	Mean reward: 4.791622161865234, 	Mean reward done: 1.4641352891921997
Step: 5971968	Mean reward: 4.63601541519165, 	Mean reward done: 1.5915967226028442
Step: 5980160	Mean reward: 4.48061466217041, 	Mean reward done: 1.503731608390808
Step: 5988352	Mean reward: 4.274543762207031, 	Mean reward done: 1.443584680557251
Step: 5996544	Mean reward: 4.171289443969727, 	Mean reward done: 1.3174771070480347
Step: 6004736	Mean reward: 4.325428485870361, 	Mean reward done: 1.3840655088424683
Step: 6012928	Mean reward: 5.096640110015869, 	Mean reward done: 1.8550410270690918
Step: 6021120	Mean reward: 4.1690263748168945, 	Mean reward done: 1.4023021459579468
Step: 6029312	Mean reward: 3.7572360038757324, 	Mean reward done: 1.163811445236206
Step: 6037504	Mean reward: 4.529125690460205, 	Mean reward done: 1.5671957731246948
Step: 6045696	Mean reward: 3.4477884769439697, 	Mean reward done: 1.0177969932556152
Step: 6053888	Mean reward: 5.453606128692627, 	Mean reward done: 1.703244686126709
Step: 6062080	Mean reward: 3.600567102432251, 	Mean reward done: 1.242195963859558
Step: 6070272	Mean reward: 4.114569664001465, 	Mean reward done: 1.5506911277770996
Step: 6078464	Mean reward: 3.600154399871826, 	Mean reward done: 1.0757628679275513
Step: 6086656	Mean reward: 5.039823532104492, 	Mean reward done: 1.369421362876892
Step: 6094848	Mean reward: 3.547269821166992, 	Mean reward done: 1.3735013008117676
Step: 6103040	Mean reward: 3.2895781993865967, 	Mean reward done: 1.2404557466506958
Step: 6111232	Mean reward: 4.16334867477417, 	Mean reward done: 1.1770551204681396
Step: 6119424	Mean reward: 4.72830867767334, 	Mean reward done: 1.3234113454818726
Step: 6127616	Mean reward: 4.67643928527832, 	Mean reward done: 1.6042073965072632
Step: 6135808	Mean reward: 3.9048421382904053, 	Mean reward done: 1.5559382438659668
Step: 6144000	Mean reward: 4.521402835845947, 	Mean reward done: 1.3333019018173218
Step: 6152192	Mean reward: 3.8528263568878174, 	Mean reward done: 1.172972321510315
Step: 6160384	Mean reward: 5.393454074859619, 	Mean reward done: 1.5058927536010742
Step: 6168576	Mean reward: 3.9545726776123047, 	Mean reward done: 1.1260859966278076
Step: 6176768	Mean reward: 4.2627339363098145, 	Mean reward done: 1.2204937934875488
Step: 6184960	Mean reward: 4.1591796875, 	Mean reward done: 1.2588858604431152
Step: 6193152	Mean reward: 3.696986675262451, 	Mean reward done: 1.143568515777588
Step: 6201344	Mean reward: 4.467442512512207, 	Mean reward done: 1.3182239532470703
Step: 6209536	Mean reward: 4.979771137237549, 	Mean reward done: 1.4229159355163574
Step: 6217728	Mean reward: 5.030147552490234, 	Mean reward done: 1.386746883392334
Step: 6225920	Mean reward: 3.3360602855682373, 	Mean reward done: 1.1111642122268677
Step: 6234112	Mean reward: 4.260090351104736, 	Mean reward done: 1.573148250579834
Step: 6242304	Mean reward: 6.1064958572387695, 	Mean reward done: 1.4898444414138794
Step: 6250496	Mean reward: 5.335278511047363, 	Mean reward done: 1.8682138919830322
Step: 6258688	Mean reward: 3.743973731994629, 	Mean reward done: 1.1494410037994385
Step: 6266880	Mean reward: 3.026123285293579, 	Mean reward done: 1.048641324043274
Step: 6275072	Mean reward: 5.180588245391846, 	Mean reward done: 1.4899321794509888
Step: 6283264	Mean reward: 4.667139053344727, 	Mean reward done: 1.657433271408081
Step: 6291456	Mean reward: 3.897299289703369, 	Mean reward done: 1.370896339416504
Step: 6299648	Mean reward: 4.101731300354004, 	Mean reward done: 1.138296127319336
Step: 6307840	Mean reward: 3.7422142028808594, 	Mean reward done: 1.3520293235778809
Step: 6316032	Mean reward: 3.7418787479400635, 	Mean reward done: 1.3207645416259766
Step: 6324224	Mean reward: 4.1517205238342285, 	Mean reward done: 1.3100171089172363
Step: 6332416	Mean reward: 5.380482196807861, 	Mean reward done: 1.6115994453430176
Step: 6340608	Mean reward: 4.713229656219482, 	Mean reward done: 1.2941904067993164
Step: 6348800	Mean reward: 4.45691442489624, 	Mean reward done: 1.5889586210250854
Step: 6356992	Mean reward: 4.404824256896973, 	Mean reward done: 1.2792630195617676
Step: 6365184	Mean reward: 4.046243190765381, 	Mean reward done: 1.2825348377227783
Step: 6373376	Mean reward: 4.558038711547852, 	Mean reward done: 1.2085269689559937
Step: 6381568	Mean reward: 4.250574588775635, 	Mean reward done: 1.256269097328186
Step: 6389760	Mean reward: 4.249727725982666, 	Mean reward done: 1.4191373586654663
Step: 6397952	Mean reward: 6.348589897155762, 	Mean reward done: 1.6963798999786377
Step: 6406144	Mean reward: 5.784465789794922, 	Mean reward done: 1.747516393661499
Step: 6414336	Mean reward: 3.326772928237915, 	Mean reward done: 1.1848440170288086
Step: 6422528	Mean reward: 3.7364068031311035, 	Mean reward done: 1.2488783597946167
Step: 6430720	Mean reward: 5.476062297821045, 	Mean reward done: 1.6878927946090698
Step: 6438912	Mean reward: 5.987175941467285, 	Mean reward done: 1.7663077116012573
Step: 6447104	Mean reward: 5.5254340171813965, 	Mean reward done: 1.7582604885101318
Step: 6455296	Mean reward: 4.654683589935303, 	Mean reward done: 1.5592384338378906
Step: 6463488	Mean reward: 3.6827690601348877, 	Mean reward done: 0.9957106709480286
Step: 6471680	Mean reward: 5.319633960723877, 	Mean reward done: 1.7808912992477417
Step: 6479872	Mean reward: 6.085965633392334, 	Mean reward done: 1.7985241413116455
Step: 6488064	Mean reward: 5.777604103088379, 	Mean reward done: 1.7166677713394165
Step: 6496256	Mean reward: 3.5781970024108887, 	Mean reward done: 1.1160573959350586
Step: 6504448	Mean reward: 4.907021999359131, 	Mean reward done: 1.761659026145935
Step: 6512640	Mean reward: 5.6728949546813965, 	Mean reward done: 1.75906503200531
Step: 6520832	Mean reward: 4.292489051818848, 	Mean reward done: 1.2945661544799805
Step: 6529024	Mean reward: 3.423754930496216, 	Mean reward done: 0.987095057964325
Step: 6537216	Mean reward: 4.087323188781738, 	Mean reward done: 1.1793783903121948
Step: 6545408	Mean reward: 4.035184383392334, 	Mean reward done: 1.408056616783142
Step: 6553600	Mean reward: 5.260281562805176, 	Mean reward done: 1.5766288042068481
Step: 6561792	Mean reward: 4.646912574768066, 	Mean reward done: 1.474927306175232
Step: 6569984	Mean reward: 3.4215593338012695, 	Mean reward done: 1.0766812562942505
Step: 6578176	Mean reward: 4.493398189544678, 	Mean reward done: 1.3253052234649658
Step: 6586368	Mean reward: 4.084561824798584, 	Mean reward done: 1.3657746315002441
Step: 6594560	Mean reward: 4.850222110748291, 	Mean reward done: 1.192256212234497
Step: 6602752	Mean reward: 5.3604960441589355, 	Mean reward done: 1.4868383407592773
Step: 6610944	Mean reward: 5.053780555725098, 	Mean reward done: 1.494631290435791
Step: 6619136	Mean reward: 5.614577293395996, 	Mean reward done: 1.4955122470855713
Step: 6627328	Mean reward: 5.256258964538574, 	Mean reward done: 1.860961675643921
Step: 6635520	Mean reward: 5.050984859466553, 	Mean reward done: 1.4081460237503052
Step: 6643712	Mean reward: 4.794936180114746, 	Mean reward done: 1.404433250427246
Step: 6651904	Mean reward: 3.5190086364746094, 	Mean reward done: 1.1895806789398193
Step: 6660096	Mean reward: 3.9268136024475098, 	Mean reward done: 1.1975995302200317
Step: 6668288	Mean reward: 4.079021453857422, 	Mean reward done: 1.2860010862350464
Step: 6676480	Mean reward: 6.015233993530273, 	Mean reward done: 1.5478891134262085
Step: 6684672	Mean reward: 4.587021350860596, 	Mean reward done: 1.4559593200683594
Step: 6692864	Mean reward: 5.350466251373291, 	Mean reward done: 1.586331844329834
Step: 6701056	Mean reward: 3.8212203979492188, 	Mean reward done: 1.2355319261550903
Step: 6709248	Mean reward: 3.4638702869415283, 	Mean reward done: 1.3923571109771729
Step: 6717440	Mean reward: 5.603063583374023, 	Mean reward done: 1.7004445791244507
Step: 6725632	Mean reward: 4.736626625061035, 	Mean reward done: 1.3609627485275269
Step: 6733824	Mean reward: 5.245535373687744, 	Mean reward done: 1.58893883228302
Step: 6742016	Mean reward: 3.7679367065429688, 	Mean reward done: 1.190514087677002
Step: 6750208	Mean reward: 4.022629737854004, 	Mean reward done: 1.365492582321167
Step: 6758400	Mean reward: 3.3097102642059326, 	Mean reward done: 1.040194034576416
Step: 6766592	Mean reward: 4.785982131958008, 	Mean reward done: 1.5062384605407715
Step: 6774784	Mean reward: 5.497543811798096, 	Mean reward done: 1.4987437725067139
Step: 6782976	Mean reward: 4.274925231933594, 	Mean reward done: 1.7023528814315796
Step: 6791168	Mean reward: 4.834040641784668, 	Mean reward done: 1.5485986471176147
Step: 6799360	Mean reward: 5.442838191986084, 	Mean reward done: 1.7227321863174438
Step: 6807552	Mean reward: 6.000322341918945, 	Mean reward done: 1.8925080299377441
Step: 6815744	Mean reward: 4.931267738342285, 	Mean reward done: 1.431339144706726
Step: 6823936	Mean reward: 4.929863452911377, 	Mean reward done: 1.5475726127624512
Step: 6832128	Mean reward: 4.268949031829834, 	Mean reward done: 1.6643834114074707
Step: 6840320	Mean reward: 4.928769111633301, 	Mean reward done: 1.316876769065857
Step: 6848512	Mean reward: 3.962195873260498, 	Mean reward done: 1.488266110420227
Step: 6856704	Mean reward: 4.520830154418945, 	Mean reward done: 1.4967875480651855
Step: 6864896	Mean reward: 5.130444526672363, 	Mean reward done: 1.723697543144226
Step: 6873088	Mean reward: 4.977716445922852, 	Mean reward done: 1.622360348701477
Step: 6881280	Mean reward: 4.062934875488281, 	Mean reward done: 1.4025568962097168
Step: 6889472	Mean reward: 4.5706586837768555, 	Mean reward done: 1.190066933631897
Step: 6897664	Mean reward: 2.9962456226348877, 	Mean reward done: 1.0842355489730835
Step: 6905856	Mean reward: 4.011835098266602, 	Mean reward done: 1.187591552734375
Step: 6914048	Mean reward: 5.230103969573975, 	Mean reward done: 1.4453531503677368
Step: 6922240	Mean reward: 4.822682857513428, 	Mean reward done: 1.5659918785095215
Step: 6930432	Mean reward: 4.365158557891846, 	Mean reward done: 1.310758352279663
Step: 6938624	Mean reward: 4.415209770202637, 	Mean reward done: 1.696731448173523
Step: 6946816	Mean reward: 4.059360980987549, 	Mean reward done: 1.2279486656188965
Step: 6955008	Mean reward: 5.733046531677246, 	Mean reward done: 1.8738120794296265
Step: 6963200	Mean reward: 6.289673805236816, 	Mean reward done: 2.018794298171997
Step: 6971392	Mean reward: 5.020674705505371, 	Mean reward done: 1.4867708683013916
Step: 6979584	Mean reward: 4.816616535186768, 	Mean reward done: 1.9765220880508423
Step: 6987776	Mean reward: 3.8018455505371094, 	Mean reward done: 1.4134454727172852
Step: 6995968	Mean reward: 4.612954139709473, 	Mean reward done: 1.4226274490356445
Step: 7004160	Mean reward: 3.801705837249756, 	Mean reward done: 1.2832865715026855
Step: 7012352	Mean reward: 5.9802985191345215, 	Mean reward done: 1.7391669750213623
Step: 7020544	Mean reward: 5.2184600830078125, 	Mean reward done: 1.6981427669525146
Step: 7028736	Mean reward: 3.1407015323638916, 	Mean reward done: 0.9740126729011536
Step: 7036928	Mean reward: 4.457507610321045, 	Mean reward done: 1.5061039924621582
Step: 7045120	Mean reward: 5.266640663146973, 	Mean reward done: 1.8273274898529053
Step: 7053312	Mean reward: 4.455727577209473, 	Mean reward done: 1.583141565322876
Step: 7061504	Mean reward: 5.264167785644531, 	Mean reward done: 1.9133507013320923
Step: 7069696	Mean reward: 4.099165439605713, 	Mean reward done: 1.5316972732543945
Step: 7077888	Mean reward: 5.262697219848633, 	Mean reward done: 1.506170392036438
Step: 7086080	Mean reward: 5.008347511291504, 	Mean reward done: 1.416205644607544
Step: 7094272	Mean reward: 3.995896100997925, 	Mean reward done: 1.3555723428726196
Step: 7102464	Mean reward: 4.248378753662109, 	Mean reward done: 1.2703022956848145
Step: 7110656	Mean reward: 5.056387901306152, 	Mean reward done: 1.6059026718139648
Step: 7118848	Mean reward: 6.066322326660156, 	Mean reward done: 1.59072744846344
Step: 7127040	Mean reward: 4.195102214813232, 	Mean reward done: 1.2534810304641724
Step: 7135232	Mean reward: 4.901659965515137, 	Mean reward done: 1.598109483718872
Step: 7143424	Mean reward: 5.456628322601318, 	Mean reward done: 1.6041545867919922
Step: 7151616	Mean reward: 4.395610809326172, 	Mean reward done: 1.4626842737197876
Step: 7159808	Mean reward: 4.597506046295166, 	Mean reward done: 1.3539884090423584
Step: 7168000	Mean reward: 4.445504188537598, 	Mean reward done: 1.2208331823349
Step: 7176192	Mean reward: 5.2028679847717285, 	Mean reward done: 1.6408421993255615
Step: 7184384	Mean reward: 5.151159286499023, 	Mean reward done: 1.4112813472747803
Step: 7192576	Mean reward: 4.74650239944458, 	Mean reward done: 1.4487797021865845
Step: 7200768	Mean reward: 4.190493583679199, 	Mean reward done: 1.397672176361084
Step: 7208960	Mean reward: 5.502810955047607, 	Mean reward done: 1.7350494861602783
Step: 7217152	Mean reward: 4.542574882507324, 	Mean reward done: 1.5882205963134766
Step: 7225344	Mean reward: 3.6842236518859863, 	Mean reward done: 1.1616251468658447
Step: 7233536	Mean reward: 5.4999799728393555, 	Mean reward done: 1.8011034727096558
Step: 7241728	Mean reward: 5.447275161743164, 	Mean reward done: 1.9730366468429565
Step: 7249920	Mean reward: 3.4791922569274902, 	Mean reward done: 1.141243577003479
Step: 7258112	Mean reward: 4.084115028381348, 	Mean reward done: 1.1700150966644287
Step: 7266304	Mean reward: 5.545732498168945, 	Mean reward done: 1.8871248960494995
Step: 7274496	Mean reward: 5.896793365478516, 	Mean reward done: 1.8334954977035522
Step: 7282688	Mean reward: 5.290865898132324, 	Mean reward done: 1.3832992315292358
Step: 7290880	Mean reward: 5.188512802124023, 	Mean reward done: 1.6615291833877563
Step: 7299072	Mean reward: 4.58284854888916, 	Mean reward done: 1.2716155052185059
Step: 7307264	Mean reward: 4.984133243560791, 	Mean reward done: 1.673148274421692
Step: 7315456	Mean reward: 5.6876068115234375, 	Mean reward done: 1.5564937591552734
Step: 7323648	Mean reward: 6.239470958709717, 	Mean reward done: 1.7984130382537842
Step: 7331840	Mean reward: 5.282064437866211, 	Mean reward done: 1.6825093030929565
Step: 7340032	Mean reward: 5.632946014404297, 	Mean reward done: 1.6518223285675049
Step: 7348224	Mean reward: 3.9224047660827637, 	Mean reward done: 1.1146997213363647
Step: 7356416	Mean reward: 4.726452350616455, 	Mean reward done: 1.5063464641571045
Step: 7364608	Mean reward: 5.177667140960693, 	Mean reward done: 1.5193226337432861
Step: 7372800	Mean reward: 5.02591609954834, 	Mean reward done: 1.6007574796676636
Step: 7380992	Mean reward: 5.326661109924316, 	Mean reward done: 1.6811569929122925
Step: 7389184	Mean reward: 3.51700758934021, 	Mean reward done: 1.2694727182388306
Step: 7397376	Mean reward: 3.9693169593811035, 	Mean reward done: 1.1129179000854492
Step: 7405568	Mean reward: 5.977653503417969, 	Mean reward done: 1.7062228918075562
Step: 7413760	Mean reward: 4.218767166137695, 	Mean reward done: 1.1764233112335205
Step: 7421952	Mean reward: 5.423583030700684, 	Mean reward done: 1.6743108034133911
Step: 7430144	Mean reward: 6.074959754943848, 	Mean reward done: 1.6311051845550537
Step: 7438336	Mean reward: 4.617279052734375, 	Mean reward done: 1.508236050605774
Step: 7446528	Mean reward: 5.168728828430176, 	Mean reward done: 1.6061758995056152
Step: 7454720	Mean reward: 5.268278121948242, 	Mean reward done: 1.5127503871917725
Step: 7462912	Mean reward: 5.117368698120117, 	Mean reward done: 1.6715037822723389
Step: 7471104	Mean reward: 4.163848876953125, 	Mean reward done: 1.5200543403625488
Step: 7479296	Mean reward: 6.771615028381348, 	Mean reward done: 1.9537380933761597
Step: 7487488	Mean reward: 4.864307403564453, 	Mean reward done: 1.48269522190094
Step: 7495680	Mean reward: 5.363857746124268, 	Mean reward done: 1.8756979703903198
Step: 7503872	Mean reward: 3.458125591278076, 	Mean reward done: 0.9789670705795288
Step: 7512064	Mean reward: 3.8089780807495117, 	Mean reward done: 1.0811200141906738
Step: 7520256	Mean reward: 5.3618903160095215, 	Mean reward done: 1.5877046585083008
Step: 7528448	Mean reward: 4.909058094024658, 	Mean reward done: 1.8342481851577759
Step: 7536640	Mean reward: 5.308757781982422, 	Mean reward done: 1.728341817855835
Step: 7544832	Mean reward: 6.709745407104492, 	Mean reward done: 2.2924187183380127
Step: 7553024	Mean reward: 4.855156421661377, 	Mean reward done: 1.7737956047058105
Step: 7561216	Mean reward: 3.7532684803009033, 	Mean reward done: 1.0876176357269287
Step: 7569408	Mean reward: 4.203531742095947, 	Mean reward done: 1.3411234617233276
Step: 7577600	Mean reward: 5.654086112976074, 	Mean reward done: 1.6928882598876953
Step: 7585792	Mean reward: 5.402230739593506, 	Mean reward done: 1.6615335941314697
Step: 7593984	Mean reward: 3.300673723220825, 	Mean reward done: 1.0427130460739136
Step: 7602176	Mean reward: 4.300097942352295, 	Mean reward done: 1.6250600814819336
Step: 7610368	Mean reward: 4.649052143096924, 	Mean reward done: 1.473030686378479
Step: 7618560	Mean reward: 4.9982123374938965, 	Mean reward done: 1.5119578838348389
Step: 7626752	Mean reward: 6.896177768707275, 	Mean reward done: 2.117990732192993
Step: 7634944	Mean reward: 5.3451032638549805, 	Mean reward done: 1.8747806549072266
Step: 7643136	Mean reward: 4.394707679748535, 	Mean reward done: 1.636378526687622
Step: 7651328	Mean reward: 4.294041156768799, 	Mean reward done: 1.3033735752105713
Step: 7659520	Mean reward: 4.7428741455078125, 	Mean reward done: 1.538644790649414
Step: 7667712	Mean reward: 5.141435146331787, 	Mean reward done: 1.630623698234558
Step: 7675904	Mean reward: 4.292531967163086, 	Mean reward done: 1.297745943069458
Step: 7684096	Mean reward: 4.890707015991211, 	Mean reward done: 1.752528429031372
Step: 7692288	Mean reward: 5.039559364318848, 	Mean reward done: 1.318934440612793
Step: 7700480	Mean reward: 5.986477851867676, 	Mean reward done: 1.9036883115768433
Step: 7708672	Mean reward: 5.336450099945068, 	Mean reward done: 1.6208932399749756
Step: 7716864	Mean reward: 5.833911418914795, 	Mean reward done: 1.9429981708526611
Step: 7725056	Mean reward: 6.280966758728027, 	Mean reward done: 1.705183506011963
Step: 7733248	Mean reward: 5.333074569702148, 	Mean reward done: 1.43295156955719
Step: 7741440	Mean reward: 5.1828460693359375, 	Mean reward done: 1.680638313293457
Step: 7749632	Mean reward: 6.527021884918213, 	Mean reward done: 1.7102298736572266
Step: 7757824	Mean reward: 5.430055618286133, 	Mean reward done: 1.5249913930892944
Step: 7766016	Mean reward: 4.2340312004089355, 	Mean reward done: 1.309230089187622
Step: 7774208	Mean reward: 5.977687835693359, 	Mean reward done: 1.6443393230438232
Step: 7782400	Mean reward: 4.931014537811279, 	Mean reward done: 1.4851220846176147
Step: 7790592	Mean reward: 3.585538864135742, 	Mean reward done: 1.212613821029663
Step: 7798784	Mean reward: 5.179080009460449, 	Mean reward done: 1.3892701864242554
Step: 7806976	Mean reward: 4.2327728271484375, 	Mean reward done: 1.435823678970337
Step: 7815168	Mean reward: 4.282167434692383, 	Mean reward done: 1.479089617729187
Step: 7823360	Mean reward: 3.733936309814453, 	Mean reward done: 1.1293089389801025
Step: 7831552	Mean reward: 4.828769683837891, 	Mean reward done: 1.3741997480392456
Step: 7839744	Mean reward: 4.280885219573975, 	Mean reward done: 1.1458674669265747
Step: 7847936	Mean reward: 4.629116058349609, 	Mean reward done: 1.4036768674850464
Step: 7856128	Mean reward: 3.285050630569458, 	Mean reward done: 1.4069322347640991
Step: 7864320	Mean reward: 4.479320049285889, 	Mean reward done: 1.3122751712799072
Step: 7872512	Mean reward: 4.827311992645264, 	Mean reward done: 1.4448785781860352
Step: 7880704	Mean reward: 4.478538513183594, 	Mean reward done: 1.3369276523590088
Step: 7888896	Mean reward: 5.522938251495361, 	Mean reward done: 1.6792762279510498
Step: 7897088	Mean reward: 5.124337673187256, 	Mean reward done: 1.3101078271865845
Step: 7905280	Mean reward: 6.815098762512207, 	Mean reward done: 1.7866779565811157
Step: 7913472	Mean reward: 4.824357986450195, 	Mean reward done: 1.3079315423965454
Step: 7921664	Mean reward: 5.520256996154785, 	Mean reward done: 1.3426494598388672
Step: 7929856	Mean reward: 6.513988018035889, 	Mean reward done: 1.960831880569458
Step: 7938048	Mean reward: 5.1698899269104, 	Mean reward done: 1.501261591911316
Step: 7946240	Mean reward: 4.423285007476807, 	Mean reward done: 1.3668596744537354
Step: 7954432	Mean reward: 3.4288456439971924, 	Mean reward done: 1.062610387802124
Step: 7962624	Mean reward: 3.925671100616455, 	Mean reward done: 1.1420855522155762
Step: 7970816	Mean reward: 3.8261895179748535, 	Mean reward done: 1.2099690437316895
Step: 7979008	Mean reward: 4.174039363861084, 	Mean reward done: 1.1702216863632202
Step: 7987200	Mean reward: 4.223281383514404, 	Mean reward done: 1.424875259399414
Step: 7995392	Mean reward: 3.874871015548706, 	Mean reward done: 1.337281346321106
Step: 8003584	Mean reward: 4.122490882873535, 	Mean reward done: 1.1754885911941528
Completed training of sd_n_na_db!

------------------------------------------------------------
Sender: LSF System <lsfadmin@n-62-20-7>
Subject: Job 8466607: <sd_n_na_db> in cluster <dcc> Done

Job <sd_n_na_db> was submitted from host <n-62-27-19> by user <s192288> in cluster <dcc> at Wed Dec  2 16:49:00 2020
Job was executed on host(s) <n-62-20-7>, in queue <gpuv100>, as user <s192288> in cluster <dcc> at Thu Dec  3 03:27:19 2020
</zhome/09/9/144141> was used as the home directory.
</zhome/09/9/144141/Desktop/Deep_l_hpc> was used as the working directory.
Started at Thu Dec  3 03:27:19 2020
Terminated at Thu Dec  3 06:51:44 2020
Results reported at Thu Dec  3 06:51:44 2020

Your job looked like:

------------------------------------------------------------
# LSBATCH: User input
#!/bin/sh

#BSUB -J sd_n_na_db

#BSUB -q gpuv100

#BSUB -gpu "num=1"

#BSUB -n 1

#BSUB -W 23:45

#BSUB -R "rusage[mem=16GB]"

#BSUB -o sd_n_na_db.out

#BSUB -e sd_n_na_db.err

# Load modules

module load python3/3.8.2
module load cuda/8.0
module load cudnn/v7.0-prod-cuda8
module load ffmpeg/4.2.2
pip3 install --user torch matplotlib procgen gym 

# 1 = model_name, 2 = encoder_index, 3 = aug_index, 4 = mix_reg, 5 = game
#the name of the run
#encoder_index 0 = Impala, 1 = Nature  
#aug_index: 0 = None, 1 = grayscale, 2 = random_cutout, 3 = color_jitter
#mixreg: 0 = False, 1 = True 
#type of game

python3 train_ppo.py sd_n_na_db 1 0 0 dodgeball



------------------------------------------------------------

Successfully completed.

Resource usage summary:

    CPU time :                                   12352.86 sec.
    Max Memory :                                 9071 MB
    Average Memory :                             8982.09 MB
    Total Requested Memory :                     16384.00 MB
    Delta Memory :                               7313.00 MB
    Max Swap :                                   -
    Max Processes :                              4
    Max Threads :                                13
    Run time :                                   12265 sec.
    Turnaround time :                            50564 sec.

The output (if any) is above this job summary.



PS:

Read file <sd_n_na_db.err> for stderr output of this job.

