Requirement already satisfied: torch in /zhome/09/9/144141/.local/lib/python3.8/site-packages (1.7.0)
Requirement already satisfied: matplotlib in /zhome/09/9/144141/.local/lib/python3.8/site-packages (3.3.3)
Requirement already satisfied: procgen in /zhome/09/9/144141/.local/lib/python3.8/site-packages (0.10.4)
Requirement already satisfied: gym in /zhome/09/9/144141/.local/lib/python3.8/site-packages (0.17.3)
Requirement already satisfied: numpy in /zhome/09/9/144141/.local/lib/python3.8/site-packages (from torch) (1.19.4)
Requirement already satisfied: dataclasses in /zhome/09/9/144141/.local/lib/python3.8/site-packages (from torch) (0.6)
Requirement already satisfied: typing-extensions in /zhome/09/9/144141/.local/lib/python3.8/site-packages (from torch) (3.7.4.3)
Requirement already satisfied: future in /zhome/09/9/144141/.local/lib/python3.8/site-packages (from torch) (0.18.2)
Requirement already satisfied: cycler>=0.10 in /zhome/09/9/144141/.local/lib/python3.8/site-packages (from matplotlib) (0.10.0)
Requirement already satisfied: pyparsing!=2.0.4,!=2.1.2,!=2.1.6,>=2.0.3 in /zhome/09/9/144141/.local/lib/python3.8/site-packages (from matplotlib) (2.4.7)
Requirement already satisfied: python-dateutil>=2.1 in /zhome/09/9/144141/.local/lib/python3.8/site-packages (from matplotlib) (2.8.1)
Requirement already satisfied: pillow>=6.2.0 in /zhome/09/9/144141/.local/lib/python3.8/site-packages (from matplotlib) (8.0.1)
Requirement already satisfied: kiwisolver>=1.0.1 in /zhome/09/9/144141/.local/lib/python3.8/site-packages (from matplotlib) (1.3.1)
Requirement already satisfied: filelock<4.0.0,>=3.0.0 in /zhome/09/9/144141/.local/lib/python3.8/site-packages (from procgen) (3.0.12)
Requirement already satisfied: gym3<1.0.0,>=0.3.3 in /zhome/09/9/144141/.local/lib/python3.8/site-packages (from procgen) (0.3.3)
Requirement already satisfied: scipy in /zhome/09/9/144141/.local/lib/python3.8/site-packages (from gym) (1.5.4)
Requirement already satisfied: pyglet<=1.5.0,>=1.4.0 in /zhome/09/9/144141/.local/lib/python3.8/site-packages (from gym) (1.5.0)
Requirement already satisfied: cloudpickle<1.7.0,>=1.2.0 in /zhome/09/9/144141/.local/lib/python3.8/site-packages (from gym) (1.6.0)
Requirement already satisfied: six in /zhome/09/9/144141/.local/lib/python3.8/site-packages (from cycler>=0.10->matplotlib) (1.15.0)
Requirement already satisfied: imageio<3.0.0,>=2.6.0 in /zhome/09/9/144141/.local/lib/python3.8/site-packages (from gym3<1.0.0,>=0.3.3->procgen) (2.9.0)
Requirement already satisfied: moderngl<6.0.0,>=5.5.4 in /zhome/09/9/144141/.local/lib/python3.8/site-packages (from gym3<1.0.0,>=0.3.3->procgen) (5.6.2)
Requirement already satisfied: imageio-ffmpeg<0.4.0,>=0.3.0 in /zhome/09/9/144141/.local/lib/python3.8/site-packages (from gym3<1.0.0,>=0.3.3->procgen) (0.3.0)
Requirement already satisfied: glfw<2.0.0,>=1.8.6 in /zhome/09/9/144141/.local/lib/python3.8/site-packages (from gym3<1.0.0,>=0.3.3->procgen) (1.12.0)
Requirement already satisfied: cffi<2.0.0,>=1.13.0 in /zhome/09/9/144141/.local/lib/python3.8/site-packages (from gym3<1.0.0,>=0.3.3->procgen) (1.14.4)
Requirement already satisfied: glcontext<3,>=2 in /zhome/09/9/144141/.local/lib/python3.8/site-packages (from moderngl<6.0.0,>=5.5.4->gym3<1.0.0,>=0.3.3->procgen) (2.2.0)
Requirement already satisfied: pycparser in /zhome/09/9/144141/.local/lib/python3.8/site-packages (from cffi<2.0.0,>=1.13.0->gym3<1.0.0,>=0.3.3->procgen) (2.20)
Run name sd_n_rc_db
Encoder used Nature
Augumentation used random_cutout
Mixreg? False
Game dodgeball
Observation space: Box(0.0, 1.0, (3, 64, 64), float32)
Action space: 15
Embrace Nature!
Step: 8192	Mean reward: 5.487490177154541, 	Mean reward done: 1.5745315551757812
Estimated time of completion: 4.202056896044977 hours
Step: 16384	Mean reward: 2.917189121246338, 	Mean reward done: 0.8132403492927551
Step: 24576	Mean reward: 3.625917434692383, 	Mean reward done: 1.115273356437683
Step: 32768	Mean reward: 3.1308891773223877, 	Mean reward done: 0.888964831829071
Step: 40960	Mean reward: 2.9093570709228516, 	Mean reward done: 0.7480705380439758
Step: 49152	Mean reward: 3.5007805824279785, 	Mean reward done: 1.1211798191070557
Step: 57344	Mean reward: 3.910371780395508, 	Mean reward done: 1.2383724451065063
Step: 65536	Mean reward: 4.51978063583374, 	Mean reward done: 1.1886464357376099
Step: 73728	Mean reward: 3.9144952297210693, 	Mean reward done: 1.0550413131713867
Step: 81920	Mean reward: 3.837310791015625, 	Mean reward done: 1.238092064857483
Step: 90112	Mean reward: 3.928598165512085, 	Mean reward done: 1.0357476472854614
Step: 98304	Mean reward: 3.620398759841919, 	Mean reward done: 1.0248606204986572
Step: 106496	Mean reward: 4.0218400955200195, 	Mean reward done: 1.2054274082183838
Step: 114688	Mean reward: 3.1536684036254883, 	Mean reward done: 1.1661815643310547
Step: 122880	Mean reward: 3.2344934940338135, 	Mean reward done: 1.205152988433838
Step: 131072	Mean reward: 3.452331304550171, 	Mean reward done: 1.0896246433258057
Step: 139264	Mean reward: 3.644904851913452, 	Mean reward done: 1.213917851448059
Step: 147456	Mean reward: 4.259549140930176, 	Mean reward done: 1.0687825679779053
Step: 155648	Mean reward: 3.9987263679504395, 	Mean reward done: 1.3068751096725464
Step: 163840	Mean reward: 4.242308616638184, 	Mean reward done: 1.3217427730560303
Step: 172032	Mean reward: 4.776027679443359, 	Mean reward done: 1.475738286972046
Step: 180224	Mean reward: 3.776306390762329, 	Mean reward done: 1.0872846841812134
Step: 188416	Mean reward: 3.8838605880737305, 	Mean reward done: 1.121393084526062
Step: 196608	Mean reward: 3.566387176513672, 	Mean reward done: 1.1925477981567383
Step: 204800	Mean reward: 4.2401862144470215, 	Mean reward done: 1.4044768810272217
Step: 212992	Mean reward: 4.04332971572876, 	Mean reward done: 1.6450117826461792
Step: 221184	Mean reward: 3.430720806121826, 	Mean reward done: 1.0890980958938599
Step: 229376	Mean reward: 2.778407335281372, 	Mean reward done: 1.0631636381149292
Step: 237568	Mean reward: 4.123981952667236, 	Mean reward done: 1.0915274620056152
Step: 245760	Mean reward: 4.494358062744141, 	Mean reward done: 1.2021288871765137
Step: 253952	Mean reward: 3.600154161453247, 	Mean reward done: 1.2669825553894043
Step: 262144	Mean reward: 3.9257407188415527, 	Mean reward done: 0.9835772514343262
Step: 270336	Mean reward: 3.3840463161468506, 	Mean reward done: 1.2064603567123413
Step: 278528	Mean reward: 3.4524335861206055, 	Mean reward done: 0.9686821699142456
Step: 286720	Mean reward: 3.1243584156036377, 	Mean reward done: 0.6978887915611267
Step: 294912	Mean reward: 3.6596364974975586, 	Mean reward done: 0.8867683410644531
Step: 303104	Mean reward: 5.550683975219727, 	Mean reward done: 1.9815409183502197
Step: 311296	Mean reward: 3.7616219520568848, 	Mean reward done: 1.1521360874176025
Step: 319488	Mean reward: 3.619462490081787, 	Mean reward done: 1.0568193197250366
Step: 327680	Mean reward: 3.8993875980377197, 	Mean reward done: 1.3117018938064575
Step: 335872	Mean reward: 3.947923183441162, 	Mean reward done: 1.2388330698013306
Step: 344064	Mean reward: 3.9698705673217773, 	Mean reward done: 1.3417917490005493
Step: 352256	Mean reward: 3.100944995880127, 	Mean reward done: 1.3738700151443481
Step: 360448	Mean reward: 3.085846185684204, 	Mean reward done: 0.9042012691497803
Step: 368640	Mean reward: 3.0442416667938232, 	Mean reward done: 0.9008016586303711
Step: 376832	Mean reward: 4.499236106872559, 	Mean reward done: 1.4264472723007202
Step: 385024	Mean reward: 3.499359130859375, 	Mean reward done: 1.2079042196273804
Step: 393216	Mean reward: 3.1504154205322266, 	Mean reward done: 0.9588284492492676
Step: 401408	Mean reward: 5.110841751098633, 	Mean reward done: 1.3755680322647095
Step: 409600	Mean reward: 4.072790622711182, 	Mean reward done: 1.0381507873535156
Step: 417792	Mean reward: 3.5413429737091064, 	Mean reward done: 1.5608857870101929
Step: 425984	Mean reward: 3.013396739959717, 	Mean reward done: 0.7967062592506409
Step: 434176	Mean reward: 3.658381223678589, 	Mean reward done: 0.921291708946228
Step: 442368	Mean reward: 3.7228639125823975, 	Mean reward done: 1.318191647529602
Step: 450560	Mean reward: 2.6216259002685547, 	Mean reward done: 0.8880465030670166
Step: 458752	Mean reward: 4.180616855621338, 	Mean reward done: 1.1029719114303589
Step: 466944	Mean reward: 4.3089599609375, 	Mean reward done: 1.1424427032470703
Step: 475136	Mean reward: 3.3386270999908447, 	Mean reward done: 0.9813894629478455
Step: 483328	Mean reward: 3.4028046131134033, 	Mean reward done: 0.7588557004928589
Step: 491520	Mean reward: 4.577052116394043, 	Mean reward done: 1.2980612516403198
Step: 499712	Mean reward: 4.111408233642578, 	Mean reward done: 1.274461269378662
Step: 507904	Mean reward: 3.1829400062561035, 	Mean reward done: 0.900276243686676
Step: 516096	Mean reward: 3.1379246711730957, 	Mean reward done: 0.9097734093666077
Step: 524288	Mean reward: 2.61824893951416, 	Mean reward done: 0.7163460850715637
Step: 532480	Mean reward: 2.681577682495117, 	Mean reward done: 1.057600975036621
Step: 540672	Mean reward: 3.0108423233032227, 	Mean reward done: 0.9347840547561646
Step: 548864	Mean reward: 5.089077472686768, 	Mean reward done: 1.5894932746887207
Step: 557056	Mean reward: 3.659848213195801, 	Mean reward done: 1.1022909879684448
Step: 565248	Mean reward: 4.421621799468994, 	Mean reward done: 1.284290075302124
Step: 573440	Mean reward: 4.0360307693481445, 	Mean reward done: 1.118250846862793
Step: 581632	Mean reward: 3.7765870094299316, 	Mean reward done: 1.0197917222976685
Step: 589824	Mean reward: 3.906348705291748, 	Mean reward done: 1.3995018005371094
Step: 598016	Mean reward: 3.906224250793457, 	Mean reward done: 1.114577293395996
Step: 606208	Mean reward: 3.1223957538604736, 	Mean reward done: 1.0755747556686401
Step: 614400	Mean reward: 4.214752197265625, 	Mean reward done: 1.5091757774353027
Step: 622592	Mean reward: 3.5100138187408447, 	Mean reward done: 1.4322023391723633
Step: 630784	Mean reward: 4.27324104309082, 	Mean reward done: 1.3223310708999634
Step: 638976	Mean reward: 3.881822109222412, 	Mean reward done: 1.4427911043167114
Step: 647168	Mean reward: 4.397650241851807, 	Mean reward done: 1.0150465965270996
Step: 655360	Mean reward: 4.0081586837768555, 	Mean reward done: 1.301474690437317
Step: 663552	Mean reward: 3.1031382083892822, 	Mean reward done: 0.8084630966186523
Step: 671744	Mean reward: 3.94325590133667, 	Mean reward done: 1.1885582208633423
Step: 679936	Mean reward: 3.3569889068603516, 	Mean reward done: 0.8747538924217224
Step: 688128	Mean reward: 3.229381561279297, 	Mean reward done: 0.8056250214576721
Step: 696320	Mean reward: 4.908759117126465, 	Mean reward done: 1.3497337102890015
Step: 704512	Mean reward: 3.939366340637207, 	Mean reward done: 1.1130716800689697
Step: 712704	Mean reward: 2.6491756439208984, 	Mean reward done: 0.9476767182350159
Step: 720896	Mean reward: 3.0403919219970703, 	Mean reward done: 1.106811285018921
Step: 729088	Mean reward: 4.072402000427246, 	Mean reward done: 1.380734920501709
Step: 737280	Mean reward: 4.510053634643555, 	Mean reward done: 1.2741121053695679
Step: 745472	Mean reward: 2.9669549465179443, 	Mean reward done: 1.0572566986083984
Step: 753664	Mean reward: 3.6151325702667236, 	Mean reward done: 1.070542335510254
Step: 761856	Mean reward: 4.199330806732178, 	Mean reward done: 1.2964473962783813
Step: 770048	Mean reward: 3.489351987838745, 	Mean reward done: 0.99144446849823
Step: 778240	Mean reward: 4.394076347351074, 	Mean reward done: 1.3231514692306519
Step: 786432	Mean reward: 4.266569137573242, 	Mean reward done: 1.2443307638168335
Step: 794624	Mean reward: 2.8470048904418945, 	Mean reward done: 0.8549898862838745
Step: 802816	Mean reward: 3.363064765930176, 	Mean reward done: 1.00673246383667
Step: 811008	Mean reward: 3.7419395446777344, 	Mean reward done: 1.222367525100708
Step: 819200	Mean reward: 4.1319427490234375, 	Mean reward done: 1.1786104440689087
Step: 827392	Mean reward: 3.8873190879821777, 	Mean reward done: 1.1879386901855469
Step: 835584	Mean reward: 4.4677734375, 	Mean reward done: 1.6982020139694214
Step: 843776	Mean reward: 3.820280075073242, 	Mean reward done: 1.0850203037261963
Step: 851968	Mean reward: 4.3264265060424805, 	Mean reward done: 1.27715265750885
Step: 860160	Mean reward: 3.6907169818878174, 	Mean reward done: 1.0819342136383057
Step: 868352	Mean reward: 3.7557179927825928, 	Mean reward done: 1.2542128562927246
Step: 876544	Mean reward: 4.713387966156006, 	Mean reward done: 1.3473094701766968
Step: 884736	Mean reward: 4.134672164916992, 	Mean reward done: 1.2736138105392456
Step: 892928	Mean reward: 3.8731701374053955, 	Mean reward done: 1.1441881656646729
Step: 901120	Mean reward: 4.389829635620117, 	Mean reward done: 1.4688867330551147
Step: 909312	Mean reward: 4.832132339477539, 	Mean reward done: 1.3008805513381958
Step: 917504	Mean reward: 4.713585376739502, 	Mean reward done: 1.3825830221176147
Step: 925696	Mean reward: 3.614434003829956, 	Mean reward done: 0.9865859746932983
Step: 933888	Mean reward: 3.35764217376709, 	Mean reward done: 1.0519497394561768
Step: 942080	Mean reward: 4.714738368988037, 	Mean reward done: 1.2100590467453003
Step: 950272	Mean reward: 4.257918357849121, 	Mean reward done: 1.3104249238967896
Step: 958464	Mean reward: 4.2538652420043945, 	Mean reward done: 1.2902969121932983
Step: 966656	Mean reward: 5.075958728790283, 	Mean reward done: 1.4512723684310913
Step: 974848	Mean reward: 3.9881343841552734, 	Mean reward done: 1.1702555418014526
Step: 983040	Mean reward: 5.267394065856934, 	Mean reward done: 1.4070122241973877
Step: 991232	Mean reward: 4.2274394035339355, 	Mean reward done: 1.1437609195709229
Step: 999424	Mean reward: 3.902928352355957, 	Mean reward done: 1.1829898357391357
Step: 1007616	Mean reward: 4.279978275299072, 	Mean reward done: 1.084649920463562
Step: 1015808	Mean reward: 4.030223369598389, 	Mean reward done: 1.2735189199447632
Step: 1024000	Mean reward: 4.472790718078613, 	Mean reward done: 1.434688925743103
Step: 1032192	Mean reward: 3.638941526412964, 	Mean reward done: 1.0273083448410034
Step: 1040384	Mean reward: 4.405507564544678, 	Mean reward done: 1.4233324527740479
Step: 1048576	Mean reward: 2.870704174041748, 	Mean reward done: 0.8290035128593445
Step: 1056768	Mean reward: 3.8275909423828125, 	Mean reward done: 1.0563749074935913
Step: 1064960	Mean reward: 4.144961833953857, 	Mean reward done: 1.2703697681427002
Step: 1073152	Mean reward: 4.082627296447754, 	Mean reward done: 1.2288926839828491
Step: 1081344	Mean reward: 5.483179092407227, 	Mean reward done: 1.4631280899047852
Step: 1089536	Mean reward: 3.75445818901062, 	Mean reward done: 1.131670355796814
Step: 1097728	Mean reward: 3.3738696575164795, 	Mean reward done: 1.119468092918396
Step: 1105920	Mean reward: 3.3750274181365967, 	Mean reward done: 1.061777949333191
Step: 1114112	Mean reward: 4.266867160797119, 	Mean reward done: 0.9533120393753052
Step: 1122304	Mean reward: 4.7747039794921875, 	Mean reward done: 1.176820158958435
Step: 1130496	Mean reward: 4.577483177185059, 	Mean reward done: 1.1739283800125122
Step: 1138688	Mean reward: 4.380914211273193, 	Mean reward done: 1.257673740386963
Step: 1146880	Mean reward: 4.758655071258545, 	Mean reward done: 1.2210030555725098
Step: 1155072	Mean reward: 5.258411407470703, 	Mean reward done: 1.51047682762146
Step: 1163264	Mean reward: 5.189154148101807, 	Mean reward done: 1.2518609762191772
Step: 1171456	Mean reward: 3.987931489944458, 	Mean reward done: 1.0666252374649048
Step: 1179648	Mean reward: 3.9870951175689697, 	Mean reward done: 1.1017208099365234
Step: 1187840	Mean reward: 4.997581481933594, 	Mean reward done: 1.1407936811447144
Step: 1196032	Mean reward: 4.110393524169922, 	Mean reward done: 1.0781842470169067
Step: 1204224	Mean reward: 3.5398263931274414, 	Mean reward done: 1.2958329916000366
Step: 1212416	Mean reward: 4.231261253356934, 	Mean reward done: 1.4709370136260986
Step: 1220608	Mean reward: 4.925290584564209, 	Mean reward done: 1.3599427938461304
Step: 1228800	Mean reward: 4.92171573638916, 	Mean reward done: 1.7440285682678223
Step: 1236992	Mean reward: 5.103727340698242, 	Mean reward done: 1.5594333410263062
Step: 1245184	Mean reward: 5.097711563110352, 	Mean reward done: 1.4713140726089478
Step: 1253376	Mean reward: 4.716291904449463, 	Mean reward done: 1.0875937938690186
Step: 1261568	Mean reward: 5.153371334075928, 	Mean reward done: 1.322942852973938
Step: 1269760	Mean reward: 5.3984222412109375, 	Mean reward done: 1.37179696559906
Step: 1277952	Mean reward: 5.886366367340088, 	Mean reward done: 2.2891974449157715
Step: 1286144	Mean reward: 3.56162691116333, 	Mean reward done: 1.0755999088287354
Step: 1294336	Mean reward: 4.3120927810668945, 	Mean reward done: 1.2596017122268677
Step: 1302528	Mean reward: 5.492109298706055, 	Mean reward done: 1.3659050464630127
Step: 1310720	Mean reward: 5.6693549156188965, 	Mean reward done: 2.1549835205078125
Step: 1318912	Mean reward: 3.112478017807007, 	Mean reward done: 0.9451538920402527
Step: 1327104	Mean reward: 3.2977640628814697, 	Mean reward done: 1.0723084211349487
Step: 1335296	Mean reward: 4.541363716125488, 	Mean reward done: 1.496204137802124
Step: 1343488	Mean reward: 5.219882011413574, 	Mean reward done: 1.6054604053497314
Step: 1351680	Mean reward: 5.091451644897461, 	Mean reward done: 1.4265578985214233
Step: 1359872	Mean reward: 5.0283966064453125, 	Mean reward done: 1.305086374282837
Step: 1368064	Mean reward: 4.281426429748535, 	Mean reward done: 1.5100442171096802
Step: 1376256	Mean reward: 5.826382637023926, 	Mean reward done: 1.5762147903442383
Step: 1384448	Mean reward: 4.954845905303955, 	Mean reward done: 1.2969684600830078
Step: 1392640	Mean reward: 6.003182411193848, 	Mean reward done: 1.7334924936294556
Step: 1400832	Mean reward: 5.374604225158691, 	Mean reward done: 1.5870425701141357
Step: 1409024	Mean reward: 5.489931106567383, 	Mean reward done: 1.7197200059890747
Step: 1417216	Mean reward: 3.635960578918457, 	Mean reward done: 1.0357171297073364
Step: 1425408	Mean reward: 4.374250411987305, 	Mean reward done: 1.0816960334777832
Step: 1433600	Mean reward: 4.127910137176514, 	Mean reward done: 1.283717393875122
Step: 1441792	Mean reward: 3.696607828140259, 	Mean reward done: 1.0701189041137695
Step: 1449984	Mean reward: 4.370368957519531, 	Mean reward done: 1.3901435136795044
Step: 1458176	Mean reward: 4.12264347076416, 	Mean reward done: 1.448508858680725
Step: 1466368	Mean reward: 4.060284614562988, 	Mean reward done: 1.246834397315979
Step: 1474560	Mean reward: 4.856718063354492, 	Mean reward done: 1.270864725112915
Step: 1482752	Mean reward: 5.2808637619018555, 	Mean reward done: 1.4463188648223877
Step: 1490944	Mean reward: 4.480915069580078, 	Mean reward done: 1.1764068603515625
Step: 1499136	Mean reward: 5.0307297706604, 	Mean reward done: 1.504126787185669
Step: 1507328	Mean reward: 5.6977338790893555, 	Mean reward done: 1.6733068227767944
Step: 1515520	Mean reward: 3.8540351390838623, 	Mean reward done: 0.9294751286506653
Step: 1523712	Mean reward: 5.623476505279541, 	Mean reward done: 1.8742293119430542
Step: 1531904	Mean reward: 5.066102504730225, 	Mean reward done: 1.9828228950500488
Step: 1540096	Mean reward: 3.353703737258911, 	Mean reward done: 1.108602523803711
Step: 1548288	Mean reward: 4.631993770599365, 	Mean reward done: 1.3221228122711182
Step: 1556480	Mean reward: 4.265217304229736, 	Mean reward done: 1.1688648462295532
Step: 1564672	Mean reward: 3.6546051502227783, 	Mean reward done: 0.8891361951828003
Step: 1572864	Mean reward: 5.540800094604492, 	Mean reward done: 1.5148587226867676
Step: 1581056	Mean reward: 4.986146450042725, 	Mean reward done: 1.5749297142028809
Step: 1589248	Mean reward: 4.13198184967041, 	Mean reward done: 1.2684555053710938
Step: 1597440	Mean reward: 4.676787853240967, 	Mean reward done: 1.3049699068069458
Step: 1605632	Mean reward: 4.975611209869385, 	Mean reward done: 1.3530216217041016
Step: 1613824	Mean reward: 4.850306987762451, 	Mean reward done: 1.3639907836914062
Step: 1622016	Mean reward: 4.6071062088012695, 	Mean reward done: 1.5563347339630127
Step: 1630208	Mean reward: 3.758005142211914, 	Mean reward done: 0.8957780599594116
Step: 1638400	Mean reward: 3.4550442695617676, 	Mean reward done: 0.9033034443855286
Step: 1646592	Mean reward: 5.515209197998047, 	Mean reward done: 1.7444877624511719
Step: 1654784	Mean reward: 4.058172702789307, 	Mean reward done: 1.1848607063293457
Step: 1662976	Mean reward: 5.510311603546143, 	Mean reward done: 1.5487360954284668
Step: 1671168	Mean reward: 4.3566765785217285, 	Mean reward done: 1.239578127861023
Step: 1679360	Mean reward: 4.053284168243408, 	Mean reward done: 1.3366727828979492
Step: 1687552	Mean reward: 3.1441617012023926, 	Mean reward done: 0.9795294404029846
Step: 1695744	Mean reward: 4.17296838760376, 	Mean reward done: 1.0940771102905273
Step: 1703936	Mean reward: 4.293323516845703, 	Mean reward done: 1.0187656879425049
Step: 1712128	Mean reward: 5.4388580322265625, 	Mean reward done: 1.5888242721557617
Step: 1720320	Mean reward: 4.165144920349121, 	Mean reward done: 1.3026623725891113
Step: 1728512	Mean reward: 4.343746185302734, 	Mean reward done: 1.2030417919158936
Step: 1736704	Mean reward: 3.799705743789673, 	Mean reward done: 1.4298650026321411
Step: 1744896	Mean reward: 3.2562994956970215, 	Mean reward done: 0.9567943811416626
Step: 1753088	Mean reward: 3.919451951980591, 	Mean reward done: 1.022790789604187
Step: 1761280	Mean reward: 5.244082927703857, 	Mean reward done: 1.2753901481628418
Step: 1769472	Mean reward: 4.7595343589782715, 	Mean reward done: 1.4518404006958008
Step: 1777664	Mean reward: 3.4908769130706787, 	Mean reward done: 0.984289288520813
Step: 1785856	Mean reward: 3.972451686859131, 	Mean reward done: 1.4263546466827393
Step: 1794048	Mean reward: 3.9678404331207275, 	Mean reward done: 1.2404552698135376
Step: 1802240	Mean reward: 4.565189838409424, 	Mean reward done: 1.4541852474212646
Step: 1810432	Mean reward: 4.744448661804199, 	Mean reward done: 1.1601879596710205
Step: 1818624	Mean reward: 4.022314548492432, 	Mean reward done: 1.1391613483428955
Step: 1826816	Mean reward: 4.021933078765869, 	Mean reward done: 1.1035399436950684
Step: 1835008	Mean reward: 5.040125846862793, 	Mean reward done: 1.5859757661819458
Step: 1843200	Mean reward: 3.477705955505371, 	Mean reward done: 1.2053697109222412
Step: 1851392	Mean reward: 3.837254285812378, 	Mean reward done: 1.1881405115127563
Step: 1859584	Mean reward: 4.317408561706543, 	Mean reward done: 1.2412745952606201
Step: 1867776	Mean reward: 5.871313095092773, 	Mean reward done: 1.9336533546447754
Step: 1875968	Mean reward: 4.790457248687744, 	Mean reward done: 1.4768092632293701
Step: 1884160	Mean reward: 3.7706124782562256, 	Mean reward done: 1.0633556842803955
Step: 1892352	Mean reward: 4.429032325744629, 	Mean reward done: 1.1872103214263916
Step: 1900544	Mean reward: 4.30921745300293, 	Mean reward done: 1.0031535625457764
Step: 1908736	Mean reward: 3.949922800064087, 	Mean reward done: 0.9889802932739258
Step: 1916928	Mean reward: 4.3084282875061035, 	Mean reward done: 1.0972769260406494
Step: 1925120	Mean reward: 3.410086154937744, 	Mean reward done: 1.1553839445114136
Step: 1933312	Mean reward: 3.7073490619659424, 	Mean reward done: 1.157055377960205
Step: 1941504	Mean reward: 3.9459304809570312, 	Mean reward done: 1.2051419019699097
Step: 1949696	Mean reward: 4.842566013336182, 	Mean reward done: 1.4177509546279907
Step: 1957888	Mean reward: 4.0036468505859375, 	Mean reward done: 1.2587417364120483
Step: 1966080	Mean reward: 3.9414284229278564, 	Mean reward done: 1.093996524810791
Step: 1974272	Mean reward: 4.298279285430908, 	Mean reward done: 1.269959568977356
Step: 1982464	Mean reward: 4.653268337249756, 	Mean reward done: 1.4049233198165894
Step: 1990656	Mean reward: 4.650803565979004, 	Mean reward done: 1.7550476789474487
Step: 1998848	Mean reward: 4.589341640472412, 	Mean reward done: 1.4304444789886475
Step: 2007040	Mean reward: 4.823901176452637, 	Mean reward done: 1.2734156847000122
Step: 2015232	Mean reward: 4.4045209884643555, 	Mean reward done: 1.3825047016143799
Step: 2023424	Mean reward: 2.9176735877990723, 	Mean reward done: 0.9728035926818848
Step: 2031616	Mean reward: 3.811885356903076, 	Mean reward done: 1.1702967882156372
Step: 2039808	Mean reward: 4.286269187927246, 	Mean reward done: 1.3364866971969604
Step: 2048000	Mean reward: 2.44083833694458, 	Mean reward done: 0.824531078338623
Step: 2056192	Mean reward: 3.394878387451172, 	Mean reward done: 0.9479886889457703
Step: 2064384	Mean reward: 4.646474361419678, 	Mean reward done: 1.1550781726837158
Step: 2072576	Mean reward: 4.108994007110596, 	Mean reward done: 1.261479377746582
Step: 2080768	Mean reward: 4.34542989730835, 	Mean reward done: 1.2504959106445312
Step: 2088960	Mean reward: 3.9286558628082275, 	Mean reward done: 1.224866271018982
Step: 2097152	Mean reward: 3.9857051372528076, 	Mean reward done: 1.006339192390442
Step: 2105344	Mean reward: 3.5068955421447754, 	Mean reward done: 1.3206197023391724
Step: 2113536	Mean reward: 4.279162406921387, 	Mean reward done: 1.4977420568466187
Step: 2121728	Mean reward: 3.6822683811187744, 	Mean reward done: 1.0170931816101074
Step: 2129920	Mean reward: 4.334751129150391, 	Mean reward done: 1.0621236562728882
Step: 2138112	Mean reward: 5.520806789398193, 	Mean reward done: 1.2872045040130615
Step: 2146304	Mean reward: 4.507671356201172, 	Mean reward done: 1.2267814874649048
Step: 2154496	Mean reward: 3.7344279289245605, 	Mean reward done: 1.1461893320083618
Step: 2162688	Mean reward: 3.910210609436035, 	Mean reward done: 1.3132792711257935
Step: 2170880	Mean reward: 4.028660774230957, 	Mean reward done: 1.3632075786590576
Step: 2179072	Mean reward: 4.028714179992676, 	Mean reward done: 1.0510540008544922
Step: 2187264	Mean reward: 4.383040428161621, 	Mean reward done: 1.4170668125152588
Step: 2195456	Mean reward: 4.3216352462768555, 	Mean reward done: 1.1102961301803589
Step: 2203648	Mean reward: 5.622644424438477, 	Mean reward done: 1.3370441198349
Step: 2211840	Mean reward: 5.207785606384277, 	Mean reward done: 1.4123458862304688
Step: 2220032	Mean reward: 5.796529769897461, 	Mean reward done: 1.6010267734527588
Step: 2228224	Mean reward: 5.376564979553223, 	Mean reward done: 1.5475152730941772
Step: 2236416	Mean reward: 3.6617467403411865, 	Mean reward done: 1.262851357460022
Step: 2244608	Mean reward: 4.133633136749268, 	Mean reward done: 1.062447190284729
Step: 2252800	Mean reward: 3.6604361534118652, 	Mean reward done: 1.289364218711853
Step: 2260992	Mean reward: 3.659407138824463, 	Mean reward done: 1.19313383102417
Step: 2269184	Mean reward: 3.1284241676330566, 	Mean reward done: 1.0803037881851196
Step: 2277376	Mean reward: 3.3063149452209473, 	Mean reward done: 0.9907653331756592
Step: 2285568	Mean reward: 3.1886894702911377, 	Mean reward done: 0.8643699884414673
Step: 2293760	Mean reward: 5.137306213378906, 	Mean reward done: 1.4282866716384888
Step: 2301952	Mean reward: 4.779289245605469, 	Mean reward done: 1.4905474185943604
Step: 2310144	Mean reward: 5.307011604309082, 	Mean reward done: 1.4817986488342285
Step: 2318336	Mean reward: 3.7131118774414062, 	Mean reward done: 1.247527003288269
Step: 2326528	Mean reward: 4.301082611083984, 	Mean reward done: 1.1715167760849
Step: 2334720	Mean reward: 3.005415916442871, 	Mean reward done: 0.776190459728241
Step: 2342912	Mean reward: 6.068316459655762, 	Mean reward done: 1.8275834321975708
Step: 2351104	Mean reward: 4.767580509185791, 	Mean reward done: 1.41197669506073
Step: 2359296	Mean reward: 4.705406665802002, 	Mean reward done: 1.4821017980575562
Step: 2367488	Mean reward: 4.292842864990234, 	Mean reward done: 1.0116031169891357
Step: 2375680	Mean reward: 5.526864051818848, 	Mean reward done: 1.5531553030014038
Step: 2383872	Mean reward: 5.466222286224365, 	Mean reward done: 1.494193434715271
Step: 2392064	Mean reward: 5.579343318939209, 	Mean reward done: 1.5205738544464111
Step: 2400256	Mean reward: 3.991755962371826, 	Mean reward done: 1.1481376886367798
Step: 2408448	Mean reward: 5.22205924987793, 	Mean reward done: 1.7474104166030884
Step: 2416640	Mean reward: 4.9858245849609375, 	Mean reward done: 1.2285840511322021
Step: 2424832	Mean reward: 5.159196853637695, 	Mean reward done: 1.4177987575531006
Step: 2433024	Mean reward: 5.03885555267334, 	Mean reward done: 1.6663885116577148
Step: 2441216	Mean reward: 4.862030982971191, 	Mean reward done: 1.130985140800476
Step: 2449408	Mean reward: 5.619637489318848, 	Mean reward done: 2.0059032440185547
Step: 2457600	Mean reward: 3.6858949661254883, 	Mean reward done: 1.1644256114959717
Step: 2465792	Mean reward: 5.381478309631348, 	Mean reward done: 1.275045394897461
Step: 2473984	Mean reward: 4.560541152954102, 	Mean reward done: 1.4113200902938843
Step: 2482176	Mean reward: 4.324723243713379, 	Mean reward done: 1.1496511697769165
Step: 2490368	Mean reward: 5.080962181091309, 	Mean reward done: 1.4998068809509277
Step: 2498560	Mean reward: 3.96976375579834, 	Mean reward done: 1.191502571105957
Step: 2506752	Mean reward: 3.6760153770446777, 	Mean reward done: 1.3462257385253906
Step: 2514944	Mean reward: 2.9177069664001465, 	Mean reward done: 0.8219630122184753
Step: 2523136	Mean reward: 4.37798547744751, 	Mean reward done: 1.197140097618103
Step: 2531328	Mean reward: 4.7253336906433105, 	Mean reward done: 1.3029377460479736
Step: 2539520	Mean reward: 5.307837963104248, 	Mean reward done: 1.4696711301803589
Step: 2547712	Mean reward: 4.138525485992432, 	Mean reward done: 1.3478925228118896
Step: 2555904	Mean reward: 4.895567893981934, 	Mean reward done: 1.421656608581543
Step: 2564096	Mean reward: 2.8547065258026123, 	Mean reward done: 0.9357523918151855
Step: 2572288	Mean reward: 3.5532290935516357, 	Mean reward done: 1.282488465309143
Step: 2580480	Mean reward: 3.377706289291382, 	Mean reward done: 0.9007266163825989
Step: 2588672	Mean reward: 4.7755961418151855, 	Mean reward done: 1.1068878173828125
Step: 2596864	Mean reward: 5.763375282287598, 	Mean reward done: 1.8835946321487427
Step: 2605056	Mean reward: 4.307177543640137, 	Mean reward done: 1.0136045217514038
Step: 2613248	Mean reward: 4.2472357749938965, 	Mean reward done: 1.3218352794647217
Step: 2621440	Mean reward: 3.8391590118408203, 	Mean reward done: 1.2363702058792114
Step: 2629632	Mean reward: 3.7801170349121094, 	Mean reward done: 1.004561424255371
Step: 2637824	Mean reward: 3.7214884757995605, 	Mean reward done: 1.5424761772155762
Step: 2646016	Mean reward: 4.533265590667725, 	Mean reward done: 1.3251162767410278
Step: 2654208	Mean reward: 5.285564422607422, 	Mean reward done: 1.4180415868759155
Step: 2662400	Mean reward: 4.761495590209961, 	Mean reward done: 1.3345733880996704
Step: 2670592	Mean reward: 4.700531005859375, 	Mean reward done: 1.4543451070785522
Step: 2678784	Mean reward: 4.46690034866333, 	Mean reward done: 1.3550764322280884
Step: 2686976	Mean reward: 2.668003797531128, 	Mean reward done: 0.7772154808044434
Step: 2695168	Mean reward: 4.234714984893799, 	Mean reward done: 1.2975332736968994
Step: 2703360	Mean reward: 5.16160774230957, 	Mean reward done: 1.7186692953109741
Step: 2711552	Mean reward: 3.7676663398742676, 	Mean reward done: 1.3882566690444946
Step: 2719744	Mean reward: 4.521083354949951, 	Mean reward done: 1.4267377853393555
Step: 2727936	Mean reward: 3.129544734954834, 	Mean reward done: 0.9349918365478516
Step: 2736128	Mean reward: 4.4049553871154785, 	Mean reward done: 1.3602755069732666
Step: 2744320	Mean reward: 4.5784807205200195, 	Mean reward done: 1.2620488405227661
Step: 2752512	Mean reward: 5.098820209503174, 	Mean reward done: 1.6496005058288574
Step: 2760704	Mean reward: 3.7049829959869385, 	Mean reward done: 1.221494436264038
Step: 2768896	Mean reward: 5.325619697570801, 	Mean reward done: 1.5078197717666626
Step: 2777088	Mean reward: 5.43888521194458, 	Mean reward done: 1.6104604005813599
Step: 2785280	Mean reward: 3.8754501342773438, 	Mean reward done: 1.0355149507522583
Step: 2793472	Mean reward: 4.512734889984131, 	Mean reward done: 1.237626314163208
Step: 2801664	Mean reward: 4.454118251800537, 	Mean reward done: 1.3658777475357056
Step: 2809856	Mean reward: 4.9745049476623535, 	Mean reward done: 1.2412242889404297
Step: 2818048	Mean reward: 3.8167452812194824, 	Mean reward done: 1.2097381353378296
Step: 2826240	Mean reward: 3.8742852210998535, 	Mean reward done: 1.3444406986236572
Step: 2834432	Mean reward: 4.048064708709717, 	Mean reward done: 1.153696894645691
Step: 2842624	Mean reward: 4.047129154205322, 	Mean reward done: 1.313038945198059
Step: 2850816	Mean reward: 3.410040855407715, 	Mean reward done: 1.2392728328704834
Step: 2859008	Mean reward: 4.160994529724121, 	Mean reward done: 1.3710663318634033
Step: 2867200	Mean reward: 3.409639358520508, 	Mean reward done: 1.0623785257339478
Step: 2875392	Mean reward: 4.448498249053955, 	Mean reward done: 1.2931602001190186
Step: 2883584	Mean reward: 5.543848514556885, 	Mean reward done: 1.4410427808761597
Step: 2891776	Mean reward: 3.5224814414978027, 	Mean reward done: 0.9275696873664856
Step: 2899968	Mean reward: 4.38947868347168, 	Mean reward done: 1.266789197921753
Step: 2908160	Mean reward: 4.9649505615234375, 	Mean reward done: 1.6588762998580933
Step: 2916352	Mean reward: 3.635730028152466, 	Mean reward done: 1.1266716718673706
Step: 2924544	Mean reward: 4.154465675354004, 	Mean reward done: 1.1867365837097168
Step: 2932736	Mean reward: 5.191546440124512, 	Mean reward done: 1.4703670740127563
Step: 2940928	Mean reward: 4.786960601806641, 	Mean reward done: 1.7370036840438843
Step: 2949120	Mean reward: 4.093430042266846, 	Mean reward done: 1.2828129529953003
Step: 2957312	Mean reward: 4.5541863441467285, 	Mean reward done: 1.3720359802246094
Step: 2965504	Mean reward: 3.688457727432251, 	Mean reward done: 1.1084578037261963
Step: 2973696	Mean reward: 4.839569091796875, 	Mean reward done: 1.2273110151290894
Step: 2981888	Mean reward: 5.7013630867004395, 	Mean reward done: 1.6686091423034668
Step: 2990080	Mean reward: 4.375594139099121, 	Mean reward done: 1.2618328332901
Step: 2998272	Mean reward: 4.777897834777832, 	Mean reward done: 1.1321117877960205
Step: 3006464	Mean reward: 4.087066650390625, 	Mean reward done: 1.2094659805297852
Step: 3014656	Mean reward: 4.833169937133789, 	Mean reward done: 1.292941689491272
Step: 3022848	Mean reward: 3.5661749839782715, 	Mean reward done: 1.1312059164047241
Step: 3031040	Mean reward: 4.544400215148926, 	Mean reward done: 1.2011585235595703
Step: 3039232	Mean reward: 5.5786662101745605, 	Mean reward done: 1.311212182044983
Step: 3047424	Mean reward: 4.253096580505371, 	Mean reward done: 1.4876642227172852
Step: 3055616	Mean reward: 4.998483180999756, 	Mean reward done: 1.6131476163864136
Step: 3063808	Mean reward: 4.88208532333374, 	Mean reward done: 1.2830718755722046
Step: 3072000	Mean reward: 6.14346170425415, 	Mean reward done: 1.7353625297546387
Step: 3080192	Mean reward: 4.761227130889893, 	Mean reward done: 1.4383928775787354
Step: 3088384	Mean reward: 3.7277965545654297, 	Mean reward done: 1.0643284320831299
Step: 3096576	Mean reward: 5.963334560394287, 	Mean reward done: 2.0291926860809326
Step: 3104768	Mean reward: 5.0433783531188965, 	Mean reward done: 1.4555855989456177
Step: 3112960	Mean reward: 3.3231546878814697, 	Mean reward done: 1.0050657987594604
Step: 3121152	Mean reward: 5.042239189147949, 	Mean reward done: 1.507352590560913
Step: 3129344	Mean reward: 4.067995071411133, 	Mean reward done: 0.8766174912452698
Step: 3137536	Mean reward: 4.869430065155029, 	Mean reward done: 1.578564167022705
Step: 3145728	Mean reward: 4.409801959991455, 	Mean reward done: 1.1043285131454468
Step: 3153920	Mean reward: 4.351827621459961, 	Mean reward done: 1.2838704586029053
Step: 3162112	Mean reward: 4.579744338989258, 	Mean reward done: 1.500839114189148
Step: 3170304	Mean reward: 4.521617889404297, 	Mean reward done: 1.3557689189910889
Step: 3178496	Mean reward: 5.092217445373535, 	Mean reward done: 1.5193859338760376
Step: 3186688	Mean reward: 3.661332845687866, 	Mean reward done: 0.9333803057670593
Step: 3194880	Mean reward: 4.461867332458496, 	Mean reward done: 1.369071364402771
Step: 3203072	Mean reward: 4.060254096984863, 	Mean reward done: 1.268613576889038
Step: 3211264	Mean reward: 4.974800109863281, 	Mean reward done: 1.1872050762176514
Step: 3219456	Mean reward: 3.716197967529297, 	Mean reward done: 1.3318120241165161
Step: 3227648	Mean reward: 4.002180576324463, 	Mean reward done: 1.1761976480484009
Step: 3235840	Mean reward: 6.11652946472168, 	Mean reward done: 1.528850793838501
Step: 3244032	Mean reward: 4.799727439880371, 	Mean reward done: 1.4311742782592773
Step: 3252224	Mean reward: 4.798570156097412, 	Mean reward done: 1.19386625289917
Step: 3260416	Mean reward: 5.027492523193359, 	Mean reward done: 1.2352486848831177
Step: 3268608	Mean reward: 3.0846643447875977, 	Mean reward done: 0.9196838736534119
Step: 3276800	Mean reward: 5.198035717010498, 	Mean reward done: 1.5046199560165405
Step: 3284992	Mean reward: 3.9407968521118164, 	Mean reward done: 0.9237141609191895
Step: 3293184	Mean reward: 3.3703675270080566, 	Mean reward done: 1.1203193664550781
Step: 3301376	Mean reward: 4.6283440589904785, 	Mean reward done: 1.1399450302124023
Step: 3309568	Mean reward: 4.912093162536621, 	Mean reward done: 1.1959327459335327
Step: 3317760	Mean reward: 5.31052827835083, 	Mean reward done: 1.3011270761489868
Step: 3325952	Mean reward: 4.396013259887695, 	Mean reward done: 1.2458288669586182
Step: 3334144	Mean reward: 4.73685359954834, 	Mean reward done: 1.6721951961517334
Step: 3342336	Mean reward: 4.793020248413086, 	Mean reward done: 1.3394782543182373
Step: 3350528	Mean reward: 4.050978183746338, 	Mean reward done: 1.57273268699646
Step: 3358720	Mean reward: 4.562950611114502, 	Mean reward done: 1.180659294128418
Step: 3366912	Mean reward: 3.8772926330566406, 	Mean reward done: 1.1548445224761963
Step: 3375104	Mean reward: 4.504228591918945, 	Mean reward done: 1.5220470428466797
Step: 3383296	Mean reward: 4.047826766967773, 	Mean reward done: 1.1302262544631958
Step: 3391488	Mean reward: 5.64337158203125, 	Mean reward done: 1.5533580780029297
Step: 3399680	Mean reward: 4.901183605194092, 	Mean reward done: 1.1845834255218506
Step: 3407872	Mean reward: 3.930143356323242, 	Mean reward done: 1.2023237943649292
Step: 3416064	Mean reward: 5.0120439529418945, 	Mean reward done: 1.3098349571228027
Step: 3424256	Mean reward: 4.214621067047119, 	Mean reward done: 1.3460277318954468
Step: 3432448	Mean reward: 3.4162278175354004, 	Mean reward done: 1.0675907135009766
Step: 3440640	Mean reward: 3.530388593673706, 	Mean reward done: 1.1046245098114014
Step: 3448832	Mean reward: 4.669180870056152, 	Mean reward done: 1.1424906253814697
Step: 3457024	Mean reward: 4.042758941650391, 	Mean reward done: 1.1225371360778809
Step: 3465216	Mean reward: 4.894064426422119, 	Mean reward done: 1.4953827857971191
Step: 3473408	Mean reward: 5.914390563964844, 	Mean reward done: 1.6482692956924438
Step: 3481600	Mean reward: 5.1168012619018555, 	Mean reward done: 1.265019178390503
Step: 3489792	Mean reward: 5.8544840812683105, 	Mean reward done: 1.5275044441223145
Step: 3497984	Mean reward: 4.091522216796875, 	Mean reward done: 1.156920313835144
Step: 3506176	Mean reward: 4.715938091278076, 	Mean reward done: 1.670076847076416
Step: 3514368	Mean reward: 5.453227519989014, 	Mean reward done: 1.2858227491378784
Step: 3522560	Mean reward: 5.2225661277771, 	Mean reward done: 1.7381837368011475
Step: 3530752	Mean reward: 4.539185523986816, 	Mean reward done: 1.5307680368423462
Step: 3538944	Mean reward: 5.048632621765137, 	Mean reward done: 1.2720824480056763
Step: 3547136	Mean reward: 4.195746421813965, 	Mean reward done: 1.1833165884017944
Step: 3555328	Mean reward: 4.422488689422607, 	Mean reward done: 1.0200303792953491
Step: 3563520	Mean reward: 4.648946762084961, 	Mean reward done: 1.3255695104599
Step: 3571712	Mean reward: 4.761463642120361, 	Mean reward done: 1.31007719039917
Step: 3579904	Mean reward: 5.949152946472168, 	Mean reward done: 2.1264541149139404
Step: 3588096	Mean reward: 4.814476013183594, 	Mean reward done: 1.3568198680877686
Step: 3596288	Mean reward: 6.114365100860596, 	Mean reward done: 1.9787205457687378
Step: 3604480	Mean reward: 4.242481231689453, 	Mean reward done: 1.243801474571228
Step: 3612672	Mean reward: 4.977309226989746, 	Mean reward done: 1.2130894660949707
Step: 3620864	Mean reward: 5.200411319732666, 	Mean reward done: 1.3212348222732544
Step: 3629056	Mean reward: 4.407593727111816, 	Mean reward done: 1.3043874502182007
Step: 3637248	Mean reward: 5.762240409851074, 	Mean reward done: 1.4871830940246582
Step: 3645440	Mean reward: 4.743839740753174, 	Mean reward done: 1.3372361660003662
Step: 3653632	Mean reward: 5.589488506317139, 	Mean reward done: 1.7361536026000977
Step: 3661824	Mean reward: 5.023501396179199, 	Mean reward done: 1.2549314498901367
Step: 3670016	Mean reward: 3.0479469299316406, 	Mean reward done: 0.9132320880889893
Step: 3678208	Mean reward: 3.838315010070801, 	Mean reward done: 0.9925039410591125
Step: 3686400	Mean reward: 4.516090393066406, 	Mean reward done: 1.5091426372528076
Step: 3694592	Mean reward: 4.626736164093018, 	Mean reward done: 1.451103687286377
Step: 3702784	Mean reward: 5.132101535797119, 	Mean reward done: 1.2764506340026855
Step: 3710976	Mean reward: 4.678290843963623, 	Mean reward done: 1.353713035583496
Step: 3719168	Mean reward: 3.5500826835632324, 	Mean reward done: 1.0066618919372559
Step: 3727360	Mean reward: 4.788934707641602, 	Mean reward done: 1.425422191619873
Step: 3735552	Mean reward: 3.8300771713256836, 	Mean reward done: 1.0910876989364624
Step: 3743744	Mean reward: 4.730955600738525, 	Mean reward done: 1.3467445373535156
Step: 3751936	Mean reward: 5.0684990882873535, 	Mean reward done: 1.3702354431152344
Step: 3760128	Mean reward: 4.954673767089844, 	Mean reward done: 1.2925657033920288
Step: 3768320	Mean reward: 2.589742422103882, 	Mean reward done: 0.8247693181037903
Step: 3776512	Mean reward: 4.3354973793029785, 	Mean reward done: 1.1314655542373657
Step: 3784704	Mean reward: 4.3344407081604, 	Mean reward done: 1.330356478691101
Step: 3792896	Mean reward: 4.052137851715088, 	Mean reward done: 1.3307523727416992
Step: 3801088	Mean reward: 4.8378705978393555, 	Mean reward done: 1.6792291402816772
Step: 3809280	Mean reward: 4.442633152008057, 	Mean reward done: 1.2980252504348755
Step: 3817472	Mean reward: 4.834835052490234, 	Mean reward done: 1.5029230117797852
Step: 3825664	Mean reward: 5.281100749969482, 	Mean reward done: 1.6021220684051514
Step: 3833856	Mean reward: 4.211490154266357, 	Mean reward done: 1.3158849477767944
Step: 3842048	Mean reward: 3.479670763015747, 	Mean reward done: 1.2337852716445923
Step: 3850240	Mean reward: 5.16168737411499, 	Mean reward done: 1.8216131925582886
Step: 3858432	Mean reward: 3.982307195663452, 	Mean reward done: 1.3788506984710693
Step: 3866624	Mean reward: 4.092729568481445, 	Mean reward done: 1.3544484376907349
Step: 3874816	Mean reward: 3.979451894760132, 	Mean reward done: 1.227475881576538
Step: 3883008	Mean reward: 3.754380702972412, 	Mean reward done: 1.2823472023010254
Step: 3891200	Mean reward: 4.481603145599365, 	Mean reward done: 1.3902313709259033
Step: 3899392	Mean reward: 5.3758392333984375, 	Mean reward done: 1.5125010013580322
Step: 3907584	Mean reward: 5.427559852600098, 	Mean reward done: 1.663589596748352
Step: 3915776	Mean reward: 4.754247188568115, 	Mean reward done: 1.4473603963851929
Step: 3923968	Mean reward: 3.913802146911621, 	Mean reward done: 1.683003544807434
Step: 3932160	Mean reward: 3.1304001808166504, 	Mean reward done: 0.9580155611038208
Step: 3940352	Mean reward: 5.420446872711182, 	Mean reward done: 1.5480868816375732
Step: 3948544	Mean reward: 3.1842784881591797, 	Mean reward done: 0.8742910623550415
Step: 3956736	Mean reward: 4.022523880004883, 	Mean reward done: 1.1656602621078491
Step: 3964928	Mean reward: 5.697348594665527, 	Mean reward done: 1.5371432304382324
Step: 3973120	Mean reward: 5.081202983856201, 	Mean reward done: 1.6270354986190796
Step: 3981312	Mean reward: 4.633720397949219, 	Mean reward done: 1.3117209672927856
Step: 3989504	Mean reward: 3.571561813354492, 	Mean reward done: 1.2202869653701782
Step: 3997696	Mean reward: 4.576219081878662, 	Mean reward done: 1.4407709836959839
Step: 4005888	Mean reward: 4.129129886627197, 	Mean reward done: 1.1662042140960693
Step: 4014080	Mean reward: 5.188895225524902, 	Mean reward done: 1.6561670303344727
Step: 4022272	Mean reward: 4.183150768280029, 	Mean reward done: 1.4120709896087646
Step: 4030464	Mean reward: 4.572097301483154, 	Mean reward done: 1.5863189697265625
Step: 4038656	Mean reward: 4.069969654083252, 	Mean reward done: 1.5345981121063232
Step: 4046848	Mean reward: 5.073110580444336, 	Mean reward done: 1.3350458145141602
Step: 4055040	Mean reward: 3.7350730895996094, 	Mean reward done: 0.9681408405303955
Step: 4063232	Mean reward: 5.797920227050781, 	Mean reward done: 1.6022670269012451
Step: 4071424	Mean reward: 4.959567070007324, 	Mean reward done: 1.3900915384292603
Step: 4079616	Mean reward: 4.958368301391602, 	Mean reward done: 1.3723734617233276
Step: 4087808	Mean reward: 3.9551408290863037, 	Mean reward done: 1.3089674711227417
Step: 4096000	Mean reward: 3.174961566925049, 	Mean reward done: 1.2348377704620361
Step: 4104192	Mean reward: 4.79032564163208, 	Mean reward done: 1.5599074363708496
Step: 4112384	Mean reward: 4.0100908279418945, 	Mean reward done: 1.2513008117675781
Step: 4120576	Mean reward: 3.2865829467773438, 	Mean reward done: 0.9056590795516968
Step: 4128768	Mean reward: 4.9586639404296875, 	Mean reward done: 1.1932317018508911
Step: 4136960	Mean reward: 4.846866607666016, 	Mean reward done: 1.357182502746582
Step: 4145152	Mean reward: 5.179876804351807, 	Mean reward done: 1.5035725831985474
Step: 4153344	Mean reward: 5.958526611328125, 	Mean reward done: 1.682295799255371
Step: 4161536	Mean reward: 6.291406631469727, 	Mean reward done: 1.4674774408340454
Step: 4169728	Mean reward: 4.564859867095947, 	Mean reward done: 1.1438655853271484
Step: 4177920	Mean reward: 5.008510589599609, 	Mean reward done: 1.3615758419036865
Step: 4186112	Mean reward: 4.840518474578857, 	Mean reward done: 1.4289729595184326
Step: 4194304	Mean reward: 4.673298358917236, 	Mean reward done: 1.235095500946045
Step: 4202496	Mean reward: 4.282581806182861, 	Mean reward done: 1.272216558456421
Step: 4210688	Mean reward: 3.8376433849334717, 	Mean reward done: 1.0632282495498657
Step: 4218880	Mean reward: 5.4492950439453125, 	Mean reward done: 1.4336917400360107
Step: 4227072	Mean reward: 4.725714683532715, 	Mean reward done: 1.5669159889221191
Step: 4235264	Mean reward: 5.5587968826293945, 	Mean reward done: 1.6170918941497803
Step: 4243456	Mean reward: 5.112179279327393, 	Mean reward done: 1.5872795581817627
Step: 4251648	Mean reward: 4.110654354095459, 	Mean reward done: 1.3308149576187134
Step: 4259840	Mean reward: 5.054664134979248, 	Mean reward done: 1.52553129196167
Step: 4268032	Mean reward: 4.720574378967285, 	Mean reward done: 1.2856597900390625
Step: 4276224	Mean reward: 6.107308864593506, 	Mean reward done: 1.5508877038955688
Step: 4284416	Mean reward: 4.828666687011719, 	Mean reward done: 1.4837566614151
Step: 4292608	Mean reward: 4.328304767608643, 	Mean reward done: 1.2781416177749634
Step: 4300800	Mean reward: 4.161520957946777, 	Mean reward done: 1.2577049732208252
Step: 4308992	Mean reward: 4.271974086761475, 	Mean reward done: 1.019641399383545
Step: 4317184	Mean reward: 4.937404632568359, 	Mean reward done: 1.5089799165725708
Step: 4325376	Mean reward: 4.881213188171387, 	Mean reward done: 1.3356024026870728
Step: 4333568	Mean reward: 5.048086643218994, 	Mean reward done: 1.3108221292495728
Step: 4341760	Mean reward: 3.8269803524017334, 	Mean reward done: 1.4420747756958008
Step: 4349952	Mean reward: 4.3258376121521, 	Mean reward done: 1.1560237407684326
Step: 4358144	Mean reward: 5.987849235534668, 	Mean reward done: 1.6162033081054688
Step: 4366336	Mean reward: 4.765620231628418, 	Mean reward done: 1.5779410600662231
Step: 4374528	Mean reward: 4.6539812088012695, 	Mean reward done: 1.5439461469650269
Step: 4382720	Mean reward: 3.3794591426849365, 	Mean reward done: 1.0544662475585938
Step: 4390912	Mean reward: 3.324284076690674, 	Mean reward done: 0.8705143332481384
Step: 4399104	Mean reward: 3.7670390605926514, 	Mean reward done: 1.0359411239624023
Step: 4407296	Mean reward: 4.763871192932129, 	Mean reward done: 1.433791160583496
Step: 4415488	Mean reward: 4.043115615844727, 	Mean reward done: 1.314478874206543
Step: 4423680	Mean reward: 4.3198561668396, 	Mean reward done: 1.3803486824035645
Step: 4431872	Mean reward: 4.319925785064697, 	Mean reward done: 1.1711664199829102
Step: 4440064	Mean reward: 3.9318277835845947, 	Mean reward done: 1.33461594581604
Step: 4448256	Mean reward: 4.0423383712768555, 	Mean reward done: 1.1687928438186646
Step: 4456448	Mean reward: 5.3704986572265625, 	Mean reward done: 1.4811855554580688
Step: 4464640	Mean reward: 6.364256858825684, 	Mean reward done: 1.9763851165771484
Step: 4472832	Mean reward: 4.148852825164795, 	Mean reward done: 1.2483457326889038
Step: 4481024	Mean reward: 6.581337928771973, 	Mean reward done: 1.7110521793365479
Step: 4489216	Mean reward: 4.588122844696045, 	Mean reward done: 1.4061366319656372
Step: 4497408	Mean reward: 5.305411338806152, 	Mean reward done: 1.3762173652648926
Step: 4505600	Mean reward: 5.193098545074463, 	Mean reward done: 1.390093445777893
Step: 4513792	Mean reward: 5.964097499847412, 	Mean reward done: 1.8389251232147217
Step: 4521984	Mean reward: 4.692131996154785, 	Mean reward done: 1.5898311138153076
Step: 4530176	Mean reward: 4.911398410797119, 	Mean reward done: 1.4989012479782104
Step: 4538368	Mean reward: 5.1311140060424805, 	Mean reward done: 1.3618013858795166
Step: 4546560	Mean reward: 4.963486671447754, 	Mean reward done: 1.2680566310882568
Step: 4554752	Mean reward: 4.300851345062256, 	Mean reward done: 1.3931854963302612
Step: 4562944	Mean reward: 5.292124271392822, 	Mean reward done: 1.5804651975631714
Step: 4571136	Mean reward: 4.133065700531006, 	Mean reward done: 1.2846684455871582
Step: 4579328	Mean reward: 5.674825668334961, 	Mean reward done: 1.7928509712219238
Step: 4587520	Mean reward: 3.3052492141723633, 	Mean reward done: 0.9316125512123108
Step: 4595712	Mean reward: 3.8014087677001953, 	Mean reward done: 1.1566929817199707
Step: 4603904	Mean reward: 4.3512115478515625, 	Mean reward done: 1.1603561639785767
Step: 4612096	Mean reward: 4.624859809875488, 	Mean reward done: 1.4957464933395386
Step: 4620288	Mean reward: 4.513243675231934, 	Mean reward done: 1.3639527559280396
Step: 4628480	Mean reward: 3.687185525894165, 	Mean reward done: 1.1501799821853638
Step: 4636672	Mean reward: 5.007143020629883, 	Mean reward done: 1.3235855102539062
Step: 4644864	Mean reward: 3.96071720123291, 	Mean reward done: 1.0382572412490845
Step: 4653056	Mean reward: 4.290621280670166, 	Mean reward done: 1.2894152402877808
Step: 4661248	Mean reward: 3.960869073867798, 	Mean reward done: 1.0301027297973633
Step: 4669440	Mean reward: 4.840311050415039, 	Mean reward done: 1.5281835794448853
Step: 4677632	Mean reward: 5.278659343719482, 	Mean reward done: 1.6019432544708252
Step: 4685824	Mean reward: 5.277088642120361, 	Mean reward done: 1.2498632669448853
Step: 4694016	Mean reward: 5.220424652099609, 	Mean reward done: 1.3490803241729736
Step: 4702208	Mean reward: 6.645140171051025, 	Mean reward done: 1.8656827211380005
Step: 4710400	Mean reward: 4.39157772064209, 	Mean reward done: 1.1784083843231201
Step: 4718592	Mean reward: 3.897196054458618, 	Mean reward done: 1.1737346649169922
Step: 4726784	Mean reward: 4.55553674697876, 	Mean reward done: 1.4554028511047363
Step: 4734976	Mean reward: 5.047828674316406, 	Mean reward done: 1.4491639137268066
Step: 4743168	Mean reward: 4.607741832733154, 	Mean reward done: 1.2524999380111694
Step: 4751360	Mean reward: 4.11400032043457, 	Mean reward done: 1.1311544179916382
Step: 4759552	Mean reward: 3.9496021270751953, 	Mean reward done: 1.4006444215774536
Step: 4767744	Mean reward: 3.5659990310668945, 	Mean reward done: 1.169730544090271
Step: 4775936	Mean reward: 5.102777481079102, 	Mean reward done: 1.6423951387405396
Step: 4784128	Mean reward: 5.539752006530762, 	Mean reward done: 1.7927253246307373
Step: 4792320	Mean reward: 5.097579002380371, 	Mean reward done: 1.7266709804534912
Step: 4800512	Mean reward: 4.274636268615723, 	Mean reward done: 1.2065857648849487
Step: 4808704	Mean reward: 4.492751121520996, 	Mean reward done: 1.4774911403656006
Step: 4816896	Mean reward: 4.382687568664551, 	Mean reward done: 1.2248681783676147
Step: 4825088	Mean reward: 5.202573776245117, 	Mean reward done: 1.2995941638946533
Step: 4833280	Mean reward: 3.942056655883789, 	Mean reward done: 1.1452049016952515
Step: 4841472	Mean reward: 5.528738975524902, 	Mean reward done: 1.4068331718444824
Step: 4849664	Mean reward: 5.089132308959961, 	Mean reward done: 1.3169846534729004
Step: 4857856	Mean reward: 4.7591328620910645, 	Mean reward done: 1.4660555124282837
Step: 4866048	Mean reward: 6.781123638153076, 	Mean reward done: 1.5545334815979004
Step: 4874240	Mean reward: 5.68557071685791, 	Mean reward done: 1.4787343740463257
Step: 4882432	Mean reward: 4.645805835723877, 	Mean reward done: 1.1746652126312256
Step: 4890624	Mean reward: 4.1537017822265625, 	Mean reward done: 1.12541663646698
Step: 4898816	Mean reward: 5.356146812438965, 	Mean reward done: 1.506646990776062
Step: 4907008	Mean reward: 4.589991092681885, 	Mean reward done: 1.4954044818878174
Step: 4915200	Mean reward: 5.571463584899902, 	Mean reward done: 1.4988608360290527
Step: 4923392	Mean reward: 5.405794143676758, 	Mean reward done: 1.8578503131866455
Step: 4931584	Mean reward: 4.748115539550781, 	Mean reward done: 1.4890342950820923
Step: 4939776	Mean reward: 5.837615013122559, 	Mean reward done: 1.3962173461914062
Step: 4947968	Mean reward: 5.835275173187256, 	Mean reward done: 1.5016810894012451
Step: 4956160	Mean reward: 4.742183685302734, 	Mean reward done: 1.6252700090408325
Step: 4964352	Mean reward: 5.721542835235596, 	Mean reward done: 1.3915904760360718
Step: 4972544	Mean reward: 5.174466133117676, 	Mean reward done: 1.4055330753326416
Step: 4980736	Mean reward: 4.24723482131958, 	Mean reward done: 1.2111221551895142
Step: 4988928	Mean reward: 4.57340145111084, 	Mean reward done: 1.2470550537109375
Step: 4997120	Mean reward: 5.117286682128906, 	Mean reward done: 1.4769943952560425
Step: 5005312	Mean reward: 4.300319671630859, 	Mean reward done: 1.0006850957870483
Step: 5013504	Mean reward: 5.00719690322876, 	Mean reward done: 1.2987087965011597
Step: 5021696	Mean reward: 4.244741916656494, 	Mean reward done: 1.1252528429031372
Step: 5029888	Mean reward: 3.8086647987365723, 	Mean reward done: 1.2486990690231323
Step: 5038080	Mean reward: 4.8415422439575195, 	Mean reward done: 1.3576689958572388
Step: 5046272	Mean reward: 4.731220722198486, 	Mean reward done: 1.4664397239685059
Step: 5054464	Mean reward: 4.674747467041016, 	Mean reward done: 1.3718029260635376
Step: 5062656	Mean reward: 4.836797714233398, 	Mean reward done: 1.2946481704711914
Step: 5070848	Mean reward: 4.836238384246826, 	Mean reward done: 1.3766915798187256
Step: 5079040	Mean reward: 4.4547905921936035, 	Mean reward done: 1.1737194061279297
Step: 5087232	Mean reward: 4.236817836761475, 	Mean reward done: 1.368828535079956
Step: 5095424	Mean reward: 3.4761483669281006, 	Mean reward done: 0.9586559534072876
Step: 5103616	Mean reward: 3.2594234943389893, 	Mean reward done: 1.0724319219589233
Step: 5111808	Mean reward: 4.019737720489502, 	Mean reward done: 1.3480594158172607
Step: 5120000	Mean reward: 5.269169807434082, 	Mean reward done: 1.353463888168335
Step: 5128192	Mean reward: 5.592685699462891, 	Mean reward done: 1.594361662864685
Step: 5136384	Mean reward: 5.536374092102051, 	Mean reward done: 1.5197930335998535
Step: 5144576	Mean reward: 4.558353424072266, 	Mean reward done: 1.552799105644226
Step: 5152768	Mean reward: 4.123537540435791, 	Mean reward done: 1.314832091331482
Step: 5160960	Mean reward: 3.906432628631592, 	Mean reward done: 1.3193252086639404
Step: 5169152	Mean reward: 3.7433416843414307, 	Mean reward done: 1.1618857383728027
Step: 5177344	Mean reward: 4.557307243347168, 	Mean reward done: 1.2856823205947876
Step: 5185536	Mean reward: 4.828112602233887, 	Mean reward done: 1.3253436088562012
Step: 5193728	Mean reward: 4.339315891265869, 	Mean reward done: 1.2457400560379028
Step: 5201920	Mean reward: 4.8271074295043945, 	Mean reward done: 1.488232970237732
Step: 5210112	Mean reward: 4.772063732147217, 	Mean reward done: 1.1760985851287842
Step: 5218304	Mean reward: 5.74709939956665, 	Mean reward done: 1.5086781978607178
Step: 5226496	Mean reward: 4.55286169052124, 	Mean reward done: 1.4146772623062134
Step: 5234688	Mean reward: 4.388830661773682, 	Mean reward done: 1.4620530605316162
Step: 5242880	Mean reward: 4.767264366149902, 	Mean reward done: 1.5439459085464478
Step: 5251072	Mean reward: 4.875080108642578, 	Mean reward done: 1.3727807998657227
Step: 5259264	Mean reward: 3.845623731613159, 	Mean reward done: 1.2782635688781738
Step: 5267456	Mean reward: 4.115789413452148, 	Mean reward done: 1.0993595123291016
Step: 5275648	Mean reward: 4.061156749725342, 	Mean reward done: 1.2719261646270752
Step: 5283840	Mean reward: 4.114289283752441, 	Mean reward done: 1.2396998405456543
Step: 5292032	Mean reward: 4.925560474395752, 	Mean reward done: 1.3057671785354614
Step: 5300224	Mean reward: 4.653743743896484, 	Mean reward done: 1.473821997642517
Step: 5308416	Mean reward: 4.545525074005127, 	Mean reward done: 1.3802261352539062
Step: 5316608	Mean reward: 3.0839366912841797, 	Mean reward done: 0.9950053691864014
Step: 5324800	Mean reward: 4.545060157775879, 	Mean reward done: 1.3054111003875732
Step: 5332992	Mean reward: 3.841123342514038, 	Mean reward done: 1.338086724281311
Step: 5341184	Mean reward: 3.624603748321533, 	Mean reward done: 1.259719729423523
Step: 5349376	Mean reward: 2.867262601852417, 	Mean reward done: 1.1598390340805054
Step: 5357568	Mean reward: 4.545057773590088, 	Mean reward done: 1.3194587230682373
Step: 5365760	Mean reward: 6.76093864440918, 	Mean reward done: 2.1018552780151367
Step: 5373952	Mean reward: 3.5683863162994385, 	Mean reward done: 0.9688171148300171
Step: 5382144	Mean reward: 4.91956901550293, 	Mean reward done: 1.3173677921295166
Step: 5390336	Mean reward: 5.5118632316589355, 	Mean reward done: 1.4521998167037964
Step: 5398528	Mean reward: 4.5374436378479, 	Mean reward done: 1.2478091716766357
Step: 5406720	Mean reward: 5.130664348602295, 	Mean reward done: 1.5221257209777832
Step: 5414912	Mean reward: 4.31947660446167, 	Mean reward done: 1.4103853702545166
Step: 5423104	Mean reward: 4.696655750274658, 	Mean reward done: 1.350517749786377
Step: 5431296	Mean reward: 3.5628204345703125, 	Mean reward done: 1.1250098943710327
Step: 5439488	Mean reward: 5.668094158172607, 	Mean reward done: 1.6779379844665527
Step: 5447680	Mean reward: 5.018820762634277, 	Mean reward done: 1.3158762454986572
Step: 5455872	Mean reward: 4.316854000091553, 	Mean reward done: 1.1595866680145264
Step: 5464064	Mean reward: 4.316485404968262, 	Mean reward done: 1.3003442287445068
Step: 5472256	Mean reward: 5.718325614929199, 	Mean reward done: 1.6674472093582153
Step: 5480448	Mean reward: 3.5601773262023926, 	Mean reward done: 1.0812819004058838
Step: 5488640	Mean reward: 3.8300154209136963, 	Mean reward done: 1.0882552862167358
Step: 5496832	Mean reward: 4.261689186096191, 	Mean reward done: 1.2300838232040405
Step: 5505024	Mean reward: 4.85504674911499, 	Mean reward done: 1.3297455310821533
Step: 5513216	Mean reward: 4.639108657836914, 	Mean reward done: 1.4717519283294678
Step: 5521408	Mean reward: 4.314924716949463, 	Mean reward done: 1.3870668411254883
Step: 5529600	Mean reward: 3.883091449737549, 	Mean reward done: 1.37527334690094
Step: 5537792	Mean reward: 3.828855037689209, 	Mean reward done: 1.367510437965393
Step: 5545984	Mean reward: 3.882350444793701, 	Mean reward done: 1.1080913543701172
Step: 5554176	Mean reward: 3.0199220180511475, 	Mean reward done: 0.9641416668891907
Step: 5562368	Mean reward: 4.3680949211120605, 	Mean reward done: 1.4299689531326294
Step: 5570560	Mean reward: 4.636779308319092, 	Mean reward done: 1.2557953596115112
Step: 5578752	Mean reward: 3.6124281883239746, 	Mean reward done: 1.0179558992385864
Step: 5586944	Mean reward: 7.008439064025879, 	Mean reward done: 1.996541142463684
Step: 5595136	Mean reward: 5.38783073425293, 	Mean reward done: 1.4941599369049072
Step: 5603328	Mean reward: 4.363519668579102, 	Mean reward done: 1.4625847339630127
Step: 5611520	Mean reward: 3.447474718093872, 	Mean reward done: 1.121583104133606
Step: 5619712	Mean reward: 4.5247578620910645, 	Mean reward done: 1.2634062767028809
Step: 5627904	Mean reward: 4.037868022918701, 	Mean reward done: 1.2266416549682617
Step: 5636096	Mean reward: 3.983306884765625, 	Mean reward done: 1.166923999786377
Step: 5644288	Mean reward: 3.9284732341766357, 	Mean reward done: 1.2575085163116455
Step: 5652480	Mean reward: 3.9822018146514893, 	Mean reward done: 1.2717918157577515
Step: 5660672	Mean reward: 4.843337059020996, 	Mean reward done: 1.2906595468521118
Step: 5668864	Mean reward: 4.088810920715332, 	Mean reward done: 1.5776335000991821
Step: 5677056	Mean reward: 3.980478286743164, 	Mean reward done: 1.3108241558074951
Step: 5685248	Mean reward: 2.635507583618164, 	Mean reward done: 0.9457341432571411
Step: 5693440	Mean reward: 3.9803290367126465, 	Mean reward done: 1.251477837562561
Step: 5701632	Mean reward: 3.9798498153686523, 	Mean reward done: 1.1213456392288208
Step: 5709824	Mean reward: 4.4100022315979, 	Mean reward done: 1.0548663139343262
Step: 5718016	Mean reward: 4.516875743865967, 	Mean reward done: 1.3531441688537598
Step: 5726208	Mean reward: 5.161405086517334, 	Mean reward done: 1.5215394496917725
Step: 5734400	Mean reward: 4.355144023895264, 	Mean reward done: 1.2463756799697876
Step: 5742592	Mean reward: 3.871081590652466, 	Mean reward done: 1.026784896850586
Step: 5750784	Mean reward: 3.9245052337646484, 	Mean reward done: 1.1951442956924438
Step: 5758976	Mean reward: 4.032247543334961, 	Mean reward done: 1.1702486276626587
Step: 5767168	Mean reward: 3.9787302017211914, 	Mean reward done: 1.2847641706466675
Step: 5775360	Mean reward: 4.462380409240723, 	Mean reward done: 1.1884331703186035
Step: 5783552	Mean reward: 4.731075286865234, 	Mean reward done: 1.3339465856552124
Step: 5791744	Mean reward: 4.784822463989258, 	Mean reward done: 1.0504511594772339
Step: 5799936	Mean reward: 5.2690043449401855, 	Mean reward done: 1.4985169172286987
Step: 5808128	Mean reward: 4.515973091125488, 	Mean reward done: 1.379746437072754
Step: 5816320	Mean reward: 3.762669324874878, 	Mean reward done: 1.187036395072937
Step: 5824512	Mean reward: 4.300179481506348, 	Mean reward done: 1.0804203748703003
Step: 5832704	Mean reward: 4.300268650054932, 	Mean reward done: 1.1871778964996338
Step: 5840896	Mean reward: 5.697362899780273, 	Mean reward done: 1.6211353540420532
Step: 5849088	Mean reward: 2.256876230239868, 	Mean reward done: 0.6869145631790161
Step: 5857280	Mean reward: 2.3645145893096924, 	Mean reward done: 0.7477379441261292
Step: 5865472	Mean reward: 3.3322038650512695, 	Mean reward done: 0.9164842367172241
Step: 5873664	Mean reward: 5.159848213195801, 	Mean reward done: 1.628322720527649
Step: 5881856	Mean reward: 3.3855631351470947, 	Mean reward done: 1.1614102125167847
Step: 5890048	Mean reward: 4.6754631996154785, 	Mean reward done: 1.025177240371704
Step: 5898240	Mean reward: 4.2981038093566895, 	Mean reward done: 1.5052367448806763
Step: 5906432	Mean reward: 4.190247058868408, 	Mean reward done: 1.2101308107376099
Step: 5914624	Mean reward: 5.156193256378174, 	Mean reward done: 1.4387887716293335
Step: 5922816	Mean reward: 4.617553234100342, 	Mean reward done: 1.370186448097229
Step: 5931008	Mean reward: 4.884971618652344, 	Mean reward done: 1.2584398984909058
Step: 5939200	Mean reward: 4.670422554016113, 	Mean reward done: 1.3772257566452026
Step: 5947392	Mean reward: 3.4358232021331787, 	Mean reward done: 1.1891149282455444
Step: 5955584	Mean reward: 3.704634189605713, 	Mean reward done: 1.0960453748703003
Step: 5963776	Mean reward: 4.456255912780762, 	Mean reward done: 1.283443570137024
Step: 5971968	Mean reward: 4.509585380554199, 	Mean reward done: 1.4093658924102783
Step: 5980160	Mean reward: 4.723564147949219, 	Mean reward done: 1.1719472408294678
Step: 5988352	Mean reward: 4.132689952850342, 	Mean reward done: 1.3283699750900269
Step: 5996544	Mean reward: 3.8101894855499268, 	Mean reward done: 1.1486172676086426
Step: 6004736	Mean reward: 4.0243754386901855, 	Mean reward done: 1.2663404941558838
Step: 6012928	Mean reward: 4.881742000579834, 	Mean reward done: 1.6658490896224976
Step: 6021120	Mean reward: 3.4327991008758545, 	Mean reward done: 1.1317594051361084
Step: 6029312	Mean reward: 5.416815280914307, 	Mean reward done: 1.6316986083984375
Step: 6037504	Mean reward: 3.806952953338623, 	Mean reward done: 1.3833762407302856
Step: 6045696	Mean reward: 3.8067994117736816, 	Mean reward done: 1.3171863555908203
Step: 6053888	Mean reward: 3.6999542713165283, 	Mean reward done: 1.0411677360534668
Step: 6062080	Mean reward: 4.289624214172363, 	Mean reward done: 1.3753666877746582
Step: 6070272	Mean reward: 4.663637638092041, 	Mean reward done: 1.566172480583191
Step: 6078464	Mean reward: 4.556222438812256, 	Mean reward done: 1.3905959129333496
Step: 6086656	Mean reward: 3.537540912628174, 	Mean reward done: 0.9219047427177429
Step: 6094848	Mean reward: 4.180739879608154, 	Mean reward done: 1.1184371709823608
Step: 6103040	Mean reward: 4.394809722900391, 	Mean reward done: 1.2496613264083862
Step: 6111232	Mean reward: 4.5556745529174805, 	Mean reward done: 1.1228392124176025
Step: 6119424	Mean reward: 4.44814920425415, 	Mean reward done: 1.4505765438079834
Step: 6127616	Mean reward: 4.768508434295654, 	Mean reward done: 1.8547543287277222
Step: 6135808	Mean reward: 4.606202602386475, 	Mean reward done: 1.1997601985931396
Step: 6144000	Mean reward: 3.8022310733795166, 	Mean reward done: 0.9809035658836365
Step: 6152192	Mean reward: 4.7112321853637695, 	Mean reward done: 1.2163530588150024
Step: 6160384	Mean reward: 4.228757858276367, 	Mean reward done: 1.1423262357711792
Step: 6168576	Mean reward: 4.65572452545166, 	Mean reward done: 1.4698779582977295
Step: 6176768	Mean reward: 5.297063827514648, 	Mean reward done: 1.354966163635254
Step: 6184960	Mean reward: 4.012197494506836, 	Mean reward done: 1.0708136558532715
Step: 6193152	Mean reward: 4.81402587890625, 	Mean reward done: 1.7696231603622437
Step: 6201344	Mean reward: 4.706107139587402, 	Mean reward done: 1.1988123655319214
Step: 6209536	Mean reward: 4.385008335113525, 	Mean reward done: 1.2094438076019287
Step: 6217728	Mean reward: 5.453041076660156, 	Mean reward done: 1.4708642959594727
Step: 6225920	Mean reward: 3.848571538925171, 	Mean reward done: 1.2320764064788818
Step: 6234112	Mean reward: 3.1538937091827393, 	Mean reward done: 0.7366743087768555
Step: 6242304	Mean reward: 3.955960273742676, 	Mean reward done: 0.9280865788459778
Step: 6250496	Mean reward: 4.597183704376221, 	Mean reward done: 1.5990962982177734
Step: 6258688	Mean reward: 3.4748237133026123, 	Mean reward done: 1.1128298044204712
Step: 6266880	Mean reward: 3.9560816287994385, 	Mean reward done: 1.419202208518982
Step: 6275072	Mean reward: 5.024096488952637, 	Mean reward done: 1.4105255603790283
Step: 6283264	Mean reward: 4.381660461425781, 	Mean reward done: 1.3875330686569214
Step: 6291456	Mean reward: 3.7938616275787354, 	Mean reward done: 1.1122044324874878
Step: 6299648	Mean reward: 3.152517080307007, 	Mean reward done: 1.1087265014648438
Step: 6307840	Mean reward: 3.7405757904052734, 	Mean reward done: 0.9325911998748779
Step: 6316032	Mean reward: 5.397129535675049, 	Mean reward done: 1.544844627380371
Step: 6324224	Mean reward: 5.715646266937256, 	Mean reward done: 1.4836032390594482
Step: 6332416	Mean reward: 4.272423267364502, 	Mean reward done: 1.3371670246124268
Step: 6340608	Mean reward: 3.578380584716797, 	Mean reward done: 1.138749361038208
Step: 6348800	Mean reward: 3.898564338684082, 	Mean reward done: 0.9952418208122253
Step: 6356992	Mean reward: 4.379157543182373, 	Mean reward done: 1.0022221803665161
Step: 6365184	Mean reward: 4.058509826660156, 	Mean reward done: 1.3092330694198608
Step: 6373376	Mean reward: 4.004718780517578, 	Mean reward done: 1.329568862915039
Step: 6381568	Mean reward: 4.858904838562012, 	Mean reward done: 1.4137698411941528
Step: 6389760	Mean reward: 5.604664325714111, 	Mean reward done: 1.539952039718628
Step: 6397952	Mean reward: 5.230125427246094, 	Mean reward done: 1.567517638206482
Step: 6406144	Mean reward: 4.695178508758545, 	Mean reward done: 1.5099329948425293
Step: 6414336	Mean reward: 2.934480667114258, 	Mean reward done: 0.839187741279602
Step: 6422528	Mean reward: 3.894700050354004, 	Mean reward done: 1.2287503480911255
Step: 6430720	Mean reward: 5.600337028503418, 	Mean reward done: 1.7395472526550293
Step: 6438912	Mean reward: 5.012624740600586, 	Mean reward done: 1.5107753276824951
Step: 6447104	Mean reward: 5.064262866973877, 	Mean reward done: 1.4761426448822021
Step: 6455296	Mean reward: 4.689397811889648, 	Mean reward done: 1.4115452766418457
Step: 6463488	Mean reward: 3.569786310195923, 	Mean reward done: 1.059396505355835
Step: 6471680	Mean reward: 4.102578639984131, 	Mean reward done: 1.1119086742401123
Step: 6479872	Mean reward: 4.422009468078613, 	Mean reward done: 1.3840230703353882
Step: 6488064	Mean reward: 3.7295150756835938, 	Mean reward done: 1.3470638990402222
Step: 6496256	Mean reward: 3.4103450775146484, 	Mean reward done: 0.9382240772247314
Step: 6504448	Mean reward: 3.517155170440674, 	Mean reward done: 1.2520607709884644
Step: 6512640	Mean reward: 5.222232341766357, 	Mean reward done: 1.7028450965881348
Step: 6520832	Mean reward: 4.901634216308594, 	Mean reward done: 1.5100687742233276
Step: 6529024	Mean reward: 3.9427201747894287, 	Mean reward done: 1.3028240203857422
Step: 6537216	Mean reward: 3.6232166290283203, 	Mean reward done: 1.1358062028884888
Step: 6545408	Mean reward: 4.049750328063965, 	Mean reward done: 1.1518644094467163
Step: 6553600	Mean reward: 4.529552459716797, 	Mean reward done: 1.175910234451294
Step: 6561792	Mean reward: 4.262928009033203, 	Mean reward done: 1.1918424367904663
Step: 6569984	Mean reward: 5.169001579284668, 	Mean reward done: 1.6751700639724731
Step: 6578176	Mean reward: 5.008357048034668, 	Mean reward done: 1.4250794649124146
Step: 6586368	Mean reward: 4.900740623474121, 	Mean reward done: 1.4329359531402588
Step: 6594560	Mean reward: 4.580923080444336, 	Mean reward done: 1.5837929248809814
Step: 6602752	Mean reward: 3.08939790725708, 	Mean reward done: 1.1387417316436768
Step: 6610944	Mean reward: 3.6754074096679688, 	Mean reward done: 1.2179101705551147
Step: 6619136	Mean reward: 3.8883469104766846, 	Mean reward done: 1.3786858320236206
Step: 6627328	Mean reward: 3.9415647983551025, 	Mean reward done: 1.2002264261245728
Step: 6635520	Mean reward: 4.68734073638916, 	Mean reward done: 1.4102619886398315
Step: 6643712	Mean reward: 4.2076849937438965, 	Mean reward done: 1.1664350032806396
Step: 6651904	Mean reward: 4.633070468902588, 	Mean reward done: 1.2541298866271973
Step: 6660096	Mean reward: 5.16421365737915, 	Mean reward done: 1.921088457107544
Step: 6668288	Mean reward: 3.673081874847412, 	Mean reward done: 1.3228445053100586
Step: 6676480	Mean reward: 3.7265920639038086, 	Mean reward done: 1.1561335325241089
Step: 6684672	Mean reward: 4.471931457519531, 	Mean reward done: 1.257727026939392
Step: 6692864	Mean reward: 4.365439414978027, 	Mean reward done: 1.4471603631973267
Step: 6701056	Mean reward: 4.41879940032959, 	Mean reward done: 1.5323790311813354
Step: 6709248	Mean reward: 5.376786231994629, 	Mean reward done: 1.5035271644592285
Step: 6717440	Mean reward: 4.737351894378662, 	Mean reward done: 1.6483110189437866
Step: 6725632	Mean reward: 3.513087034225464, 	Mean reward done: 1.193204641342163
Step: 6733824	Mean reward: 4.577822685241699, 	Mean reward done: 1.3706876039505005
Step: 6742016	Mean reward: 4.683739185333252, 	Mean reward done: 1.4441711902618408
Step: 6750208	Mean reward: 3.5657644271850586, 	Mean reward done: 1.003201961517334
Step: 6758400	Mean reward: 3.9917519092559814, 	Mean reward done: 1.242760181427002
Step: 6766592	Mean reward: 5.108932971954346, 	Mean reward done: 1.5743688344955444
Step: 6774784	Mean reward: 3.2988994121551514, 	Mean reward done: 0.9910645484924316
Step: 6782976	Mean reward: 4.522701263427734, 	Mean reward done: 1.3962774276733398
Step: 6791168	Mean reward: 3.405311346054077, 	Mean reward done: 1.0437602996826172
Step: 6799360	Mean reward: 5.480269432067871, 	Mean reward done: 1.6955305337905884
Step: 6807552	Mean reward: 4.203105926513672, 	Mean reward done: 1.4382826089859009
Step: 6815744	Mean reward: 2.8729560375213623, 	Mean reward done: 1.1280241012573242
Step: 6823936	Mean reward: 3.618135690689087, 	Mean reward done: 1.1103956699371338
Step: 6832128	Mean reward: 5.0549798011779785, 	Mean reward done: 1.2464510202407837
Step: 6840320	Mean reward: 5.373429775238037, 	Mean reward done: 1.4790234565734863
Step: 6848512	Mean reward: 5.372175216674805, 	Mean reward done: 1.426131010055542
Step: 6856704	Mean reward: 4.042426586151123, 	Mean reward done: 1.2611052989959717
Step: 6864896	Mean reward: 4.202365875244141, 	Mean reward done: 1.349169373512268
Step: 6873088	Mean reward: 5.584918975830078, 	Mean reward done: 1.462279200553894
Step: 6881280	Mean reward: 5.105101585388184, 	Mean reward done: 1.5078614950180054
Step: 6889472	Mean reward: 5.476631164550781, 	Mean reward done: 1.5348780155181885
Step: 6897664	Mean reward: 2.6586928367614746, 	Mean reward done: 0.8942035436630249
Step: 6905856	Mean reward: 5.212043285369873, 	Mean reward done: 1.4938387870788574
Step: 6914048	Mean reward: 3.669668197631836, 	Mean reward done: 1.1639543771743774
Step: 6922240	Mean reward: 3.031398296356201, 	Mean reward done: 0.924614429473877
Step: 6930432	Mean reward: 4.520206928253174, 	Mean reward done: 1.4978712797164917
Step: 6938624	Mean reward: 5.157444953918457, 	Mean reward done: 1.4475520849227905
Step: 6946816	Mean reward: 4.2532124519348145, 	Mean reward done: 1.173811435699463
Step: 6955008	Mean reward: 4.412697792053223, 	Mean reward done: 1.2546935081481934
Step: 6963200	Mean reward: 3.5090689659118652, 	Mean reward done: 1.0629103183746338
Step: 6971392	Mean reward: 3.7749924659729004, 	Mean reward done: 1.0624886751174927
Step: 6979584	Mean reward: 3.988018274307251, 	Mean reward done: 1.1433545351028442
Step: 6987776	Mean reward: 5.6356201171875, 	Mean reward done: 1.6152453422546387
Step: 6995968	Mean reward: 3.508510112762451, 	Mean reward done: 1.1127965450286865
Step: 7004160	Mean reward: 3.721724033355713, 	Mean reward done: 1.0757527351379395
Step: 7012352	Mean reward: 4.8382134437561035, 	Mean reward done: 1.5013418197631836
Step: 7020544	Mean reward: 3.9344851970672607, 	Mean reward done: 1.1626207828521729
Step: 7028736	Mean reward: 3.828097105026245, 	Mean reward done: 1.4895933866500854
Step: 7036928	Mean reward: 3.2435572147369385, 	Mean reward done: 1.0599130392074585
Step: 7045120	Mean reward: 3.9883882999420166, 	Mean reward done: 1.3433265686035156
Step: 7053312	Mean reward: 3.722562789916992, 	Mean reward done: 1.26921546459198
Step: 7061504	Mean reward: 3.244199275970459, 	Mean reward done: 1.131037950515747
Step: 7069696	Mean reward: 3.9886679649353027, 	Mean reward done: 1.0595935583114624
Step: 7077888	Mean reward: 2.712405204772949, 	Mean reward done: 0.9555468559265137
Step: 7086080	Mean reward: 3.7235357761383057, 	Mean reward done: 0.921891450881958
Step: 7094272	Mean reward: 3.936654567718506, 	Mean reward done: 1.147049069404602
Step: 7102464	Mean reward: 5.372705459594727, 	Mean reward done: 1.5861055850982666
Step: 7110656	Mean reward: 4.361801624298096, 	Mean reward done: 1.1445317268371582
Step: 7118848	Mean reward: 5.531309604644775, 	Mean reward done: 1.5810942649841309
Step: 7127040	Mean reward: 4.945700645446777, 	Mean reward done: 1.3892536163330078
Step: 7135232	Mean reward: 2.977966785430908, 	Mean reward done: 1.0028470754623413
Step: 7143424	Mean reward: 4.148157596588135, 	Mean reward done: 1.2696870565414429
Step: 7151616	Mean reward: 4.30742073059082, 	Mean reward done: 1.156620740890503
Step: 7159808	Mean reward: 4.519776344299316, 	Mean reward done: 1.4170875549316406
Step: 7168000	Mean reward: 3.562511444091797, 	Mean reward done: 0.9881129264831543
Step: 7176192	Mean reward: 2.924633026123047, 	Mean reward done: 1.052996277809143
Step: 7184384	Mean reward: 5.317497730255127, 	Mean reward done: 1.4701660871505737
Step: 7192576	Mean reward: 4.040968418121338, 	Mean reward done: 1.1573516130447388
Step: 7200768	Mean reward: 3.7218708992004395, 	Mean reward done: 1.2887296676635742
Step: 7208960	Mean reward: 3.8813955783843994, 	Mean reward done: 1.1830259561538696
Step: 7217152	Mean reward: 5.423235893249512, 	Mean reward done: 1.5839375257492065
Step: 7225344	Mean reward: 4.253554344177246, 	Mean reward done: 1.2530239820480347
Step: 7233536	Mean reward: 5.15687894821167, 	Mean reward done: 1.4569400548934937
Step: 7241728	Mean reward: 5.262670993804932, 	Mean reward done: 1.1605569124221802
Step: 7249920	Mean reward: 3.8798675537109375, 	Mean reward done: 1.0372908115386963
Step: 7258112	Mean reward: 4.7836127281188965, 	Mean reward done: 1.3385252952575684
Step: 7266304	Mean reward: 3.401672601699829, 	Mean reward done: 1.2074154615402222
Step: 7274496	Mean reward: 4.039338111877441, 	Mean reward done: 1.2215464115142822
Step: 7282688	Mean reward: 4.411183834075928, 	Mean reward done: 1.336641788482666
Step: 7290880	Mean reward: 3.9325759410858154, 	Mean reward done: 1.1057507991790771
Step: 7299072	Mean reward: 4.570312023162842, 	Mean reward done: 1.2652559280395508
Step: 7307264	Mean reward: 4.6763224601745605, 	Mean reward done: 1.4488028287887573
Step: 7315456	Mean reward: 4.569961071014404, 	Mean reward done: 1.3559339046478271
Step: 7323648	Mean reward: 4.356700420379639, 	Mean reward done: 1.1682376861572266
Step: 7331840	Mean reward: 4.621809005737305, 	Mean reward done: 1.4005827903747559
Step: 7340032	Mean reward: 4.303062915802002, 	Mean reward done: 1.3058865070343018
Step: 7348224	Mean reward: 3.5596063137054443, 	Mean reward done: 1.0032421350479126
Step: 7356416	Mean reward: 3.9314680099487305, 	Mean reward done: 1.3476741313934326
Step: 7364608	Mean reward: 4.940386772155762, 	Mean reward done: 1.8743655681610107
Step: 7372800	Mean reward: 3.505488157272339, 	Mean reward done: 1.0621401071548462
Step: 7380992	Mean reward: 3.7184903621673584, 	Mean reward done: 1.0870856046676636
Step: 7389184	Mean reward: 3.7712626457214355, 	Mean reward done: 1.1303718090057373
Step: 7397376	Mean reward: 3.2931535243988037, 	Mean reward done: 0.919019877910614
Step: 7405568	Mean reward: 4.833672046661377, 	Mean reward done: 1.4035576581954956
Step: 7413760	Mean reward: 3.1872360706329346, 	Mean reward done: 0.9349222779273987
Step: 7421952	Mean reward: 3.346884250640869, 	Mean reward done: 0.9938814640045166
Step: 7430144	Mean reward: 4.249795913696289, 	Mean reward done: 1.3909307718276978
Step: 7438336	Mean reward: 4.196728229522705, 	Mean reward done: 1.0704317092895508
Step: 7446528	Mean reward: 3.293874740600586, 	Mean reward done: 1.0326833724975586
Step: 7454720	Mean reward: 3.878544330596924, 	Mean reward done: 1.175832748413086
Step: 7462912	Mean reward: 3.1349987983703613, 	Mean reward done: 0.8351139426231384
Step: 7471104	Mean reward: 3.825941324234009, 	Mean reward done: 1.0444172620773315
Step: 7479296	Mean reward: 3.826085090637207, 	Mean reward done: 0.9477914571762085
Step: 7487488	Mean reward: 3.4541988372802734, 	Mean reward done: 0.9981750249862671
Step: 7495680	Mean reward: 3.401399612426758, 	Mean reward done: 1.2504642009735107
Step: 7503872	Mean reward: 4.252111911773682, 	Mean reward done: 1.118541955947876
Step: 7512064	Mean reward: 3.9863088130950928, 	Mean reward done: 1.2330985069274902
Step: 7520256	Mean reward: 5.314931392669678, 	Mean reward done: 1.1847264766693115
Step: 7528448	Mean reward: 3.932415723800659, 	Mean reward done: 1.2062981128692627
Step: 7536640	Mean reward: 5.048374652862549, 	Mean reward done: 1.3976032733917236
Step: 7544832	Mean reward: 5.6323771476745605, 	Mean reward done: 1.5668761730194092
Step: 7553024	Mean reward: 4.410141468048096, 	Mean reward done: 1.3203849792480469
Step: 7561216	Mean reward: 3.2409348487854004, 	Mean reward done: 0.9864522218704224
Step: 7569408	Mean reward: 3.5066888332366943, 	Mean reward done: 0.9215810894966125
Step: 7577600	Mean reward: 3.985318660736084, 	Mean reward done: 1.220391035079956
Step: 7585792	Mean reward: 3.7199368476867676, 	Mean reward done: 1.0953590869903564
Step: 7593984	Mean reward: 4.463685512542725, 	Mean reward done: 1.2707945108413696
Step: 7602176	Mean reward: 5.472200393676758, 	Mean reward done: 1.6590075492858887
Step: 7610368	Mean reward: 4.887303352355957, 	Mean reward done: 1.3440093994140625
Step: 7618560	Mean reward: 3.665121078491211, 	Mean reward done: 1.0800611972808838
Step: 7626752	Mean reward: 5.365039348602295, 	Mean reward done: 1.417015552520752
Step: 7634944	Mean reward: 5.3117265701293945, 	Mean reward done: 1.4320263862609863
Step: 7643136	Mean reward: 5.045734882354736, 	Mean reward done: 1.465036392211914
Step: 7651328	Mean reward: 5.788774490356445, 	Mean reward done: 1.4368259906768799
Step: 7659520	Mean reward: 4.672961711883545, 	Mean reward done: 1.3603034019470215
Step: 7667712	Mean reward: 4.300539493560791, 	Mean reward done: 1.2059712409973145
Step: 7675904	Mean reward: 4.406120300292969, 	Mean reward done: 1.5111857652664185
Step: 7684096	Mean reward: 3.8224010467529297, 	Mean reward done: 1.1898237466812134
Step: 7692288	Mean reward: 4.247004985809326, 	Mean reward done: 1.3917794227600098
Step: 7700480	Mean reward: 4.087778568267822, 	Mean reward done: 1.262609601020813
Step: 7708672	Mean reward: 5.574055194854736, 	Mean reward done: 1.404320240020752
Step: 7716864	Mean reward: 3.3971738815307617, 	Mean reward done: 1.2818982601165771
Step: 7725056	Mean reward: 4.6179046630859375, 	Mean reward done: 1.4225265979766846
Step: 7733248	Mean reward: 5.573075771331787, 	Mean reward done: 1.6038076877593994
Step: 7741440	Mean reward: 5.572834491729736, 	Mean reward done: 1.579864501953125
Step: 7749632	Mean reward: 5.094366550445557, 	Mean reward done: 1.6873838901519775
Step: 7757824	Mean reward: 6.207427024841309, 	Mean reward done: 1.8516279458999634
Step: 7766016	Mean reward: 3.713250160217285, 	Mean reward done: 1.0707039833068848
Step: 7774208	Mean reward: 3.5537848472595215, 	Mean reward done: 1.1819443702697754
Step: 7782400	Mean reward: 4.402459621429443, 	Mean reward done: 1.2097331285476685
Step: 7790592	Mean reward: 4.667266368865967, 	Mean reward done: 1.215813398361206
Step: 7798784	Mean reward: 3.7654881477355957, 	Mean reward done: 1.3152724504470825
Step: 7806976	Mean reward: 4.560730457305908, 	Mean reward done: 1.431880235671997
Step: 7815168	Mean reward: 5.461233139038086, 	Mean reward done: 1.5368702411651611
Step: 7823360	Mean reward: 3.711106777191162, 	Mean reward done: 1.321866512298584
Step: 7831552	Mean reward: 3.340053081512451, 	Mean reward done: 0.9471697807312012
Step: 7839744	Mean reward: 4.347293853759766, 	Mean reward done: 1.2576558589935303
Step: 7847936	Mean reward: 4.983198165893555, 	Mean reward done: 1.3863282203674316
Step: 7856128	Mean reward: 4.982331275939941, 	Mean reward done: 1.5786267518997192
Step: 7864320	Mean reward: 5.352794170379639, 	Mean reward done: 1.3558647632598877
Step: 7872512	Mean reward: 3.8687684535980225, 	Mean reward done: 1.3906644582748413
Step: 7880704	Mean reward: 4.504724979400635, 	Mean reward done: 1.2675070762634277
Step: 7888896	Mean reward: 6.676655292510986, 	Mean reward done: 1.5888581275939941
Step: 7897088	Mean reward: 5.139588356018066, 	Mean reward done: 1.475433588027954
Step: 7905280	Mean reward: 4.6621575355529785, 	Mean reward done: 1.8428258895874023
Step: 7913472	Mean reward: 4.238044261932373, 	Mean reward done: 1.2016669511795044
Step: 7921664	Mean reward: 5.455739498138428, 	Mean reward done: 1.4116075038909912
Step: 7929856	Mean reward: 4.449303150177002, 	Mean reward done: 1.2407095432281494
Step: 7938048	Mean reward: 3.4960360527038574, 	Mean reward done: 1.090301275253296
Step: 7946240	Mean reward: 5.2438130378723145, 	Mean reward done: 1.5228337049484253
Step: 7954432	Mean reward: 4.97833251953125, 	Mean reward done: 1.4217114448547363
Step: 7962624	Mean reward: 4.871889591217041, 	Mean reward done: 1.8075451850891113
Step: 7970816	Mean reward: 3.706645965576172, 	Mean reward done: 0.9270391464233398
Step: 7979008	Mean reward: 4.130162715911865, 	Mean reward done: 1.35377836227417
Step: 7987200	Mean reward: 5.135931015014648, 	Mean reward done: 1.39694344997406
Step: 7995392	Mean reward: 5.1355390548706055, 	Mean reward done: 1.3597735166549683
Step: 8003584	Mean reward: 5.188031196594238, 	Mean reward done: 1.2802486419677734
Completed training of sd_n_rc_db!

------------------------------------------------------------
Sender: LSF System <lsfadmin@n-62-20-7>
Subject: Job 8466603: <sd_n_rc_db> in cluster <dcc> Done

Job <sd_n_rc_db> was submitted from host <n-62-27-19> by user <s192288> in cluster <dcc> at Wed Dec  2 16:48:08 2020
Job was executed on host(s) <n-62-20-7>, in queue <gpuv100>, as user <s192288> in cluster <dcc> at Thu Dec  3 03:27:18 2020
</zhome/09/9/144141> was used as the home directory.
</zhome/09/9/144141/Desktop/Deep_l_hpc> was used as the working directory.
Started at Thu Dec  3 03:27:18 2020
Terminated at Thu Dec  3 06:57:04 2020
Results reported at Thu Dec  3 06:57:04 2020

Your job looked like:

------------------------------------------------------------
# LSBATCH: User input
#!/bin/sh

#BSUB -J sd_n_rc_db

#BSUB -q gpuv100

#BSUB -gpu "num=1"

#BSUB -n 1

#BSUB -W 23:45

#BSUB -R "rusage[mem=16GB]"

#BSUB -o sd_n_rc_db.out

#BSUB -e sd_n_rc_db.err

# Load modules

module load python3/3.8.2
module load cuda/8.0
module load cudnn/v7.0-prod-cuda8
module load ffmpeg/4.2.2
pip3 install --user torch matplotlib procgen gym 

# 1 = model_name, 2 = encoder_index, 3 = aug_index, 4 = mix_reg, 5 = game
#the name of the run
#encoder_index 0 = Impala, 1 = Nature  
#aug_index: 0 = None, 1 = grayscale, 2 = random_cutout, 3 = color_jitter
#mixreg: 0 = False, 1 = True 
#type of game

python3 train_ppo.py sd_n_rc_db 1 2 0 dodgeball



------------------------------------------------------------

Successfully completed.

Resource usage summary:

    CPU time :                                   12663.58 sec.
    Max Memory :                                 9070 MB
    Average Memory :                             8982.38 MB
    Total Requested Memory :                     16384.00 MB
    Delta Memory :                               7314.00 MB
    Max Swap :                                   -
    Max Processes :                              4
    Max Threads :                                13
    Run time :                                   12585 sec.
    Turnaround time :                            50936 sec.

The output (if any) is above this job summary.



PS:

Read file <sd_n_rc_db.err> for stderr output of this job.

