Requirement already satisfied: torch in /zhome/09/9/144141/.local/lib/python3.8/site-packages (1.7.0)
Requirement already satisfied: matplotlib in /zhome/09/9/144141/.local/lib/python3.8/site-packages (3.3.3)
Requirement already satisfied: procgen in /zhome/09/9/144141/.local/lib/python3.8/site-packages (0.10.4)
Requirement already satisfied: gym in /zhome/09/9/144141/.local/lib/python3.8/site-packages (0.17.3)
Requirement already satisfied: future in /zhome/09/9/144141/.local/lib/python3.8/site-packages (from torch) (0.18.2)
Requirement already satisfied: numpy in /zhome/09/9/144141/.local/lib/python3.8/site-packages (from torch) (1.19.4)
Requirement already satisfied: dataclasses in /zhome/09/9/144141/.local/lib/python3.8/site-packages (from torch) (0.6)
Requirement already satisfied: typing-extensions in /zhome/09/9/144141/.local/lib/python3.8/site-packages (from torch) (3.7.4.3)
Requirement already satisfied: pillow>=6.2.0 in /zhome/09/9/144141/.local/lib/python3.8/site-packages (from matplotlib) (8.0.1)
Requirement already satisfied: cycler>=0.10 in /zhome/09/9/144141/.local/lib/python3.8/site-packages (from matplotlib) (0.10.0)
Requirement already satisfied: pyparsing!=2.0.4,!=2.1.2,!=2.1.6,>=2.0.3 in /zhome/09/9/144141/.local/lib/python3.8/site-packages (from matplotlib) (2.4.7)
Requirement already satisfied: python-dateutil>=2.1 in /zhome/09/9/144141/.local/lib/python3.8/site-packages (from matplotlib) (2.8.1)
Requirement already satisfied: kiwisolver>=1.0.1 in /zhome/09/9/144141/.local/lib/python3.8/site-packages (from matplotlib) (1.3.1)
Requirement already satisfied: filelock<4.0.0,>=3.0.0 in /zhome/09/9/144141/.local/lib/python3.8/site-packages (from procgen) (3.0.12)
Requirement already satisfied: gym3<1.0.0,>=0.3.3 in /zhome/09/9/144141/.local/lib/python3.8/site-packages (from procgen) (0.3.3)
Requirement already satisfied: scipy in /zhome/09/9/144141/.local/lib/python3.8/site-packages (from gym) (1.5.4)
Requirement already satisfied: pyglet<=1.5.0,>=1.4.0 in /zhome/09/9/144141/.local/lib/python3.8/site-packages (from gym) (1.5.0)
Requirement already satisfied: cloudpickle<1.7.0,>=1.2.0 in /zhome/09/9/144141/.local/lib/python3.8/site-packages (from gym) (1.6.0)
Requirement already satisfied: six in /zhome/09/9/144141/.local/lib/python3.8/site-packages (from cycler>=0.10->matplotlib) (1.15.0)
Requirement already satisfied: imageio<3.0.0,>=2.6.0 in /zhome/09/9/144141/.local/lib/python3.8/site-packages (from gym3<1.0.0,>=0.3.3->procgen) (2.9.0)
Requirement already satisfied: glfw<2.0.0,>=1.8.6 in /zhome/09/9/144141/.local/lib/python3.8/site-packages (from gym3<1.0.0,>=0.3.3->procgen) (1.12.0)
Requirement already satisfied: cffi<2.0.0,>=1.13.0 in /zhome/09/9/144141/.local/lib/python3.8/site-packages (from gym3<1.0.0,>=0.3.3->procgen) (1.14.4)
Requirement already satisfied: imageio-ffmpeg<0.4.0,>=0.3.0 in /zhome/09/9/144141/.local/lib/python3.8/site-packages (from gym3<1.0.0,>=0.3.3->procgen) (0.3.0)
Requirement already satisfied: moderngl<6.0.0,>=5.5.4 in /zhome/09/9/144141/.local/lib/python3.8/site-packages (from gym3<1.0.0,>=0.3.3->procgen) (5.6.2)
Requirement already satisfied: pycparser in /zhome/09/9/144141/.local/lib/python3.8/site-packages (from cffi<2.0.0,>=1.13.0->gym3<1.0.0,>=0.3.3->procgen) (2.20)
Requirement already satisfied: glcontext<3,>=2 in /zhome/09/9/144141/.local/lib/python3.8/site-packages (from moderngl<6.0.0,>=5.5.4->gym3<1.0.0,>=0.3.3->procgen) (2.2.0)
Run name sd_i_na_sp
Encoder used Impala
Augumentation used none
Mixreg? False
Game starpilot
Observation space: Box(0.0, 1.0, (3, 64, 64), float32)
Action space: 15
Beware of the Impala!
Step: 8192	Mean reward: 8.384974479675293, 	Mean reward done: 2.3830788135528564
Estimated time of completion: 3.9547177988828883 hours
Step: 16384	Mean reward: 4.8165602684021, 	Mean reward done: 1.3481900691986084
Step: 24576	Mean reward: 4.820329666137695, 	Mean reward done: 1.2655435800552368
Step: 32768	Mean reward: 5.755878448486328, 	Mean reward done: 1.5303577184677124
Step: 40960	Mean reward: 6.912191390991211, 	Mean reward done: 2.0284087657928467
Step: 49152	Mean reward: 6.153079032897949, 	Mean reward done: 1.641546368598938
Step: 57344	Mean reward: 5.546572208404541, 	Mean reward done: 1.5070639848709106
Step: 65536	Mean reward: 5.606557846069336, 	Mean reward done: 1.6764580011367798
Step: 73728	Mean reward: 5.336967468261719, 	Mean reward done: 1.448546051979065
Step: 81920	Mean reward: 5.190825462341309, 	Mean reward done: 1.5178083181381226
Step: 90112	Mean reward: 6.4236836433410645, 	Mean reward done: 2.08097243309021
Step: 98304	Mean reward: 6.317602634429932, 	Mean reward done: 1.9629566669464111
Step: 106496	Mean reward: 6.843294143676758, 	Mean reward done: 2.1606240272521973
Step: 114688	Mean reward: 5.643451690673828, 	Mean reward done: 1.61062490940094
Step: 122880	Mean reward: 6.217645645141602, 	Mean reward done: 1.9283474683761597
Step: 131072	Mean reward: 5.302170753479004, 	Mean reward done: 1.6093391180038452
Step: 139264	Mean reward: 6.256113529205322, 	Mean reward done: 1.894848346710205
Step: 147456	Mean reward: 5.849356651306152, 	Mean reward done: 1.8099287748336792
Step: 155648	Mean reward: 6.123720169067383, 	Mean reward done: 1.8616416454315186
Step: 163840	Mean reward: 6.24032735824585, 	Mean reward done: 1.9731961488723755
Step: 172032	Mean reward: 5.890630722045898, 	Mean reward done: 1.8102701902389526
Step: 180224	Mean reward: 5.799410343170166, 	Mean reward done: 1.783267617225647
Step: 188416	Mean reward: 6.49232816696167, 	Mean reward done: 2.3938755989074707
Step: 196608	Mean reward: 5.995350360870361, 	Mean reward done: 1.8145546913146973
Step: 204800	Mean reward: 6.911875247955322, 	Mean reward done: 2.132976531982422
Step: 212992	Mean reward: 6.163494110107422, 	Mean reward done: 1.9470089673995972
Step: 221184	Mean reward: 6.223058223724365, 	Mean reward done: 1.8619215488433838
Step: 229376	Mean reward: 6.561095237731934, 	Mean reward done: 2.135115623474121
Step: 237568	Mean reward: 5.439098358154297, 	Mean reward done: 1.848280429840088
Step: 245760	Mean reward: 6.124312877655029, 	Mean reward done: 1.9849560260772705
Step: 253952	Mean reward: 6.4535417556762695, 	Mean reward done: 2.0676469802856445
Step: 262144	Mean reward: 6.334506511688232, 	Mean reward done: 1.8963221311569214
Step: 270336	Mean reward: 6.935060024261475, 	Mean reward done: 2.340696096420288
Step: 278528	Mean reward: 6.028345584869385, 	Mean reward done: 1.895751714706421
Step: 286720	Mean reward: 6.251705646514893, 	Mean reward done: 1.9390268325805664
Step: 294912	Mean reward: 6.193362236022949, 	Mean reward done: 1.9837418794631958
Step: 303104	Mean reward: 6.375450611114502, 	Mean reward done: 2.1319639682769775
Step: 311296	Mean reward: 5.859809875488281, 	Mean reward done: 1.9027639627456665
Step: 319488	Mean reward: 6.1963067054748535, 	Mean reward done: 2.0354902744293213
Step: 327680	Mean reward: 6.206220626831055, 	Mean reward done: 1.9754033088684082
Step: 335872	Mean reward: 6.026151657104492, 	Mean reward done: 2.1795477867126465
Step: 344064	Mean reward: 5.654832363128662, 	Mean reward done: 1.8638795614242554
Step: 352256	Mean reward: 6.379443168640137, 	Mean reward done: 2.038239002227783
Step: 360448	Mean reward: 5.6894683837890625, 	Mean reward done: 1.7878326177597046
Step: 368640	Mean reward: 6.863304138183594, 	Mean reward done: 2.1962485313415527
Step: 376832	Mean reward: 6.179483413696289, 	Mean reward done: 1.9403218030929565
Step: 385024	Mean reward: 6.383931636810303, 	Mean reward done: 2.042825937271118
Step: 393216	Mean reward: 6.3850998878479, 	Mean reward done: 2.0835585594177246
Step: 401408	Mean reward: 6.003807067871094, 	Mean reward done: 1.8812241554260254
Step: 409600	Mean reward: 6.254254341125488, 	Mean reward done: 1.8864437341690063
Step: 417792	Mean reward: 6.364360332489014, 	Mean reward done: 2.1256260871887207
Step: 425984	Mean reward: 7.361874103546143, 	Mean reward done: 2.552725315093994
Step: 434176	Mean reward: 7.044482231140137, 	Mean reward done: 2.6025686264038086
Step: 442368	Mean reward: 6.475114345550537, 	Mean reward done: 2.0663068294525146
Step: 450560	Mean reward: 7.6050214767456055, 	Mean reward done: 2.5505621433258057
Step: 458752	Mean reward: 6.422958850860596, 	Mean reward done: 2.1133205890655518
Step: 466944	Mean reward: 6.985297679901123, 	Mean reward done: 2.156848192214966
Step: 475136	Mean reward: 6.603205680847168, 	Mean reward done: 2.138502597808838
Step: 483328	Mean reward: 6.083158016204834, 	Mean reward done: 2.230559825897217
Step: 491520	Mean reward: 6.827545166015625, 	Mean reward done: 2.6505696773529053
Step: 499712	Mean reward: 7.306052207946777, 	Mean reward done: 2.631655216217041
Step: 507904	Mean reward: 6.379885196685791, 	Mean reward done: 2.0753536224365234
Step: 516096	Mean reward: 6.436440944671631, 	Mean reward done: 2.1725046634674072
Step: 524288	Mean reward: 6.501649856567383, 	Mean reward done: 2.2308692932128906
Step: 532480	Mean reward: 6.884767532348633, 	Mean reward done: 2.218571186065674
Step: 540672	Mean reward: 6.778254985809326, 	Mean reward done: 2.310267448425293
Step: 548864	Mean reward: 5.8994855880737305, 	Mean reward done: 1.9707202911376953
Step: 557056	Mean reward: 6.465496063232422, 	Mean reward done: 2.1424877643585205
Step: 565248	Mean reward: 6.877291202545166, 	Mean reward done: 2.346116542816162
Step: 573440	Mean reward: 6.666782855987549, 	Mean reward done: 2.2255983352661133
Step: 581632	Mean reward: 6.645495891571045, 	Mean reward done: 2.2248470783233643
Step: 589824	Mean reward: 6.75176477432251, 	Mean reward done: 2.191188335418701
Step: 598016	Mean reward: 6.284614086151123, 	Mean reward done: 2.0301012992858887
Step: 606208	Mean reward: 6.3371124267578125, 	Mean reward done: 2.408003807067871
Step: 614400	Mean reward: 6.444001197814941, 	Mean reward done: 2.2986996173858643
Step: 622592	Mean reward: 6.917504787445068, 	Mean reward done: 2.284055709838867
Step: 630784	Mean reward: 6.394828796386719, 	Mean reward done: 2.2834455966949463
Step: 638976	Mean reward: 6.778393745422363, 	Mean reward done: 2.461430072784424
Step: 647168	Mean reward: 7.168940544128418, 	Mean reward done: 2.248685359954834
Step: 655360	Mean reward: 6.274019241333008, 	Mean reward done: 2.0439324378967285
Step: 663552	Mean reward: 7.058205604553223, 	Mean reward done: 2.5891268253326416
Step: 671744	Mean reward: 6.1488189697265625, 	Mean reward done: 1.9287962913513184
Step: 679936	Mean reward: 6.5313591957092285, 	Mean reward done: 2.744786024093628
Step: 688128	Mean reward: 6.35280704498291, 	Mean reward done: 2.282886266708374
Step: 696320	Mean reward: 6.499724388122559, 	Mean reward done: 2.1692628860473633
Step: 704512	Mean reward: 5.850892066955566, 	Mean reward done: 1.8246527910232544
Step: 712704	Mean reward: 6.326890468597412, 	Mean reward done: 2.1550393104553223
Step: 720896	Mean reward: 7.037059307098389, 	Mean reward done: 2.328258514404297
Step: 729088	Mean reward: 6.903180122375488, 	Mean reward done: 2.207073211669922
Step: 737280	Mean reward: 6.694431781768799, 	Mean reward done: 2.4877798557281494
Step: 745472	Mean reward: 6.543766975402832, 	Mean reward done: 2.435633659362793
Step: 753664	Mean reward: 7.188841819763184, 	Mean reward done: 2.5670816898345947
Step: 761856	Mean reward: 7.130346298217773, 	Mean reward done: 2.6699984073638916
Step: 770048	Mean reward: 6.446170330047607, 	Mean reward done: 2.1343116760253906
Step: 778240	Mean reward: 6.6120829582214355, 	Mean reward done: 2.2770891189575195
Step: 786432	Mean reward: 5.710607051849365, 	Mean reward done: 1.8384288549423218
Step: 794624	Mean reward: 7.301452159881592, 	Mean reward done: 2.8125617504119873
Step: 802816	Mean reward: 7.2072601318359375, 	Mean reward done: 2.297635078430176
Step: 811008	Mean reward: 6.265605926513672, 	Mean reward done: 2.22442889213562
Step: 819200	Mean reward: 6.798027992248535, 	Mean reward done: 2.379849910736084
Step: 827392	Mean reward: 6.353797435760498, 	Mean reward done: 2.0454437732696533
Step: 835584	Mean reward: 6.78497314453125, 	Mean reward done: 2.265532970428467
Step: 843776	Mean reward: 6.48735237121582, 	Mean reward done: 2.2154998779296875
Step: 851968	Mean reward: 6.608445644378662, 	Mean reward done: 2.439122200012207
Step: 860160	Mean reward: 6.556788444519043, 	Mean reward done: 2.095181941986084
Step: 868352	Mean reward: 6.280264854431152, 	Mean reward done: 2.220261812210083
Step: 876544	Mean reward: 7.162109851837158, 	Mean reward done: 2.5289509296417236
Step: 884736	Mean reward: 7.023532390594482, 	Mean reward done: 2.5594139099121094
Step: 892928	Mean reward: 5.90679931640625, 	Mean reward done: 2.040722370147705
Step: 901120	Mean reward: 6.488306999206543, 	Mean reward done: 2.272446870803833
Step: 909312	Mean reward: 6.402877330780029, 	Mean reward done: 2.092571258544922
Step: 917504	Mean reward: 6.78314733505249, 	Mean reward done: 2.371286153793335
Step: 925696	Mean reward: 6.891331672668457, 	Mean reward done: 2.265472888946533
Step: 933888	Mean reward: 6.2860636711120605, 	Mean reward done: 2.1830430030822754
Step: 942080	Mean reward: 6.678271293640137, 	Mean reward done: 2.2770419120788574
Step: 950272	Mean reward: 6.13593053817749, 	Mean reward done: 2.0893166065216064
Step: 958464	Mean reward: 7.25900411605835, 	Mean reward done: 2.87715482711792
Step: 966656	Mean reward: 6.649433135986328, 	Mean reward done: 2.2070977687835693
Step: 974848	Mean reward: 6.884904384613037, 	Mean reward done: 2.5318541526794434
Step: 983040	Mean reward: 6.99384880065918, 	Mean reward done: 2.4792110919952393
Step: 991232	Mean reward: 5.888310432434082, 	Mean reward done: 2.230949640274048
Step: 999424	Mean reward: 5.839948654174805, 	Mean reward done: 2.0878615379333496
Step: 1007616	Mean reward: 6.652216911315918, 	Mean reward done: 2.2783913612365723
Step: 1015808	Mean reward: 6.842198848724365, 	Mean reward done: 2.368849277496338
Step: 1024000	Mean reward: 6.263400077819824, 	Mean reward done: 2.380347967147827
Step: 1032192	Mean reward: 6.065629005432129, 	Mean reward done: 2.067142963409424
Step: 1040384	Mean reward: 6.141380786895752, 	Mean reward done: 2.085606575012207
Step: 1048576	Mean reward: 6.920408725738525, 	Mean reward done: 2.6596105098724365
Step: 1056768	Mean reward: 6.788135528564453, 	Mean reward done: 2.4684457778930664
Step: 1064960	Mean reward: 6.282164096832275, 	Mean reward done: 2.236839532852173
Step: 1073152	Mean reward: 6.504337787628174, 	Mean reward done: 2.2607524394989014
Step: 1081344	Mean reward: 6.891012191772461, 	Mean reward done: 2.4871692657470703
Step: 1089536	Mean reward: 6.822736740112305, 	Mean reward done: 2.2292497158050537
Step: 1097728	Mean reward: 6.711446285247803, 	Mean reward done: 2.34950590133667
Step: 1105920	Mean reward: 6.133795738220215, 	Mean reward done: 2.3837246894836426
Step: 1114112	Mean reward: 6.59349250793457, 	Mean reward done: 2.5748634338378906
Step: 1122304	Mean reward: 6.7643046379089355, 	Mean reward done: 2.4152779579162598
Step: 1130496	Mean reward: 6.399369716644287, 	Mean reward done: 2.081912040710449
Step: 1138688	Mean reward: 5.83140754699707, 	Mean reward done: 1.8500962257385254
Step: 1146880	Mean reward: 7.660870552062988, 	Mean reward done: 2.6785571575164795
Step: 1155072	Mean reward: 6.604488372802734, 	Mean reward done: 2.3911337852478027
Step: 1163264	Mean reward: 7.2877960205078125, 	Mean reward done: 2.6940009593963623
Step: 1171456	Mean reward: 6.978738784790039, 	Mean reward done: 2.3938944339752197
Step: 1179648	Mean reward: 7.068788051605225, 	Mean reward done: 2.89485502243042
Step: 1187840	Mean reward: 6.5717573165893555, 	Mean reward done: 2.1891160011291504
Step: 1196032	Mean reward: 6.31436824798584, 	Mean reward done: 2.247431516647339
Step: 1204224	Mean reward: 6.437867164611816, 	Mean reward done: 2.337481737136841
Step: 1212416	Mean reward: 7.222139358520508, 	Mean reward done: 2.706707239151001
Step: 1220608	Mean reward: 7.0038886070251465, 	Mean reward done: 3.039405584335327
Step: 1228800	Mean reward: 6.871326446533203, 	Mean reward done: 2.3844547271728516
Step: 1236992	Mean reward: 6.657717227935791, 	Mean reward done: 2.636265277862549
Step: 1245184	Mean reward: 6.688442707061768, 	Mean reward done: 2.3304684162139893
Step: 1253376	Mean reward: 6.540151596069336, 	Mean reward done: 2.0875959396362305
Step: 1261568	Mean reward: 6.739004135131836, 	Mean reward done: 2.4432764053344727
Step: 1269760	Mean reward: 7.174528121948242, 	Mean reward done: 2.4424474239349365
Step: 1277952	Mean reward: 6.544868469238281, 	Mean reward done: 2.460379123687744
Step: 1286144	Mean reward: 6.6116156578063965, 	Mean reward done: 2.581693172454834
Step: 1294336	Mean reward: 6.860354900360107, 	Mean reward done: 2.565972328186035
Step: 1302528	Mean reward: 6.097088813781738, 	Mean reward done: 2.2373011112213135
Step: 1310720	Mean reward: 6.8017730712890625, 	Mean reward done: 2.841308832168579
Step: 1318912	Mean reward: 7.023427486419678, 	Mean reward done: 2.410024881362915
Step: 1327104	Mean reward: 6.577732086181641, 	Mean reward done: 2.6085257530212402
Step: 1335296	Mean reward: 7.030628681182861, 	Mean reward done: 2.592078685760498
Step: 1343488	Mean reward: 7.257956504821777, 	Mean reward done: 2.7230396270751953
Step: 1351680	Mean reward: 7.442294597625732, 	Mean reward done: 3.1259868144989014
Step: 1359872	Mean reward: 6.3130035400390625, 	Mean reward done: 2.3083226680755615
Step: 1368064	Mean reward: 6.323803901672363, 	Mean reward done: 2.1372621059417725
Step: 1376256	Mean reward: 7.218154430389404, 	Mean reward done: 2.6442670822143555
Step: 1384448	Mean reward: 6.807949542999268, 	Mean reward done: 2.405637502670288
Step: 1392640	Mean reward: 6.700308322906494, 	Mean reward done: 2.3486762046813965
Step: 1400832	Mean reward: 6.495988845825195, 	Mean reward done: 2.255561351776123
Step: 1409024	Mean reward: 7.032559394836426, 	Mean reward done: 2.328995704650879
Step: 1417216	Mean reward: 7.223271369934082, 	Mean reward done: 2.9533333778381348
Step: 1425408	Mean reward: 6.5146002769470215, 	Mean reward done: 2.401923179626465
Step: 1433600	Mean reward: 6.413881778717041, 	Mean reward done: 2.3519909381866455
Step: 1441792	Mean reward: 7.443374156951904, 	Mean reward done: 3.0553228855133057
Step: 1449984	Mean reward: 6.921008586883545, 	Mean reward done: 2.4976000785827637
Step: 1458176	Mean reward: 7.506892204284668, 	Mean reward done: 3.2609920501708984
Step: 1466368	Mean reward: 7.394981384277344, 	Mean reward done: 2.741603374481201
Step: 1474560	Mean reward: 6.83504581451416, 	Mean reward done: 2.235611915588379
Step: 1482752	Mean reward: 6.955718517303467, 	Mean reward done: 2.7069594860076904
Step: 1490944	Mean reward: 6.834053993225098, 	Mean reward done: 2.606621503829956
Step: 1499136	Mean reward: 6.728037357330322, 	Mean reward done: 2.5119054317474365
Step: 1507328	Mean reward: 6.397536277770996, 	Mean reward done: 2.514824390411377
Step: 1515520	Mean reward: 6.587176322937012, 	Mean reward done: 2.6080145835876465
Step: 1523712	Mean reward: 6.133077621459961, 	Mean reward done: 2.19535231590271
Step: 1531904	Mean reward: 6.83132266998291, 	Mean reward done: 2.709914445877075
Step: 1540096	Mean reward: 6.752317905426025, 	Mean reward done: 2.6992905139923096
Step: 1548288	Mean reward: 7.417088985443115, 	Mean reward done: 2.862283229827881
Step: 1556480	Mean reward: 6.7942023277282715, 	Mean reward done: 2.792543411254883
Step: 1564672	Mean reward: 6.341990947723389, 	Mean reward done: 2.341188669204712
Step: 1572864	Mean reward: 6.379952430725098, 	Mean reward done: 2.2176568508148193
Step: 1581056	Mean reward: 7.1556243896484375, 	Mean reward done: 2.689192056655884
Step: 1589248	Mean reward: 6.493131160736084, 	Mean reward done: 2.715876817703247
Step: 1597440	Mean reward: 6.015379905700684, 	Mean reward done: 2.371410369873047
Step: 1605632	Mean reward: 6.109458923339844, 	Mean reward done: 2.110541343688965
Step: 1613824	Mean reward: 6.88686466217041, 	Mean reward done: 2.313671112060547
Step: 1622016	Mean reward: 7.257807731628418, 	Mean reward done: 2.8231570720672607
Step: 1630208	Mean reward: 7.1776909828186035, 	Mean reward done: 2.7754907608032227
Step: 1638400	Mean reward: 6.945586204528809, 	Mean reward done: 2.765972375869751
Step: 1646592	Mean reward: 7.250936508178711, 	Mean reward done: 2.7898900508880615
Step: 1654784	Mean reward: 7.033874988555908, 	Mean reward done: 2.6285159587860107
Step: 1662976	Mean reward: 6.528350830078125, 	Mean reward done: 2.2748353481292725
Step: 1671168	Mean reward: 7.199059963226318, 	Mean reward done: 2.5946907997131348
Step: 1679360	Mean reward: 7.616629600524902, 	Mean reward done: 2.913501024246216
Step: 1687552	Mean reward: 6.491416931152344, 	Mean reward done: 2.412226915359497
Step: 1695744	Mean reward: 7.22540283203125, 	Mean reward done: 2.7797725200653076
Step: 1703936	Mean reward: 6.667729377746582, 	Mean reward done: 2.6413092613220215
Step: 1712128	Mean reward: 6.815217018127441, 	Mean reward done: 2.2085647583007812
Step: 1720320	Mean reward: 6.442562103271484, 	Mean reward done: 2.3526976108551025
Step: 1728512	Mean reward: 7.46204948425293, 	Mean reward done: 2.8141887187957764
Step: 1736704	Mean reward: 6.51448917388916, 	Mean reward done: 2.54707407951355
Step: 1744896	Mean reward: 6.710845470428467, 	Mean reward done: 2.4620070457458496
Step: 1753088	Mean reward: 7.142144203186035, 	Mean reward done: 2.6147074699401855
Step: 1761280	Mean reward: 7.00994348526001, 	Mean reward done: 2.7188973426818848
Step: 1769472	Mean reward: 7.380537509918213, 	Mean reward done: 3.014747381210327
Step: 1777664	Mean reward: 6.991888046264648, 	Mean reward done: 2.7831733226776123
Step: 1785856	Mean reward: 7.0506205558776855, 	Mean reward done: 2.5355184078216553
Step: 1794048	Mean reward: 7.688650131225586, 	Mean reward done: 3.3547778129577637
Step: 1802240	Mean reward: 6.968734264373779, 	Mean reward done: 2.6414170265197754
Step: 1810432	Mean reward: 7.014498710632324, 	Mean reward done: 2.522514581680298
Step: 1818624	Mean reward: 6.484004974365234, 	Mean reward done: 2.272545576095581
Step: 1826816	Mean reward: 6.873105049133301, 	Mean reward done: 2.6234641075134277
Step: 1835008	Mean reward: 6.422800540924072, 	Mean reward done: 2.4326729774475098
Step: 1843200	Mean reward: 6.124326229095459, 	Mean reward done: 2.416524887084961
Step: 1851392	Mean reward: 7.099172592163086, 	Mean reward done: 2.8972957134246826
Step: 1859584	Mean reward: 7.435462474822998, 	Mean reward done: 3.190903425216675
Step: 1867776	Mean reward: 7.098904609680176, 	Mean reward done: 2.694453716278076
Step: 1875968	Mean reward: 7.463139057159424, 	Mean reward done: 2.8856518268585205
Step: 1884160	Mean reward: 7.053930759429932, 	Mean reward done: 2.7665929794311523
Step: 1892352	Mean reward: 7.099834442138672, 	Mean reward done: 2.498960018157959
Step: 1900544	Mean reward: 7.436705112457275, 	Mean reward done: 3.036498785018921
Step: 1908736	Mean reward: 6.573229789733887, 	Mean reward done: 2.5836575031280518
Step: 1916928	Mean reward: 7.299026012420654, 	Mean reward done: 3.0257585048675537
Step: 1925120	Mean reward: 6.598437309265137, 	Mean reward done: 2.468991994857788
Step: 1933312	Mean reward: 6.500370502471924, 	Mean reward done: 2.8942415714263916
Step: 1941504	Mean reward: 6.970351696014404, 	Mean reward done: 2.566387414932251
Step: 1949696	Mean reward: 6.6990885734558105, 	Mean reward done: 2.5871925354003906
Step: 1957888	Mean reward: 7.605605125427246, 	Mean reward done: 2.793134927749634
Step: 1966080	Mean reward: 6.30332088470459, 	Mean reward done: 2.325748920440674
Step: 1974272	Mean reward: 6.694948673248291, 	Mean reward done: 2.6344072818756104
Step: 1982464	Mean reward: 6.661004066467285, 	Mean reward done: 2.71826434135437
Step: 1990656	Mean reward: 6.458267688751221, 	Mean reward done: 2.607470750808716
Step: 1998848	Mean reward: 6.3752593994140625, 	Mean reward done: 2.5318763256073
Step: 2007040	Mean reward: 6.543313980102539, 	Mean reward done: 2.6857852935791016
Step: 2015232	Mean reward: 6.959758758544922, 	Mean reward done: 2.598400354385376
Step: 2023424	Mean reward: 7.138810634613037, 	Mean reward done: 2.5965287685394287
Step: 2031616	Mean reward: 7.261786460876465, 	Mean reward done: 3.343090057373047
Step: 2039808	Mean reward: 6.507666110992432, 	Mean reward done: 2.384613037109375
Step: 2048000	Mean reward: 6.452858924865723, 	Mean reward done: 2.5815770626068115
Step: 2056192	Mean reward: 5.9390482902526855, 	Mean reward done: 2.5829927921295166
Step: 2064384	Mean reward: 6.706582069396973, 	Mean reward done: 2.965808391571045
Step: 2072576	Mean reward: 6.529256820678711, 	Mean reward done: 2.8295722007751465
Step: 2080768	Mean reward: 6.418201446533203, 	Mean reward done: 2.5555131435394287
Step: 2088960	Mean reward: 6.794106960296631, 	Mean reward done: 2.579369306564331
Step: 2097152	Mean reward: 6.75001859664917, 	Mean reward done: 2.293961763381958
Step: 2105344	Mean reward: 6.901083469390869, 	Mean reward done: 2.9406464099884033
Step: 2113536	Mean reward: 6.257030010223389, 	Mean reward done: 2.4973716735839844
Step: 2121728	Mean reward: 5.877616882324219, 	Mean reward done: 2.1090755462646484
Step: 2129920	Mean reward: 6.411838531494141, 	Mean reward done: 2.4185614585876465
Step: 2138112	Mean reward: 6.798808574676514, 	Mean reward done: 2.5821096897125244
Step: 2146304	Mean reward: 6.482471466064453, 	Mean reward done: 2.441771984100342
Step: 2154496	Mean reward: 6.687580108642578, 	Mean reward done: 2.5685601234436035
Step: 2162688	Mean reward: 6.55332612991333, 	Mean reward done: 2.670741319656372
Step: 2170880	Mean reward: 7.016221046447754, 	Mean reward done: 2.8314170837402344
Step: 2179072	Mean reward: 6.948220729827881, 	Mean reward done: 2.8388140201568604
Step: 2187264	Mean reward: 6.980677604675293, 	Mean reward done: 2.8718509674072266
Step: 2195456	Mean reward: 7.360145092010498, 	Mean reward done: 3.076451539993286
Step: 2203648	Mean reward: 6.574959754943848, 	Mean reward done: 2.7212305068969727
Step: 2211840	Mean reward: 6.326046466827393, 	Mean reward done: 2.5118744373321533
Step: 2220032	Mean reward: 6.723959445953369, 	Mean reward done: 2.545194625854492
Step: 2228224	Mean reward: 7.210063457489014, 	Mean reward done: 3.1044108867645264
Step: 2236416	Mean reward: 6.595363616943359, 	Mean reward done: 2.8158342838287354
Step: 2244608	Mean reward: 7.268424034118652, 	Mean reward done: 3.2830214500427246
Step: 2252800	Mean reward: 7.28397798538208, 	Mean reward done: 3.0343174934387207
Step: 2260992	Mean reward: 6.683382034301758, 	Mean reward done: 2.7901177406311035
Step: 2269184	Mean reward: 6.950122833251953, 	Mean reward done: 2.8954598903656006
Step: 2277376	Mean reward: 7.316900253295898, 	Mean reward done: 2.9342353343963623
Step: 2285568	Mean reward: 7.026400089263916, 	Mean reward done: 3.237586736679077
Step: 2293760	Mean reward: 6.5211968421936035, 	Mean reward done: 2.4566571712493896
Step: 2301952	Mean reward: 6.632477283477783, 	Mean reward done: 2.673901081085205
Step: 2310144	Mean reward: 7.3056182861328125, 	Mean reward done: 3.312682628631592
Step: 2318336	Mean reward: 6.966164588928223, 	Mean reward done: 2.667172431945801
Step: 2326528	Mean reward: 6.757102966308594, 	Mean reward done: 2.8761799335479736
Step: 2334720	Mean reward: 7.09554386138916, 	Mean reward done: 3.0128369331359863
Step: 2342912	Mean reward: 7.102391719818115, 	Mean reward done: 2.9912161827087402
Step: 2351104	Mean reward: 7.08297872543335, 	Mean reward done: 2.934248685836792
Step: 2359296	Mean reward: 6.349776268005371, 	Mean reward done: 2.5089433193206787
Step: 2367488	Mean reward: 6.563180446624756, 	Mean reward done: 2.9434762001037598
Step: 2375680	Mean reward: 7.6495747566223145, 	Mean reward done: 3.8895134925842285
Step: 2383872	Mean reward: 7.114730358123779, 	Mean reward done: 3.1483640670776367
Step: 2392064	Mean reward: 6.537736892700195, 	Mean reward done: 2.548781156539917
Step: 2400256	Mean reward: 7.446742057800293, 	Mean reward done: 3.1830084323883057
Step: 2408448	Mean reward: 6.767030715942383, 	Mean reward done: 2.9966719150543213
Step: 2416640	Mean reward: 6.636429786682129, 	Mean reward done: 2.8231136798858643
Step: 2424832	Mean reward: 7.415244102478027, 	Mean reward done: 3.011608362197876
Step: 2433024	Mean reward: 6.854237079620361, 	Mean reward done: 2.656071901321411
Step: 2441216	Mean reward: 6.675573348999023, 	Mean reward done: 2.8424835205078125
Step: 2449408	Mean reward: 6.508565902709961, 	Mean reward done: 2.606376886367798
Step: 2457600	Mean reward: 6.971056938171387, 	Mean reward done: 2.971823215484619
Step: 2465792	Mean reward: 6.651728630065918, 	Mean reward done: 2.7589590549468994
Step: 2473984	Mean reward: 6.521254539489746, 	Mean reward done: 2.856721878051758
Step: 2482176	Mean reward: 6.629921913146973, 	Mean reward done: 2.6964199542999268
Step: 2490368	Mean reward: 6.778169631958008, 	Mean reward done: 2.9981894493103027
Step: 2498560	Mean reward: 6.910350799560547, 	Mean reward done: 3.0604701042175293
Step: 2506752	Mean reward: 6.893958568572998, 	Mean reward done: 2.765744209289551
Step: 2514944	Mean reward: 6.988426208496094, 	Mean reward done: 2.857465982437134
Step: 2523136	Mean reward: 7.495510101318359, 	Mean reward done: 3.3905889987945557
Step: 2531328	Mean reward: 6.885806083679199, 	Mean reward done: 3.0297603607177734
Step: 2539520	Mean reward: 7.129265308380127, 	Mean reward done: 3.317582607269287
Step: 2547712	Mean reward: 7.2224040031433105, 	Mean reward done: 3.011415481567383
Step: 2555904	Mean reward: 7.539039611816406, 	Mean reward done: 3.116314172744751
Step: 2564096	Mean reward: 6.5714311599731445, 	Mean reward done: 2.7630319595336914
Step: 2572288	Mean reward: 7.139922142028809, 	Mean reward done: 3.3945043087005615
Step: 2580480	Mean reward: 7.25721549987793, 	Mean reward done: 2.8182625770568848
Step: 2588672	Mean reward: 7.165676593780518, 	Mean reward done: 2.845754861831665
Step: 2596864	Mean reward: 7.383231163024902, 	Mean reward done: 2.959301710128784
Step: 2605056	Mean reward: 6.458604335784912, 	Mean reward done: 2.84945011138916
Step: 2613248	Mean reward: 6.714693069458008, 	Mean reward done: 3.224921464920044
Step: 2621440	Mean reward: 7.0179924964904785, 	Mean reward done: 3.040900707244873
Step: 2629632	Mean reward: 7.197366237640381, 	Mean reward done: 3.26627254486084
Step: 2637824	Mean reward: 6.891953468322754, 	Mean reward done: 2.9995129108428955
Step: 2646016	Mean reward: 7.010370254516602, 	Mean reward done: 3.2898495197296143
Step: 2654208	Mean reward: 7.447057723999023, 	Mean reward done: 3.4858217239379883
Step: 2662400	Mean reward: 7.253180980682373, 	Mean reward done: 2.9316983222961426
Step: 2670592	Mean reward: 7.689455032348633, 	Mean reward done: 3.546086072921753
Step: 2678784	Mean reward: 7.378934383392334, 	Mean reward done: 3.710961103439331
Step: 2686976	Mean reward: 6.988781929016113, 	Mean reward done: 2.9068782329559326
Step: 2695168	Mean reward: 7.278359889984131, 	Mean reward done: 3.193202257156372
Step: 2703360	Mean reward: 7.013653755187988, 	Mean reward done: 2.695507049560547
Step: 2711552	Mean reward: 7.033164024353027, 	Mean reward done: 2.911076545715332
Step: 2719744	Mean reward: 7.271962642669678, 	Mean reward done: 3.1748790740966797
Step: 2727936	Mean reward: 6.934669494628906, 	Mean reward done: 2.813018798828125
Step: 2736128	Mean reward: 7.027950763702393, 	Mean reward done: 3.591414451599121
Step: 2744320	Mean reward: 7.300701141357422, 	Mean reward done: 3.2497289180755615
Step: 2752512	Mean reward: 6.9766130447387695, 	Mean reward done: 3.26776385307312
Step: 2760704	Mean reward: 6.809093475341797, 	Mean reward done: 2.898066282272339
Step: 2768896	Mean reward: 7.763735294342041, 	Mean reward done: 4.202317237854004
Step: 2777088	Mean reward: 7.470332145690918, 	Mean reward done: 3.2877607345581055
Step: 2785280	Mean reward: 7.169734954833984, 	Mean reward done: 2.99245285987854
Step: 2793472	Mean reward: 7.2720232009887695, 	Mean reward done: 3.6057121753692627
Step: 2801664	Mean reward: 6.804718017578125, 	Mean reward done: 3.066342353820801
Step: 2809856	Mean reward: 7.015953063964844, 	Mean reward done: 3.2075979709625244
Step: 2818048	Mean reward: 6.600466251373291, 	Mean reward done: 2.606135606765747
Step: 2826240	Mean reward: 7.527442932128906, 	Mean reward done: 3.3237061500549316
Step: 2834432	Mean reward: 6.8927178382873535, 	Mean reward done: 2.7995381355285645
Step: 2842624	Mean reward: 6.949071407318115, 	Mean reward done: 3.1900200843811035
Step: 2850816	Mean reward: 7.06353235244751, 	Mean reward done: 3.460049867630005
Step: 2859008	Mean reward: 6.673950672149658, 	Mean reward done: 2.677408456802368
Step: 2867200	Mean reward: 6.883793354034424, 	Mean reward done: 3.4318976402282715
Step: 2875392	Mean reward: 6.565349578857422, 	Mean reward done: 2.868831157684326
Step: 2883584	Mean reward: 6.647789001464844, 	Mean reward done: 3.177639961242676
Step: 2891776	Mean reward: 6.835493087768555, 	Mean reward done: 2.744020938873291
Step: 2899968	Mean reward: 7.046571254730225, 	Mean reward done: 3.2942392826080322
Step: 2908160	Mean reward: 6.728257179260254, 	Mean reward done: 2.8084447383880615
Step: 2916352	Mean reward: 7.31170654296875, 	Mean reward done: 3.454073905944824
Step: 2924544	Mean reward: 7.074307441711426, 	Mean reward done: 3.242910385131836
Step: 2932736	Mean reward: 6.912256240844727, 	Mean reward done: 3.1661295890808105
Step: 2940928	Mean reward: 6.667620658874512, 	Mean reward done: 2.6218414306640625
Step: 2949120	Mean reward: 6.307200908660889, 	Mean reward done: 2.545379400253296
Step: 2957312	Mean reward: 7.070286273956299, 	Mean reward done: 2.818565607070923
Step: 2965504	Mean reward: 7.171205043792725, 	Mean reward done: 3.55973219871521
Step: 2973696	Mean reward: 6.743987560272217, 	Mean reward done: 3.3709850311279297
Step: 2981888	Mean reward: 7.0708723068237305, 	Mean reward done: 3.194211959838867
Step: 2990080	Mean reward: 6.9111328125, 	Mean reward done: 3.0154523849487305
Step: 2998272	Mean reward: 7.1427130699157715, 	Mean reward done: 3.6496505737304688
Step: 3006464	Mean reward: 6.860528945922852, 	Mean reward done: 3.4203429222106934
Step: 3014656	Mean reward: 6.394023895263672, 	Mean reward done: 3.0546507835388184
Step: 3022848	Mean reward: 6.424098491668701, 	Mean reward done: 2.9068443775177
Step: 3031040	Mean reward: 6.670093059539795, 	Mean reward done: 2.801912784576416
Step: 3039232	Mean reward: 6.359922885894775, 	Mean reward done: 2.496000289916992
Step: 3047424	Mean reward: 6.5718889236450195, 	Mean reward done: 2.9543821811676025
Step: 3055616	Mean reward: 6.237569332122803, 	Mean reward done: 2.5408053398132324
Step: 3063808	Mean reward: 6.6024065017700195, 	Mean reward done: 2.656344175338745
Step: 3072000	Mean reward: 6.376046657562256, 	Mean reward done: 2.4981720447540283
Step: 3080192	Mean reward: 6.64648962020874, 	Mean reward done: 2.7092642784118652
Step: 3088384	Mean reward: 6.431180000305176, 	Mean reward done: 2.5772054195404053
Step: 3096576	Mean reward: 6.877763271331787, 	Mean reward done: 3.2104501724243164
Step: 3104768	Mean reward: 6.260173797607422, 	Mean reward done: 2.8387348651885986
Step: 3112960	Mean reward: 6.729464054107666, 	Mean reward done: 2.917656421661377
Step: 3121152	Mean reward: 6.7602434158325195, 	Mean reward done: 2.806941270828247
Step: 3129344	Mean reward: 6.74482536315918, 	Mean reward done: 2.6580264568328857
Step: 3137536	Mean reward: 6.741801738739014, 	Mean reward done: 2.909256935119629
Step: 3145728	Mean reward: 6.0917744636535645, 	Mean reward done: 2.8106210231781006
Step: 3153920	Mean reward: 6.408845901489258, 	Mean reward done: 2.969787359237671
Step: 3162112	Mean reward: 5.971604347229004, 	Mean reward done: 2.421424388885498
Step: 3170304	Mean reward: 6.840884685516357, 	Mean reward done: 3.0299315452575684
Step: 3178496	Mean reward: 6.166855812072754, 	Mean reward done: 2.47341251373291
Step: 3186688	Mean reward: 6.942812919616699, 	Mean reward done: 3.0007078647613525
Step: 3194880	Mean reward: 7.0335373878479, 	Mean reward done: 3.1100075244903564
Step: 3203072	Mean reward: 6.557676315307617, 	Mean reward done: 2.6265833377838135
Step: 3211264	Mean reward: 6.624547958374023, 	Mean reward done: 2.9716432094573975
Step: 3219456	Mean reward: 6.339946269989014, 	Mean reward done: 2.7617900371551514
Step: 3227648	Mean reward: 6.3606486320495605, 	Mean reward done: 2.8888895511627197
Step: 3235840	Mean reward: 6.593061923980713, 	Mean reward done: 2.6170859336853027
Step: 3244032	Mean reward: 6.0741496086120605, 	Mean reward done: 2.5514116287231445
Step: 3252224	Mean reward: 7.34812068939209, 	Mean reward done: 3.246302604675293
Step: 3260416	Mean reward: 6.639016628265381, 	Mean reward done: 2.8443117141723633
Step: 3268608	Mean reward: 6.343790054321289, 	Mean reward done: 2.648118257522583
Step: 3276800	Mean reward: 7.101937770843506, 	Mean reward done: 3.1248939037323
Step: 3284992	Mean reward: 6.6074934005737305, 	Mean reward done: 2.611811399459839
Step: 3293184	Mean reward: 6.360391616821289, 	Mean reward done: 3.009687662124634
Step: 3301376	Mean reward: 7.0567803382873535, 	Mean reward done: 3.3210020065307617
Step: 3309568	Mean reward: 6.584216117858887, 	Mean reward done: 3.1004629135131836
Step: 3317760	Mean reward: 6.813355445861816, 	Mean reward done: 2.8476595878601074
Step: 3325952	Mean reward: 6.61122989654541, 	Mean reward done: 2.9956648349761963
Step: 3334144	Mean reward: 6.807416915893555, 	Mean reward done: 2.921900749206543
Step: 3342336	Mean reward: 7.140929698944092, 	Mean reward done: 3.4335474967956543
Step: 3350528	Mean reward: 7.250410556793213, 	Mean reward done: 3.3022732734680176
Step: 3358720	Mean reward: 6.653082847595215, 	Mean reward done: 2.8593482971191406
Step: 3366912	Mean reward: 6.894857406616211, 	Mean reward done: 2.8718862533569336
Step: 3375104	Mean reward: 7.054296493530273, 	Mean reward done: 3.42140531539917
Step: 3383296	Mean reward: 6.433811187744141, 	Mean reward done: 2.7001168727874756
Step: 3391488	Mean reward: 6.9422287940979, 	Mean reward done: 3.464355945587158
Step: 3399680	Mean reward: 7.11272668838501, 	Mean reward done: 3.2150261402130127
Step: 3407872	Mean reward: 6.9813361167907715, 	Mean reward done: 3.182164192199707
Step: 3416064	Mean reward: 6.7209625244140625, 	Mean reward done: 3.0215377807617188
Step: 3424256	Mean reward: 6.5319414138793945, 	Mean reward done: 3.0131030082702637
Step: 3432448	Mean reward: 6.701362609863281, 	Mean reward done: 2.8809773921966553
Step: 3440640	Mean reward: 6.431239128112793, 	Mean reward done: 2.7876429557800293
Step: 3448832	Mean reward: 6.6266350746154785, 	Mean reward done: 2.9808263778686523
Step: 3457024	Mean reward: 6.6234636306762695, 	Mean reward done: 2.6461079120635986
Step: 3465216	Mean reward: 6.72508430480957, 	Mean reward done: 3.0495851039886475
Step: 3473408	Mean reward: 7.113649845123291, 	Mean reward done: 2.943814516067505
Step: 3481600	Mean reward: 6.705923557281494, 	Mean reward done: 2.8999359607696533
Step: 3489792	Mean reward: 6.437907695770264, 	Mean reward done: 3.1516494750976562
Step: 3497984	Mean reward: 6.435885429382324, 	Mean reward done: 2.7277536392211914
Step: 3506176	Mean reward: 6.802390098571777, 	Mean reward done: 2.9822912216186523
Step: 3514368	Mean reward: 6.545656204223633, 	Mean reward done: 2.9280617237091064
Step: 3522560	Mean reward: 7.222209930419922, 	Mean reward done: 3.173370838165283
Step: 3530752	Mean reward: 6.699897766113281, 	Mean reward done: 2.9000415802001953
Step: 3538944	Mean reward: 7.282541275024414, 	Mean reward done: 3.6901798248291016
Step: 3547136	Mean reward: 6.793344020843506, 	Mean reward done: 3.487663745880127
Step: 3555328	Mean reward: 7.1882781982421875, 	Mean reward done: 3.6553571224212646
Step: 3563520	Mean reward: 6.012325286865234, 	Mean reward done: 2.652381420135498
Step: 3571712	Mean reward: 6.916995048522949, 	Mean reward done: 3.0522384643554688
Step: 3579904	Mean reward: 6.372920036315918, 	Mean reward done: 2.897995948791504
Step: 3588096	Mean reward: 6.232730388641357, 	Mean reward done: 2.6160669326782227
Step: 3596288	Mean reward: 7.0323805809021, 	Mean reward done: 3.425520420074463
Step: 3604480	Mean reward: 6.866347312927246, 	Mean reward done: 3.37882399559021
Step: 3612672	Mean reward: 6.609145641326904, 	Mean reward done: 3.3722145557403564
Step: 3620864	Mean reward: 6.764705657958984, 	Mean reward done: 3.3975718021392822
Step: 3629056	Mean reward: 7.591326713562012, 	Mean reward done: 4.201859951019287
Step: 3637248	Mean reward: 6.952190399169922, 	Mean reward done: 3.6749749183654785
Step: 3645440	Mean reward: 7.309432506561279, 	Mean reward done: 3.459285259246826
Step: 3653632	Mean reward: 6.643680572509766, 	Mean reward done: 3.51143741607666
Step: 3661824	Mean reward: 6.8997802734375, 	Mean reward done: 2.86258602142334
Step: 3670016	Mean reward: 7.202559471130371, 	Mean reward done: 3.375391960144043
Step: 3678208	Mean reward: 6.605879306793213, 	Mean reward done: 3.3076605796813965
Step: 3686400	Mean reward: 7.223786354064941, 	Mean reward done: 3.5221030712127686
Step: 3694592	Mean reward: 6.966485023498535, 	Mean reward done: 3.4898765087127686
Step: 3702784	Mean reward: 6.904409408569336, 	Mean reward done: 2.899466037750244
Step: 3710976	Mean reward: 7.295327186584473, 	Mean reward done: 3.417710542678833
Step: 3719168	Mean reward: 7.289210319519043, 	Mean reward done: 3.643657922744751
Step: 3727360	Mean reward: 6.9792680740356445, 	Mean reward done: 3.2082529067993164
Step: 3735552	Mean reward: 6.793883323669434, 	Mean reward done: 3.17499041557312
Step: 3743744	Mean reward: 6.621408939361572, 	Mean reward done: 3.4103338718414307
Step: 3751936	Mean reward: 6.493246555328369, 	Mean reward done: 3.0061228275299072
Step: 3760128	Mean reward: 6.816483020782471, 	Mean reward done: 3.0242197513580322
Step: 3768320	Mean reward: 7.319750785827637, 	Mean reward done: 3.870076894760132
Step: 3776512	Mean reward: 7.379458427429199, 	Mean reward done: 3.2875888347625732
Step: 3784704	Mean reward: 6.868879318237305, 	Mean reward done: 2.9332315921783447
Step: 3792896	Mean reward: 7.079509258270264, 	Mean reward done: 3.133354425430298
Step: 3801088	Mean reward: 7.297277450561523, 	Mean reward done: 3.6785688400268555
Step: 3809280	Mean reward: 7.109745979309082, 	Mean reward done: 3.6333460807800293
Step: 3817472	Mean reward: 6.5457634925842285, 	Mean reward done: 2.973062753677368
Step: 3825664	Mean reward: 7.796329498291016, 	Mean reward done: 3.799222946166992
Step: 3833856	Mean reward: 6.234017848968506, 	Mean reward done: 2.816699504852295
Step: 3842048	Mean reward: 6.779151439666748, 	Mean reward done: 3.5741469860076904
Step: 3850240	Mean reward: 6.8973846435546875, 	Mean reward done: 3.070465564727783
Step: 3858432	Mean reward: 6.803472518920898, 	Mean reward done: 2.947420835494995
Step: 3866624	Mean reward: 7.0894269943237305, 	Mean reward done: 3.7066166400909424
Step: 3874816	Mean reward: 6.939347743988037, 	Mean reward done: 3.4027411937713623
Step: 3883008	Mean reward: 7.012851715087891, 	Mean reward done: 3.353109359741211
Step: 3891200	Mean reward: 7.48703670501709, 	Mean reward done: 3.960796594619751
Step: 3899392	Mean reward: 7.323887825012207, 	Mean reward done: 3.352130651473999
Step: 3907584	Mean reward: 7.007426738739014, 	Mean reward done: 3.1533398628234863
Step: 3915776	Mean reward: 6.950056076049805, 	Mean reward done: 2.9996466636657715
Step: 3923968	Mean reward: 6.946409702301025, 	Mean reward done: 3.7418055534362793
Step: 3932160	Mean reward: 6.22006893157959, 	Mean reward done: 2.7203445434570312
Step: 3940352	Mean reward: 6.8173933029174805, 	Mean reward done: 3.397606611251831
Step: 3948544	Mean reward: 6.680097579956055, 	Mean reward done: 3.055263042449951
Step: 3956736	Mean reward: 6.79985237121582, 	Mean reward done: 3.2076432704925537
Step: 3964928	Mean reward: 7.139878749847412, 	Mean reward done: 3.514493227005005
Step: 3973120	Mean reward: 6.66966438293457, 	Mean reward done: 3.0264627933502197
Step: 3981312	Mean reward: 7.031843662261963, 	Mean reward done: 3.751253604888916
Step: 3989504	Mean reward: 7.134868621826172, 	Mean reward done: 3.8236773014068604
Step: 3997696	Mean reward: 6.830738544464111, 	Mean reward done: 3.034031629562378
Step: 4005888	Mean reward: 6.872548580169678, 	Mean reward done: 3.6093814373016357
Step: 4014080	Mean reward: 6.989989280700684, 	Mean reward done: 3.1499083042144775
Step: 4022272	Mean reward: 6.666191577911377, 	Mean reward done: 2.8318426609039307
Step: 4030464	Mean reward: 6.201033592224121, 	Mean reward done: 2.4235939979553223
Step: 4038656	Mean reward: 6.837121963500977, 	Mean reward done: 3.4920732975006104
Step: 4046848	Mean reward: 6.778247833251953, 	Mean reward done: 3.210024833679199
Step: 4055040	Mean reward: 6.929450988769531, 	Mean reward done: 3.1167871952056885
Step: 4063232	Mean reward: 6.38694953918457, 	Mean reward done: 3.0044243335723877
Step: 4071424	Mean reward: 6.747209072113037, 	Mean reward done: 3.397458791732788
Step: 4079616	Mean reward: 6.886197566986084, 	Mean reward done: 3.243246078491211
Step: 4087808	Mean reward: 6.2789306640625, 	Mean reward done: 2.530998468399048
Step: 4096000	Mean reward: 6.453561782836914, 	Mean reward done: 2.9784958362579346
Step: 4104192	Mean reward: 6.81392240524292, 	Mean reward done: 3.091935157775879
Step: 4112384	Mean reward: 6.503220558166504, 	Mean reward done: 2.9614129066467285
Step: 4120576	Mean reward: 6.479447841644287, 	Mean reward done: 2.7418675422668457
Step: 4128768	Mean reward: 6.718891620635986, 	Mean reward done: 3.3740880489349365
Step: 4136960	Mean reward: 6.7381486892700195, 	Mean reward done: 3.1559953689575195
Step: 4145152	Mean reward: 6.526212215423584, 	Mean reward done: 3.470407247543335
Step: 4153344	Mean reward: 6.643070220947266, 	Mean reward done: 2.873918056488037
Step: 4161536	Mean reward: 6.34519100189209, 	Mean reward done: 2.8830935955047607
Step: 4169728	Mean reward: 6.998979568481445, 	Mean reward done: 4.035275459289551
Step: 4177920	Mean reward: 6.490530014038086, 	Mean reward done: 2.832994222640991
Step: 4186112	Mean reward: 6.859831809997559, 	Mean reward done: 2.928462028503418
Step: 4194304	Mean reward: 7.413665294647217, 	Mean reward done: 3.7168314456939697
Step: 4202496	Mean reward: 7.1229376792907715, 	Mean reward done: 3.07896089553833
Step: 4210688	Mean reward: 7.097857475280762, 	Mean reward done: 3.3305227756500244
Step: 4218880	Mean reward: 6.679248332977295, 	Mean reward done: 3.124075412750244
Step: 4227072	Mean reward: 6.610281944274902, 	Mean reward done: 3.1478705406188965
Step: 4235264	Mean reward: 6.911713600158691, 	Mean reward done: 3.845587968826294
Step: 4243456	Mean reward: 6.253945827484131, 	Mean reward done: 3.125159502029419
Step: 4251648	Mean reward: 6.850152492523193, 	Mean reward done: 3.34429931640625
Step: 4259840	Mean reward: 6.78226375579834, 	Mean reward done: 3.2060678005218506
Step: 4268032	Mean reward: 6.834870338439941, 	Mean reward done: 3.1045355796813965
Step: 4276224	Mean reward: 7.016576766967773, 	Mean reward done: 3.4194443225860596
Step: 4284416	Mean reward: 6.947200775146484, 	Mean reward done: 3.464541435241699
Step: 4292608	Mean reward: 6.628744125366211, 	Mean reward done: 3.3877251148223877
Step: 4300800	Mean reward: 5.996343612670898, 	Mean reward done: 2.8279833793640137
Step: 4308992	Mean reward: 6.852649688720703, 	Mean reward done: 3.487863540649414
Step: 4317184	Mean reward: 6.805537700653076, 	Mean reward done: 3.324063777923584
Step: 4325376	Mean reward: 6.5850067138671875, 	Mean reward done: 3.182210683822632
Step: 4333568	Mean reward: 6.310827255249023, 	Mean reward done: 2.7903635501861572
Step: 4341760	Mean reward: 7.143440246582031, 	Mean reward done: 3.7478532791137695
Step: 4349952	Mean reward: 6.750654697418213, 	Mean reward done: 2.86423921585083
Step: 4358144	Mean reward: 6.85770320892334, 	Mean reward done: 3.130922555923462
Step: 4366336	Mean reward: 6.89829158782959, 	Mean reward done: 3.7794361114501953
Step: 4374528	Mean reward: 7.142483234405518, 	Mean reward done: 3.6181015968322754
Step: 4382720	Mean reward: 6.69365930557251, 	Mean reward done: 3.5550007820129395
Step: 4390912	Mean reward: 6.365823268890381, 	Mean reward done: 3.245053768157959
Step: 4399104	Mean reward: 6.947098255157471, 	Mean reward done: 3.952521800994873
Step: 4407296	Mean reward: 7.029088973999023, 	Mean reward done: 3.3003926277160645
Step: 4415488	Mean reward: 5.9254350662231445, 	Mean reward done: 3.069753885269165
Step: 4423680	Mean reward: 6.20506477355957, 	Mean reward done: 2.6126036643981934
Step: 4431872	Mean reward: 6.581599712371826, 	Mean reward done: 3.1352527141571045
Step: 4440064	Mean reward: 7.2482428550720215, 	Mean reward done: 3.84342885017395
Step: 4448256	Mean reward: 6.209623336791992, 	Mean reward done: 2.739173412322998
Step: 4456448	Mean reward: 6.832791328430176, 	Mean reward done: 3.4002363681793213
Step: 4464640	Mean reward: 6.969799041748047, 	Mean reward done: 3.208397150039673
Step: 4472832	Mean reward: 6.728718280792236, 	Mean reward done: 3.6927285194396973
Step: 4481024	Mean reward: 6.520475387573242, 	Mean reward done: 2.6962339878082275
Step: 4489216	Mean reward: 6.968780994415283, 	Mean reward done: 3.900247097015381
Step: 4497408	Mean reward: 6.822173118591309, 	Mean reward done: 3.428107261657715
Step: 4505600	Mean reward: 6.49710750579834, 	Mean reward done: 2.9747140407562256
Step: 4513792	Mean reward: 6.666520118713379, 	Mean reward done: 3.276005983352661
Step: 4521984	Mean reward: 6.609913349151611, 	Mean reward done: 3.45428729057312
Step: 4530176	Mean reward: 6.671152591705322, 	Mean reward done: 2.9861135482788086
Step: 4538368	Mean reward: 6.293562889099121, 	Mean reward done: 2.9269955158233643
Step: 4546560	Mean reward: 6.773366928100586, 	Mean reward done: 3.579596757888794
Step: 4554752	Mean reward: 7.337169647216797, 	Mean reward done: 3.6498208045959473
Step: 4562944	Mean reward: 6.2821736335754395, 	Mean reward done: 3.478188991546631
Step: 4571136	Mean reward: 6.834005832672119, 	Mean reward done: 3.7922279834747314
Step: 4579328	Mean reward: 6.572905540466309, 	Mean reward done: 3.053115129470825
Step: 4587520	Mean reward: 6.2721052169799805, 	Mean reward done: 3.214407205581665
Step: 4595712	Mean reward: 6.495685577392578, 	Mean reward done: 3.292356252670288
Step: 4603904	Mean reward: 6.183844566345215, 	Mean reward done: 2.8800973892211914
Step: 4612096	Mean reward: 6.192471504211426, 	Mean reward done: 3.0713179111480713
Step: 4620288	Mean reward: 6.179259300231934, 	Mean reward done: 3.1589934825897217
Step: 4628480	Mean reward: 6.518666744232178, 	Mean reward done: 3.092184066772461
Step: 4636672	Mean reward: 6.517312049865723, 	Mean reward done: 3.475537061691284
Step: 4644864	Mean reward: 6.930286407470703, 	Mean reward done: 3.7352449893951416
Step: 4653056	Mean reward: 6.990293025970459, 	Mean reward done: 3.9702394008636475
Step: 4661248	Mean reward: 7.070469379425049, 	Mean reward done: 3.9957971572875977
Step: 4669440	Mean reward: 6.236334800720215, 	Mean reward done: 2.6942524909973145
Step: 4677632	Mean reward: 6.723527908325195, 	Mean reward done: 3.8369553089141846
Step: 4685824	Mean reward: 6.592776775360107, 	Mean reward done: 3.08194637298584
Step: 4694016	Mean reward: 6.484772205352783, 	Mean reward done: 2.894231081008911
Step: 4702208	Mean reward: 6.004788875579834, 	Mean reward done: 2.994419574737549
Step: 4710400	Mean reward: 6.7146711349487305, 	Mean reward done: 3.651296854019165
Step: 4718592	Mean reward: 7.124814033508301, 	Mean reward done: 3.51020884513855
Step: 4726784	Mean reward: 6.357222557067871, 	Mean reward done: 3.2157580852508545
Step: 4734976	Mean reward: 7.129086017608643, 	Mean reward done: 4.017190456390381
Step: 4743168	Mean reward: 6.847716808319092, 	Mean reward done: 3.658822774887085
Step: 4751360	Mean reward: 6.737849235534668, 	Mean reward done: 3.0413882732391357
Step: 4759552	Mean reward: 7.042019367218018, 	Mean reward done: 3.504251480102539
Step: 4767744	Mean reward: 6.58379602432251, 	Mean reward done: 3.2010300159454346
Step: 4775936	Mean reward: 6.9082536697387695, 	Mean reward done: 3.72212815284729
Step: 4784128	Mean reward: 6.52319860458374, 	Mean reward done: 3.478341579437256
Step: 4792320	Mean reward: 6.635990142822266, 	Mean reward done: 3.422799587249756
Step: 4800512	Mean reward: 6.15808629989624, 	Mean reward done: 3.1609103679656982
Step: 4808704	Mean reward: 7.042967796325684, 	Mean reward done: 3.5848207473754883
Step: 4816896	Mean reward: 6.43886137008667, 	Mean reward done: 3.0584604740142822
Step: 4825088	Mean reward: 6.2683186531066895, 	Mean reward done: 3.100754499435425
Step: 4833280	Mean reward: 6.720024108886719, 	Mean reward done: 3.3951735496520996
Step: 4841472	Mean reward: 6.706997871398926, 	Mean reward done: 3.477423906326294
Step: 4849664	Mean reward: 6.840734481811523, 	Mean reward done: 2.7677371501922607
Step: 4857856	Mean reward: 6.226378917694092, 	Mean reward done: 3.3326666355133057
Step: 4866048	Mean reward: 6.876119613647461, 	Mean reward done: 3.3696258068084717
Step: 4874240	Mean reward: 6.905490398406982, 	Mean reward done: 3.635216236114502
Step: 4882432	Mean reward: 6.743014335632324, 	Mean reward done: 3.3855533599853516
Step: 4890624	Mean reward: 6.45654821395874, 	Mean reward done: 2.820796012878418
Step: 4898816	Mean reward: 6.74908447265625, 	Mean reward done: 3.855497360229492
Step: 4907008	Mean reward: 6.451825141906738, 	Mean reward done: 2.9159228801727295
Step: 4915200	Mean reward: 6.366598606109619, 	Mean reward done: 3.041471004486084
Step: 4923392	Mean reward: 6.69068717956543, 	Mean reward done: 3.6131699085235596
Step: 4931584	Mean reward: 6.572056770324707, 	Mean reward done: 3.0349411964416504
Step: 4939776	Mean reward: 6.329224586486816, 	Mean reward done: 3.622070789337158
Step: 4947968	Mean reward: 6.181221961975098, 	Mean reward done: 3.223534107208252
Step: 4956160	Mean reward: 6.537107467651367, 	Mean reward done: 2.946763277053833
Step: 4964352	Mean reward: 6.72423791885376, 	Mean reward done: 3.6182503700256348
Step: 4972544	Mean reward: 6.291614055633545, 	Mean reward done: 2.9762840270996094
Step: 4980736	Mean reward: 6.458384037017822, 	Mean reward done: 3.374227523803711
Step: 4988928	Mean reward: 6.425223350524902, 	Mean reward done: 3.37856388092041
Step: 4997120	Mean reward: 6.484262466430664, 	Mean reward done: 3.599184036254883
Step: 5005312	Mean reward: 6.282547950744629, 	Mean reward done: 3.1910111904144287
Step: 5013504	Mean reward: 6.511050701141357, 	Mean reward done: 3.080186367034912
Step: 5021696	Mean reward: 6.321598529815674, 	Mean reward done: 2.77529239654541
Step: 5029888	Mean reward: 6.560871124267578, 	Mean reward done: 3.1993327140808105
Step: 5038080	Mean reward: 6.643174648284912, 	Mean reward done: 3.5700600147247314
Step: 5046272	Mean reward: 6.964620113372803, 	Mean reward done: 3.417814254760742
Step: 5054464	Mean reward: 5.8539886474609375, 	Mean reward done: 2.9417994022369385
Step: 5062656	Mean reward: 6.364585876464844, 	Mean reward done: 2.835672378540039
Step: 5070848	Mean reward: 6.175891399383545, 	Mean reward done: 2.7631287574768066
Step: 5079040	Mean reward: 6.509453773498535, 	Mean reward done: 3.1032252311706543
Step: 5087232	Mean reward: 6.308854103088379, 	Mean reward done: 3.3180861473083496
Step: 5095424	Mean reward: 6.619226932525635, 	Mean reward done: 3.601938009262085
Step: 5103616	Mean reward: 6.5322184562683105, 	Mean reward done: 3.2278428077697754
Step: 5111808	Mean reward: 7.3846540451049805, 	Mean reward done: 4.429371356964111
Step: 5120000	Mean reward: 6.826688766479492, 	Mean reward done: 4.067363262176514
Step: 5128192	Mean reward: 6.208124160766602, 	Mean reward done: 3.0502376556396484
Step: 5136384	Mean reward: 6.435822010040283, 	Mean reward done: 2.818709135055542
Step: 5144576	Mean reward: 6.684943675994873, 	Mean reward done: 3.1376919746398926
Step: 5152768	Mean reward: 6.610332489013672, 	Mean reward done: 3.4162044525146484
Step: 5160960	Mean reward: 6.244738578796387, 	Mean reward done: 3.111095428466797
Step: 5169152	Mean reward: 6.711022853851318, 	Mean reward done: 3.035569429397583
Step: 5177344	Mean reward: 6.230766773223877, 	Mean reward done: 2.773853302001953
Step: 5185536	Mean reward: 6.458492755889893, 	Mean reward done: 3.3696489334106445
Step: 5193728	Mean reward: 6.674643039703369, 	Mean reward done: 3.27060604095459
Step: 5201920	Mean reward: 6.3818488121032715, 	Mean reward done: 2.933330535888672
Step: 5210112	Mean reward: 6.484379768371582, 	Mean reward done: 2.9442975521087646
Step: 5218304	Mean reward: 6.56650447845459, 	Mean reward done: 3.407930850982666
Step: 5226496	Mean reward: 6.169492721557617, 	Mean reward done: 3.293327808380127
Step: 5234688	Mean reward: 6.2401323318481445, 	Mean reward done: 2.8483760356903076
Step: 5242880	Mean reward: 6.248932361602783, 	Mean reward done: 3.330343246459961
Step: 5251072	Mean reward: 6.153393745422363, 	Mean reward done: 2.8466861248016357
Step: 5259264	Mean reward: 6.256252288818359, 	Mean reward done: 3.033884286880493
Step: 5267456	Mean reward: 6.566440105438232, 	Mean reward done: 3.991196870803833
Step: 5275648	Mean reward: 6.210866451263428, 	Mean reward done: 3.23677134513855
Step: 5283840	Mean reward: 6.88231897354126, 	Mean reward done: 3.4765799045562744
Step: 5292032	Mean reward: 6.247150421142578, 	Mean reward done: 2.872337818145752
Step: 5300224	Mean reward: 6.287304401397705, 	Mean reward done: 3.1263911724090576
Step: 5308416	Mean reward: 6.617349147796631, 	Mean reward done: 3.791923761367798
Step: 5316608	Mean reward: 6.521783351898193, 	Mean reward done: 3.4765584468841553
Step: 5324800	Mean reward: 6.323338031768799, 	Mean reward done: 3.168569564819336
Step: 5332992	Mean reward: 6.414176940917969, 	Mean reward done: 3.315730094909668
Step: 5341184	Mean reward: 6.94923734664917, 	Mean reward done: 3.392754554748535
Step: 5349376	Mean reward: 6.367402076721191, 	Mean reward done: 2.9649131298065186
Step: 5357568	Mean reward: 6.666201591491699, 	Mean reward done: 3.1091699600219727
Step: 5365760	Mean reward: 6.685959339141846, 	Mean reward done: 3.406705141067505
Step: 5373952	Mean reward: 6.497631072998047, 	Mean reward done: 4.205199718475342
Step: 5382144	Mean reward: 6.1743011474609375, 	Mean reward done: 2.995941638946533
Step: 5390336	Mean reward: 6.771766662597656, 	Mean reward done: 2.934260129928589
Step: 5398528	Mean reward: 6.419553279876709, 	Mean reward done: 3.1168909072875977
Step: 5406720	Mean reward: 6.491093158721924, 	Mean reward done: 2.7742795944213867
Step: 5414912	Mean reward: 6.428506851196289, 	Mean reward done: 3.2512288093566895
Step: 5423104	Mean reward: 6.210810661315918, 	Mean reward done: 3.065859079360962
Step: 5431296	Mean reward: 6.570742607116699, 	Mean reward done: 3.422043561935425
Step: 5439488	Mean reward: 6.43444299697876, 	Mean reward done: 3.093474864959717
Step: 5447680	Mean reward: 6.401195526123047, 	Mean reward done: 3.411054849624634
Step: 5455872	Mean reward: 6.615055084228516, 	Mean reward done: 3.675034284591675
Step: 5464064	Mean reward: 6.437870979309082, 	Mean reward done: 3.265284299850464
Step: 5472256	Mean reward: 7.064461708068848, 	Mean reward done: 3.5983119010925293
Step: 5480448	Mean reward: 6.506127834320068, 	Mean reward done: 3.2204596996307373
Step: 5488640	Mean reward: 6.380443572998047, 	Mean reward done: 3.1953749656677246
Step: 5496832	Mean reward: 6.7282915115356445, 	Mean reward done: 3.4344496726989746
Step: 5505024	Mean reward: 6.808567523956299, 	Mean reward done: 3.7008140087127686
Step: 5513216	Mean reward: 6.189796447753906, 	Mean reward done: 3.0674800872802734
Step: 5521408	Mean reward: 6.537349700927734, 	Mean reward done: 3.28580641746521
Step: 5529600	Mean reward: 6.720533847808838, 	Mean reward done: 3.219825029373169
Step: 5537792	Mean reward: 5.9277262687683105, 	Mean reward done: 3.057175397872925
Step: 5545984	Mean reward: 6.367741584777832, 	Mean reward done: 2.6951582431793213
Step: 5554176	Mean reward: 6.911116123199463, 	Mean reward done: 4.023778915405273
Step: 5562368	Mean reward: 6.425403594970703, 	Mean reward done: 2.985179901123047
Step: 5570560	Mean reward: 6.670408725738525, 	Mean reward done: 3.6088643074035645
Step: 5578752	Mean reward: 6.6869096755981445, 	Mean reward done: 3.9135124683380127
Step: 5586944	Mean reward: 6.396787166595459, 	Mean reward done: 3.1394450664520264
Step: 5595136	Mean reward: 6.467370986938477, 	Mean reward done: 3.4668591022491455
Step: 5603328	Mean reward: 6.466292381286621, 	Mean reward done: 3.019651174545288
Step: 5611520	Mean reward: 6.26991605758667, 	Mean reward done: 3.2527730464935303
Step: 5619712	Mean reward: 6.21718692779541, 	Mean reward done: 2.965198516845703
Step: 5627904	Mean reward: 6.544139862060547, 	Mean reward done: 3.1508848667144775
Step: 5636096	Mean reward: 6.777638912200928, 	Mean reward done: 4.108036994934082
Step: 5644288	Mean reward: 6.519364833831787, 	Mean reward done: 3.600830554962158
Step: 5652480	Mean reward: 6.363439083099365, 	Mean reward done: 3.2507858276367188
Step: 5660672	Mean reward: 6.239243030548096, 	Mean reward done: 3.065920352935791
Step: 5668864	Mean reward: 6.688042640686035, 	Mean reward done: 3.117326259613037
Step: 5677056	Mean reward: 6.430727958679199, 	Mean reward done: 2.9597699642181396
Step: 5685248	Mean reward: 6.214345932006836, 	Mean reward done: 3.149763822555542
Step: 5693440	Mean reward: 6.36619758605957, 	Mean reward done: 3.4382247924804688
Step: 5701632	Mean reward: 6.5486345291137695, 	Mean reward done: 3.0359392166137695
Step: 5709824	Mean reward: 6.933859825134277, 	Mean reward done: 3.63541841506958
Step: 5718016	Mean reward: 6.532018661499023, 	Mean reward done: 3.6529932022094727
Step: 5726208	Mean reward: 6.580770015716553, 	Mean reward done: 3.4204535484313965
Step: 5734400	Mean reward: 6.344510555267334, 	Mean reward done: 3.088949203491211
Step: 5742592	Mean reward: 6.537198066711426, 	Mean reward done: 3.48276686668396
Step: 5750784	Mean reward: 7.105999946594238, 	Mean reward done: 4.157081604003906
Step: 5758976	Mean reward: 6.8076395988464355, 	Mean reward done: 3.3078577518463135
Step: 5767168	Mean reward: 7.253116130828857, 	Mean reward done: 4.202971458435059
Step: 5775360	Mean reward: 6.0182085037231445, 	Mean reward done: 3.1075406074523926
Step: 5783552	Mean reward: 6.88253927230835, 	Mean reward done: 3.378488302230835
Step: 5791744	Mean reward: 6.238846778869629, 	Mean reward done: 3.1974406242370605
Step: 5799936	Mean reward: 6.562122344970703, 	Mean reward done: 3.2759811878204346
Step: 5808128	Mean reward: 7.00704288482666, 	Mean reward done: 3.92811918258667
Step: 5816320	Mean reward: 6.455190181732178, 	Mean reward done: 3.258928060531616
Step: 5824512	Mean reward: 6.534304618835449, 	Mean reward done: 3.405179500579834
Step: 5832704	Mean reward: 7.110470294952393, 	Mean reward done: 3.894684314727783
Step: 5840896	Mean reward: 7.2181267738342285, 	Mean reward done: 4.313780307769775
Step: 5849088	Mean reward: 6.321406364440918, 	Mean reward done: 3.051621913909912
Step: 5857280	Mean reward: 6.188364028930664, 	Mean reward done: 2.7653188705444336
Step: 5865472	Mean reward: 6.703883647918701, 	Mean reward done: 3.2817959785461426
Step: 5873664	Mean reward: 7.005712509155273, 	Mean reward done: 4.308018684387207
Step: 5881856	Mean reward: 6.991262435913086, 	Mean reward done: 3.5969576835632324
Step: 5890048	Mean reward: 6.987178802490234, 	Mean reward done: 3.6902015209198
Step: 5898240	Mean reward: 6.882739067077637, 	Mean reward done: 3.653921604156494
Step: 5906432	Mean reward: 7.334993839263916, 	Mean reward done: 3.848745346069336
Step: 5914624	Mean reward: 6.420809745788574, 	Mean reward done: 3.263990879058838
Step: 5922816	Mean reward: 6.8025994300842285, 	Mean reward done: 3.6489264965057373
Step: 5931008	Mean reward: 6.881152629852295, 	Mean reward done: 3.793384313583374
Step: 5939200	Mean reward: 6.706044673919678, 	Mean reward done: 3.7098710536956787
Step: 5947392	Mean reward: 6.481113910675049, 	Mean reward done: 3.4239487648010254
Step: 5955584	Mean reward: 7.3350300788879395, 	Mean reward done: 4.4393534660339355
Step: 5963776	Mean reward: 6.917308330535889, 	Mean reward done: 3.3393361568450928
Step: 5971968	Mean reward: 7.267459869384766, 	Mean reward done: 4.325016021728516
Step: 5980160	Mean reward: 7.323178291320801, 	Mean reward done: 3.64479923248291
Step: 5988352	Mean reward: 6.826579570770264, 	Mean reward done: 3.888195037841797
Step: 5996544	Mean reward: 6.241049289703369, 	Mean reward done: 2.760662317276001
Step: 6004736	Mean reward: 6.812093257904053, 	Mean reward done: 3.5813117027282715
Step: 6012928	Mean reward: 6.25636625289917, 	Mean reward done: 3.2170348167419434
Step: 6021120	Mean reward: 6.396190643310547, 	Mean reward done: 3.7193703651428223
Step: 6029312	Mean reward: 7.017377853393555, 	Mean reward done: 4.073365688323975
Step: 6037504	Mean reward: 6.612953186035156, 	Mean reward done: 3.47062611579895
Step: 6045696	Mean reward: 6.440194129943848, 	Mean reward done: 2.9705915451049805
Step: 6053888	Mean reward: 6.509195804595947, 	Mean reward done: 3.4596805572509766
Step: 6062080	Mean reward: 7.019472599029541, 	Mean reward done: 3.968341588973999
Step: 6070272	Mean reward: 6.08333683013916, 	Mean reward done: 2.896953582763672
Step: 6078464	Mean reward: 6.794528484344482, 	Mean reward done: 3.725116491317749
Step: 6086656	Mean reward: 6.782692909240723, 	Mean reward done: 3.089503526687622
Step: 6094848	Mean reward: 6.6511616706848145, 	Mean reward done: 3.3205626010894775
Step: 6103040	Mean reward: 7.029675483703613, 	Mean reward done: 4.080585479736328
Step: 6111232	Mean reward: 6.765933513641357, 	Mean reward done: 3.2042195796966553
Step: 6119424	Mean reward: 7.044821739196777, 	Mean reward done: 3.569169759750366
Step: 6127616	Mean reward: 6.76087760925293, 	Mean reward done: 3.879577875137329
Step: 6135808	Mean reward: 6.477460861206055, 	Mean reward done: 3.6291863918304443
Step: 6144000	Mean reward: 6.775293350219727, 	Mean reward done: 3.24336838722229
Step: 6152192	Mean reward: 6.733066082000732, 	Mean reward done: 3.5032598972320557
Step: 6160384	Mean reward: 6.630297660827637, 	Mean reward done: 3.653494119644165
Step: 6168576	Mean reward: 7.267033576965332, 	Mean reward done: 3.9583852291107178
Step: 6176768	Mean reward: 6.36471700668335, 	Mean reward done: 3.2381458282470703
Step: 6184960	Mean reward: 6.75245475769043, 	Mean reward done: 3.2130775451660156
Step: 6193152	Mean reward: 6.630675315856934, 	Mean reward done: 3.776352882385254
Step: 6201344	Mean reward: 6.149212837219238, 	Mean reward done: 2.7668118476867676
Step: 6209536	Mean reward: 6.846157073974609, 	Mean reward done: 3.8621747493743896
Step: 6217728	Mean reward: 6.5044846534729, 	Mean reward done: 3.230628728866577
Step: 6225920	Mean reward: 6.273280620574951, 	Mean reward done: 3.2446823120117188
Step: 6234112	Mean reward: 6.928958892822266, 	Mean reward done: 3.256770133972168
Step: 6242304	Mean reward: 6.448251724243164, 	Mean reward done: 3.426778793334961
Step: 6250496	Mean reward: 6.635158538818359, 	Mean reward done: 3.6712646484375
Step: 6258688	Mean reward: 6.273428440093994, 	Mean reward done: 3.2628512382507324
Step: 6266880	Mean reward: 6.371677398681641, 	Mean reward done: 3.0348434448242188
Step: 6275072	Mean reward: 6.65938138961792, 	Mean reward done: 3.613386869430542
Step: 6283264	Mean reward: 6.3684773445129395, 	Mean reward done: 3.672651529312134
Step: 6291456	Mean reward: 6.406664848327637, 	Mean reward done: 2.9024031162261963
Step: 6299648	Mean reward: 6.80282735824585, 	Mean reward done: 3.181774616241455
Step: 6307840	Mean reward: 6.839807033538818, 	Mean reward done: 4.0826640129089355
Step: 6316032	Mean reward: 6.687274932861328, 	Mean reward done: 3.4926788806915283
Step: 6324224	Mean reward: 7.340507507324219, 	Mean reward done: 4.107292652130127
Step: 6332416	Mean reward: 6.42302131652832, 	Mean reward done: 2.9716076850891113
Step: 6340608	Mean reward: 6.33267879486084, 	Mean reward done: 3.144834280014038
Step: 6348800	Mean reward: 6.589602470397949, 	Mean reward done: 3.35931396484375
Step: 6356992	Mean reward: 6.578260898590088, 	Mean reward done: 3.34287428855896
Step: 6365184	Mean reward: 6.001856803894043, 	Mean reward done: 2.862870454788208
Step: 6373376	Mean reward: 6.566518306732178, 	Mean reward done: 3.2105140686035156
Step: 6381568	Mean reward: 6.425999641418457, 	Mean reward done: 3.6220650672912598
Step: 6389760	Mean reward: 6.572129249572754, 	Mean reward done: 3.5256099700927734
Step: 6397952	Mean reward: 7.01552152633667, 	Mean reward done: 3.2303099632263184
Step: 6406144	Mean reward: 6.913290500640869, 	Mean reward done: 3.5160958766937256
Step: 6414336	Mean reward: 6.929887771606445, 	Mean reward done: 3.2702462673187256
Step: 6422528	Mean reward: 6.898099899291992, 	Mean reward done: 3.711308002471924
Step: 6430720	Mean reward: 6.944790363311768, 	Mean reward done: 3.631509780883789
Step: 6438912	Mean reward: 6.952008247375488, 	Mean reward done: 3.8303611278533936
Step: 6447104	Mean reward: 6.632418155670166, 	Mean reward done: 3.835127592086792
Step: 6455296	Mean reward: 6.530447006225586, 	Mean reward done: 3.5418484210968018
Step: 6463488	Mean reward: 6.26155424118042, 	Mean reward done: 3.65586519241333
Step: 6471680	Mean reward: 6.279848575592041, 	Mean reward done: 3.2946202754974365
Step: 6479872	Mean reward: 6.722423076629639, 	Mean reward done: 3.5940182209014893
Step: 6488064	Mean reward: 7.005806922912598, 	Mean reward done: 3.4297289848327637
Step: 6496256	Mean reward: 6.264153957366943, 	Mean reward done: 2.941356897354126
Step: 6504448	Mean reward: 6.371607303619385, 	Mean reward done: 3.623065233230591
Step: 6512640	Mean reward: 6.488280296325684, 	Mean reward done: 3.5711820125579834
Step: 6520832	Mean reward: 6.614705562591553, 	Mean reward done: 3.290929079055786
Step: 6529024	Mean reward: 7.006917476654053, 	Mean reward done: 3.7859771251678467
Step: 6537216	Mean reward: 6.393291473388672, 	Mean reward done: 3.3255364894866943
Step: 6545408	Mean reward: 6.529293060302734, 	Mean reward done: 3.506742000579834
Step: 6553600	Mean reward: 6.478013038635254, 	Mean reward done: 3.67874813079834
Step: 6561792	Mean reward: 6.702646255493164, 	Mean reward done: 3.501420021057129
Step: 6569984	Mean reward: 6.041647434234619, 	Mean reward done: 3.7030532360076904
Step: 6578176	Mean reward: 6.38422966003418, 	Mean reward done: 3.278195381164551
Step: 6586368	Mean reward: 6.589521408081055, 	Mean reward done: 3.547191619873047
Step: 6594560	Mean reward: 6.174794673919678, 	Mean reward done: 2.8727200031280518
Step: 6602752	Mean reward: 6.3216872215271, 	Mean reward done: 3.4836466312408447
Step: 6610944	Mean reward: 6.487719535827637, 	Mean reward done: 3.499434471130371
Step: 6619136	Mean reward: 6.869102478027344, 	Mean reward done: 3.4738523960113525
Step: 6627328	Mean reward: 6.807887077331543, 	Mean reward done: 3.472703218460083
Step: 6635520	Mean reward: 6.344308853149414, 	Mean reward done: 2.672107696533203
Step: 6643712	Mean reward: 6.56971549987793, 	Mean reward done: 3.371603488922119
Step: 6651904	Mean reward: 7.333240509033203, 	Mean reward done: 4.520696640014648
Step: 6660096	Mean reward: 7.102916717529297, 	Mean reward done: 3.840857744216919
Step: 6668288	Mean reward: 6.47251558303833, 	Mean reward done: 3.3187999725341797
Step: 6676480	Mean reward: 7.371537685394287, 	Mean reward done: 4.094205379486084
Step: 6684672	Mean reward: 6.604009628295898, 	Mean reward done: 3.413058280944824
Step: 6692864	Mean reward: 6.787646293640137, 	Mean reward done: 3.6452083587646484
Step: 6701056	Mean reward: 6.305588722229004, 	Mean reward done: 3.113624334335327
Step: 6709248	Mean reward: 6.236264228820801, 	Mean reward done: 3.047969341278076
Step: 6717440	Mean reward: 6.509372711181641, 	Mean reward done: 3.068702220916748
Step: 6725632	Mean reward: 6.919021129608154, 	Mean reward done: 4.084212303161621
Step: 6733824	Mean reward: 6.427493572235107, 	Mean reward done: 3.3058674335479736
Step: 6742016	Mean reward: 6.728409767150879, 	Mean reward done: 3.2386932373046875
Step: 6750208	Mean reward: 6.5314249992370605, 	Mean reward done: 3.1842286586761475
Step: 6758400	Mean reward: 6.217217445373535, 	Mean reward done: 3.253608465194702
Step: 6766592	Mean reward: 6.3331170082092285, 	Mean reward done: 3.256967782974243
Step: 6774784	Mean reward: 6.693602085113525, 	Mean reward done: 3.2238399982452393
Step: 6782976	Mean reward: 7.112212181091309, 	Mean reward done: 3.7840583324432373
Step: 6791168	Mean reward: 5.830749988555908, 	Mean reward done: 2.9170045852661133
Step: 6799360	Mean reward: 6.328013896942139, 	Mean reward done: 3.5904245376586914
Step: 6807552	Mean reward: 5.975244522094727, 	Mean reward done: 2.590576648712158
Step: 6815744	Mean reward: 6.745214462280273, 	Mean reward done: 4.004666328430176
Step: 6823936	Mean reward: 6.674534797668457, 	Mean reward done: 3.3762989044189453
Step: 6832128	Mean reward: 6.04818058013916, 	Mean reward done: 2.9037744998931885
Step: 6840320	Mean reward: 6.398777484893799, 	Mean reward done: 3.6659631729125977
Step: 6848512	Mean reward: 6.903915882110596, 	Mean reward done: 3.7404260635375977
Step: 6856704	Mean reward: 6.208883762359619, 	Mean reward done: 3.0687038898468018
Step: 6864896	Mean reward: 6.499639987945557, 	Mean reward done: 3.2530698776245117
Step: 6873088	Mean reward: 6.235696792602539, 	Mean reward done: 2.897002696990967
Step: 6881280	Mean reward: 6.624355792999268, 	Mean reward done: 3.5654616355895996
Step: 6889472	Mean reward: 6.622068405151367, 	Mean reward done: 3.5723466873168945
Step: 6897664	Mean reward: 6.494016170501709, 	Mean reward done: 3.3232741355895996
Step: 6905856	Mean reward: 6.687082767486572, 	Mean reward done: 3.181312084197998
Step: 6914048	Mean reward: 6.325616836547852, 	Mean reward done: 2.8668019771575928
Step: 6922240	Mean reward: 6.578187942504883, 	Mean reward done: 3.2331414222717285
Step: 6930432	Mean reward: 7.0237298011779785, 	Mean reward done: 3.9804389476776123
Step: 6938624	Mean reward: 6.477814197540283, 	Mean reward done: 3.3937196731567383
Step: 6946816	Mean reward: 6.436929702758789, 	Mean reward done: 3.141486167907715
Step: 6955008	Mean reward: 6.261528491973877, 	Mean reward done: 3.0092291831970215
Step: 6963200	Mean reward: 6.66853141784668, 	Mean reward done: 3.9677534103393555
Step: 6971392	Mean reward: 6.704636096954346, 	Mean reward done: 3.2219486236572266
Step: 6979584	Mean reward: 5.829286098480225, 	Mean reward done: 3.194772958755493
Step: 6987776	Mean reward: 6.518097400665283, 	Mean reward done: 3.9325568675994873
Step: 6995968	Mean reward: 6.5255208015441895, 	Mean reward done: 3.176176071166992
Step: 7004160	Mean reward: 6.688417434692383, 	Mean reward done: 4.005928993225098
Step: 7012352	Mean reward: 6.792440414428711, 	Mean reward done: 3.475461483001709
Step: 7020544	Mean reward: 6.373083114624023, 	Mean reward done: 4.009450435638428
Step: 7028736	Mean reward: 6.148730754852295, 	Mean reward done: 3.1891279220581055
Step: 7036928	Mean reward: 6.817043781280518, 	Mean reward done: 4.150352478027344
Step: 7045120	Mean reward: 6.436978340148926, 	Mean reward done: 2.837181568145752
Step: 7053312	Mean reward: 6.388088226318359, 	Mean reward done: 2.956550121307373
Step: 7061504	Mean reward: 6.309767246246338, 	Mean reward done: 3.299464225769043
Step: 7069696	Mean reward: 6.270061016082764, 	Mean reward done: 3.2723169326782227
Step: 7077888	Mean reward: 6.210958957672119, 	Mean reward done: 3.4220070838928223
Step: 7086080	Mean reward: 6.897302150726318, 	Mean reward done: 3.702144145965576
Step: 7094272	Mean reward: 6.439880847930908, 	Mean reward done: 3.3974802494049072
Step: 7102464	Mean reward: 6.341116905212402, 	Mean reward done: 3.1269919872283936
Step: 7110656	Mean reward: 6.194800853729248, 	Mean reward done: 3.209517478942871
Step: 7118848	Mean reward: 6.629277229309082, 	Mean reward done: 3.8646533489227295
Step: 7127040	Mean reward: 6.395396709442139, 	Mean reward done: 3.3654041290283203
Step: 7135232	Mean reward: 6.200596332550049, 	Mean reward done: 3.0696654319763184
Step: 7143424	Mean reward: 6.557461738586426, 	Mean reward done: 3.842912197113037
Step: 7151616	Mean reward: 6.371427059173584, 	Mean reward done: 3.783536911010742
Step: 7159808	Mean reward: 6.669393062591553, 	Mean reward done: 3.7817370891571045
Step: 7168000	Mean reward: 6.6569414138793945, 	Mean reward done: 3.365501880645752
Step: 7176192	Mean reward: 6.037752628326416, 	Mean reward done: 3.239455461502075
Step: 7184384	Mean reward: 6.075865745544434, 	Mean reward done: 2.907524824142456
Step: 7192576	Mean reward: 7.002038955688477, 	Mean reward done: 3.5670127868652344
Step: 7200768	Mean reward: 6.227738380432129, 	Mean reward done: 3.467099905014038
Step: 7208960	Mean reward: 6.35205602645874, 	Mean reward done: 3.3586418628692627
Step: 7217152	Mean reward: 6.775482177734375, 	Mean reward done: 3.793919801712036
Step: 7225344	Mean reward: 6.300612926483154, 	Mean reward done: 3.2339296340942383
Step: 7233536	Mean reward: 6.289712429046631, 	Mean reward done: 3.455167293548584
Step: 7241728	Mean reward: 6.038267612457275, 	Mean reward done: 2.814964532852173
Step: 7249920	Mean reward: 6.4138312339782715, 	Mean reward done: 3.6827220916748047
Step: 7258112	Mean reward: 6.855597496032715, 	Mean reward done: 3.4936890602111816
Step: 7266304	Mean reward: 6.477523326873779, 	Mean reward done: 3.1022086143493652
Step: 7274496	Mean reward: 6.196903228759766, 	Mean reward done: 3.564267158508301
Step: 7282688	Mean reward: 6.321258544921875, 	Mean reward done: 3.389486074447632
Step: 7290880	Mean reward: 6.137612819671631, 	Mean reward done: 3.584287405014038
Step: 7299072	Mean reward: 6.579699516296387, 	Mean reward done: 3.5411183834075928
Step: 7307264	Mean reward: 5.961526393890381, 	Mean reward done: 3.7769176959991455
Step: 7315456	Mean reward: 5.980018138885498, 	Mean reward done: 2.915379762649536
Step: 7323648	Mean reward: 6.547558784484863, 	Mean reward done: 3.6637444496154785
Step: 7331840	Mean reward: 6.4213690757751465, 	Mean reward done: 3.3775575160980225
Step: 7340032	Mean reward: 6.334019184112549, 	Mean reward done: 3.62264347076416
Step: 7348224	Mean reward: 6.25593900680542, 	Mean reward done: 3.3028154373168945
Step: 7356416	Mean reward: 6.206927299499512, 	Mean reward done: 3.326399326324463
Step: 7364608	Mean reward: 6.273275852203369, 	Mean reward done: 3.248889923095703
Step: 7372800	Mean reward: 7.15679931640625, 	Mean reward done: 4.0040483474731445
Step: 7380992	Mean reward: 6.577249526977539, 	Mean reward done: 3.397601366043091
Step: 7389184	Mean reward: 6.613949775695801, 	Mean reward done: 3.798854112625122
Step: 7397376	Mean reward: 6.3433990478515625, 	Mean reward done: 3.1957263946533203
Step: 7405568	Mean reward: 6.409432411193848, 	Mean reward done: 3.2327473163604736
Step: 7413760	Mean reward: 5.985584735870361, 	Mean reward done: 3.3090450763702393
Step: 7421952	Mean reward: 6.215534210205078, 	Mean reward done: 3.5256597995758057
Step: 7430144	Mean reward: 6.368093013763428, 	Mean reward done: 3.027160406112671
Step: 7438336	Mean reward: 6.606873989105225, 	Mean reward done: 3.8300135135650635
Step: 7446528	Mean reward: 6.565979480743408, 	Mean reward done: 3.5677645206451416
Step: 7454720	Mean reward: 6.103766918182373, 	Mean reward done: 2.9974989891052246
Step: 7462912	Mean reward: 6.505795955657959, 	Mean reward done: 3.57594633102417
Step: 7471104	Mean reward: 6.830313682556152, 	Mean reward done: 3.9859514236450195
Step: 7479296	Mean reward: 6.6077094078063965, 	Mean reward done: 3.561188220977783
Step: 7487488	Mean reward: 6.586940765380859, 	Mean reward done: 3.442079544067383
Step: 7495680	Mean reward: 6.422382354736328, 	Mean reward done: 3.450831413269043
Step: 7503872	Mean reward: 7.321163654327393, 	Mean reward done: 3.9800167083740234
Step: 7512064	Mean reward: 6.562342166900635, 	Mean reward done: 3.413696765899658
Step: 7520256	Mean reward: 6.359623432159424, 	Mean reward done: 3.006613254547119
Step: 7528448	Mean reward: 6.10990047454834, 	Mean reward done: 3.2799997329711914
Step: 7536640	Mean reward: 6.377098083496094, 	Mean reward done: 3.014599084854126
Step: 7544832	Mean reward: 6.912005424499512, 	Mean reward done: 4.534602165222168
Step: 7553024	Mean reward: 6.813404083251953, 	Mean reward done: 3.6156327724456787
Step: 7561216	Mean reward: 6.228281497955322, 	Mean reward done: 3.034412384033203
Step: 7569408	Mean reward: 6.2659831047058105, 	Mean reward done: 3.024570941925049
Step: 7577600	Mean reward: 6.475655555725098, 	Mean reward done: 3.4115941524505615
Step: 7585792	Mean reward: 6.780092239379883, 	Mean reward done: 3.3709218502044678
Step: 7593984	Mean reward: 6.424224853515625, 	Mean reward done: 3.3435471057891846
Step: 7602176	Mean reward: 6.805096626281738, 	Mean reward done: 3.689270496368408
Step: 7610368	Mean reward: 6.363693714141846, 	Mean reward done: 3.370558500289917
Step: 7618560	Mean reward: 6.6488118171691895, 	Mean reward done: 3.758263349533081
Step: 7626752	Mean reward: 6.570350646972656, 	Mean reward done: 3.6655845642089844
Step: 7634944	Mean reward: 6.444157600402832, 	Mean reward done: 3.319133996963501
Step: 7643136	Mean reward: 6.919775009155273, 	Mean reward done: 4.885202884674072
Step: 7651328	Mean reward: 6.6782450675964355, 	Mean reward done: 3.5935404300689697
Step: 7659520	Mean reward: 6.504673957824707, 	Mean reward done: 3.2547245025634766
Step: 7667712	Mean reward: 6.332331657409668, 	Mean reward done: 2.975432872772217
Step: 7675904	Mean reward: 6.597977638244629, 	Mean reward done: 4.0919575691223145
Step: 7684096	Mean reward: 7.109291076660156, 	Mean reward done: 4.374233245849609
Step: 7692288	Mean reward: 6.249411582946777, 	Mean reward done: 2.929412364959717
Step: 7700480	Mean reward: 7.000863552093506, 	Mean reward done: 4.603735446929932
Step: 7708672	Mean reward: 6.456029415130615, 	Mean reward done: 3.3644986152648926
Step: 7716864	Mean reward: 6.597529411315918, 	Mean reward done: 3.1083598136901855
Step: 7725056	Mean reward: 6.18733549118042, 	Mean reward done: 3.5950052738189697
Step: 7733248	Mean reward: 7.033047676086426, 	Mean reward done: 3.7108325958251953
Step: 7741440	Mean reward: 6.640774726867676, 	Mean reward done: 3.208597183227539
Step: 7749632	Mean reward: 7.086323261260986, 	Mean reward done: 4.04253625869751
Step: 7757824	Mean reward: 6.485141754150391, 	Mean reward done: 3.7433743476867676
Step: 7766016	Mean reward: 6.493149757385254, 	Mean reward done: 3.7543928623199463
Step: 7774208	Mean reward: 6.634384632110596, 	Mean reward done: 4.062518119812012
Step: 7782400	Mean reward: 6.698646068572998, 	Mean reward done: 3.5741920471191406
Step: 7790592	Mean reward: 6.65908670425415, 	Mean reward done: 3.3612096309661865
Step: 7798784	Mean reward: 7.037352561950684, 	Mean reward done: 3.6104750633239746
Step: 7806976	Mean reward: 6.531979560852051, 	Mean reward done: 3.7770915031433105
Step: 7815168	Mean reward: 6.881575107574463, 	Mean reward done: 3.480337142944336
Step: 7823360	Mean reward: 6.272793769836426, 	Mean reward done: 3.3752264976501465
Step: 7831552	Mean reward: 6.77481746673584, 	Mean reward done: 3.4427595138549805
Step: 7839744	Mean reward: 6.00529146194458, 	Mean reward done: 3.0484988689422607
Step: 7847936	Mean reward: 6.66848611831665, 	Mean reward done: 3.9792771339416504
Step: 7856128	Mean reward: 6.268807888031006, 	Mean reward done: 3.3098506927490234
Step: 7864320	Mean reward: 6.751195907592773, 	Mean reward done: 3.517827272415161
Step: 7872512	Mean reward: 6.825806140899658, 	Mean reward done: 3.874277353286743
Step: 7880704	Mean reward: 6.330959320068359, 	Mean reward done: 3.5540544986724854
Step: 7888896	Mean reward: 6.708865642547607, 	Mean reward done: 3.8850767612457275
Step: 7897088	Mean reward: 6.735373497009277, 	Mean reward done: 3.642409563064575
Step: 7905280	Mean reward: 6.496994495391846, 	Mean reward done: 3.2200851440429688
Step: 7913472	Mean reward: 6.684675216674805, 	Mean reward done: 3.7447421550750732
Step: 7921664	Mean reward: 6.815783977508545, 	Mean reward done: 3.4520654678344727
Step: 7929856	Mean reward: 6.095460891723633, 	Mean reward done: 3.0855894088745117
Step: 7938048	Mean reward: 6.2265238761901855, 	Mean reward done: 3.6558010578155518
Step: 7946240	Mean reward: 6.792940139770508, 	Mean reward done: 3.50527024269104
Step: 7954432	Mean reward: 6.186411380767822, 	Mean reward done: 3.374620199203491
Step: 7962624	Mean reward: 6.468847751617432, 	Mean reward done: 4.274742603302002
Step: 7970816	Mean reward: 6.570991039276123, 	Mean reward done: 3.860653877258301
Step: 7979008	Mean reward: 6.928701877593994, 	Mean reward done: 3.92909574508667
Step: 7987200	Mean reward: 6.813154697418213, 	Mean reward done: 3.83307147026062
Step: 7995392	Mean reward: 6.36677360534668, 	Mean reward done: 3.235344886779785
Step: 8003584	Mean reward: 6.469320774078369, 	Mean reward done: 3.6202967166900635
Completed training of sd_i_na_sp!

------------------------------------------------------------
Sender: LSF System <lsfadmin@n-62-20-14>
Subject: Job 8466566: <sd_i_na_sp> in cluster <dcc> Done

Job <sd_i_na_sp> was submitted from host <n-62-27-19> by user <s192288> in cluster <dcc> at Wed Dec  2 16:33:07 2020
Job was executed on host(s) <n-62-20-14>, in queue <gpuv100>, as user <s192288> in cluster <dcc> at Wed Dec  2 16:33:09 2020
</zhome/09/9/144141> was used as the home directory.
</zhome/09/9/144141/Desktop/Deep_l_hpc> was used as the working directory.
Started at Wed Dec  2 16:33:09 2020
Terminated at Wed Dec  2 20:36:59 2020
Results reported at Wed Dec  2 20:36:59 2020

Your job looked like:

------------------------------------------------------------
# LSBATCH: User input
#!/bin/sh

#BSUB -J sd_i_na_sp

#BSUB -q gpuv100

#BSUB -gpu "num=1"

#BSUB -n 1

#BSUB -W 23:45

#BSUB -R "rusage[mem=16GB]"

#BSUB -o sd_i_na_sp.out

#BSUB -e sd_i_na_sp.err

# Load modules

module load python3/3.8.2
module load cuda/8.0
module load cudnn/v7.0-prod-cuda8
module load ffmpeg/4.2.2
pip3 install --user torch matplotlib procgen gym 

# 1 = model_name, 2 = encoder_index, 3 = aug_index, 4 = mix_reg, 5 = game
#the name of the run
#encoder_index 0 = Impala, 1 = Nature  
#aug_index: 0 = None, 1 = grayscale, 2 = random_cutout, 3 = color_jitter
#mixreg: 0 = False, 1 = True 
#type of game

python3 train_ppo.py sd_i_na_sp 0 0 0 starpilot



------------------------------------------------------------

Successfully completed.

Resource usage summary:

    CPU time :                                   14522.18 sec.
    Max Memory :                                 9064 MB
    Average Memory :                             8994.90 MB
    Total Requested Memory :                     16384.00 MB
    Delta Memory :                               7320.00 MB
    Max Swap :                                   -
    Max Processes :                              4
    Max Threads :                                13
    Run time :                                   14654 sec.
    Turnaround time :                            14632 sec.

The output (if any) is above this job summary.



PS:

Read file <sd_i_na_sp.err> for stderr output of this job.

