Requirement already satisfied: torch in /zhome/09/9/144141/.local/lib/python3.8/site-packages (1.7.0)
Requirement already satisfied: matplotlib in /zhome/09/9/144141/.local/lib/python3.8/site-packages (3.3.3)
Requirement already satisfied: procgen in /zhome/09/9/144141/.local/lib/python3.8/site-packages (0.10.4)
Requirement already satisfied: gym in /zhome/09/9/144141/.local/lib/python3.8/site-packages (0.17.3)
Requirement already satisfied: dataclasses in /zhome/09/9/144141/.local/lib/python3.8/site-packages (from torch) (0.6)
Requirement already satisfied: numpy in /zhome/09/9/144141/.local/lib/python3.8/site-packages (from torch) (1.19.4)
Requirement already satisfied: typing-extensions in /zhome/09/9/144141/.local/lib/python3.8/site-packages (from torch) (3.7.4.3)
Requirement already satisfied: future in /zhome/09/9/144141/.local/lib/python3.8/site-packages (from torch) (0.18.2)
Requirement already satisfied: python-dateutil>=2.1 in /zhome/09/9/144141/.local/lib/python3.8/site-packages (from matplotlib) (2.8.1)
Requirement already satisfied: cycler>=0.10 in /zhome/09/9/144141/.local/lib/python3.8/site-packages (from matplotlib) (0.10.0)
Requirement already satisfied: kiwisolver>=1.0.1 in /zhome/09/9/144141/.local/lib/python3.8/site-packages (from matplotlib) (1.3.1)
Requirement already satisfied: pillow>=6.2.0 in /zhome/09/9/144141/.local/lib/python3.8/site-packages (from matplotlib) (8.0.1)
Requirement already satisfied: pyparsing!=2.0.4,!=2.1.2,!=2.1.6,>=2.0.3 in /zhome/09/9/144141/.local/lib/python3.8/site-packages (from matplotlib) (2.4.7)
Requirement already satisfied: gym3<1.0.0,>=0.3.3 in /zhome/09/9/144141/.local/lib/python3.8/site-packages (from procgen) (0.3.3)
Requirement already satisfied: filelock<4.0.0,>=3.0.0 in /zhome/09/9/144141/.local/lib/python3.8/site-packages (from procgen) (3.0.12)
Requirement already satisfied: scipy in /zhome/09/9/144141/.local/lib/python3.8/site-packages (from gym) (1.5.4)
Requirement already satisfied: pyglet<=1.5.0,>=1.4.0 in /zhome/09/9/144141/.local/lib/python3.8/site-packages (from gym) (1.5.0)
Requirement already satisfied: cloudpickle<1.7.0,>=1.2.0 in /zhome/09/9/144141/.local/lib/python3.8/site-packages (from gym) (1.6.0)
Requirement already satisfied: six>=1.5 in /zhome/09/9/144141/.local/lib/python3.8/site-packages (from python-dateutil>=2.1->matplotlib) (1.15.0)
Requirement already satisfied: imageio-ffmpeg<0.4.0,>=0.3.0 in /zhome/09/9/144141/.local/lib/python3.8/site-packages (from gym3<1.0.0,>=0.3.3->procgen) (0.3.0)
Requirement already satisfied: moderngl<6.0.0,>=5.5.4 in /zhome/09/9/144141/.local/lib/python3.8/site-packages (from gym3<1.0.0,>=0.3.3->procgen) (5.6.2)
Requirement already satisfied: imageio<3.0.0,>=2.6.0 in /zhome/09/9/144141/.local/lib/python3.8/site-packages (from gym3<1.0.0,>=0.3.3->procgen) (2.9.0)
Requirement already satisfied: glfw<2.0.0,>=1.8.6 in /zhome/09/9/144141/.local/lib/python3.8/site-packages (from gym3<1.0.0,>=0.3.3->procgen) (1.12.0)
Requirement already satisfied: cffi<2.0.0,>=1.13.0 in /zhome/09/9/144141/.local/lib/python3.8/site-packages (from gym3<1.0.0,>=0.3.3->procgen) (1.14.4)
Requirement already satisfied: glcontext<3,>=2 in /zhome/09/9/144141/.local/lib/python3.8/site-packages (from moderngl<6.0.0,>=5.5.4->gym3<1.0.0,>=0.3.3->procgen) (2.2.0)
Requirement already satisfied: pycparser in /zhome/09/9/144141/.local/lib/python3.8/site-packages (from cffi<2.0.0,>=1.13.0->gym3<1.0.0,>=0.3.3->procgen) (2.20)
Run name sd_i_rc_sp
Encoder used Impala
Augumentation used random_cutout
Mixreg? False
Game starpilot
Observation space: Box(0.0, 1.0, (3, 64, 64), float32)
Action space: 15
Beware of the Impala!
Step: 8192	Mean reward: 8.384988784790039, 	Mean reward done: 2.383082866668701
Estimated time of completion: 4.234001583730181 hours
Step: 16384	Mean reward: 5.620763778686523, 	Mean reward done: 1.5127979516983032
Step: 24576	Mean reward: 5.3568034172058105, 	Mean reward done: 1.3183515071868896
Step: 32768	Mean reward: 5.667281627655029, 	Mean reward done: 1.6254703998565674
Step: 40960	Mean reward: 5.807281970977783, 	Mean reward done: 1.4560579061508179
Step: 49152	Mean reward: 6.66579532623291, 	Mean reward done: 1.900202989578247
Step: 57344	Mean reward: 5.676643371582031, 	Mean reward done: 1.7385733127593994
Step: 65536	Mean reward: 6.537851333618164, 	Mean reward done: 1.8636674880981445
Step: 73728	Mean reward: 5.680171966552734, 	Mean reward done: 1.7290143966674805
Step: 81920	Mean reward: 6.530365467071533, 	Mean reward done: 1.956477403640747
Step: 90112	Mean reward: 6.550601959228516, 	Mean reward done: 1.9589784145355225
Step: 98304	Mean reward: 6.2820210456848145, 	Mean reward done: 1.912024974822998
Step: 106496	Mean reward: 5.790000915527344, 	Mean reward done: 1.6933244466781616
Step: 114688	Mean reward: 6.101167678833008, 	Mean reward done: 1.9525699615478516
Step: 122880	Mean reward: 6.330747127532959, 	Mean reward done: 1.8523235321044922
Step: 131072	Mean reward: 7.476860046386719, 	Mean reward done: 2.2875101566314697
Step: 139264	Mean reward: 6.560649871826172, 	Mean reward done: 2.0974602699279785
Step: 147456	Mean reward: 6.8962907791137695, 	Mean reward done: 2.16266131401062
Step: 155648	Mean reward: 7.06259822845459, 	Mean reward done: 2.2108421325683594
Step: 163840	Mean reward: 7.358795166015625, 	Mean reward done: 2.4602179527282715
Step: 172032	Mean reward: 6.470030784606934, 	Mean reward done: 2.0450525283813477
Step: 180224	Mean reward: 7.631387233734131, 	Mean reward done: 2.343592405319214
Step: 188416	Mean reward: 6.482064723968506, 	Mean reward done: 1.9567596912384033
Step: 196608	Mean reward: 7.965036392211914, 	Mean reward done: 2.681537628173828
Step: 204800	Mean reward: 6.3963775634765625, 	Mean reward done: 2.0487751960754395
Step: 212992	Mean reward: 7.591721534729004, 	Mean reward done: 2.7036235332489014
Step: 221184	Mean reward: 7.264861106872559, 	Mean reward done: 2.179938793182373
Step: 229376	Mean reward: 7.07462215423584, 	Mean reward done: 2.499995708465576
Step: 237568	Mean reward: 6.976983547210693, 	Mean reward done: 2.3034393787384033
Step: 245760	Mean reward: 6.256410121917725, 	Mean reward done: 2.0936286449432373
Step: 253952	Mean reward: 7.206521034240723, 	Mean reward done: 2.5676681995391846
Step: 262144	Mean reward: 7.011879920959473, 	Mean reward done: 2.422081470489502
Step: 270336	Mean reward: 6.721808433532715, 	Mean reward done: 2.119990587234497
Step: 278528	Mean reward: 7.656060218811035, 	Mean reward done: 2.7499806880950928
Step: 286720	Mean reward: 7.2108588218688965, 	Mean reward done: 2.5836822986602783
Step: 294912	Mean reward: 6.8608880043029785, 	Mean reward done: 2.4818131923675537
Step: 303104	Mean reward: 7.406683921813965, 	Mean reward done: 2.7590508460998535
Step: 311296	Mean reward: 6.620711326599121, 	Mean reward done: 2.5914998054504395
Step: 319488	Mean reward: 6.940946102142334, 	Mean reward done: 2.477128028869629
Step: 327680	Mean reward: 6.163705825805664, 	Mean reward done: 2.042729616165161
Step: 335872	Mean reward: 7.364253044128418, 	Mean reward done: 2.6478166580200195
Step: 344064	Mean reward: 7.132476329803467, 	Mean reward done: 2.613407850265503
Step: 352256	Mean reward: 6.934829235076904, 	Mean reward done: 2.4889719486236572
Step: 360448	Mean reward: 6.634830474853516, 	Mean reward done: 2.1894242763519287
Step: 368640	Mean reward: 6.66233491897583, 	Mean reward done: 2.447706699371338
Step: 376832	Mean reward: 6.3925018310546875, 	Mean reward done: 2.1031339168548584
Step: 385024	Mean reward: 7.090442180633545, 	Mean reward done: 2.6274006366729736
Step: 393216	Mean reward: 6.681417942047119, 	Mean reward done: 2.3277204036712646
Step: 401408	Mean reward: 6.54379415512085, 	Mean reward done: 2.7546639442443848
Step: 409600	Mean reward: 6.377879619598389, 	Mean reward done: 2.2083537578582764
Step: 417792	Mean reward: 6.458908557891846, 	Mean reward done: 2.2061803340911865
Step: 425984	Mean reward: 6.968578338623047, 	Mean reward done: 2.733065605163574
Step: 434176	Mean reward: 6.863056182861328, 	Mean reward done: 2.4407429695129395
Step: 442368	Mean reward: 6.723233222961426, 	Mean reward done: 2.2015483379364014
Step: 450560	Mean reward: 6.821868896484375, 	Mean reward done: 2.623016119003296
Step: 458752	Mean reward: 6.472585678100586, 	Mean reward done: 2.222625970840454
Step: 466944	Mean reward: 6.454190254211426, 	Mean reward done: 2.1166090965270996
Step: 475136	Mean reward: 6.332700729370117, 	Mean reward done: 2.395282745361328
Step: 483328	Mean reward: 6.995564937591553, 	Mean reward done: 2.464202880859375
Step: 491520	Mean reward: 6.703036785125732, 	Mean reward done: 2.546858310699463
Step: 499712	Mean reward: 7.067081928253174, 	Mean reward done: 2.347126007080078
Step: 507904	Mean reward: 6.351607322692871, 	Mean reward done: 2.1694095134735107
Step: 516096	Mean reward: 6.796360015869141, 	Mean reward done: 2.49019718170166
Step: 524288	Mean reward: 6.247766494750977, 	Mean reward done: 2.262622594833374
Step: 532480	Mean reward: 6.950263023376465, 	Mean reward done: 2.831958770751953
Step: 540672	Mean reward: 6.340566635131836, 	Mean reward done: 2.2180750370025635
Step: 548864	Mean reward: 7.045869827270508, 	Mean reward done: 2.5584380626678467
Step: 557056	Mean reward: 6.61946964263916, 	Mean reward done: 2.5482287406921387
Step: 565248	Mean reward: 7.011621475219727, 	Mean reward done: 2.8305652141571045
Step: 573440	Mean reward: 7.1569342613220215, 	Mean reward done: 3.0212082862854004
Step: 581632	Mean reward: 6.047049522399902, 	Mean reward done: 2.1816635131835938
Step: 589824	Mean reward: 7.1517863273620605, 	Mean reward done: 2.5664010047912598
Step: 598016	Mean reward: 6.6756463050842285, 	Mean reward done: 2.4351842403411865
Step: 606208	Mean reward: 6.703464508056641, 	Mean reward done: 2.889922618865967
Step: 614400	Mean reward: 6.8422932624816895, 	Mean reward done: 2.4075026512145996
Step: 622592	Mean reward: 7.215814590454102, 	Mean reward done: 2.6876628398895264
Step: 630784	Mean reward: 6.637211799621582, 	Mean reward done: 2.6254467964172363
Step: 638976	Mean reward: 6.533394813537598, 	Mean reward done: 2.3904011249542236
Step: 647168	Mean reward: 6.312692165374756, 	Mean reward done: 2.4166200160980225
Step: 655360	Mean reward: 6.579850673675537, 	Mean reward done: 2.3625335693359375
Step: 663552	Mean reward: 6.731533527374268, 	Mean reward done: 2.647446870803833
Step: 671744	Mean reward: 7.4998884201049805, 	Mean reward done: 3.3516714572906494
Step: 679936	Mean reward: 6.657463550567627, 	Mean reward done: 2.923712968826294
Step: 688128	Mean reward: 6.138744354248047, 	Mean reward done: 2.1921091079711914
Step: 696320	Mean reward: 6.857668876647949, 	Mean reward done: 2.6422078609466553
Step: 704512	Mean reward: 7.24282169342041, 	Mean reward done: 2.879136323928833
Step: 712704	Mean reward: 6.0643391609191895, 	Mean reward done: 2.401043653488159
Step: 720896	Mean reward: 6.468898296356201, 	Mean reward done: 2.6079213619232178
Step: 729088	Mean reward: 7.221721649169922, 	Mean reward done: 2.9313273429870605
Step: 737280	Mean reward: 6.91527795791626, 	Mean reward done: 2.67647123336792
Step: 745472	Mean reward: 6.333810329437256, 	Mean reward done: 2.432473659515381
Step: 753664	Mean reward: 6.639773368835449, 	Mean reward done: 2.5056512355804443
Step: 761856	Mean reward: 6.959051609039307, 	Mean reward done: 2.9163436889648438
Step: 770048	Mean reward: 6.972149848937988, 	Mean reward done: 2.329599142074585
Step: 778240	Mean reward: 6.700740814208984, 	Mean reward done: 3.0032901763916016
Step: 786432	Mean reward: 6.674442768096924, 	Mean reward done: 2.753307342529297
Step: 794624	Mean reward: 6.84281587600708, 	Mean reward done: 2.9504446983337402
Step: 802816	Mean reward: 5.949906826019287, 	Mean reward done: 2.233874797821045
Step: 811008	Mean reward: 6.666051864624023, 	Mean reward done: 2.6091933250427246
Step: 819200	Mean reward: 6.396536350250244, 	Mean reward done: 2.2144217491149902
Step: 827392	Mean reward: 6.600762367248535, 	Mean reward done: 2.621455192565918
Step: 835584	Mean reward: 6.706690788269043, 	Mean reward done: 2.917684316635132
Step: 843776	Mean reward: 6.474127292633057, 	Mean reward done: 2.5876502990722656
Step: 851968	Mean reward: 6.377388000488281, 	Mean reward done: 2.5615973472595215
Step: 860160	Mean reward: 6.215662002563477, 	Mean reward done: 2.2315139770507812
Step: 868352	Mean reward: 6.266190528869629, 	Mean reward done: 2.1810081005096436
Step: 876544	Mean reward: 6.474082946777344, 	Mean reward done: 2.3740460872650146
Step: 884736	Mean reward: 6.635455131530762, 	Mean reward done: 2.486187219619751
Step: 892928	Mean reward: 6.692646503448486, 	Mean reward done: 2.309933662414551
Step: 901120	Mean reward: 6.7129645347595215, 	Mean reward done: 2.736023426055908
Step: 909312	Mean reward: 6.6634521484375, 	Mean reward done: 2.5625267028808594
Step: 917504	Mean reward: 6.331944465637207, 	Mean reward done: 2.531470537185669
Step: 925696	Mean reward: 6.040565013885498, 	Mean reward done: 2.714142322540283
Step: 933888	Mean reward: 6.27810525894165, 	Mean reward done: 2.537275552749634
Step: 942080	Mean reward: 6.784336090087891, 	Mean reward done: 2.6462209224700928
Step: 950272	Mean reward: 6.642263889312744, 	Mean reward done: 2.5910449028015137
Step: 958464	Mean reward: 5.985423564910889, 	Mean reward done: 2.2585883140563965
Step: 966656	Mean reward: 6.315174579620361, 	Mean reward done: 2.250823497772217
Step: 974848	Mean reward: 6.684399604797363, 	Mean reward done: 2.6127119064331055
Step: 983040	Mean reward: 6.353940486907959, 	Mean reward done: 2.4014291763305664
Step: 991232	Mean reward: 6.597509384155273, 	Mean reward done: 2.749002695083618
Step: 999424	Mean reward: 6.120725631713867, 	Mean reward done: 2.5737361907958984
Step: 1007616	Mean reward: 6.367417812347412, 	Mean reward done: 2.730699300765991
Step: 1015808	Mean reward: 5.889552593231201, 	Mean reward done: 2.158653497695923
Step: 1024000	Mean reward: 5.722012996673584, 	Mean reward done: 2.1940746307373047
Step: 1032192	Mean reward: 7.127959251403809, 	Mean reward done: 3.222446918487549
Step: 1040384	Mean reward: 6.804864883422852, 	Mean reward done: 2.7528328895568848
Step: 1048576	Mean reward: 6.333898544311523, 	Mean reward done: 2.6982781887054443
Step: 1056768	Mean reward: 6.373507976531982, 	Mean reward done: 2.6029200553894043
Step: 1064960	Mean reward: 7.624203681945801, 	Mean reward done: 3.116811990737915
Step: 1073152	Mean reward: 6.654284954071045, 	Mean reward done: 3.35143780708313
Step: 1081344	Mean reward: 6.234074592590332, 	Mean reward done: 2.4775686264038086
Step: 1089536	Mean reward: 6.60339879989624, 	Mean reward done: 2.6647119522094727
Step: 1097728	Mean reward: 6.766702175140381, 	Mean reward done: 2.68945050239563
Step: 1105920	Mean reward: 6.662421226501465, 	Mean reward done: 2.6881933212280273
Step: 1114112	Mean reward: 6.862202167510986, 	Mean reward done: 2.952451467514038
Step: 1122304	Mean reward: 6.601138591766357, 	Mean reward done: 2.829050064086914
Step: 1130496	Mean reward: 6.2580342292785645, 	Mean reward done: 2.5548412799835205
Step: 1138688	Mean reward: 6.655332565307617, 	Mean reward done: 2.635713815689087
Step: 1146880	Mean reward: 6.078592300415039, 	Mean reward done: 2.45552921295166
Step: 1155072	Mean reward: 6.235245704650879, 	Mean reward done: 2.712212562561035
Step: 1163264	Mean reward: 6.650798320770264, 	Mean reward done: 2.7845311164855957
Step: 1171456	Mean reward: 6.399430274963379, 	Mean reward done: 2.8925058841705322
Step: 1179648	Mean reward: 6.551122188568115, 	Mean reward done: 2.669147491455078
Step: 1187840	Mean reward: 6.321829319000244, 	Mean reward done: 2.7652885913848877
Step: 1196032	Mean reward: 6.620027542114258, 	Mean reward done: 2.669945478439331
Step: 1204224	Mean reward: 5.523443222045898, 	Mean reward done: 2.126530647277832
Step: 1212416	Mean reward: 6.427186965942383, 	Mean reward done: 2.7434120178222656
Step: 1220608	Mean reward: 6.640319347381592, 	Mean reward done: 2.682067632675171
Step: 1228800	Mean reward: 6.280570983886719, 	Mean reward done: 2.4883580207824707
Step: 1236992	Mean reward: 6.731649398803711, 	Mean reward done: 3.104732036590576
Step: 1245184	Mean reward: 6.721576690673828, 	Mean reward done: 2.7456552982330322
Step: 1253376	Mean reward: 6.2151994705200195, 	Mean reward done: 2.7939727306365967
Step: 1261568	Mean reward: 6.254369258880615, 	Mean reward done: 2.6740646362304688
Step: 1269760	Mean reward: 6.721996307373047, 	Mean reward done: 2.753113269805908
Step: 1277952	Mean reward: 6.45922327041626, 	Mean reward done: 2.4835383892059326
Step: 1286144	Mean reward: 6.41783332824707, 	Mean reward done: 2.710573434829712
Step: 1294336	Mean reward: 6.279403209686279, 	Mean reward done: 2.3228988647460938
Step: 1302528	Mean reward: 6.808614730834961, 	Mean reward done: 2.8415987491607666
Step: 1310720	Mean reward: 5.991257667541504, 	Mean reward done: 2.4852402210235596
Step: 1318912	Mean reward: 6.668947219848633, 	Mean reward done: 2.956556558609009
Step: 1327104	Mean reward: 6.791574954986572, 	Mean reward done: 2.935789108276367
Step: 1335296	Mean reward: 7.102210998535156, 	Mean reward done: 3.1586246490478516
Step: 1343488	Mean reward: 6.954694747924805, 	Mean reward done: 3.3628122806549072
Step: 1351680	Mean reward: 6.504152774810791, 	Mean reward done: 3.010620594024658
Step: 1359872	Mean reward: 6.576959609985352, 	Mean reward done: 2.8693811893463135
Step: 1368064	Mean reward: 6.613320350646973, 	Mean reward done: 2.92223858833313
Step: 1376256	Mean reward: 6.05506706237793, 	Mean reward done: 2.510986804962158
Step: 1384448	Mean reward: 6.56779670715332, 	Mean reward done: 2.4929327964782715
Step: 1392640	Mean reward: 6.620998859405518, 	Mean reward done: 2.777623414993286
Step: 1400832	Mean reward: 6.3590407371521, 	Mean reward done: 2.4895212650299072
Step: 1409024	Mean reward: 6.27449893951416, 	Mean reward done: 2.609409809112549
Step: 1417216	Mean reward: 6.322253227233887, 	Mean reward done: 2.855334758758545
Step: 1425408	Mean reward: 6.6465253829956055, 	Mean reward done: 2.745148181915283
Step: 1433600	Mean reward: 6.4028754234313965, 	Mean reward done: 2.8186254501342773
Step: 1441792	Mean reward: 7.297126293182373, 	Mean reward done: 3.516806125640869
Step: 1449984	Mean reward: 6.571459770202637, 	Mean reward done: 2.666933059692383
Step: 1458176	Mean reward: 5.715315818786621, 	Mean reward done: 2.2885003089904785
Step: 1466368	Mean reward: 6.592301368713379, 	Mean reward done: 2.9552724361419678
Step: 1474560	Mean reward: 6.519917964935303, 	Mean reward done: 3.083486318588257
Step: 1482752	Mean reward: 6.358633995056152, 	Mean reward done: 2.474104642868042
Step: 1490944	Mean reward: 6.797996520996094, 	Mean reward done: 3.269192934036255
Step: 1499136	Mean reward: 5.798361301422119, 	Mean reward done: 2.1940226554870605
Step: 1507328	Mean reward: 6.693880081176758, 	Mean reward done: 3.237920045852661
Step: 1515520	Mean reward: 6.532417297363281, 	Mean reward done: 2.6345348358154297
Step: 1523712	Mean reward: 6.595919609069824, 	Mean reward done: 2.899179458618164
Step: 1531904	Mean reward: 6.56563663482666, 	Mean reward done: 2.914823532104492
Step: 1540096	Mean reward: 7.017143249511719, 	Mean reward done: 3.356020927429199
Step: 1548288	Mean reward: 7.250247478485107, 	Mean reward done: 2.828639507293701
Step: 1556480	Mean reward: 6.83514404296875, 	Mean reward done: 2.950392961502075
Step: 1564672	Mean reward: 6.501486301422119, 	Mean reward done: 2.890205144882202
Step: 1572864	Mean reward: 7.075132369995117, 	Mean reward done: 3.1017003059387207
Step: 1581056	Mean reward: 6.505319118499756, 	Mean reward done: 2.918076753616333
Step: 1589248	Mean reward: 6.559780120849609, 	Mean reward done: 2.895005941390991
Step: 1597440	Mean reward: 6.323394775390625, 	Mean reward done: 2.3969879150390625
Step: 1605632	Mean reward: 6.717764854431152, 	Mean reward done: 2.7816004753112793
Step: 1613824	Mean reward: 6.350815773010254, 	Mean reward done: 2.4464950561523438
Step: 1622016	Mean reward: 6.592162609100342, 	Mean reward done: 2.7777469158172607
Step: 1630208	Mean reward: 6.527722358703613, 	Mean reward done: 2.773130178451538
Step: 1638400	Mean reward: 6.211517333984375, 	Mean reward done: 2.429457426071167
Step: 1646592	Mean reward: 6.995924949645996, 	Mean reward done: 3.494065284729004
Step: 1654784	Mean reward: 7.0316057205200195, 	Mean reward done: 3.4772207736968994
Step: 1662976	Mean reward: 6.515048503875732, 	Mean reward done: 2.6538443565368652
Step: 1671168	Mean reward: 6.681723594665527, 	Mean reward done: 3.133760929107666
Step: 1679360	Mean reward: 6.694008827209473, 	Mean reward done: 2.706489086151123
Step: 1687552	Mean reward: 6.249413013458252, 	Mean reward done: 2.8489396572113037
Step: 1695744	Mean reward: 6.752129554748535, 	Mean reward done: 2.9852452278137207
Step: 1703936	Mean reward: 6.790191650390625, 	Mean reward done: 2.7739980220794678
Step: 1712128	Mean reward: 6.679245471954346, 	Mean reward done: 2.8357174396514893
Step: 1720320	Mean reward: 6.768202781677246, 	Mean reward done: 3.5756232738494873
Step: 1728512	Mean reward: 6.32398796081543, 	Mean reward done: 3.066373348236084
Step: 1736704	Mean reward: 5.782261371612549, 	Mean reward done: 2.6750648021698
Step: 1744896	Mean reward: 6.194155693054199, 	Mean reward done: 2.5015604496002197
Step: 1753088	Mean reward: 6.720074653625488, 	Mean reward done: 3.2481956481933594
Step: 1761280	Mean reward: 6.459430694580078, 	Mean reward done: 2.9958815574645996
Step: 1769472	Mean reward: 6.226222991943359, 	Mean reward done: 2.6371757984161377
Step: 1777664	Mean reward: 6.531159400939941, 	Mean reward done: 2.845238447189331
Step: 1785856	Mean reward: 5.991504669189453, 	Mean reward done: 2.3754491806030273
Step: 1794048	Mean reward: 6.320950508117676, 	Mean reward done: 2.7232723236083984
Step: 1802240	Mean reward: 6.146871566772461, 	Mean reward done: 2.8344552516937256
Step: 1810432	Mean reward: 5.790788650512695, 	Mean reward done: 2.1577420234680176
Step: 1818624	Mean reward: 6.750421524047852, 	Mean reward done: 3.047783613204956
Step: 1826816	Mean reward: 5.730851650238037, 	Mean reward done: 2.331725597381592
Step: 1835008	Mean reward: 6.276410102844238, 	Mean reward done: 2.886242151260376
Step: 1843200	Mean reward: 6.397791862487793, 	Mean reward done: 2.4709208011627197
Step: 1851392	Mean reward: 5.892143249511719, 	Mean reward done: 2.309743642807007
Step: 1859584	Mean reward: 6.47178840637207, 	Mean reward done: 2.772538661956787
Step: 1867776	Mean reward: 6.515091419219971, 	Mean reward done: 3.130358934402466
Step: 1875968	Mean reward: 6.329469680786133, 	Mean reward done: 2.9531755447387695
Step: 1884160	Mean reward: 6.895378112792969, 	Mean reward done: 3.478022336959839
Step: 1892352	Mean reward: 6.662556171417236, 	Mean reward done: 2.854708671569824
Step: 1900544	Mean reward: 6.657489776611328, 	Mean reward done: 2.6792750358581543
Step: 1908736	Mean reward: 6.381397724151611, 	Mean reward done: 2.5141501426696777
Step: 1916928	Mean reward: 6.559703826904297, 	Mean reward done: 2.7927944660186768
Step: 1925120	Mean reward: 6.508461952209473, 	Mean reward done: 2.8979761600494385
Step: 1933312	Mean reward: 6.016744613647461, 	Mean reward done: 2.4087648391723633
Step: 1941504	Mean reward: 6.352317810058594, 	Mean reward done: 2.8223021030426025
Step: 1949696	Mean reward: 5.930611610412598, 	Mean reward done: 2.406954288482666
Step: 1957888	Mean reward: 6.517782688140869, 	Mean reward done: 2.6148505210876465
Step: 1966080	Mean reward: 6.853968143463135, 	Mean reward done: 2.833197593688965
Step: 1974272	Mean reward: 6.353785991668701, 	Mean reward done: 2.593707799911499
Step: 1982464	Mean reward: 6.375866889953613, 	Mean reward done: 2.5859568119049072
Step: 1990656	Mean reward: 6.858334064483643, 	Mean reward done: 3.3142900466918945
Step: 1998848	Mean reward: 6.253815650939941, 	Mean reward done: 2.4787652492523193
Step: 2007040	Mean reward: 6.623283386230469, 	Mean reward done: 3.018251657485962
Step: 2015232	Mean reward: 6.090328216552734, 	Mean reward done: 2.755682945251465
Step: 2023424	Mean reward: 6.381524562835693, 	Mean reward done: 2.6044676303863525
Step: 2031616	Mean reward: 6.356207847595215, 	Mean reward done: 2.770514488220215
Step: 2039808	Mean reward: 6.656941890716553, 	Mean reward done: 3.3922717571258545
Step: 2048000	Mean reward: 6.42306661605835, 	Mean reward done: 2.8093466758728027
Step: 2056192	Mean reward: 6.653554916381836, 	Mean reward done: 2.835993528366089
Step: 2064384	Mean reward: 6.483039855957031, 	Mean reward done: 2.8057546615600586
Step: 2072576	Mean reward: 6.847333908081055, 	Mean reward done: 2.9039323329925537
Step: 2080768	Mean reward: 6.200778961181641, 	Mean reward done: 2.887355089187622
Step: 2088960	Mean reward: 6.173274993896484, 	Mean reward done: 2.63008975982666
Step: 2097152	Mean reward: 5.8794355392456055, 	Mean reward done: 2.7594168186187744
Step: 2105344	Mean reward: 6.482091426849365, 	Mean reward done: 2.5646612644195557
Step: 2113536	Mean reward: 7.149403095245361, 	Mean reward done: 3.479243516921997
Step: 2121728	Mean reward: 6.089393615722656, 	Mean reward done: 2.45214581489563
Step: 2129920	Mean reward: 6.8116655349731445, 	Mean reward done: 3.015934705734253
Step: 2138112	Mean reward: 6.907393932342529, 	Mean reward done: 3.2240049839019775
Step: 2146304	Mean reward: 6.643718242645264, 	Mean reward done: 2.8267295360565186
Step: 2154496	Mean reward: 6.494034767150879, 	Mean reward done: 3.1346919536590576
Step: 2162688	Mean reward: 6.5895514488220215, 	Mean reward done: 3.0461816787719727
Step: 2170880	Mean reward: 6.317327499389648, 	Mean reward done: 2.866725444793701
Step: 2179072	Mean reward: 6.4678826332092285, 	Mean reward done: 2.9431498050689697
Step: 2187264	Mean reward: 6.164501190185547, 	Mean reward done: 2.5037484169006348
Step: 2195456	Mean reward: 6.82789421081543, 	Mean reward done: 3.2057747840881348
Step: 2203648	Mean reward: 5.74603796005249, 	Mean reward done: 2.2435028553009033
Step: 2211840	Mean reward: 6.587760925292969, 	Mean reward done: 3.255992889404297
Step: 2220032	Mean reward: 6.528199672698975, 	Mean reward done: 2.785665988922119
Step: 2228224	Mean reward: 5.859481334686279, 	Mean reward done: 2.5125410556793213
Step: 2236416	Mean reward: 5.957055568695068, 	Mean reward done: 2.454434394836426
Step: 2244608	Mean reward: 6.0101704597473145, 	Mean reward done: 2.368650436401367
Step: 2252800	Mean reward: 6.38538122177124, 	Mean reward done: 2.713144540786743
Step: 2260992	Mean reward: 6.759151935577393, 	Mean reward done: 2.818145275115967
Step: 2269184	Mean reward: 6.610234260559082, 	Mean reward done: 3.1818716526031494
Step: 2277376	Mean reward: 7.2652177810668945, 	Mean reward done: 3.376101493835449
Step: 2285568	Mean reward: 6.815335273742676, 	Mean reward done: 2.9049673080444336
Step: 2293760	Mean reward: 6.653909683227539, 	Mean reward done: 3.035003423690796
Step: 2301952	Mean reward: 6.4798970222473145, 	Mean reward done: 2.7824785709381104
Step: 2310144	Mean reward: 6.980951309204102, 	Mean reward done: 3.276108741760254
Step: 2318336	Mean reward: 5.987610340118408, 	Mean reward done: 2.838170289993286
Step: 2326528	Mean reward: 6.523094177246094, 	Mean reward done: 3.123371124267578
Step: 2334720	Mean reward: 6.618919372558594, 	Mean reward done: 3.1805009841918945
Step: 2342912	Mean reward: 6.306369781494141, 	Mean reward done: 3.0042035579681396
Step: 2351104	Mean reward: 6.291086673736572, 	Mean reward done: 2.585303783416748
Step: 2359296	Mean reward: 5.959593772888184, 	Mean reward done: 2.3608412742614746
Step: 2367488	Mean reward: 6.548286437988281, 	Mean reward done: 2.5266149044036865
Step: 2375680	Mean reward: 6.381292343139648, 	Mean reward done: 3.0200695991516113
Step: 2383872	Mean reward: 6.280399799346924, 	Mean reward done: 2.276736259460449
Step: 2392064	Mean reward: 5.843347549438477, 	Mean reward done: 2.6307830810546875
Step: 2400256	Mean reward: 6.302237033843994, 	Mean reward done: 3.105534553527832
Step: 2408448	Mean reward: 6.747580528259277, 	Mean reward done: 2.9964981079101562
Step: 2416640	Mean reward: 6.065489768981934, 	Mean reward done: 2.5132553577423096
Step: 2424832	Mean reward: 6.479375839233398, 	Mean reward done: 2.693364143371582
Step: 2433024	Mean reward: 6.325547695159912, 	Mean reward done: 3.004544496536255
Step: 2441216	Mean reward: 6.508225440979004, 	Mean reward done: 3.091179847717285
Step: 2449408	Mean reward: 6.394481182098389, 	Mean reward done: 2.8898797035217285
Step: 2457600	Mean reward: 6.4762420654296875, 	Mean reward done: 3.0391347408294678
Step: 2465792	Mean reward: 6.634142875671387, 	Mean reward done: 3.6329917907714844
Step: 2473984	Mean reward: 7.116532802581787, 	Mean reward done: 3.343909502029419
Step: 2482176	Mean reward: 6.35983943939209, 	Mean reward done: 2.755028486251831
Step: 2490368	Mean reward: 6.7687225341796875, 	Mean reward done: 3.6595993041992188
Step: 2498560	Mean reward: 6.599109172821045, 	Mean reward done: 2.916059970855713
Step: 2506752	Mean reward: 6.478240013122559, 	Mean reward done: 3.0691440105438232
Step: 2514944	Mean reward: 6.440771579742432, 	Mean reward done: 3.3676960468292236
Step: 2523136	Mean reward: 6.274514198303223, 	Mean reward done: 2.7200353145599365
Step: 2531328	Mean reward: 6.206526279449463, 	Mean reward done: 3.332540273666382
Step: 2539520	Mean reward: 6.904204845428467, 	Mean reward done: 2.9137189388275146
Step: 2547712	Mean reward: 6.6829023361206055, 	Mean reward done: 3.0909416675567627
Step: 2555904	Mean reward: 6.614568710327148, 	Mean reward done: 3.074909210205078
Step: 2564096	Mean reward: 6.1154608726501465, 	Mean reward done: 2.677769660949707
Step: 2572288	Mean reward: 7.030069351196289, 	Mean reward done: 3.807126522064209
Step: 2580480	Mean reward: 6.697652816772461, 	Mean reward done: 2.840125560760498
Step: 2588672	Mean reward: 6.618603706359863, 	Mean reward done: 3.0479047298431396
Step: 2596864	Mean reward: 6.473205089569092, 	Mean reward done: 2.9763309955596924
Step: 2605056	Mean reward: 6.642702102661133, 	Mean reward done: 3.0791189670562744
Step: 2613248	Mean reward: 6.283735275268555, 	Mean reward done: 2.996624231338501
Step: 2621440	Mean reward: 6.516619682312012, 	Mean reward done: 3.1624300479888916
Step: 2629632	Mean reward: 6.706995010375977, 	Mean reward done: 2.8913137912750244
Step: 2637824	Mean reward: 6.4250593185424805, 	Mean reward done: 3.1579105854034424
Step: 2646016	Mean reward: 6.261199951171875, 	Mean reward done: 2.5784056186676025
Step: 2654208	Mean reward: 6.227440357208252, 	Mean reward done: 3.0895609855651855
Step: 2662400	Mean reward: 6.567413806915283, 	Mean reward done: 3.350764274597168
Step: 2670592	Mean reward: 6.52143669128418, 	Mean reward done: 2.966653347015381
Step: 2678784	Mean reward: 6.400177001953125, 	Mean reward done: 3.0133557319641113
Step: 2686976	Mean reward: 6.931591510772705, 	Mean reward done: 3.4881489276885986
Step: 2695168	Mean reward: 6.261167526245117, 	Mean reward done: 2.9819841384887695
Step: 2703360	Mean reward: 6.791751861572266, 	Mean reward done: 2.9778716564178467
Step: 2711552	Mean reward: 6.6377363204956055, 	Mean reward done: 3.1772360801696777
Step: 2719744	Mean reward: 5.780401229858398, 	Mean reward done: 2.5310144424438477
Step: 2727936	Mean reward: 6.51377010345459, 	Mean reward done: 3.0442352294921875
Step: 2736128	Mean reward: 6.669882297515869, 	Mean reward done: 3.083076238632202
Step: 2744320	Mean reward: 5.993333339691162, 	Mean reward done: 2.2377259731292725
Step: 2752512	Mean reward: 6.270141124725342, 	Mean reward done: 2.40195369720459
Step: 2760704	Mean reward: 6.213482856750488, 	Mean reward done: 3.0996286869049072
Step: 2768896	Mean reward: 6.071910381317139, 	Mean reward done: 2.8122520446777344
Step: 2777088	Mean reward: 6.421378135681152, 	Mean reward done: 2.6249895095825195
Step: 2785280	Mean reward: 6.398279666900635, 	Mean reward done: 3.48305344581604
Step: 2793472	Mean reward: 6.763370513916016, 	Mean reward done: 3.2452261447906494
Step: 2801664	Mean reward: 6.8640265464782715, 	Mean reward done: 2.9467852115631104
Step: 2809856	Mean reward: 6.466081142425537, 	Mean reward done: 2.9976730346679688
Step: 2818048	Mean reward: 6.866476535797119, 	Mean reward done: 3.521656036376953
Step: 2826240	Mean reward: 6.775524139404297, 	Mean reward done: 2.9486122131347656
Step: 2834432	Mean reward: 6.864209175109863, 	Mean reward done: 3.402954578399658
Step: 2842624	Mean reward: 6.796809673309326, 	Mean reward done: 3.5651419162750244
Step: 2850816	Mean reward: 6.758240699768066, 	Mean reward done: 3.7713255882263184
Step: 2859008	Mean reward: 6.1190104484558105, 	Mean reward done: 2.533733606338501
Step: 2867200	Mean reward: 6.370731353759766, 	Mean reward done: 3.3499996662139893
Step: 2875392	Mean reward: 6.694668769836426, 	Mean reward done: 3.7485976219177246
Step: 2883584	Mean reward: 6.723206043243408, 	Mean reward done: 3.244621992111206
Step: 2891776	Mean reward: 6.560360431671143, 	Mean reward done: 3.170306444168091
Step: 2899968	Mean reward: 6.4504804611206055, 	Mean reward done: 3.1268763542175293
Step: 2908160	Mean reward: 6.678663730621338, 	Mean reward done: 3.1813223361968994
Step: 2916352	Mean reward: 6.917133808135986, 	Mean reward done: 3.613854169845581
Step: 2924544	Mean reward: 6.2386579513549805, 	Mean reward done: 2.8063466548919678
Step: 2932736	Mean reward: 6.603374481201172, 	Mean reward done: 2.9284000396728516
Step: 2940928	Mean reward: 6.432559967041016, 	Mean reward done: 2.8597891330718994
Step: 2949120	Mean reward: 6.702693939208984, 	Mean reward done: 3.465142011642456
Step: 2957312	Mean reward: 6.644863605499268, 	Mean reward done: 3.234935998916626
Step: 2965504	Mean reward: 6.8302130699157715, 	Mean reward done: 3.2498531341552734
Step: 2973696	Mean reward: 6.509132385253906, 	Mean reward done: 3.590847969055176
Step: 2981888	Mean reward: 6.38798189163208, 	Mean reward done: 2.894310474395752
Step: 2990080	Mean reward: 6.991147041320801, 	Mean reward done: 3.5443878173828125
Step: 2998272	Mean reward: 6.851036071777344, 	Mean reward done: 3.0463502407073975
Step: 3006464	Mean reward: 6.639336585998535, 	Mean reward done: 3.486957550048828
Step: 3014656	Mean reward: 6.185953617095947, 	Mean reward done: 3.109509229660034
Step: 3022848	Mean reward: 6.839521408081055, 	Mean reward done: 3.7417447566986084
Step: 3031040	Mean reward: 6.44756555557251, 	Mean reward done: 3.4768035411834717
Step: 3039232	Mean reward: 7.109424591064453, 	Mean reward done: 3.605970859527588
Step: 3047424	Mean reward: 6.666627407073975, 	Mean reward done: 3.335050106048584
Step: 3055616	Mean reward: 6.734477519989014, 	Mean reward done: 3.519930839538574
Step: 3063808	Mean reward: 6.77164888381958, 	Mean reward done: 3.5123794078826904
Step: 3072000	Mean reward: 6.3310441970825195, 	Mean reward done: 3.4756760597229004
Step: 3080192	Mean reward: 6.702502727508545, 	Mean reward done: 3.27331280708313
Step: 3088384	Mean reward: 7.041361331939697, 	Mean reward done: 3.9014759063720703
Step: 3096576	Mean reward: 6.34031867980957, 	Mean reward done: 3.146817684173584
Step: 3104768	Mean reward: 6.773288249969482, 	Mean reward done: 3.45666241645813
Step: 3112960	Mean reward: 6.581204414367676, 	Mean reward done: 3.6110117435455322
Step: 3121152	Mean reward: 6.730556488037109, 	Mean reward done: 3.3255670070648193
Step: 3129344	Mean reward: 6.694756507873535, 	Mean reward done: 3.3232336044311523
Step: 3137536	Mean reward: 6.256500244140625, 	Mean reward done: 2.744767904281616
Step: 3145728	Mean reward: 6.708592414855957, 	Mean reward done: 3.5033135414123535
Step: 3153920	Mean reward: 7.261458873748779, 	Mean reward done: 3.8760616779327393
Step: 3162112	Mean reward: 6.666121006011963, 	Mean reward done: 3.530855655670166
Step: 3170304	Mean reward: 6.878631114959717, 	Mean reward done: 3.6111721992492676
Step: 3178496	Mean reward: 6.112666606903076, 	Mean reward done: 2.9197475910186768
Step: 3186688	Mean reward: 6.933732986450195, 	Mean reward done: 4.527162075042725
Step: 3194880	Mean reward: 6.6475348472595215, 	Mean reward done: 2.9833500385284424
Step: 3203072	Mean reward: 6.087986469268799, 	Mean reward done: 2.9094443321228027
Step: 3211264	Mean reward: 6.5688323974609375, 	Mean reward done: 3.328972101211548
Step: 3219456	Mean reward: 6.13447904586792, 	Mean reward done: 3.0422308444976807
Step: 3227648	Mean reward: 7.056056499481201, 	Mean reward done: 3.5819480419158936
Step: 3235840	Mean reward: 7.154035568237305, 	Mean reward done: 3.431593656539917
Step: 3244032	Mean reward: 6.227129936218262, 	Mean reward done: 3.435004472732544
Step: 3252224	Mean reward: 6.215162754058838, 	Mean reward done: 2.9332308769226074
Step: 3260416	Mean reward: 6.767248153686523, 	Mean reward done: 3.4588096141815186
Step: 3268608	Mean reward: 5.7704386711120605, 	Mean reward done: 2.8160290718078613
Step: 3276800	Mean reward: 6.894054889678955, 	Mean reward done: 3.3693532943725586
Step: 3284992	Mean reward: 5.958242416381836, 	Mean reward done: 3.124148368835449
Step: 3293184	Mean reward: 6.814833641052246, 	Mean reward done: 3.390371561050415
Step: 3301376	Mean reward: 6.55558443069458, 	Mean reward done: 3.3383049964904785
Step: 3309568	Mean reward: 6.716404914855957, 	Mean reward done: 3.252549648284912
Step: 3317760	Mean reward: 6.386348724365234, 	Mean reward done: 3.534635543823242
Step: 3325952	Mean reward: 6.699573516845703, 	Mean reward done: 3.6706554889678955
Step: 3334144	Mean reward: 6.3899617195129395, 	Mean reward done: 3.156689167022705
Step: 3342336	Mean reward: 6.571413040161133, 	Mean reward done: 3.2270326614379883
Step: 3350528	Mean reward: 6.436412811279297, 	Mean reward done: 3.265803098678589
Step: 3358720	Mean reward: 6.4038190841674805, 	Mean reward done: 3.1415786743164062
Step: 3366912	Mean reward: 6.594358921051025, 	Mean reward done: 3.6208033561706543
Step: 3375104	Mean reward: 6.519468307495117, 	Mean reward done: 3.898937702178955
Step: 3383296	Mean reward: 6.880724906921387, 	Mean reward done: 3.3029584884643555
Step: 3391488	Mean reward: 6.570776462554932, 	Mean reward done: 3.6413755416870117
Step: 3399680	Mean reward: 6.251239776611328, 	Mean reward done: 2.8613383769989014
Step: 3407872	Mean reward: 6.93066930770874, 	Mean reward done: 3.4297642707824707
Step: 3416064	Mean reward: 7.057511329650879, 	Mean reward done: 3.523681163787842
Step: 3424256	Mean reward: 6.839047431945801, 	Mean reward done: 3.714618682861328
Step: 3432448	Mean reward: 6.964815616607666, 	Mean reward done: 3.7747156620025635
Step: 3440640	Mean reward: 6.816672325134277, 	Mean reward done: 3.9350080490112305
Step: 3448832	Mean reward: 6.537747383117676, 	Mean reward done: 3.316946506500244
Step: 3457024	Mean reward: 6.636002063751221, 	Mean reward done: 3.363527297973633
Step: 3465216	Mean reward: 6.319465637207031, 	Mean reward done: 3.6054635047912598
Step: 3473408	Mean reward: 6.023980140686035, 	Mean reward done: 2.752573251724243
Step: 3481600	Mean reward: 6.699296474456787, 	Mean reward done: 3.5517444610595703
Step: 3489792	Mean reward: 6.564982891082764, 	Mean reward done: 3.5770630836486816
Step: 3497984	Mean reward: 6.562066078186035, 	Mean reward done: 3.5628676414489746
Step: 3506176	Mean reward: 6.626895427703857, 	Mean reward done: 3.6588640213012695
Step: 3514368	Mean reward: 6.431351661682129, 	Mean reward done: 3.129997491836548
Step: 3522560	Mean reward: 6.701639175415039, 	Mean reward done: 3.3743362426757812
Step: 3530752	Mean reward: 5.803003311157227, 	Mean reward done: 2.5278990268707275
Step: 3538944	Mean reward: 6.828069686889648, 	Mean reward done: 3.64316987991333
Step: 3547136	Mean reward: 6.401165008544922, 	Mean reward done: 3.3691563606262207
Step: 3555328	Mean reward: 6.207642555236816, 	Mean reward done: 2.785219669342041
Step: 3563520	Mean reward: 6.698520183563232, 	Mean reward done: 3.459040880203247
Step: 3571712	Mean reward: 6.334177494049072, 	Mean reward done: 3.048964023590088
Step: 3579904	Mean reward: 6.211516380310059, 	Mean reward done: 3.1334009170532227
Step: 3588096	Mean reward: 6.642404556274414, 	Mean reward done: 3.69887638092041
Step: 3596288	Mean reward: 6.146399021148682, 	Mean reward done: 3.076540231704712
Step: 3604480	Mean reward: 7.027046203613281, 	Mean reward done: 4.234645843505859
Step: 3612672	Mean reward: 5.938989162445068, 	Mean reward done: 2.9285316467285156
Step: 3620864	Mean reward: 5.796745300292969, 	Mean reward done: 2.682753324508667
Step: 3629056	Mean reward: 6.808310508728027, 	Mean reward done: 3.531179904937744
Step: 3637248	Mean reward: 6.594900608062744, 	Mean reward done: 3.34088397026062
Step: 3645440	Mean reward: 5.811168670654297, 	Mean reward done: 2.6025049686431885
Step: 3653632	Mean reward: 6.34107780456543, 	Mean reward done: 3.6046135425567627
Step: 3661824	Mean reward: 7.06864595413208, 	Mean reward done: 4.231837749481201
Step: 3670016	Mean reward: 6.712519645690918, 	Mean reward done: 3.5971896648406982
Step: 3678208	Mean reward: 6.1495537757873535, 	Mean reward done: 2.926456928253174
Step: 3686400	Mean reward: 6.518912315368652, 	Mean reward done: 3.3836097717285156
Step: 3694592	Mean reward: 6.41551399230957, 	Mean reward done: 3.383476734161377
Step: 3702784	Mean reward: 6.042802333831787, 	Mean reward done: 3.239469528198242
Step: 3710976	Mean reward: 6.590631484985352, 	Mean reward done: 3.3543989658355713
Step: 3719168	Mean reward: 6.518928527832031, 	Mean reward done: 3.1646313667297363
Step: 3727360	Mean reward: 6.506508827209473, 	Mean reward done: 3.4894297122955322
Step: 3735552	Mean reward: 6.482824325561523, 	Mean reward done: 3.7068419456481934
Step: 3743744	Mean reward: 6.767607688903809, 	Mean reward done: 3.5125081539154053
Step: 3751936	Mean reward: 6.633751392364502, 	Mean reward done: 3.1990082263946533
Step: 3760128	Mean reward: 6.750219821929932, 	Mean reward done: 4.013975620269775
Step: 3768320	Mean reward: 6.565977573394775, 	Mean reward done: 3.3153228759765625
Step: 3776512	Mean reward: 6.285223484039307, 	Mean reward done: 3.363055944442749
Step: 3784704	Mean reward: 6.382305145263672, 	Mean reward done: 3.5523600578308105
Step: 3792896	Mean reward: 6.55687141418457, 	Mean reward done: 3.197293519973755
Step: 3801088	Mean reward: 6.553069114685059, 	Mean reward done: 3.4486401081085205
Step: 3809280	Mean reward: 7.065225601196289, 	Mean reward done: 4.046115875244141
Step: 3817472	Mean reward: 6.859724521636963, 	Mean reward done: 4.232815742492676
Step: 3825664	Mean reward: 5.981512546539307, 	Mean reward done: 3.001483201980591
Step: 3833856	Mean reward: 6.465249061584473, 	Mean reward done: 3.600592613220215
Step: 3842048	Mean reward: 6.640573501586914, 	Mean reward done: 3.209774971008301
Step: 3850240	Mean reward: 6.677237033843994, 	Mean reward done: 4.038512229919434
Step: 3858432	Mean reward: 6.267385005950928, 	Mean reward done: 2.9598777294158936
Step: 3866624	Mean reward: 6.364222526550293, 	Mean reward done: 3.234816074371338
Step: 3874816	Mean reward: 6.579608917236328, 	Mean reward done: 3.3853116035461426
Step: 3883008	Mean reward: 6.093344688415527, 	Mean reward done: 3.3783395290374756
Step: 3891200	Mean reward: 6.583834648132324, 	Mean reward done: 3.4070866107940674
Step: 3899392	Mean reward: 6.302525520324707, 	Mean reward done: 3.200573444366455
Step: 3907584	Mean reward: 6.151214599609375, 	Mean reward done: 3.1216063499450684
Step: 3915776	Mean reward: 6.493870735168457, 	Mean reward done: 3.5039448738098145
Step: 3923968	Mean reward: 6.235949993133545, 	Mean reward done: 3.177086591720581
Step: 3932160	Mean reward: 6.096277713775635, 	Mean reward done: 3.148597240447998
Step: 3940352	Mean reward: 5.828682899475098, 	Mean reward done: 2.8536276817321777
Step: 3948544	Mean reward: 6.3208465576171875, 	Mean reward done: 3.4459383487701416
Step: 3956736	Mean reward: 6.7020368576049805, 	Mean reward done: 3.3149311542510986
Step: 3964928	Mean reward: 6.3954176902771, 	Mean reward done: 3.145233392715454
Step: 3973120	Mean reward: 6.736943244934082, 	Mean reward done: 3.493865966796875
Step: 3981312	Mean reward: 6.910648345947266, 	Mean reward done: 3.3725757598876953
Step: 3989504	Mean reward: 6.944937705993652, 	Mean reward done: 3.799898147583008
Step: 3997696	Mean reward: 6.684086322784424, 	Mean reward done: 3.5906803607940674
Step: 4005888	Mean reward: 6.269477367401123, 	Mean reward done: 3.187066078186035
Step: 4014080	Mean reward: 6.590771198272705, 	Mean reward done: 3.395909547805786
Step: 4022272	Mean reward: 6.842616081237793, 	Mean reward done: 3.870624303817749
Step: 4030464	Mean reward: 6.8081536293029785, 	Mean reward done: 3.2701973915100098
Step: 4038656	Mean reward: 6.44303560256958, 	Mean reward done: 3.5577056407928467
Step: 4046848	Mean reward: 6.381688594818115, 	Mean reward done: 3.743042469024658
Step: 4055040	Mean reward: 6.4950127601623535, 	Mean reward done: 3.640401840209961
Step: 4063232	Mean reward: 6.677046775817871, 	Mean reward done: 3.506340742111206
Step: 4071424	Mean reward: 6.469881534576416, 	Mean reward done: 3.3196427822113037
Step: 4079616	Mean reward: 6.817319393157959, 	Mean reward done: 4.004415512084961
Step: 4087808	Mean reward: 6.929574966430664, 	Mean reward done: 3.6485989093780518
Step: 4096000	Mean reward: 6.457710266113281, 	Mean reward done: 3.450773239135742
Step: 4104192	Mean reward: 6.689025402069092, 	Mean reward done: 3.4371354579925537
Step: 4112384	Mean reward: 6.267538070678711, 	Mean reward done: 3.849372386932373
Step: 4120576	Mean reward: 6.5955586433410645, 	Mean reward done: 3.1386525630950928
Step: 4128768	Mean reward: 6.68196964263916, 	Mean reward done: 3.129122734069824
Step: 4136960	Mean reward: 6.503888130187988, 	Mean reward done: 3.716034412384033
Step: 4145152	Mean reward: 6.316923141479492, 	Mean reward done: 3.526700735092163
Step: 4153344	Mean reward: 6.052341461181641, 	Mean reward done: 3.0983433723449707
Step: 4161536	Mean reward: 6.440329074859619, 	Mean reward done: 3.4876930713653564
Step: 4169728	Mean reward: 5.922825813293457, 	Mean reward done: 2.752317190170288
Step: 4177920	Mean reward: 6.72863245010376, 	Mean reward done: 3.8731751441955566
Step: 4186112	Mean reward: 6.540759086608887, 	Mean reward done: 3.4890451431274414
Step: 4194304	Mean reward: 6.498807430267334, 	Mean reward done: 3.542448043823242
Step: 4202496	Mean reward: 6.272358417510986, 	Mean reward done: 3.6095385551452637
Step: 4210688	Mean reward: 6.794006824493408, 	Mean reward done: 3.248183488845825
Step: 4218880	Mean reward: 5.598738193511963, 	Mean reward done: 2.962707042694092
Step: 4227072	Mean reward: 6.750913619995117, 	Mean reward done: 3.8830487728118896
Step: 4235264	Mean reward: 6.435873508453369, 	Mean reward done: 3.8043272495269775
Step: 4243456	Mean reward: 6.403437614440918, 	Mean reward done: 3.075782299041748
Step: 4251648	Mean reward: 6.150404453277588, 	Mean reward done: 3.1137866973876953
Step: 4259840	Mean reward: 6.768486499786377, 	Mean reward done: 3.54079532623291
Step: 4268032	Mean reward: 6.814176559448242, 	Mean reward done: 3.829735279083252
Step: 4276224	Mean reward: 6.646092891693115, 	Mean reward done: 3.903481960296631
Step: 4284416	Mean reward: 6.545298099517822, 	Mean reward done: 3.661801338195801
Step: 4292608	Mean reward: 6.590998649597168, 	Mean reward done: 3.4444918632507324
Step: 4300800	Mean reward: 6.916586875915527, 	Mean reward done: 3.83182692527771
Step: 4308992	Mean reward: 5.774356842041016, 	Mean reward done: 3.1607673168182373
Step: 4317184	Mean reward: 5.861321926116943, 	Mean reward done: 2.948364734649658
Step: 4325376	Mean reward: 6.507601737976074, 	Mean reward done: 3.5724194049835205
Step: 4333568	Mean reward: 6.408748626708984, 	Mean reward done: 3.7947371006011963
Step: 4341760	Mean reward: 6.589125633239746, 	Mean reward done: 3.3098528385162354
Step: 4349952	Mean reward: 6.817211627960205, 	Mean reward done: 3.7709848880767822
Step: 4358144	Mean reward: 6.409140110015869, 	Mean reward done: 3.5876691341400146
Step: 4366336	Mean reward: 6.012465000152588, 	Mean reward done: 2.976529121398926
Step: 4374528	Mean reward: 6.175929069519043, 	Mean reward done: 3.725465774536133
Step: 4382720	Mean reward: 6.078153133392334, 	Mean reward done: 3.3120028972625732
Step: 4390912	Mean reward: 6.4233479499816895, 	Mean reward done: 3.4147205352783203
Step: 4399104	Mean reward: 6.450254440307617, 	Mean reward done: 3.2957255840301514
Step: 4407296	Mean reward: 6.180217266082764, 	Mean reward done: 2.9665699005126953
Step: 4415488	Mean reward: 6.218242645263672, 	Mean reward done: 3.152444362640381
Step: 4423680	Mean reward: 6.447922706604004, 	Mean reward done: 3.835878610610962
Step: 4431872	Mean reward: 6.714536190032959, 	Mean reward done: 3.493546485900879
Step: 4440064	Mean reward: 6.260380744934082, 	Mean reward done: 3.631852388381958
Step: 4448256	Mean reward: 6.767908573150635, 	Mean reward done: 3.4889047145843506
Step: 4456448	Mean reward: 6.390727996826172, 	Mean reward done: 3.640632390975952
Step: 4464640	Mean reward: 6.1582560539245605, 	Mean reward done: 3.0182831287384033
Step: 4472832	Mean reward: 6.474518775939941, 	Mean reward done: 3.338921070098877
Step: 4481024	Mean reward: 6.1946001052856445, 	Mean reward done: 3.359807014465332
Step: 4489216	Mean reward: 6.951122283935547, 	Mean reward done: 4.075625419616699
Step: 4497408	Mean reward: 6.257552146911621, 	Mean reward done: 3.351109504699707
Step: 4505600	Mean reward: 6.284814834594727, 	Mean reward done: 3.5693886280059814
Step: 4513792	Mean reward: 6.139261722564697, 	Mean reward done: 3.2678799629211426
Step: 4521984	Mean reward: 6.607778549194336, 	Mean reward done: 3.2623353004455566
Step: 4530176	Mean reward: 6.078644752502441, 	Mean reward done: 3.514724016189575
Step: 4538368	Mean reward: 6.536665916442871, 	Mean reward done: 3.1005988121032715
Step: 4546560	Mean reward: 6.247640609741211, 	Mean reward done: 3.2915120124816895
Step: 4554752	Mean reward: 6.514153957366943, 	Mean reward done: 3.676184892654419
Step: 4562944	Mean reward: 6.129219055175781, 	Mean reward done: 3.0997366905212402
Step: 4571136	Mean reward: 6.5680999755859375, 	Mean reward done: 3.3071906566619873
Step: 4579328	Mean reward: 6.786104679107666, 	Mean reward done: 3.5023279190063477
Step: 4587520	Mean reward: 6.49606990814209, 	Mean reward done: 3.8986010551452637
Step: 4595712	Mean reward: 6.559828281402588, 	Mean reward done: 3.58589506149292
Step: 4603904	Mean reward: 6.700510025024414, 	Mean reward done: 4.0671563148498535
Step: 4612096	Mean reward: 6.085935592651367, 	Mean reward done: 3.0278398990631104
Step: 4620288	Mean reward: 6.428176403045654, 	Mean reward done: 3.399541139602661
Step: 4628480	Mean reward: 6.616646766662598, 	Mean reward done: 3.8668768405914307
Step: 4636672	Mean reward: 6.251748561859131, 	Mean reward done: 3.0566747188568115
Step: 4644864	Mean reward: 6.365070343017578, 	Mean reward done: 3.4203109741210938
Step: 4653056	Mean reward: 5.952722072601318, 	Mean reward done: 3.2466485500335693
Step: 4661248	Mean reward: 6.285732746124268, 	Mean reward done: 3.525991439819336
Step: 4669440	Mean reward: 5.894184112548828, 	Mean reward done: 2.593409538269043
Step: 4677632	Mean reward: 6.027331352233887, 	Mean reward done: 2.689410448074341
Step: 4685824	Mean reward: 6.121918678283691, 	Mean reward done: 3.192873477935791
Step: 4694016	Mean reward: 6.33974552154541, 	Mean reward done: 3.8102002143859863
Step: 4702208	Mean reward: 6.785332202911377, 	Mean reward done: 3.584855318069458
Step: 4710400	Mean reward: 6.515583038330078, 	Mean reward done: 3.9356813430786133
Step: 4718592	Mean reward: 6.549989223480225, 	Mean reward done: 3.3646514415740967
Step: 4726784	Mean reward: 6.291554927825928, 	Mean reward done: 3.3662850856781006
Step: 4734976	Mean reward: 6.366170883178711, 	Mean reward done: 3.2465288639068604
Step: 4743168	Mean reward: 5.851255893707275, 	Mean reward done: 2.931971311569214
Step: 4751360	Mean reward: 6.07010555267334, 	Mean reward done: 3.100858449935913
Step: 4759552	Mean reward: 6.611273765563965, 	Mean reward done: 2.988546371459961
Step: 4767744	Mean reward: 6.162783622741699, 	Mean reward done: 2.891183853149414
Step: 4775936	Mean reward: 6.6085205078125, 	Mean reward done: 3.129929780960083
Step: 4784128	Mean reward: 6.3215107917785645, 	Mean reward done: 3.502974510192871
Step: 4792320	Mean reward: 6.433618068695068, 	Mean reward done: 3.147120237350464
Step: 4800512	Mean reward: 6.270907402038574, 	Mean reward done: 3.407822370529175
Step: 4808704	Mean reward: 6.2410569190979, 	Mean reward done: 2.9352893829345703
Step: 4816896	Mean reward: 6.3443098068237305, 	Mean reward done: 3.6525657176971436
Step: 4825088	Mean reward: 6.483937740325928, 	Mean reward done: 3.590049982070923
Step: 4833280	Mean reward: 6.424732685089111, 	Mean reward done: 3.387930154800415
Step: 4841472	Mean reward: 5.844704627990723, 	Mean reward done: 2.942117929458618
Step: 4849664	Mean reward: 6.706610679626465, 	Mean reward done: 4.048972129821777
Step: 4857856	Mean reward: 6.485238552093506, 	Mean reward done: 3.179410457611084
Step: 4866048	Mean reward: 6.596827030181885, 	Mean reward done: 3.469813823699951
Step: 4874240	Mean reward: 6.233918190002441, 	Mean reward done: 3.343538761138916
Step: 4882432	Mean reward: 6.553973197937012, 	Mean reward done: 3.534285545349121
Step: 4890624	Mean reward: 6.637371063232422, 	Mean reward done: 3.367603063583374
Step: 4898816	Mean reward: 6.172134876251221, 	Mean reward done: 3.174424171447754
Step: 4907008	Mean reward: 6.369992733001709, 	Mean reward done: 3.296208381652832
Step: 4915200	Mean reward: 6.4721150398254395, 	Mean reward done: 3.7612030506134033
Step: 4923392	Mean reward: 6.375978469848633, 	Mean reward done: 3.216365098953247
Step: 4931584	Mean reward: 6.695798397064209, 	Mean reward done: 3.7537848949432373
Step: 4939776	Mean reward: 6.485037803649902, 	Mean reward done: 3.5907177925109863
Step: 4947968	Mean reward: 6.72764253616333, 	Mean reward done: 3.0961031913757324
Step: 4956160	Mean reward: 6.5933122634887695, 	Mean reward done: 3.5800399780273438
Step: 4964352	Mean reward: 6.091309070587158, 	Mean reward done: 3.6469223499298096
Step: 4972544	Mean reward: 6.759146690368652, 	Mean reward done: 3.5258936882019043
Step: 4980736	Mean reward: 6.5487494468688965, 	Mean reward done: 3.746967077255249
Step: 4988928	Mean reward: 6.7254638671875, 	Mean reward done: 3.342298984527588
Step: 4997120	Mean reward: 6.590907573699951, 	Mean reward done: 3.938995838165283
Step: 5005312	Mean reward: 6.296486854553223, 	Mean reward done: 3.1529576778411865
Step: 5013504	Mean reward: 6.474180698394775, 	Mean reward done: 2.8302969932556152
Step: 5021696	Mean reward: 6.454463005065918, 	Mean reward done: 3.970040798187256
Step: 5029888	Mean reward: 6.253541946411133, 	Mean reward done: 2.8960390090942383
Step: 5038080	Mean reward: 6.365634918212891, 	Mean reward done: 3.669344663619995
Step: 5046272	Mean reward: 6.532770156860352, 	Mean reward done: 4.2877278327941895
Step: 5054464	Mean reward: 6.116820812225342, 	Mean reward done: 2.708653688430786
Step: 5062656	Mean reward: 6.2386088371276855, 	Mean reward done: 3.5913498401641846
Step: 5070848	Mean reward: 6.7910475730896, 	Mean reward done: 4.20130729675293
Step: 5079040	Mean reward: 6.909477233886719, 	Mean reward done: 4.553049087524414
Step: 5087232	Mean reward: 6.37080192565918, 	Mean reward done: 2.97868275642395
Step: 5095424	Mean reward: 6.342074871063232, 	Mean reward done: 4.307910919189453
Step: 5103616	Mean reward: 6.330733776092529, 	Mean reward done: 3.1199684143066406
Step: 5111808	Mean reward: 6.3015899658203125, 	Mean reward done: 3.326098918914795
Step: 5120000	Mean reward: 6.291235446929932, 	Mean reward done: 3.235604763031006
Step: 5128192	Mean reward: 6.102001190185547, 	Mean reward done: 2.9891960620880127
Step: 5136384	Mean reward: 6.344992637634277, 	Mean reward done: 3.0755069255828857
Step: 5144576	Mean reward: 6.062675952911377, 	Mean reward done: 3.098597526550293
Step: 5152768	Mean reward: 6.014892578125, 	Mean reward done: 3.346031427383423
Step: 5160960	Mean reward: 6.032437324523926, 	Mean reward done: 2.913804531097412
Step: 5169152	Mean reward: 6.154422760009766, 	Mean reward done: 3.376645088195801
Step: 5177344	Mean reward: 6.144655227661133, 	Mean reward done: 3.4663352966308594
Step: 5185536	Mean reward: 6.6967620849609375, 	Mean reward done: 3.7110514640808105
Step: 5193728	Mean reward: 6.694662570953369, 	Mean reward done: 3.377018928527832
Step: 5201920	Mean reward: 6.45885705947876, 	Mean reward done: 3.2559916973114014
Step: 5210112	Mean reward: 6.289037227630615, 	Mean reward done: 3.072664499282837
Step: 5218304	Mean reward: 6.325481414794922, 	Mean reward done: 3.364213228225708
Step: 5226496	Mean reward: 6.315009593963623, 	Mean reward done: 3.363631010055542
Step: 5234688	Mean reward: 6.2197699546813965, 	Mean reward done: 3.6844067573547363
Step: 5242880	Mean reward: 5.9005279541015625, 	Mean reward done: 2.93855619430542
Step: 5251072	Mean reward: 6.368468284606934, 	Mean reward done: 3.995913028717041
Step: 5259264	Mean reward: 6.3106303215026855, 	Mean reward done: 3.6624772548675537
Step: 5267456	Mean reward: 5.719601631164551, 	Mean reward done: 3.3926022052764893
Step: 5275648	Mean reward: 6.2344865798950195, 	Mean reward done: 3.0088107585906982
Step: 5283840	Mean reward: 6.430217742919922, 	Mean reward done: 3.4093310832977295
Step: 5292032	Mean reward: 6.0828070640563965, 	Mean reward done: 3.3658196926116943
Step: 5300224	Mean reward: 6.3534440994262695, 	Mean reward done: 3.5322890281677246
Step: 5308416	Mean reward: 6.202539920806885, 	Mean reward done: 3.2119803428649902
Step: 5316608	Mean reward: 5.697018146514893, 	Mean reward done: 3.1338298320770264
Step: 5324800	Mean reward: 5.753162860870361, 	Mean reward done: 2.9007458686828613
Step: 5332992	Mean reward: 6.107710838317871, 	Mean reward done: 2.9883806705474854
Step: 5341184	Mean reward: 6.443821907043457, 	Mean reward done: 3.14553165435791
Step: 5349376	Mean reward: 5.86306619644165, 	Mean reward done: 3.180894613265991
Step: 5357568	Mean reward: 6.208834648132324, 	Mean reward done: 3.1106507778167725
Step: 5365760	Mean reward: 6.246030807495117, 	Mean reward done: 3.3972902297973633
Step: 5373952	Mean reward: 6.0113091468811035, 	Mean reward done: 3.3110508918762207
Step: 5382144	Mean reward: 6.281973838806152, 	Mean reward done: 3.6940879821777344
Step: 5390336	Mean reward: 6.225106716156006, 	Mean reward done: 3.063481092453003
Step: 5398528	Mean reward: 6.186642169952393, 	Mean reward done: 3.06840181350708
Step: 5406720	Mean reward: 6.745251655578613, 	Mean reward done: 3.4255616664886475
Step: 5414912	Mean reward: 6.248409271240234, 	Mean reward done: 3.769442558288574
Step: 5423104	Mean reward: 5.9575910568237305, 	Mean reward done: 3.206019163131714
Step: 5431296	Mean reward: 6.255786418914795, 	Mean reward done: 3.660102128982544
Step: 5439488	Mean reward: 6.207505226135254, 	Mean reward done: 3.100637674331665
Step: 5447680	Mean reward: 6.4117326736450195, 	Mean reward done: 3.504518508911133
Step: 5455872	Mean reward: 6.1956787109375, 	Mean reward done: 3.160830497741699
Step: 5464064	Mean reward: 6.316011905670166, 	Mean reward done: 3.619813919067383
Step: 5472256	Mean reward: 6.184244155883789, 	Mean reward done: 3.107667922973633
Step: 5480448	Mean reward: 6.081066131591797, 	Mean reward done: 3.6599879264831543
Step: 5488640	Mean reward: 6.014897346496582, 	Mean reward done: 3.4744985103607178
Step: 5496832	Mean reward: 6.321218967437744, 	Mean reward done: 3.6314585208892822
Step: 5505024	Mean reward: 6.804470062255859, 	Mean reward done: 4.041503429412842
Step: 5513216	Mean reward: 6.503908157348633, 	Mean reward done: 3.481020450592041
Step: 5521408	Mean reward: 6.6975555419921875, 	Mean reward done: 3.923206329345703
Step: 5529600	Mean reward: 6.145501136779785, 	Mean reward done: 3.421923875808716
Step: 5537792	Mean reward: 6.302570819854736, 	Mean reward done: 3.2886033058166504
Step: 5545984	Mean reward: 6.357359886169434, 	Mean reward done: 2.747410297393799
Step: 5554176	Mean reward: 6.720247745513916, 	Mean reward done: 3.7239041328430176
Step: 5562368	Mean reward: 6.095897674560547, 	Mean reward done: 2.8307929039001465
Step: 5570560	Mean reward: 6.077099323272705, 	Mean reward done: 2.8221750259399414
Step: 5578752	Mean reward: 6.812032222747803, 	Mean reward done: 3.779806613922119
Step: 5586944	Mean reward: 6.3914055824279785, 	Mean reward done: 2.9592416286468506
Step: 5595136	Mean reward: 6.185863018035889, 	Mean reward done: 3.355720281600952
Step: 5603328	Mean reward: 6.696006774902344, 	Mean reward done: 3.185253858566284
Step: 5611520	Mean reward: 6.025694370269775, 	Mean reward done: 3.4405975341796875
Step: 5619712	Mean reward: 6.276005744934082, 	Mean reward done: 3.390590190887451
Step: 5627904	Mean reward: 6.488149642944336, 	Mean reward done: 3.39512300491333
Step: 5636096	Mean reward: 6.236861705780029, 	Mean reward done: 3.0851221084594727
Step: 5644288	Mean reward: 6.552220344543457, 	Mean reward done: 3.34814190864563
Step: 5652480	Mean reward: 6.1143798828125, 	Mean reward done: 3.3437039852142334
Step: 5660672	Mean reward: 6.2068891525268555, 	Mean reward done: 3.5060882568359375
Step: 5668864	Mean reward: 6.038843154907227, 	Mean reward done: 3.1183629035949707
Step: 5677056	Mean reward: 6.418792724609375, 	Mean reward done: 3.2032012939453125
Step: 5685248	Mean reward: 5.814064025878906, 	Mean reward done: 2.8489842414855957
Step: 5693440	Mean reward: 6.017951488494873, 	Mean reward done: 3.265918016433716
Step: 5701632	Mean reward: 5.91561222076416, 	Mean reward done: 3.334691047668457
Step: 5709824	Mean reward: 5.794682025909424, 	Mean reward done: 2.7178053855895996
Step: 5718016	Mean reward: 6.29559850692749, 	Mean reward done: 3.538559675216675
Step: 5726208	Mean reward: 5.923219203948975, 	Mean reward done: 2.847106456756592
Step: 5734400	Mean reward: 6.12668514251709, 	Mean reward done: 3.2660179138183594
Step: 5742592	Mean reward: 5.38380241394043, 	Mean reward done: 2.8574376106262207
Step: 5750784	Mean reward: 6.2003984451293945, 	Mean reward done: 3.57667875289917
Step: 5758976	Mean reward: 6.134916305541992, 	Mean reward done: 3.5098650455474854
Step: 5767168	Mean reward: 6.115406036376953, 	Mean reward done: 3.264024257659912
Step: 5775360	Mean reward: 6.031491279602051, 	Mean reward done: 3.323509931564331
Step: 5783552	Mean reward: 6.151569366455078, 	Mean reward done: 3.3835198879241943
Step: 5791744	Mean reward: 6.336224555969238, 	Mean reward done: 3.4247756004333496
Step: 5799936	Mean reward: 5.936550617218018, 	Mean reward done: 3.1097323894500732
Step: 5808128	Mean reward: 6.094400882720947, 	Mean reward done: 3.3100247383117676
Step: 5816320	Mean reward: 6.510289669036865, 	Mean reward done: 3.6106462478637695
Step: 5824512	Mean reward: 6.285669803619385, 	Mean reward done: 3.487399101257324
Step: 5832704	Mean reward: 6.0714311599731445, 	Mean reward done: 3.598055839538574
Step: 5840896	Mean reward: 5.97831916809082, 	Mean reward done: 2.883340358734131
Step: 5849088	Mean reward: 6.848902702331543, 	Mean reward done: 4.002147674560547
Step: 5857280	Mean reward: 6.068304061889648, 	Mean reward done: 3.0843353271484375
Step: 5865472	Mean reward: 6.160472869873047, 	Mean reward done: 3.3041129112243652
Step: 5873664	Mean reward: 5.770915985107422, 	Mean reward done: 2.9873526096343994
Step: 5881856	Mean reward: 6.233431816101074, 	Mean reward done: 3.0217771530151367
Step: 5890048	Mean reward: 5.732936382293701, 	Mean reward done: 2.8664679527282715
Step: 5898240	Mean reward: 6.1960625648498535, 	Mean reward done: 3.2801761627197266
Step: 5906432	Mean reward: 5.944978713989258, 	Mean reward done: 3.4601857662200928
Step: 5914624	Mean reward: 6.258792400360107, 	Mean reward done: 3.188802719116211
Step: 5922816	Mean reward: 5.989038944244385, 	Mean reward done: 3.322359085083008
Step: 5931008	Mean reward: 5.868239402770996, 	Mean reward done: 3.312068462371826
Step: 5939200	Mean reward: 6.330728054046631, 	Mean reward done: 3.473879814147949
Step: 5947392	Mean reward: 5.830368995666504, 	Mean reward done: 2.8334357738494873
Step: 5955584	Mean reward: 6.810368061065674, 	Mean reward done: 3.3527534008026123
Step: 5963776	Mean reward: 5.8095808029174805, 	Mean reward done: 3.000379800796509
Step: 5971968	Mean reward: 5.95761775970459, 	Mean reward done: 2.5956647396087646
Step: 5980160	Mean reward: 6.152349948883057, 	Mean reward done: 3.260439872741699
Step: 5988352	Mean reward: 5.5418925285339355, 	Mean reward done: 3.04850172996521
Step: 5996544	Mean reward: 5.847484111785889, 	Mean reward done: 2.8558919429779053
Step: 6004736	Mean reward: 5.874964237213135, 	Mean reward done: 3.267467737197876
Step: 6012928	Mean reward: 6.05058479309082, 	Mean reward done: 3.2612099647521973
Step: 6021120	Mean reward: 6.216817855834961, 	Mean reward done: 3.230987071990967
Step: 6029312	Mean reward: 6.290150165557861, 	Mean reward done: 3.060276985168457
Step: 6037504	Mean reward: 6.058197498321533, 	Mean reward done: 3.097698211669922
Step: 6045696	Mean reward: 5.919353485107422, 	Mean reward done: 3.197067975997925
Step: 6053888	Mean reward: 5.659739971160889, 	Mean reward done: 2.750495672225952
Step: 6062080	Mean reward: 6.2791852951049805, 	Mean reward done: 2.9191904067993164
Step: 6070272	Mean reward: 6.05657958984375, 	Mean reward done: 2.9651029109954834
Step: 6078464	Mean reward: 5.843501567840576, 	Mean reward done: 3.215312957763672
Step: 6086656	Mean reward: 6.157763957977295, 	Mean reward done: 2.5611114501953125
Step: 6094848	Mean reward: 5.935727119445801, 	Mean reward done: 2.646576166152954
Step: 6103040	Mean reward: 6.332616806030273, 	Mean reward done: 3.8873965740203857
Step: 6111232	Mean reward: 6.081778049468994, 	Mean reward done: 3.134856700897217
Step: 6119424	Mean reward: 6.155498027801514, 	Mean reward done: 3.0376973152160645
Step: 6127616	Mean reward: 6.265968322753906, 	Mean reward done: 3.6482157707214355
Step: 6135808	Mean reward: 6.3202714920043945, 	Mean reward done: 3.59365177154541
Step: 6144000	Mean reward: 6.2539825439453125, 	Mean reward done: 3.9607059955596924
Step: 6152192	Mean reward: 6.280406951904297, 	Mean reward done: 3.478853940963745
Step: 6160384	Mean reward: 6.648684501647949, 	Mean reward done: 4.290873050689697
Step: 6168576	Mean reward: 5.834619998931885, 	Mean reward done: 2.945007801055908
Step: 6176768	Mean reward: 6.147545337677002, 	Mean reward done: 3.2183825969696045
Step: 6184960	Mean reward: 6.137917518615723, 	Mean reward done: 3.127415180206299
Step: 6193152	Mean reward: 6.2945075035095215, 	Mean reward done: 4.099429130554199
Step: 6201344	Mean reward: 5.997946739196777, 	Mean reward done: 2.9512927532196045
Step: 6209536	Mean reward: 6.495424747467041, 	Mean reward done: 3.529118537902832
Step: 6217728	Mean reward: 6.844432353973389, 	Mean reward done: 4.2001261711120605
Step: 6225920	Mean reward: 6.592807292938232, 	Mean reward done: 4.0010223388671875
Step: 6234112	Mean reward: 6.295809268951416, 	Mean reward done: 3.425981044769287
Step: 6242304	Mean reward: 6.27669095993042, 	Mean reward done: 3.242039680480957
Step: 6250496	Mean reward: 6.662463188171387, 	Mean reward done: 4.358710289001465
Step: 6258688	Mean reward: 6.383800983428955, 	Mean reward done: 3.6002931594848633
Step: 6266880	Mean reward: 5.9961442947387695, 	Mean reward done: 3.0471951961517334
Step: 6275072	Mean reward: 5.931532382965088, 	Mean reward done: 2.8137927055358887
Step: 6283264	Mean reward: 6.6775407791137695, 	Mean reward done: 3.4999501705169678
Step: 6291456	Mean reward: 6.225100994110107, 	Mean reward done: 3.44559907913208
Step: 6299648	Mean reward: 5.8929443359375, 	Mean reward done: 3.2288436889648438
Step: 6307840	Mean reward: 6.214922904968262, 	Mean reward done: 2.8895561695098877
Step: 6316032	Mean reward: 5.984489440917969, 	Mean reward done: 3.5300822257995605
Step: 6324224	Mean reward: 6.360750198364258, 	Mean reward done: 3.557783603668213
Step: 6332416	Mean reward: 6.993283271789551, 	Mean reward done: 4.160696983337402
Step: 6340608	Mean reward: 6.328854560852051, 	Mean reward done: 3.477959394454956
Step: 6348800	Mean reward: 6.189700603485107, 	Mean reward done: 3.325549602508545
Step: 6356992	Mean reward: 5.968063831329346, 	Mean reward done: 3.5380778312683105
Step: 6365184	Mean reward: 6.3445916175842285, 	Mean reward done: 3.435121536254883
Step: 6373376	Mean reward: 6.031308650970459, 	Mean reward done: 3.757309675216675
Step: 6381568	Mean reward: 6.370254039764404, 	Mean reward done: 3.5704381465911865
Step: 6389760	Mean reward: 6.157736778259277, 	Mean reward done: 3.3385050296783447
Step: 6397952	Mean reward: 6.349567413330078, 	Mean reward done: 3.445854663848877
Step: 6406144	Mean reward: 6.421557903289795, 	Mean reward done: 3.4036970138549805
Step: 6414336	Mean reward: 6.741703510284424, 	Mean reward done: 3.9877593517303467
Step: 6422528	Mean reward: 6.179892539978027, 	Mean reward done: 3.321803569793701
Step: 6430720	Mean reward: 5.765937805175781, 	Mean reward done: 3.2930736541748047
Step: 6438912	Mean reward: 6.022626876831055, 	Mean reward done: 3.200287342071533
Step: 6447104	Mean reward: 6.114304065704346, 	Mean reward done: 3.42973256111145
Step: 6455296	Mean reward: 6.398247241973877, 	Mean reward done: 3.5877277851104736
Step: 6463488	Mean reward: 6.54420804977417, 	Mean reward done: 3.5443992614746094
Step: 6471680	Mean reward: 5.973670959472656, 	Mean reward done: 3.2544772624969482
Step: 6479872	Mean reward: 6.413601875305176, 	Mean reward done: 3.505769968032837
Step: 6488064	Mean reward: 6.14662504196167, 	Mean reward done: 3.2124521732330322
Step: 6496256	Mean reward: 6.466742038726807, 	Mean reward done: 3.70346999168396
Step: 6504448	Mean reward: 6.263230323791504, 	Mean reward done: 3.524402141571045
Step: 6512640	Mean reward: 6.363541603088379, 	Mean reward done: 3.861067533493042
Step: 6520832	Mean reward: 5.78485107421875, 	Mean reward done: 2.912292242050171
Step: 6529024	Mean reward: 6.123730182647705, 	Mean reward done: 3.406400442123413
Step: 6537216	Mean reward: 6.3887939453125, 	Mean reward done: 3.6710333824157715
Step: 6545408	Mean reward: 6.6257853507995605, 	Mean reward done: 3.9589803218841553
Step: 6553600	Mean reward: 6.358543872833252, 	Mean reward done: 3.1479692459106445
Step: 6561792	Mean reward: 5.844578266143799, 	Mean reward done: 3.378800392150879
Step: 6569984	Mean reward: 6.127620697021484, 	Mean reward done: 3.5675711631774902
Step: 6578176	Mean reward: 5.8798723220825195, 	Mean reward done: 2.98801851272583
Step: 6586368	Mean reward: 5.916325092315674, 	Mean reward done: 3.3138129711151123
Step: 6594560	Mean reward: 6.52957010269165, 	Mean reward done: 3.533413887023926
Step: 6602752	Mean reward: 6.391173839569092, 	Mean reward done: 3.3146164417266846
Step: 6610944	Mean reward: 6.298942565917969, 	Mean reward done: 3.408876657485962
Step: 6619136	Mean reward: 5.602644443511963, 	Mean reward done: 2.6977243423461914
Step: 6627328	Mean reward: 6.700901508331299, 	Mean reward done: 3.8470704555511475
Step: 6635520	Mean reward: 6.287870407104492, 	Mean reward done: 3.026474714279175
Step: 6643712	Mean reward: 6.55244255065918, 	Mean reward done: 3.7002456188201904
Step: 6651904	Mean reward: 6.478151321411133, 	Mean reward done: 3.535679340362549
Step: 6660096	Mean reward: 6.449618816375732, 	Mean reward done: 3.242344856262207
Step: 6668288	Mean reward: 5.726149082183838, 	Mean reward done: 3.421051263809204
Step: 6676480	Mean reward: 6.018150806427002, 	Mean reward done: 3.052520990371704
Step: 6684672	Mean reward: 6.382931709289551, 	Mean reward done: 4.128787040710449
Step: 6692864	Mean reward: 6.225653648376465, 	Mean reward done: 3.7908453941345215
Step: 6701056	Mean reward: 6.544281005859375, 	Mean reward done: 3.7641773223876953
Step: 6709248	Mean reward: 6.533302307128906, 	Mean reward done: 3.7372219562530518
Step: 6717440	Mean reward: 6.440752029418945, 	Mean reward done: 3.7319812774658203
Step: 6725632	Mean reward: 6.531492233276367, 	Mean reward done: 3.508582353591919
Step: 6733824	Mean reward: 6.265408039093018, 	Mean reward done: 3.230120897293091
Step: 6742016	Mean reward: 5.826335430145264, 	Mean reward done: 3.08211350440979
Step: 6750208	Mean reward: 5.790173530578613, 	Mean reward done: 3.2718148231506348
Step: 6758400	Mean reward: 5.77173376083374, 	Mean reward done: 3.0685172080993652
Step: 6766592	Mean reward: 6.310519695281982, 	Mean reward done: 3.0905721187591553
Step: 6774784	Mean reward: 6.3736958503723145, 	Mean reward done: 3.348924398422241
Step: 6782976	Mean reward: 6.655879020690918, 	Mean reward done: 3.787489175796509
Step: 6791168	Mean reward: 6.3080878257751465, 	Mean reward done: 3.855447292327881
Step: 6799360	Mean reward: 5.813688278198242, 	Mean reward done: 2.7957961559295654
Step: 6807552	Mean reward: 6.424901008605957, 	Mean reward done: 3.9364700317382812
Step: 6815744	Mean reward: 6.232625961303711, 	Mean reward done: 3.5558507442474365
Step: 6823936	Mean reward: 6.286224365234375, 	Mean reward done: 3.1917672157287598
Step: 6832128	Mean reward: 5.555952548980713, 	Mean reward done: 2.7726545333862305
Step: 6840320	Mean reward: 6.158154010772705, 	Mean reward done: 3.961745262145996
Step: 6848512	Mean reward: 6.138973712921143, 	Mean reward done: 3.072526693344116
Step: 6856704	Mean reward: 6.247560024261475, 	Mean reward done: 3.5144383907318115
Step: 6864896	Mean reward: 5.872808456420898, 	Mean reward done: 3.361968755722046
Step: 6873088	Mean reward: 5.991364479064941, 	Mean reward done: 3.517760992050171
Step: 6881280	Mean reward: 6.072603702545166, 	Mean reward done: 3.488403558731079
Step: 6889472	Mean reward: 6.382120609283447, 	Mean reward done: 3.4858474731445312
Step: 6897664	Mean reward: 5.861386299133301, 	Mean reward done: 3.11832594871521
Step: 6905856	Mean reward: 6.088995456695557, 	Mean reward done: 3.213127851486206
Step: 6914048	Mean reward: 5.541885852813721, 	Mean reward done: 2.7496747970581055
Step: 6922240	Mean reward: 5.8155598640441895, 	Mean reward done: 3.0992021560668945
Step: 6930432	Mean reward: 6.088869571685791, 	Mean reward done: 3.024685859680176
Step: 6938624	Mean reward: 5.769953727722168, 	Mean reward done: 3.0141093730926514
Step: 6946816	Mean reward: 6.280174255371094, 	Mean reward done: 3.5259509086608887
Step: 6955008	Mean reward: 5.495850563049316, 	Mean reward done: 2.659820079803467
Step: 6963200	Mean reward: 5.723828315734863, 	Mean reward done: 2.671271562576294
Step: 6971392	Mean reward: 5.586987018585205, 	Mean reward done: 2.8983070850372314
Step: 6979584	Mean reward: 5.377604961395264, 	Mean reward done: 2.580946207046509
Step: 6987776	Mean reward: 6.25258207321167, 	Mean reward done: 3.4468250274658203
Step: 6995968	Mean reward: 5.860105514526367, 	Mean reward done: 3.186753988265991
Step: 7004160	Mean reward: 5.640953540802002, 	Mean reward done: 2.972360610961914
Step: 7012352	Mean reward: 5.740791320800781, 	Mean reward done: 2.7587687969207764
Step: 7020544	Mean reward: 5.822653770446777, 	Mean reward done: 2.6774489879608154
Step: 7028736	Mean reward: 5.53139066696167, 	Mean reward done: 3.243352174758911
Step: 7036928	Mean reward: 5.804563045501709, 	Mean reward done: 3.0511178970336914
Step: 7045120	Mean reward: 6.241506576538086, 	Mean reward done: 3.6932718753814697
Step: 7053312	Mean reward: 5.65777063369751, 	Mean reward done: 2.8387556076049805
Step: 7061504	Mean reward: 5.8764262199401855, 	Mean reward done: 2.795477867126465
Step: 7069696	Mean reward: 6.295684814453125, 	Mean reward done: 3.3368959426879883
Step: 7077888	Mean reward: 5.721353530883789, 	Mean reward done: 3.26912784576416
Step: 7086080	Mean reward: 5.7122087478637695, 	Mean reward done: 2.6253085136413574
Step: 7094272	Mean reward: 6.213241100311279, 	Mean reward done: 3.3935928344726562
Step: 7102464	Mean reward: 5.602036476135254, 	Mean reward done: 2.937654733657837
Step: 7110656	Mean reward: 5.7387375831604, 	Mean reward done: 2.8587405681610107
Step: 7118848	Mean reward: 5.87590217590332, 	Mean reward done: 2.7618248462677
Step: 7127040	Mean reward: 5.6483473777771, 	Mean reward done: 3.10583233833313
Step: 7135232	Mean reward: 5.5754714012146, 	Mean reward done: 3.0154905319213867
Step: 7143424	Mean reward: 5.767029285430908, 	Mean reward done: 3.0490245819091797
Step: 7151616	Mean reward: 6.049313545227051, 	Mean reward done: 2.8940744400024414
Step: 7159808	Mean reward: 5.866991996765137, 	Mean reward done: 3.159733295440674
Step: 7168000	Mean reward: 5.8755621910095215, 	Mean reward done: 2.8611135482788086
Step: 7176192	Mean reward: 5.820579528808594, 	Mean reward done: 3.2298593521118164
Step: 7184384	Mean reward: 5.992981433868408, 	Mean reward done: 3.139939069747925
Step: 7192576	Mean reward: 5.719674587249756, 	Mean reward done: 2.8287193775177
Step: 7200768	Mean reward: 5.7923583984375, 	Mean reward done: 3.1967263221740723
Step: 7208960	Mean reward: 6.101271152496338, 	Mean reward done: 3.674424171447754
Step: 7217152	Mean reward: 5.836709022521973, 	Mean reward done: 3.0852909088134766
Step: 7225344	Mean reward: 5.827412128448486, 	Mean reward done: 3.309030055999756
Step: 7233536	Mean reward: 6.254969120025635, 	Mean reward done: 3.1813530921936035
Step: 7241728	Mean reward: 5.917604923248291, 	Mean reward done: 3.0225322246551514
Step: 7249920	Mean reward: 5.844427108764648, 	Mean reward done: 3.2893896102905273
Step: 7258112	Mean reward: 6.371958255767822, 	Mean reward done: 3.50154185295105
Step: 7266304	Mean reward: 5.45235013961792, 	Mean reward done: 2.9006385803222656
Step: 7274496	Mean reward: 6.35323429107666, 	Mean reward done: 3.162964344024658
Step: 7282688	Mean reward: 6.088244438171387, 	Mean reward done: 3.576490879058838
Step: 7290880	Mean reward: 6.169089317321777, 	Mean reward done: 2.874509811401367
Step: 7299072	Mean reward: 5.932375907897949, 	Mean reward done: 3.459038019180298
Step: 7307264	Mean reward: 6.405418872833252, 	Mean reward done: 3.131436586380005
Step: 7315456	Mean reward: 6.123111248016357, 	Mean reward done: 3.8151919841766357
Step: 7323648	Mean reward: 6.21314001083374, 	Mean reward done: 3.3370273113250732
Step: 7331840	Mean reward: 5.839592456817627, 	Mean reward done: 3.456455945968628
Step: 7340032	Mean reward: 5.611995697021484, 	Mean reward done: 3.2168164253234863
Step: 7348224	Mean reward: 6.739682674407959, 	Mean reward done: 3.882213592529297
Step: 7356416	Mean reward: 6.537827491760254, 	Mean reward done: 4.531312942504883
Step: 7364608	Mean reward: 6.226360321044922, 	Mean reward done: 3.230586528778076
Step: 7372800	Mean reward: 5.9443182945251465, 	Mean reward done: 3.0380566120147705
Step: 7380992	Mean reward: 5.6989946365356445, 	Mean reward done: 3.160048484802246
Step: 7389184	Mean reward: 5.935490131378174, 	Mean reward done: 2.8359460830688477
Step: 7397376	Mean reward: 6.271450042724609, 	Mean reward done: 3.87042498588562
Step: 7405568	Mean reward: 6.315845966339111, 	Mean reward done: 3.1503469944000244
Step: 7413760	Mean reward: 6.323952674865723, 	Mean reward done: 3.469391345977783
Step: 7421952	Mean reward: 6.41378116607666, 	Mean reward done: 3.521820306777954
Step: 7430144	Mean reward: 6.349297046661377, 	Mean reward done: 3.693918466567993
Step: 7438336	Mean reward: 6.194446086883545, 	Mean reward done: 3.8563923835754395
Step: 7446528	Mean reward: 6.221250534057617, 	Mean reward done: 3.1507387161254883
Step: 7454720	Mean reward: 6.656471252441406, 	Mean reward done: 4.23785924911499
Step: 7462912	Mean reward: 6.074120044708252, 	Mean reward done: 3.1293671131134033
Step: 7471104	Mean reward: 6.174060821533203, 	Mean reward done: 3.270134687423706
Step: 7479296	Mean reward: 6.037460803985596, 	Mean reward done: 3.0459671020507812
Step: 7487488	Mean reward: 6.345912456512451, 	Mean reward done: 3.651089906692505
Step: 7495680	Mean reward: 6.526073455810547, 	Mean reward done: 4.123044967651367
Step: 7503872	Mean reward: 6.261754512786865, 	Mean reward done: 3.8341898918151855
Step: 7512064	Mean reward: 6.723714828491211, 	Mean reward done: 3.901745557785034
Step: 7520256	Mean reward: 6.295751571655273, 	Mean reward done: 3.521327257156372
Step: 7528448	Mean reward: 6.0589752197265625, 	Mean reward done: 3.389277935028076
Step: 7536640	Mean reward: 6.094610214233398, 	Mean reward done: 3.426703453063965
Step: 7544832	Mean reward: 6.764758110046387, 	Mean reward done: 4.466011047363281
Step: 7553024	Mean reward: 6.708175182342529, 	Mean reward done: 4.180526256561279
Step: 7561216	Mean reward: 5.98165225982666, 	Mean reward done: 3.3503258228302
Step: 7569408	Mean reward: 5.990538597106934, 	Mean reward done: 3.1538686752319336
Step: 7577600	Mean reward: 5.926662921905518, 	Mean reward done: 3.299386978149414
Step: 7585792	Mean reward: 6.270386219024658, 	Mean reward done: 3.5671145915985107
Step: 7593984	Mean reward: 5.952672481536865, 	Mean reward done: 3.329690933227539
Step: 7602176	Mean reward: 6.414432048797607, 	Mean reward done: 3.859532356262207
Step: 7610368	Mean reward: 5.988259315490723, 	Mean reward done: 3.1901142597198486
Step: 7618560	Mean reward: 6.549251556396484, 	Mean reward done: 3.6671595573425293
Step: 7626752	Mean reward: 6.303503513336182, 	Mean reward done: 3.17439341545105
Step: 7634944	Mean reward: 6.384491920471191, 	Mean reward done: 3.850315809249878
Step: 7643136	Mean reward: 6.555680751800537, 	Mean reward done: 3.5540101528167725
Step: 7651328	Mean reward: 6.201550483703613, 	Mean reward done: 3.3429524898529053
Step: 7659520	Mean reward: 6.201064586639404, 	Mean reward done: 3.5063929557800293
Step: 7667712	Mean reward: 6.679657459259033, 	Mean reward done: 3.455233573913574
Step: 7675904	Mean reward: 6.443366050720215, 	Mean reward done: 3.4554648399353027
Step: 7684096	Mean reward: 6.270622730255127, 	Mean reward done: 3.390932321548462
Step: 7692288	Mean reward: 6.81304407119751, 	Mean reward done: 4.009712219238281
Step: 7700480	Mean reward: 6.015415191650391, 	Mean reward done: 3.3039538860321045
Step: 7708672	Mean reward: 6.177820682525635, 	Mean reward done: 3.3368980884552
Step: 7716864	Mean reward: 6.466286659240723, 	Mean reward done: 3.9513742923736572
Step: 7725056	Mean reward: 6.184622764587402, 	Mean reward done: 3.2754056453704834
Step: 7733248	Mean reward: 6.807533264160156, 	Mean reward done: 4.1224846839904785
Step: 7741440	Mean reward: 6.1731648445129395, 	Mean reward done: 3.560338020324707
Step: 7749632	Mean reward: 6.272095203399658, 	Mean reward done: 4.291356086730957
Step: 7757824	Mean reward: 6.469544410705566, 	Mean reward done: 2.980264186859131
Step: 7766016	Mean reward: 6.17063570022583, 	Mean reward done: 3.485098123550415
Step: 7774208	Mean reward: 6.196871757507324, 	Mean reward done: 3.200814962387085
Step: 7782400	Mean reward: 6.467460632324219, 	Mean reward done: 3.5754709243774414
Step: 7790592	Mean reward: 6.629632472991943, 	Mean reward done: 4.349001407623291
Step: 7798784	Mean reward: 6.4474778175354, 	Mean reward done: 3.268136501312256
Step: 7806976	Mean reward: 6.076603412628174, 	Mean reward done: 3.3001456260681152
Step: 7815168	Mean reward: 6.0218000411987305, 	Mean reward done: 3.8129043579101562
Step: 7823360	Mean reward: 5.939696311950684, 	Mean reward done: 3.308361053466797
Step: 7831552	Mean reward: 6.616344928741455, 	Mean reward done: 4.0212483406066895
Step: 7839744	Mean reward: 6.425756931304932, 	Mean reward done: 3.625020980834961
Step: 7847936	Mean reward: 6.208681583404541, 	Mean reward done: 3.469071388244629
Step: 7856128	Mean reward: 6.560373306274414, 	Mean reward done: 3.812594413757324
Step: 7864320	Mean reward: 5.964034080505371, 	Mean reward done: 3.2647297382354736
Step: 7872512	Mean reward: 6.549938201904297, 	Mean reward done: 4.013266563415527
Step: 7880704	Mean reward: 6.548649787902832, 	Mean reward done: 4.041037082672119
Step: 7888896	Mean reward: 6.502630710601807, 	Mean reward done: 3.5489344596862793
Step: 7897088	Mean reward: 6.284464359283447, 	Mean reward done: 3.6764609813690186
Step: 7905280	Mean reward: 6.355685710906982, 	Mean reward done: 3.4543087482452393
Step: 7913472	Mean reward: 6.553386688232422, 	Mean reward done: 4.4320244789123535
Step: 7921664	Mean reward: 6.371799945831299, 	Mean reward done: 3.25124192237854
Step: 7929856	Mean reward: 6.6141157150268555, 	Mean reward done: 4.46348237991333
Step: 7938048	Mean reward: 5.837649345397949, 	Mean reward done: 3.083984851837158
Step: 7946240	Mean reward: 6.557838439941406, 	Mean reward done: 4.361384868621826
Step: 7954432	Mean reward: 6.457759857177734, 	Mean reward done: 3.820910692214966
Step: 7962624	Mean reward: 6.7893171310424805, 	Mean reward done: 4.582492828369141
Step: 7970816	Mean reward: 6.742832660675049, 	Mean reward done: 3.9220714569091797
Step: 7979008	Mean reward: 6.498841285705566, 	Mean reward done: 3.8990042209625244
Step: 7987200	Mean reward: 6.10181999206543, 	Mean reward done: 3.2751564979553223
Step: 7995392	Mean reward: 6.505720138549805, 	Mean reward done: 4.377628326416016
Step: 8003584	Mean reward: 6.656981468200684, 	Mean reward done: 3.386960506439209
Completed training of sd_i_rc_sp!

------------------------------------------------------------
Sender: LSF System <lsfadmin@n-62-20-14>
Subject: Job 8466567: <sd_i_rc_sp> in cluster <dcc> Done

Job <sd_i_rc_sp> was submitted from host <n-62-27-19> by user <s192288> in cluster <dcc> at Wed Dec  2 16:33:35 2020
Job was executed on host(s) <n-62-20-14>, in queue <gpuv100>, as user <s192288> in cluster <dcc> at Wed Dec  2 16:33:37 2020
</zhome/09/9/144141> was used as the home directory.
</zhome/09/9/144141/Desktop/Deep_l_hpc> was used as the working directory.
Started at Wed Dec  2 16:33:37 2020
Terminated at Wed Dec  2 20:37:37 2020
Results reported at Wed Dec  2 20:37:37 2020

Your job looked like:

------------------------------------------------------------
# LSBATCH: User input
#!/bin/sh

#BSUB -J sd_i_rc_sp

#BSUB -q gpuv100

#BSUB -gpu "num=1"

#BSUB -n 1

#BSUB -W 23:45

#BSUB -R "rusage[mem=16GB]"

#BSUB -o sd_i_rc_sp.out

#BSUB -e sd_i_rc_sp.err

# Load modules

module load python3/3.8.2
module load cuda/8.0
module load cudnn/v7.0-prod-cuda8
module load ffmpeg/4.2.2
pip3 install --user torch matplotlib procgen gym 

# 1 = model_name, 2 = encoder_index, 3 = aug_index, 4 = mix_reg, 5 = game
#the name of the run
#encoder_index 0 = Impala, 1 = Nature  
#aug_index: 0 = None, 1 = grayscale, 2 = random_cutout, 3 = color_jitter
#mixreg: 0 = False, 1 = True 
#type of game

python3 train_ppo.py sd_i_rc_sp 0 2 0 starpilot



------------------------------------------------------------

Successfully completed.

Resource usage summary:

    CPU time :                                   14531.31 sec.
    Max Memory :                                 9088 MB
    Average Memory :                             9016.37 MB
    Total Requested Memory :                     16384.00 MB
    Delta Memory :                               7296.00 MB
    Max Swap :                                   -
    Max Processes :                              4
    Max Threads :                                13
    Run time :                                   14656 sec.
    Turnaround time :                            14642 sec.

The output (if any) is above this job summary.



PS:

Read file <sd_i_rc_sp.err> for stderr output of this job.

