Requirement already satisfied: torch in /zhome/09/9/144141/.local/lib/python3.8/site-packages (1.7.0)
Requirement already satisfied: matplotlib in /zhome/09/9/144141/.local/lib/python3.8/site-packages (3.3.3)
Requirement already satisfied: procgen in /zhome/09/9/144141/.local/lib/python3.8/site-packages (0.10.4)
Requirement already satisfied: gym in /zhome/09/9/144141/.local/lib/python3.8/site-packages (0.17.3)
Requirement already satisfied: numpy in /zhome/09/9/144141/.local/lib/python3.8/site-packages (from torch) (1.19.4)
Requirement already satisfied: future in /zhome/09/9/144141/.local/lib/python3.8/site-packages (from torch) (0.18.2)
Requirement already satisfied: typing-extensions in /zhome/09/9/144141/.local/lib/python3.8/site-packages (from torch) (3.7.4.3)
Requirement already satisfied: dataclasses in /zhome/09/9/144141/.local/lib/python3.8/site-packages (from torch) (0.6)
Requirement already satisfied: kiwisolver>=1.0.1 in /zhome/09/9/144141/.local/lib/python3.8/site-packages (from matplotlib) (1.3.1)
Requirement already satisfied: python-dateutil>=2.1 in /zhome/09/9/144141/.local/lib/python3.8/site-packages (from matplotlib) (2.8.1)
Requirement already satisfied: pillow>=6.2.0 in /zhome/09/9/144141/.local/lib/python3.8/site-packages (from matplotlib) (8.0.1)
Requirement already satisfied: cycler>=0.10 in /zhome/09/9/144141/.local/lib/python3.8/site-packages (from matplotlib) (0.10.0)
Requirement already satisfied: pyparsing!=2.0.4,!=2.1.2,!=2.1.6,>=2.0.3 in /zhome/09/9/144141/.local/lib/python3.8/site-packages (from matplotlib) (2.4.7)
Requirement already satisfied: gym3<1.0.0,>=0.3.3 in /zhome/09/9/144141/.local/lib/python3.8/site-packages (from procgen) (0.3.3)
Requirement already satisfied: filelock<4.0.0,>=3.0.0 in /zhome/09/9/144141/.local/lib/python3.8/site-packages (from procgen) (3.0.12)
Requirement already satisfied: scipy in /zhome/09/9/144141/.local/lib/python3.8/site-packages (from gym) (1.5.4)
Requirement already satisfied: pyglet<=1.5.0,>=1.4.0 in /zhome/09/9/144141/.local/lib/python3.8/site-packages (from gym) (1.5.0)
Requirement already satisfied: cloudpickle<1.7.0,>=1.2.0 in /zhome/09/9/144141/.local/lib/python3.8/site-packages (from gym) (1.6.0)
Requirement already satisfied: six>=1.5 in /zhome/09/9/144141/.local/lib/python3.8/site-packages (from python-dateutil>=2.1->matplotlib) (1.15.0)
Requirement already satisfied: imageio<3.0.0,>=2.6.0 in /zhome/09/9/144141/.local/lib/python3.8/site-packages (from gym3<1.0.0,>=0.3.3->procgen) (2.9.0)
Requirement already satisfied: imageio-ffmpeg<0.4.0,>=0.3.0 in /zhome/09/9/144141/.local/lib/python3.8/site-packages (from gym3<1.0.0,>=0.3.3->procgen) (0.3.0)
Requirement already satisfied: moderngl<6.0.0,>=5.5.4 in /zhome/09/9/144141/.local/lib/python3.8/site-packages (from gym3<1.0.0,>=0.3.3->procgen) (5.6.2)
Requirement already satisfied: cffi<2.0.0,>=1.13.0 in /zhome/09/9/144141/.local/lib/python3.8/site-packages (from gym3<1.0.0,>=0.3.3->procgen) (1.14.4)
Requirement already satisfied: glfw<2.0.0,>=1.8.6 in /zhome/09/9/144141/.local/lib/python3.8/site-packages (from gym3<1.0.0,>=0.3.3->procgen) (1.12.0)
Requirement already satisfied: glcontext<3,>=2 in /zhome/09/9/144141/.local/lib/python3.8/site-packages (from moderngl<6.0.0,>=5.5.4->gym3<1.0.0,>=0.3.3->procgen) (2.2.0)
Requirement already satisfied: pycparser in /zhome/09/9/144141/.local/lib/python3.8/site-packages (from cffi<2.0.0,>=1.13.0->gym3<1.0.0,>=0.3.3->procgen) (2.20)
Run name sd_n_rc_sp
Encoder used Nature
Augumentation used random_cutout
Mixreg? False
Game starpilot
Observation space: Box(0.0, 1.0, (3, 64, 64), float32)
Action space: 15
Embrace Nature!
Step: 8192	Mean reward: 8.401373863220215, 	Mean reward done: 2.391951084136963
Estimated time of completion: 3.298385935421619 hours
Step: 16384	Mean reward: 5.074558734893799, 	Mean reward done: 1.2757383584976196
Step: 24576	Mean reward: 5.402001857757568, 	Mean reward done: 1.443688154220581
Step: 32768	Mean reward: 5.3625264167785645, 	Mean reward done: 1.5070273876190186
Step: 40960	Mean reward: 5.897517204284668, 	Mean reward done: 1.5340675115585327
Step: 49152	Mean reward: 5.397461891174316, 	Mean reward done: 1.6243231296539307
Step: 57344	Mean reward: 4.0910234451293945, 	Mean reward done: 1.0664219856262207
Step: 65536	Mean reward: 5.751984596252441, 	Mean reward done: 1.6262025833129883
Step: 73728	Mean reward: 4.888271808624268, 	Mean reward done: 1.286677598953247
Step: 81920	Mean reward: 5.351225852966309, 	Mean reward done: 1.5070220232009888
Step: 90112	Mean reward: 5.286787033081055, 	Mean reward done: 1.489989161491394
Step: 98304	Mean reward: 5.115642070770264, 	Mean reward done: 1.5226211547851562
Step: 106496	Mean reward: 6.622398376464844, 	Mean reward done: 2.05483078956604
Step: 114688	Mean reward: 5.865728378295898, 	Mean reward done: 1.5490666627883911
Step: 122880	Mean reward: 6.643683910369873, 	Mean reward done: 2.042198657989502
Step: 131072	Mean reward: 5.463354587554932, 	Mean reward done: 1.6046046018600464
Step: 139264	Mean reward: 4.8808441162109375, 	Mean reward done: 1.3514842987060547
Step: 147456	Mean reward: 6.069853782653809, 	Mean reward done: 1.826532006263733
Step: 155648	Mean reward: 5.777194976806641, 	Mean reward done: 1.7124704122543335
Step: 163840	Mean reward: 5.647204399108887, 	Mean reward done: 1.7141400575637817
Step: 172032	Mean reward: 5.920624732971191, 	Mean reward done: 1.86846125125885
Step: 180224	Mean reward: 5.580770492553711, 	Mean reward done: 1.6006851196289062
Step: 188416	Mean reward: 5.410308361053467, 	Mean reward done: 1.6032835245132446
Step: 196608	Mean reward: 7.1508469581604, 	Mean reward done: 2.25459623336792
Step: 204800	Mean reward: 5.6256890296936035, 	Mean reward done: 1.7072054147720337
Step: 212992	Mean reward: 6.046962738037109, 	Mean reward done: 1.7819104194641113
Step: 221184	Mean reward: 5.637849807739258, 	Mean reward done: 1.7321348190307617
Step: 229376	Mean reward: 5.919042587280273, 	Mean reward done: 1.7536417245864868
Step: 237568	Mean reward: 6.173614501953125, 	Mean reward done: 1.9563746452331543
Step: 245760	Mean reward: 5.502811908721924, 	Mean reward done: 1.6989585161209106
Step: 253952	Mean reward: 5.992575645446777, 	Mean reward done: 1.9953826665878296
Step: 262144	Mean reward: 6.677787780761719, 	Mean reward done: 1.980873942375183
Step: 270336	Mean reward: 5.633540153503418, 	Mean reward done: 1.7467918395996094
Step: 278528	Mean reward: 6.002473831176758, 	Mean reward done: 1.7016806602478027
Step: 286720	Mean reward: 5.796479225158691, 	Mean reward done: 1.7435386180877686
Step: 294912	Mean reward: 5.791017532348633, 	Mean reward done: 1.9032074213027954
Step: 303104	Mean reward: 5.828164577484131, 	Mean reward done: 2.0418787002563477
Step: 311296	Mean reward: 5.884798526763916, 	Mean reward done: 1.7660424709320068
Step: 319488	Mean reward: 5.119403839111328, 	Mean reward done: 1.479122519493103
Step: 327680	Mean reward: 5.582386016845703, 	Mean reward done: 1.8539364337921143
Step: 335872	Mean reward: 5.254889488220215, 	Mean reward done: 1.659480333328247
Step: 344064	Mean reward: 5.661440849304199, 	Mean reward done: 1.777564525604248
Step: 352256	Mean reward: 5.959906578063965, 	Mean reward done: 2.011852979660034
Step: 360448	Mean reward: 5.587953090667725, 	Mean reward done: 1.9397475719451904
Step: 368640	Mean reward: 5.812875747680664, 	Mean reward done: 1.785467505455017
Step: 376832	Mean reward: 5.318085670471191, 	Mean reward done: 1.6209421157836914
Step: 385024	Mean reward: 6.814267158508301, 	Mean reward done: 2.390691041946411
Step: 393216	Mean reward: 6.468644618988037, 	Mean reward done: 1.8758394718170166
Step: 401408	Mean reward: 5.689735412597656, 	Mean reward done: 1.7469491958618164
Step: 409600	Mean reward: 6.147682189941406, 	Mean reward done: 2.178457498550415
Step: 417792	Mean reward: 5.383448600769043, 	Mean reward done: 1.7473732233047485
Step: 425984	Mean reward: 5.991246700286865, 	Mean reward done: 1.940104365348816
Step: 434176	Mean reward: 5.5731048583984375, 	Mean reward done: 1.732607364654541
Step: 442368	Mean reward: 5.284211158752441, 	Mean reward done: 1.7579929828643799
Step: 450560	Mean reward: 5.741161823272705, 	Mean reward done: 1.8249014616012573
Step: 458752	Mean reward: 5.917245864868164, 	Mean reward done: 1.9285686016082764
Step: 466944	Mean reward: 5.26561975479126, 	Mean reward done: 1.729197382926941
Step: 475136	Mean reward: 6.382626056671143, 	Mean reward done: 2.134932518005371
Step: 483328	Mean reward: 6.349950313568115, 	Mean reward done: 2.0459001064300537
Step: 491520	Mean reward: 5.982929706573486, 	Mean reward done: 1.903814435005188
Step: 499712	Mean reward: 5.757824897766113, 	Mean reward done: 1.8147495985031128
Step: 507904	Mean reward: 5.71453332901001, 	Mean reward done: 1.8010284900665283
Step: 516096	Mean reward: 5.8296027183532715, 	Mean reward done: 1.802343726158142
Step: 524288	Mean reward: 6.031510353088379, 	Mean reward done: 2.0908398628234863
Step: 532480	Mean reward: 6.4212470054626465, 	Mean reward done: 2.16312837600708
Step: 540672	Mean reward: 5.456470489501953, 	Mean reward done: 1.8019723892211914
Step: 548864	Mean reward: 5.988226413726807, 	Mean reward done: 1.9162015914916992
Step: 557056	Mean reward: 6.127176284790039, 	Mean reward done: 1.8761197328567505
Step: 565248	Mean reward: 5.959534168243408, 	Mean reward done: 1.8917028903961182
Step: 573440	Mean reward: 6.201014995574951, 	Mean reward done: 1.9681756496429443
Step: 581632	Mean reward: 5.385788440704346, 	Mean reward done: 1.7655231952667236
Step: 589824	Mean reward: 5.686148643493652, 	Mean reward done: 1.8605995178222656
Step: 598016	Mean reward: 6.505908966064453, 	Mean reward done: 2.1587400436401367
Step: 606208	Mean reward: 5.927606582641602, 	Mean reward done: 2.3021416664123535
Step: 614400	Mean reward: 5.699472427368164, 	Mean reward done: 1.8468270301818848
Step: 622592	Mean reward: 6.60327672958374, 	Mean reward done: 2.3008527755737305
Step: 630784	Mean reward: 6.049647331237793, 	Mean reward done: 1.9839242696762085
Step: 638976	Mean reward: 5.984469890594482, 	Mean reward done: 2.0770936012268066
Step: 647168	Mean reward: 6.423980236053467, 	Mean reward done: 2.135449171066284
Step: 655360	Mean reward: 6.359863758087158, 	Mean reward done: 2.041945695877075
Step: 663552	Mean reward: 5.878753662109375, 	Mean reward done: 1.9116114377975464
Step: 671744	Mean reward: 6.130314826965332, 	Mean reward done: 2.1779026985168457
Step: 679936	Mean reward: 6.118696689605713, 	Mean reward done: 2.1160590648651123
Step: 688128	Mean reward: 5.876568794250488, 	Mean reward done: 1.9120733737945557
Step: 696320	Mean reward: 6.004359722137451, 	Mean reward done: 1.8401340246200562
Step: 704512	Mean reward: 5.977088451385498, 	Mean reward done: 2.0186071395874023
Step: 712704	Mean reward: 5.710940837860107, 	Mean reward done: 1.815746784210205
Step: 720896	Mean reward: 5.639031887054443, 	Mean reward done: 1.7990773916244507
Step: 729088	Mean reward: 5.708707332611084, 	Mean reward done: 1.7565562725067139
Step: 737280	Mean reward: 6.197021961212158, 	Mean reward done: 2.0336732864379883
Step: 745472	Mean reward: 6.840588569641113, 	Mean reward done: 2.6877551078796387
Step: 753664	Mean reward: 6.1182966232299805, 	Mean reward done: 2.5131561756134033
Step: 761856	Mean reward: 6.42469596862793, 	Mean reward done: 2.1637492179870605
Step: 770048	Mean reward: 6.360960006713867, 	Mean reward done: 2.21081805229187
Step: 778240	Mean reward: 6.250870704650879, 	Mean reward done: 2.191237688064575
Step: 786432	Mean reward: 6.486085414886475, 	Mean reward done: 2.183540105819702
Step: 794624	Mean reward: 6.152040004730225, 	Mean reward done: 1.9260913133621216
Step: 802816	Mean reward: 6.132457733154297, 	Mean reward done: 2.021819591522217
Step: 811008	Mean reward: 6.107320785522461, 	Mean reward done: 1.9857382774353027
Step: 819200	Mean reward: 6.463093280792236, 	Mean reward done: 2.154378652572632
Step: 827392	Mean reward: 6.078930854797363, 	Mean reward done: 1.8778998851776123
Step: 835584	Mean reward: 5.709313869476318, 	Mean reward done: 1.8960225582122803
Step: 843776	Mean reward: 6.625500679016113, 	Mean reward done: 2.49599027633667
Step: 851968	Mean reward: 5.831823825836182, 	Mean reward done: 1.9314244985580444
Step: 860160	Mean reward: 5.842728614807129, 	Mean reward done: 2.153399705886841
Step: 868352	Mean reward: 5.719546794891357, 	Mean reward done: 1.759556531906128
Step: 876544	Mean reward: 6.486257553100586, 	Mean reward done: 2.234445333480835
Step: 884736	Mean reward: 6.119522571563721, 	Mean reward done: 2.28745698928833
Step: 892928	Mean reward: 6.485191822052002, 	Mean reward done: 2.527040958404541
Step: 901120	Mean reward: 5.7318339347839355, 	Mean reward done: 2.074537515640259
Step: 909312	Mean reward: 6.206048965454102, 	Mean reward done: 2.267930507659912
Step: 917504	Mean reward: 6.843556880950928, 	Mean reward done: 2.221910238265991
Step: 925696	Mean reward: 5.74680233001709, 	Mean reward done: 2.171964168548584
Step: 933888	Mean reward: 5.622840881347656, 	Mean reward done: 1.8557127714157104
Step: 942080	Mean reward: 6.4814677238464355, 	Mean reward done: 2.228013277053833
Step: 950272	Mean reward: 6.684374809265137, 	Mean reward done: 2.3316707611083984
Step: 958464	Mean reward: 6.003278732299805, 	Mean reward done: 2.0809519290924072
Step: 966656	Mean reward: 6.631218910217285, 	Mean reward done: 2.228851079940796
Step: 974848	Mean reward: 6.966439247131348, 	Mean reward done: 2.5914716720581055
Step: 983040	Mean reward: 5.984905242919922, 	Mean reward done: 1.8723762035369873
Step: 991232	Mean reward: 6.861276626586914, 	Mean reward done: 2.582073926925659
Step: 999424	Mean reward: 5.6659650802612305, 	Mean reward done: 1.7581114768981934
Step: 1007616	Mean reward: 6.248658180236816, 	Mean reward done: 2.0662314891815186
Step: 1015808	Mean reward: 6.224775791168213, 	Mean reward done: 2.102411985397339
Step: 1024000	Mean reward: 6.331236839294434, 	Mean reward done: 2.002387523651123
Step: 1032192	Mean reward: 6.080935001373291, 	Mean reward done: 2.125272750854492
Step: 1040384	Mean reward: 6.418660640716553, 	Mean reward done: 2.326221227645874
Step: 1048576	Mean reward: 6.688494682312012, 	Mean reward done: 2.3559138774871826
Step: 1056768	Mean reward: 6.594399452209473, 	Mean reward done: 2.206430196762085
Step: 1064960	Mean reward: 6.385574817657471, 	Mean reward done: 2.4364912509918213
Step: 1073152	Mean reward: 7.0778913497924805, 	Mean reward done: 2.2377490997314453
Step: 1081344	Mean reward: 6.518160820007324, 	Mean reward done: 2.602147102355957
Step: 1089536	Mean reward: 6.161569118499756, 	Mean reward done: 1.9527992010116577
Step: 1097728	Mean reward: 6.127885818481445, 	Mean reward done: 2.072673797607422
Step: 1105920	Mean reward: 6.123315811157227, 	Mean reward done: 2.0154576301574707
Step: 1114112	Mean reward: 6.756743907928467, 	Mean reward done: 2.3967342376708984
Step: 1122304	Mean reward: 6.234923839569092, 	Mean reward done: 2.0647058486938477
Step: 1130496	Mean reward: 5.572320461273193, 	Mean reward done: 1.808040976524353
Step: 1138688	Mean reward: 5.844323635101318, 	Mean reward done: 1.9901649951934814
Step: 1146880	Mean reward: 6.179952621459961, 	Mean reward done: 2.0859904289245605
Step: 1155072	Mean reward: 5.668695449829102, 	Mean reward done: 1.9345130920410156
Step: 1163264	Mean reward: 5.815855503082275, 	Mean reward done: 2.134124755859375
Step: 1171456	Mean reward: 5.862032890319824, 	Mean reward done: 1.9553685188293457
Step: 1179648	Mean reward: 6.696534633636475, 	Mean reward done: 2.6997299194335938
Step: 1187840	Mean reward: 5.311054229736328, 	Mean reward done: 1.7690117359161377
Step: 1196032	Mean reward: 5.3923187255859375, 	Mean reward done: 1.8473684787750244
Step: 1204224	Mean reward: 6.327271938323975, 	Mean reward done: 2.1746232509613037
Step: 1212416	Mean reward: 5.61182975769043, 	Mean reward done: 1.8266764879226685
Step: 1220608	Mean reward: 6.387618064880371, 	Mean reward done: 2.2114005088806152
Step: 1228800	Mean reward: 5.575588703155518, 	Mean reward done: 1.8997340202331543
Step: 1236992	Mean reward: 6.039262294769287, 	Mean reward done: 2.157078742980957
Step: 1245184	Mean reward: 5.647983074188232, 	Mean reward done: 1.964971661567688
Step: 1253376	Mean reward: 6.275076866149902, 	Mean reward done: 2.065884590148926
Step: 1261568	Mean reward: 6.607527256011963, 	Mean reward done: 2.104217529296875
Step: 1269760	Mean reward: 6.68256950378418, 	Mean reward done: 2.4207546710968018
Step: 1277952	Mean reward: 6.423328876495361, 	Mean reward done: 2.019052028656006
Step: 1286144	Mean reward: 6.211083889007568, 	Mean reward done: 1.967647671699524
Step: 1294336	Mean reward: 5.28087854385376, 	Mean reward done: 1.7173641920089722
Step: 1302528	Mean reward: 6.26176643371582, 	Mean reward done: 2.1596927642822266
Step: 1310720	Mean reward: 6.440828323364258, 	Mean reward done: 2.2282772064208984
Step: 1318912	Mean reward: 5.581629753112793, 	Mean reward done: 1.8275729417800903
Step: 1327104	Mean reward: 5.6447367668151855, 	Mean reward done: 2.071883201599121
Step: 1335296	Mean reward: 5.770218372344971, 	Mean reward done: 1.8371565341949463
Step: 1343488	Mean reward: 6.394692897796631, 	Mean reward done: 2.4033946990966797
Step: 1351680	Mean reward: 5.764107704162598, 	Mean reward done: 2.009688377380371
Step: 1359872	Mean reward: 6.4695234298706055, 	Mean reward done: 2.3330740928649902
Step: 1368064	Mean reward: 6.1267194747924805, 	Mean reward done: 2.1424827575683594
Step: 1376256	Mean reward: 6.172419548034668, 	Mean reward done: 2.0809834003448486
Step: 1384448	Mean reward: 6.215906143188477, 	Mean reward done: 2.0711617469787598
Step: 1392640	Mean reward: 6.417098045349121, 	Mean reward done: 2.161693572998047
Step: 1400832	Mean reward: 7.030114650726318, 	Mean reward done: 2.505585193634033
Step: 1409024	Mean reward: 6.651199817657471, 	Mean reward done: 2.4802536964416504
Step: 1417216	Mean reward: 6.454695701599121, 	Mean reward done: 2.317570209503174
Step: 1425408	Mean reward: 6.205554008483887, 	Mean reward done: 2.1613874435424805
Step: 1433600	Mean reward: 5.8009033203125, 	Mean reward done: 1.999859094619751
Step: 1441792	Mean reward: 6.479371547698975, 	Mean reward done: 2.2286150455474854
Step: 1449984	Mean reward: 6.430387496948242, 	Mean reward done: 2.0614328384399414
Step: 1458176	Mean reward: 6.459202766418457, 	Mean reward done: 2.4784164428710938
Step: 1466368	Mean reward: 6.193725109100342, 	Mean reward done: 2.0527071952819824
Step: 1474560	Mean reward: 6.033234596252441, 	Mean reward done: 2.2639198303222656
Step: 1482752	Mean reward: 6.706347465515137, 	Mean reward done: 2.633631706237793
Step: 1490944	Mean reward: 6.048904895782471, 	Mean reward done: 2.1386940479278564
Step: 1499136	Mean reward: 7.3065505027771, 	Mean reward done: 2.601473808288574
Step: 1507328	Mean reward: 6.667797088623047, 	Mean reward done: 2.226536989212036
Step: 1515520	Mean reward: 6.236612319946289, 	Mean reward done: 2.174154043197632
Step: 1523712	Mean reward: 6.185428619384766, 	Mean reward done: 2.189554214477539
Step: 1531904	Mean reward: 5.710801601409912, 	Mean reward done: 1.9935359954833984
Step: 1540096	Mean reward: 6.714352130889893, 	Mean reward done: 2.2839813232421875
Step: 1548288	Mean reward: 7.118775844573975, 	Mean reward done: 2.4336953163146973
Step: 1556480	Mean reward: 6.4052252769470215, 	Mean reward done: 2.3169193267822266
Step: 1564672	Mean reward: 6.571567535400391, 	Mean reward done: 2.190784454345703
Step: 1572864	Mean reward: 7.332831382751465, 	Mean reward done: 2.6388425827026367
Step: 1581056	Mean reward: 6.529096603393555, 	Mean reward done: 2.039362907409668
Step: 1589248	Mean reward: 6.291168689727783, 	Mean reward done: 2.1844236850738525
Step: 1597440	Mean reward: 6.476185321807861, 	Mean reward done: 2.2890820503234863
Step: 1605632	Mean reward: 7.580298900604248, 	Mean reward done: 2.55100154876709
Step: 1613824	Mean reward: 5.900745391845703, 	Mean reward done: 2.376706123352051
Step: 1622016	Mean reward: 6.971933841705322, 	Mean reward done: 2.4253556728363037
Step: 1630208	Mean reward: 6.711495399475098, 	Mean reward done: 2.541841745376587
Step: 1638400	Mean reward: 7.0936174392700195, 	Mean reward done: 2.546562671661377
Step: 1646592	Mean reward: 6.932124614715576, 	Mean reward done: 2.4596567153930664
Step: 1654784	Mean reward: 6.443709850311279, 	Mean reward done: 2.26823091506958
Step: 1662976	Mean reward: 6.283853530883789, 	Mean reward done: 2.198049783706665
Step: 1671168	Mean reward: 6.1239471435546875, 	Mean reward done: 2.0193562507629395
Step: 1679360	Mean reward: 6.307561874389648, 	Mean reward done: 2.2022197246551514
Step: 1687552	Mean reward: 6.289452075958252, 	Mean reward done: 2.1661884784698486
Step: 1695744	Mean reward: 6.87216854095459, 	Mean reward done: 2.374549150466919
Step: 1703936	Mean reward: 6.276266098022461, 	Mean reward done: 2.144900321960449
Step: 1712128	Mean reward: 6.0683794021606445, 	Mean reward done: 2.0837857723236084
Step: 1720320	Mean reward: 5.8796186447143555, 	Mean reward done: 2.1270558834075928
Step: 1728512	Mean reward: 6.43212366104126, 	Mean reward done: 2.4705300331115723
Step: 1736704	Mean reward: 6.474202632904053, 	Mean reward done: 2.361281156539917
Step: 1744896	Mean reward: 6.392671585083008, 	Mean reward done: 2.1411523818969727
Step: 1753088	Mean reward: 6.712353229522705, 	Mean reward done: 2.683955430984497
Step: 1761280	Mean reward: 7.101216793060303, 	Mean reward done: 2.533586263656616
Step: 1769472	Mean reward: 6.11007833480835, 	Mean reward done: 2.0566487312316895
Step: 1777664	Mean reward: 5.602613925933838, 	Mean reward done: 2.0440616607666016
Step: 1785856	Mean reward: 6.1694560050964355, 	Mean reward done: 2.525836706161499
Step: 1794048	Mean reward: 5.798396587371826, 	Mean reward done: 2.2332050800323486
Step: 1802240	Mean reward: 6.62466287612915, 	Mean reward done: 2.265465021133423
Step: 1810432	Mean reward: 6.664116859436035, 	Mean reward done: 2.394988536834717
Step: 1818624	Mean reward: 6.354656219482422, 	Mean reward done: 2.0294077396392822
Step: 1826816	Mean reward: 6.94705867767334, 	Mean reward done: 2.410576581954956
Step: 1835008	Mean reward: 6.540584087371826, 	Mean reward done: 2.2038745880126953
Step: 1843200	Mean reward: 6.079268932342529, 	Mean reward done: 2.172800064086914
Step: 1851392	Mean reward: 6.015143394470215, 	Mean reward done: 2.049577474594116
Step: 1859584	Mean reward: 6.36196231842041, 	Mean reward done: 2.4944543838500977
Step: 1867776	Mean reward: 6.508950710296631, 	Mean reward done: 2.177269697189331
Step: 1875968	Mean reward: 6.578550815582275, 	Mean reward done: 2.492335081100464
Step: 1884160	Mean reward: 5.841397285461426, 	Mean reward done: 2.1025495529174805
Step: 1892352	Mean reward: 5.792818069458008, 	Mean reward done: 2.0715808868408203
Step: 1900544	Mean reward: 6.507148742675781, 	Mean reward done: 2.411041736602783
Step: 1908736	Mean reward: 6.548467636108398, 	Mean reward done: 2.2423319816589355
Step: 1916928	Mean reward: 6.513470649719238, 	Mean reward done: 2.333098888397217
Step: 1925120	Mean reward: 5.705018997192383, 	Mean reward done: 1.8776540756225586
Step: 1933312	Mean reward: 5.555113315582275, 	Mean reward done: 2.0249874591827393
Step: 1941504	Mean reward: 6.236196994781494, 	Mean reward done: 2.0031213760375977
Step: 1949696	Mean reward: 6.050739288330078, 	Mean reward done: 2.1607303619384766
Step: 1957888	Mean reward: 6.230219841003418, 	Mean reward done: 2.232112169265747
Step: 1966080	Mean reward: 6.6361870765686035, 	Mean reward done: 2.3661017417907715
Step: 1974272	Mean reward: 6.675982475280762, 	Mean reward done: 2.4233756065368652
Step: 1982464	Mean reward: 6.429260730743408, 	Mean reward done: 2.400269031524658
Step: 1990656	Mean reward: 7.087894439697266, 	Mean reward done: 2.4961483478546143
Step: 1998848	Mean reward: 6.448227882385254, 	Mean reward done: 2.250837802886963
Step: 2007040	Mean reward: 6.311119079589844, 	Mean reward done: 2.3472940921783447
Step: 2015232	Mean reward: 6.851843357086182, 	Mean reward done: 2.3267033100128174
Step: 2023424	Mean reward: 6.755580902099609, 	Mean reward done: 2.3197171688079834
Step: 2031616	Mean reward: 6.254414081573486, 	Mean reward done: 2.377436637878418
Step: 2039808	Mean reward: 6.553488731384277, 	Mean reward done: 2.3389205932617188
Step: 2048000	Mean reward: 6.413223743438721, 	Mean reward done: 2.51786732673645
Step: 2056192	Mean reward: 6.6931023597717285, 	Mean reward done: 2.627094268798828
Step: 2064384	Mean reward: 6.414782524108887, 	Mean reward done: 2.5263586044311523
Step: 2072576	Mean reward: 6.5460524559021, 	Mean reward done: 2.4923043251037598
Step: 2080768	Mean reward: 6.810717582702637, 	Mean reward done: 2.7440526485443115
Step: 2088960	Mean reward: 6.625380039215088, 	Mean reward done: 2.3496007919311523
Step: 2097152	Mean reward: 6.651220798492432, 	Mean reward done: 2.389596462249756
Step: 2105344	Mean reward: 5.810250759124756, 	Mean reward done: 2.565697193145752
Step: 2113536	Mean reward: 5.795085430145264, 	Mean reward done: 1.936938762664795
Step: 2121728	Mean reward: 6.870981216430664, 	Mean reward done: 2.4312922954559326
Step: 2129920	Mean reward: 6.729070663452148, 	Mean reward done: 2.7165606021881104
Step: 2138112	Mean reward: 6.379872798919678, 	Mean reward done: 2.2747936248779297
Step: 2146304	Mean reward: 5.975627899169922, 	Mean reward done: 2.092709541320801
Step: 2154496	Mean reward: 6.762543201446533, 	Mean reward done: 2.7007837295532227
Step: 2162688	Mean reward: 6.383354187011719, 	Mean reward done: 2.301302194595337
Step: 2170880	Mean reward: 6.376307487487793, 	Mean reward done: 2.515277624130249
Step: 2179072	Mean reward: 6.860212326049805, 	Mean reward done: 2.485889434814453
Step: 2187264	Mean reward: 6.381314277648926, 	Mean reward done: 2.168008804321289
Step: 2195456	Mean reward: 7.135727405548096, 	Mean reward done: 2.6781301498413086
Step: 2203648	Mean reward: 6.192770957946777, 	Mean reward done: 2.1216726303100586
Step: 2211840	Mean reward: 6.354427814483643, 	Mean reward done: 2.2346980571746826
Step: 2220032	Mean reward: 6.857249736785889, 	Mean reward done: 2.482415199279785
Step: 2228224	Mean reward: 5.47499418258667, 	Mean reward done: 1.8358761072158813
Step: 2236416	Mean reward: 6.424820899963379, 	Mean reward done: 2.2083773612976074
Step: 2244608	Mean reward: 5.311212062835693, 	Mean reward done: 1.6764471530914307
Step: 2252800	Mean reward: 6.025572299957275, 	Mean reward done: 2.139371156692505
Step: 2260992	Mean reward: 5.963437080383301, 	Mean reward done: 2.2718896865844727
Step: 2269184	Mean reward: 6.315152168273926, 	Mean reward done: 2.468013048171997
Step: 2277376	Mean reward: 6.694429874420166, 	Mean reward done: 2.4788289070129395
Step: 2285568	Mean reward: 6.454349517822266, 	Mean reward done: 2.3105876445770264
Step: 2293760	Mean reward: 6.214293956756592, 	Mean reward done: 2.277590274810791
Step: 2301952	Mean reward: 6.03456449508667, 	Mean reward done: 2.176689386367798
Step: 2310144	Mean reward: 6.521291732788086, 	Mean reward done: 2.3820250034332275
Step: 2318336	Mean reward: 6.1490159034729, 	Mean reward done: 2.441868782043457
Step: 2326528	Mean reward: 6.339180946350098, 	Mean reward done: 2.186946392059326
Step: 2334720	Mean reward: 6.92625617980957, 	Mean reward done: 2.5019760131835938
Step: 2342912	Mean reward: 7.06888484954834, 	Mean reward done: 3.043717622756958
Step: 2351104	Mean reward: 6.781025409698486, 	Mean reward done: 2.544365882873535
Step: 2359296	Mean reward: 7.116837501525879, 	Mean reward done: 2.342811107635498
Step: 2367488	Mean reward: 6.261361598968506, 	Mean reward done: 2.2560577392578125
Step: 2375680	Mean reward: 6.598911762237549, 	Mean reward done: 2.5077455043792725
Step: 2383872	Mean reward: 6.861843585968018, 	Mean reward done: 2.455382823944092
Step: 2392064	Mean reward: 6.667776107788086, 	Mean reward done: 2.4531781673431396
Step: 2400256	Mean reward: 6.827069282531738, 	Mean reward done: 2.3553876876831055
Step: 2408448	Mean reward: 6.134661674499512, 	Mean reward done: 2.1468892097473145
Step: 2416640	Mean reward: 6.589504718780518, 	Mean reward done: 2.3313305377960205
Step: 2424832	Mean reward: 6.309509754180908, 	Mean reward done: 2.114198684692383
Step: 2433024	Mean reward: 6.159157752990723, 	Mean reward done: 2.1265504360198975
Step: 2441216	Mean reward: 6.4378228187561035, 	Mean reward done: 2.3208532333374023
Step: 2449408	Mean reward: 6.436027526855469, 	Mean reward done: 2.2469730377197266
Step: 2457600	Mean reward: 6.11104679107666, 	Mean reward done: 2.236557960510254
Step: 2465792	Mean reward: 7.706971168518066, 	Mean reward done: 2.689121723175049
Step: 2473984	Mean reward: 6.673923969268799, 	Mean reward done: 2.2608237266540527
Step: 2482176	Mean reward: 6.731905460357666, 	Mean reward done: 2.3490772247314453
Step: 2490368	Mean reward: 6.041683197021484, 	Mean reward done: 2.0664427280426025
Step: 2498560	Mean reward: 6.596155166625977, 	Mean reward done: 2.2769033908843994
Step: 2506752	Mean reward: 6.197927951812744, 	Mean reward done: 2.1766042709350586
Step: 2514944	Mean reward: 6.093332290649414, 	Mean reward done: 2.3282058238983154
Step: 2523136	Mean reward: 6.761942386627197, 	Mean reward done: 2.549133777618408
Step: 2531328	Mean reward: 7.4291558265686035, 	Mean reward done: 2.829085350036621
Step: 2539520	Mean reward: 6.0059895515441895, 	Mean reward done: 2.1875884532928467
Step: 2547712	Mean reward: 6.106284141540527, 	Mean reward done: 2.254072904586792
Step: 2555904	Mean reward: 6.745445251464844, 	Mean reward done: 2.546576976776123
Step: 2564096	Mean reward: 6.260383129119873, 	Mean reward done: 2.6661617755889893
Step: 2572288	Mean reward: 6.50445556640625, 	Mean reward done: 2.3433971405029297
Step: 2580480	Mean reward: 6.836680889129639, 	Mean reward done: 2.518202066421509
Step: 2588672	Mean reward: 6.07603645324707, 	Mean reward done: 1.9039251804351807
Step: 2596864	Mean reward: 6.179332733154297, 	Mean reward done: 2.1489226818084717
Step: 2605056	Mean reward: 5.5955305099487305, 	Mean reward done: 2.114107608795166
Step: 2613248	Mean reward: 6.222081661224365, 	Mean reward done: 2.1383845806121826
Step: 2621440	Mean reward: 6.219820499420166, 	Mean reward done: 2.1873836517333984
Step: 2629632	Mean reward: 6.392583847045898, 	Mean reward done: 2.172118902206421
Step: 2637824	Mean reward: 6.7258195877075195, 	Mean reward done: 2.5076208114624023
Step: 2646016	Mean reward: 6.445873737335205, 	Mean reward done: 2.460247278213501
Step: 2654208	Mean reward: 7.122677326202393, 	Mean reward done: 2.498532772064209
Step: 2662400	Mean reward: 6.6617889404296875, 	Mean reward done: 2.718907594680786
Step: 2670592	Mean reward: 6.220948219299316, 	Mean reward done: 2.2947914600372314
Step: 2678784	Mean reward: 6.148868083953857, 	Mean reward done: 2.003701686859131
Step: 2686976	Mean reward: 6.018049716949463, 	Mean reward done: 2.3540518283843994
Step: 2695168	Mean reward: 6.930371284484863, 	Mean reward done: 2.6100049018859863
Step: 2703360	Mean reward: 6.334008693695068, 	Mean reward done: 2.2333290576934814
Step: 2711552	Mean reward: 7.172757625579834, 	Mean reward done: 2.52181077003479
Step: 2719744	Mean reward: 6.675954341888428, 	Mean reward done: 2.3404459953308105
Step: 2727936	Mean reward: 6.2809858322143555, 	Mean reward done: 2.4349687099456787
Step: 2736128	Mean reward: 6.178497791290283, 	Mean reward done: 2.2620747089385986
Step: 2744320	Mean reward: 6.322103023529053, 	Mean reward done: 2.2170755863189697
Step: 2752512	Mean reward: 6.609642028808594, 	Mean reward done: 2.353872537612915
Step: 2760704	Mean reward: 6.4343461990356445, 	Mean reward done: 2.4689111709594727
Step: 2768896	Mean reward: 6.490176677703857, 	Mean reward done: 2.2814409732818604
Step: 2777088	Mean reward: 6.863208770751953, 	Mean reward done: 2.5706937313079834
Step: 2785280	Mean reward: 6.671437740325928, 	Mean reward done: 2.690959930419922
Step: 2793472	Mean reward: 6.163369178771973, 	Mean reward done: 2.4345622062683105
Step: 2801664	Mean reward: 6.8803629875183105, 	Mean reward done: 2.333138942718506
Step: 2809856	Mean reward: 5.998087406158447, 	Mean reward done: 2.2204456329345703
Step: 2818048	Mean reward: 6.859081268310547, 	Mean reward done: 2.710242509841919
Step: 2826240	Mean reward: 6.364450454711914, 	Mean reward done: 2.337956666946411
Step: 2834432	Mean reward: 5.686974048614502, 	Mean reward done: 2.1089789867401123
Step: 2842624	Mean reward: 6.680911540985107, 	Mean reward done: 2.6001315116882324
Step: 2850816	Mean reward: 6.650317192077637, 	Mean reward done: 2.2767515182495117
Step: 2859008	Mean reward: 6.806277275085449, 	Mean reward done: 2.467823028564453
Step: 2867200	Mean reward: 7.306187629699707, 	Mean reward done: 3.098198413848877
Step: 2875392	Mean reward: 6.595311641693115, 	Mean reward done: 2.899182081222534
Step: 2883584	Mean reward: 6.0165205001831055, 	Mean reward done: 2.329782247543335
Step: 2891776	Mean reward: 6.917823791503906, 	Mean reward done: 2.5666728019714355
Step: 2899968	Mean reward: 7.0584001541137695, 	Mean reward done: 2.47115421295166
Step: 2908160	Mean reward: 6.335869789123535, 	Mean reward done: 2.229012966156006
Step: 2916352	Mean reward: 6.662580490112305, 	Mean reward done: 2.574284315109253
Step: 2924544	Mean reward: 5.926718235015869, 	Mean reward done: 2.4694764614105225
Step: 2932736	Mean reward: 6.539028167724609, 	Mean reward done: 2.650679588317871
Step: 2940928	Mean reward: 6.650732517242432, 	Mean reward done: 2.7031960487365723
Step: 2949120	Mean reward: 6.444972515106201, 	Mean reward done: 2.342916488647461
Step: 2957312	Mean reward: 6.385372161865234, 	Mean reward done: 2.4617793560028076
Step: 2965504	Mean reward: 5.795858383178711, 	Mean reward done: 2.1391916275024414
Step: 2973696	Mean reward: 6.292354106903076, 	Mean reward done: 2.6693804264068604
Step: 2981888	Mean reward: 6.175093173980713, 	Mean reward done: 2.602663993835449
Step: 2990080	Mean reward: 6.22956657409668, 	Mean reward done: 2.4265012741088867
Step: 2998272	Mean reward: 6.412439823150635, 	Mean reward done: 2.2151362895965576
Step: 3006464	Mean reward: 7.148948669433594, 	Mean reward done: 2.74375319480896
Step: 3014656	Mean reward: 7.031062126159668, 	Mean reward done: 2.818131685256958
Step: 3022848	Mean reward: 6.355504989624023, 	Mean reward done: 2.5912160873413086
Step: 3031040	Mean reward: 6.3943963050842285, 	Mean reward done: 1.9645018577575684
Step: 3039232	Mean reward: 7.287438869476318, 	Mean reward done: 2.960678815841675
Step: 3047424	Mean reward: 6.402633190155029, 	Mean reward done: 2.452448844909668
Step: 3055616	Mean reward: 6.612325668334961, 	Mean reward done: 2.7161178588867188
Step: 3063808	Mean reward: 6.846658229827881, 	Mean reward done: 2.565732002258301
Step: 3072000	Mean reward: 6.288750648498535, 	Mean reward done: 2.601933240890503
Step: 3080192	Mean reward: 6.467684745788574, 	Mean reward done: 2.411821126937866
Step: 3088384	Mean reward: 6.648028373718262, 	Mean reward done: 2.546051263809204
Step: 3096576	Mean reward: 6.503254413604736, 	Mean reward done: 2.340937376022339
Step: 3104768	Mean reward: 6.558107852935791, 	Mean reward done: 2.431729555130005
Step: 3112960	Mean reward: 6.271844863891602, 	Mean reward done: 2.443763256072998
Step: 3121152	Mean reward: 7.296693801879883, 	Mean reward done: 3.135535717010498
Step: 3129344	Mean reward: 6.6281561851501465, 	Mean reward done: 2.5142221450805664
Step: 3137536	Mean reward: 6.806595802307129, 	Mean reward done: 2.456526279449463
Step: 3145728	Mean reward: 6.787333011627197, 	Mean reward done: 2.763504981994629
Step: 3153920	Mean reward: 6.458656311035156, 	Mean reward done: 2.191814422607422
Step: 3162112	Mean reward: 6.427962779998779, 	Mean reward done: 2.476707935333252
Step: 3170304	Mean reward: 7.240799903869629, 	Mean reward done: 2.6772265434265137
Step: 3178496	Mean reward: 6.8986382484436035, 	Mean reward done: 2.6425933837890625
Step: 3186688	Mean reward: 6.683002948760986, 	Mean reward done: 2.7939469814300537
Step: 3194880	Mean reward: 6.957849025726318, 	Mean reward done: 2.9143056869506836
Step: 3203072	Mean reward: 7.009185791015625, 	Mean reward done: 2.6267950534820557
Step: 3211264	Mean reward: 7.2577996253967285, 	Mean reward done: 2.71816086769104
Step: 3219456	Mean reward: 6.988056659698486, 	Mean reward done: 2.5732593536376953
Step: 3227648	Mean reward: 6.634570121765137, 	Mean reward done: 2.486802339553833
Step: 3235840	Mean reward: 6.114660739898682, 	Mean reward done: 2.4673213958740234
Step: 3244032	Mean reward: 6.264744281768799, 	Mean reward done: 2.1348609924316406
Step: 3252224	Mean reward: 6.876433372497559, 	Mean reward done: 2.464296340942383
Step: 3260416	Mean reward: 6.0641255378723145, 	Mean reward done: 2.108470916748047
Step: 3268608	Mean reward: 6.2601423263549805, 	Mean reward done: 2.1624057292938232
Step: 3276800	Mean reward: 6.703902244567871, 	Mean reward done: 2.518592357635498
Step: 3284992	Mean reward: 6.630620956420898, 	Mean reward done: 2.4535677433013916
Step: 3293184	Mean reward: 6.546113967895508, 	Mean reward done: 2.4402544498443604
Step: 3301376	Mean reward: 6.4885382652282715, 	Mean reward done: 2.2651796340942383
Step: 3309568	Mean reward: 6.179713249206543, 	Mean reward done: 2.3547120094299316
Step: 3317760	Mean reward: 6.220099925994873, 	Mean reward done: 2.2755885124206543
Step: 3325952	Mean reward: 6.762847423553467, 	Mean reward done: 2.211057186126709
Step: 3334144	Mean reward: 6.747602462768555, 	Mean reward done: 2.6140060424804688
Step: 3342336	Mean reward: 6.186493873596191, 	Mean reward done: 2.549623489379883
Step: 3350528	Mean reward: 6.892361640930176, 	Mean reward done: 2.588711738586426
Step: 3358720	Mean reward: 6.611512660980225, 	Mean reward done: 2.409144163131714
Step: 3366912	Mean reward: 6.901178359985352, 	Mean reward done: 2.4858999252319336
Step: 3375104	Mean reward: 6.452688217163086, 	Mean reward done: 2.6051836013793945
Step: 3383296	Mean reward: 6.64574670791626, 	Mean reward done: 2.7713849544525146
Step: 3391488	Mean reward: 6.837122440338135, 	Mean reward done: 2.3633534908294678
Step: 3399680	Mean reward: 6.224735736846924, 	Mean reward done: 2.026744842529297
Step: 3407872	Mean reward: 6.238275051116943, 	Mean reward done: 2.5205516815185547
Step: 3416064	Mean reward: 6.500189304351807, 	Mean reward done: 2.35933256149292
Step: 3424256	Mean reward: 7.009862899780273, 	Mean reward done: 2.874511480331421
Step: 3432448	Mean reward: 6.686173915863037, 	Mean reward done: 2.429859161376953
Step: 3440640	Mean reward: 6.765850067138672, 	Mean reward done: 3.1911354064941406
Step: 3448832	Mean reward: 7.025643825531006, 	Mean reward done: 2.4377269744873047
Step: 3457024	Mean reward: 6.539275646209717, 	Mean reward done: 2.364483594894409
Step: 3465216	Mean reward: 6.871148109436035, 	Mean reward done: 2.5535922050476074
Step: 3473408	Mean reward: 6.741851806640625, 	Mean reward done: 2.4653000831604004
Step: 3481600	Mean reward: 6.904932022094727, 	Mean reward done: 2.610680341720581
Step: 3489792	Mean reward: 6.043804168701172, 	Mean reward done: 2.564354419708252
Step: 3497984	Mean reward: 6.828758239746094, 	Mean reward done: 2.7045516967773438
Step: 3506176	Mean reward: 6.397279739379883, 	Mean reward done: 2.4764652252197266
Step: 3514368	Mean reward: 6.409119129180908, 	Mean reward done: 2.201983690261841
Step: 3522560	Mean reward: 7.290276527404785, 	Mean reward done: 3.0145742893218994
Step: 3530752	Mean reward: 6.498887538909912, 	Mean reward done: 2.6273834705352783
Step: 3538944	Mean reward: 6.125364303588867, 	Mean reward done: 2.1705501079559326
Step: 3547136	Mean reward: 6.495160102844238, 	Mean reward done: 2.64770245552063
Step: 3555328	Mean reward: 6.2585930824279785, 	Mean reward done: 2.1911978721618652
Step: 3563520	Mean reward: 5.692587852478027, 	Mean reward done: 2.376509666442871
Step: 3571712	Mean reward: 6.669703006744385, 	Mean reward done: 2.323831796646118
Step: 3579904	Mean reward: 6.049335956573486, 	Mean reward done: 2.2369208335876465
Step: 3588096	Mean reward: 6.077680587768555, 	Mean reward done: 2.1820852756500244
Step: 3596288	Mean reward: 6.889270782470703, 	Mean reward done: 2.6006927490234375
Step: 3604480	Mean reward: 5.771298885345459, 	Mean reward done: 2.0844595432281494
Step: 3612672	Mean reward: 6.609816074371338, 	Mean reward done: 2.427041530609131
Step: 3620864	Mean reward: 6.347588062286377, 	Mean reward done: 2.2099521160125732
Step: 3629056	Mean reward: 6.938969612121582, 	Mean reward done: 2.6640706062316895
Step: 3637248	Mean reward: 6.329509258270264, 	Mean reward done: 2.2373416423797607
Step: 3645440	Mean reward: 6.176474094390869, 	Mean reward done: 2.46577787399292
Step: 3653632	Mean reward: 5.694833278656006, 	Mean reward done: 1.9601775407791138
Step: 3661824	Mean reward: 5.900968074798584, 	Mean reward done: 2.357866048812866
Step: 3670016	Mean reward: 5.748535633087158, 	Mean reward done: 2.1087124347686768
Step: 3678208	Mean reward: 6.614927768707275, 	Mean reward done: 2.7768449783325195
Step: 3686400	Mean reward: 6.186618804931641, 	Mean reward done: 2.2237467765808105
Step: 3694592	Mean reward: 6.622793674468994, 	Mean reward done: 2.357142686843872
Step: 3702784	Mean reward: 6.099030017852783, 	Mean reward done: 2.381009578704834
Step: 3710976	Mean reward: 6.771450042724609, 	Mean reward done: 2.5071310997009277
Step: 3719168	Mean reward: 5.671240329742432, 	Mean reward done: 2.0506179332733154
Step: 3727360	Mean reward: 6.17841911315918, 	Mean reward done: 2.5228588581085205
Step: 3735552	Mean reward: 6.231363773345947, 	Mean reward done: 2.3447673320770264
Step: 3743744	Mean reward: 6.491254806518555, 	Mean reward done: 2.398195505142212
Step: 3751936	Mean reward: 6.380748748779297, 	Mean reward done: 2.6289122104644775
Step: 3760128	Mean reward: 6.007833003997803, 	Mean reward done: 2.246309280395508
Step: 3768320	Mean reward: 6.335997104644775, 	Mean reward done: 2.171428918838501
Step: 3776512	Mean reward: 6.856556415557861, 	Mean reward done: 2.6260595321655273
Step: 3784704	Mean reward: 6.4437360763549805, 	Mean reward done: 2.3224897384643555
Step: 3792896	Mean reward: 6.387317180633545, 	Mean reward done: 2.447094440460205
Step: 3801088	Mean reward: 6.357769012451172, 	Mean reward done: 2.475508689880371
Step: 3809280	Mean reward: 5.793543338775635, 	Mean reward done: 2.0190672874450684
Step: 3817472	Mean reward: 6.244976043701172, 	Mean reward done: 2.348716974258423
Step: 3825664	Mean reward: 6.983445644378662, 	Mean reward done: 2.586840867996216
Step: 3833856	Mean reward: 6.419933319091797, 	Mean reward done: 2.365837574005127
Step: 3842048	Mean reward: 6.650407314300537, 	Mean reward done: 2.5440688133239746
Step: 3850240	Mean reward: 6.127348899841309, 	Mean reward done: 2.2359790802001953
Step: 3858432	Mean reward: 6.837343215942383, 	Mean reward done: 2.339510917663574
Step: 3866624	Mean reward: 6.808282852172852, 	Mean reward done: 2.477916717529297
Step: 3874816	Mean reward: 5.932249546051025, 	Mean reward done: 1.9714932441711426
Step: 3883008	Mean reward: 6.1088762283325195, 	Mean reward done: 2.0841176509857178
Step: 3891200	Mean reward: 6.107828140258789, 	Mean reward done: 2.434476852416992
Step: 3899392	Mean reward: 6.2307209968566895, 	Mean reward done: 2.2397336959838867
Step: 3907584	Mean reward: 6.203867435455322, 	Mean reward done: 2.211437940597534
Step: 3915776	Mean reward: 6.504080295562744, 	Mean reward done: 2.2101597785949707
Step: 3923968	Mean reward: 6.476081371307373, 	Mean reward done: 2.4774880409240723
Step: 3932160	Mean reward: 6.6382575035095215, 	Mean reward done: 2.328855037689209
Step: 3940352	Mean reward: 7.1015400886535645, 	Mean reward done: 2.675601005554199
Step: 3948544	Mean reward: 6.02082633972168, 	Mean reward done: 2.291372776031494
Step: 3956736	Mean reward: 6.430093765258789, 	Mean reward done: 2.4266486167907715
Step: 3964928	Mean reward: 6.401888370513916, 	Mean reward done: 2.3830761909484863
Step: 3973120	Mean reward: 6.442296028137207, 	Mean reward done: 2.2691352367401123
Step: 3981312	Mean reward: 6.768869400024414, 	Mean reward done: 2.498522996902466
Step: 3989504	Mean reward: 6.43943977355957, 	Mean reward done: 2.2160584926605225
Step: 3997696	Mean reward: 6.5344109535217285, 	Mean reward done: 2.3668484687805176
Step: 4005888	Mean reward: 6.274230003356934, 	Mean reward done: 2.5744736194610596
Step: 4014080	Mean reward: 6.149839401245117, 	Mean reward done: 2.476071834564209
Step: 4022272	Mean reward: 5.8762054443359375, 	Mean reward done: 2.3073103427886963
Step: 4030464	Mean reward: 6.379661560058594, 	Mean reward done: 2.2653706073760986
Step: 4038656	Mean reward: 6.24152946472168, 	Mean reward done: 2.6699109077453613
Step: 4046848	Mean reward: 6.703322410583496, 	Mean reward done: 2.2878029346466064
Step: 4055040	Mean reward: 6.47007942199707, 	Mean reward done: 2.292224645614624
Step: 4063232	Mean reward: 5.82949161529541, 	Mean reward done: 2.0982093811035156
Step: 4071424	Mean reward: 6.782369613647461, 	Mean reward done: 2.461672306060791
Step: 4079616	Mean reward: 6.373266696929932, 	Mean reward done: 2.2492544651031494
Step: 4087808	Mean reward: 6.059473991394043, 	Mean reward done: 2.431048631668091
Step: 4096000	Mean reward: 5.908816337585449, 	Mean reward done: 2.0758016109466553
Step: 4104192	Mean reward: 6.4659929275512695, 	Mean reward done: 2.9289698600769043
Step: 4112384	Mean reward: 6.28658390045166, 	Mean reward done: 2.3053081035614014
Step: 4120576	Mean reward: 6.380825519561768, 	Mean reward done: 2.276599884033203
Step: 4128768	Mean reward: 6.3531012535095215, 	Mean reward done: 2.406787395477295
Step: 4136960	Mean reward: 5.740313529968262, 	Mean reward done: 2.210428476333618
Step: 4145152	Mean reward: 6.365907669067383, 	Mean reward done: 2.483564853668213
Step: 4153344	Mean reward: 6.473184108734131, 	Mean reward done: 2.363985538482666
Step: 4161536	Mean reward: 6.608169078826904, 	Mean reward done: 2.5254275798797607
Step: 4169728	Mean reward: 6.2257080078125, 	Mean reward done: 2.1228091716766357
Step: 4177920	Mean reward: 6.211731910705566, 	Mean reward done: 2.2300634384155273
Step: 4186112	Mean reward: 6.292336940765381, 	Mean reward done: 2.454646587371826
Step: 4194304	Mean reward: 6.2496724128723145, 	Mean reward done: 2.2689030170440674
Step: 4202496	Mean reward: 6.751631736755371, 	Mean reward done: 2.385030508041382
Step: 4210688	Mean reward: 6.1114912033081055, 	Mean reward done: 2.3352675437927246
Step: 4218880	Mean reward: 6.490345478057861, 	Mean reward done: 2.4216575622558594
Step: 4227072	Mean reward: 6.475322723388672, 	Mean reward done: 2.4611656665802
Step: 4235264	Mean reward: 5.9185566902160645, 	Mean reward done: 2.069911003112793
Step: 4243456	Mean reward: 6.027535438537598, 	Mean reward done: 2.2116808891296387
Step: 4251648	Mean reward: 6.841348171234131, 	Mean reward done: 2.3833870887756348
Step: 4259840	Mean reward: 6.392085075378418, 	Mean reward done: 2.6317031383514404
Step: 4268032	Mean reward: 6.267841339111328, 	Mean reward done: 2.5575578212738037
Step: 4276224	Mean reward: 5.642100811004639, 	Mean reward done: 2.1275391578674316
Step: 4284416	Mean reward: 6.3468403816223145, 	Mean reward done: 2.3698925971984863
Step: 4292608	Mean reward: 6.6706767082214355, 	Mean reward done: 2.952301263809204
Step: 4300800	Mean reward: 6.357187271118164, 	Mean reward done: 2.226823329925537
Step: 4308992	Mean reward: 6.30210542678833, 	Mean reward done: 2.727525472640991
Step: 4317184	Mean reward: 6.150689601898193, 	Mean reward done: 2.2839300632476807
Step: 4325376	Mean reward: 6.880817890167236, 	Mean reward done: 2.549168109893799
Step: 4333568	Mean reward: 5.971675395965576, 	Mean reward done: 2.2421987056732178
Step: 4341760	Mean reward: 6.836522102355957, 	Mean reward done: 2.8891727924346924
Step: 4349952	Mean reward: 5.900476932525635, 	Mean reward done: 2.1574182510375977
Step: 4358144	Mean reward: 6.833213806152344, 	Mean reward done: 2.7411715984344482
Step: 4366336	Mean reward: 5.924874782562256, 	Mean reward done: 2.443669557571411
Step: 4374528	Mean reward: 6.315231800079346, 	Mean reward done: 2.1490254402160645
Step: 4382720	Mean reward: 6.152712821960449, 	Mean reward done: 2.3450167179107666
Step: 4390912	Mean reward: 6.476735591888428, 	Mean reward done: 2.4822936058044434
Step: 4399104	Mean reward: 6.838780403137207, 	Mean reward done: 2.6501364707946777
Step: 4407296	Mean reward: 6.430886268615723, 	Mean reward done: 2.4757540225982666
Step: 4415488	Mean reward: 6.361202716827393, 	Mean reward done: 2.3398706912994385
Step: 4423680	Mean reward: 5.8888773918151855, 	Mean reward done: 2.2195839881896973
Step: 4431872	Mean reward: 6.522525310516357, 	Mean reward done: 2.4802613258361816
Step: 4440064	Mean reward: 5.940176486968994, 	Mean reward done: 2.201690435409546
Step: 4448256	Mean reward: 5.911818981170654, 	Mean reward done: 2.135948896408081
Step: 4456448	Mean reward: 6.113342761993408, 	Mean reward done: 2.5022401809692383
Step: 4464640	Mean reward: 7.270663261413574, 	Mean reward done: 2.7405545711517334
Step: 4472832	Mean reward: 7.346375465393066, 	Mean reward done: 3.0890817642211914
Step: 4481024	Mean reward: 6.399383544921875, 	Mean reward done: 2.3089466094970703
Step: 4489216	Mean reward: 6.881648063659668, 	Mean reward done: 2.7484049797058105
Step: 4497408	Mean reward: 6.837805271148682, 	Mean reward done: 3.2898941040039062
Step: 4505600	Mean reward: 6.349320411682129, 	Mean reward done: 2.6220128536224365
Step: 4513792	Mean reward: 6.549827575683594, 	Mean reward done: 2.2751755714416504
Step: 4521984	Mean reward: 7.166813850402832, 	Mean reward done: 2.869626522064209
Step: 4530176	Mean reward: 6.626267433166504, 	Mean reward done: 2.6970973014831543
Step: 4538368	Mean reward: 7.053423881530762, 	Mean reward done: 2.7049286365509033
Step: 4546560	Mean reward: 6.272629261016846, 	Mean reward done: 2.4356253147125244
Step: 4554752	Mean reward: 6.379753112792969, 	Mean reward done: 2.3179798126220703
Step: 4562944	Mean reward: 6.96993350982666, 	Mean reward done: 2.614278793334961
Step: 4571136	Mean reward: 6.926077842712402, 	Mean reward done: 2.8310797214508057
Step: 4579328	Mean reward: 6.345161437988281, 	Mean reward done: 2.3972156047821045
Step: 4587520	Mean reward: 6.5177459716796875, 	Mean reward done: 2.605088233947754
Step: 4595712	Mean reward: 6.663461208343506, 	Mean reward done: 2.335116386413574
Step: 4603904	Mean reward: 6.675485610961914, 	Mean reward done: 2.580383062362671
Step: 4612096	Mean reward: 6.767253398895264, 	Mean reward done: 2.8185791969299316
Step: 4620288	Mean reward: 6.911184310913086, 	Mean reward done: 3.0894927978515625
Step: 4628480	Mean reward: 6.398365020751953, 	Mean reward done: 2.218682289123535
Step: 4636672	Mean reward: 6.851149082183838, 	Mean reward done: 3.0163402557373047
Step: 4644864	Mean reward: 7.008871555328369, 	Mean reward done: 2.5734896659851074
Step: 4653056	Mean reward: 6.591611862182617, 	Mean reward done: 2.498037815093994
Step: 4661248	Mean reward: 5.92254638671875, 	Mean reward done: 2.277217388153076
Step: 4669440	Mean reward: 6.617572784423828, 	Mean reward done: 2.6757729053497314
Step: 4677632	Mean reward: 6.562499046325684, 	Mean reward done: 2.4815351963043213
Step: 4685824	Mean reward: 6.653915882110596, 	Mean reward done: 2.497443437576294
Step: 4694016	Mean reward: 7.066242218017578, 	Mean reward done: 3.26708722114563
Step: 4702208	Mean reward: 6.276142120361328, 	Mean reward done: 2.333519697189331
Step: 4710400	Mean reward: 6.3027424812316895, 	Mean reward done: 2.2900876998901367
Step: 4718592	Mean reward: 6.835262775421143, 	Mean reward done: 2.5532195568084717
Step: 4726784	Mean reward: 5.939688205718994, 	Mean reward done: 2.0889015197753906
Step: 4734976	Mean reward: 6.820261478424072, 	Mean reward done: 2.464500904083252
Step: 4743168	Mean reward: 7.164600372314453, 	Mean reward done: 3.080862283706665
Step: 4751360	Mean reward: 6.027336597442627, 	Mean reward done: 2.439159870147705
Step: 4759552	Mean reward: 7.517252445220947, 	Mean reward done: 3.206655979156494
Step: 4767744	Mean reward: 6.6734418869018555, 	Mean reward done: 2.854962110519409
Step: 4775936	Mean reward: 6.830488681793213, 	Mean reward done: 2.782792329788208
Step: 4784128	Mean reward: 6.38850736618042, 	Mean reward done: 2.5032761096954346
Step: 4792320	Mean reward: 6.160987854003906, 	Mean reward done: 2.405177354812622
Step: 4800512	Mean reward: 6.931820869445801, 	Mean reward done: 2.6654014587402344
Step: 4808704	Mean reward: 6.809652805328369, 	Mean reward done: 3.0423924922943115
Step: 4816896	Mean reward: 7.26780891418457, 	Mean reward done: 2.864388942718506
Step: 4825088	Mean reward: 6.799492835998535, 	Mean reward done: 2.5526864528656006
Step: 4833280	Mean reward: 6.983405590057373, 	Mean reward done: 2.7935853004455566
Step: 4841472	Mean reward: 6.887261390686035, 	Mean reward done: 2.812187433242798
Step: 4849664	Mean reward: 7.043052673339844, 	Mean reward done: 2.940136194229126
Step: 4857856	Mean reward: 6.217733383178711, 	Mean reward done: 2.774338483810425
Step: 4866048	Mean reward: 7.50084114074707, 	Mean reward done: 3.3373818397521973
Step: 4874240	Mean reward: 6.079610824584961, 	Mean reward done: 2.2329416275024414
Step: 4882432	Mean reward: 7.150651931762695, 	Mean reward done: 3.366112232208252
Step: 4890624	Mean reward: 6.417145252227783, 	Mean reward done: 2.9221034049987793
Step: 4898816	Mean reward: 6.639214038848877, 	Mean reward done: 2.569058656692505
Step: 4907008	Mean reward: 7.483829498291016, 	Mean reward done: 3.168729543685913
Step: 4915200	Mean reward: 6.911956787109375, 	Mean reward done: 2.6927554607391357
Step: 4923392	Mean reward: 5.56285285949707, 	Mean reward done: 1.9511829614639282
Step: 4931584	Mean reward: 6.896517753601074, 	Mean reward done: 3.0475051403045654
Step: 4939776	Mean reward: 7.1453728675842285, 	Mean reward done: 2.9169199466705322
Step: 4947968	Mean reward: 6.747002601623535, 	Mean reward done: 2.484462022781372
Step: 4956160	Mean reward: 6.573639392852783, 	Mean reward done: 2.6664140224456787
Step: 4964352	Mean reward: 6.9134697914123535, 	Mean reward done: 3.025757074356079
Step: 4972544	Mean reward: 6.738677978515625, 	Mean reward done: 2.7737104892730713
Step: 4980736	Mean reward: 6.77637243270874, 	Mean reward done: 2.7663629055023193
Step: 4988928	Mean reward: 6.576277256011963, 	Mean reward done: 2.5929393768310547
Step: 4997120	Mean reward: 7.27180814743042, 	Mean reward done: 3.199200391769409
Step: 5005312	Mean reward: 6.4646830558776855, 	Mean reward done: 2.6639866828918457
Step: 5013504	Mean reward: 6.700060844421387, 	Mean reward done: 2.50539231300354
Step: 5021696	Mean reward: 6.304064750671387, 	Mean reward done: 2.591597557067871
Step: 5029888	Mean reward: 6.421919345855713, 	Mean reward done: 2.2590761184692383
Step: 5038080	Mean reward: 6.6182475090026855, 	Mean reward done: 2.4692330360412598
Step: 5046272	Mean reward: 6.773887634277344, 	Mean reward done: 2.7172272205352783
Step: 5054464	Mean reward: 6.5874786376953125, 	Mean reward done: 2.546459913253784
Step: 5062656	Mean reward: 7.110194206237793, 	Mean reward done: 2.81581711769104
Step: 5070848	Mean reward: 6.13585090637207, 	Mean reward done: 2.378136396408081
Step: 5079040	Mean reward: 6.805078983306885, 	Mean reward done: 2.8737616539001465
Step: 5087232	Mean reward: 6.802515029907227, 	Mean reward done: 2.881438732147217
Step: 5095424	Mean reward: 6.786273956298828, 	Mean reward done: 3.144821882247925
Step: 5103616	Mean reward: 6.8235368728637695, 	Mean reward done: 2.9809179306030273
Step: 5111808	Mean reward: 6.244257926940918, 	Mean reward done: 2.2836573123931885
Step: 5120000	Mean reward: 7.094422340393066, 	Mean reward done: 3.0761961936950684
Step: 5128192	Mean reward: 6.567153453826904, 	Mean reward done: 2.6259870529174805
Step: 5136384	Mean reward: 6.604057788848877, 	Mean reward done: 2.6807098388671875
Step: 5144576	Mean reward: 6.418790817260742, 	Mean reward done: 2.7738378047943115
Step: 5152768	Mean reward: 6.247385501861572, 	Mean reward done: 2.411200523376465
Step: 5160960	Mean reward: 6.533398628234863, 	Mean reward done: 2.988475799560547
Step: 5169152	Mean reward: 6.400121212005615, 	Mean reward done: 2.4998393058776855
Step: 5177344	Mean reward: 6.5561604499816895, 	Mean reward done: 2.709927558898926
Step: 5185536	Mean reward: 6.411025047302246, 	Mean reward done: 2.4793665409088135
Step: 5193728	Mean reward: 6.684852600097656, 	Mean reward done: 2.850762128829956
Step: 5201920	Mean reward: 6.433651447296143, 	Mean reward done: 2.565169095993042
Step: 5210112	Mean reward: 6.614869594573975, 	Mean reward done: 2.8378992080688477
Step: 5218304	Mean reward: 6.966155052185059, 	Mean reward done: 2.7511725425720215
Step: 5226496	Mean reward: 6.846063137054443, 	Mean reward done: 3.1083712577819824
Step: 5234688	Mean reward: 6.56849479675293, 	Mean reward done: 2.520535469055176
Step: 5242880	Mean reward: 6.476040840148926, 	Mean reward done: 2.492708444595337
Step: 5251072	Mean reward: 7.101722717285156, 	Mean reward done: 3.1940295696258545
Step: 5259264	Mean reward: 6.6286821365356445, 	Mean reward done: 2.698871374130249
Step: 5267456	Mean reward: 6.482717037200928, 	Mean reward done: 2.6619985103607178
Step: 5275648	Mean reward: 6.012249946594238, 	Mean reward done: 2.126892566680908
Step: 5283840	Mean reward: 6.416732311248779, 	Mean reward done: 2.4171414375305176
Step: 5292032	Mean reward: 6.793826103210449, 	Mean reward done: 3.0448338985443115
Step: 5300224	Mean reward: 6.3358845710754395, 	Mean reward done: 2.482419967651367
Step: 5308416	Mean reward: 6.568982124328613, 	Mean reward done: 3.0552937984466553
Step: 5316608	Mean reward: 6.760888576507568, 	Mean reward done: 2.5413124561309814
Step: 5324800	Mean reward: 6.576714038848877, 	Mean reward done: 2.664327383041382
Step: 5332992	Mean reward: 6.367018222808838, 	Mean reward done: 2.2757644653320312
Step: 5341184	Mean reward: 6.718283653259277, 	Mean reward done: 2.880660057067871
Step: 5349376	Mean reward: 6.793679237365723, 	Mean reward done: 2.593187093734741
Step: 5357568	Mean reward: 6.3755903244018555, 	Mean reward done: 2.599029302597046
Step: 5365760	Mean reward: 6.7644853591918945, 	Mean reward done: 3.1990573406219482
Step: 5373952	Mean reward: 6.579934120178223, 	Mean reward done: 3.0038816928863525
Step: 5382144	Mean reward: 6.6037092208862305, 	Mean reward done: 2.442807197570801
Step: 5390336	Mean reward: 6.810896396636963, 	Mean reward done: 2.6097588539123535
Step: 5398528	Mean reward: 7.015425682067871, 	Mean reward done: 2.933928966522217
Step: 5406720	Mean reward: 5.7273359298706055, 	Mean reward done: 2.288336753845215
Step: 5414912	Mean reward: 6.6616621017456055, 	Mean reward done: 2.7410640716552734
Step: 5423104	Mean reward: 6.763676166534424, 	Mean reward done: 2.6840450763702393
Step: 5431296	Mean reward: 7.151131629943848, 	Mean reward done: 3.0170657634735107
Step: 5439488	Mean reward: 7.070494651794434, 	Mean reward done: 2.344937801361084
Step: 5447680	Mean reward: 6.589496612548828, 	Mean reward done: 3.104494333267212
Step: 5455872	Mean reward: 6.910501956939697, 	Mean reward done: 3.108422040939331
Step: 5464064	Mean reward: 6.700201034545898, 	Mean reward done: 2.6913139820098877
Step: 5472256	Mean reward: 6.581872463226318, 	Mean reward done: 3.0296478271484375
Step: 5480448	Mean reward: 6.5789690017700195, 	Mean reward done: 2.3483965396881104
Step: 5488640	Mean reward: 6.421713829040527, 	Mean reward done: 2.37685489654541
Step: 5496832	Mean reward: 6.019658088684082, 	Mean reward done: 2.135359764099121
Step: 5505024	Mean reward: 6.912337779998779, 	Mean reward done: 2.9437901973724365
Step: 5513216	Mean reward: 6.845337390899658, 	Mean reward done: 2.6570374965667725
Step: 5521408	Mean reward: 6.907176971435547, 	Mean reward done: 3.1000378131866455
Step: 5529600	Mean reward: 6.3362860679626465, 	Mean reward done: 2.3342950344085693
Step: 5537792	Mean reward: 7.12302303314209, 	Mean reward done: 3.0907297134399414
Step: 5545984	Mean reward: 6.771087646484375, 	Mean reward done: 2.552943229675293
Step: 5554176	Mean reward: 6.485456466674805, 	Mean reward done: 2.727034568786621
Step: 5562368	Mean reward: 6.75602388381958, 	Mean reward done: 2.398409366607666
Step: 5570560	Mean reward: 6.458009719848633, 	Mean reward done: 2.4574902057647705
Step: 5578752	Mean reward: 6.211103439331055, 	Mean reward done: 2.4760537147521973
Step: 5586944	Mean reward: 6.326616287231445, 	Mean reward done: 2.459634780883789
Step: 5595136	Mean reward: 6.790489673614502, 	Mean reward done: 2.7131803035736084
Step: 5603328	Mean reward: 6.620452404022217, 	Mean reward done: 2.5040762424468994
Step: 5611520	Mean reward: 7.366397380828857, 	Mean reward done: 2.8564674854278564
Step: 5619712	Mean reward: 7.414822578430176, 	Mean reward done: 3.1260411739349365
Step: 5627904	Mean reward: 6.818423271179199, 	Mean reward done: 2.6895601749420166
Step: 5636096	Mean reward: 6.366175174713135, 	Mean reward done: 2.5376625061035156
Step: 5644288	Mean reward: 5.850275039672852, 	Mean reward done: 2.258068084716797
Step: 5652480	Mean reward: 6.38990592956543, 	Mean reward done: 2.6023385524749756
Step: 5660672	Mean reward: 6.748862266540527, 	Mean reward done: 2.8871519565582275
Step: 5668864	Mean reward: 7.261361122131348, 	Mean reward done: 2.7015480995178223
Step: 5677056	Mean reward: 6.022735118865967, 	Mean reward done: 2.668186664581299
Step: 5685248	Mean reward: 6.060637474060059, 	Mean reward done: 2.3028717041015625
Step: 5693440	Mean reward: 6.03416633605957, 	Mean reward done: 2.4284632205963135
Step: 5701632	Mean reward: 6.445888996124268, 	Mean reward done: 2.3459088802337646
Step: 5709824	Mean reward: 6.35419225692749, 	Mean reward done: 2.918757915496826
Step: 5718016	Mean reward: 6.288450241088867, 	Mean reward done: 2.3617055416107178
Step: 5726208	Mean reward: 6.274949550628662, 	Mean reward done: 2.3543968200683594
Step: 5734400	Mean reward: 6.659618854522705, 	Mean reward done: 2.514072895050049
Step: 5742592	Mean reward: 6.683350563049316, 	Mean reward done: 2.476266622543335
Step: 5750784	Mean reward: 6.463512897491455, 	Mean reward done: 2.6385302543640137
Step: 5758976	Mean reward: 5.934307098388672, 	Mean reward done: 2.285093307495117
Step: 5767168	Mean reward: 6.409041404724121, 	Mean reward done: 2.6569466590881348
Step: 5775360	Mean reward: 6.819287300109863, 	Mean reward done: 2.509610652923584
Step: 5783552	Mean reward: 6.484346389770508, 	Mean reward done: 2.4171788692474365
Step: 5791744	Mean reward: 6.4565324783325195, 	Mean reward done: 2.487839460372925
Step: 5799936	Mean reward: 6.763144016265869, 	Mean reward done: 2.7623651027679443
Step: 5808128	Mean reward: 6.056074619293213, 	Mean reward done: 2.4538674354553223
Step: 5816320	Mean reward: 6.479093551635742, 	Mean reward done: 2.522141933441162
Step: 5824512	Mean reward: 6.412524223327637, 	Mean reward done: 2.45172119140625
Step: 5832704	Mean reward: 5.847471714019775, 	Mean reward done: 2.426614999771118
Step: 5840896	Mean reward: 6.717990875244141, 	Mean reward done: 2.831646680831909
Step: 5849088	Mean reward: 5.921502590179443, 	Mean reward done: 2.4566104412078857
Step: 5857280	Mean reward: 6.420658588409424, 	Mean reward done: 2.1921231746673584
Step: 5865472	Mean reward: 6.4979681968688965, 	Mean reward done: 2.6199071407318115
Step: 5873664	Mean reward: 5.971711158752441, 	Mean reward done: 2.4123928546905518
Step: 5881856	Mean reward: 6.522348880767822, 	Mean reward done: 2.8981125354766846
Step: 5890048	Mean reward: 6.546091556549072, 	Mean reward done: 2.5471248626708984
Step: 5898240	Mean reward: 6.864274024963379, 	Mean reward done: 2.7000350952148438
Step: 5906432	Mean reward: 6.299846172332764, 	Mean reward done: 2.310157060623169
Step: 5914624	Mean reward: 6.479025840759277, 	Mean reward done: 2.634506940841675
Step: 5922816	Mean reward: 6.580967426300049, 	Mean reward done: 2.527611494064331
Step: 5931008	Mean reward: 6.477712154388428, 	Mean reward done: 2.952950954437256
Step: 5939200	Mean reward: 6.2974138259887695, 	Mean reward done: 2.3348629474639893
Step: 5947392	Mean reward: 5.79824686050415, 	Mean reward done: 2.1044769287109375
Step: 5955584	Mean reward: 6.2205095291137695, 	Mean reward done: 2.4884157180786133
Step: 5963776	Mean reward: 6.719202041625977, 	Mean reward done: 2.694079875946045
Step: 5971968	Mean reward: 6.858133316040039, 	Mean reward done: 2.6027204990386963
Step: 5980160	Mean reward: 6.881772041320801, 	Mean reward done: 2.671694755554199
Step: 5988352	Mean reward: 6.433504104614258, 	Mean reward done: 2.3864502906799316
Step: 5996544	Mean reward: 6.764795780181885, 	Mean reward done: 2.429702043533325
Step: 6004736	Mean reward: 6.009779930114746, 	Mean reward done: 2.182274103164673
Step: 6012928	Mean reward: 6.1500630378723145, 	Mean reward done: 2.1927976608276367
Step: 6021120	Mean reward: 5.7796244621276855, 	Mean reward done: 2.238753080368042
Step: 6029312	Mean reward: 6.598162651062012, 	Mean reward done: 2.5614771842956543
Step: 6037504	Mean reward: 6.78840970993042, 	Mean reward done: 2.63993501663208
Step: 6045696	Mean reward: 5.585402965545654, 	Mean reward done: 2.475299119949341
Step: 6053888	Mean reward: 6.440826892852783, 	Mean reward done: 2.363128900527954
Step: 6062080	Mean reward: 6.3130340576171875, 	Mean reward done: 2.3876216411590576
Step: 6070272	Mean reward: 6.388883590698242, 	Mean reward done: 2.5843117237091064
Step: 6078464	Mean reward: 6.745695114135742, 	Mean reward done: 2.8490333557128906
Step: 6086656	Mean reward: 6.4747395515441895, 	Mean reward done: 2.4839000701904297
Step: 6094848	Mean reward: 7.009583950042725, 	Mean reward done: 2.738715887069702
Step: 6103040	Mean reward: 6.6625590324401855, 	Mean reward done: 2.645238161087036
Step: 6111232	Mean reward: 6.622674942016602, 	Mean reward done: 2.54251766204834
Step: 6119424	Mean reward: 6.621471405029297, 	Mean reward done: 2.725987672805786
Step: 6127616	Mean reward: 7.168125152587891, 	Mean reward done: 3.068552255630493
Step: 6135808	Mean reward: 6.6685614585876465, 	Mean reward done: 2.6510515213012695
Step: 6144000	Mean reward: 5.9653801918029785, 	Mean reward done: 2.3039331436157227
Step: 6152192	Mean reward: 6.156432628631592, 	Mean reward done: 2.4428160190582275
Step: 6160384	Mean reward: 6.499917030334473, 	Mean reward done: 2.453608274459839
Step: 6168576	Mean reward: 6.842258930206299, 	Mean reward done: 2.7352049350738525
Step: 6176768	Mean reward: 6.840023040771484, 	Mean reward done: 2.724766492843628
Step: 6184960	Mean reward: 6.7873616218566895, 	Mean reward done: 2.639176845550537
Step: 6193152	Mean reward: 5.716174602508545, 	Mean reward done: 2.078319549560547
Step: 6201344	Mean reward: 6.568783760070801, 	Mean reward done: 2.400702953338623
Step: 6209536	Mean reward: 6.694857597351074, 	Mean reward done: 2.757699966430664
Step: 6217728	Mean reward: 6.363262176513672, 	Mean reward done: 2.4254627227783203
Step: 6225920	Mean reward: 6.502728462219238, 	Mean reward done: 2.547219753265381
Step: 6234112	Mean reward: 6.184051513671875, 	Mean reward done: 2.188593626022339
Step: 6242304	Mean reward: 6.475724220275879, 	Mean reward done: 2.5752384662628174
Step: 6250496	Mean reward: 7.020671844482422, 	Mean reward done: 2.776901960372925
Step: 6258688	Mean reward: 6.307105541229248, 	Mean reward done: 2.8865158557891846
Step: 6266880	Mean reward: 6.8902153968811035, 	Mean reward done: 3.0828053951263428
Step: 6275072	Mean reward: 6.418365955352783, 	Mean reward done: 2.4042396545410156
Step: 6283264	Mean reward: 5.97353458404541, 	Mean reward done: 2.0350258350372314
Step: 6291456	Mean reward: 5.5920891761779785, 	Mean reward done: 2.2241263389587402
Step: 6299648	Mean reward: 6.621808052062988, 	Mean reward done: 2.5980963706970215
Step: 6307840	Mean reward: 6.8871660232543945, 	Mean reward done: 2.713569164276123
Step: 6316032	Mean reward: 6.439419269561768, 	Mean reward done: 2.5931293964385986
Step: 6324224	Mean reward: 6.539603233337402, 	Mean reward done: 2.7237751483917236
Step: 6332416	Mean reward: 6.538620948791504, 	Mean reward done: 2.4419333934783936
Step: 6340608	Mean reward: 6.956690311431885, 	Mean reward done: 3.098557949066162
Step: 6348800	Mean reward: 6.433186054229736, 	Mean reward done: 2.7069528102874756
Step: 6356992	Mean reward: 6.342894077301025, 	Mean reward done: 2.862128496170044
Step: 6365184	Mean reward: 6.0120391845703125, 	Mean reward done: 2.505012035369873
Step: 6373376	Mean reward: 6.187735080718994, 	Mean reward done: 2.246432065963745
Step: 6381568	Mean reward: 6.428065299987793, 	Mean reward done: 2.579044818878174
Step: 6389760	Mean reward: 6.7314839363098145, 	Mean reward done: 3.169250726699829
Step: 6397952	Mean reward: 6.589222431182861, 	Mean reward done: 2.6135177612304688
Step: 6406144	Mean reward: 6.562652587890625, 	Mean reward done: 2.424041748046875
Step: 6414336	Mean reward: 6.5112433433532715, 	Mean reward done: 2.8101389408111572
Step: 6422528	Mean reward: 6.572953224182129, 	Mean reward done: 2.4727742671966553
Step: 6430720	Mean reward: 6.204917907714844, 	Mean reward done: 2.2899110317230225
Step: 6438912	Mean reward: 6.178868293762207, 	Mean reward done: 2.552370071411133
Step: 6447104	Mean reward: 6.646808624267578, 	Mean reward done: 2.732577085494995
Step: 6455296	Mean reward: 6.949426651000977, 	Mean reward done: 2.747910737991333
Step: 6463488	Mean reward: 6.758310317993164, 	Mean reward done: 3.0152926445007324
Step: 6471680	Mean reward: 7.122806549072266, 	Mean reward done: 2.660822629928589
Step: 6479872	Mean reward: 6.425341606140137, 	Mean reward done: 2.739410638809204
Step: 6488064	Mean reward: 6.928754806518555, 	Mean reward done: 2.9101486206054688
Step: 6496256	Mean reward: 6.762335777282715, 	Mean reward done: 2.604872226715088
Step: 6504448	Mean reward: 6.647216796875, 	Mean reward done: 3.0982513427734375
Step: 6512640	Mean reward: 6.632737159729004, 	Mean reward done: 2.942614793777466
Step: 6520832	Mean reward: 6.517529487609863, 	Mean reward done: 2.2967145442962646
Step: 6529024	Mean reward: 6.844985008239746, 	Mean reward done: 2.7405216693878174
Step: 6537216	Mean reward: 7.0331621170043945, 	Mean reward done: 2.792640447616577
Step: 6545408	Mean reward: 6.551735877990723, 	Mean reward done: 2.7027461528778076
Step: 6553600	Mean reward: 6.033511161804199, 	Mean reward done: 2.1205620765686035
Step: 6561792	Mean reward: 6.235015869140625, 	Mean reward done: 2.2066574096679688
Step: 6569984	Mean reward: 5.969954967498779, 	Mean reward done: 2.3528523445129395
Step: 6578176	Mean reward: 6.676549911499023, 	Mean reward done: 2.3212273120880127
Step: 6586368	Mean reward: 6.739874839782715, 	Mean reward done: 2.5895090103149414
Step: 6594560	Mean reward: 6.764485836029053, 	Mean reward done: 2.8868939876556396
Step: 6602752	Mean reward: 6.599538326263428, 	Mean reward done: 2.5952305793762207
Step: 6610944	Mean reward: 7.1529035568237305, 	Mean reward done: 3.0234780311584473
Step: 6619136	Mean reward: 7.237992763519287, 	Mean reward done: 2.7625863552093506
Step: 6627328	Mean reward: 6.9337286949157715, 	Mean reward done: 2.837575912475586
Step: 6635520	Mean reward: 6.9436140060424805, 	Mean reward done: 3.276489496231079
Step: 6643712	Mean reward: 6.034263610839844, 	Mean reward done: 2.536320447921753
Step: 6651904	Mean reward: 6.575326442718506, 	Mean reward done: 2.8446877002716064
Step: 6660096	Mean reward: 6.599479675292969, 	Mean reward done: 2.820521831512451
Step: 6668288	Mean reward: 7.1400275230407715, 	Mean reward done: 2.8343915939331055
Step: 6676480	Mean reward: 6.496210098266602, 	Mean reward done: 2.582958936691284
Step: 6684672	Mean reward: 6.4449028968811035, 	Mean reward done: 2.44620943069458
Step: 6692864	Mean reward: 6.129619598388672, 	Mean reward done: 2.504713535308838
Step: 6701056	Mean reward: 6.833828926086426, 	Mean reward done: 2.620474100112915
Step: 6709248	Mean reward: 6.743929386138916, 	Mean reward done: 2.493748664855957
Step: 6717440	Mean reward: 6.855752468109131, 	Mean reward done: 2.6846468448638916
Step: 6725632	Mean reward: 6.704031467437744, 	Mean reward done: 2.5491254329681396
Step: 6733824	Mean reward: 6.791524887084961, 	Mean reward done: 2.6788806915283203
Step: 6742016	Mean reward: 6.32555627822876, 	Mean reward done: 2.637744903564453
Step: 6750208	Mean reward: 6.965785980224609, 	Mean reward done: 2.954798698425293
Step: 6758400	Mean reward: 6.762354850769043, 	Mean reward done: 2.837547779083252
Step: 6766592	Mean reward: 6.157526969909668, 	Mean reward done: 2.16770076751709
Step: 6774784	Mean reward: 6.433811664581299, 	Mean reward done: 2.4158215522766113
Step: 6782976	Mean reward: 6.659876346588135, 	Mean reward done: 2.9697189331054688
Step: 6791168	Mean reward: 7.071649074554443, 	Mean reward done: 3.2000255584716797
Step: 6799360	Mean reward: 6.529173851013184, 	Mean reward done: 2.340665102005005
Step: 6807552	Mean reward: 6.265018939971924, 	Mean reward done: 2.370830535888672
Step: 6815744	Mean reward: 6.264891147613525, 	Mean reward done: 2.73068904876709
Step: 6823936	Mean reward: 6.113905906677246, 	Mean reward done: 2.239881992340088
Step: 6832128	Mean reward: 6.627781391143799, 	Mean reward done: 2.520157814025879
Step: 6840320	Mean reward: 6.250412940979004, 	Mean reward done: 2.1389050483703613
Step: 6848512	Mean reward: 6.5881171226501465, 	Mean reward done: 2.8046493530273438
Step: 6856704	Mean reward: 7.188024997711182, 	Mean reward done: 2.9322924613952637
Step: 6864896	Mean reward: 6.1702423095703125, 	Mean reward done: 2.5813846588134766
Step: 6873088	Mean reward: 6.908748149871826, 	Mean reward done: 2.7166848182678223
Step: 6881280	Mean reward: 7.070363998413086, 	Mean reward done: 2.9606103897094727
Step: 6889472	Mean reward: 6.616929054260254, 	Mean reward done: 2.6599318981170654
Step: 6897664	Mean reward: 6.75361967086792, 	Mean reward done: 2.579071521759033
Step: 6905856	Mean reward: 6.28936767578125, 	Mean reward done: 2.4211559295654297
Step: 6914048	Mean reward: 6.30145263671875, 	Mean reward done: 2.4971961975097656
Step: 6922240	Mean reward: 6.651715278625488, 	Mean reward done: 2.8279194831848145
Step: 6930432	Mean reward: 6.775271415710449, 	Mean reward done: 2.629957675933838
Step: 6938624	Mean reward: 6.4484663009643555, 	Mean reward done: 2.250701904296875
Step: 6946816	Mean reward: 7.036382675170898, 	Mean reward done: 2.898440361022949
Step: 6955008	Mean reward: 6.271306991577148, 	Mean reward done: 2.680850028991699
Step: 6963200	Mean reward: 6.483051300048828, 	Mean reward done: 2.431145191192627
Step: 6971392	Mean reward: 6.2325897216796875, 	Mean reward done: 2.3340914249420166
Step: 6979584	Mean reward: 7.2085185050964355, 	Mean reward done: 2.986862897872925
Step: 6987776	Mean reward: 7.081207275390625, 	Mean reward done: 2.7503278255462646
Step: 6995968	Mean reward: 6.842082500457764, 	Mean reward done: 2.6726245880126953
Step: 7004160	Mean reward: 6.90327262878418, 	Mean reward done: 2.7012808322906494
Step: 7012352	Mean reward: 6.189759254455566, 	Mean reward done: 2.5384278297424316
Step: 7020544	Mean reward: 7.126981258392334, 	Mean reward done: 2.872668743133545
Step: 7028736	Mean reward: 7.2883148193359375, 	Mean reward done: 2.9155359268188477
Step: 7036928	Mean reward: 6.998648166656494, 	Mean reward done: 2.966092109680176
Step: 7045120	Mean reward: 6.709456920623779, 	Mean reward done: 2.665458917617798
Step: 7053312	Mean reward: 6.570094585418701, 	Mean reward done: 2.5741186141967773
Step: 7061504	Mean reward: 6.793627738952637, 	Mean reward done: 2.8171486854553223
Step: 7069696	Mean reward: 6.367619037628174, 	Mean reward done: 2.4762966632843018
Step: 7077888	Mean reward: 7.102991104125977, 	Mean reward done: 2.8233113288879395
Step: 7086080	Mean reward: 6.701589107513428, 	Mean reward done: 2.6456949710845947
Step: 7094272	Mean reward: 6.88714599609375, 	Mean reward done: 2.804133653640747
Step: 7102464	Mean reward: 6.335903167724609, 	Mean reward done: 2.2799277305603027
Step: 7110656	Mean reward: 6.971285343170166, 	Mean reward done: 2.766479015350342
Step: 7118848	Mean reward: 6.283829689025879, 	Mean reward done: 2.481114625930786
Step: 7127040	Mean reward: 7.191739082336426, 	Mean reward done: 2.727543592453003
Step: 7135232	Mean reward: 7.176628112792969, 	Mean reward done: 3.0214104652404785
Step: 7143424	Mean reward: 6.849916458129883, 	Mean reward done: 2.9029147624969482
Step: 7151616	Mean reward: 6.499580383300781, 	Mean reward done: 2.3709349632263184
Step: 7159808	Mean reward: 6.486362934112549, 	Mean reward done: 2.510716676712036
Step: 7168000	Mean reward: 6.572601795196533, 	Mean reward done: 2.591280698776245
Step: 7176192	Mean reward: 6.782429218292236, 	Mean reward done: 3.090052843093872
Step: 7184384	Mean reward: 6.706411838531494, 	Mean reward done: 2.6263632774353027
Step: 7192576	Mean reward: 7.003602504730225, 	Mean reward done: 2.742971420288086
Step: 7200768	Mean reward: 6.852966785430908, 	Mean reward done: 2.719627857208252
Step: 7208960	Mean reward: 6.938093662261963, 	Mean reward done: 2.7934670448303223
Step: 7217152	Mean reward: 6.66331148147583, 	Mean reward done: 2.6831390857696533
Step: 7225344	Mean reward: 6.561629295349121, 	Mean reward done: 2.495821237564087
Step: 7233536	Mean reward: 6.685547828674316, 	Mean reward done: 2.5288262367248535
Step: 7241728	Mean reward: 6.8579511642456055, 	Mean reward done: 2.574223041534424
Step: 7249920	Mean reward: 6.76910400390625, 	Mean reward done: 2.806588649749756
Step: 7258112	Mean reward: 6.346011638641357, 	Mean reward done: 2.385446786880493
Step: 7266304	Mean reward: 6.519040584564209, 	Mean reward done: 2.5527749061584473
Step: 7274496	Mean reward: 6.53043794631958, 	Mean reward done: 2.504784107208252
Step: 7282688	Mean reward: 6.194672584533691, 	Mean reward done: 2.6059410572052
Step: 7290880	Mean reward: 6.65322732925415, 	Mean reward done: 2.711150646209717
Step: 7299072	Mean reward: 6.962026596069336, 	Mean reward done: 2.6495375633239746
Step: 7307264	Mean reward: 6.687795639038086, 	Mean reward done: 2.960294723510742
Step: 7315456	Mean reward: 6.574860095977783, 	Mean reward done: 2.8563408851623535
Step: 7323648	Mean reward: 6.214179992675781, 	Mean reward done: 2.5737388134002686
Step: 7331840	Mean reward: 6.114905834197998, 	Mean reward done: 2.424257278442383
Step: 7340032	Mean reward: 6.511528491973877, 	Mean reward done: 2.481614351272583
Step: 7348224	Mean reward: 6.3870439529418945, 	Mean reward done: 2.3702328205108643
Step: 7356416	Mean reward: 6.807663917541504, 	Mean reward done: 2.6319217681884766
Step: 7364608	Mean reward: 6.347967147827148, 	Mean reward done: 2.4745073318481445
Step: 7372800	Mean reward: 6.409573078155518, 	Mean reward done: 2.8483545780181885
Step: 7380992	Mean reward: 6.4580841064453125, 	Mean reward done: 2.6175246238708496
Step: 7389184	Mean reward: 6.2091851234436035, 	Mean reward done: 2.5623703002929688
Step: 7397376	Mean reward: 6.23314094543457, 	Mean reward done: 2.3565330505371094
Step: 7405568	Mean reward: 6.2702250480651855, 	Mean reward done: 2.6631946563720703
Step: 7413760	Mean reward: 6.2569708824157715, 	Mean reward done: 2.3974742889404297
Step: 7421952	Mean reward: 6.4792866706848145, 	Mean reward done: 2.3765616416931152
Step: 7430144	Mean reward: 5.722458839416504, 	Mean reward done: 2.105666160583496
Step: 7438336	Mean reward: 6.5277299880981445, 	Mean reward done: 2.8375613689422607
Step: 7446528	Mean reward: 6.093059539794922, 	Mean reward done: 2.2529053688049316
Step: 7454720	Mean reward: 6.71203088760376, 	Mean reward done: 2.3653104305267334
Step: 7462912	Mean reward: 6.179389953613281, 	Mean reward done: 2.56339430809021
Step: 7471104	Mean reward: 6.624698162078857, 	Mean reward done: 2.6147994995117188
Step: 7479296	Mean reward: 5.917751312255859, 	Mean reward done: 2.448195695877075
Step: 7487488	Mean reward: 6.029186248779297, 	Mean reward done: 2.3264570236206055
Step: 7495680	Mean reward: 6.573341369628906, 	Mean reward done: 2.529479503631592
Step: 7503872	Mean reward: 5.99080753326416, 	Mean reward done: 2.11411190032959
Step: 7512064	Mean reward: 5.644448280334473, 	Mean reward done: 2.177527666091919
Step: 7520256	Mean reward: 6.708942413330078, 	Mean reward done: 2.5612399578094482
Step: 7528448	Mean reward: 6.7693586349487305, 	Mean reward done: 2.6514344215393066
Step: 7536640	Mean reward: 6.791988372802734, 	Mean reward done: 2.8568007946014404
Step: 7544832	Mean reward: 6.381895065307617, 	Mean reward done: 2.5952229499816895
Step: 7553024	Mean reward: 6.306411266326904, 	Mean reward done: 2.5493574142456055
Step: 7561216	Mean reward: 6.367157459259033, 	Mean reward done: 2.6301109790802
Step: 7569408	Mean reward: 6.983675479888916, 	Mean reward done: 2.8882267475128174
Step: 7577600	Mean reward: 7.056185245513916, 	Mean reward done: 2.966850757598877
Step: 7585792	Mean reward: 6.28925895690918, 	Mean reward done: 2.2827911376953125
Step: 7593984	Mean reward: 6.857041835784912, 	Mean reward done: 2.9878528118133545
Step: 7602176	Mean reward: 6.522214889526367, 	Mean reward done: 2.4828884601593018
Step: 7610368	Mean reward: 6.44727897644043, 	Mean reward done: 2.5299181938171387
Step: 7618560	Mean reward: 6.409496307373047, 	Mean reward done: 2.525512218475342
Step: 7626752	Mean reward: 7.161440849304199, 	Mean reward done: 2.9335174560546875
Step: 7634944	Mean reward: 6.50551176071167, 	Mean reward done: 2.497692584991455
Step: 7643136	Mean reward: 5.961928844451904, 	Mean reward done: 2.3740739822387695
Step: 7651328	Mean reward: 6.2211079597473145, 	Mean reward done: 2.3606886863708496
Step: 7659520	Mean reward: 6.20838737487793, 	Mean reward done: 2.2587175369262695
Step: 7667712	Mean reward: 6.603084087371826, 	Mean reward done: 2.712202310562134
Step: 7675904	Mean reward: 6.479133129119873, 	Mean reward done: 2.4908664226531982
Step: 7684096	Mean reward: 6.182528495788574, 	Mean reward done: 2.1313905715942383
Step: 7692288	Mean reward: 6.72499418258667, 	Mean reward done: 2.404956340789795
Step: 7700480	Mean reward: 6.169480800628662, 	Mean reward done: 2.444143056869507
Step: 7708672	Mean reward: 6.1443915367126465, 	Mean reward done: 2.564275026321411
Step: 7716864	Mean reward: 6.3045549392700195, 	Mean reward done: 2.437307834625244
Step: 7725056	Mean reward: 5.61332368850708, 	Mean reward done: 2.101808786392212
Step: 7733248	Mean reward: 6.143716812133789, 	Mean reward done: 2.1747686862945557
Step: 7741440	Mean reward: 5.884113311767578, 	Mean reward done: 2.3396623134613037
Step: 7749632	Mean reward: 6.216683387756348, 	Mean reward done: 2.1585702896118164
Step: 7757824	Mean reward: 6.167088031768799, 	Mean reward done: 2.2869625091552734
Step: 7766016	Mean reward: 6.6477155685424805, 	Mean reward done: 2.4882683753967285
Step: 7774208	Mean reward: 6.9186530113220215, 	Mean reward done: 2.8163816928863525
Step: 7782400	Mean reward: 6.8437395095825195, 	Mean reward done: 2.8084020614624023
Step: 7790592	Mean reward: 6.793482780456543, 	Mean reward done: 2.550126075744629
Step: 7798784	Mean reward: 6.853906631469727, 	Mean reward done: 2.9040722846984863
Step: 7806976	Mean reward: 6.864704132080078, 	Mean reward done: 2.6076443195343018
Step: 7815168	Mean reward: 6.8148040771484375, 	Mean reward done: 2.552983283996582
Step: 7823360	Mean reward: 6.678282737731934, 	Mean reward done: 2.8627028465270996
Step: 7831552	Mean reward: 6.787806034088135, 	Mean reward done: 2.665235757827759
Step: 7839744	Mean reward: 5.937373638153076, 	Mean reward done: 2.2963192462921143
Step: 7847936	Mean reward: 6.589873313903809, 	Mean reward done: 2.6318411827087402
Step: 7856128	Mean reward: 6.244232177734375, 	Mean reward done: 2.6756584644317627
Step: 7864320	Mean reward: 6.773262977600098, 	Mean reward done: 2.68344783782959
Step: 7872512	Mean reward: 6.452509880065918, 	Mean reward done: 2.698808431625366
Step: 7880704	Mean reward: 6.562326431274414, 	Mean reward done: 2.6717162132263184
Step: 7888896	Mean reward: 6.931166172027588, 	Mean reward done: 2.9854514598846436
Step: 7897088	Mean reward: 6.203246116638184, 	Mean reward done: 2.1374940872192383
Step: 7905280	Mean reward: 6.867539882659912, 	Mean reward done: 2.8194236755371094
Step: 7913472	Mean reward: 6.656984806060791, 	Mean reward done: 2.937810182571411
Step: 7921664	Mean reward: 6.667837142944336, 	Mean reward done: 2.7473020553588867
Step: 7929856	Mean reward: 6.089290142059326, 	Mean reward done: 2.1456027030944824
Step: 7938048	Mean reward: 5.868009567260742, 	Mean reward done: 2.338387966156006
Step: 7946240	Mean reward: 6.236740589141846, 	Mean reward done: 2.550462245941162
Step: 7954432	Mean reward: 6.543917179107666, 	Mean reward done: 2.3596651554107666
Step: 7962624	Mean reward: 6.161935806274414, 	Mean reward done: 2.4116833209991455
Step: 7970816	Mean reward: 6.297231197357178, 	Mean reward done: 2.8708574771881104
Step: 7979008	Mean reward: 6.603749752044678, 	Mean reward done: 2.3969836235046387
Step: 7987200	Mean reward: 6.418735504150391, 	Mean reward done: 2.4910521507263184
Step: 7995392	Mean reward: 6.479132175445557, 	Mean reward done: 2.550058603286743
Step: 8003584	Mean reward: 6.53945779800415, 	Mean reward done: 2.462336301803589
Completed training of sd_n_rc_sp!

------------------------------------------------------------
Sender: LSF System <lsfadmin@n-62-20-14>
Subject: Job 8466558: <sd_n_rc_sp> in cluster <dcc> Done

Job <sd_n_rc_sp> was submitted from host <n-62-27-19> by user <s192288> in cluster <dcc> at Wed Dec  2 16:30:50 2020
Job was executed on host(s) <n-62-20-14>, in queue <gpuv100>, as user <s192288> in cluster <dcc> at Wed Dec  2 16:30:52 2020
</zhome/09/9/144141> was used as the home directory.
</zhome/09/9/144141/Desktop/Deep_l_hpc> was used as the working directory.
Started at Wed Dec  2 16:30:52 2020
Terminated at Wed Dec  2 19:50:37 2020
Results reported at Wed Dec  2 19:50:37 2020

Your job looked like:

------------------------------------------------------------
# LSBATCH: User input
#!/bin/sh

#BSUB -J sd_n_rc_sp

#BSUB -q gpuv100

#BSUB -gpu "num=1"

#BSUB -n 1

#BSUB -W 23:45

#BSUB -R "rusage[mem=16GB]"

#BSUB -o sd_n_rc_sp.out

#BSUB -e sd_n_rc_sp.err

# Load modules

module load python3/3.8.2
module load cuda/8.0
module load cudnn/v7.0-prod-cuda8
module load ffmpeg/4.2.2
pip3 install --user torch matplotlib procgen gym 

# 1 = model_name, 2 = encoder_index, 3 = aug_index, 4 = mix_reg, 5 = game
#the name of the run
#encoder_index 0 = Impala, 1 = Nature  
#aug_index: 0 = None, 1 = grayscale, 2 = random_cutout, 3 = color_jitter
#mixreg: 0 = False, 1 = True 
#type of game

python3 train_ppo.py sd_n_rc_sp 1 2 0 starpilot



------------------------------------------------------------

Successfully completed.

Resource usage summary:

    CPU time :                                   11897.06 sec.
    Max Memory :                                 9094 MB
    Average Memory :                             9015.51 MB
    Total Requested Memory :                     16384.00 MB
    Delta Memory :                               7290.00 MB
    Max Swap :                                   -
    Max Processes :                              4
    Max Threads :                                13
    Run time :                                   11985 sec.
    Turnaround time :                            11987 sec.

The output (if any) is above this job summary.



PS:

Read file <sd_n_rc_sp.err> for stderr output of this job.

