Requirement already satisfied: torch in /zhome/09/9/144141/.local/lib/python3.8/site-packages (1.7.0)
Requirement already satisfied: matplotlib in /zhome/09/9/144141/.local/lib/python3.8/site-packages (3.3.3)
Requirement already satisfied: procgen in /zhome/09/9/144141/.local/lib/python3.8/site-packages (0.10.4)
Requirement already satisfied: gym in /zhome/09/9/144141/.local/lib/python3.8/site-packages (0.17.3)
Requirement already satisfied: numpy in /zhome/09/9/144141/.local/lib/python3.8/site-packages (from torch) (1.19.4)
Requirement already satisfied: typing-extensions in /zhome/09/9/144141/.local/lib/python3.8/site-packages (from torch) (3.7.4.3)
Requirement already satisfied: dataclasses in /zhome/09/9/144141/.local/lib/python3.8/site-packages (from torch) (0.6)
Requirement already satisfied: future in /zhome/09/9/144141/.local/lib/python3.8/site-packages (from torch) (0.18.2)
Requirement already satisfied: pyparsing!=2.0.4,!=2.1.2,!=2.1.6,>=2.0.3 in /zhome/09/9/144141/.local/lib/python3.8/site-packages (from matplotlib) (2.4.7)
Requirement already satisfied: pillow>=6.2.0 in /zhome/09/9/144141/.local/lib/python3.8/site-packages (from matplotlib) (8.0.1)
Requirement already satisfied: python-dateutil>=2.1 in /zhome/09/9/144141/.local/lib/python3.8/site-packages (from matplotlib) (2.8.1)
Requirement already satisfied: kiwisolver>=1.0.1 in /zhome/09/9/144141/.local/lib/python3.8/site-packages (from matplotlib) (1.3.1)
Requirement already satisfied: cycler>=0.10 in /zhome/09/9/144141/.local/lib/python3.8/site-packages (from matplotlib) (0.10.0)
Requirement already satisfied: filelock<4.0.0,>=3.0.0 in /zhome/09/9/144141/.local/lib/python3.8/site-packages (from procgen) (3.0.12)
Requirement already satisfied: gym3<1.0.0,>=0.3.3 in /zhome/09/9/144141/.local/lib/python3.8/site-packages (from procgen) (0.3.3)
Requirement already satisfied: scipy in /zhome/09/9/144141/.local/lib/python3.8/site-packages (from gym) (1.5.4)
Requirement already satisfied: pyglet<=1.5.0,>=1.4.0 in /zhome/09/9/144141/.local/lib/python3.8/site-packages (from gym) (1.5.0)
Requirement already satisfied: cloudpickle<1.7.0,>=1.2.0 in /zhome/09/9/144141/.local/lib/python3.8/site-packages (from gym) (1.6.0)
Requirement already satisfied: six>=1.5 in /zhome/09/9/144141/.local/lib/python3.8/site-packages (from python-dateutil>=2.1->matplotlib) (1.15.0)
Requirement already satisfied: cffi<2.0.0,>=1.13.0 in /zhome/09/9/144141/.local/lib/python3.8/site-packages (from gym3<1.0.0,>=0.3.3->procgen) (1.14.4)
Requirement already satisfied: moderngl<6.0.0,>=5.5.4 in /zhome/09/9/144141/.local/lib/python3.8/site-packages (from gym3<1.0.0,>=0.3.3->procgen) (5.6.2)
Requirement already satisfied: imageio<3.0.0,>=2.6.0 in /zhome/09/9/144141/.local/lib/python3.8/site-packages (from gym3<1.0.0,>=0.3.3->procgen) (2.9.0)
Requirement already satisfied: imageio-ffmpeg<0.4.0,>=0.3.0 in /zhome/09/9/144141/.local/lib/python3.8/site-packages (from gym3<1.0.0,>=0.3.3->procgen) (0.3.0)
Requirement already satisfied: glfw<2.0.0,>=1.8.6 in /zhome/09/9/144141/.local/lib/python3.8/site-packages (from gym3<1.0.0,>=0.3.3->procgen) (1.12.0)
Requirement already satisfied: pycparser in /zhome/09/9/144141/.local/lib/python3.8/site-packages (from cffi<2.0.0,>=1.13.0->gym3<1.0.0,>=0.3.3->procgen) (2.20)
Requirement already satisfied: glcontext<3,>=2 in /zhome/09/9/144141/.local/lib/python3.8/site-packages (from moderngl<6.0.0,>=5.5.4->gym3<1.0.0,>=0.3.3->procgen) (2.2.0)
Run name sd_n_na_sp
Encoder used Nature
Augumentation used none
Mixreg? False
Game starpilot
Observation space: Box(0.0, 1.0, (3, 64, 64), float32)
Action space: 15
Embrace Nature!
Step: 8192	Mean reward: 8.401390075683594, 	Mean reward done: 2.391955614089966
Estimated time of completion: 3.6699042215736375 hours
Step: 16384	Mean reward: 5.01173210144043, 	Mean reward done: 1.1869502067565918
Step: 24576	Mean reward: 6.072393894195557, 	Mean reward done: 1.7209231853485107
Step: 32768	Mean reward: 5.652963161468506, 	Mean reward done: 1.4893968105316162
Step: 40960	Mean reward: 5.186253547668457, 	Mean reward done: 1.2714588642120361
Step: 49152	Mean reward: 5.222989559173584, 	Mean reward done: 1.6510833501815796
Step: 57344	Mean reward: 4.5392022132873535, 	Mean reward done: 1.2061066627502441
Step: 65536	Mean reward: 5.427802562713623, 	Mean reward done: 1.5280601978302002
Step: 73728	Mean reward: 5.414905548095703, 	Mean reward done: 1.5296958684921265
Step: 81920	Mean reward: 4.674712181091309, 	Mean reward done: 1.2451655864715576
Step: 90112	Mean reward: 5.6092634201049805, 	Mean reward done: 1.6605968475341797
Step: 98304	Mean reward: 6.003154277801514, 	Mean reward done: 1.773690104484558
Step: 106496	Mean reward: 5.211093425750732, 	Mean reward done: 1.5583083629608154
Step: 114688	Mean reward: 5.841490268707275, 	Mean reward done: 1.7322946786880493
Step: 122880	Mean reward: 5.748354434967041, 	Mean reward done: 1.5890238285064697
Step: 131072	Mean reward: 6.705657958984375, 	Mean reward done: 1.8561134338378906
Step: 139264	Mean reward: 5.592010974884033, 	Mean reward done: 1.6030288934707642
Step: 147456	Mean reward: 6.4716596603393555, 	Mean reward done: 1.9669089317321777
Step: 155648	Mean reward: 6.214137554168701, 	Mean reward done: 1.7613780498504639
Step: 163840	Mean reward: 5.873950958251953, 	Mean reward done: 1.7114077806472778
Step: 172032	Mean reward: 6.208503723144531, 	Mean reward done: 1.8285889625549316
Step: 180224	Mean reward: 6.999631404876709, 	Mean reward done: 2.1143951416015625
Step: 188416	Mean reward: 7.285261154174805, 	Mean reward done: 2.1925041675567627
Step: 196608	Mean reward: 5.82483434677124, 	Mean reward done: 1.6312803030014038
Step: 204800	Mean reward: 6.550471305847168, 	Mean reward done: 1.9568417072296143
Step: 212992	Mean reward: 6.504764080047607, 	Mean reward done: 1.857938289642334
Step: 221184	Mean reward: 6.291653633117676, 	Mean reward done: 1.9393161535263062
Step: 229376	Mean reward: 6.754570960998535, 	Mean reward done: 2.2711493968963623
Step: 237568	Mean reward: 6.074728488922119, 	Mean reward done: 1.8237382173538208
Step: 245760	Mean reward: 6.481184482574463, 	Mean reward done: 1.9762901067733765
Step: 253952	Mean reward: 6.169620513916016, 	Mean reward done: 1.7213811874389648
Step: 262144	Mean reward: 7.357526779174805, 	Mean reward done: 2.391228199005127
Step: 270336	Mean reward: 6.1380696296691895, 	Mean reward done: 2.108548402786255
Step: 278528	Mean reward: 5.941554069519043, 	Mean reward done: 1.6938719749450684
Step: 286720	Mean reward: 6.971216678619385, 	Mean reward done: 2.1898396015167236
Step: 294912	Mean reward: 6.626202583312988, 	Mean reward done: 2.1678781509399414
Step: 303104	Mean reward: 6.129974365234375, 	Mean reward done: 1.894895076751709
Step: 311296	Mean reward: 6.039915561676025, 	Mean reward done: 1.782673954963684
Step: 319488	Mean reward: 6.8391008377075195, 	Mean reward done: 2.2009685039520264
Step: 327680	Mean reward: 6.170982837677002, 	Mean reward done: 2.0467894077301025
Step: 335872	Mean reward: 6.826194763183594, 	Mean reward done: 2.186065673828125
Step: 344064	Mean reward: 5.649575233459473, 	Mean reward done: 1.6494829654693604
Step: 352256	Mean reward: 6.444433212280273, 	Mean reward done: 1.948230266571045
Step: 360448	Mean reward: 7.3191962242126465, 	Mean reward done: 2.3248260021209717
Step: 368640	Mean reward: 6.833627223968506, 	Mean reward done: 2.037277936935425
Step: 376832	Mean reward: 6.666568756103516, 	Mean reward done: 2.1605772972106934
Step: 385024	Mean reward: 6.775207042694092, 	Mean reward done: 2.047595977783203
Step: 393216	Mean reward: 7.168365478515625, 	Mean reward done: 2.3724477291107178
Step: 401408	Mean reward: 6.190794944763184, 	Mean reward done: 1.8241740465164185
Step: 409600	Mean reward: 6.843564033508301, 	Mean reward done: 2.1141257286071777
Step: 417792	Mean reward: 6.146544933319092, 	Mean reward done: 2.0755350589752197
Step: 425984	Mean reward: 6.448183059692383, 	Mean reward done: 2.0080623626708984
Step: 434176	Mean reward: 6.207053184509277, 	Mean reward done: 2.07037353515625
Step: 442368	Mean reward: 5.81704044342041, 	Mean reward done: 1.8688459396362305
Step: 450560	Mean reward: 5.998706817626953, 	Mean reward done: 2.1448910236358643
Step: 458752	Mean reward: 6.478445053100586, 	Mean reward done: 2.109628438949585
Step: 466944	Mean reward: 6.1914262771606445, 	Mean reward done: 1.9525222778320312
Step: 475136	Mean reward: 6.127962589263916, 	Mean reward done: 1.9437633752822876
Step: 483328	Mean reward: 5.791452407836914, 	Mean reward done: 1.9433916807174683
Step: 491520	Mean reward: 6.550966262817383, 	Mean reward done: 2.080883026123047
Step: 499712	Mean reward: 6.163677215576172, 	Mean reward done: 1.7948535680770874
Step: 507904	Mean reward: 7.057280540466309, 	Mean reward done: 2.227757453918457
Step: 516096	Mean reward: 6.313576698303223, 	Mean reward done: 2.1285293102264404
Step: 524288	Mean reward: 5.977524757385254, 	Mean reward done: 1.8770315647125244
Step: 532480	Mean reward: 6.212320327758789, 	Mean reward done: 2.0428526401519775
Step: 540672	Mean reward: 5.997884273529053, 	Mean reward done: 1.7615838050842285
Step: 548864	Mean reward: 6.4106597900390625, 	Mean reward done: 2.2446610927581787
Step: 557056	Mean reward: 6.610954284667969, 	Mean reward done: 2.1197376251220703
Step: 565248	Mean reward: 6.00266695022583, 	Mean reward done: 2.3747549057006836
Step: 573440	Mean reward: 6.06937313079834, 	Mean reward done: 1.9382989406585693
Step: 581632	Mean reward: 5.92144775390625, 	Mean reward done: 1.7867594957351685
Step: 589824	Mean reward: 6.869541168212891, 	Mean reward done: 2.2598984241485596
Step: 598016	Mean reward: 6.564290523529053, 	Mean reward done: 1.982068419456482
Step: 606208	Mean reward: 6.549105167388916, 	Mean reward done: 2.504532814025879
Step: 614400	Mean reward: 6.580071926116943, 	Mean reward done: 2.005911111831665
Step: 622592	Mean reward: 6.731988906860352, 	Mean reward done: 1.9757018089294434
Step: 630784	Mean reward: 6.772027015686035, 	Mean reward done: 2.139242649078369
Step: 638976	Mean reward: 5.982047080993652, 	Mean reward done: 1.8617125749588013
Step: 647168	Mean reward: 6.145692348480225, 	Mean reward done: 2.004885196685791
Step: 655360	Mean reward: 6.863492965698242, 	Mean reward done: 2.3093154430389404
Step: 663552	Mean reward: 5.892154693603516, 	Mean reward done: 1.804976463317871
Step: 671744	Mean reward: 6.551213264465332, 	Mean reward done: 2.068448781967163
Step: 679936	Mean reward: 5.722175121307373, 	Mean reward done: 1.7224595546722412
Step: 688128	Mean reward: 6.893396377563477, 	Mean reward done: 2.2039878368377686
Step: 696320	Mean reward: 6.559976577758789, 	Mean reward done: 2.4059159755706787
Step: 704512	Mean reward: 6.2834978103637695, 	Mean reward done: 1.9351340532302856
Step: 712704	Mean reward: 6.1980881690979, 	Mean reward done: 1.8673007488250732
Step: 720896	Mean reward: 6.6446027755737305, 	Mean reward done: 2.284444570541382
Step: 729088	Mean reward: 5.949794292449951, 	Mean reward done: 2.1159303188323975
Step: 737280	Mean reward: 6.734203338623047, 	Mean reward done: 2.246880054473877
Step: 745472	Mean reward: 6.594749450683594, 	Mean reward done: 2.201247215270996
Step: 753664	Mean reward: 7.370738983154297, 	Mean reward done: 2.369769811630249
Step: 761856	Mean reward: 6.986400127410889, 	Mean reward done: 2.3871443271636963
Step: 770048	Mean reward: 7.14253568649292, 	Mean reward done: 2.150202512741089
Step: 778240	Mean reward: 5.447434425354004, 	Mean reward done: 1.793508768081665
Step: 786432	Mean reward: 7.0461530685424805, 	Mean reward done: 2.4616994857788086
Step: 794624	Mean reward: 5.782035827636719, 	Mean reward done: 1.954951286315918
Step: 802816	Mean reward: 6.465723037719727, 	Mean reward done: 2.233736038208008
Step: 811008	Mean reward: 6.469499588012695, 	Mean reward done: 2.2081751823425293
Step: 819200	Mean reward: 6.846067905426025, 	Mean reward done: 2.3878767490386963
Step: 827392	Mean reward: 5.966147422790527, 	Mean reward done: 1.8951468467712402
Step: 835584	Mean reward: 5.765474319458008, 	Mean reward done: 2.0960922241210938
Step: 843776	Mean reward: 5.919332027435303, 	Mean reward done: 1.844523310661316
Step: 851968	Mean reward: 5.598499774932861, 	Mean reward done: 2.10969877243042
Step: 860160	Mean reward: 5.789795875549316, 	Mean reward done: 1.9680652618408203
Step: 868352	Mean reward: 6.903651714324951, 	Mean reward done: 2.4622795581817627
Step: 876544	Mean reward: 6.127601623535156, 	Mean reward done: 2.2322428226470947
Step: 884736	Mean reward: 5.594228267669678, 	Mean reward done: 1.9667150974273682
Step: 892928	Mean reward: 6.131997585296631, 	Mean reward done: 2.1680264472961426
Step: 901120	Mean reward: 5.657289505004883, 	Mean reward done: 1.7585996389389038
Step: 909312	Mean reward: 6.839899063110352, 	Mean reward done: 2.3701391220092773
Step: 917504	Mean reward: 6.582819938659668, 	Mean reward done: 2.2160284519195557
Step: 925696	Mean reward: 7.085469722747803, 	Mean reward done: 2.4646027088165283
Step: 933888	Mean reward: 6.433253288269043, 	Mean reward done: 2.3390915393829346
Step: 942080	Mean reward: 6.388565540313721, 	Mean reward done: 2.1470770835876465
Step: 950272	Mean reward: 6.89091682434082, 	Mean reward done: 2.5453362464904785
Step: 958464	Mean reward: 6.839101314544678, 	Mean reward done: 2.379891872406006
Step: 966656	Mean reward: 6.784202575683594, 	Mean reward done: 2.4141948223114014
Step: 974848	Mean reward: 6.489822864532471, 	Mean reward done: 2.412346601486206
Step: 983040	Mean reward: 6.030562877655029, 	Mean reward done: 2.004793882369995
Step: 991232	Mean reward: 6.925156116485596, 	Mean reward done: 2.433175802230835
Step: 999424	Mean reward: 6.105050563812256, 	Mean reward done: 2.030771017074585
Step: 1007616	Mean reward: 6.099388122558594, 	Mean reward done: 2.002866506576538
Step: 1015808	Mean reward: 6.327637195587158, 	Mean reward done: 2.095914125442505
Step: 1024000	Mean reward: 6.4402241706848145, 	Mean reward done: 2.111412525177002
Step: 1032192	Mean reward: 5.978755474090576, 	Mean reward done: 1.8190336227416992
Step: 1040384	Mean reward: 6.283541679382324, 	Mean reward done: 2.1396710872650146
Step: 1048576	Mean reward: 6.476275444030762, 	Mean reward done: 2.222184181213379
Step: 1056768	Mean reward: 5.844748497009277, 	Mean reward done: 2.0636823177337646
Step: 1064960	Mean reward: 6.53035831451416, 	Mean reward done: 2.046557903289795
Step: 1073152	Mean reward: 6.670156478881836, 	Mean reward done: 2.527966260910034
Step: 1081344	Mean reward: 6.220261096954346, 	Mean reward done: 2.168680191040039
Step: 1089536	Mean reward: 6.212041854858398, 	Mean reward done: 2.3857293128967285
Step: 1097728	Mean reward: 6.286320686340332, 	Mean reward done: 2.2016069889068604
Step: 1105920	Mean reward: 5.778456211090088, 	Mean reward done: 1.976381540298462
Step: 1114112	Mean reward: 6.478030204772949, 	Mean reward done: 2.1467878818511963
Step: 1122304	Mean reward: 6.437565803527832, 	Mean reward done: 2.289384603500366
Step: 1130496	Mean reward: 5.540047645568848, 	Mean reward done: 1.9145430326461792
Step: 1138688	Mean reward: 6.3212571144104, 	Mean reward done: 2.2330009937286377
Step: 1146880	Mean reward: 6.44412088394165, 	Mean reward done: 2.2951388359069824
Step: 1155072	Mean reward: 6.503627777099609, 	Mean reward done: 2.2746384143829346
Step: 1163264	Mean reward: 5.483320713043213, 	Mean reward done: 1.9643030166625977
Step: 1171456	Mean reward: 6.427915096282959, 	Mean reward done: 2.0415875911712646
Step: 1179648	Mean reward: 6.741022109985352, 	Mean reward done: 2.2533774375915527
Step: 1187840	Mean reward: 6.19140100479126, 	Mean reward done: 2.3999626636505127
Step: 1196032	Mean reward: 6.178213119506836, 	Mean reward done: 2.0422863960266113
Step: 1204224	Mean reward: 6.105710983276367, 	Mean reward done: 2.376387119293213
Step: 1212416	Mean reward: 5.899391174316406, 	Mean reward done: 2.0408246517181396
Step: 1220608	Mean reward: 6.666748046875, 	Mean reward done: 2.2904646396636963
Step: 1228800	Mean reward: 6.150752067565918, 	Mean reward done: 2.1637728214263916
Step: 1236992	Mean reward: 5.993708610534668, 	Mean reward done: 2.211949348449707
Step: 1245184	Mean reward: 6.660865783691406, 	Mean reward done: 2.1915252208709717
Step: 1253376	Mean reward: 6.1139068603515625, 	Mean reward done: 1.9859228134155273
Step: 1261568	Mean reward: 6.946012496948242, 	Mean reward done: 2.2964565753936768
Step: 1269760	Mean reward: 6.643963813781738, 	Mean reward done: 2.5454769134521484
Step: 1277952	Mean reward: 6.6345601081848145, 	Mean reward done: 2.5078063011169434
Step: 1286144	Mean reward: 6.835629463195801, 	Mean reward done: 2.3848514556884766
Step: 1294336	Mean reward: 6.338921546936035, 	Mean reward done: 2.103452205657959
Step: 1302528	Mean reward: 6.595792770385742, 	Mean reward done: 2.5455267429351807
Step: 1310720	Mean reward: 6.05201530456543, 	Mean reward done: 2.102980852127075
Step: 1318912	Mean reward: 6.260858058929443, 	Mean reward done: 2.3451194763183594
Step: 1327104	Mean reward: 5.834029197692871, 	Mean reward done: 1.8892736434936523
Step: 1335296	Mean reward: 6.594362258911133, 	Mean reward done: 2.4857518672943115
Step: 1343488	Mean reward: 6.376070976257324, 	Mean reward done: 2.2107603549957275
Step: 1351680	Mean reward: 5.820168495178223, 	Mean reward done: 1.9657952785491943
Step: 1359872	Mean reward: 5.49399471282959, 	Mean reward done: 1.9434897899627686
Step: 1368064	Mean reward: 7.017008304595947, 	Mean reward done: 2.925177574157715
Step: 1376256	Mean reward: 6.511411666870117, 	Mean reward done: 2.5754716396331787
Step: 1384448	Mean reward: 5.80264949798584, 	Mean reward done: 2.0743300914764404
Step: 1392640	Mean reward: 5.993309020996094, 	Mean reward done: 2.110835552215576
Step: 1400832	Mean reward: 6.648616313934326, 	Mean reward done: 2.3167920112609863
Step: 1409024	Mean reward: 5.8384480476379395, 	Mean reward done: 2.1813578605651855
Step: 1417216	Mean reward: 6.464024543762207, 	Mean reward done: 2.243863821029663
Step: 1425408	Mean reward: 6.18399715423584, 	Mean reward done: 2.183452844619751
Step: 1433600	Mean reward: 7.253629207611084, 	Mean reward done: 2.6363370418548584
Step: 1441792	Mean reward: 6.378397464752197, 	Mean reward done: 2.1173007488250732
Step: 1449984	Mean reward: 6.632238388061523, 	Mean reward done: 2.3686649799346924
Step: 1458176	Mean reward: 6.529383182525635, 	Mean reward done: 2.4665639400482178
Step: 1466368	Mean reward: 6.7757768630981445, 	Mean reward done: 2.438783645629883
Step: 1474560	Mean reward: 5.777993202209473, 	Mean reward done: 1.9806863069534302
Step: 1482752	Mean reward: 6.2186479568481445, 	Mean reward done: 2.444517135620117
Step: 1490944	Mean reward: 5.442427635192871, 	Mean reward done: 2.3208677768707275
Step: 1499136	Mean reward: 6.012978553771973, 	Mean reward done: 2.0508387088775635
Step: 1507328	Mean reward: 5.880624771118164, 	Mean reward done: 2.188638210296631
Step: 1515520	Mean reward: 5.971305847167969, 	Mean reward done: 2.275745391845703
Step: 1523712	Mean reward: 6.377372741699219, 	Mean reward done: 2.205087423324585
Step: 1531904	Mean reward: 6.548198699951172, 	Mean reward done: 2.377957820892334
Step: 1540096	Mean reward: 5.577808856964111, 	Mean reward done: 1.9477379322052002
Step: 1548288	Mean reward: 6.782769203186035, 	Mean reward done: 2.448878526687622
Step: 1556480	Mean reward: 6.071897506713867, 	Mean reward done: 2.1291861534118652
Step: 1564672	Mean reward: 5.399765968322754, 	Mean reward done: 1.8904516696929932
Step: 1572864	Mean reward: 5.825690269470215, 	Mean reward done: 2.0078628063201904
Step: 1581056	Mean reward: 5.479188919067383, 	Mean reward done: 1.892906904220581
Step: 1589248	Mean reward: 6.473505973815918, 	Mean reward done: 2.250441074371338
Step: 1597440	Mean reward: 5.991477966308594, 	Mean reward done: 2.198209285736084
Step: 1605632	Mean reward: 6.145091533660889, 	Mean reward done: 2.272428035736084
Step: 1613824	Mean reward: 6.014845371246338, 	Mean reward done: 2.236487627029419
Step: 1622016	Mean reward: 6.609888553619385, 	Mean reward done: 2.4110047817230225
Step: 1630208	Mean reward: 6.571638107299805, 	Mean reward done: 2.216799736022949
Step: 1638400	Mean reward: 6.7543463706970215, 	Mean reward done: 2.3280739784240723
Step: 1646592	Mean reward: 7.2382025718688965, 	Mean reward done: 2.6623897552490234
Step: 1654784	Mean reward: 6.6905517578125, 	Mean reward done: 2.506361484527588
Step: 1662976	Mean reward: 6.132400989532471, 	Mean reward done: 2.199150562286377
Step: 1671168	Mean reward: 5.895907402038574, 	Mean reward done: 2.084730625152588
Step: 1679360	Mean reward: 5.673119068145752, 	Mean reward done: 1.9270861148834229
Step: 1687552	Mean reward: 5.9842987060546875, 	Mean reward done: 2.233680009841919
Step: 1695744	Mean reward: 6.244584560394287, 	Mean reward done: 2.4474925994873047
Step: 1703936	Mean reward: 5.568081378936768, 	Mean reward done: 1.938140869140625
Step: 1712128	Mean reward: 5.300905704498291, 	Mean reward done: 1.7656663656234741
Step: 1720320	Mean reward: 5.8773956298828125, 	Mean reward done: 2.5427043437957764
Step: 1728512	Mean reward: 5.730307102203369, 	Mean reward done: 1.8440048694610596
Step: 1736704	Mean reward: 5.85510778427124, 	Mean reward done: 1.9321873188018799
Step: 1744896	Mean reward: 5.901327133178711, 	Mean reward done: 2.1869759559631348
Step: 1753088	Mean reward: 5.570804119110107, 	Mean reward done: 1.8688980340957642
Step: 1761280	Mean reward: 5.3518266677856445, 	Mean reward done: 1.868459939956665
Step: 1769472	Mean reward: 5.5823235511779785, 	Mean reward done: 2.112837791442871
Step: 1777664	Mean reward: 6.13886833190918, 	Mean reward done: 2.267033100128174
Step: 1785856	Mean reward: 5.527602195739746, 	Mean reward done: 2.414484977722168
Step: 1794048	Mean reward: 5.960430145263672, 	Mean reward done: 2.2116856575012207
Step: 1802240	Mean reward: 6.5632452964782715, 	Mean reward done: 2.404186725616455
Step: 1810432	Mean reward: 6.306297302246094, 	Mean reward done: 2.2729434967041016
Step: 1818624	Mean reward: 5.9767656326293945, 	Mean reward done: 2.1777656078338623
Step: 1826816	Mean reward: 6.45474910736084, 	Mean reward done: 2.326153516769409
Step: 1835008	Mean reward: 5.62811803817749, 	Mean reward done: 2.1207525730133057
Step: 1843200	Mean reward: 6.199481964111328, 	Mean reward done: 2.1158318519592285
Step: 1851392	Mean reward: 6.733876705169678, 	Mean reward done: 2.411057710647583
Step: 1859584	Mean reward: 5.461289405822754, 	Mean reward done: 1.8887643814086914
Step: 1867776	Mean reward: 6.126454830169678, 	Mean reward done: 2.3350656032562256
Step: 1875968	Mean reward: 6.679037570953369, 	Mean reward done: 2.4144465923309326
Step: 1884160	Mean reward: 6.206516265869141, 	Mean reward done: 2.3333773612976074
Step: 1892352	Mean reward: 5.771104335784912, 	Mean reward done: 2.132014513015747
Step: 1900544	Mean reward: 6.0157036781311035, 	Mean reward done: 2.1869914531707764
Step: 1908736	Mean reward: 5.521853923797607, 	Mean reward done: 1.8958855867385864
Step: 1916928	Mean reward: 5.9999284744262695, 	Mean reward done: 1.9431636333465576
Step: 1925120	Mean reward: 5.951415061950684, 	Mean reward done: 2.0737414360046387
Step: 1933312	Mean reward: 6.103798866271973, 	Mean reward done: 2.170752763748169
Step: 1941504	Mean reward: 6.3623480796813965, 	Mean reward done: 2.471245050430298
Step: 1949696	Mean reward: 6.141504287719727, 	Mean reward done: 2.2690751552581787
Step: 1957888	Mean reward: 6.045966625213623, 	Mean reward done: 2.068664073944092
Step: 1966080	Mean reward: 6.045283794403076, 	Mean reward done: 1.984330654144287
Step: 1974272	Mean reward: 5.784668922424316, 	Mean reward done: 2.061297655105591
Step: 1982464	Mean reward: 5.905725479125977, 	Mean reward done: 2.0106091499328613
Step: 1990656	Mean reward: 5.9359331130981445, 	Mean reward done: 2.302849054336548
Step: 1998848	Mean reward: 5.871208667755127, 	Mean reward done: 2.0467302799224854
Step: 2007040	Mean reward: 5.793269157409668, 	Mean reward done: 1.8983021974563599
Step: 2015232	Mean reward: 6.452610492706299, 	Mean reward done: 2.4063990116119385
Step: 2023424	Mean reward: 5.634825706481934, 	Mean reward done: 2.018245220184326
Step: 2031616	Mean reward: 6.047872543334961, 	Mean reward done: 2.341628313064575
Step: 2039808	Mean reward: 5.904650688171387, 	Mean reward done: 2.1049625873565674
Step: 2048000	Mean reward: 5.673114776611328, 	Mean reward done: 2.0602126121520996
Step: 2056192	Mean reward: 6.254531383514404, 	Mean reward done: 2.226651430130005
Step: 2064384	Mean reward: 5.669166564941406, 	Mean reward done: 2.0212371349334717
Step: 2072576	Mean reward: 5.743791580200195, 	Mean reward done: 2.0473430156707764
Step: 2080768	Mean reward: 5.757681846618652, 	Mean reward done: 1.7875404357910156
Step: 2088960	Mean reward: 5.558716773986816, 	Mean reward done: 1.948612928390503
Step: 2097152	Mean reward: 6.48955774307251, 	Mean reward done: 2.34938907623291
Step: 2105344	Mean reward: 6.716976165771484, 	Mean reward done: 2.1428415775299072
Step: 2113536	Mean reward: 6.47888708114624, 	Mean reward done: 2.55287766456604
Step: 2121728	Mean reward: 5.986170768737793, 	Mean reward done: 1.947035312652588
Step: 2129920	Mean reward: 5.93986701965332, 	Mean reward done: 2.101599931716919
Step: 2138112	Mean reward: 5.9191670417785645, 	Mean reward done: 1.9692498445510864
Step: 2146304	Mean reward: 5.705434799194336, 	Mean reward done: 2.0553834438323975
Step: 2154496	Mean reward: 6.085543155670166, 	Mean reward done: 2.2483978271484375
Step: 2162688	Mean reward: 6.40280818939209, 	Mean reward done: 2.26765775680542
Step: 2170880	Mean reward: 7.008365154266357, 	Mean reward done: 2.6420817375183105
Step: 2179072	Mean reward: 6.010775089263916, 	Mean reward done: 2.1722497940063477
Step: 2187264	Mean reward: 6.7060747146606445, 	Mean reward done: 2.505291223526001
Step: 2195456	Mean reward: 6.521521091461182, 	Mean reward done: 2.2642924785614014
Step: 2203648	Mean reward: 5.789549350738525, 	Mean reward done: 1.9526445865631104
Step: 2211840	Mean reward: 5.987577438354492, 	Mean reward done: 2.0186526775360107
Step: 2220032	Mean reward: 6.120425224304199, 	Mean reward done: 2.266700506210327
Step: 2228224	Mean reward: 6.301076889038086, 	Mean reward done: 2.370380401611328
Step: 2236416	Mean reward: 6.206253528594971, 	Mean reward done: 2.0993576049804688
Step: 2244608	Mean reward: 6.220126152038574, 	Mean reward done: 2.3578336238861084
Step: 2252800	Mean reward: 5.929203033447266, 	Mean reward done: 2.36055326461792
Step: 2260992	Mean reward: 6.652891159057617, 	Mean reward done: 2.620495319366455
Step: 2269184	Mean reward: 6.526860237121582, 	Mean reward done: 2.3056046962738037
Step: 2277376	Mean reward: 5.856388568878174, 	Mean reward done: 2.1135480403900146
Step: 2285568	Mean reward: 5.401561260223389, 	Mean reward done: 2.0060455799102783
Step: 2293760	Mean reward: 4.93358039855957, 	Mean reward done: 1.6584054231643677
Step: 2301952	Mean reward: 5.58644962310791, 	Mean reward done: 2.007237672805786
Step: 2310144	Mean reward: 6.600027561187744, 	Mean reward done: 2.1129708290100098
Step: 2318336	Mean reward: 6.642101287841797, 	Mean reward done: 2.5471279621124268
Step: 2326528	Mean reward: 5.988536357879639, 	Mean reward done: 1.9530802965164185
Step: 2334720	Mean reward: 5.913827896118164, 	Mean reward done: 2.0695888996124268
Step: 2342912	Mean reward: 6.412561416625977, 	Mean reward done: 2.0543384552001953
Step: 2351104	Mean reward: 5.9136962890625, 	Mean reward done: 2.1232335567474365
Step: 2359296	Mean reward: 6.049980640411377, 	Mean reward done: 2.203202724456787
Step: 2367488	Mean reward: 5.111310958862305, 	Mean reward done: 1.630428671836853
Step: 2375680	Mean reward: 6.305679798126221, 	Mean reward done: 2.2639477252960205
Step: 2383872	Mean reward: 6.1827263832092285, 	Mean reward done: 2.019335985183716
Step: 2392064	Mean reward: 5.909346103668213, 	Mean reward done: 2.1473639011383057
Step: 2400256	Mean reward: 6.134444713592529, 	Mean reward done: 2.283290147781372
Step: 2408448	Mean reward: 5.228043556213379, 	Mean reward done: 1.7278223037719727
Step: 2416640	Mean reward: 5.9240007400512695, 	Mean reward done: 2.133347511291504
Step: 2424832	Mean reward: 5.863002777099609, 	Mean reward done: 2.2968497276306152
Step: 2433024	Mean reward: 6.344348907470703, 	Mean reward done: 2.2356390953063965
Step: 2441216	Mean reward: 6.506906509399414, 	Mean reward done: 2.4623777866363525
Step: 2449408	Mean reward: 5.855904579162598, 	Mean reward done: 1.9808968305587769
Step: 2457600	Mean reward: 6.126506328582764, 	Mean reward done: 2.1163551807403564
Step: 2465792	Mean reward: 6.349828720092773, 	Mean reward done: 2.315213441848755
Step: 2473984	Mean reward: 6.376027584075928, 	Mean reward done: 2.4004273414611816
Step: 2482176	Mean reward: 6.358800888061523, 	Mean reward done: 2.1050333976745605
Step: 2490368	Mean reward: 5.997598648071289, 	Mean reward done: 2.35709547996521
Step: 2498560	Mean reward: 5.801319122314453, 	Mean reward done: 2.0952587127685547
Step: 2506752	Mean reward: 6.809345245361328, 	Mean reward done: 2.3513858318328857
Step: 2514944	Mean reward: 6.173170566558838, 	Mean reward done: 2.35382342338562
Step: 2523136	Mean reward: 6.184697151184082, 	Mean reward done: 2.054044008255005
Step: 2531328	Mean reward: 6.301969051361084, 	Mean reward done: 2.1908998489379883
Step: 2539520	Mean reward: 6.18013858795166, 	Mean reward done: 2.1753273010253906
Step: 2547712	Mean reward: 5.712806701660156, 	Mean reward done: 2.0062475204467773
Step: 2555904	Mean reward: 5.563331127166748, 	Mean reward done: 1.9298757314682007
Step: 2564096	Mean reward: 6.119629859924316, 	Mean reward done: 2.1902308464050293
Step: 2572288	Mean reward: 5.246156692504883, 	Mean reward done: 1.9240907430648804
Step: 2580480	Mean reward: 6.163567543029785, 	Mean reward done: 2.3338847160339355
Step: 2588672	Mean reward: 6.295527458190918, 	Mean reward done: 2.3471786975860596
Step: 2596864	Mean reward: 6.052097320556641, 	Mean reward done: 2.436600685119629
Step: 2605056	Mean reward: 5.778218746185303, 	Mean reward done: 1.938580870628357
Step: 2613248	Mean reward: 5.8075690269470215, 	Mean reward done: 2.1779656410217285
Step: 2621440	Mean reward: 6.015838146209717, 	Mean reward done: 2.429840326309204
Step: 2629632	Mean reward: 6.418129920959473, 	Mean reward done: 2.339323043823242
Step: 2637824	Mean reward: 5.8307600021362305, 	Mean reward done: 2.0984723567962646
Step: 2646016	Mean reward: 5.769873142242432, 	Mean reward done: 2.1580820083618164
Step: 2654208	Mean reward: 6.112517833709717, 	Mean reward done: 2.206564426422119
Step: 2662400	Mean reward: 5.976052284240723, 	Mean reward done: 2.3384978771209717
Step: 2670592	Mean reward: 6.599268436431885, 	Mean reward done: 2.431218385696411
Step: 2678784	Mean reward: 5.729240417480469, 	Mean reward done: 1.9277007579803467
Step: 2686976	Mean reward: 5.684630393981934, 	Mean reward done: 2.0756382942199707
Step: 2695168	Mean reward: 6.103529930114746, 	Mean reward done: 2.39229154586792
Step: 2703360	Mean reward: 5.921023845672607, 	Mean reward done: 2.081575870513916
Step: 2711552	Mean reward: 5.472341060638428, 	Mean reward done: 1.906347393989563
Step: 2719744	Mean reward: 5.548314571380615, 	Mean reward done: 1.9115010499954224
Step: 2727936	Mean reward: 5.951783657073975, 	Mean reward done: 2.3291285037994385
Step: 2736128	Mean reward: 5.247993469238281, 	Mean reward done: 1.8412836790084839
Step: 2744320	Mean reward: 6.444839000701904, 	Mean reward done: 2.4024860858917236
Step: 2752512	Mean reward: 6.577252388000488, 	Mean reward done: 2.280867576599121
Step: 2760704	Mean reward: 6.544993877410889, 	Mean reward done: 2.1749393939971924
Step: 2768896	Mean reward: 5.765512943267822, 	Mean reward done: 1.999013900756836
Step: 2777088	Mean reward: 5.8548479080200195, 	Mean reward done: 1.9989111423492432
Step: 2785280	Mean reward: 5.869673252105713, 	Mean reward done: 2.0835094451904297
Step: 2793472	Mean reward: 5.8691229820251465, 	Mean reward done: 1.9937087297439575
Step: 2801664	Mean reward: 6.0919060707092285, 	Mean reward done: 2.319300889968872
Step: 2809856	Mean reward: 5.924671173095703, 	Mean reward done: 2.0855729579925537
Step: 2818048	Mean reward: 6.250505447387695, 	Mean reward done: 2.9270966053009033
Step: 2826240	Mean reward: 5.932849884033203, 	Mean reward done: 2.154014825820923
Step: 2834432	Mean reward: 5.679360866546631, 	Mean reward done: 1.8941130638122559
Step: 2842624	Mean reward: 6.378991603851318, 	Mean reward done: 2.2127721309661865
Step: 2850816	Mean reward: 6.540122032165527, 	Mean reward done: 2.5865302085876465
Step: 2859008	Mean reward: 5.792243003845215, 	Mean reward done: 1.9940305948257446
Step: 2867200	Mean reward: 6.118565559387207, 	Mean reward done: 2.2655653953552246
Step: 2875392	Mean reward: 5.46126127243042, 	Mean reward done: 1.8444759845733643
Step: 2883584	Mean reward: 5.997559547424316, 	Mean reward done: 2.160163402557373
Step: 2891776	Mean reward: 6.577306747436523, 	Mean reward done: 2.118525505065918
Step: 2899968	Mean reward: 5.6101789474487305, 	Mean reward done: 1.9603370428085327
Step: 2908160	Mean reward: 6.57749605178833, 	Mean reward done: 2.442748785018921
Step: 2916352	Mean reward: 6.3967509269714355, 	Mean reward done: 2.2331607341766357
Step: 2924544	Mean reward: 5.859857559204102, 	Mean reward done: 2.227191925048828
Step: 2932736	Mean reward: 6.230739593505859, 	Mean reward done: 2.3939104080200195
Step: 2940928	Mean reward: 6.06489372253418, 	Mean reward done: 2.072420835494995
Step: 2949120	Mean reward: 5.959517955780029, 	Mean reward done: 2.038522958755493
Step: 2957312	Mean reward: 6.416923999786377, 	Mean reward done: 2.3382697105407715
Step: 2965504	Mean reward: 6.059181213378906, 	Mean reward done: 2.0142874717712402
Step: 2973696	Mean reward: 6.636455535888672, 	Mean reward done: 2.3645780086517334
Step: 2981888	Mean reward: 6.782198905944824, 	Mean reward done: 2.3962724208831787
Step: 2990080	Mean reward: 6.228181838989258, 	Mean reward done: 2.237942934036255
Step: 2998272	Mean reward: 6.359321594238281, 	Mean reward done: 2.25986385345459
Step: 3006464	Mean reward: 5.571588516235352, 	Mean reward done: 1.860901117324829
Step: 3014656	Mean reward: 6.356323719024658, 	Mean reward done: 2.194091558456421
Step: 3022848	Mean reward: 5.881308078765869, 	Mean reward done: 2.0727782249450684
Step: 3031040	Mean reward: 6.236982345581055, 	Mean reward done: 1.9755384922027588
Step: 3039232	Mean reward: 6.443734169006348, 	Mean reward done: 2.2454352378845215
Step: 3047424	Mean reward: 5.967610836029053, 	Mean reward done: 2.0017902851104736
Step: 3055616	Mean reward: 5.302347183227539, 	Mean reward done: 1.8405183553695679
Step: 3063808	Mean reward: 6.428464889526367, 	Mean reward done: 2.3980844020843506
Step: 3072000	Mean reward: 6.337766647338867, 	Mean reward done: 2.3850595951080322
Step: 3080192	Mean reward: 5.891731262207031, 	Mean reward done: 2.0398974418640137
Step: 3088384	Mean reward: 6.171630859375, 	Mean reward done: 2.2360401153564453
Step: 3096576	Mean reward: 6.848761081695557, 	Mean reward done: 2.654984712600708
Step: 3104768	Mean reward: 6.340181350708008, 	Mean reward done: 2.42991304397583
Step: 3112960	Mean reward: 6.808717727661133, 	Mean reward done: 2.717564105987549
Step: 3121152	Mean reward: 6.331398010253906, 	Mean reward done: 2.1476058959960938
Step: 3129344	Mean reward: 5.96164608001709, 	Mean reward done: 2.166508197784424
Step: 3137536	Mean reward: 6.094292640686035, 	Mean reward done: 2.193995237350464
Step: 3145728	Mean reward: 6.359122276306152, 	Mean reward done: 2.392665147781372
Step: 3153920	Mean reward: 6.371153831481934, 	Mean reward done: 2.589503049850464
Step: 3162112	Mean reward: 6.07308292388916, 	Mean reward done: 2.1592352390289307
Step: 3170304	Mean reward: 6.380680561065674, 	Mean reward done: 2.271796941757202
Step: 3178496	Mean reward: 6.128495216369629, 	Mean reward done: 2.1103527545928955
Step: 3186688	Mean reward: 6.170273303985596, 	Mean reward done: 2.393008232116699
Step: 3194880	Mean reward: 5.991972923278809, 	Mean reward done: 2.1739962100982666
Step: 3203072	Mean reward: 6.60793924331665, 	Mean reward done: 2.6257636547088623
Step: 3211264	Mean reward: 6.441885948181152, 	Mean reward done: 2.2085769176483154
Step: 3219456	Mean reward: 6.2331438064575195, 	Mean reward done: 2.1838083267211914
Step: 3227648	Mean reward: 5.321695804595947, 	Mean reward done: 1.8331897258758545
Step: 3235840	Mean reward: 5.689099311828613, 	Mean reward done: 1.9328746795654297
Step: 3244032	Mean reward: 5.908839702606201, 	Mean reward done: 2.170015573501587
Step: 3252224	Mean reward: 6.333157062530518, 	Mean reward done: 2.59228515625
Step: 3260416	Mean reward: 5.391170978546143, 	Mean reward done: 1.9987998008728027
Step: 3268608	Mean reward: 6.169876575469971, 	Mean reward done: 2.066420078277588
Step: 3276800	Mean reward: 6.331496238708496, 	Mean reward done: 2.3638997077941895
Step: 3284992	Mean reward: 6.402911186218262, 	Mean reward done: 2.6336302757263184
Step: 3293184	Mean reward: 6.266885757446289, 	Mean reward done: 2.39251971244812
Step: 3301376	Mean reward: 6.4691877365112305, 	Mean reward done: 2.2497894763946533
Step: 3309568	Mean reward: 6.028193950653076, 	Mean reward done: 2.037019729614258
Step: 3317760	Mean reward: 5.6912031173706055, 	Mean reward done: 2.1486258506774902
Step: 3325952	Mean reward: 6.4671173095703125, 	Mean reward done: 2.549208402633667
Step: 3334144	Mean reward: 6.287829875946045, 	Mean reward done: 2.352436065673828
Step: 3342336	Mean reward: 6.637223720550537, 	Mean reward done: 2.3906688690185547
Step: 3350528	Mean reward: 6.751478672027588, 	Mean reward done: 2.428679943084717
Step: 3358720	Mean reward: 6.279586315155029, 	Mean reward done: 2.312761068344116
Step: 3366912	Mean reward: 5.533130645751953, 	Mean reward done: 2.0412590503692627
Step: 3375104	Mean reward: 6.132004737854004, 	Mean reward done: 2.4276835918426514
Step: 3383296	Mean reward: 7.0627546310424805, 	Mean reward done: 2.688389539718628
Step: 3391488	Mean reward: 6.107217788696289, 	Mean reward done: 2.4156241416931152
Step: 3399680	Mean reward: 6.484131336212158, 	Mean reward done: 2.7978858947753906
Step: 3407872	Mean reward: 6.5088582038879395, 	Mean reward done: 2.217048406600952
Step: 3416064	Mean reward: 6.170862674713135, 	Mean reward done: 2.388828754425049
Step: 3424256	Mean reward: 6.182304382324219, 	Mean reward done: 2.083850622177124
Step: 3432448	Mean reward: 5.903982639312744, 	Mean reward done: 2.248616933822632
Step: 3440640	Mean reward: 6.587545871734619, 	Mean reward done: 2.364426612854004
Step: 3448832	Mean reward: 5.929492950439453, 	Mean reward done: 2.1877424716949463
Step: 3457024	Mean reward: 6.278809070587158, 	Mean reward done: 2.250755548477173
Step: 3465216	Mean reward: 6.801019191741943, 	Mean reward done: 2.551712989807129
Step: 3473408	Mean reward: 5.983401298522949, 	Mean reward done: 2.1664962768554688
Step: 3481600	Mean reward: 6.387695789337158, 	Mean reward done: 2.5104482173919678
Step: 3489792	Mean reward: 6.240015983581543, 	Mean reward done: 2.3078842163085938
Step: 3497984	Mean reward: 6.5152387619018555, 	Mean reward done: 2.2832417488098145
Step: 3506176	Mean reward: 5.889247417449951, 	Mean reward done: 2.108494758605957
Step: 3514368	Mean reward: 6.890861511230469, 	Mean reward done: 2.5220422744750977
Step: 3522560	Mean reward: 5.652108669281006, 	Mean reward done: 2.0886759757995605
Step: 3530752	Mean reward: 6.595776557922363, 	Mean reward done: 2.715543270111084
Step: 3538944	Mean reward: 6.258326530456543, 	Mean reward done: 2.1562914848327637
Step: 3547136	Mean reward: 5.894579887390137, 	Mean reward done: 2.3689627647399902
Step: 3555328	Mean reward: 6.909942626953125, 	Mean reward done: 2.3405749797821045
Step: 3563520	Mean reward: 6.325582504272461, 	Mean reward done: 2.4252994060516357
Step: 3571712	Mean reward: 6.525180816650391, 	Mean reward done: 2.320061206817627
Step: 3579904	Mean reward: 6.159865856170654, 	Mean reward done: 2.4255237579345703
Step: 3588096	Mean reward: 6.693309783935547, 	Mean reward done: 2.537757396697998
Step: 3596288	Mean reward: 5.921553611755371, 	Mean reward done: 2.317941665649414
Step: 3604480	Mean reward: 6.1658782958984375, 	Mean reward done: 2.133695602416992
Step: 3612672	Mean reward: 6.916435241699219, 	Mean reward done: 2.5707569122314453
Step: 3620864	Mean reward: 6.247742652893066, 	Mean reward done: 2.616485357284546
Step: 3629056	Mean reward: 6.114102363586426, 	Mean reward done: 2.396968126296997
Step: 3637248	Mean reward: 6.369229316711426, 	Mean reward done: 2.445394277572632
Step: 3645440	Mean reward: 6.9145708084106445, 	Mean reward done: 2.747570276260376
Step: 3653632	Mean reward: 6.073883533477783, 	Mean reward done: 2.1532700061798096
Step: 3661824	Mean reward: 5.712554454803467, 	Mean reward done: 1.9777549505233765
Step: 3670016	Mean reward: 6.058701515197754, 	Mean reward done: 2.0717387199401855
Step: 3678208	Mean reward: 7.1234965324401855, 	Mean reward done: 3.058232545852661
Step: 3686400	Mean reward: 6.0951128005981445, 	Mean reward done: 2.2358410358428955
Step: 3694592	Mean reward: 6.583325386047363, 	Mean reward done: 2.568981885910034
Step: 3702784	Mean reward: 6.797367572784424, 	Mean reward done: 2.571826457977295
Step: 3710976	Mean reward: 6.2903618812561035, 	Mean reward done: 2.4386627674102783
Step: 3719168	Mean reward: 6.720371723175049, 	Mean reward done: 2.7845683097839355
Step: 3727360	Mean reward: 6.229201316833496, 	Mean reward done: 2.190295457839966
Step: 3735552	Mean reward: 6.141966819763184, 	Mean reward done: 2.4177143573760986
Step: 3743744	Mean reward: 6.226356029510498, 	Mean reward done: 2.380798101425171
Step: 3751936	Mean reward: 6.080006122589111, 	Mean reward done: 2.127281665802002
Step: 3760128	Mean reward: 6.28048038482666, 	Mean reward done: 2.522252082824707
Step: 3768320	Mean reward: 6.076229095458984, 	Mean reward done: 2.511887311935425
Step: 3776512	Mean reward: 6.1748762130737305, 	Mean reward done: 2.209075450897217
Step: 3784704	Mean reward: 6.461811065673828, 	Mean reward done: 2.5595955848693848
Step: 3792896	Mean reward: 6.101806640625, 	Mean reward done: 2.2373287677764893
Step: 3801088	Mean reward: 6.258975505828857, 	Mean reward done: 2.1904029846191406
Step: 3809280	Mean reward: 6.68776273727417, 	Mean reward done: 2.594022750854492
Step: 3817472	Mean reward: 6.383256435394287, 	Mean reward done: 2.505004644393921
Step: 3825664	Mean reward: 5.9803619384765625, 	Mean reward done: 2.332871198654175
Step: 3833856	Mean reward: 5.606556415557861, 	Mean reward done: 1.9799797534942627
Step: 3842048	Mean reward: 6.079726219177246, 	Mean reward done: 2.566678524017334
Step: 3850240	Mean reward: 5.96360969543457, 	Mean reward done: 2.2435266971588135
Step: 3858432	Mean reward: 6.207141399383545, 	Mean reward done: 2.402336597442627
Step: 3866624	Mean reward: 6.577893257141113, 	Mean reward done: 2.5021798610687256
Step: 3874816	Mean reward: 6.132570743560791, 	Mean reward done: 2.039414405822754
Step: 3883008	Mean reward: 6.646670818328857, 	Mean reward done: 2.6333580017089844
Step: 3891200	Mean reward: 6.400077819824219, 	Mean reward done: 2.324267864227295
Step: 3899392	Mean reward: 6.728379726409912, 	Mean reward done: 2.631463050842285
Step: 3907584	Mean reward: 5.911065101623535, 	Mean reward done: 2.058615207672119
Step: 3915776	Mean reward: 6.3543524742126465, 	Mean reward done: 2.1646313667297363
Step: 3923968	Mean reward: 5.9247355461120605, 	Mean reward done: 2.07389760017395
Step: 3932160	Mean reward: 6.138396263122559, 	Mean reward done: 2.4408071041107178
Step: 3940352	Mean reward: 6.194310188293457, 	Mean reward done: 2.1744468212127686
Step: 3948544	Mean reward: 5.764893054962158, 	Mean reward done: 2.0122296810150146
Step: 3956736	Mean reward: 5.550718307495117, 	Mean reward done: 1.9944915771484375
Step: 3964928	Mean reward: 6.194042682647705, 	Mean reward done: 2.108787775039673
Step: 3973120	Mean reward: 6.650202751159668, 	Mean reward done: 2.704171895980835
Step: 3981312	Mean reward: 5.53299617767334, 	Mean reward done: 2.1588685512542725
Step: 3989504	Mean reward: 5.846968650817871, 	Mean reward done: 2.202026844024658
Step: 3997696	Mean reward: 6.160946369171143, 	Mean reward done: 2.6168508529663086
Step: 4005888	Mean reward: 6.515828609466553, 	Mean reward done: 2.5501253604888916
Step: 4014080	Mean reward: 6.298971176147461, 	Mean reward done: 2.2210638523101807
Step: 4022272	Mean reward: 6.169082164764404, 	Mean reward done: 2.3264994621276855
Step: 4030464	Mean reward: 5.954514503479004, 	Mean reward done: 2.3065989017486572
Step: 4038656	Mean reward: 5.866117477416992, 	Mean reward done: 2.2348883152008057
Step: 4046848	Mean reward: 6.134614944458008, 	Mean reward done: 2.5144693851470947
Step: 4055040	Mean reward: 5.904543399810791, 	Mean reward done: 1.8968687057495117
Step: 4063232	Mean reward: 6.317824363708496, 	Mean reward done: 2.585369110107422
Step: 4071424	Mean reward: 6.216344833374023, 	Mean reward done: 2.1975836753845215
Step: 4079616	Mean reward: 5.78892707824707, 	Mean reward done: 1.9795489311218262
Step: 4087808	Mean reward: 6.629288673400879, 	Mean reward done: 2.504633665084839
Step: 4096000	Mean reward: 5.572379112243652, 	Mean reward done: 2.10805082321167
Step: 4104192	Mean reward: 6.270329475402832, 	Mean reward done: 2.2238290309906006
Step: 4112384	Mean reward: 6.3547844886779785, 	Mean reward done: 2.3783040046691895
Step: 4120576	Mean reward: 5.584798812866211, 	Mean reward done: 2.0610568523406982
Step: 4128768	Mean reward: 5.784847736358643, 	Mean reward done: 2.0945146083831787
Step: 4136960	Mean reward: 6.082820892333984, 	Mean reward done: 2.57131290435791
Step: 4145152	Mean reward: 6.224658489227295, 	Mean reward done: 2.0665786266326904
Step: 4153344	Mean reward: 6.366413593292236, 	Mean reward done: 2.6075754165649414
Step: 4161536	Mean reward: 6.7630486488342285, 	Mean reward done: 2.756256341934204
Step: 4169728	Mean reward: 6.135218620300293, 	Mean reward done: 2.2206337451934814
Step: 4177920	Mean reward: 6.418661117553711, 	Mean reward done: 2.5344974994659424
Step: 4186112	Mean reward: 5.805561065673828, 	Mean reward done: 2.083408832550049
Step: 4194304	Mean reward: 5.83304500579834, 	Mean reward done: 2.4588913917541504
Step: 4202496	Mean reward: 5.647483825683594, 	Mean reward done: 2.116974353790283
Step: 4210688	Mean reward: 6.159582614898682, 	Mean reward done: 2.2132301330566406
Step: 4218880	Mean reward: 5.9601263999938965, 	Mean reward done: 2.5108885765075684
Step: 4227072	Mean reward: 5.774815559387207, 	Mean reward done: 2.0837693214416504
Step: 4235264	Mean reward: 6.243292808532715, 	Mean reward done: 2.6203465461730957
Step: 4243456	Mean reward: 6.794651985168457, 	Mean reward done: 2.4792890548706055
Step: 4251648	Mean reward: 6.379588603973389, 	Mean reward done: 2.343207836151123
Step: 4259840	Mean reward: 5.426871299743652, 	Mean reward done: 1.9583625793457031
Step: 4268032	Mean reward: 6.222051620483398, 	Mean reward done: 2.2141783237457275
Step: 4276224	Mean reward: 5.9516706466674805, 	Mean reward done: 1.9945429563522339
Step: 4284416	Mean reward: 5.454785346984863, 	Mean reward done: 1.9136730432510376
Step: 4292608	Mean reward: 5.739653587341309, 	Mean reward done: 2.4542720317840576
Step: 4300800	Mean reward: 5.710763454437256, 	Mean reward done: 1.7899421453475952
Step: 4308992	Mean reward: 5.910454750061035, 	Mean reward done: 2.2874603271484375
Step: 4317184	Mean reward: 6.549594402313232, 	Mean reward done: 2.395125389099121
Step: 4325376	Mean reward: 5.852314472198486, 	Mean reward done: 2.0407347679138184
Step: 4333568	Mean reward: 6.0932297706604, 	Mean reward done: 2.485584020614624
Step: 4341760	Mean reward: 6.44779109954834, 	Mean reward done: 2.3267924785614014
Step: 4349952	Mean reward: 6.360649108886719, 	Mean reward done: 2.5186996459960938
Step: 4358144	Mean reward: 6.074867248535156, 	Mean reward done: 2.078181028366089
Step: 4366336	Mean reward: 6.6274094581604, 	Mean reward done: 2.4362032413482666
Step: 4374528	Mean reward: 6.624961853027344, 	Mean reward done: 2.8254363536834717
Step: 4382720	Mean reward: 6.253856658935547, 	Mean reward done: 2.620664596557617
Step: 4390912	Mean reward: 6.06875467300415, 	Mean reward done: 2.4447519779205322
Step: 4399104	Mean reward: 6.479439735412598, 	Mean reward done: 2.513087511062622
Step: 4407296	Mean reward: 6.194890975952148, 	Mean reward done: 2.5008742809295654
Step: 4415488	Mean reward: 6.249482154846191, 	Mean reward done: 2.5883641242980957
Step: 4423680	Mean reward: 6.347218036651611, 	Mean reward done: 2.362731695175171
Step: 4431872	Mean reward: 6.005869388580322, 	Mean reward done: 2.5355026721954346
Step: 4440064	Mean reward: 5.664650917053223, 	Mean reward done: 2.045413017272949
Step: 4448256	Mean reward: 6.570626258850098, 	Mean reward done: 2.5104775428771973
Step: 4456448	Mean reward: 5.973849773406982, 	Mean reward done: 2.3074324131011963
Step: 4464640	Mean reward: 5.929938316345215, 	Mean reward done: 2.232100009918213
Step: 4472832	Mean reward: 5.674346923828125, 	Mean reward done: 2.1162054538726807
Step: 4481024	Mean reward: 6.1119208335876465, 	Mean reward done: 2.1646392345428467
Step: 4489216	Mean reward: 5.263047218322754, 	Mean reward done: 2.0160865783691406
Step: 4497408	Mean reward: 6.380518913269043, 	Mean reward done: 2.7021732330322266
Step: 4505600	Mean reward: 6.278886318206787, 	Mean reward done: 2.6072609424591064
Step: 4513792	Mean reward: 6.814512252807617, 	Mean reward done: 2.563689708709717
Step: 4521984	Mean reward: 5.908414840698242, 	Mean reward done: 2.33815598487854
Step: 4530176	Mean reward: 5.596027374267578, 	Mean reward done: 2.0855555534362793
Step: 4538368	Mean reward: 6.203356742858887, 	Mean reward done: 2.4363608360290527
Step: 4546560	Mean reward: 6.047128200531006, 	Mean reward done: 2.4313406944274902
Step: 4554752	Mean reward: 6.766182899475098, 	Mean reward done: 2.5755767822265625
Step: 4562944	Mean reward: 5.902029991149902, 	Mean reward done: 2.386223554611206
Step: 4571136	Mean reward: 6.521579742431641, 	Mean reward done: 2.57381534576416
Step: 4579328	Mean reward: 5.671871662139893, 	Mean reward done: 2.3985607624053955
Step: 4587520	Mean reward: 6.61488151550293, 	Mean reward done: 2.5853071212768555
Step: 4595712	Mean reward: 6.233371257781982, 	Mean reward done: 2.424952983856201
Step: 4603904	Mean reward: 5.964122295379639, 	Mean reward done: 2.4039759635925293
Step: 4612096	Mean reward: 5.398712158203125, 	Mean reward done: 1.7878235578536987
Step: 4620288	Mean reward: 6.061858177185059, 	Mean reward done: 2.2731974124908447
Step: 4628480	Mean reward: 6.187363624572754, 	Mean reward done: 2.3699398040771484
Step: 4636672	Mean reward: 6.185972690582275, 	Mean reward done: 2.3496789932250977
Step: 4644864	Mean reward: 6.198378562927246, 	Mean reward done: 2.1976051330566406
Step: 4653056	Mean reward: 5.873403072357178, 	Mean reward done: 2.220720052719116
Step: 4661248	Mean reward: 6.1113691329956055, 	Mean reward done: 2.4541730880737305
Step: 4669440	Mean reward: 5.74420166015625, 	Mean reward done: 2.2279930114746094
Step: 4677632	Mean reward: 6.1240763664245605, 	Mean reward done: 2.157036066055298
Step: 4685824	Mean reward: 6.545383930206299, 	Mean reward done: 2.5477724075317383
Step: 4694016	Mean reward: 6.093830585479736, 	Mean reward done: 2.1825685501098633
Step: 4702208	Mean reward: 6.050626754760742, 	Mean reward done: 2.3287878036499023
Step: 4710400	Mean reward: 5.978664875030518, 	Mean reward done: 2.26603364944458
Step: 4718592	Mean reward: 5.709720611572266, 	Mean reward done: 2.6614978313446045
Step: 4726784	Mean reward: 5.932582855224609, 	Mean reward done: 2.668264865875244
Step: 4734976	Mean reward: 5.833156108856201, 	Mean reward done: 2.1774768829345703
Step: 4743168	Mean reward: 6.3246307373046875, 	Mean reward done: 2.4537243843078613
Step: 4751360	Mean reward: 5.227221488952637, 	Mean reward done: 2.065599203109741
Step: 4759552	Mean reward: 6.729816436767578, 	Mean reward done: 2.8954172134399414
Step: 4767744	Mean reward: 6.291828632354736, 	Mean reward done: 2.306765079498291
Step: 4775936	Mean reward: 6.037382125854492, 	Mean reward done: 2.364642858505249
Step: 4784128	Mean reward: 6.10617208480835, 	Mean reward done: 2.187227964401245
Step: 4792320	Mean reward: 6.27376651763916, 	Mean reward done: 2.476055383682251
Step: 4800512	Mean reward: 6.117906093597412, 	Mean reward done: 2.3641445636749268
Step: 4808704	Mean reward: 6.229560375213623, 	Mean reward done: 2.479896306991577
Step: 4816896	Mean reward: 6.130032062530518, 	Mean reward done: 2.231546640396118
Step: 4825088	Mean reward: 6.886835098266602, 	Mean reward done: 2.8092029094696045
Step: 4833280	Mean reward: 6.097552299499512, 	Mean reward done: 2.5721917152404785
Step: 4841472	Mean reward: 5.688709259033203, 	Mean reward done: 2.170163154602051
Step: 4849664	Mean reward: 5.89772891998291, 	Mean reward done: 1.9775822162628174
Step: 4857856	Mean reward: 5.912222862243652, 	Mean reward done: 2.1421287059783936
Step: 4866048	Mean reward: 6.429564476013184, 	Mean reward done: 2.3421080112457275
Step: 4874240	Mean reward: 7.141727447509766, 	Mean reward done: 2.5904059410095215
Step: 4882432	Mean reward: 6.103582382202148, 	Mean reward done: 2.589823007583618
Step: 4890624	Mean reward: 6.061315059661865, 	Mean reward done: 2.0990631580352783
Step: 4898816	Mean reward: 6.814940452575684, 	Mean reward done: 2.841885805130005
Step: 4907008	Mean reward: 5.791579246520996, 	Mean reward done: 2.0443055629730225
Step: 4915200	Mean reward: 6.252251625061035, 	Mean reward done: 2.405087471008301
Step: 4923392	Mean reward: 6.222908973693848, 	Mean reward done: 2.3761255741119385
Step: 4931584	Mean reward: 5.997861385345459, 	Mean reward done: 2.2159903049468994
Step: 4939776	Mean reward: 6.4716596603393555, 	Mean reward done: 2.6743950843811035
Step: 4947968	Mean reward: 6.051115989685059, 	Mean reward done: 2.3291432857513428
Step: 4956160	Mean reward: 6.873285293579102, 	Mean reward done: 2.989612340927124
Step: 4964352	Mean reward: 6.898386001586914, 	Mean reward done: 2.579915761947632
Step: 4972544	Mean reward: 6.128489971160889, 	Mean reward done: 2.285966396331787
Step: 4980736	Mean reward: 5.987829208374023, 	Mean reward done: 2.5042355060577393
Step: 4988928	Mean reward: 6.1125335693359375, 	Mean reward done: 2.4992055892944336
Step: 4997120	Mean reward: 6.614176273345947, 	Mean reward done: 2.537292003631592
Step: 5005312	Mean reward: 6.654045581817627, 	Mean reward done: 3.0712850093841553
Step: 5013504	Mean reward: 5.4518656730651855, 	Mean reward done: 2.07407546043396
Step: 5021696	Mean reward: 6.455434799194336, 	Mean reward done: 2.4875926971435547
Step: 5029888	Mean reward: 6.287757873535156, 	Mean reward done: 2.6315197944641113
Step: 5038080	Mean reward: 6.244047164916992, 	Mean reward done: 2.371713876724243
Step: 5046272	Mean reward: 5.7420454025268555, 	Mean reward done: 2.1195857524871826
Step: 5054464	Mean reward: 5.923162460327148, 	Mean reward done: 2.157890796661377
Step: 5062656	Mean reward: 6.034554958343506, 	Mean reward done: 2.2421693801879883
Step: 5070848	Mean reward: 6.549489974975586, 	Mean reward done: 2.4932188987731934
Step: 5079040	Mean reward: 6.338888168334961, 	Mean reward done: 2.515825033187866
Step: 5087232	Mean reward: 6.059028625488281, 	Mean reward done: 2.1578047275543213
Step: 5095424	Mean reward: 5.835808753967285, 	Mean reward done: 2.1725285053253174
Step: 5103616	Mean reward: 6.643024921417236, 	Mean reward done: 2.689009428024292
Step: 5111808	Mean reward: 6.836414337158203, 	Mean reward done: 2.5549492835998535
Step: 5120000	Mean reward: 5.998619079589844, 	Mean reward done: 2.180474281311035
Step: 5128192	Mean reward: 6.484573841094971, 	Mean reward done: 2.435194730758667
Step: 5136384	Mean reward: 6.552459716796875, 	Mean reward done: 2.5493369102478027
Step: 5144576	Mean reward: 5.772751808166504, 	Mean reward done: 2.1074018478393555
Step: 5152768	Mean reward: 6.148268222808838, 	Mean reward done: 2.0389907360076904
Step: 5160960	Mean reward: 5.856003284454346, 	Mean reward done: 2.0505290031433105
Step: 5169152	Mean reward: 6.689960479736328, 	Mean reward done: 2.841951847076416
Step: 5177344	Mean reward: 6.757828235626221, 	Mean reward done: 2.72538423538208
Step: 5185536	Mean reward: 6.144246578216553, 	Mean reward done: 2.3145205974578857
Step: 5193728	Mean reward: 6.741528511047363, 	Mean reward done: 2.769575834274292
Step: 5201920	Mean reward: 6.0865373611450195, 	Mean reward done: 2.2428457736968994
Step: 5210112	Mean reward: 6.01615571975708, 	Mean reward done: 2.135063648223877
Step: 5218304	Mean reward: 6.9603271484375, 	Mean reward done: 2.7241597175598145
Step: 5226496	Mean reward: 6.069925308227539, 	Mean reward done: 2.1047964096069336
Step: 5234688	Mean reward: 6.611168384552002, 	Mean reward done: 2.652803659439087
Step: 5242880	Mean reward: 6.707071304321289, 	Mean reward done: 2.5585458278656006
Step: 5251072	Mean reward: 6.261030673980713, 	Mean reward done: 2.6416165828704834
Step: 5259264	Mean reward: 6.343781471252441, 	Mean reward done: 2.333225727081299
Step: 5267456	Mean reward: 6.412479877471924, 	Mean reward done: 2.6114864349365234
Step: 5275648	Mean reward: 6.410923957824707, 	Mean reward done: 2.8365697860717773
Step: 5283840	Mean reward: 6.145935535430908, 	Mean reward done: 2.1792867183685303
Step: 5292032	Mean reward: 6.241909503936768, 	Mean reward done: 2.4135427474975586
Step: 5300224	Mean reward: 6.351620674133301, 	Mean reward done: 2.5124475955963135
Step: 5308416	Mean reward: 6.294584274291992, 	Mean reward done: 2.3234951496124268
Step: 5316608	Mean reward: 6.570918560028076, 	Mean reward done: 2.3185346126556396
Step: 5324800	Mean reward: 6.998469352722168, 	Mean reward done: 3.2001211643218994
Step: 5332992	Mean reward: 6.815493106842041, 	Mean reward done: 2.74397873878479
Step: 5341184	Mean reward: 5.9409074783325195, 	Mean reward done: 2.259575366973877
Step: 5349376	Mean reward: 6.480099678039551, 	Mean reward done: 2.755417585372925
Step: 5357568	Mean reward: 6.201233386993408, 	Mean reward done: 2.384294271469116
Step: 5365760	Mean reward: 6.2696990966796875, 	Mean reward done: 2.5468666553497314
Step: 5373952	Mean reward: 6.240251064300537, 	Mean reward done: 2.438685417175293
Step: 5382144	Mean reward: 6.363852024078369, 	Mean reward done: 2.302746295928955
Step: 5390336	Mean reward: 6.76338529586792, 	Mean reward done: 2.520704507827759
Step: 5398528	Mean reward: 5.80734920501709, 	Mean reward done: 1.9749590158462524
Step: 5406720	Mean reward: 6.429543495178223, 	Mean reward done: 2.6582350730895996
Step: 5414912	Mean reward: 6.746271133422852, 	Mean reward done: 2.4365367889404297
Step: 5423104	Mean reward: 6.178086757659912, 	Mean reward done: 2.2206099033355713
Step: 5431296	Mean reward: 6.412126064300537, 	Mean reward done: 2.487468719482422
Step: 5439488	Mean reward: 5.995865821838379, 	Mean reward done: 2.0446724891662598
Step: 5447680	Mean reward: 6.920754432678223, 	Mean reward done: 2.892853021621704
Step: 5455872	Mean reward: 6.490138053894043, 	Mean reward done: 2.261192560195923
Step: 5464064	Mean reward: 6.72421932220459, 	Mean reward done: 2.564729690551758
Step: 5472256	Mean reward: 6.1158647537231445, 	Mean reward done: 2.34924578666687
Step: 5480448	Mean reward: 5.825717449188232, 	Mean reward done: 2.3376495838165283
Step: 5488640	Mean reward: 7.480645656585693, 	Mean reward done: 3.6678390502929688
Step: 5496832	Mean reward: 6.716616630554199, 	Mean reward done: 2.6480419635772705
Step: 5505024	Mean reward: 6.755546569824219, 	Mean reward done: 2.921664237976074
Step: 5513216	Mean reward: 6.904051780700684, 	Mean reward done: 3.03286075592041
Step: 5521408	Mean reward: 6.942286491394043, 	Mean reward done: 2.4982101917266846
Step: 5529600	Mean reward: 6.568681240081787, 	Mean reward done: 2.6623668670654297
Step: 5537792	Mean reward: 6.139874458312988, 	Mean reward done: 2.64316987991333
Step: 5545984	Mean reward: 6.480891704559326, 	Mean reward done: 2.5283796787261963
Step: 5554176	Mean reward: 6.493014812469482, 	Mean reward done: 2.3129074573516846
Step: 5562368	Mean reward: 6.451230525970459, 	Mean reward done: 2.3647608757019043
Step: 5570560	Mean reward: 6.450538635253906, 	Mean reward done: 2.377119541168213
Step: 5578752	Mean reward: 6.600713729858398, 	Mean reward done: 2.44638991355896
Step: 5586944	Mean reward: 6.241800308227539, 	Mean reward done: 2.9036784172058105
Step: 5595136	Mean reward: 5.236955165863037, 	Mean reward done: 1.6620351076126099
Step: 5603328	Mean reward: 6.117334365844727, 	Mean reward done: 2.2372941970825195
Step: 5611520	Mean reward: 6.583844184875488, 	Mean reward done: 2.51762056350708
Step: 5619712	Mean reward: 6.197621822357178, 	Mean reward done: 2.378046989440918
Step: 5627904	Mean reward: 6.04655647277832, 	Mean reward done: 2.181112289428711
Step: 5636096	Mean reward: 5.895166397094727, 	Mean reward done: 2.0887291431427
Step: 5644288	Mean reward: 6.732289791107178, 	Mean reward done: 2.3814914226531982
Step: 5652480	Mean reward: 6.429012298583984, 	Mean reward done: 2.443392276763916
Step: 5660672	Mean reward: 6.0989179611206055, 	Mean reward done: 2.4942855834960938
Step: 5668864	Mean reward: 6.05733060836792, 	Mean reward done: 2.1873695850372314
Step: 5677056	Mean reward: 6.41433048248291, 	Mean reward done: 2.4389102458953857
Step: 5685248	Mean reward: 6.523998260498047, 	Mean reward done: 2.2742412090301514
Step: 5693440	Mean reward: 6.05565071105957, 	Mean reward done: 2.3309428691864014
Step: 5701632	Mean reward: 6.7814531326293945, 	Mean reward done: 2.6883270740509033
Step: 5709824	Mean reward: 6.381363868713379, 	Mean reward done: 2.4896514415740967
Step: 5718016	Mean reward: 6.36594295501709, 	Mean reward done: 2.3106346130371094
Step: 5726208	Mean reward: 6.1869659423828125, 	Mean reward done: 2.3652689456939697
Step: 5734400	Mean reward: 6.624782562255859, 	Mean reward done: 2.355700969696045
Step: 5742592	Mean reward: 6.376802444458008, 	Mean reward done: 2.2689085006713867
Step: 5750784	Mean reward: 6.5408220291137695, 	Mean reward done: 2.4266343116760254
Step: 5758976	Mean reward: 6.388610363006592, 	Mean reward done: 2.4699885845184326
Step: 5767168	Mean reward: 6.5374274253845215, 	Mean reward done: 2.4246973991394043
Step: 5775360	Mean reward: 6.494946002960205, 	Mean reward done: 2.7222161293029785
Step: 5783552	Mean reward: 6.808302879333496, 	Mean reward done: 2.9383888244628906
Step: 5791744	Mean reward: 6.5455121994018555, 	Mean reward done: 2.408917188644409
Step: 5799936	Mean reward: 6.242440223693848, 	Mean reward done: 2.2405245304107666
Step: 5808128	Mean reward: 6.953234672546387, 	Mean reward done: 2.62229323387146
Step: 5816320	Mean reward: 6.500410079956055, 	Mean reward done: 2.726747751235962
Step: 5824512	Mean reward: 6.33486795425415, 	Mean reward done: 2.5312066078186035
Step: 5832704	Mean reward: 6.361300945281982, 	Mean reward done: 2.48250412940979
Step: 5840896	Mean reward: 6.49730920791626, 	Mean reward done: 2.4154045581817627
Step: 5849088	Mean reward: 6.0730743408203125, 	Mean reward done: 2.225426197052002
Step: 5857280	Mean reward: 6.56492280960083, 	Mean reward done: 2.5010533332824707
Step: 5865472	Mean reward: 6.53561544418335, 	Mean reward done: 2.344886541366577
Step: 5873664	Mean reward: 6.438784599304199, 	Mean reward done: 2.260180711746216
Step: 5881856	Mean reward: 6.5333147048950195, 	Mean reward done: 2.339053153991699
Step: 5890048	Mean reward: 6.519309997558594, 	Mean reward done: 2.44303297996521
Step: 5898240	Mean reward: 6.177209854125977, 	Mean reward done: 2.241288185119629
Step: 5906432	Mean reward: 5.930610179901123, 	Mean reward done: 2.1340174674987793
Step: 5914624	Mean reward: 6.422199726104736, 	Mean reward done: 2.36619234085083
Step: 5922816	Mean reward: 6.066811561584473, 	Mean reward done: 2.2185752391815186
Step: 5931008	Mean reward: 6.07995080947876, 	Mean reward done: 2.489137887954712
Step: 5939200	Mean reward: 6.079190254211426, 	Mean reward done: 2.0812695026397705
Step: 5947392	Mean reward: 6.706674575805664, 	Mean reward done: 2.611196756362915
Step: 5955584	Mean reward: 6.350218296051025, 	Mean reward done: 2.1759166717529297
Step: 5963776	Mean reward: 6.594590663909912, 	Mean reward done: 2.4553370475769043
Step: 5971968	Mean reward: 6.101741790771484, 	Mean reward done: 2.054391384124756
Step: 5980160	Mean reward: 5.30992317199707, 	Mean reward done: 1.9738190174102783
Step: 5988352	Mean reward: 6.7025909423828125, 	Mean reward done: 2.628936290740967
Step: 5996544	Mean reward: 6.360712051391602, 	Mean reward done: 2.4792208671569824
Step: 6004736	Mean reward: 5.732329368591309, 	Mean reward done: 2.1518986225128174
Step: 6012928	Mean reward: 6.387706279754639, 	Mean reward done: 2.5352911949157715
Step: 6021120	Mean reward: 6.455674171447754, 	Mean reward done: 2.4464685916900635
Step: 6029312	Mean reward: 6.564037322998047, 	Mean reward done: 2.654270648956299
Step: 6037504	Mean reward: 6.861811637878418, 	Mean reward done: 2.78519868850708
Step: 6045696	Mean reward: 6.764305591583252, 	Mean reward done: 2.4775142669677734
Step: 6053888	Mean reward: 6.25878381729126, 	Mean reward done: 2.440788984298706
Step: 6062080	Mean reward: 5.481318473815918, 	Mean reward done: 1.965729832649231
Step: 6070272	Mean reward: 6.449230670928955, 	Mean reward done: 2.432663679122925
Step: 6078464	Mean reward: 6.202975273132324, 	Mean reward done: 2.447110176086426
Step: 6086656	Mean reward: 6.188976764678955, 	Mean reward done: 2.292465925216675
Step: 6094848	Mean reward: 6.801863670349121, 	Mean reward done: 2.5419514179229736
Step: 6103040	Mean reward: 6.6360883712768555, 	Mean reward done: 2.6185505390167236
Step: 6111232	Mean reward: 6.089200973510742, 	Mean reward done: 2.208191156387329
Step: 6119424	Mean reward: 6.646729469299316, 	Mean reward done: 2.5912678241729736
Step: 6127616	Mean reward: 6.385778427124023, 	Mean reward done: 2.515505075454712
Step: 6135808	Mean reward: 6.262075424194336, 	Mean reward done: 2.3550918102264404
Step: 6144000	Mean reward: 6.343208312988281, 	Mean reward done: 2.4912288188934326
Step: 6152192	Mean reward: 6.138343334197998, 	Mean reward done: 2.144336700439453
Step: 6160384	Mean reward: 6.600313186645508, 	Mean reward done: 2.6088271141052246
Step: 6168576	Mean reward: 6.204336166381836, 	Mean reward done: 2.417330026626587
Step: 6176768	Mean reward: 6.176656723022461, 	Mean reward done: 2.2291746139526367
Step: 6184960	Mean reward: 6.244472980499268, 	Mean reward done: 2.423870325088501
Step: 6193152	Mean reward: 6.488500118255615, 	Mean reward done: 2.641875743865967
Step: 6201344	Mean reward: 6.26967716217041, 	Mean reward done: 2.5364303588867188
Step: 6209536	Mean reward: 6.635993480682373, 	Mean reward done: 2.443169355392456
Step: 6217728	Mean reward: 5.996619701385498, 	Mean reward done: 2.332019567489624
Step: 6225920	Mean reward: 6.172882556915283, 	Mean reward done: 2.312565803527832
Step: 6234112	Mean reward: 5.805724143981934, 	Mean reward done: 2.281954050064087
Step: 6242304	Mean reward: 6.91912841796875, 	Mean reward done: 2.8410589694976807
Step: 6250496	Mean reward: 6.482815742492676, 	Mean reward done: 2.5120346546173096
Step: 6258688	Mean reward: 6.060676097869873, 	Mean reward done: 1.905625343322754
Step: 6266880	Mean reward: 6.970969200134277, 	Mean reward done: 2.8026552200317383
Step: 6275072	Mean reward: 6.562251091003418, 	Mean reward done: 2.5791561603546143
Step: 6283264	Mean reward: 5.895663261413574, 	Mean reward done: 2.295776605606079
Step: 6291456	Mean reward: 6.478732109069824, 	Mean reward done: 2.599869966506958
Step: 6299648	Mean reward: 6.965676784515381, 	Mean reward done: 3.0981202125549316
Step: 6307840	Mean reward: 6.406274318695068, 	Mean reward done: 2.9463818073272705
Step: 6316032	Mean reward: 5.793322563171387, 	Mean reward done: 2.199516773223877
Step: 6324224	Mean reward: 5.996815204620361, 	Mean reward done: 2.3663904666900635
Step: 6332416	Mean reward: 6.2954020500183105, 	Mean reward done: 2.2906763553619385
Step: 6340608	Mean reward: 6.687385559082031, 	Mean reward done: 2.562596082687378
Step: 6348800	Mean reward: 6.712869167327881, 	Mean reward done: 2.4645473957061768
Step: 6356992	Mean reward: 6.670708179473877, 	Mean reward done: 2.3648035526275635
Step: 6365184	Mean reward: 5.774265289306641, 	Mean reward done: 2.396909713745117
Step: 6373376	Mean reward: 6.748758792877197, 	Mean reward done: 2.4946470260620117
Step: 6381568	Mean reward: 6.867481231689453, 	Mean reward done: 2.674298048019409
Step: 6389760	Mean reward: 6.566882133483887, 	Mean reward done: 2.502864360809326
Step: 6397952	Mean reward: 6.741280555725098, 	Mean reward done: 2.6881613731384277
Step: 6406144	Mean reward: 6.265405654907227, 	Mean reward done: 2.4335365295410156
Step: 6414336	Mean reward: 6.318392753601074, 	Mean reward done: 2.309077501296997
Step: 6422528	Mean reward: 6.154935836791992, 	Mean reward done: 2.425901412963867
Step: 6430720	Mean reward: 6.4107232093811035, 	Mean reward done: 2.679028034210205
Step: 6438912	Mean reward: 6.07132625579834, 	Mean reward done: 2.216460943222046
Step: 6447104	Mean reward: 6.165386199951172, 	Mean reward done: 2.212869167327881
Step: 6455296	Mean reward: 6.515320301055908, 	Mean reward done: 2.478163480758667
Step: 6463488	Mean reward: 6.661754131317139, 	Mean reward done: 2.597816228866577
Step: 6471680	Mean reward: 6.106542110443115, 	Mean reward done: 2.376643419265747
Step: 6479872	Mean reward: 6.55166482925415, 	Mean reward done: 2.513723134994507
Step: 6488064	Mean reward: 6.523741245269775, 	Mean reward done: 2.401942491531372
Step: 6496256	Mean reward: 6.091224193572998, 	Mean reward done: 2.193157196044922
Step: 6504448	Mean reward: 6.995108127593994, 	Mean reward done: 2.722196102142334
Step: 6512640	Mean reward: 6.2783708572387695, 	Mean reward done: 2.199679136276245
Step: 6520832	Mean reward: 6.641846656799316, 	Mean reward done: 2.546945571899414
Step: 6529024	Mean reward: 6.50583553314209, 	Mean reward done: 2.411567211151123
Step: 6537216	Mean reward: 6.801136016845703, 	Mean reward done: 2.8473129272460938
Step: 6545408	Mean reward: 6.906393051147461, 	Mean reward done: 2.7753682136535645
Step: 6553600	Mean reward: 5.853267669677734, 	Mean reward done: 2.2880373001098633
Step: 6561792	Mean reward: 6.445556640625, 	Mean reward done: 2.5002379417419434
Step: 6569984	Mean reward: 6.242386341094971, 	Mean reward done: 2.4201056957244873
Step: 6578176	Mean reward: 6.525184631347656, 	Mean reward done: 2.428968906402588
Step: 6586368	Mean reward: 7.090486526489258, 	Mean reward done: 2.772386312484741
Step: 6594560	Mean reward: 6.44178581237793, 	Mean reward done: 2.4311699867248535
Step: 6602752	Mean reward: 6.615790367126465, 	Mean reward done: 2.7756664752960205
Step: 6610944	Mean reward: 6.439150810241699, 	Mean reward done: 2.636958360671997
Step: 6619136	Mean reward: 6.5461835861206055, 	Mean reward done: 2.361654281616211
Step: 6627328	Mean reward: 6.868487358093262, 	Mean reward done: 2.776571750640869
Step: 6635520	Mean reward: 7.228231430053711, 	Mean reward done: 2.999634027481079
Step: 6643712	Mean reward: 6.593022346496582, 	Mean reward done: 2.2503721714019775
Step: 6651904	Mean reward: 6.5787553787231445, 	Mean reward done: 2.590916872024536
Step: 6660096	Mean reward: 6.792916297912598, 	Mean reward done: 2.8427062034606934
Step: 6668288	Mean reward: 6.7239909172058105, 	Mean reward done: 2.6996920108795166
Step: 6676480	Mean reward: 5.929492950439453, 	Mean reward done: 2.3518552780151367
Step: 6684672	Mean reward: 6.61368989944458, 	Mean reward done: 2.6739299297332764
Step: 6692864	Mean reward: 5.886543273925781, 	Mean reward done: 2.2668087482452393
Step: 6701056	Mean reward: 7.270021438598633, 	Mean reward done: 2.8152847290039062
Step: 6709248	Mean reward: 6.905568599700928, 	Mean reward done: 2.5156960487365723
Step: 6717440	Mean reward: 6.313338279724121, 	Mean reward done: 2.2342946529388428
Step: 6725632	Mean reward: 6.460831642150879, 	Mean reward done: 2.5062031745910645
Step: 6733824	Mean reward: 6.379016876220703, 	Mean reward done: 2.548243999481201
Step: 6742016	Mean reward: 6.095371723175049, 	Mean reward done: 2.2768137454986572
Step: 6750208	Mean reward: 5.732915878295898, 	Mean reward done: 2.0821542739868164
Step: 6758400	Mean reward: 6.591655254364014, 	Mean reward done: 2.5552172660827637
Step: 6766592	Mean reward: 6.724658012390137, 	Mean reward done: 2.565927505493164
Step: 6774784	Mean reward: 6.118772983551025, 	Mean reward done: 2.3482120037078857
Step: 6782976	Mean reward: 6.399942874908447, 	Mean reward done: 2.2853739261627197
Step: 6791168	Mean reward: 6.064245223999023, 	Mean reward done: 2.3355863094329834
Step: 6799360	Mean reward: 6.827820301055908, 	Mean reward done: 2.632537841796875
Step: 6807552	Mean reward: 6.651983261108398, 	Mean reward done: 2.6900711059570312
Step: 6815744	Mean reward: 6.8645853996276855, 	Mean reward done: 2.7369046211242676
Step: 6823936	Mean reward: 6.366786956787109, 	Mean reward done: 2.475224256515503
Step: 6832128	Mean reward: 6.780939102172852, 	Mean reward done: 2.752803325653076
Step: 6840320	Mean reward: 6.163032054901123, 	Mean reward done: 2.19167160987854
Step: 6848512	Mean reward: 6.082666397094727, 	Mean reward done: 2.3732221126556396
Step: 6856704	Mean reward: 6.630937576293945, 	Mean reward done: 2.5050220489501953
Step: 6864896	Mean reward: 7.473113536834717, 	Mean reward done: 3.222043514251709
Step: 6873088	Mean reward: 6.799349308013916, 	Mean reward done: 2.4656622409820557
Step: 6881280	Mean reward: 6.048422813415527, 	Mean reward done: 2.4287354946136475
Step: 6889472	Mean reward: 6.823173999786377, 	Mean reward done: 2.6244711875915527
Step: 6897664	Mean reward: 6.420655250549316, 	Mean reward done: 2.4523355960845947
Step: 6905856	Mean reward: 6.192572593688965, 	Mean reward done: 2.2770752906799316
Step: 6914048	Mean reward: 6.78031063079834, 	Mean reward done: 2.717029333114624
Step: 6922240	Mean reward: 5.709843158721924, 	Mean reward done: 2.0514883995056152
Step: 6930432	Mean reward: 6.110840797424316, 	Mean reward done: 2.0982344150543213
Step: 6938624	Mean reward: 6.217751979827881, 	Mean reward done: 2.3177266120910645
Step: 6946816	Mean reward: 6.603888511657715, 	Mean reward done: 2.5533287525177
Step: 6955008	Mean reward: 5.814457893371582, 	Mean reward done: 2.1687259674072266
Step: 6963200	Mean reward: 6.081559658050537, 	Mean reward done: 2.4504473209381104
Step: 6971392	Mean reward: 6.308069229125977, 	Mean reward done: 2.1884477138519287
Step: 6979584	Mean reward: 6.374774932861328, 	Mean reward done: 2.396665573120117
Step: 6987776	Mean reward: 6.22718620300293, 	Mean reward done: 2.1425442695617676
Step: 6995968	Mean reward: 6.894986629486084, 	Mean reward done: 2.6824967861175537
Step: 7004160	Mean reward: 6.3324995040893555, 	Mean reward done: 2.454847812652588
Step: 7012352	Mean reward: 6.1843953132629395, 	Mean reward done: 2.4499335289001465
Step: 7020544	Mean reward: 6.970803260803223, 	Mean reward done: 2.9857354164123535
Step: 7028736	Mean reward: 6.580912113189697, 	Mean reward done: 2.4294662475585938
Step: 7036928	Mean reward: 6.873264789581299, 	Mean reward done: 2.806030035018921
Step: 7045120	Mean reward: 7.52417516708374, 	Mean reward done: 2.9605376720428467
Step: 7053312	Mean reward: 7.054367542266846, 	Mean reward done: 3.213801145553589
Step: 7061504	Mean reward: 6.385085582733154, 	Mean reward done: 2.659341812133789
Step: 7069696	Mean reward: 6.77006196975708, 	Mean reward done: 2.7020277976989746
Step: 7077888	Mean reward: 6.622103691101074, 	Mean reward done: 2.264662742614746
Step: 7086080	Mean reward: 6.088296890258789, 	Mean reward done: 2.395794630050659
Step: 7094272	Mean reward: 6.991916179656982, 	Mean reward done: 2.716860055923462
Step: 7102464	Mean reward: 7.002921104431152, 	Mean reward done: 2.8990252017974854
Step: 7110656	Mean reward: 6.854969501495361, 	Mean reward done: 2.5988993644714355
Step: 7118848	Mean reward: 7.478421211242676, 	Mean reward done: 3.1353037357330322
Step: 7127040	Mean reward: 6.012701034545898, 	Mean reward done: 2.426586627960205
Step: 7135232	Mean reward: 6.397700786590576, 	Mean reward done: 2.3835079669952393
Step: 7143424	Mean reward: 6.104153156280518, 	Mean reward done: 2.8403966426849365
Step: 7151616	Mean reward: 6.02330207824707, 	Mean reward done: 2.186161994934082
Step: 7159808	Mean reward: 6.7003583908081055, 	Mean reward done: 2.9384913444519043
Step: 7168000	Mean reward: 6.432701587677002, 	Mean reward done: 2.724588632583618
Step: 7176192	Mean reward: 6.923169136047363, 	Mean reward done: 2.7340543270111084
Step: 7184384	Mean reward: 6.190968036651611, 	Mean reward done: 2.5131442546844482
Step: 7192576	Mean reward: 5.977995872497559, 	Mean reward done: 2.2782821655273438
Step: 7200768	Mean reward: 6.641575336456299, 	Mean reward done: 2.948857307434082
Step: 7208960	Mean reward: 6.428018569946289, 	Mean reward done: 2.419360399246216
Step: 7217152	Mean reward: 6.573121547698975, 	Mean reward done: 2.5019941329956055
Step: 7225344	Mean reward: 6.903785705566406, 	Mean reward done: 3.6665163040161133
Step: 7233536	Mean reward: 6.6494526863098145, 	Mean reward done: 2.3713266849517822
Step: 7241728	Mean reward: 6.807264804840088, 	Mean reward done: 2.8993911743164062
Step: 7249920	Mean reward: 6.633386611938477, 	Mean reward done: 2.529531240463257
Step: 7258112	Mean reward: 6.831083297729492, 	Mean reward done: 2.5655248165130615
Step: 7266304	Mean reward: 5.888920783996582, 	Mean reward done: 2.0971550941467285
Step: 7274496	Mean reward: 6.379335880279541, 	Mean reward done: 2.5464279651641846
Step: 7282688	Mean reward: 6.975248336791992, 	Mean reward done: 2.3217687606811523
Step: 7290880	Mean reward: 6.006948947906494, 	Mean reward done: 2.524996280670166
Step: 7299072	Mean reward: 6.377768516540527, 	Mean reward done: 2.1789608001708984
Step: 7307264	Mean reward: 6.231176376342773, 	Mean reward done: 2.3731579780578613
Step: 7315456	Mean reward: 6.296792507171631, 	Mean reward done: 2.2690560817718506
Step: 7323648	Mean reward: 5.859377861022949, 	Mean reward done: 2.3121554851531982
Step: 7331840	Mean reward: 6.428468227386475, 	Mean reward done: 2.5857439041137695
Step: 7340032	Mean reward: 6.850222587585449, 	Mean reward done: 2.923830509185791
Step: 7348224	Mean reward: 6.1333513259887695, 	Mean reward done: 2.3005597591400146
Step: 7356416	Mean reward: 6.820736408233643, 	Mean reward done: 2.5881361961364746
Step: 7364608	Mean reward: 6.316015243530273, 	Mean reward done: 2.41076922416687
Step: 7372800	Mean reward: 6.884662628173828, 	Mean reward done: 2.403672456741333
Step: 7380992	Mean reward: 6.80363655090332, 	Mean reward done: 2.835954427719116
Step: 7389184	Mean reward: 6.259115695953369, 	Mean reward done: 2.799842119216919
Step: 7397376	Mean reward: 6.615733623504639, 	Mean reward done: 2.4026145935058594
Step: 7405568	Mean reward: 6.1254353523254395, 	Mean reward done: 2.179621458053589
Step: 7413760	Mean reward: 6.323220729827881, 	Mean reward done: 2.2060723304748535
Step: 7421952	Mean reward: 6.415799140930176, 	Mean reward done: 2.4847426414489746
Step: 7430144	Mean reward: 7.021582126617432, 	Mean reward done: 3.1339223384857178
Step: 7438336	Mean reward: 6.661724090576172, 	Mean reward done: 2.7889328002929688
Step: 7446528	Mean reward: 6.634221076965332, 	Mean reward done: 2.2085437774658203
Step: 7454720	Mean reward: 6.171422958374023, 	Mean reward done: 2.511958360671997
Step: 7462912	Mean reward: 6.4354567527771, 	Mean reward done: 2.3389642238616943
Step: 7471104	Mean reward: 6.883937835693359, 	Mean reward done: 2.935474157333374
Step: 7479296	Mean reward: 6.855713367462158, 	Mean reward done: 2.776411533355713
Step: 7487488	Mean reward: 6.3123908042907715, 	Mean reward done: 2.4904003143310547
Step: 7495680	Mean reward: 6.4964776039123535, 	Mean reward done: 2.8135933876037598
Step: 7503872	Mean reward: 6.363068580627441, 	Mean reward done: 2.684715509414673
Step: 7512064	Mean reward: 5.821053981781006, 	Mean reward done: 2.237344264984131
Step: 7520256	Mean reward: 5.939496040344238, 	Mean reward done: 2.373596668243408
Step: 7528448	Mean reward: 6.4793171882629395, 	Mean reward done: 2.736006736755371
Step: 7536640	Mean reward: 6.569733619689941, 	Mean reward done: 2.748380422592163
Step: 7544832	Mean reward: 6.384538173675537, 	Mean reward done: 2.7404706478118896
Step: 7553024	Mean reward: 6.502368927001953, 	Mean reward done: 2.6664516925811768
Step: 7561216	Mean reward: 6.144314289093018, 	Mean reward done: 2.665616273880005
Step: 7569408	Mean reward: 6.35417366027832, 	Mean reward done: 2.322392225265503
Step: 7577600	Mean reward: 6.471874237060547, 	Mean reward done: 2.7789924144744873
Step: 7585792	Mean reward: 6.260123252868652, 	Mean reward done: 2.4085001945495605
Step: 7593984	Mean reward: 7.115645885467529, 	Mean reward done: 3.0504934787750244
Step: 7602176	Mean reward: 6.191797256469727, 	Mean reward done: 2.290086269378662
Step: 7610368	Mean reward: 6.796629905700684, 	Mean reward done: 2.618985891342163
Step: 7618560	Mean reward: 6.058432102203369, 	Mean reward done: 2.1434993743896484
Step: 7626752	Mean reward: 6.176831245422363, 	Mean reward done: 2.183621883392334
Step: 7634944	Mean reward: 6.334318161010742, 	Mean reward done: 2.4000654220581055
Step: 7643136	Mean reward: 5.886192798614502, 	Mean reward done: 2.1352269649505615
Step: 7651328	Mean reward: 6.649829864501953, 	Mean reward done: 2.5513017177581787
Step: 7659520	Mean reward: 6.345954895019531, 	Mean reward done: 2.2338106632232666
Step: 7667712	Mean reward: 7.042918682098389, 	Mean reward done: 2.8632402420043945
Step: 7675904	Mean reward: 6.515338897705078, 	Mean reward done: 2.2792716026306152
Step: 7684096	Mean reward: 6.028258323669434, 	Mean reward done: 2.4863266944885254
Step: 7692288	Mean reward: 6.146568298339844, 	Mean reward done: 2.0422749519348145
Step: 7700480	Mean reward: 6.410046100616455, 	Mean reward done: 2.465740203857422
Step: 7708672	Mean reward: 6.448816299438477, 	Mean reward done: 3.031383752822876
Step: 7716864	Mean reward: 6.578893661499023, 	Mean reward done: 2.589233875274658
Step: 7725056	Mean reward: 6.208925247192383, 	Mean reward done: 2.472818613052368
Step: 7733248	Mean reward: 6.878608703613281, 	Mean reward done: 2.538379669189453
Step: 7741440	Mean reward: 6.443856716156006, 	Mean reward done: 2.4011049270629883
Step: 7749632	Mean reward: 6.101785659790039, 	Mean reward done: 2.141981601715088
Step: 7757824	Mean reward: 6.745561599731445, 	Mean reward done: 2.8829667568206787
Step: 7766016	Mean reward: 6.073653221130371, 	Mean reward done: 2.2754287719726562
Step: 7774208	Mean reward: 6.085962772369385, 	Mean reward done: 2.577441692352295
Step: 7782400	Mean reward: 6.111381530761719, 	Mean reward done: 2.2671256065368652
Step: 7790592	Mean reward: 6.348104476928711, 	Mean reward done: 2.095224380493164
Step: 7798784	Mean reward: 6.518161296844482, 	Mean reward done: 2.715240240097046
Step: 7806976	Mean reward: 6.530294895172119, 	Mean reward done: 2.484445095062256
Step: 7815168	Mean reward: 6.056392669677734, 	Mean reward done: 2.140979766845703
Step: 7823360	Mean reward: 6.462672233581543, 	Mean reward done: 2.470134735107422
Step: 7831552	Mean reward: 6.343871116638184, 	Mean reward done: 2.4486727714538574
Step: 7839744	Mean reward: 6.4483795166015625, 	Mean reward done: 2.616780996322632
Step: 7847936	Mean reward: 6.132645606994629, 	Mean reward done: 2.4710025787353516
Step: 7856128	Mean reward: 7.0237836837768555, 	Mean reward done: 3.0095133781433105
Step: 7864320	Mean reward: 6.812124729156494, 	Mean reward done: 2.919328212738037
Step: 7872512	Mean reward: 6.456075191497803, 	Mean reward done: 2.237316131591797
Step: 7880704	Mean reward: 5.838624000549316, 	Mean reward done: 2.1933114528656006
Step: 7888896	Mean reward: 6.665258407592773, 	Mean reward done: 2.53008770942688
Step: 7897088	Mean reward: 7.017866134643555, 	Mean reward done: 3.234557867050171
Step: 7905280	Mean reward: 6.753323554992676, 	Mean reward done: 2.4309792518615723
Step: 7913472	Mean reward: 5.848263263702393, 	Mean reward done: 2.1843574047088623
Step: 7921664	Mean reward: 6.385530471801758, 	Mean reward done: 2.313169479370117
Step: 7929856	Mean reward: 5.821255683898926, 	Mean reward done: 2.2408785820007324
Step: 7938048	Mean reward: 6.411130428314209, 	Mean reward done: 2.458254098892212
Step: 7946240	Mean reward: 6.50240421295166, 	Mean reward done: 2.527986526489258
Step: 7954432	Mean reward: 6.278964042663574, 	Mean reward done: 2.2786927223205566
Step: 7962624	Mean reward: 6.0689496994018555, 	Mean reward done: 2.491588830947876
Step: 7970816	Mean reward: 6.658015251159668, 	Mean reward done: 2.6660501956939697
Step: 7979008	Mean reward: 6.211773872375488, 	Mean reward done: 2.2824559211730957
Step: 7987200	Mean reward: 6.774310111999512, 	Mean reward done: 3.300903797149658
Step: 7995392	Mean reward: 6.745707988739014, 	Mean reward done: 2.7353968620300293
Step: 8003584	Mean reward: 6.062765121459961, 	Mean reward done: 2.6193487644195557
Completed training of sd_n_na_sp!

------------------------------------------------------------
Sender: LSF System <lsfadmin@n-62-20-12>
Subject: Job 8466554: <sd_n_na_sp> in cluster <dcc> Done

Job <sd_n_na_sp> was submitted from host <n-62-27-19> by user <s192288> in cluster <dcc> at Wed Dec  2 16:30:01 2020
Job was executed on host(s) <n-62-20-12>, in queue <gpuv100>, as user <s192288> in cluster <dcc> at Wed Dec  2 16:30:03 2020
</zhome/09/9/144141> was used as the home directory.
</zhome/09/9/144141/Desktop/Deep_l_hpc> was used as the working directory.
Started at Wed Dec  2 16:30:03 2020
Terminated at Wed Dec  2 19:34:37 2020
Results reported at Wed Dec  2 19:34:37 2020

Your job looked like:

------------------------------------------------------------
# LSBATCH: User input
#!/bin/sh

#BSUB -J sd_n_na_sp

#BSUB -q gpuv100

#BSUB -gpu "num=1"

#BSUB -n 1

#BSUB -W 23:45

#BSUB -R "rusage[mem=16GB]"

#BSUB -o sd_n_na_sp.out

#BSUB -e sd_n_na_sp.err

# Load modules

module load python3/3.8.2
module load cuda/8.0
module load cudnn/v7.0-prod-cuda8
module load ffmpeg/4.2.2
pip3 install --user torch matplotlib procgen gym 

# 1 = model_name, 2 = encoder_index, 3 = aug_index, 4 = mix_reg, 5 = game
#the name of the run
#encoder_index 0 = Impala, 1 = Nature  
#aug_index: 0 = None, 1 = grayscale, 2 = random_cutout, 3 = color_jitter
#mixreg: 0 = False, 1 = True 
#type of game

python3 train_ppo.py sd_n_na_sp 1 0 0 starpilot



------------------------------------------------------------

Successfully completed.

Resource usage summary:

    CPU time :                                   10970.80 sec.
    Max Memory :                                 9088 MB
    Average Memory :                             8993.48 MB
    Total Requested Memory :                     16384.00 MB
    Delta Memory :                               7296.00 MB
    Max Swap :                                   -
    Max Processes :                              4
    Max Threads :                                13
    Run time :                                   11162 sec.
    Turnaround time :                            11076 sec.

The output (if any) is above this job summary.



PS:

Read file <sd_n_na_sp.err> for stderr output of this job.

