Requirement already satisfied: torch in /zhome/09/9/144141/.local/lib/python3.8/site-packages (1.7.0)
Requirement already satisfied: matplotlib in /zhome/09/9/144141/.local/lib/python3.8/site-packages (3.3.3)
Requirement already satisfied: procgen in /zhome/09/9/144141/.local/lib/python3.8/site-packages (0.10.4)
Requirement already satisfied: gym in /zhome/09/9/144141/.local/lib/python3.8/site-packages (0.17.3)
Requirement already satisfied: dataclasses in /zhome/09/9/144141/.local/lib/python3.8/site-packages (from torch) (0.6)
Requirement already satisfied: typing-extensions in /zhome/09/9/144141/.local/lib/python3.8/site-packages (from torch) (3.7.4.3)
Requirement already satisfied: numpy in /zhome/09/9/144141/.local/lib/python3.8/site-packages (from torch) (1.19.4)
Requirement already satisfied: future in /zhome/09/9/144141/.local/lib/python3.8/site-packages (from torch) (0.18.2)
Requirement already satisfied: python-dateutil>=2.1 in /zhome/09/9/144141/.local/lib/python3.8/site-packages (from matplotlib) (2.8.1)
Requirement already satisfied: pillow>=6.2.0 in /zhome/09/9/144141/.local/lib/python3.8/site-packages (from matplotlib) (8.0.1)
Requirement already satisfied: cycler>=0.10 in /zhome/09/9/144141/.local/lib/python3.8/site-packages (from matplotlib) (0.10.0)
Requirement already satisfied: kiwisolver>=1.0.1 in /zhome/09/9/144141/.local/lib/python3.8/site-packages (from matplotlib) (1.3.1)
Requirement already satisfied: pyparsing!=2.0.4,!=2.1.2,!=2.1.6,>=2.0.3 in /zhome/09/9/144141/.local/lib/python3.8/site-packages (from matplotlib) (2.4.7)
Requirement already satisfied: gym3<1.0.0,>=0.3.3 in /zhome/09/9/144141/.local/lib/python3.8/site-packages (from procgen) (0.3.3)
Requirement already satisfied: filelock<4.0.0,>=3.0.0 in /zhome/09/9/144141/.local/lib/python3.8/site-packages (from procgen) (3.0.12)
Requirement already satisfied: scipy in /zhome/09/9/144141/.local/lib/python3.8/site-packages (from gym) (1.5.4)
Requirement already satisfied: pyglet<=1.5.0,>=1.4.0 in /zhome/09/9/144141/.local/lib/python3.8/site-packages (from gym) (1.5.0)
Requirement already satisfied: cloudpickle<1.7.0,>=1.2.0 in /zhome/09/9/144141/.local/lib/python3.8/site-packages (from gym) (1.6.0)
Requirement already satisfied: six>=1.5 in /zhome/09/9/144141/.local/lib/python3.8/site-packages (from python-dateutil>=2.1->matplotlib) (1.15.0)
Requirement already satisfied: cffi<2.0.0,>=1.13.0 in /zhome/09/9/144141/.local/lib/python3.8/site-packages (from gym3<1.0.0,>=0.3.3->procgen) (1.14.4)
Requirement already satisfied: imageio-ffmpeg<0.4.0,>=0.3.0 in /zhome/09/9/144141/.local/lib/python3.8/site-packages (from gym3<1.0.0,>=0.3.3->procgen) (0.3.0)
Requirement already satisfied: moderngl<6.0.0,>=5.5.4 in /zhome/09/9/144141/.local/lib/python3.8/site-packages (from gym3<1.0.0,>=0.3.3->procgen) (5.6.2)
Requirement already satisfied: imageio<3.0.0,>=2.6.0 in /zhome/09/9/144141/.local/lib/python3.8/site-packages (from gym3<1.0.0,>=0.3.3->procgen) (2.9.0)
Requirement already satisfied: glfw<2.0.0,>=1.8.6 in /zhome/09/9/144141/.local/lib/python3.8/site-packages (from gym3<1.0.0,>=0.3.3->procgen) (1.12.0)
Requirement already satisfied: pycparser in /zhome/09/9/144141/.local/lib/python3.8/site-packages (from cffi<2.0.0,>=1.13.0->gym3<1.0.0,>=0.3.3->procgen) (2.20)
Requirement already satisfied: glcontext<3,>=2 in /zhome/09/9/144141/.local/lib/python3.8/site-packages (from moderngl<6.0.0,>=5.5.4->gym3<1.0.0,>=0.3.3->procgen) (2.2.0)
Run name sd_i_mx_db
Encoder used Impala
Augumentation used none
Mixreg? True
Game dodgeball
Observation space: Box(0.0, 1.0, (3, 64, 64), float32)
Action space: 15
Beware of the Impala!
Step: 8192	Mean reward: 3.1875, 	Mean reward done: 1.5871198177337646
Estimated time of completion: 11.882966371356613 hours
Step: 16384	Mean reward: 2.375, 	Mean reward done: 0.8433878421783447
Step: 24576	Mean reward: 2.5625, 	Mean reward done: 0.6439453363418579
Step: 32768	Mean reward: 2.875, 	Mean reward done: 1.0004627704620361
Step: 40960	Mean reward: 2.0625, 	Mean reward done: 0.6375992894172668
Step: 49152	Mean reward: 2.625, 	Mean reward done: 0.7701593637466431
Step: 57344	Mean reward: 2.875, 	Mean reward done: 1.2810320854187012
Step: 65536	Mean reward: 2.6875, 	Mean reward done: 1.1228857040405273
Step: 73728	Mean reward: 2.0625, 	Mean reward done: 0.711577832698822
Step: 81920	Mean reward: 2.625, 	Mean reward done: 0.8567731380462646
Step: 90112	Mean reward: 2.125, 	Mean reward done: 0.7687060832977295
Step: 98304	Mean reward: 2.3125, 	Mean reward done: 0.9320719242095947
Step: 106496	Mean reward: 3.0625, 	Mean reward done: 1.128213882446289
Step: 114688	Mean reward: 2.6875, 	Mean reward done: 0.8401045203208923
Step: 122880	Mean reward: 2.25, 	Mean reward done: 0.7313767075538635
Step: 131072	Mean reward: 3.0, 	Mean reward done: 1.128823161125183
Step: 139264	Mean reward: 3.0, 	Mean reward done: 1.4885408878326416
Step: 147456	Mean reward: 2.5625, 	Mean reward done: 1.1430922746658325
Step: 155648	Mean reward: 3.5, 	Mean reward done: 0.9560970067977905
Step: 163840	Mean reward: 1.75, 	Mean reward done: 0.7510197162628174
Step: 172032	Mean reward: 3.6875, 	Mean reward done: 1.0880661010742188
Step: 180224	Mean reward: 3.375, 	Mean reward done: 1.1097441911697388
Step: 188416	Mean reward: 2.5, 	Mean reward done: 1.0116339921951294
Step: 196608	Mean reward: 2.5, 	Mean reward done: 1.0443092584609985
Step: 204800	Mean reward: 2.8125, 	Mean reward done: 0.8673830628395081
Step: 212992	Mean reward: 2.375, 	Mean reward done: 0.8167604804039001
Step: 221184	Mean reward: 3.1875, 	Mean reward done: 0.9933223724365234
Step: 229376	Mean reward: 3.9375, 	Mean reward done: 1.3380106687545776
Step: 237568	Mean reward: 3.5, 	Mean reward done: 1.3073914051055908
Step: 245760	Mean reward: 3.5625, 	Mean reward done: 1.3154104948043823
Step: 253952	Mean reward: 3.1875, 	Mean reward done: 1.0041989088058472
Step: 262144	Mean reward: 2.25, 	Mean reward done: 0.6696576476097107
Step: 270336	Mean reward: 3.4375, 	Mean reward done: 1.0828229188919067
Step: 278528	Mean reward: 3.25, 	Mean reward done: 1.108459234237671
Step: 286720	Mean reward: 3.125, 	Mean reward done: 1.3418420553207397
Step: 294912	Mean reward: 2.9375, 	Mean reward done: 1.3091182708740234
Step: 303104	Mean reward: 3.3125, 	Mean reward done: 1.1366925239562988
Step: 311296	Mean reward: 3.3125, 	Mean reward done: 1.0454881191253662
Step: 319488	Mean reward: 4.3125, 	Mean reward done: 1.1954162120819092
Step: 327680	Mean reward: 4.0625, 	Mean reward done: 1.6820294857025146
Step: 335872	Mean reward: 3.125, 	Mean reward done: 1.2783761024475098
Step: 344064	Mean reward: 2.25, 	Mean reward done: 0.9975818395614624
Step: 352256	Mean reward: 3.3125, 	Mean reward done: 1.6335842609405518
Step: 360448	Mean reward: 2.3125, 	Mean reward done: 1.056993007659912
Step: 368640	Mean reward: 2.9375, 	Mean reward done: 0.8380594253540039
Step: 376832	Mean reward: 2.9375, 	Mean reward done: 0.7879961133003235
Step: 385024	Mean reward: 3.8125, 	Mean reward done: 1.319219708442688
Step: 393216	Mean reward: 2.5, 	Mean reward done: 0.7645618319511414
Step: 401408	Mean reward: 3.8125, 	Mean reward done: 1.4445593357086182
Step: 409600	Mean reward: 3.3125, 	Mean reward done: 0.9823075532913208
Step: 417792	Mean reward: 4.0625, 	Mean reward done: 1.2513716220855713
Step: 425984	Mean reward: 3.5625, 	Mean reward done: 1.0037672519683838
Step: 434176	Mean reward: 3.6875, 	Mean reward done: 1.4632512331008911
Step: 442368	Mean reward: 3.375, 	Mean reward done: 1.1158924102783203
Step: 450560	Mean reward: 3.625, 	Mean reward done: 1.1121437549591064
Step: 458752	Mean reward: 3.0625, 	Mean reward done: 0.8560931086540222
Step: 466944	Mean reward: 2.9375, 	Mean reward done: 0.9685401916503906
Step: 475136	Mean reward: 3.75, 	Mean reward done: 1.2186466455459595
Step: 483328	Mean reward: 3.0625, 	Mean reward done: 0.7820131778717041
Step: 491520	Mean reward: 3.6875, 	Mean reward done: 1.1892635822296143
Step: 499712	Mean reward: 4.0625, 	Mean reward done: 1.0254393815994263
Step: 507904	Mean reward: 3.0, 	Mean reward done: 0.9236592054367065
Step: 516096	Mean reward: 3.0, 	Mean reward done: 1.1375086307525635
Step: 524288	Mean reward: 3.4375, 	Mean reward done: 1.1290134191513062
Step: 532480	Mean reward: 2.9375, 	Mean reward done: 1.0047290325164795
Step: 540672	Mean reward: 3.4375, 	Mean reward done: 1.0011000633239746
Step: 548864	Mean reward: 3.8125, 	Mean reward done: 1.4098284244537354
Step: 557056	Mean reward: 3.8125, 	Mean reward done: 1.4088667631149292
Step: 565248	Mean reward: 3.9375, 	Mean reward done: 1.4522055387496948
Step: 573440	Mean reward: 2.5, 	Mean reward done: 0.7395175695419312
Step: 581632	Mean reward: 3.6875, 	Mean reward done: 1.4110466241836548
Step: 589824	Mean reward: 3.625, 	Mean reward done: 0.9771173000335693
Step: 598016	Mean reward: 4.125, 	Mean reward done: 1.2532998323440552
Step: 606208	Mean reward: 3.5, 	Mean reward done: 1.0863629579544067
Step: 614400	Mean reward: 3.9375, 	Mean reward done: 1.1371346712112427
Step: 622592	Mean reward: 3.75, 	Mean reward done: 1.0931237936019897
Step: 630784	Mean reward: 4.0625, 	Mean reward done: 1.29587984085083
Step: 638976	Mean reward: 3.4375, 	Mean reward done: 1.0370897054672241
Step: 647168	Mean reward: 3.5, 	Mean reward done: 0.9355520009994507
Step: 655360	Mean reward: 4.5, 	Mean reward done: 1.277765154838562
Step: 663552	Mean reward: 3.6875, 	Mean reward done: 1.1883050203323364
Step: 671744	Mean reward: 4.0625, 	Mean reward done: 1.387344241142273
Step: 679936	Mean reward: 3.1875, 	Mean reward done: 0.9572204351425171
Step: 688128	Mean reward: 3.0, 	Mean reward done: 1.1233316659927368
Step: 696320	Mean reward: 4.5625, 	Mean reward done: 1.453647494316101
Step: 704512	Mean reward: 3.8125, 	Mean reward done: 1.357527256011963
Step: 712704	Mean reward: 2.8125, 	Mean reward done: 0.8947952389717102
Step: 720896	Mean reward: 3.25, 	Mean reward done: 1.0129692554473877
Step: 729088	Mean reward: 4.5, 	Mean reward done: 1.4194962978363037
Step: 737280	Mean reward: 4.1875, 	Mean reward done: 1.326164722442627
Step: 745472	Mean reward: 3.6875, 	Mean reward done: 1.1343326568603516
Step: 753664	Mean reward: 3.9375, 	Mean reward done: 1.5175349712371826
Step: 761856	Mean reward: 4.1875, 	Mean reward done: 1.4703969955444336
Step: 770048	Mean reward: 3.375, 	Mean reward done: 1.0690191984176636
Step: 778240	Mean reward: 3.375, 	Mean reward done: 0.8970239162445068
Step: 786432	Mean reward: 3.4375, 	Mean reward done: 0.7965044379234314
Step: 794624	Mean reward: 3.9375, 	Mean reward done: 1.302721381187439
Step: 802816	Mean reward: 3.125, 	Mean reward done: 0.7950953841209412
Step: 811008	Mean reward: 3.9375, 	Mean reward done: 1.371851921081543
Step: 819200	Mean reward: 3.375, 	Mean reward done: 0.9784850478172302
Step: 827392	Mean reward: 4.25, 	Mean reward done: 1.2888307571411133
Step: 835584	Mean reward: 3.75, 	Mean reward done: 1.3500713109970093
Step: 843776	Mean reward: 4.0, 	Mean reward done: 1.2565568685531616
Step: 851968	Mean reward: 4.0625, 	Mean reward done: 1.2233552932739258
Step: 860160	Mean reward: 3.8125, 	Mean reward done: 1.3506178855895996
Step: 868352	Mean reward: 4.8125, 	Mean reward done: 1.536942958831787
Step: 876544	Mean reward: 4.6875, 	Mean reward done: 1.500400424003601
Step: 884736	Mean reward: 4.4375, 	Mean reward done: 1.324118733406067
Step: 892928	Mean reward: 5.25, 	Mean reward done: 2.054453134536743
Step: 901120	Mean reward: 3.6875, 	Mean reward done: 1.023664951324463
Step: 909312	Mean reward: 3.0, 	Mean reward done: 1.319392204284668
Step: 917504	Mean reward: 3.6875, 	Mean reward done: 1.2421696186065674
Step: 925696	Mean reward: 3.9375, 	Mean reward done: 1.3811861276626587
Step: 933888	Mean reward: 3.1875, 	Mean reward done: 0.8805054426193237
Step: 942080	Mean reward: 3.0625, 	Mean reward done: 1.0645555257797241
Step: 950272	Mean reward: 3.3125, 	Mean reward done: 1.0550932884216309
Step: 958464	Mean reward: 3.9375, 	Mean reward done: 1.2275022268295288
Step: 966656	Mean reward: 5.0625, 	Mean reward done: 1.5146446228027344
Step: 974848	Mean reward: 4.6875, 	Mean reward done: 1.507737398147583
Step: 983040	Mean reward: 4.1875, 	Mean reward done: 1.3743430376052856
Step: 991232	Mean reward: 3.4375, 	Mean reward done: 1.0718129873275757
Step: 999424	Mean reward: 3.8125, 	Mean reward done: 1.336797833442688
Step: 1007616	Mean reward: 3.375, 	Mean reward done: 0.8925706148147583
Step: 1015808	Mean reward: 3.6875, 	Mean reward done: 1.052922010421753
Step: 1024000	Mean reward: 3.9375, 	Mean reward done: 1.1516822576522827
Step: 1032192	Mean reward: 4.25, 	Mean reward done: 1.101800560951233
Step: 1040384	Mean reward: 3.875, 	Mean reward done: 1.3267569541931152
Step: 1048576	Mean reward: 3.625, 	Mean reward done: 1.0986030101776123
Step: 1056768	Mean reward: 3.625, 	Mean reward done: 1.3000460863113403
Step: 1064960	Mean reward: 4.25, 	Mean reward done: 1.1426258087158203
Step: 1073152	Mean reward: 4.125, 	Mean reward done: 1.2180243730545044
Step: 1081344	Mean reward: 4.1875, 	Mean reward done: 1.2740482091903687
Step: 1089536	Mean reward: 3.875, 	Mean reward done: 1.0698689222335815
Step: 1097728	Mean reward: 4.9375, 	Mean reward done: 1.6610196828842163
Step: 1105920	Mean reward: 3.875, 	Mean reward done: 1.1576011180877686
Step: 1114112	Mean reward: 4.5, 	Mean reward done: 1.6914910078048706
Step: 1122304	Mean reward: 3.9375, 	Mean reward done: 1.321394920349121
Step: 1130496	Mean reward: 5.3125, 	Mean reward done: 1.5644289255142212
Step: 1138688	Mean reward: 5.75, 	Mean reward done: 1.7709647417068481
Step: 1146880	Mean reward: 3.6875, 	Mean reward done: 1.3676419258117676
Step: 1155072	Mean reward: 3.8125, 	Mean reward done: 0.9925473928451538
Step: 1163264	Mean reward: 4.1875, 	Mean reward done: 1.1831008195877075
Step: 1171456	Mean reward: 4.75, 	Mean reward done: 1.420604944229126
Step: 1179648	Mean reward: 5.0, 	Mean reward done: 1.5069255828857422
Step: 1187840	Mean reward: 3.4375, 	Mean reward done: 1.096373438835144
Step: 1196032	Mean reward: 4.375, 	Mean reward done: 1.2784428596496582
Step: 1204224	Mean reward: 4.4375, 	Mean reward done: 1.5378527641296387
Step: 1212416	Mean reward: 4.6875, 	Mean reward done: 1.562415599822998
Step: 1220608	Mean reward: 4.0, 	Mean reward done: 1.1862397193908691
Step: 1228800	Mean reward: 4.25, 	Mean reward done: 1.1426763534545898
Step: 1236992	Mean reward: 4.25, 	Mean reward done: 1.1990642547607422
Step: 1245184	Mean reward: 4.875, 	Mean reward done: 1.173492431640625
Step: 1253376	Mean reward: 4.1875, 	Mean reward done: 1.2045410871505737
Step: 1261568	Mean reward: 4.9375, 	Mean reward done: 1.5092428922653198
Step: 1269760	Mean reward: 4.25, 	Mean reward done: 1.3468800783157349
Step: 1277952	Mean reward: 2.875, 	Mean reward done: 0.7622464895248413
Step: 1286144	Mean reward: 3.9375, 	Mean reward done: 0.9867393970489502
Step: 1294336	Mean reward: 3.4375, 	Mean reward done: 1.0427932739257812
Step: 1302528	Mean reward: 4.3125, 	Mean reward done: 1.2363886833190918
Step: 1310720	Mean reward: 5.0625, 	Mean reward done: 1.2870078086853027
Step: 1318912	Mean reward: 5.125, 	Mean reward done: 1.8566168546676636
Step: 1327104	Mean reward: 3.875, 	Mean reward done: 1.0296854972839355
Step: 1335296	Mean reward: 3.625, 	Mean reward done: 0.8260459303855896
Step: 1343488	Mean reward: 5.0625, 	Mean reward done: 1.229860782623291
Step: 1351680	Mean reward: 5.875, 	Mean reward done: 1.5921235084533691
Step: 1359872	Mean reward: 5.1875, 	Mean reward done: 1.793502926826477
Step: 1368064	Mean reward: 4.4375, 	Mean reward done: 1.2652393579483032
Step: 1376256	Mean reward: 4.0, 	Mean reward done: 1.2210336923599243
Step: 1384448	Mean reward: 5.5625, 	Mean reward done: 1.5500160455703735
Step: 1392640	Mean reward: 4.5625, 	Mean reward done: 1.0698424577713013
Step: 1400832	Mean reward: 4.4375, 	Mean reward done: 1.2652047872543335
Step: 1409024	Mean reward: 4.625, 	Mean reward done: 1.3428995609283447
Step: 1417216	Mean reward: 4.5625, 	Mean reward done: 1.3328592777252197
Step: 1425408	Mean reward: 4.375, 	Mean reward done: 1.3691885471343994
Step: 1433600	Mean reward: 4.5625, 	Mean reward done: 1.3364896774291992
Step: 1441792	Mean reward: 5.0, 	Mean reward done: 1.3891568183898926
Step: 1449984	Mean reward: 4.9375, 	Mean reward done: 1.3742443323135376
Step: 1458176	Mean reward: 5.3125, 	Mean reward done: 2.0583105087280273
Step: 1466368	Mean reward: 3.9375, 	Mean reward done: 1.1170594692230225
Step: 1474560	Mean reward: 4.9375, 	Mean reward done: 1.2965590953826904
Step: 1482752	Mean reward: 4.625, 	Mean reward done: 1.3732117414474487
Step: 1490944	Mean reward: 4.3125, 	Mean reward done: 1.1109713315963745
Step: 1499136	Mean reward: 5.25, 	Mean reward done: 1.4028691053390503
Step: 1507328	Mean reward: 3.625, 	Mean reward done: 0.9478015303611755
Step: 1515520	Mean reward: 4.9375, 	Mean reward done: 1.28941011428833
Step: 1523712	Mean reward: 4.75, 	Mean reward done: 1.3104966878890991
Step: 1531904	Mean reward: 5.25, 	Mean reward done: 1.2599982023239136
Step: 1540096	Mean reward: 5.875, 	Mean reward done: 1.496213674545288
Step: 1548288	Mean reward: 4.6875, 	Mean reward done: 1.6071150302886963
Step: 1556480	Mean reward: 4.4375, 	Mean reward done: 1.2206729650497437
Step: 1564672	Mean reward: 5.125, 	Mean reward done: 1.2859325408935547
Step: 1572864	Mean reward: 5.1875, 	Mean reward done: 1.577101469039917
Step: 1581056	Mean reward: 4.1875, 	Mean reward done: 1.0994656085968018
Step: 1589248	Mean reward: 4.4375, 	Mean reward done: 1.261913776397705
Step: 1597440	Mean reward: 4.8125, 	Mean reward done: 1.5156248807907104
Step: 1605632	Mean reward: 4.9375, 	Mean reward done: 1.4673782587051392
Step: 1613824	Mean reward: 5.125, 	Mean reward done: 1.7001397609710693
Step: 1622016	Mean reward: 5.8125, 	Mean reward done: 1.8179007768630981
Step: 1630208	Mean reward: 5.9375, 	Mean reward done: 1.6748363971710205
Step: 1638400	Mean reward: 4.9375, 	Mean reward done: 1.360466480255127
Step: 1646592	Mean reward: 4.5625, 	Mean reward done: 1.3486803770065308
Step: 1654784	Mean reward: 4.9375, 	Mean reward done: 1.3794519901275635
Step: 1662976	Mean reward: 5.125, 	Mean reward done: 1.678228497505188
Step: 1671168	Mean reward: 4.5625, 	Mean reward done: 1.375152587890625
Step: 1679360	Mean reward: 5.3125, 	Mean reward done: 1.4036437273025513
Step: 1687552	Mean reward: 4.125, 	Mean reward done: 1.3308621644973755
Step: 1695744	Mean reward: 4.9375, 	Mean reward done: 1.396331548690796
Step: 1703936	Mean reward: 5.125, 	Mean reward done: 1.896824598312378
Step: 1712128	Mean reward: 5.25, 	Mean reward done: 1.8059382438659668
Step: 1720320	Mean reward: 5.5, 	Mean reward done: 1.433933138847351
Step: 1728512	Mean reward: 5.5, 	Mean reward done: 1.5342977046966553
Step: 1736704	Mean reward: 5.0, 	Mean reward done: 1.3503708839416504
Step: 1744896	Mean reward: 4.8125, 	Mean reward done: 1.4409091472625732
Step: 1753088	Mean reward: 4.6875, 	Mean reward done: 1.5967193841934204
Step: 1761280	Mean reward: 3.625, 	Mean reward done: 1.0706641674041748
Step: 1769472	Mean reward: 5.4375, 	Mean reward done: 1.4716823101043701
Step: 1777664	Mean reward: 4.8125, 	Mean reward done: 1.3585909605026245
Step: 1785856	Mean reward: 5.6875, 	Mean reward done: 1.7003066539764404
Step: 1794048	Mean reward: 5.125, 	Mean reward done: 1.2716913223266602
Step: 1802240	Mean reward: 6.4375, 	Mean reward done: 1.8866685628890991
Step: 1810432	Mean reward: 6.0625, 	Mean reward done: 1.859820008277893
Step: 1818624	Mean reward: 5.0, 	Mean reward done: 1.4438560009002686
Step: 1826816	Mean reward: 5.75, 	Mean reward done: 1.6512774229049683
Step: 1835008	Mean reward: 5.9375, 	Mean reward done: 1.8494361639022827
Step: 1843200	Mean reward: 6.5, 	Mean reward done: 1.7231444120407104
Step: 1851392	Mean reward: 6.0625, 	Mean reward done: 1.618674397468567
Step: 1859584	Mean reward: 6.0625, 	Mean reward done: 1.9908206462860107
Step: 1867776	Mean reward: 4.4375, 	Mean reward done: 1.6456412076950073
Step: 1875968	Mean reward: 4.0625, 	Mean reward done: 1.0312284231185913
Step: 1884160	Mean reward: 5.4375, 	Mean reward done: 1.8525344133377075
Step: 1892352	Mean reward: 5.6875, 	Mean reward done: 1.4662398099899292
Step: 1900544	Mean reward: 4.9375, 	Mean reward done: 1.6311736106872559
Step: 1908736	Mean reward: 4.75, 	Mean reward done: 1.4397064447402954
Step: 1916928	Mean reward: 4.1875, 	Mean reward done: 1.625121831893921
Step: 1925120	Mean reward: 4.6875, 	Mean reward done: 1.3314114809036255
Step: 1933312	Mean reward: 4.875, 	Mean reward done: 1.6349648237228394
Step: 1941504	Mean reward: 4.5, 	Mean reward done: 1.6191861629486084
Step: 1949696	Mean reward: 5.0625, 	Mean reward done: 1.4043668508529663
Step: 1957888	Mean reward: 5.25, 	Mean reward done: 1.2997632026672363
Step: 1966080	Mean reward: 5.875, 	Mean reward done: 1.6904326677322388
Step: 1974272	Mean reward: 6.0625, 	Mean reward done: 1.8342173099517822
Step: 1982464	Mean reward: 6.3125, 	Mean reward done: 1.7656276226043701
Step: 1990656	Mean reward: 4.9375, 	Mean reward done: 1.4492928981781006
Step: 1998848	Mean reward: 5.125, 	Mean reward done: 1.6615653038024902
Step: 2007040	Mean reward: 5.375, 	Mean reward done: 1.4355418682098389
Step: 2015232	Mean reward: 4.5625, 	Mean reward done: 1.253868818283081
Step: 2023424	Mean reward: 4.75, 	Mean reward done: 1.263971209526062
Step: 2031616	Mean reward: 5.375, 	Mean reward done: 1.4532431364059448
Step: 2039808	Mean reward: 6.0625, 	Mean reward done: 1.6454230546951294
Step: 2048000	Mean reward: 6.5625, 	Mean reward done: 1.720996379852295
Step: 2056192	Mean reward: 5.6875, 	Mean reward done: 1.5742954015731812
Step: 2064384	Mean reward: 5.1875, 	Mean reward done: 1.54337477684021
Step: 2072576	Mean reward: 4.5625, 	Mean reward done: 1.5355395078659058
Step: 2080768	Mean reward: 4.75, 	Mean reward done: 1.3565449714660645
Step: 2088960	Mean reward: 5.3125, 	Mean reward done: 1.6689292192459106
Step: 2097152	Mean reward: 4.625, 	Mean reward done: 1.478890299797058
Step: 2105344	Mean reward: 5.4375, 	Mean reward done: 1.3662807941436768
Step: 2113536	Mean reward: 5.625, 	Mean reward done: 1.7295955419540405
Step: 2121728	Mean reward: 5.4375, 	Mean reward done: 1.5796271562576294
Step: 2129920	Mean reward: 5.1875, 	Mean reward done: 1.412602186203003
Step: 2138112	Mean reward: 5.5, 	Mean reward done: 1.635420560836792
Step: 2146304	Mean reward: 5.0, 	Mean reward done: 1.5314193964004517
Step: 2154496	Mean reward: 4.875, 	Mean reward done: 1.2994422912597656
Step: 2162688	Mean reward: 5.75, 	Mean reward done: 1.5225857496261597
Step: 2170880	Mean reward: 5.3125, 	Mean reward done: 1.9241867065429688
Step: 2179072	Mean reward: 5.4375, 	Mean reward done: 1.3305972814559937
Step: 2187264	Mean reward: 5.0, 	Mean reward done: 1.4774101972579956
Step: 2195456	Mean reward: 4.875, 	Mean reward done: 1.6226022243499756
Step: 2203648	Mean reward: 5.75, 	Mean reward done: 1.7080763578414917
Step: 2211840	Mean reward: 5.125, 	Mean reward done: 1.4748446941375732
Step: 2220032	Mean reward: 6.3125, 	Mean reward done: 1.9351662397384644
Step: 2228224	Mean reward: 5.5625, 	Mean reward done: 1.488675594329834
Step: 2236416	Mean reward: 6.1875, 	Mean reward done: 1.8001967668533325
Step: 2244608	Mean reward: 4.375, 	Mean reward done: 1.238518476486206
Step: 2252800	Mean reward: 4.8125, 	Mean reward done: 1.8041036128997803
Step: 2260992	Mean reward: 5.6875, 	Mean reward done: 1.7391830682754517
Step: 2269184	Mean reward: 5.3125, 	Mean reward done: 1.5151935815811157
Step: 2277376	Mean reward: 5.9375, 	Mean reward done: 1.3706895112991333
Step: 2285568	Mean reward: 7.375, 	Mean reward done: 1.9340393543243408
Step: 2293760	Mean reward: 4.625, 	Mean reward done: 1.264420747756958
Step: 2301952	Mean reward: 3.75, 	Mean reward done: 0.899056613445282
Step: 2310144	Mean reward: 5.75, 	Mean reward done: 1.4732887744903564
Step: 2318336	Mean reward: 5.125, 	Mean reward done: 1.6042494773864746
Step: 2326528	Mean reward: 4.0, 	Mean reward done: 1.3019416332244873
Step: 2334720	Mean reward: 3.8125, 	Mean reward done: 1.0990508794784546
Step: 2342912	Mean reward: 4.1875, 	Mean reward done: 1.2144125699996948
Step: 2351104	Mean reward: 5.25, 	Mean reward done: 1.2050014734268188
Step: 2359296	Mean reward: 5.625, 	Mean reward done: 1.416327714920044
Step: 2367488	Mean reward: 3.8125, 	Mean reward done: 1.0360891819000244
Step: 2375680	Mean reward: 5.0, 	Mean reward done: 1.5340609550476074
Step: 2383872	Mean reward: 6.0, 	Mean reward done: 1.4123880863189697
Step: 2392064	Mean reward: 7.625, 	Mean reward done: 1.7408548593521118
Step: 2400256	Mean reward: 5.125, 	Mean reward done: 1.7810988426208496
Step: 2408448	Mean reward: 5.6875, 	Mean reward done: 1.6444344520568848
Step: 2416640	Mean reward: 5.4375, 	Mean reward done: 1.5761072635650635
Step: 2424832	Mean reward: 6.5, 	Mean reward done: 1.7198209762573242
Step: 2433024	Mean reward: 5.1875, 	Mean reward done: 1.336611032485962
Step: 2441216	Mean reward: 5.6875, 	Mean reward done: 1.7114061117172241
Step: 2449408	Mean reward: 5.0, 	Mean reward done: 1.5348939895629883
Step: 2457600	Mean reward: 5.125, 	Mean reward done: 1.670102834701538
Step: 2465792	Mean reward: 5.9375, 	Mean reward done: 1.797910451889038
Step: 2473984	Mean reward: 5.4375, 	Mean reward done: 1.6516528129577637
Step: 2482176	Mean reward: 3.6875, 	Mean reward done: 1.2639665603637695
Step: 2490368	Mean reward: 4.75, 	Mean reward done: 1.3481673002243042
Step: 2498560	Mean reward: 6.4375, 	Mean reward done: 1.5949318408966064
Step: 2506752	Mean reward: 5.0, 	Mean reward done: 1.4493401050567627
Step: 2514944	Mean reward: 5.375, 	Mean reward done: 1.5868134498596191
Step: 2523136	Mean reward: 5.25, 	Mean reward done: 1.8531793355941772
Step: 2531328	Mean reward: 6.4375, 	Mean reward done: 1.7688932418823242
Step: 2539520	Mean reward: 4.625, 	Mean reward done: 1.355355978012085
Step: 2547712	Mean reward: 7.125, 	Mean reward done: 1.7921290397644043
Step: 2555904	Mean reward: 6.3125, 	Mean reward done: 1.9245936870574951
Step: 2564096	Mean reward: 6.5625, 	Mean reward done: 1.6988961696624756
Step: 2572288	Mean reward: 7.5, 	Mean reward done: 2.072723627090454
Step: 2580480	Mean reward: 6.1875, 	Mean reward done: 1.6635828018188477
Step: 2588672	Mean reward: 6.875, 	Mean reward done: 1.7479231357574463
Step: 2596864	Mean reward: 5.6875, 	Mean reward done: 1.6614054441452026
Step: 2605056	Mean reward: 5.1875, 	Mean reward done: 1.4554150104522705
Step: 2613248	Mean reward: 6.5625, 	Mean reward done: 1.887771487236023
Step: 2621440	Mean reward: 6.4375, 	Mean reward done: 1.8399232625961304
Step: 2629632	Mean reward: 6.5625, 	Mean reward done: 1.8245489597320557
Step: 2637824	Mean reward: 6.6875, 	Mean reward done: 1.9259896278381348
Step: 2646016	Mean reward: 5.875, 	Mean reward done: 1.3660930395126343
Step: 2654208	Mean reward: 5.6875, 	Mean reward done: 1.9664866924285889
Step: 2662400	Mean reward: 6.375, 	Mean reward done: 1.6552133560180664
Step: 2670592	Mean reward: 6.6875, 	Mean reward done: 1.9194520711898804
Step: 2678784	Mean reward: 6.1875, 	Mean reward done: 1.5773365497589111
Step: 2686976	Mean reward: 5.9375, 	Mean reward done: 1.4083588123321533
Step: 2695168	Mean reward: 7.0, 	Mean reward done: 1.8637971878051758
Step: 2703360	Mean reward: 5.375, 	Mean reward done: 1.2159737348556519
Step: 2711552	Mean reward: 5.875, 	Mean reward done: 1.4206165075302124
Step: 2719744	Mean reward: 6.8125, 	Mean reward done: 1.760456919670105
Step: 2727936	Mean reward: 5.5, 	Mean reward done: 1.4534995555877686
Step: 2736128	Mean reward: 7.0625, 	Mean reward done: 1.7312414646148682
Step: 2744320	Mean reward: 6.9375, 	Mean reward done: 1.703557014465332
Step: 2752512	Mean reward: 6.6875, 	Mean reward done: 1.9701895713806152
Step: 2760704	Mean reward: 6.4375, 	Mean reward done: 1.7594611644744873
Step: 2768896	Mean reward: 6.25, 	Mean reward done: 1.3952866792678833
Step: 2777088	Mean reward: 8.125, 	Mean reward done: 2.1198160648345947
Step: 2785280	Mean reward: 6.6875, 	Mean reward done: 1.8203864097595215
Step: 2793472	Mean reward: 5.3125, 	Mean reward done: 1.7754688262939453
Step: 2801664	Mean reward: 6.5, 	Mean reward done: 1.7477748394012451
Step: 2809856	Mean reward: 6.125, 	Mean reward done: 1.658886194229126
Step: 2818048	Mean reward: 6.0, 	Mean reward done: 1.8650954961776733
Step: 2826240	Mean reward: 5.8125, 	Mean reward done: 1.6393284797668457
Step: 2834432	Mean reward: 5.875, 	Mean reward done: 1.585030436515808
Step: 2842624	Mean reward: 6.4375, 	Mean reward done: 1.6873680353164673
Step: 2850816	Mean reward: 6.0, 	Mean reward done: 1.3614088296890259
Step: 2859008	Mean reward: 6.0625, 	Mean reward done: 1.5637543201446533
Step: 2867200	Mean reward: 5.9375, 	Mean reward done: 1.8176459074020386
Step: 2875392	Mean reward: 8.375, 	Mean reward done: 2.136601448059082
Step: 2883584	Mean reward: 6.125, 	Mean reward done: 1.8102706670761108
Step: 2891776	Mean reward: 4.875, 	Mean reward done: 1.2363395690917969
Step: 2899968	Mean reward: 6.375, 	Mean reward done: 1.5848761796951294
Step: 2908160	Mean reward: 5.9375, 	Mean reward done: 1.4578852653503418
Step: 2916352	Mean reward: 5.3125, 	Mean reward done: 1.3917826414108276
Step: 2924544	Mean reward: 5.625, 	Mean reward done: 1.4494942426681519
Step: 2932736	Mean reward: 7.125, 	Mean reward done: 2.158585548400879
Step: 2940928	Mean reward: 5.3125, 	Mean reward done: 1.2333874702453613
Step: 2949120	Mean reward: 6.125, 	Mean reward done: 1.561142086982727
Step: 2957312	Mean reward: 6.125, 	Mean reward done: 1.4990185499191284
Step: 2965504	Mean reward: 5.1875, 	Mean reward done: 1.5110669136047363
Step: 2973696	Mean reward: 5.9375, 	Mean reward done: 1.5957502126693726
Step: 2981888	Mean reward: 6.75, 	Mean reward done: 1.9018007516860962
Step: 2990080	Mean reward: 7.0625, 	Mean reward done: 1.7467472553253174
Step: 2998272	Mean reward: 4.75, 	Mean reward done: 1.4242147207260132
Step: 3006464	Mean reward: 6.4375, 	Mean reward done: 2.0460636615753174
Step: 3014656	Mean reward: 6.0, 	Mean reward done: 1.7926630973815918
Step: 3022848	Mean reward: 5.75, 	Mean reward done: 1.6605499982833862
Step: 3031040	Mean reward: 6.25, 	Mean reward done: 1.5919750928878784
Step: 3039232	Mean reward: 7.1875, 	Mean reward done: 1.7525807619094849
Step: 3047424	Mean reward: 6.125, 	Mean reward done: 1.9118833541870117
Step: 3055616	Mean reward: 5.8125, 	Mean reward done: 1.616910457611084
Step: 3063808	Mean reward: 6.4375, 	Mean reward done: 1.9917490482330322
Step: 3072000	Mean reward: 6.625, 	Mean reward done: 1.890505313873291
Step: 3080192	Mean reward: 5.625, 	Mean reward done: 1.5674560070037842
Step: 3088384	Mean reward: 8.0, 	Mean reward done: 1.8856614828109741
Step: 3096576	Mean reward: 4.875, 	Mean reward done: 1.394289255142212
Step: 3104768	Mean reward: 5.75, 	Mean reward done: 1.4725481271743774
Step: 3112960	Mean reward: 6.3125, 	Mean reward done: 1.9564164876937866
Step: 3121152	Mean reward: 6.3125, 	Mean reward done: 1.655288577079773
Step: 3129344	Mean reward: 4.9375, 	Mean reward done: 1.3904609680175781
Step: 3137536	Mean reward: 4.6875, 	Mean reward done: 1.1962072849273682
Step: 3145728	Mean reward: 3.9375, 	Mean reward done: 1.0677447319030762
Step: 3153920	Mean reward: 5.1875, 	Mean reward done: 1.3265851736068726
Step: 3162112	Mean reward: 5.5625, 	Mean reward done: 1.7091227769851685
Step: 3170304	Mean reward: 4.0625, 	Mean reward done: 1.2971357107162476
Step: 3178496	Mean reward: 5.25, 	Mean reward done: 1.6097071170806885
Step: 3186688	Mean reward: 6.125, 	Mean reward done: 1.5654211044311523
Step: 3194880	Mean reward: 5.6875, 	Mean reward done: 1.7139991521835327
Step: 3203072	Mean reward: 4.9375, 	Mean reward done: 1.5190223455429077
Step: 3211264	Mean reward: 4.75, 	Mean reward done: 1.3690719604492188
Step: 3219456	Mean reward: 6.3125, 	Mean reward done: 2.001983404159546
Step: 3227648	Mean reward: 7.375, 	Mean reward done: 2.094264507293701
Step: 3235840	Mean reward: 6.25, 	Mean reward done: 1.8351019620895386
Step: 3244032	Mean reward: 5.875, 	Mean reward done: 1.7625705003738403
Step: 3252224	Mean reward: 5.875, 	Mean reward done: 1.532884120941162
Step: 3260416	Mean reward: 6.625, 	Mean reward done: 2.030458927154541
Step: 3268608	Mean reward: 6.125, 	Mean reward done: 1.7916899919509888
Step: 3276800	Mean reward: 6.1875, 	Mean reward done: 1.6199167966842651
Step: 3284992	Mean reward: 6.3125, 	Mean reward done: 1.9097398519515991
Step: 3293184	Mean reward: 6.0, 	Mean reward done: 1.5744335651397705
Step: 3301376	Mean reward: 5.125, 	Mean reward done: 1.4075297117233276
Step: 3309568	Mean reward: 7.5625, 	Mean reward done: 1.8533275127410889
Step: 3317760	Mean reward: 6.0, 	Mean reward done: 1.6487594842910767
Step: 3325952	Mean reward: 7.0, 	Mean reward done: 1.7910840511322021
Step: 3334144	Mean reward: 5.0, 	Mean reward done: 1.493145227432251
Step: 3342336	Mean reward: 5.0, 	Mean reward done: 1.4792369604110718
Step: 3350528	Mean reward: 5.1875, 	Mean reward done: 1.360903263092041
Step: 3358720	Mean reward: 5.6875, 	Mean reward done: 1.4314087629318237
Step: 3366912	Mean reward: 4.6875, 	Mean reward done: 1.2182434797286987
Step: 3375104	Mean reward: 5.75, 	Mean reward done: 1.639522671699524
Step: 3383296	Mean reward: 6.125, 	Mean reward done: 1.6242566108703613
Step: 3391488	Mean reward: 5.6875, 	Mean reward done: 1.276702642440796
Step: 3399680	Mean reward: 5.625, 	Mean reward done: 1.6069397926330566
Step: 3407872	Mean reward: 5.0, 	Mean reward done: 1.4831960201263428
Step: 3416064	Mean reward: 4.875, 	Mean reward done: 1.3188904523849487
Step: 3424256	Mean reward: 5.6875, 	Mean reward done: 1.4317818880081177
Step: 3432448	Mean reward: 4.75, 	Mean reward done: 1.29075026512146
Step: 3440640	Mean reward: 5.0625, 	Mean reward done: 1.2634994983673096
Step: 3448832	Mean reward: 3.375, 	Mean reward done: 0.977266252040863
Step: 3457024	Mean reward: 4.25, 	Mean reward done: 1.1054197549819946
Step: 3465216	Mean reward: 6.5, 	Mean reward done: 1.5979939699172974
Step: 3473408	Mean reward: 6.625, 	Mean reward done: 2.128441095352173
Step: 3481600	Mean reward: 4.375, 	Mean reward done: 1.1761068105697632
Step: 3489792	Mean reward: 6.6875, 	Mean reward done: 1.8744674921035767
Step: 3497984	Mean reward: 5.9375, 	Mean reward done: 1.5908058881759644
Step: 3506176	Mean reward: 5.9375, 	Mean reward done: 1.469383955001831
Step: 3514368	Mean reward: 5.375, 	Mean reward done: 1.508924961090088
Step: 3522560	Mean reward: 6.6875, 	Mean reward done: 1.5277801752090454
Step: 3530752	Mean reward: 5.625, 	Mean reward done: 1.4226393699645996
Step: 3538944	Mean reward: 4.75, 	Mean reward done: 1.454045295715332
Step: 3547136	Mean reward: 8.5, 	Mean reward done: 2.309282064437866
Step: 3555328	Mean reward: 6.75, 	Mean reward done: 1.7820069789886475
Step: 3563520	Mean reward: 5.4375, 	Mean reward done: 1.4609754085540771
Step: 3571712	Mean reward: 5.8125, 	Mean reward done: 1.4678010940551758
Step: 3579904	Mean reward: 5.875, 	Mean reward done: 1.4188427925109863
Step: 3588096	Mean reward: 8.0625, 	Mean reward done: 1.9557937383651733
Step: 3596288	Mean reward: 5.5625, 	Mean reward done: 1.5669974088668823
Step: 3604480	Mean reward: 5.375, 	Mean reward done: 1.3593829870224
Step: 3612672	Mean reward: 8.25, 	Mean reward done: 1.7875233888626099
Step: 3620864	Mean reward: 6.25, 	Mean reward done: 1.5094544887542725
Step: 3629056	Mean reward: 5.3125, 	Mean reward done: 1.3266657590866089
Step: 3637248	Mean reward: 5.75, 	Mean reward done: 1.6891443729400635
Step: 3645440	Mean reward: 5.625, 	Mean reward done: 1.3682899475097656
Step: 3653632	Mean reward: 6.1875, 	Mean reward done: 1.7814956903457642
Step: 3661824	Mean reward: 5.3125, 	Mean reward done: 1.2809300422668457
Step: 3670016	Mean reward: 3.625, 	Mean reward done: 1.0012062788009644
Step: 3678208	Mean reward: 5.5625, 	Mean reward done: 1.408447504043579
Step: 3686400	Mean reward: 6.5, 	Mean reward done: 1.5807020664215088
Step: 3694592	Mean reward: 2.6875, 	Mean reward done: 0.8144478797912598
Step: 3702784	Mean reward: 4.625, 	Mean reward done: 1.5056421756744385
Step: 3710976	Mean reward: 6.8125, 	Mean reward done: 1.7947026491165161
Step: 3719168	Mean reward: 7.3125, 	Mean reward done: 2.273836851119995
Step: 3727360	Mean reward: 5.625, 	Mean reward done: 1.6384868621826172
Step: 3735552	Mean reward: 3.25, 	Mean reward done: 0.951636016368866
Step: 3743744	Mean reward: 6.875, 	Mean reward done: 1.843369483947754
Step: 3751936	Mean reward: 5.875, 	Mean reward done: 1.621478796005249
Step: 3760128	Mean reward: 5.8125, 	Mean reward done: 1.716270923614502
Step: 3768320	Mean reward: 4.0, 	Mean reward done: 1.2531211376190186
Step: 3776512	Mean reward: 4.5625, 	Mean reward done: 1.3091918230056763
Step: 3784704	Mean reward: 6.875, 	Mean reward done: 1.9230952262878418
Step: 3792896	Mean reward: 4.75, 	Mean reward done: 1.5774966478347778
Step: 3801088	Mean reward: 4.75, 	Mean reward done: 1.4672809839248657
Step: 3809280	Mean reward: 6.3125, 	Mean reward done: 1.792523980140686
Step: 3817472	Mean reward: 6.4375, 	Mean reward done: 1.9305530786514282
Step: 3825664	Mean reward: 4.875, 	Mean reward done: 1.394261121749878
Step: 3833856	Mean reward: 6.375, 	Mean reward done: 1.454691767692566
Step: 3842048	Mean reward: 7.0, 	Mean reward done: 1.8487920761108398
Step: 3850240	Mean reward: 5.9375, 	Mean reward done: 1.664494514465332
Step: 3858432	Mean reward: 7.3125, 	Mean reward done: 1.825324296951294
Step: 3866624	Mean reward: 5.9375, 	Mean reward done: 1.7231067419052124
Step: 3874816	Mean reward: 7.0, 	Mean reward done: 2.059811592102051
Step: 3883008	Mean reward: 6.375, 	Mean reward done: 1.7124195098876953
Step: 3891200	Mean reward: 8.25, 	Mean reward done: 2.0025315284729004
Step: 3899392	Mean reward: 7.4375, 	Mean reward done: 1.8566330671310425
Step: 3907584	Mean reward: 6.4375, 	Mean reward done: 1.7297381162643433
Step: 3915776	Mean reward: 6.5, 	Mean reward done: 1.6336091756820679
Step: 3923968	Mean reward: 6.875, 	Mean reward done: 1.9378082752227783
Step: 3932160	Mean reward: 4.75, 	Mean reward done: 1.2159761190414429
Step: 3940352	Mean reward: 7.4375, 	Mean reward done: 2.1083571910858154
Step: 3948544	Mean reward: 7.0625, 	Mean reward done: 1.892926573753357
Step: 3956736	Mean reward: 7.8125, 	Mean reward done: 1.875519037246704
Step: 3964928	Mean reward: 8.0, 	Mean reward done: 1.87833571434021
Step: 3973120	Mean reward: 5.625, 	Mean reward done: 1.9320132732391357
Step: 3981312	Mean reward: 7.4375, 	Mean reward done: 1.976974368095398
Step: 3989504	Mean reward: 5.6875, 	Mean reward done: 1.585159182548523
Step: 3997696	Mean reward: 6.25, 	Mean reward done: 1.7995750904083252
Step: 4005888	Mean reward: 7.625, 	Mean reward done: 1.622715950012207
Step: 4014080	Mean reward: 8.25, 	Mean reward done: 2.376563549041748
Step: 4022272	Mean reward: 7.6875, 	Mean reward done: 2.2106220722198486
Step: 4030464	Mean reward: 7.5, 	Mean reward done: 1.9138615131378174
Step: 4038656	Mean reward: 7.1875, 	Mean reward done: 1.7603932619094849
Step: 4046848	Mean reward: 7.0, 	Mean reward done: 1.9790210723876953
Step: 4055040	Mean reward: 7.125, 	Mean reward done: 1.844215989112854
Step: 4063232	Mean reward: 6.4375, 	Mean reward done: 1.4466969966888428
Step: 4071424	Mean reward: 7.0625, 	Mean reward done: 1.7567474842071533
Step: 4079616	Mean reward: 7.25, 	Mean reward done: 1.9087584018707275
Step: 4087808	Mean reward: 7.625, 	Mean reward done: 2.1628825664520264
Step: 4096000	Mean reward: 5.5, 	Mean reward done: 1.3683592081069946
Step: 4104192	Mean reward: 4.5, 	Mean reward done: 1.4197349548339844
Step: 4112384	Mean reward: 6.0, 	Mean reward done: 1.6390045881271362
Step: 4120576	Mean reward: 6.0, 	Mean reward done: 1.5695916414260864
Step: 4128768	Mean reward: 7.9375, 	Mean reward done: 2.365352153778076
Step: 4136960	Mean reward: 6.9375, 	Mean reward done: 2.021199941635132
Step: 4145152	Mean reward: 7.1875, 	Mean reward done: 1.6724705696105957
Step: 4153344	Mean reward: 5.8125, 	Mean reward done: 1.3526616096496582
Step: 4161536	Mean reward: 6.625, 	Mean reward done: 1.8980436325073242
Step: 4169728	Mean reward: 6.375, 	Mean reward done: 1.5735684633255005
Step: 4177920	Mean reward: 5.4375, 	Mean reward done: 1.5842890739440918
Step: 4186112	Mean reward: 7.1875, 	Mean reward done: 2.1527814865112305
Step: 4194304	Mean reward: 5.875, 	Mean reward done: 1.532580852508545
Step: 4202496	Mean reward: 8.5, 	Mean reward done: 2.6417250633239746
Step: 4210688	Mean reward: 6.3125, 	Mean reward done: 1.6108275651931763
Step: 4218880	Mean reward: 7.5625, 	Mean reward done: 2.0359296798706055
Step: 4227072	Mean reward: 4.75, 	Mean reward done: 1.2759885787963867
Step: 4235264	Mean reward: 5.125, 	Mean reward done: 1.3876912593841553
Step: 4243456	Mean reward: 6.875, 	Mean reward done: 1.786676049232483
Step: 4251648	Mean reward: 6.1875, 	Mean reward done: 1.7042922973632812
Step: 4259840	Mean reward: 4.9375, 	Mean reward done: 1.4050759077072144
Step: 4268032	Mean reward: 5.75, 	Mean reward done: 1.6488796472549438
Step: 4276224	Mean reward: 6.8125, 	Mean reward done: 1.768484354019165
Step: 4284416	Mean reward: 5.4375, 	Mean reward done: 1.6608332395553589
Step: 4292608	Mean reward: 5.4375, 	Mean reward done: 1.5775372982025146
Step: 4300800	Mean reward: 5.1875, 	Mean reward done: 1.2975199222564697
Step: 4308992	Mean reward: 4.3125, 	Mean reward done: 1.2205336093902588
Step: 4317184	Mean reward: 4.5625, 	Mean reward done: 1.3555068969726562
Step: 4325376	Mean reward: 5.8125, 	Mean reward done: 1.6979172229766846
Step: 4333568	Mean reward: 3.5625, 	Mean reward done: 1.3371974229812622
Step: 4341760	Mean reward: 5.625, 	Mean reward done: 1.5628312826156616
Step: 4349952	Mean reward: 5.6875, 	Mean reward done: 1.6177719831466675
Step: 4358144	Mean reward: 5.3125, 	Mean reward done: 1.5230777263641357
Step: 4366336	Mean reward: 4.625, 	Mean reward done: 1.0839582681655884
Step: 4374528	Mean reward: 5.1875, 	Mean reward done: 1.6881734132766724
Step: 4382720	Mean reward: 5.4375, 	Mean reward done: 1.4675898551940918
Step: 4390912	Mean reward: 5.0625, 	Mean reward done: 1.4162960052490234
Step: 4399104	Mean reward: 6.375, 	Mean reward done: 1.9338754415512085
Step: 4407296	Mean reward: 6.4375, 	Mean reward done: 1.6574609279632568
Step: 4415488	Mean reward: 5.75, 	Mean reward done: 1.8381755352020264
Step: 4423680	Mean reward: 3.75, 	Mean reward done: 1.1194968223571777
Step: 4431872	Mean reward: 3.8125, 	Mean reward done: 1.2312006950378418
Step: 4440064	Mean reward: 5.9375, 	Mean reward done: 1.7016785144805908
Step: 4448256	Mean reward: 5.3125, 	Mean reward done: 1.5228755474090576
Step: 4456448	Mean reward: 6.5625, 	Mean reward done: 1.8990017175674438
Step: 4464640	Mean reward: 6.625, 	Mean reward done: 1.7374615669250488
Step: 4472832	Mean reward: 5.1875, 	Mean reward done: 1.5327600240707397
Step: 4481024	Mean reward: 5.6875, 	Mean reward done: 1.5235671997070312
Step: 4489216	Mean reward: 6.875, 	Mean reward done: 2.1155080795288086
Step: 4497408	Mean reward: 6.8125, 	Mean reward done: 1.8390294313430786
Step: 4505600	Mean reward: 6.4375, 	Mean reward done: 1.7586158514022827
Step: 4513792	Mean reward: 9.5, 	Mean reward done: 2.496171712875366
Step: 4521984	Mean reward: 8.5, 	Mean reward done: 1.9087947607040405
Step: 4530176	Mean reward: 5.4375, 	Mean reward done: 1.2623573541641235
Step: 4538368	Mean reward: 5.3125, 	Mean reward done: 1.1818437576293945
Step: 4546560	Mean reward: 7.0, 	Mean reward done: 1.7686148881912231
Step: 4554752	Mean reward: 7.6875, 	Mean reward done: 2.010727882385254
Step: 4562944	Mean reward: 8.1875, 	Mean reward done: 2.093046188354492
Step: 4571136	Mean reward: 5.25, 	Mean reward done: 1.6532580852508545
Step: 4579328	Mean reward: 6.8125, 	Mean reward done: 1.6399898529052734
Step: 4587520	Mean reward: 6.0625, 	Mean reward done: 1.5749505758285522
Step: 4595712	Mean reward: 4.375, 	Mean reward done: 1.236403465270996
Step: 4603904	Mean reward: 5.4375, 	Mean reward done: 1.6208932399749756
Step: 4612096	Mean reward: 7.5, 	Mean reward done: 2.334920883178711
Step: 4620288	Mean reward: 6.1875, 	Mean reward done: 2.0380141735076904
Step: 4628480	Mean reward: 6.375, 	Mean reward done: 1.9266492128372192
Step: 4636672	Mean reward: 7.4375, 	Mean reward done: 2.0903680324554443
Step: 4644864	Mean reward: 6.4375, 	Mean reward done: 2.1317665576934814
Step: 4653056	Mean reward: 6.9375, 	Mean reward done: 2.203174591064453
Step: 4661248	Mean reward: 7.1875, 	Mean reward done: 1.9959074258804321
Step: 4669440	Mean reward: 5.9375, 	Mean reward done: 1.6093721389770508
Step: 4677632	Mean reward: 6.125, 	Mean reward done: 1.619529366493225
Step: 4685824	Mean reward: 3.4375, 	Mean reward done: 1.0339041948318481
Step: 4694016	Mean reward: 4.8125, 	Mean reward done: 1.4540003538131714
Step: 4702208	Mean reward: 6.5, 	Mean reward done: 1.5646079778671265
Step: 4710400	Mean reward: 6.1875, 	Mean reward done: 1.7072017192840576
Step: 4718592	Mean reward: 6.375, 	Mean reward done: 1.6666662693023682
Step: 4726784	Mean reward: 4.5625, 	Mean reward done: 1.131513237953186
Step: 4734976	Mean reward: 6.875, 	Mean reward done: 1.7946853637695312
Step: 4743168	Mean reward: 6.0625, 	Mean reward done: 1.7684656381607056
Step: 4751360	Mean reward: 7.25, 	Mean reward done: 1.8654699325561523
Step: 4759552	Mean reward: 6.0, 	Mean reward done: 1.7613797187805176
Step: 4767744	Mean reward: 3.75, 	Mean reward done: 1.2498047351837158
Step: 4775936	Mean reward: 5.9375, 	Mean reward done: 1.813144564628601
Step: 4784128	Mean reward: 5.8125, 	Mean reward done: 1.825661063194275
Step: 4792320	Mean reward: 4.375, 	Mean reward done: 1.1411747932434082
Step: 4800512	Mean reward: 3.75, 	Mean reward done: 1.040299654006958
Step: 4808704	Mean reward: 6.3125, 	Mean reward done: 1.5916507244110107
Step: 4816896	Mean reward: 5.0625, 	Mean reward done: 1.487354040145874
Step: 4825088	Mean reward: 5.25, 	Mean reward done: 1.418717384338379
Step: 4833280	Mean reward: 4.375, 	Mean reward done: 1.382883906364441
Step: 4841472	Mean reward: 5.75, 	Mean reward done: 1.654759168624878
Step: 4849664	Mean reward: 6.875, 	Mean reward done: 1.8190548419952393
Step: 4857856	Mean reward: 7.625, 	Mean reward done: 2.1548428535461426
Step: 4866048	Mean reward: 6.5625, 	Mean reward done: 1.6905601024627686
Step: 4874240	Mean reward: 7.5, 	Mean reward done: 2.0115842819213867
Step: 4882432	Mean reward: 6.125, 	Mean reward done: 1.8647633790969849
Step: 4890624	Mean reward: 5.75, 	Mean reward done: 1.5015662908554077
Step: 4898816	Mean reward: 6.0, 	Mean reward done: 1.6235558986663818
Step: 4907008	Mean reward: 7.625, 	Mean reward done: 2.3047711849212646
Step: 4915200	Mean reward: 6.75, 	Mean reward done: 2.01021671295166
Step: 4923392	Mean reward: 8.375, 	Mean reward done: 2.1466574668884277
Step: 4931584	Mean reward: 8.9375, 	Mean reward done: 2.3749520778656006
Step: 4939776	Mean reward: 8.0625, 	Mean reward done: 1.9182519912719727
Step: 4947968	Mean reward: 7.875, 	Mean reward done: 2.034053087234497
Step: 4956160	Mean reward: 9.5625, 	Mean reward done: 2.4487266540527344
Step: 4964352	Mean reward: 8.625, 	Mean reward done: 2.3141257762908936
Step: 4972544	Mean reward: 10.625, 	Mean reward done: 2.4116978645324707
Step: 4980736	Mean reward: 8.1875, 	Mean reward done: 2.0403406620025635
Step: 4988928	Mean reward: 9.3125, 	Mean reward done: 2.081514358520508
Step: 4997120	Mean reward: 8.25, 	Mean reward done: 2.0877621173858643
Step: 5005312	Mean reward: 7.5625, 	Mean reward done: 1.859419345855713
Step: 5013504	Mean reward: 9.375, 	Mean reward done: 2.227536201477051
Step: 5021696	Mean reward: 8.9375, 	Mean reward done: 2.083367347717285
Step: 5029888	Mean reward: 11.875, 	Mean reward done: 3.141594409942627
Step: 5038080	Mean reward: 8.5, 	Mean reward done: 2.0862772464752197
Step: 5046272	Mean reward: 7.5625, 	Mean reward done: 2.069350481033325
Step: 5054464	Mean reward: 9.75, 	Mean reward done: 2.235929489135742
Step: 5062656	Mean reward: 8.125, 	Mean reward done: 1.993011474609375
Step: 5070848	Mean reward: 9.0, 	Mean reward done: 2.4488987922668457
Step: 5079040	Mean reward: 8.5, 	Mean reward done: 2.358018159866333
Step: 5087232	Mean reward: 7.625, 	Mean reward done: 1.9015450477600098
Step: 5095424	Mean reward: 10.0625, 	Mean reward done: 2.345552444458008
Step: 5103616	Mean reward: 7.4375, 	Mean reward done: 1.6726831197738647
Step: 5111808	Mean reward: 6.625, 	Mean reward done: 1.8664218187332153
Step: 5120000	Mean reward: 8.375, 	Mean reward done: 1.8493270874023438
Step: 5128192	Mean reward: 8.625, 	Mean reward done: 2.033169746398926
Step: 5136384	Mean reward: 8.8125, 	Mean reward done: 2.198395252227783
Step: 5144576	Mean reward: 5.75, 	Mean reward done: 1.6159007549285889
Step: 5152768	Mean reward: 6.625, 	Mean reward done: 1.7138749361038208
Step: 5160960	Mean reward: 5.9375, 	Mean reward done: 1.6607768535614014
Step: 5169152	Mean reward: 5.3125, 	Mean reward done: 1.7286165952682495
Step: 5177344	Mean reward: 7.0, 	Mean reward done: 1.7488480806350708
Step: 5185536	Mean reward: 6.9375, 	Mean reward done: 1.792676568031311
Step: 5193728	Mean reward: 7.1875, 	Mean reward done: 1.7454347610473633
Step: 5201920	Mean reward: 6.375, 	Mean reward done: 2.0767366886138916
Step: 5210112	Mean reward: 5.8125, 	Mean reward done: 1.4665591716766357
Step: 5218304	Mean reward: 6.1875, 	Mean reward done: 1.7266298532485962
Step: 5226496	Mean reward: 7.0, 	Mean reward done: 1.8626347780227661
Step: 5234688	Mean reward: 7.6875, 	Mean reward done: 1.9064842462539673
Step: 5242880	Mean reward: 7.5625, 	Mean reward done: 2.0171966552734375
Step: 5251072	Mean reward: 6.0, 	Mean reward done: 1.4097545146942139
Step: 5259264	Mean reward: 5.0625, 	Mean reward done: 1.2570418119430542
Step: 5267456	Mean reward: 6.75, 	Mean reward done: 1.7850377559661865
Step: 5275648	Mean reward: 6.75, 	Mean reward done: 1.7728568315505981
Step: 5283840	Mean reward: 7.0625, 	Mean reward done: 1.6415163278579712
Step: 5292032	Mean reward: 5.3125, 	Mean reward done: 1.7197010517120361
Step: 5300224	Mean reward: 6.375, 	Mean reward done: 1.8254101276397705
Step: 5308416	Mean reward: 6.9375, 	Mean reward done: 2.0526773929595947
Step: 5316608	Mean reward: 7.375, 	Mean reward done: 1.9937993288040161
Step: 5324800	Mean reward: 7.5, 	Mean reward done: 1.9638526439666748
Step: 5332992	Mean reward: 8.0, 	Mean reward done: 2.1539409160614014
Step: 5341184	Mean reward: 6.3125, 	Mean reward done: 2.0144429206848145
Step: 5349376	Mean reward: 4.8125, 	Mean reward done: 1.8078899383544922
Step: 5357568	Mean reward: 8.6875, 	Mean reward done: 2.170673370361328
Step: 5365760	Mean reward: 6.375, 	Mean reward done: 1.6946604251861572
Step: 5373952	Mean reward: 8.1875, 	Mean reward done: 2.065460205078125
Step: 5382144	Mean reward: 9.375, 	Mean reward done: 2.301043748855591
Step: 5390336	Mean reward: 7.4375, 	Mean reward done: 2.001688003540039
Step: 5398528	Mean reward: 7.1875, 	Mean reward done: 2.027827024459839
Step: 5406720	Mean reward: 8.0625, 	Mean reward done: 2.1380791664123535
Step: 5414912	Mean reward: 7.0625, 	Mean reward done: 2.2261641025543213
Step: 5423104	Mean reward: 7.0, 	Mean reward done: 2.046888828277588
Step: 5431296	Mean reward: 7.5625, 	Mean reward done: 1.8077974319458008
Step: 5439488	Mean reward: 9.0, 	Mean reward done: 2.3865442276000977
Step: 5447680	Mean reward: 7.125, 	Mean reward done: 2.014345645904541
Step: 5455872	Mean reward: 8.5, 	Mean reward done: 2.2831287384033203
Step: 5464064	Mean reward: 8.0, 	Mean reward done: 2.4460291862487793
Step: 5472256	Mean reward: 8.5625, 	Mean reward done: 2.1150007247924805
Step: 5480448	Mean reward: 6.0, 	Mean reward done: 1.6686161756515503
Step: 5488640	Mean reward: 5.375, 	Mean reward done: 1.2295790910720825
Step: 5496832	Mean reward: 6.75, 	Mean reward done: 1.861491322517395
Step: 5505024	Mean reward: 8.25, 	Mean reward done: 1.7754559516906738
Step: 5513216	Mean reward: 5.9375, 	Mean reward done: 1.570346474647522
Step: 5521408	Mean reward: 5.875, 	Mean reward done: 1.5853971242904663
Step: 5529600	Mean reward: 6.5, 	Mean reward done: 1.5007251501083374
Step: 5537792	Mean reward: 6.9375, 	Mean reward done: 1.7706472873687744
Step: 5545984	Mean reward: 7.875, 	Mean reward done: 1.7709239721298218
Step: 5554176	Mean reward: 5.75, 	Mean reward done: 1.4166896343231201
Step: 5562368	Mean reward: 7.125, 	Mean reward done: 1.942111611366272
Step: 5570560	Mean reward: 5.0, 	Mean reward done: 1.6064682006835938
Step: 5578752	Mean reward: 4.8125, 	Mean reward done: 1.388290524482727
Step: 5586944	Mean reward: 5.25, 	Mean reward done: 1.20292067527771
Step: 5595136	Mean reward: 7.1875, 	Mean reward done: 1.5860713720321655
Step: 5603328	Mean reward: 6.9375, 	Mean reward done: 1.9857233762741089
Step: 5611520	Mean reward: 6.1875, 	Mean reward done: 1.5263948440551758
Step: 5619712	Mean reward: 7.25, 	Mean reward done: 1.948241949081421
Step: 5627904	Mean reward: 7.0625, 	Mean reward done: 1.9592068195343018
Step: 5636096	Mean reward: 7.0, 	Mean reward done: 1.6974276304244995
Step: 5644288	Mean reward: 8.4375, 	Mean reward done: 2.2315170764923096
Step: 5652480	Mean reward: 9.5625, 	Mean reward done: 2.145958662033081
Step: 5660672	Mean reward: 6.125, 	Mean reward done: 1.5946764945983887
Step: 5668864	Mean reward: 5.1875, 	Mean reward done: 1.5406172275543213
Step: 5677056	Mean reward: 6.9375, 	Mean reward done: 1.7032697200775146
Step: 5685248	Mean reward: 5.375, 	Mean reward done: 1.5064014196395874
Step: 5693440	Mean reward: 5.875, 	Mean reward done: 1.4626362323760986
Step: 5701632	Mean reward: 7.1875, 	Mean reward done: 1.6829290390014648
Step: 5709824	Mean reward: 6.4375, 	Mean reward done: 1.5979070663452148
Step: 5718016	Mean reward: 8.0625, 	Mean reward done: 2.0829498767852783
Step: 5726208	Mean reward: 7.5, 	Mean reward done: 2.2594242095947266
Step: 5734400	Mean reward: 8.8125, 	Mean reward done: 2.190117359161377
Step: 5742592	Mean reward: 8.4375, 	Mean reward done: 1.9639003276824951
Step: 5750784	Mean reward: 7.1875, 	Mean reward done: 1.8869235515594482
Step: 5758976	Mean reward: 6.4375, 	Mean reward done: 2.108525514602661
Step: 5767168	Mean reward: 6.3125, 	Mean reward done: 1.643703579902649
Step: 5775360	Mean reward: 7.125, 	Mean reward done: 2.062556505203247
Step: 5783552	Mean reward: 7.5, 	Mean reward done: 2.0269129276275635
Step: 5791744	Mean reward: 6.5625, 	Mean reward done: 1.6828148365020752
Step: 5799936	Mean reward: 7.8125, 	Mean reward done: 2.0928754806518555
Step: 5808128	Mean reward: 6.8125, 	Mean reward done: 2.0896761417388916
Step: 5816320	Mean reward: 6.25, 	Mean reward done: 1.7567212581634521
Step: 5824512	Mean reward: 6.875, 	Mean reward done: 2.0006861686706543
Step: 5832704	Mean reward: 7.125, 	Mean reward done: 2.265734910964966
Step: 5840896	Mean reward: 5.8125, 	Mean reward done: 1.8052222728729248
Step: 5849088	Mean reward: 7.6875, 	Mean reward done: 1.9167060852050781
Step: 5857280	Mean reward: 8.875, 	Mean reward done: 2.3854563236236572
Step: 5865472	Mean reward: 8.0625, 	Mean reward done: 2.2917938232421875
Step: 5873664	Mean reward: 7.0625, 	Mean reward done: 1.8809138536453247
Step: 5881856	Mean reward: 6.8125, 	Mean reward done: 1.7766008377075195
Step: 5890048	Mean reward: 6.8125, 	Mean reward done: 1.6233999729156494
Step: 5898240	Mean reward: 9.9375, 	Mean reward done: 2.4440174102783203
Step: 5906432	Mean reward: 7.5, 	Mean reward done: 2.044320821762085
Step: 5914624	Mean reward: 9.25, 	Mean reward done: 2.524728298187256
Step: 5922816	Mean reward: 8.3125, 	Mean reward done: 2.00844669342041
Step: 5931008	Mean reward: 7.6875, 	Mean reward done: 2.156477928161621
Step: 5939200	Mean reward: 6.5, 	Mean reward done: 1.6867600679397583
Step: 5947392	Mean reward: 4.5, 	Mean reward done: 1.696508526802063
Step: 5955584	Mean reward: 6.0, 	Mean reward done: 1.6496827602386475
Step: 5963776	Mean reward: 6.0625, 	Mean reward done: 1.6026300191879272
Step: 5971968	Mean reward: 4.25, 	Mean reward done: 1.3058134317398071
Step: 5980160	Mean reward: 4.625, 	Mean reward done: 1.35829758644104
Step: 5988352	Mean reward: 6.1875, 	Mean reward done: 1.9413714408874512
Step: 5996544	Mean reward: 7.5625, 	Mean reward done: 1.9535748958587646
Step: 6004736	Mean reward: 6.875, 	Mean reward done: 1.9349313974380493
Step: 6012928	Mean reward: 6.625, 	Mean reward done: 1.7997461557388306
Step: 6021120	Mean reward: 7.75, 	Mean reward done: 2.1598827838897705
Step: 6029312	Mean reward: 7.4375, 	Mean reward done: 2.19767427444458
Step: 6037504	Mean reward: 6.3125, 	Mean reward done: 1.5249606370925903
Step: 6045696	Mean reward: 8.5625, 	Mean reward done: 2.160390615463257
Step: 6053888	Mean reward: 7.0625, 	Mean reward done: 2.037282943725586
Step: 6062080	Mean reward: 4.4375, 	Mean reward done: 1.4080506563186646
Step: 6070272	Mean reward: 5.4375, 	Mean reward done: 1.8587318658828735
Step: 6078464	Mean reward: 8.375, 	Mean reward done: 2.1110782623291016
Step: 6086656	Mean reward: 10.25, 	Mean reward done: 2.6963579654693604
Step: 6094848	Mean reward: 8.4375, 	Mean reward done: 2.2781732082366943
Step: 6103040	Mean reward: 7.5, 	Mean reward done: 2.0846145153045654
Step: 6111232	Mean reward: 6.0, 	Mean reward done: 1.8298097848892212
Step: 6119424	Mean reward: 7.8125, 	Mean reward done: 2.0996501445770264
Step: 6127616	Mean reward: 7.5, 	Mean reward done: 2.5842719078063965
Step: 6135808	Mean reward: 7.625, 	Mean reward done: 2.2803118228912354
Step: 6144000	Mean reward: 6.125, 	Mean reward done: 1.7697700262069702
Step: 6152192	Mean reward: 7.25, 	Mean reward done: 1.8070601224899292
Step: 6160384	Mean reward: 8.875, 	Mean reward done: 2.235947608947754
Step: 6168576	Mean reward: 5.6875, 	Mean reward done: 1.6997933387756348
Step: 6176768	Mean reward: 5.375, 	Mean reward done: 1.77834951877594
Step: 6184960	Mean reward: 4.125, 	Mean reward done: 1.1642684936523438
Step: 6193152	Mean reward: 6.0625, 	Mean reward done: 1.6025278568267822
Step: 6201344	Mean reward: 6.8125, 	Mean reward done: 1.8922123908996582
Step: 6209536	Mean reward: 8.4375, 	Mean reward done: 1.9960193634033203
Step: 6217728	Mean reward: 9.375, 	Mean reward done: 2.220752716064453
Step: 6225920	Mean reward: 12.5, 	Mean reward done: 3.001333713531494
Step: 6234112	Mean reward: 11.375, 	Mean reward done: 3.2432668209075928
Step: 6242304	Mean reward: 7.875, 	Mean reward done: 2.105731725692749
Step: 6250496	Mean reward: 9.1875, 	Mean reward done: 1.97775399684906
Step: 6258688	Mean reward: 7.4375, 	Mean reward done: 2.0602827072143555
Step: 6266880	Mean reward: 6.4375, 	Mean reward done: 1.866384744644165
Step: 6275072	Mean reward: 7.75, 	Mean reward done: 2.3607311248779297
Step: 6283264	Mean reward: 6.3125, 	Mean reward done: 1.39290452003479
Step: 6291456	Mean reward: 6.5, 	Mean reward done: 1.66007399559021
Step: 6299648	Mean reward: 8.5625, 	Mean reward done: 2.479362964630127
Step: 6307840	Mean reward: 8.375, 	Mean reward done: 2.4739432334899902
Step: 6316032	Mean reward: 6.8125, 	Mean reward done: 1.7760037183761597
Step: 6324224	Mean reward: 7.5, 	Mean reward done: 2.261690378189087
Step: 6332416	Mean reward: 5.9375, 	Mean reward done: 1.882184386253357
Step: 6340608	Mean reward: 8.75, 	Mean reward done: 2.441767692565918
Step: 6348800	Mean reward: 6.5, 	Mean reward done: 1.7397600412368774
Step: 6356992	Mean reward: 5.75, 	Mean reward done: 1.7244678735733032
Step: 6365184	Mean reward: 5.625, 	Mean reward done: 1.5416179895401
Step: 6373376	Mean reward: 7.0625, 	Mean reward done: 1.8640964031219482
Step: 6381568	Mean reward: 5.8125, 	Mean reward done: 1.8268409967422485
Step: 6389760	Mean reward: 5.0, 	Mean reward done: 1.5452431440353394
Step: 6397952	Mean reward: 5.0625, 	Mean reward done: 1.3165137767791748
Step: 6406144	Mean reward: 7.8125, 	Mean reward done: 2.044374942779541
Step: 6414336	Mean reward: 6.3125, 	Mean reward done: 1.6120535135269165
Step: 6422528	Mean reward: 7.625, 	Mean reward done: 2.1124420166015625
Step: 6430720	Mean reward: 5.6875, 	Mean reward done: 1.655685544013977
Step: 6438912	Mean reward: 4.6875, 	Mean reward done: 1.2247309684753418
Step: 6447104	Mean reward: 3.875, 	Mean reward done: 1.3717416524887085
Step: 6455296	Mean reward: 5.375, 	Mean reward done: 1.3652526140213013
Step: 6463488	Mean reward: 5.5625, 	Mean reward done: 1.734236240386963
Step: 6471680	Mean reward: 6.625, 	Mean reward done: 1.7413285970687866
Step: 6479872	Mean reward: 6.875, 	Mean reward done: 1.8280185461044312
Step: 6488064	Mean reward: 8.25, 	Mean reward done: 2.307368755340576
Step: 6496256	Mean reward: 10.375, 	Mean reward done: 2.8099467754364014
Step: 6504448	Mean reward: 8.125, 	Mean reward done: 2.0075836181640625
Step: 6512640	Mean reward: 6.3125, 	Mean reward done: 1.520602822303772
Step: 6520832	Mean reward: 5.9375, 	Mean reward done: 1.7986860275268555
Step: 6529024	Mean reward: 6.4375, 	Mean reward done: 1.804876446723938
Step: 6537216	Mean reward: 6.8125, 	Mean reward done: 2.1818161010742188
Step: 6545408	Mean reward: 7.25, 	Mean reward done: 2.431060791015625
Step: 6553600	Mean reward: 7.25, 	Mean reward done: 2.2254555225372314
Step: 6561792	Mean reward: 6.9375, 	Mean reward done: 2.003455638885498
Step: 6569984	Mean reward: 6.9375, 	Mean reward done: 1.767751932144165
Step: 6578176	Mean reward: 7.3125, 	Mean reward done: 1.7242166996002197
Step: 6586368	Mean reward: 9.1875, 	Mean reward done: 2.475360155105591
Step: 6594560	Mean reward: 7.5625, 	Mean reward done: 2.1148905754089355
Step: 6602752	Mean reward: 8.25, 	Mean reward done: 2.2154064178466797
Step: 6610944	Mean reward: 7.9375, 	Mean reward done: 2.129568099975586
Step: 6619136	Mean reward: 9.375, 	Mean reward done: 2.3957252502441406
Step: 6627328	Mean reward: 7.625, 	Mean reward done: 2.0612597465515137
Step: 6635520	Mean reward: 8.5625, 	Mean reward done: 2.7173526287078857
Step: 6643712	Mean reward: 7.125, 	Mean reward done: 1.9959269762039185
Step: 6651904	Mean reward: 5.25, 	Mean reward done: 1.5055522918701172
Step: 6660096	Mean reward: 7.625, 	Mean reward done: 1.9903526306152344
Step: 6668288	Mean reward: 6.0, 	Mean reward done: 1.8405511379241943
Step: 6676480	Mean reward: 5.6875, 	Mean reward done: 1.952806830406189
Step: 6684672	Mean reward: 5.75, 	Mean reward done: 1.586989402770996
Step: 6692864	Mean reward: 5.125, 	Mean reward done: 1.7172878980636597
Step: 6701056	Mean reward: 7.1875, 	Mean reward done: 1.7820959091186523
Step: 6709248	Mean reward: 6.875, 	Mean reward done: 1.8949528932571411
Step: 6717440	Mean reward: 8.5, 	Mean reward done: 2.2295303344726562
Step: 6725632	Mean reward: 6.75, 	Mean reward done: 2.171339988708496
Step: 6733824	Mean reward: 4.5, 	Mean reward done: 1.3562744855880737
Step: 6742016	Mean reward: 6.0625, 	Mean reward done: 1.6724812984466553
Step: 6750208	Mean reward: 6.625, 	Mean reward done: 2.298114061355591
Step: 6758400	Mean reward: 7.875, 	Mean reward done: 2.385368585586548
Step: 6766592	Mean reward: 6.75, 	Mean reward done: 1.7234529256820679
Step: 6774784	Mean reward: 7.1875, 	Mean reward done: 1.9285666942596436
Step: 6782976	Mean reward: 7.0, 	Mean reward done: 1.9516360759735107
Step: 6791168	Mean reward: 8.0625, 	Mean reward done: 1.9861836433410645
Step: 6799360	Mean reward: 7.125, 	Mean reward done: 1.7482308149337769
Step: 6807552	Mean reward: 8.3125, 	Mean reward done: 2.15777587890625
Step: 6815744	Mean reward: 6.625, 	Mean reward done: 1.8894524574279785
Step: 6823936	Mean reward: 9.1875, 	Mean reward done: 2.4712719917297363
Step: 6832128	Mean reward: 6.0, 	Mean reward done: 1.4748510122299194
Step: 6840320	Mean reward: 8.9375, 	Mean reward done: 2.4485394954681396
Step: 6848512	Mean reward: 7.375, 	Mean reward done: 1.764153003692627
Step: 6856704	Mean reward: 8.0625, 	Mean reward done: 1.9691407680511475
Step: 6864896	Mean reward: 7.8125, 	Mean reward done: 2.0776214599609375
Step: 6873088	Mean reward: 5.9375, 	Mean reward done: 1.6345866918563843
Step: 6881280	Mean reward: 6.9375, 	Mean reward done: 2.374091863632202
Step: 6889472	Mean reward: 8.5625, 	Mean reward done: 1.9350757598876953
Step: 6897664	Mean reward: 7.8125, 	Mean reward done: 2.133427619934082
Step: 6905856	Mean reward: 5.25, 	Mean reward done: 1.7549632787704468
Step: 6914048	Mean reward: 4.0, 	Mean reward done: 1.2850061655044556
Step: 6922240	Mean reward: 8.625, 	Mean reward done: 2.0521457195281982
Step: 6930432	Mean reward: 7.375, 	Mean reward done: 2.2219202518463135
Step: 6938624	Mean reward: 6.6875, 	Mean reward done: 1.8826720714569092
Step: 6946816	Mean reward: 6.1875, 	Mean reward done: 1.8873083591461182
Step: 6955008	Mean reward: 5.25, 	Mean reward done: 1.5734549760818481
Step: 6963200	Mean reward: 6.3125, 	Mean reward done: 1.6860629320144653
Step: 6971392	Mean reward: 5.125, 	Mean reward done: 1.7019898891448975
Step: 6979584	Mean reward: 5.375, 	Mean reward done: 1.5373843908309937
Step: 6987776	Mean reward: 6.4375, 	Mean reward done: 1.5711878538131714
Step: 6995968	Mean reward: 8.3125, 	Mean reward done: 2.0948424339294434
Step: 7004160	Mean reward: 7.125, 	Mean reward done: 1.8594712018966675
Step: 7012352	Mean reward: 6.375, 	Mean reward done: 1.8364471197128296
Step: 7020544	Mean reward: 7.4375, 	Mean reward done: 1.8191077709197998
Step: 7028736	Mean reward: 3.8125, 	Mean reward done: 1.327445149421692
Step: 7036928	Mean reward: 4.5, 	Mean reward done: 1.4731651544570923
Step: 7045120	Mean reward: 4.4375, 	Mean reward done: 1.35249662399292
Step: 7053312	Mean reward: 6.8125, 	Mean reward done: 2.0022189617156982
Step: 7061504	Mean reward: 3.9375, 	Mean reward done: 1.2178171873092651
Step: 7069696	Mean reward: 5.5625, 	Mean reward done: 1.8326551914215088
Step: 7077888	Mean reward: 7.1875, 	Mean reward done: 1.8080544471740723
Step: 7086080	Mean reward: 6.0625, 	Mean reward done: 1.3880860805511475
Step: 7094272	Mean reward: 10.3125, 	Mean reward done: 2.4731838703155518
Step: 7102464	Mean reward: 7.0, 	Mean reward done: 1.7622971534729004
Step: 7110656	Mean reward: 6.25, 	Mean reward done: 1.7425373792648315
Step: 7118848	Mean reward: 6.4375, 	Mean reward done: 1.915313720703125
Step: 7127040	Mean reward: 9.25, 	Mean reward done: 2.182389974594116
Step: 7135232	Mean reward: 6.25, 	Mean reward done: 1.5418064594268799
Step: 7143424	Mean reward: 6.25, 	Mean reward done: 1.721767783164978
Step: 7151616	Mean reward: 6.125, 	Mean reward done: 1.5993717908859253
Step: 7159808	Mean reward: 6.4375, 	Mean reward done: 1.8536096811294556
Step: 7168000	Mean reward: 3.0, 	Mean reward done: 0.7656372785568237
Step: 7176192	Mean reward: 5.6875, 	Mean reward done: 1.267177939414978
Step: 7184384	Mean reward: 5.25, 	Mean reward done: 1.7643886804580688
Step: 7192576	Mean reward: 7.0625, 	Mean reward done: 1.8619641065597534
Step: 7200768	Mean reward: 6.625, 	Mean reward done: 1.7519453763961792
Step: 7208960	Mean reward: 5.5625, 	Mean reward done: 1.6718165874481201
Step: 7217152	Mean reward: 9.5625, 	Mean reward done: 2.013042688369751
Step: 7225344	Mean reward: 6.5625, 	Mean reward done: 2.0204813480377197
Step: 7233536	Mean reward: 9.5625, 	Mean reward done: 2.745229482650757
Step: 7241728	Mean reward: 9.125, 	Mean reward done: 2.234999418258667
Step: 7249920	Mean reward: 6.75, 	Mean reward done: 2.2655181884765625
Step: 7258112	Mean reward: 5.75, 	Mean reward done: 1.652483344078064
Step: 7266304	Mean reward: 5.75, 	Mean reward done: 1.7328821420669556
Step: 7274496	Mean reward: 6.375, 	Mean reward done: 1.753623366355896
Step: 7282688	Mean reward: 8.1875, 	Mean reward done: 2.1074392795562744
Step: 7290880	Mean reward: 6.75, 	Mean reward done: 1.655504822731018
Step: 7299072	Mean reward: 6.125, 	Mean reward done: 2.1022725105285645
Step: 7307264	Mean reward: 4.75, 	Mean reward done: 1.606701135635376
Step: 7315456	Mean reward: 5.3125, 	Mean reward done: 1.3764268159866333
Step: 7323648	Mean reward: 7.5625, 	Mean reward done: 1.9213452339172363
Step: 7331840	Mean reward: 10.3125, 	Mean reward done: 2.7885961532592773
Step: 7340032	Mean reward: 7.375, 	Mean reward done: 1.9152824878692627
Step: 7348224	Mean reward: 6.5625, 	Mean reward done: 1.6004657745361328
Step: 7356416	Mean reward: 6.125, 	Mean reward done: 1.556148648262024
Step: 7364608	Mean reward: 9.125, 	Mean reward done: 2.2623043060302734
Step: 7372800	Mean reward: 8.125, 	Mean reward done: 2.294480800628662
Step: 7380992	Mean reward: 7.125, 	Mean reward done: 1.9955557584762573
Step: 7389184	Mean reward: 7.25, 	Mean reward done: 1.8288285732269287
Step: 7397376	Mean reward: 6.375, 	Mean reward done: 1.735326886177063
Step: 7405568	Mean reward: 6.6875, 	Mean reward done: 1.8267889022827148
Step: 7413760	Mean reward: 7.6875, 	Mean reward done: 2.3100202083587646
Step: 7421952	Mean reward: 5.5, 	Mean reward done: 1.538394570350647
Step: 7430144	Mean reward: 4.9375, 	Mean reward done: 1.261350393295288
Step: 7438336	Mean reward: 6.4375, 	Mean reward done: 1.4467331171035767
Step: 7446528	Mean reward: 7.75, 	Mean reward done: 1.8415855169296265
Step: 7454720	Mean reward: 8.0625, 	Mean reward done: 2.1895949840545654
Step: 7462912	Mean reward: 7.25, 	Mean reward done: 1.798811674118042
Step: 7471104	Mean reward: 7.25, 	Mean reward done: 2.0345075130462646
Step: 7479296	Mean reward: 6.3125, 	Mean reward done: 1.7878148555755615
Step: 7487488	Mean reward: 4.5625, 	Mean reward done: 1.3191165924072266
Step: 7495680	Mean reward: 6.9375, 	Mean reward done: 1.4899126291275024
Step: 7503872	Mean reward: 9.4375, 	Mean reward done: 2.2676279544830322
Step: 7512064	Mean reward: 10.125, 	Mean reward done: 2.56353759765625
Step: 7520256	Mean reward: 8.1875, 	Mean reward done: 2.1169416904449463
Step: 7528448	Mean reward: 5.6875, 	Mean reward done: 1.5152586698532104
Step: 7536640	Mean reward: 8.625, 	Mean reward done: 2.172114849090576
Step: 7544832	Mean reward: 6.875, 	Mean reward done: 2.026684522628784
Step: 7553024	Mean reward: 5.1875, 	Mean reward done: 1.5427289009094238
Step: 7561216	Mean reward: 7.6875, 	Mean reward done: 1.5825347900390625
Step: 7569408	Mean reward: 7.9375, 	Mean reward done: 2.257420063018799
Step: 7577600	Mean reward: 6.0, 	Mean reward done: 1.6018885374069214
Step: 7585792	Mean reward: 6.5625, 	Mean reward done: 1.8769378662109375
Step: 7593984	Mean reward: 5.5625, 	Mean reward done: 1.532448172569275
Step: 7602176	Mean reward: 3.875, 	Mean reward done: 1.4563250541687012
Step: 7610368	Mean reward: 4.875, 	Mean reward done: 1.34751296043396
Step: 7618560	Mean reward: 7.1875, 	Mean reward done: 1.9163944721221924
Step: 7626752	Mean reward: 6.625, 	Mean reward done: 2.004936695098877
Step: 7634944	Mean reward: 7.5, 	Mean reward done: 1.9999401569366455
Step: 7643136	Mean reward: 8.875, 	Mean reward done: 2.228084087371826
Step: 7651328	Mean reward: 6.0, 	Mean reward done: 1.6807349920272827
Step: 7659520	Mean reward: 8.0625, 	Mean reward done: 2.063385486602783
Step: 7667712	Mean reward: 8.125, 	Mean reward done: 1.8527125120162964
Step: 7675904	Mean reward: 9.0, 	Mean reward done: 2.05452299118042
Step: 7684096	Mean reward: 7.0, 	Mean reward done: 1.8423337936401367
Step: 7692288	Mean reward: 6.25, 	Mean reward done: 1.5185242891311646
Step: 7700480	Mean reward: 8.875, 	Mean reward done: 2.1915574073791504
Step: 7708672	Mean reward: 7.0, 	Mean reward done: 1.8290679454803467
Step: 7716864	Mean reward: 6.375, 	Mean reward done: 1.6691195964813232
Step: 7725056	Mean reward: 6.125, 	Mean reward done: 1.4015495777130127
Step: 7733248	Mean reward: 8.6875, 	Mean reward done: 2.413910388946533
Step: 7741440	Mean reward: 10.1875, 	Mean reward done: 2.587555170059204
Step: 7749632	Mean reward: 7.875, 	Mean reward done: 2.140178680419922
Step: 7757824	Mean reward: 7.5625, 	Mean reward done: 2.1364049911499023
Step: 7766016	Mean reward: 7.0, 	Mean reward done: 2.111161947250366
Step: 7774208	Mean reward: 3.5625, 	Mean reward done: 1.0502930879592896
Step: 7782400	Mean reward: 3.8125, 	Mean reward done: 1.0184378623962402
Step: 7790592	Mean reward: 6.9375, 	Mean reward done: 1.5561919212341309
Step: 7798784	Mean reward: 6.25, 	Mean reward done: 1.4402618408203125
Step: 7806976	Mean reward: 7.8125, 	Mean reward done: 2.428863286972046
Step: 7815168	Mean reward: 7.1875, 	Mean reward done: 1.9211602210998535
Step: 7823360	Mean reward: 9.25, 	Mean reward done: 2.7637760639190674
Step: 7831552	Mean reward: 6.5625, 	Mean reward done: 1.6740238666534424
Step: 7839744	Mean reward: 6.5, 	Mean reward done: 1.9268840551376343
Step: 7847936	Mean reward: 7.4375, 	Mean reward done: 2.0087270736694336
Step: 7856128	Mean reward: 8.4375, 	Mean reward done: 2.0911052227020264
Step: 7864320	Mean reward: 8.0625, 	Mean reward done: 2.1144449710845947
Step: 7872512	Mean reward: 6.875, 	Mean reward done: 1.9932336807250977
Step: 7880704	Mean reward: 6.125, 	Mean reward done: 1.4569803476333618
Step: 7888896	Mean reward: 7.625, 	Mean reward done: 1.9785668849945068
Step: 7897088	Mean reward: 6.0, 	Mean reward done: 1.6880587339401245
Step: 7905280	Mean reward: 7.125, 	Mean reward done: 2.010636329650879
Step: 7913472	Mean reward: 6.6875, 	Mean reward done: 1.9355933666229248
Step: 7921664	Mean reward: 7.75, 	Mean reward done: 1.9623441696166992
Step: 7929856	Mean reward: 10.3125, 	Mean reward done: 2.699890375137329
Step: 7938048	Mean reward: 10.375, 	Mean reward done: 2.670368194580078
Step: 7946240	Mean reward: 7.9375, 	Mean reward done: 1.881719708442688
Step: 7954432	Mean reward: 7.125, 	Mean reward done: 1.9137871265411377
Step: 7962624	Mean reward: 7.1875, 	Mean reward done: 1.8672287464141846
Step: 7970816	Mean reward: 6.3125, 	Mean reward done: 1.9834774732589722
Step: 7979008	Mean reward: 6.5, 	Mean reward done: 1.7468678951263428
Step: 7987200	Mean reward: 7.6875, 	Mean reward done: 2.204829454421997
Step: 7995392	Mean reward: 9.75, 	Mean reward done: 2.225663185119629
Step: 8003584	Mean reward: 7.375, 	Mean reward done: 1.8897864818572998
Completed training of sd_i_mx_db!

------------------------------------------------------------
Sender: LSF System <lsfadmin@n-62-20-14>
Subject: Job 8473449: <sd_i_mx_db> in cluster <dcc> Done

Job <sd_i_mx_db> was submitted from host <n-62-30-4> by user <s192288> in cluster <dcc> at Thu Dec  3 20:36:54 2020
Job was executed on host(s) <n-62-20-14>, in queue <gpuv100>, as user <s192288> in cluster <dcc> at Fri Dec  4 09:43:23 2020
</zhome/09/9/144141> was used as the home directory.
</zhome/09/9/144141/Desktop/Deep_l_hpc> was used as the working directory.
Started at Fri Dec  4 09:43:23 2020
Terminated at Sat Dec  5 01:00:00 2020
Results reported at Sat Dec  5 01:00:00 2020

Your job looked like:

------------------------------------------------------------
# LSBATCH: User input
#!/bin/sh

#BSUB -J sd_i_mx_db

#BSUB -q gpuv100

#BSUB -gpu "num=1"

#BSUB -n 1

#BSUB -W 23:45

#BSUB -R "rusage[mem=16GB]"

#BSUB -o sd_i_mx_db.out

#BSUB -e sd_i_mx_db.err

# Load modules

module load python3/3.8.2
module load cuda/8.0
module load cudnn/v7.0-prod-cuda8
module load ffmpeg/4.2.2
pip3 install --user torch matplotlib procgen gym 

# 1 = model_name, 2 = encoder_index, 3 = aug_index, 4 = mix_reg, 5 = game
#the name of the run
#encoder_index 0 = Impala, 1 = Nature  
#aug_index: 0 = None, 1 = grayscale, 2 = random_cutout, 3 = color_jitter
#mixreg: 0 = False, 1 = True 
#type of game

python3 train_ppo.py sd_i_mx_db 0 0 1 dodgeball 



------------------------------------------------------------

Successfully completed.

Resource usage summary:

    CPU time :                                   54790.86 sec.
    Max Memory :                                 9063 MB
    Average Memory :                             9043.78 MB
    Total Requested Memory :                     16384.00 MB
    Delta Memory :                               7321.00 MB
    Max Swap :                                   -
    Max Processes :                              4
    Max Threads :                                13
    Run time :                                   54996 sec.
    Turnaround time :                            102186 sec.

The output (if any) is above this job summary.



PS:

Read file <sd_i_mx_db.err> for stderr output of this job.

