Requirement already satisfied: torch in /zhome/09/9/144141/.local/lib/python3.8/site-packages (1.7.0)
Requirement already satisfied: matplotlib in /zhome/09/9/144141/.local/lib/python3.8/site-packages (3.3.3)
Requirement already satisfied: procgen in /zhome/09/9/144141/.local/lib/python3.8/site-packages (0.10.4)
Requirement already satisfied: gym in /zhome/09/9/144141/.local/lib/python3.8/site-packages (0.17.3)
Requirement already satisfied: dataclasses in /zhome/09/9/144141/.local/lib/python3.8/site-packages (from torch) (0.6)
Requirement already satisfied: typing-extensions in /zhome/09/9/144141/.local/lib/python3.8/site-packages (from torch) (3.7.4.3)
Requirement already satisfied: future in /zhome/09/9/144141/.local/lib/python3.8/site-packages (from torch) (0.18.2)
Requirement already satisfied: numpy in /zhome/09/9/144141/.local/lib/python3.8/site-packages (from torch) (1.19.4)
Requirement already satisfied: python-dateutil>=2.1 in /zhome/09/9/144141/.local/lib/python3.8/site-packages (from matplotlib) (2.8.1)
Requirement already satisfied: kiwisolver>=1.0.1 in /zhome/09/9/144141/.local/lib/python3.8/site-packages (from matplotlib) (1.3.1)
Requirement already satisfied: pyparsing!=2.0.4,!=2.1.2,!=2.1.6,>=2.0.3 in /zhome/09/9/144141/.local/lib/python3.8/site-packages (from matplotlib) (2.4.7)
Requirement already satisfied: pillow>=6.2.0 in /zhome/09/9/144141/.local/lib/python3.8/site-packages (from matplotlib) (8.0.1)
Requirement already satisfied: cycler>=0.10 in /zhome/09/9/144141/.local/lib/python3.8/site-packages (from matplotlib) (0.10.0)
Requirement already satisfied: gym3<1.0.0,>=0.3.3 in /zhome/09/9/144141/.local/lib/python3.8/site-packages (from procgen) (0.3.3)
Requirement already satisfied: filelock<4.0.0,>=3.0.0 in /zhome/09/9/144141/.local/lib/python3.8/site-packages (from procgen) (3.0.12)
Requirement already satisfied: scipy in /zhome/09/9/144141/.local/lib/python3.8/site-packages (from gym) (1.5.4)
Requirement already satisfied: pyglet<=1.5.0,>=1.4.0 in /zhome/09/9/144141/.local/lib/python3.8/site-packages (from gym) (1.5.0)
Requirement already satisfied: cloudpickle<1.7.0,>=1.2.0 in /zhome/09/9/144141/.local/lib/python3.8/site-packages (from gym) (1.6.0)
Requirement already satisfied: six>=1.5 in /zhome/09/9/144141/.local/lib/python3.8/site-packages (from python-dateutil>=2.1->matplotlib) (1.15.0)
Requirement already satisfied: imageio<3.0.0,>=2.6.0 in /zhome/09/9/144141/.local/lib/python3.8/site-packages (from gym3<1.0.0,>=0.3.3->procgen) (2.9.0)
Requirement already satisfied: glfw<2.0.0,>=1.8.6 in /zhome/09/9/144141/.local/lib/python3.8/site-packages (from gym3<1.0.0,>=0.3.3->procgen) (1.12.0)
Requirement already satisfied: imageio-ffmpeg<0.4.0,>=0.3.0 in /zhome/09/9/144141/.local/lib/python3.8/site-packages (from gym3<1.0.0,>=0.3.3->procgen) (0.3.0)
Requirement already satisfied: cffi<2.0.0,>=1.13.0 in /zhome/09/9/144141/.local/lib/python3.8/site-packages (from gym3<1.0.0,>=0.3.3->procgen) (1.14.4)
Requirement already satisfied: moderngl<6.0.0,>=5.5.4 in /zhome/09/9/144141/.local/lib/python3.8/site-packages (from gym3<1.0.0,>=0.3.3->procgen) (5.6.2)
Requirement already satisfied: pycparser in /zhome/09/9/144141/.local/lib/python3.8/site-packages (from cffi<2.0.0,>=1.13.0->gym3<1.0.0,>=0.3.3->procgen) (2.20)
Requirement already satisfied: glcontext<3,>=2 in /zhome/09/9/144141/.local/lib/python3.8/site-packages (from moderngl<6.0.0,>=5.5.4->gym3<1.0.0,>=0.3.3->procgen) (2.2.0)
Run name sd_i_na_db
Encoder used Impala
Augumentation used none
Mixreg? False
Game dodgeball
Observation space: Box(0.0, 1.0, (3, 64, 64), float32)
Action space: 15
Beware of the Impala!
Step: 8192	Mean reward: 3.1875, 	Mean reward done: 1.5871198177337646
Estimated time of completion: 5.65592419459588 hours
Step: 16384	Mean reward: 1.9375, 	Mean reward done: 0.8734840154647827
Step: 24576	Mean reward: 2.875, 	Mean reward done: 1.130306363105774
Step: 32768	Mean reward: 1.875, 	Mean reward done: 0.6912316679954529
Step: 40960	Mean reward: 3.1875, 	Mean reward done: 1.1864607334136963
Step: 49152	Mean reward: 2.625, 	Mean reward done: 1.2088100910186768
Step: 57344	Mean reward: 3.5625, 	Mean reward done: 1.3657255172729492
Step: 65536	Mean reward: 3.375, 	Mean reward done: 1.2079824209213257
Step: 73728	Mean reward: 3.625, 	Mean reward done: 1.2345327138900757
Step: 81920	Mean reward: 2.9375, 	Mean reward done: 1.378223180770874
Step: 90112	Mean reward: 2.125, 	Mean reward done: 0.8334972262382507
Step: 98304	Mean reward: 2.1875, 	Mean reward done: 0.6964148283004761
Step: 106496	Mean reward: 3.0625, 	Mean reward done: 0.9055440425872803
Step: 114688	Mean reward: 3.125, 	Mean reward done: 0.9484522938728333
Step: 122880	Mean reward: 2.5, 	Mean reward done: 0.9109101891517639
Step: 131072	Mean reward: 2.75, 	Mean reward done: 1.020151138305664
Step: 139264	Mean reward: 3.125, 	Mean reward done: 1.2849364280700684
Step: 147456	Mean reward: 3.25, 	Mean reward done: 0.9338531494140625
Step: 155648	Mean reward: 2.875, 	Mean reward done: 1.06414794921875
Step: 163840	Mean reward: 2.625, 	Mean reward done: 1.0622880458831787
Step: 172032	Mean reward: 2.5, 	Mean reward done: 1.1764334440231323
Step: 180224	Mean reward: 2.5, 	Mean reward done: 1.1615142822265625
Step: 188416	Mean reward: 2.4375, 	Mean reward done: 0.7311815619468689
Step: 196608	Mean reward: 2.9375, 	Mean reward done: 1.1748466491699219
Step: 204800	Mean reward: 4.625, 	Mean reward done: 1.4023380279541016
Step: 212992	Mean reward: 2.5625, 	Mean reward done: 1.1320266723632812
Step: 221184	Mean reward: 2.625, 	Mean reward done: 1.2126189470291138
Step: 229376	Mean reward: 3.5, 	Mean reward done: 1.180100440979004
Step: 237568	Mean reward: 3.5, 	Mean reward done: 1.0164389610290527
Step: 245760	Mean reward: 4.0, 	Mean reward done: 1.3755372762680054
Step: 253952	Mean reward: 2.25, 	Mean reward done: 0.9373218417167664
Step: 262144	Mean reward: 3.0625, 	Mean reward done: 1.1276556253433228
Step: 270336	Mean reward: 3.8125, 	Mean reward done: 1.1435825824737549
Step: 278528	Mean reward: 3.6875, 	Mean reward done: 1.2410351037979126
Step: 286720	Mean reward: 2.625, 	Mean reward done: 0.7176498174667358
Step: 294912	Mean reward: 2.6875, 	Mean reward done: 0.784026026725769
Step: 303104	Mean reward: 3.8125, 	Mean reward done: 1.4560270309448242
Step: 311296	Mean reward: 3.4375, 	Mean reward done: 1.16612708568573
Step: 319488	Mean reward: 2.4375, 	Mean reward done: 0.9898927807807922
Step: 327680	Mean reward: 3.5, 	Mean reward done: 0.9888617992401123
Step: 335872	Mean reward: 3.1875, 	Mean reward done: 0.9720589518547058
Step: 344064	Mean reward: 3.5625, 	Mean reward done: 1.199333667755127
Step: 352256	Mean reward: 2.375, 	Mean reward done: 0.7737139463424683
Step: 360448	Mean reward: 2.875, 	Mean reward done: 0.6750202178955078
Step: 368640	Mean reward: 3.0625, 	Mean reward done: 0.9194012880325317
Step: 376832	Mean reward: 2.9375, 	Mean reward done: 0.9178516864776611
Step: 385024	Mean reward: 3.3125, 	Mean reward done: 1.076019287109375
Step: 393216	Mean reward: 2.6875, 	Mean reward done: 1.0177274942398071
Step: 401408	Mean reward: 3.5625, 	Mean reward done: 1.0835305452346802
Step: 409600	Mean reward: 3.6875, 	Mean reward done: 0.9899426698684692
Step: 417792	Mean reward: 2.625, 	Mean reward done: 0.8901482224464417
Step: 425984	Mean reward: 4.25, 	Mean reward done: 1.4388126134872437
Step: 434176	Mean reward: 3.125, 	Mean reward done: 1.0126259326934814
Step: 442368	Mean reward: 3.375, 	Mean reward done: 0.9013541340827942
Step: 450560	Mean reward: 3.25, 	Mean reward done: 0.9083045125007629
Step: 458752	Mean reward: 2.5625, 	Mean reward done: 1.2078860998153687
Step: 466944	Mean reward: 2.6875, 	Mean reward done: 0.905332624912262
Step: 475136	Mean reward: 3.375, 	Mean reward done: 1.0346146821975708
Step: 483328	Mean reward: 3.125, 	Mean reward done: 0.7853890657424927
Step: 491520	Mean reward: 3.1875, 	Mean reward done: 1.0650907754898071
Step: 499712	Mean reward: 3.0, 	Mean reward done: 1.0336589813232422
Step: 507904	Mean reward: 3.3125, 	Mean reward done: 0.9524322152137756
Step: 516096	Mean reward: 3.8125, 	Mean reward done: 1.196210265159607
Step: 524288	Mean reward: 3.25, 	Mean reward done: 1.0328779220581055
Step: 532480	Mean reward: 4.375, 	Mean reward done: 1.6506400108337402
Step: 540672	Mean reward: 2.9375, 	Mean reward done: 1.2021524906158447
Step: 548864	Mean reward: 3.0625, 	Mean reward done: 0.9689344167709351
Step: 557056	Mean reward: 2.625, 	Mean reward done: 0.9060287475585938
Step: 565248	Mean reward: 3.25, 	Mean reward done: 0.8089655041694641
Step: 573440	Mean reward: 3.6875, 	Mean reward done: 1.2084143161773682
Step: 581632	Mean reward: 3.4375, 	Mean reward done: 0.9021291136741638
Step: 589824	Mean reward: 3.6875, 	Mean reward done: 1.2025655508041382
Step: 598016	Mean reward: 2.75, 	Mean reward done: 1.0799554586410522
Step: 606208	Mean reward: 3.375, 	Mean reward done: 0.979922354221344
Step: 614400	Mean reward: 3.375, 	Mean reward done: 0.8903368711471558
Step: 622592	Mean reward: 3.75, 	Mean reward done: 1.060214877128601
Step: 630784	Mean reward: 3.375, 	Mean reward done: 1.374388575553894
Step: 638976	Mean reward: 3.0, 	Mean reward done: 0.9046319723129272
Step: 647168	Mean reward: 2.6875, 	Mean reward done: 0.7000579237937927
Step: 655360	Mean reward: 3.0625, 	Mean reward done: 0.9520097970962524
Step: 663552	Mean reward: 2.5625, 	Mean reward done: 0.8174424767494202
Step: 671744	Mean reward: 3.4375, 	Mean reward done: 0.9080955982208252
Step: 679936	Mean reward: 3.6875, 	Mean reward done: 1.5476326942443848
Step: 688128	Mean reward: 4.0625, 	Mean reward done: 1.3641384840011597
Step: 696320	Mean reward: 3.0, 	Mean reward done: 0.9338109493255615
Step: 704512	Mean reward: 3.625, 	Mean reward done: 1.0567772388458252
Step: 712704	Mean reward: 5.5, 	Mean reward done: 1.7343618869781494
Step: 720896	Mean reward: 3.9375, 	Mean reward done: 1.259140968322754
Step: 729088	Mean reward: 3.4375, 	Mean reward done: 1.1411058902740479
Step: 737280	Mean reward: 4.9375, 	Mean reward done: 1.5617215633392334
Step: 745472	Mean reward: 3.1875, 	Mean reward done: 1.1218050718307495
Step: 753664	Mean reward: 3.5, 	Mean reward done: 1.3219492435455322
Step: 761856	Mean reward: 3.3125, 	Mean reward done: 1.1175228357315063
Step: 770048	Mean reward: 2.625, 	Mean reward done: 0.9467155337333679
Step: 778240	Mean reward: 3.5625, 	Mean reward done: 1.0421857833862305
Step: 786432	Mean reward: 3.375, 	Mean reward done: 1.0766032934188843
Step: 794624	Mean reward: 3.1875, 	Mean reward done: 0.91084223985672
Step: 802816	Mean reward: 3.3125, 	Mean reward done: 0.9052110910415649
Step: 811008	Mean reward: 2.625, 	Mean reward done: 0.8832849264144897
Step: 819200	Mean reward: 3.5625, 	Mean reward done: 1.201387882232666
Step: 827392	Mean reward: 3.5, 	Mean reward done: 1.2006410360336304
Step: 835584	Mean reward: 3.6875, 	Mean reward done: 1.2184664011001587
Step: 843776	Mean reward: 4.375, 	Mean reward done: 1.1663485765457153
Step: 851968	Mean reward: 3.75, 	Mean reward done: 1.3020116090774536
Step: 860160	Mean reward: 3.0625, 	Mean reward done: 1.0648243427276611
Step: 868352	Mean reward: 2.875, 	Mean reward done: 0.9308322668075562
Step: 876544	Mean reward: 3.125, 	Mean reward done: 1.1069072484970093
Step: 884736	Mean reward: 3.625, 	Mean reward done: 1.41581392288208
Step: 892928	Mean reward: 3.125, 	Mean reward done: 0.8422759771347046
Step: 901120	Mean reward: 4.5, 	Mean reward done: 1.4620906114578247
Step: 909312	Mean reward: 4.0, 	Mean reward done: 0.9861648678779602
Step: 917504	Mean reward: 3.5625, 	Mean reward done: 1.1448367834091187
Step: 925696	Mean reward: 4.25, 	Mean reward done: 1.3545970916748047
Step: 933888	Mean reward: 3.375, 	Mean reward done: 1.1538424491882324
Step: 942080	Mean reward: 4.1875, 	Mean reward done: 1.416737675666809
Step: 950272	Mean reward: 3.625, 	Mean reward done: 1.239572525024414
Step: 958464	Mean reward: 2.625, 	Mean reward done: 0.8011612892150879
Step: 966656	Mean reward: 4.875, 	Mean reward done: 1.6522959470748901
Step: 974848	Mean reward: 4.4375, 	Mean reward done: 1.0780839920043945
Step: 983040	Mean reward: 3.875, 	Mean reward done: 1.3067491054534912
Step: 991232	Mean reward: 4.1875, 	Mean reward done: 1.0856670141220093
Step: 999424	Mean reward: 4.125, 	Mean reward done: 1.1572496891021729
Step: 1007616	Mean reward: 3.1875, 	Mean reward done: 0.915375292301178
Step: 1015808	Mean reward: 4.1875, 	Mean reward done: 0.9943602085113525
Step: 1024000	Mean reward: 3.5625, 	Mean reward done: 1.1359562873840332
Step: 1032192	Mean reward: 3.8125, 	Mean reward done: 1.2716201543807983
Step: 1040384	Mean reward: 3.9375, 	Mean reward done: 1.0834205150604248
Step: 1048576	Mean reward: 3.6875, 	Mean reward done: 1.2355366945266724
Step: 1056768	Mean reward: 4.25, 	Mean reward done: 1.3799787759780884
Step: 1064960	Mean reward: 4.0625, 	Mean reward done: 1.1192810535430908
Step: 1073152	Mean reward: 3.5, 	Mean reward done: 1.3042525053024292
Step: 1081344	Mean reward: 3.6875, 	Mean reward done: 1.5135128498077393
Step: 1089536	Mean reward: 3.0, 	Mean reward done: 0.8513097167015076
Step: 1097728	Mean reward: 4.0625, 	Mean reward done: 1.2330827713012695
Step: 1105920	Mean reward: 4.125, 	Mean reward done: 1.1313416957855225
Step: 1114112	Mean reward: 3.5625, 	Mean reward done: 1.168900728225708
Step: 1122304	Mean reward: 4.0625, 	Mean reward done: 1.4202529191970825
Step: 1130496	Mean reward: 5.5, 	Mean reward done: 1.7917778491973877
Step: 1138688	Mean reward: 5.375, 	Mean reward done: 1.4522608518600464
Step: 1146880	Mean reward: 4.0, 	Mean reward done: 1.3292917013168335
Step: 1155072	Mean reward: 4.5625, 	Mean reward done: 1.2599313259124756
Step: 1163264	Mean reward: 3.3125, 	Mean reward done: 0.8305431604385376
Step: 1171456	Mean reward: 4.4375, 	Mean reward done: 1.2695518732070923
Step: 1179648	Mean reward: 3.125, 	Mean reward done: 1.0605932474136353
Step: 1187840	Mean reward: 3.6875, 	Mean reward done: 1.0988121032714844
Step: 1196032	Mean reward: 5.0625, 	Mean reward done: 1.3713116645812988
Step: 1204224	Mean reward: 4.75, 	Mean reward done: 1.553646445274353
Step: 1212416	Mean reward: 4.125, 	Mean reward done: 1.2045875787734985
Step: 1220608	Mean reward: 3.9375, 	Mean reward done: 1.0775365829467773
Step: 1228800	Mean reward: 4.8125, 	Mean reward done: 1.515655755996704
Step: 1236992	Mean reward: 4.125, 	Mean reward done: 1.2298173904418945
Step: 1245184	Mean reward: 4.75, 	Mean reward done: 1.2613723278045654
Step: 1253376	Mean reward: 6.0625, 	Mean reward done: 1.7840379476547241
Step: 1261568	Mean reward: 4.375, 	Mean reward done: 1.4143671989440918
Step: 1269760	Mean reward: 4.75, 	Mean reward done: 1.1829384565353394
Step: 1277952	Mean reward: 4.875, 	Mean reward done: 1.30080246925354
Step: 1286144	Mean reward: 4.8125, 	Mean reward done: 1.497347354888916
Step: 1294336	Mean reward: 5.8125, 	Mean reward done: 1.9483221769332886
Step: 1302528	Mean reward: 3.625, 	Mean reward done: 1.1728490591049194
Step: 1310720	Mean reward: 4.4375, 	Mean reward done: 1.3596711158752441
Step: 1318912	Mean reward: 4.4375, 	Mean reward done: 1.2025951147079468
Step: 1327104	Mean reward: 5.0625, 	Mean reward done: 1.714931845664978
Step: 1335296	Mean reward: 4.8125, 	Mean reward done: 1.3511477708816528
Step: 1343488	Mean reward: 4.25, 	Mean reward done: 1.1668654680252075
Step: 1351680	Mean reward: 4.4375, 	Mean reward done: 1.383238434791565
Step: 1359872	Mean reward: 3.8125, 	Mean reward done: 0.9912393093109131
Step: 1368064	Mean reward: 3.1875, 	Mean reward done: 1.0992978811264038
Step: 1376256	Mean reward: 3.3125, 	Mean reward done: 1.059862494468689
Step: 1384448	Mean reward: 4.1875, 	Mean reward done: 1.0871180295944214
Step: 1392640	Mean reward: 4.875, 	Mean reward done: 1.3594386577606201
Step: 1400832	Mean reward: 3.9375, 	Mean reward done: 1.2441402673721313
Step: 1409024	Mean reward: 5.3125, 	Mean reward done: 1.3897403478622437
Step: 1417216	Mean reward: 4.25, 	Mean reward done: 1.353055715560913
Step: 1425408	Mean reward: 4.1875, 	Mean reward done: 1.450739860534668
Step: 1433600	Mean reward: 4.9375, 	Mean reward done: 1.24066162109375
Step: 1441792	Mean reward: 4.25, 	Mean reward done: 1.4672739505767822
Step: 1449984	Mean reward: 3.75, 	Mean reward done: 1.2094672918319702
Step: 1458176	Mean reward: 4.1875, 	Mean reward done: 1.1318849325180054
Step: 1466368	Mean reward: 3.5625, 	Mean reward done: 1.2286592721939087
Step: 1474560	Mean reward: 3.625, 	Mean reward done: 1.3476464748382568
Step: 1482752	Mean reward: 4.3125, 	Mean reward done: 1.54679274559021
Step: 1490944	Mean reward: 4.0, 	Mean reward done: 1.2569693326950073
Step: 1499136	Mean reward: 4.25, 	Mean reward done: 1.3781485557556152
Step: 1507328	Mean reward: 4.0625, 	Mean reward done: 1.029199481010437
Step: 1515520	Mean reward: 4.5, 	Mean reward done: 1.2172685861587524
Step: 1523712	Mean reward: 4.75, 	Mean reward done: 1.7636605501174927
Step: 1531904	Mean reward: 3.75, 	Mean reward done: 1.1566007137298584
Step: 1540096	Mean reward: 4.6875, 	Mean reward done: 1.521752119064331
Step: 1548288	Mean reward: 3.75, 	Mean reward done: 0.9456165432929993
Step: 1556480	Mean reward: 4.4375, 	Mean reward done: 1.1436597108840942
Step: 1564672	Mean reward: 5.0, 	Mean reward done: 1.4747397899627686
Step: 1572864	Mean reward: 4.5, 	Mean reward done: 1.573630452156067
Step: 1581056	Mean reward: 4.0, 	Mean reward done: 1.0191720724105835
Step: 1589248	Mean reward: 4.6875, 	Mean reward done: 1.5801289081573486
Step: 1597440	Mean reward: 4.1875, 	Mean reward done: 1.230724573135376
Step: 1605632	Mean reward: 4.0, 	Mean reward done: 1.4166783094406128
Step: 1613824	Mean reward: 4.6875, 	Mean reward done: 1.1655042171478271
Step: 1622016	Mean reward: 5.3125, 	Mean reward done: 1.7664965391159058
Step: 1630208	Mean reward: 4.375, 	Mean reward done: 1.1673564910888672
Step: 1638400	Mean reward: 4.25, 	Mean reward done: 1.249031901359558
Step: 1646592	Mean reward: 4.0625, 	Mean reward done: 1.0752232074737549
Step: 1654784	Mean reward: 4.9375, 	Mean reward done: 1.3823481798171997
Step: 1662976	Mean reward: 3.5625, 	Mean reward done: 1.077720046043396
Step: 1671168	Mean reward: 4.0625, 	Mean reward done: 1.1891995668411255
Step: 1679360	Mean reward: 3.625, 	Mean reward done: 1.1420923471450806
Step: 1687552	Mean reward: 4.8125, 	Mean reward done: 1.4642997980117798
Step: 1695744	Mean reward: 4.4375, 	Mean reward done: 1.3141874074935913
Step: 1703936	Mean reward: 4.4375, 	Mean reward done: 1.2318438291549683
Step: 1712128	Mean reward: 4.125, 	Mean reward done: 1.422234296798706
Step: 1720320	Mean reward: 5.375, 	Mean reward done: 1.284881591796875
Step: 1728512	Mean reward: 3.875, 	Mean reward done: 1.1160751581192017
Step: 1736704	Mean reward: 3.75, 	Mean reward done: 1.1234949827194214
Step: 1744896	Mean reward: 5.25, 	Mean reward done: 1.523016333580017
Step: 1753088	Mean reward: 4.5, 	Mean reward done: 1.4673179388046265
Step: 1761280	Mean reward: 5.0625, 	Mean reward done: 1.3472082614898682
Step: 1769472	Mean reward: 5.125, 	Mean reward done: 1.3966344594955444
Step: 1777664	Mean reward: 6.4375, 	Mean reward done: 2.056884527206421
Step: 1785856	Mean reward: 4.3125, 	Mean reward done: 1.358180284500122
Step: 1794048	Mean reward: 5.0625, 	Mean reward done: 1.7291837930679321
Step: 1802240	Mean reward: 3.4375, 	Mean reward done: 1.0671570301055908
Step: 1810432	Mean reward: 5.875, 	Mean reward done: 1.7998225688934326
Step: 1818624	Mean reward: 4.625, 	Mean reward done: 1.393120288848877
Step: 1826816	Mean reward: 4.3125, 	Mean reward done: 1.5745313167572021
Step: 1835008	Mean reward: 3.5625, 	Mean reward done: 0.9950815439224243
Step: 1843200	Mean reward: 4.5625, 	Mean reward done: 1.3863941431045532
Step: 1851392	Mean reward: 4.8125, 	Mean reward done: 1.1524916887283325
Step: 1859584	Mean reward: 5.375, 	Mean reward done: 1.2799357175827026
Step: 1867776	Mean reward: 5.9375, 	Mean reward done: 1.6224089860916138
Step: 1875968	Mean reward: 5.125, 	Mean reward done: 1.5657707452774048
Step: 1884160	Mean reward: 4.6875, 	Mean reward done: 1.2370034456253052
Step: 1892352	Mean reward: 4.625, 	Mean reward done: 1.2037529945373535
Step: 1900544	Mean reward: 4.4375, 	Mean reward done: 1.5106619596481323
Step: 1908736	Mean reward: 4.5625, 	Mean reward done: 1.2783180475234985
Step: 1916928	Mean reward: 4.5625, 	Mean reward done: 1.27254056930542
Step: 1925120	Mean reward: 4.0625, 	Mean reward done: 1.4625962972640991
Step: 1933312	Mean reward: 5.5, 	Mean reward done: 1.9151078462600708
Step: 1941504	Mean reward: 4.1875, 	Mean reward done: 1.363388180732727
Step: 1949696	Mean reward: 4.625, 	Mean reward done: 1.2390921115875244
Step: 1957888	Mean reward: 5.375, 	Mean reward done: 1.6644591093063354
Step: 1966080	Mean reward: 5.4375, 	Mean reward done: 1.5630992650985718
Step: 1974272	Mean reward: 5.25, 	Mean reward done: 1.9416165351867676
Step: 1982464	Mean reward: 5.375, 	Mean reward done: 1.5994404554367065
Step: 1990656	Mean reward: 4.1875, 	Mean reward done: 1.1399964094161987
Step: 1998848	Mean reward: 5.125, 	Mean reward done: 1.5057950019836426
Step: 2007040	Mean reward: 5.125, 	Mean reward done: 1.3801016807556152
Step: 2015232	Mean reward: 5.25, 	Mean reward done: 1.4272747039794922
Step: 2023424	Mean reward: 4.5, 	Mean reward done: 1.103983759880066
Step: 2031616	Mean reward: 5.8125, 	Mean reward done: 1.3969186544418335
Step: 2039808	Mean reward: 3.875, 	Mean reward done: 1.1366304159164429
Step: 2048000	Mean reward: 5.3125, 	Mean reward done: 1.4263490438461304
Step: 2056192	Mean reward: 5.9375, 	Mean reward done: 1.6874228715896606
Step: 2064384	Mean reward: 3.8125, 	Mean reward done: 0.904034435749054
Step: 2072576	Mean reward: 5.3125, 	Mean reward done: 1.4627605676651
Step: 2080768	Mean reward: 4.375, 	Mean reward done: 1.1586859226226807
Step: 2088960	Mean reward: 5.6875, 	Mean reward done: 1.7428606748580933
Step: 2097152	Mean reward: 4.625, 	Mean reward done: 1.1156892776489258
Step: 2105344	Mean reward: 4.1875, 	Mean reward done: 1.3137155771255493
Step: 2113536	Mean reward: 3.5625, 	Mean reward done: 1.065943717956543
Step: 2121728	Mean reward: 4.25, 	Mean reward done: 1.4407508373260498
Step: 2129920	Mean reward: 4.8125, 	Mean reward done: 1.2160264253616333
Step: 2138112	Mean reward: 5.125, 	Mean reward done: 1.4113669395446777
Step: 2146304	Mean reward: 4.875, 	Mean reward done: 1.2808531522750854
Step: 2154496	Mean reward: 3.4375, 	Mean reward done: 1.0455803871154785
Step: 2162688	Mean reward: 4.125, 	Mean reward done: 1.1174436807632446
Step: 2170880	Mean reward: 4.0, 	Mean reward done: 1.0226997137069702
Step: 2179072	Mean reward: 4.375, 	Mean reward done: 1.1507139205932617
Step: 2187264	Mean reward: 4.875, 	Mean reward done: 1.3337037563323975
Step: 2195456	Mean reward: 5.125, 	Mean reward done: 1.6590954065322876
Step: 2203648	Mean reward: 4.25, 	Mean reward done: 1.5984677076339722
Step: 2211840	Mean reward: 4.0, 	Mean reward done: 1.1972179412841797
Step: 2220032	Mean reward: 5.625, 	Mean reward done: 1.6831718683242798
Step: 2228224	Mean reward: 3.6875, 	Mean reward done: 1.083045244216919
Step: 2236416	Mean reward: 4.5, 	Mean reward done: 1.324073314666748
Step: 2244608	Mean reward: 4.0625, 	Mean reward done: 1.226381778717041
Step: 2252800	Mean reward: 4.625, 	Mean reward done: 1.3209336996078491
Step: 2260992	Mean reward: 4.1875, 	Mean reward done: 1.3175626993179321
Step: 2269184	Mean reward: 5.4375, 	Mean reward done: 1.2919591665267944
Step: 2277376	Mean reward: 4.0625, 	Mean reward done: 1.1093791723251343
Step: 2285568	Mean reward: 4.625, 	Mean reward done: 1.4060724973678589
Step: 2293760	Mean reward: 4.375, 	Mean reward done: 1.6100679636001587
Step: 2301952	Mean reward: 5.5, 	Mean reward done: 1.4154671430587769
Step: 2310144	Mean reward: 4.375, 	Mean reward done: 1.0632832050323486
Step: 2318336	Mean reward: 4.5625, 	Mean reward done: 1.3851219415664673
Step: 2326528	Mean reward: 4.625, 	Mean reward done: 1.227880835533142
Step: 2334720	Mean reward: 4.5625, 	Mean reward done: 1.3319144248962402
Step: 2342912	Mean reward: 3.125, 	Mean reward done: 0.8753191232681274
Step: 2351104	Mean reward: 4.25, 	Mean reward done: 1.4942165613174438
Step: 2359296	Mean reward: 4.125, 	Mean reward done: 1.1930158138275146
Step: 2367488	Mean reward: 5.25, 	Mean reward done: 1.3327186107635498
Step: 2375680	Mean reward: 3.9375, 	Mean reward done: 1.678542137145996
Step: 2383872	Mean reward: 3.8125, 	Mean reward done: 1.2048603296279907
Step: 2392064	Mean reward: 4.6875, 	Mean reward done: 1.36896550655365
Step: 2400256	Mean reward: 3.5, 	Mean reward done: 1.1168568134307861
Step: 2408448	Mean reward: 3.625, 	Mean reward done: 1.012019157409668
Step: 2416640	Mean reward: 4.6875, 	Mean reward done: 1.4295722246170044
Step: 2424832	Mean reward: 5.0, 	Mean reward done: 1.6638026237487793
Step: 2433024	Mean reward: 4.5, 	Mean reward done: 1.2507359981536865
Step: 2441216	Mean reward: 4.5625, 	Mean reward done: 1.525274395942688
Step: 2449408	Mean reward: 4.9375, 	Mean reward done: 1.434237003326416
Step: 2457600	Mean reward: 4.1875, 	Mean reward done: 1.476253867149353
Step: 2465792	Mean reward: 4.6875, 	Mean reward done: 1.4263347387313843
Step: 2473984	Mean reward: 5.6875, 	Mean reward done: 1.810603380203247
Step: 2482176	Mean reward: 3.0625, 	Mean reward done: 0.8323458433151245
Step: 2490368	Mean reward: 5.25, 	Mean reward done: 1.3264926671981812
Step: 2498560	Mean reward: 4.875, 	Mean reward done: 1.3617384433746338
Step: 2506752	Mean reward: 5.75, 	Mean reward done: 1.4731717109680176
Step: 2514944	Mean reward: 4.9375, 	Mean reward done: 1.235018253326416
Step: 2523136	Mean reward: 4.6875, 	Mean reward done: 1.5026168823242188
Step: 2531328	Mean reward: 3.75, 	Mean reward done: 1.0009336471557617
Step: 2539520	Mean reward: 4.625, 	Mean reward done: 1.3349056243896484
Step: 2547712	Mean reward: 5.625, 	Mean reward done: 1.6514767408370972
Step: 2555904	Mean reward: 3.4375, 	Mean reward done: 1.0614112615585327
Step: 2564096	Mean reward: 3.9375, 	Mean reward done: 1.1262469291687012
Step: 2572288	Mean reward: 5.25, 	Mean reward done: 1.4839751720428467
Step: 2580480	Mean reward: 4.625, 	Mean reward done: 1.2381038665771484
Step: 2588672	Mean reward: 5.375, 	Mean reward done: 1.469712495803833
Step: 2596864	Mean reward: 6.0625, 	Mean reward done: 1.5294207334518433
Step: 2605056	Mean reward: 5.25, 	Mean reward done: 1.1776665449142456
Step: 2613248	Mean reward: 5.875, 	Mean reward done: 1.5924566984176636
Step: 2621440	Mean reward: 4.5, 	Mean reward done: 1.2098134756088257
Step: 2629632	Mean reward: 4.875, 	Mean reward done: 1.2166048288345337
Step: 2637824	Mean reward: 3.8125, 	Mean reward done: 1.2229686975479126
Step: 2646016	Mean reward: 3.25, 	Mean reward done: 0.9416595101356506
Step: 2654208	Mean reward: 5.6875, 	Mean reward done: 1.482457160949707
Step: 2662400	Mean reward: 4.5, 	Mean reward done: 1.4084771871566772
Step: 2670592	Mean reward: 5.125, 	Mean reward done: 1.417480230331421
Step: 2678784	Mean reward: 5.75, 	Mean reward done: 1.6714414358139038
Step: 2686976	Mean reward: 4.1875, 	Mean reward done: 1.2471950054168701
Step: 2695168	Mean reward: 4.8125, 	Mean reward done: 1.3446580171585083
Step: 2703360	Mean reward: 4.9375, 	Mean reward done: 1.3757673501968384
Step: 2711552	Mean reward: 4.75, 	Mean reward done: 1.4701688289642334
Step: 2719744	Mean reward: 4.75, 	Mean reward done: 1.4695240259170532
Step: 2727936	Mean reward: 4.9375, 	Mean reward done: 1.3219178915023804
Step: 2736128	Mean reward: 4.25, 	Mean reward done: 1.5366474390029907
Step: 2744320	Mean reward: 4.5625, 	Mean reward done: 1.3712446689605713
Step: 2752512	Mean reward: 5.5625, 	Mean reward done: 1.2702291011810303
Step: 2760704	Mean reward: 4.375, 	Mean reward done: 1.40404212474823
Step: 2768896	Mean reward: 3.375, 	Mean reward done: 1.063899278640747
Step: 2777088	Mean reward: 5.0625, 	Mean reward done: 1.4075931310653687
Step: 2785280	Mean reward: 4.5625, 	Mean reward done: 1.419791340827942
Step: 2793472	Mean reward: 4.5625, 	Mean reward done: 1.2247611284255981
Step: 2801664	Mean reward: 3.8125, 	Mean reward done: 1.069586157798767
Step: 2809856	Mean reward: 5.1875, 	Mean reward done: 1.3696274757385254
Step: 2818048	Mean reward: 5.5625, 	Mean reward done: 1.2606548070907593
Step: 2826240	Mean reward: 4.125, 	Mean reward done: 1.047670602798462
Step: 2834432	Mean reward: 3.8125, 	Mean reward done: 1.3864346742630005
Step: 2842624	Mean reward: 4.8125, 	Mean reward done: 1.311479091644287
Step: 2850816	Mean reward: 6.0, 	Mean reward done: 1.4540488719940186
Step: 2859008	Mean reward: 5.625, 	Mean reward done: 1.5259915590286255
Step: 2867200	Mean reward: 5.9375, 	Mean reward done: 1.695000171661377
Step: 2875392	Mean reward: 4.625, 	Mean reward done: 1.3457670211791992
Step: 2883584	Mean reward: 4.9375, 	Mean reward done: 1.3634545803070068
Step: 2891776	Mean reward: 3.6875, 	Mean reward done: 1.3106498718261719
Step: 2899968	Mean reward: 4.25, 	Mean reward done: 1.2223947048187256
Step: 2908160	Mean reward: 4.0, 	Mean reward done: 0.9995764493942261
Step: 2916352	Mean reward: 4.8125, 	Mean reward done: 1.3784637451171875
Step: 2924544	Mean reward: 3.875, 	Mean reward done: 0.9007158279418945
Step: 2932736	Mean reward: 3.8125, 	Mean reward done: 1.3710390329360962
Step: 2940928	Mean reward: 3.9375, 	Mean reward done: 1.1761665344238281
Step: 2949120	Mean reward: 3.0625, 	Mean reward done: 1.1332032680511475
Step: 2957312	Mean reward: 3.9375, 	Mean reward done: 1.4637181758880615
Step: 2965504	Mean reward: 3.625, 	Mean reward done: 1.1533515453338623
Step: 2973696	Mean reward: 3.1875, 	Mean reward done: 0.8566629886627197
Step: 2981888	Mean reward: 4.9375, 	Mean reward done: 1.3108596801757812
Step: 2990080	Mean reward: 5.0625, 	Mean reward done: 1.4487078189849854
Step: 2998272	Mean reward: 3.8125, 	Mean reward done: 1.1086803674697876
Step: 3006464	Mean reward: 3.875, 	Mean reward done: 0.9292418360710144
Step: 3014656	Mean reward: 3.75, 	Mean reward done: 1.1447054147720337
Step: 3022848	Mean reward: 3.8125, 	Mean reward done: 1.115108847618103
Step: 3031040	Mean reward: 3.1875, 	Mean reward done: 1.010102391242981
Step: 3039232	Mean reward: 4.5, 	Mean reward done: 1.4240386486053467
Step: 3047424	Mean reward: 4.125, 	Mean reward done: 1.0599600076675415
Step: 3055616	Mean reward: 4.5625, 	Mean reward done: 1.2429667711257935
Step: 3063808	Mean reward: 5.3125, 	Mean reward done: 1.3960542678833008
Step: 3072000	Mean reward: 4.1875, 	Mean reward done: 1.2683954238891602
Step: 3080192	Mean reward: 3.0625, 	Mean reward done: 1.007153868675232
Step: 3088384	Mean reward: 5.0, 	Mean reward done: 1.2520500421524048
Step: 3096576	Mean reward: 4.25, 	Mean reward done: 1.2770055532455444
Step: 3104768	Mean reward: 5.1875, 	Mean reward done: 1.565814733505249
Step: 3112960	Mean reward: 3.625, 	Mean reward done: 1.2854381799697876
Step: 3121152	Mean reward: 4.1875, 	Mean reward done: 1.191208839416504
Step: 3129344	Mean reward: 3.25, 	Mean reward done: 1.1706740856170654
Step: 3137536	Mean reward: 4.5625, 	Mean reward done: 1.1752749681472778
Step: 3145728	Mean reward: 4.625, 	Mean reward done: 1.1188310384750366
Step: 3153920	Mean reward: 5.875, 	Mean reward done: 1.6123720407485962
Step: 3162112	Mean reward: 4.75, 	Mean reward done: 1.4730536937713623
Step: 3170304	Mean reward: 4.5625, 	Mean reward done: 1.4417624473571777
Step: 3178496	Mean reward: 3.625, 	Mean reward done: 0.9055924415588379
Step: 3186688	Mean reward: 5.1875, 	Mean reward done: 1.3533574342727661
Step: 3194880	Mean reward: 4.0, 	Mean reward done: 1.240932583808899
Step: 3203072	Mean reward: 4.25, 	Mean reward done: 1.2518192529678345
Step: 3211264	Mean reward: 5.875, 	Mean reward done: 1.4746928215026855
Step: 3219456	Mean reward: 4.375, 	Mean reward done: 1.3559342622756958
Step: 3227648	Mean reward: 4.125, 	Mean reward done: 1.0269033908843994
Step: 3235840	Mean reward: 5.4375, 	Mean reward done: 1.4381446838378906
Step: 3244032	Mean reward: 5.8125, 	Mean reward done: 1.5919513702392578
Step: 3252224	Mean reward: 5.8125, 	Mean reward done: 1.7099204063415527
Step: 3260416	Mean reward: 5.8125, 	Mean reward done: 1.6396576166152954
Step: 3268608	Mean reward: 4.6875, 	Mean reward done: 1.4706881046295166
Step: 3276800	Mean reward: 4.375, 	Mean reward done: 1.3447542190551758
Step: 3284992	Mean reward: 4.0, 	Mean reward done: 1.1434991359710693
Step: 3293184	Mean reward: 5.625, 	Mean reward done: 1.4965115785598755
Step: 3301376	Mean reward: 5.6875, 	Mean reward done: 1.3407963514328003
Step: 3309568	Mean reward: 4.4375, 	Mean reward done: 1.363776683807373
Step: 3317760	Mean reward: 4.75, 	Mean reward done: 1.2087123394012451
Step: 3325952	Mean reward: 4.3125, 	Mean reward done: 1.2750673294067383
Step: 3334144	Mean reward: 4.9375, 	Mean reward done: 1.4747765064239502
Step: 3342336	Mean reward: 4.8125, 	Mean reward done: 1.336825966835022
Step: 3350528	Mean reward: 6.0, 	Mean reward done: 1.6774662733078003
Step: 3358720	Mean reward: 6.25, 	Mean reward done: 1.8266645669937134
Step: 3366912	Mean reward: 5.0625, 	Mean reward done: 1.5256373882293701
Step: 3375104	Mean reward: 4.125, 	Mean reward done: 1.1292015314102173
Step: 3383296	Mean reward: 4.25, 	Mean reward done: 1.291367769241333
Step: 3391488	Mean reward: 4.75, 	Mean reward done: 1.4516074657440186
Step: 3399680	Mean reward: 4.125, 	Mean reward done: 1.4622111320495605
Step: 3407872	Mean reward: 4.125, 	Mean reward done: 1.252680778503418
Step: 3416064	Mean reward: 4.125, 	Mean reward done: 1.2561590671539307
Step: 3424256	Mean reward: 3.0625, 	Mean reward done: 0.9296828508377075
Step: 3432448	Mean reward: 5.1875, 	Mean reward done: 1.3382956981658936
Step: 3440640	Mean reward: 5.0625, 	Mean reward done: 1.4627015590667725
Step: 3448832	Mean reward: 4.8125, 	Mean reward done: 1.32782781124115
Step: 3457024	Mean reward: 3.375, 	Mean reward done: 1.2957626581192017
Step: 3465216	Mean reward: 4.4375, 	Mean reward done: 1.3534533977508545
Step: 3473408	Mean reward: 4.8125, 	Mean reward done: 1.5222854614257812
Step: 3481600	Mean reward: 4.4375, 	Mean reward done: 1.6370971202850342
Step: 3489792	Mean reward: 5.375, 	Mean reward done: 1.2418015003204346
Step: 3497984	Mean reward: 5.3125, 	Mean reward done: 1.4754292964935303
Step: 3506176	Mean reward: 4.6875, 	Mean reward done: 1.5716426372528076
Step: 3514368	Mean reward: 4.3125, 	Mean reward done: 1.1802492141723633
Step: 3522560	Mean reward: 4.9375, 	Mean reward done: 1.357883334159851
Step: 3530752	Mean reward: 5.375, 	Mean reward done: 1.6190080642700195
Step: 3538944	Mean reward: 5.6875, 	Mean reward done: 1.3016871213912964
Step: 3547136	Mean reward: 6.75, 	Mean reward done: 2.082737445831299
Step: 3555328	Mean reward: 4.875, 	Mean reward done: 1.3613851070404053
Step: 3563520	Mean reward: 3.5, 	Mean reward done: 1.165385127067566
Step: 3571712	Mean reward: 6.375, 	Mean reward done: 1.6892794370651245
Step: 3579904	Mean reward: 4.0625, 	Mean reward done: 1.3852081298828125
Step: 3588096	Mean reward: 5.125, 	Mean reward done: 1.3311710357666016
Step: 3596288	Mean reward: 4.8125, 	Mean reward done: 1.6471689939498901
Step: 3604480	Mean reward: 4.9375, 	Mean reward done: 1.6337374448776245
Step: 3612672	Mean reward: 5.9375, 	Mean reward done: 1.6235723495483398
Step: 3620864	Mean reward: 5.0, 	Mean reward done: 1.643653154373169
Step: 3629056	Mean reward: 3.5, 	Mean reward done: 1.0786492824554443
Step: 3637248	Mean reward: 5.0, 	Mean reward done: 1.5169305801391602
Step: 3645440	Mean reward: 5.125, 	Mean reward done: 1.182173490524292
Step: 3653632	Mean reward: 6.0625, 	Mean reward done: 1.528327465057373
Step: 3661824	Mean reward: 4.5, 	Mean reward done: 1.4208663702011108
Step: 3670016	Mean reward: 4.5625, 	Mean reward done: 1.3382726907730103
Step: 3678208	Mean reward: 4.25, 	Mean reward done: 1.538341999053955
Step: 3686400	Mean reward: 4.5, 	Mean reward done: 1.1063718795776367
Step: 3694592	Mean reward: 4.4375, 	Mean reward done: 1.5810598134994507
Step: 3702784	Mean reward: 3.75, 	Mean reward done: 1.1815632581710815
Step: 3710976	Mean reward: 4.1875, 	Mean reward done: 1.2283272743225098
Step: 3719168	Mean reward: 4.5625, 	Mean reward done: 1.3010172843933105
Step: 3727360	Mean reward: 4.625, 	Mean reward done: 1.3062275648117065
Step: 3735552	Mean reward: 5.0625, 	Mean reward done: 1.428185224533081
Step: 3743744	Mean reward: 6.25, 	Mean reward done: 1.775980830192566
Step: 3751936	Mean reward: 5.1875, 	Mean reward done: 1.4086298942565918
Step: 3760128	Mean reward: 5.3125, 	Mean reward done: 1.3566052913665771
Step: 3768320	Mean reward: 3.4375, 	Mean reward done: 1.0721659660339355
Step: 3776512	Mean reward: 5.75, 	Mean reward done: 1.7789030075073242
Step: 3784704	Mean reward: 4.25, 	Mean reward done: 1.2589675188064575
Step: 3792896	Mean reward: 5.3125, 	Mean reward done: 1.6407139301300049
Step: 3801088	Mean reward: 3.8125, 	Mean reward done: 1.450494647026062
Step: 3809280	Mean reward: 5.625, 	Mean reward done: 1.396826148033142
Step: 3817472	Mean reward: 4.75, 	Mean reward done: 1.3147010803222656
Step: 3825664	Mean reward: 6.5, 	Mean reward done: 1.7073403596878052
Step: 3833856	Mean reward: 5.9375, 	Mean reward done: 1.6409103870391846
Step: 3842048	Mean reward: 4.1875, 	Mean reward done: 1.1154109239578247
Step: 3850240	Mean reward: 6.1875, 	Mean reward done: 1.513117790222168
Step: 3858432	Mean reward: 6.1875, 	Mean reward done: 1.5764960050582886
Step: 3866624	Mean reward: 6.5, 	Mean reward done: 1.4853744506835938
Step: 3874816	Mean reward: 6.0, 	Mean reward done: 1.78992760181427
Step: 3883008	Mean reward: 4.375, 	Mean reward done: 1.4094998836517334
Step: 3891200	Mean reward: 6.4375, 	Mean reward done: 1.8495228290557861
Step: 3899392	Mean reward: 4.75, 	Mean reward done: 1.2863225936889648
Step: 3907584	Mean reward: 5.375, 	Mean reward done: 1.6195064783096313
Step: 3915776	Mean reward: 5.5625, 	Mean reward done: 1.6383002996444702
Step: 3923968	Mean reward: 6.4375, 	Mean reward done: 1.6532692909240723
Step: 3932160	Mean reward: 5.1875, 	Mean reward done: 1.2250722646713257
Step: 3940352	Mean reward: 4.25, 	Mean reward done: 1.192567229270935
Step: 3948544	Mean reward: 4.625, 	Mean reward done: 1.3510591983795166
Step: 3956736	Mean reward: 5.6875, 	Mean reward done: 1.6790313720703125
Step: 3964928	Mean reward: 4.9375, 	Mean reward done: 1.2197744846343994
Step: 3973120	Mean reward: 5.75, 	Mean reward done: 1.6365869045257568
Step: 3981312	Mean reward: 4.8125, 	Mean reward done: 1.4597324132919312
Step: 3989504	Mean reward: 5.9375, 	Mean reward done: 1.4745105504989624
Step: 3997696	Mean reward: 5.625, 	Mean reward done: 1.5107429027557373
Step: 4005888	Mean reward: 5.0, 	Mean reward done: 1.0360851287841797
Step: 4014080	Mean reward: 4.875, 	Mean reward done: 1.5822227001190186
Step: 4022272	Mean reward: 4.375, 	Mean reward done: 1.4000043869018555
Step: 4030464	Mean reward: 4.5625, 	Mean reward done: 1.3611024618148804
Step: 4038656	Mean reward: 7.0, 	Mean reward done: 1.787760615348816
Step: 4046848	Mean reward: 5.625, 	Mean reward done: 1.4334428310394287
Step: 4055040	Mean reward: 6.8125, 	Mean reward done: 1.7222731113433838
Step: 4063232	Mean reward: 4.8125, 	Mean reward done: 1.5571568012237549
Step: 4071424	Mean reward: 5.5625, 	Mean reward done: 1.4731523990631104
Step: 4079616	Mean reward: 6.4375, 	Mean reward done: 1.6079593896865845
Step: 4087808	Mean reward: 4.3125, 	Mean reward done: 1.2887641191482544
Step: 4096000	Mean reward: 5.375, 	Mean reward done: 1.44684636592865
Step: 4104192	Mean reward: 4.125, 	Mean reward done: 1.3164678812026978
Step: 4112384	Mean reward: 3.5625, 	Mean reward done: 1.0578522682189941
Step: 4120576	Mean reward: 4.1875, 	Mean reward done: 1.316728949546814
Step: 4128768	Mean reward: 5.9375, 	Mean reward done: 1.9602432250976562
Step: 4136960	Mean reward: 4.3125, 	Mean reward done: 1.2570420503616333
Step: 4145152	Mean reward: 5.0625, 	Mean reward done: 1.5098795890808105
Step: 4153344	Mean reward: 4.6875, 	Mean reward done: 1.5163904428482056
Step: 4161536	Mean reward: 4.4375, 	Mean reward done: 1.3301910161972046
Step: 4169728	Mean reward: 4.0625, 	Mean reward done: 1.4062670469284058
Step: 4177920	Mean reward: 4.125, 	Mean reward done: 1.2142846584320068
Step: 4186112	Mean reward: 4.25, 	Mean reward done: 1.2313357591629028
Step: 4194304	Mean reward: 4.0, 	Mean reward done: 1.2741611003875732
Step: 4202496	Mean reward: 4.125, 	Mean reward done: 1.136765956878662
Step: 4210688	Mean reward: 5.4375, 	Mean reward done: 1.534769058227539
Step: 4218880	Mean reward: 4.9375, 	Mean reward done: 1.5752729177474976
Step: 4227072	Mean reward: 5.625, 	Mean reward done: 1.5684584379196167
Step: 4235264	Mean reward: 5.0625, 	Mean reward done: 1.407753825187683
Step: 4243456	Mean reward: 6.0625, 	Mean reward done: 1.6382571458816528
Step: 4251648	Mean reward: 4.375, 	Mean reward done: 1.112921118736267
Step: 4259840	Mean reward: 4.6875, 	Mean reward done: 1.2361881732940674
Step: 4268032	Mean reward: 5.4375, 	Mean reward done: 1.635694146156311
Step: 4276224	Mean reward: 5.1875, 	Mean reward done: 1.5121703147888184
Step: 4284416	Mean reward: 5.625, 	Mean reward done: 1.7474666833877563
Step: 4292608	Mean reward: 4.625, 	Mean reward done: 1.371500015258789
Step: 4300800	Mean reward: 5.8125, 	Mean reward done: 1.5267630815505981
Step: 4308992	Mean reward: 4.5625, 	Mean reward done: 1.4595891237258911
Step: 4317184	Mean reward: 6.1875, 	Mean reward done: 1.5043970346450806
Step: 4325376	Mean reward: 5.25, 	Mean reward done: 1.725475549697876
Step: 4333568	Mean reward: 6.75, 	Mean reward done: 1.5233910083770752
Step: 4341760	Mean reward: 6.25, 	Mean reward done: 1.886902928352356
Step: 4349952	Mean reward: 5.4375, 	Mean reward done: 1.5329729318618774
Step: 4358144	Mean reward: 5.875, 	Mean reward done: 1.5004481077194214
Step: 4366336	Mean reward: 7.0, 	Mean reward done: 1.5974727869033813
Step: 4374528	Mean reward: 5.8125, 	Mean reward done: 1.581149935722351
Step: 4382720	Mean reward: 5.5625, 	Mean reward done: 1.5494041442871094
Step: 4390912	Mean reward: 3.6875, 	Mean reward done: 0.8477253317832947
Step: 4399104	Mean reward: 3.8125, 	Mean reward done: 1.026298999786377
Step: 4407296	Mean reward: 5.1875, 	Mean reward done: 1.639593243598938
Step: 4415488	Mean reward: 5.125, 	Mean reward done: 1.363351583480835
Step: 4423680	Mean reward: 5.5, 	Mean reward done: 1.7513928413391113
Step: 4431872	Mean reward: 4.75, 	Mean reward done: 1.2209606170654297
Step: 4440064	Mean reward: 4.5, 	Mean reward done: 1.377560019493103
Step: 4448256	Mean reward: 5.0, 	Mean reward done: 1.4802591800689697
Step: 4456448	Mean reward: 5.8125, 	Mean reward done: 1.6262257099151611
Step: 4464640	Mean reward: 4.875, 	Mean reward done: 1.3379424810409546
Step: 4472832	Mean reward: 4.6875, 	Mean reward done: 1.4322597980499268
Step: 4481024	Mean reward: 4.6875, 	Mean reward done: 1.4912298917770386
Step: 4489216	Mean reward: 4.1875, 	Mean reward done: 1.2064874172210693
Step: 4497408	Mean reward: 4.5625, 	Mean reward done: 1.450050950050354
Step: 4505600	Mean reward: 3.8125, 	Mean reward done: 1.1163703203201294
Step: 4513792	Mean reward: 4.125, 	Mean reward done: 1.5522652864456177
Step: 4521984	Mean reward: 4.8125, 	Mean reward done: 1.0971410274505615
Step: 4530176	Mean reward: 6.25, 	Mean reward done: 1.516729712486267
Step: 4538368	Mean reward: 4.5625, 	Mean reward done: 1.1575539112091064
Step: 4546560	Mean reward: 5.875, 	Mean reward done: 1.4683811664581299
Step: 4554752	Mean reward: 4.6875, 	Mean reward done: 1.1241389513015747
Step: 4562944	Mean reward: 5.8125, 	Mean reward done: 1.494981050491333
Step: 4571136	Mean reward: 6.3125, 	Mean reward done: 1.5890682935714722
Step: 4579328	Mean reward: 5.5625, 	Mean reward done: 1.3651368618011475
Step: 4587520	Mean reward: 5.125, 	Mean reward done: 1.5610909461975098
Step: 4595712	Mean reward: 4.4375, 	Mean reward done: 1.2432794570922852
Step: 4603904	Mean reward: 4.1875, 	Mean reward done: 1.1675975322723389
Step: 4612096	Mean reward: 4.6875, 	Mean reward done: 1.1175994873046875
Step: 4620288	Mean reward: 4.0, 	Mean reward done: 1.1273304224014282
Step: 4628480	Mean reward: 7.1875, 	Mean reward done: 1.9074256420135498
Step: 4636672	Mean reward: 5.75, 	Mean reward done: 1.8027839660644531
Step: 4644864	Mean reward: 3.5625, 	Mean reward done: 1.2362310886383057
Step: 4653056	Mean reward: 3.3125, 	Mean reward done: 0.9678637385368347
Step: 4661248	Mean reward: 5.75, 	Mean reward done: 1.7810791730880737
Step: 4669440	Mean reward: 4.6875, 	Mean reward done: 1.38370943069458
Step: 4677632	Mean reward: 3.375, 	Mean reward done: 0.9455874562263489
Step: 4685824	Mean reward: 5.4375, 	Mean reward done: 1.6457698345184326
Step: 4694016	Mean reward: 5.8125, 	Mean reward done: 1.5956315994262695
Step: 4702208	Mean reward: 5.125, 	Mean reward done: 1.5733466148376465
Step: 4710400	Mean reward: 5.0625, 	Mean reward done: 1.2891943454742432
Step: 4718592	Mean reward: 5.9375, 	Mean reward done: 1.4885410070419312
Step: 4726784	Mean reward: 6.3125, 	Mean reward done: 1.8876088857650757
Step: 4734976	Mean reward: 5.1875, 	Mean reward done: 1.5003912448883057
Step: 4743168	Mean reward: 4.5, 	Mean reward done: 1.425689935684204
Step: 4751360	Mean reward: 4.9375, 	Mean reward done: 1.3422777652740479
Step: 4759552	Mean reward: 5.75, 	Mean reward done: 1.4308172464370728
Step: 4767744	Mean reward: 4.4375, 	Mean reward done: 1.4552316665649414
Step: 4775936	Mean reward: 5.8125, 	Mean reward done: 1.6274492740631104
Step: 4784128	Mean reward: 5.125, 	Mean reward done: 1.6174968481063843
Step: 4792320	Mean reward: 5.0625, 	Mean reward done: 1.380523681640625
Step: 4800512	Mean reward: 4.375, 	Mean reward done: 1.2894604206085205
Step: 4808704	Mean reward: 5.3125, 	Mean reward done: 1.6805782318115234
Step: 4816896	Mean reward: 3.875, 	Mean reward done: 1.1623156070709229
Step: 4825088	Mean reward: 4.125, 	Mean reward done: 1.2681702375411987
Step: 4833280	Mean reward: 6.4375, 	Mean reward done: 1.728056788444519
Step: 4841472	Mean reward: 5.1875, 	Mean reward done: 1.4144492149353027
Step: 4849664	Mean reward: 4.4375, 	Mean reward done: 1.2989262342453003
Step: 4857856	Mean reward: 4.3125, 	Mean reward done: 1.3237800598144531
Step: 4866048	Mean reward: 5.375, 	Mean reward done: 1.479051947593689
Step: 4874240	Mean reward: 4.3125, 	Mean reward done: 1.2526588439941406
Step: 4882432	Mean reward: 3.8125, 	Mean reward done: 1.0769251585006714
Step: 4890624	Mean reward: 5.125, 	Mean reward done: 1.4678655862808228
Step: 4898816	Mean reward: 5.875, 	Mean reward done: 1.8367279767990112
Step: 4907008	Mean reward: 6.1875, 	Mean reward done: 1.7210549116134644
Step: 4915200	Mean reward: 5.4375, 	Mean reward done: 1.4436484575271606
Step: 4923392	Mean reward: 3.625, 	Mean reward done: 1.2798627614974976
Step: 4931584	Mean reward: 3.5, 	Mean reward done: 1.0547794103622437
Step: 4939776	Mean reward: 3.875, 	Mean reward done: 1.2286038398742676
Step: 4947968	Mean reward: 5.0625, 	Mean reward done: 1.4953418970108032
Step: 4956160	Mean reward: 5.0625, 	Mean reward done: 1.8134241104125977
Step: 4964352	Mean reward: 6.125, 	Mean reward done: 1.46333909034729
Step: 4972544	Mean reward: 4.9375, 	Mean reward done: 1.5649185180664062
Step: 4980736	Mean reward: 4.6875, 	Mean reward done: 1.359311819076538
Step: 4988928	Mean reward: 4.25, 	Mean reward done: 1.6552128791809082
Step: 4997120	Mean reward: 5.5, 	Mean reward done: 1.3092743158340454
Step: 5005312	Mean reward: 4.875, 	Mean reward done: 1.7510830163955688
Step: 5013504	Mean reward: 4.375, 	Mean reward done: 1.1478872299194336
Step: 5021696	Mean reward: 4.5625, 	Mean reward done: 1.2485861778259277
Step: 5029888	Mean reward: 5.6875, 	Mean reward done: 1.5063488483428955
Step: 5038080	Mean reward: 5.0625, 	Mean reward done: 1.5169925689697266
Step: 5046272	Mean reward: 4.375, 	Mean reward done: 1.1565741300582886
Step: 5054464	Mean reward: 5.1875, 	Mean reward done: 1.5924546718597412
Step: 5062656	Mean reward: 5.8125, 	Mean reward done: 1.786152720451355
Step: 5070848	Mean reward: 4.1875, 	Mean reward done: 1.3095873594284058
Step: 5079040	Mean reward: 5.5625, 	Mean reward done: 1.4958758354187012
Step: 5087232	Mean reward: 5.875, 	Mean reward done: 1.7102181911468506
Step: 5095424	Mean reward: 6.6875, 	Mean reward done: 1.8473867177963257
Step: 5103616	Mean reward: 6.625, 	Mean reward done: 1.898999571800232
Step: 5111808	Mean reward: 5.875, 	Mean reward done: 1.3605376482009888
Step: 5120000	Mean reward: 4.9375, 	Mean reward done: 1.384330153465271
Step: 5128192	Mean reward: 6.4375, 	Mean reward done: 1.500464677810669
Step: 5136384	Mean reward: 6.0625, 	Mean reward done: 1.84412682056427
Step: 5144576	Mean reward: 4.9375, 	Mean reward done: 1.2236144542694092
Step: 5152768	Mean reward: 5.375, 	Mean reward done: 1.3173953294754028
Step: 5160960	Mean reward: 5.875, 	Mean reward done: 1.7310025691986084
Step: 5169152	Mean reward: 5.5625, 	Mean reward done: 1.5534844398498535
Step: 5177344	Mean reward: 5.125, 	Mean reward done: 1.381215214729309
Step: 5185536	Mean reward: 7.5, 	Mean reward done: 1.7821577787399292
Step: 5193728	Mean reward: 4.9375, 	Mean reward done: 1.2047258615493774
Step: 5201920	Mean reward: 4.875, 	Mean reward done: 1.353708028793335
Step: 5210112	Mean reward: 5.5, 	Mean reward done: 1.6632027626037598
Step: 5218304	Mean reward: 5.5, 	Mean reward done: 1.555239200592041
Step: 5226496	Mean reward: 4.0, 	Mean reward done: 1.1586072444915771
Step: 5234688	Mean reward: 5.1875, 	Mean reward done: 1.8241958618164062
Step: 5242880	Mean reward: 4.875, 	Mean reward done: 1.204871654510498
Step: 5251072	Mean reward: 5.75, 	Mean reward done: 1.6052932739257812
Step: 5259264	Mean reward: 5.1875, 	Mean reward done: 1.3438770771026611
Step: 5267456	Mean reward: 5.0625, 	Mean reward done: 1.4761896133422852
Step: 5275648	Mean reward: 4.375, 	Mean reward done: 1.4602187871932983
Step: 5283840	Mean reward: 4.9375, 	Mean reward done: 1.4327354431152344
Step: 5292032	Mean reward: 5.625, 	Mean reward done: 1.6566013097763062
Step: 5300224	Mean reward: 6.125, 	Mean reward done: 1.6031498908996582
Step: 5308416	Mean reward: 5.6875, 	Mean reward done: 1.5533851385116577
Step: 5316608	Mean reward: 5.0, 	Mean reward done: 1.3444801568984985
Step: 5324800	Mean reward: 5.875, 	Mean reward done: 1.639995813369751
Step: 5332992	Mean reward: 6.3125, 	Mean reward done: 1.7092387676239014
Step: 5341184	Mean reward: 6.625, 	Mean reward done: 1.7237739562988281
Step: 5349376	Mean reward: 5.3125, 	Mean reward done: 1.4496359825134277
Step: 5357568	Mean reward: 6.75, 	Mean reward done: 1.6449453830718994
Step: 5365760	Mean reward: 7.4375, 	Mean reward done: 2.220346689224243
Step: 5373952	Mean reward: 5.4375, 	Mean reward done: 1.5580013990402222
Step: 5382144	Mean reward: 4.8125, 	Mean reward done: 1.392179250717163
Step: 5390336	Mean reward: 4.4375, 	Mean reward done: 1.2693039178848267
Step: 5398528	Mean reward: 7.8125, 	Mean reward done: 2.0458686351776123
Step: 5406720	Mean reward: 6.0625, 	Mean reward done: 1.5116711854934692
Step: 5414912	Mean reward: 5.5625, 	Mean reward done: 1.570587396621704
Step: 5423104	Mean reward: 5.8125, 	Mean reward done: 1.940037488937378
Step: 5431296	Mean reward: 5.75, 	Mean reward done: 1.6889793872833252
Step: 5439488	Mean reward: 4.6875, 	Mean reward done: 1.3443279266357422
Step: 5447680	Mean reward: 6.0, 	Mean reward done: 1.543331265449524
Step: 5455872	Mean reward: 6.0625, 	Mean reward done: 1.6723226308822632
Step: 5464064	Mean reward: 4.75, 	Mean reward done: 1.3926399946212769
Step: 5472256	Mean reward: 4.5625, 	Mean reward done: 1.3714942932128906
Step: 5480448	Mean reward: 5.25, 	Mean reward done: 1.3957161903381348
Step: 5488640	Mean reward: 7.3125, 	Mean reward done: 1.8060392141342163
Step: 5496832	Mean reward: 6.5, 	Mean reward done: 1.742823839187622
Step: 5505024	Mean reward: 5.1875, 	Mean reward done: 1.1804893016815186
Step: 5513216	Mean reward: 5.75, 	Mean reward done: 1.4770060777664185
Step: 5521408	Mean reward: 5.25, 	Mean reward done: 1.4884040355682373
Step: 5529600	Mean reward: 4.875, 	Mean reward done: 1.505855917930603
Step: 5537792	Mean reward: 5.5, 	Mean reward done: 1.5251233577728271
Step: 5545984	Mean reward: 6.9375, 	Mean reward done: 1.9728230237960815
Step: 5554176	Mean reward: 5.9375, 	Mean reward done: 1.848633885383606
Step: 5562368	Mean reward: 4.5, 	Mean reward done: 1.298021674156189
Step: 5570560	Mean reward: 5.3125, 	Mean reward done: 1.489063024520874
Step: 5578752	Mean reward: 5.8125, 	Mean reward done: 1.6037204265594482
Step: 5586944	Mean reward: 4.6875, 	Mean reward done: 1.3795593976974487
Step: 5595136	Mean reward: 5.75, 	Mean reward done: 1.6316959857940674
Step: 5603328	Mean reward: 6.125, 	Mean reward done: 1.3603695631027222
Step: 5611520	Mean reward: 5.3125, 	Mean reward done: 1.4158424139022827
Step: 5619712	Mean reward: 4.875, 	Mean reward done: 1.4607629776000977
Step: 5627904	Mean reward: 5.875, 	Mean reward done: 1.6753966808319092
Step: 5636096	Mean reward: 6.9375, 	Mean reward done: 1.9223902225494385
Step: 5644288	Mean reward: 6.9375, 	Mean reward done: 1.784441351890564
Step: 5652480	Mean reward: 5.9375, 	Mean reward done: 1.5672333240509033
Step: 5660672	Mean reward: 6.0, 	Mean reward done: 1.574381709098816
Step: 5668864	Mean reward: 6.125, 	Mean reward done: 1.5228238105773926
Step: 5677056	Mean reward: 6.3125, 	Mean reward done: 1.6778831481933594
Step: 5685248	Mean reward: 8.25, 	Mean reward done: 1.942184329032898
Step: 5693440	Mean reward: 7.625, 	Mean reward done: 2.3189680576324463
Step: 5701632	Mean reward: 5.875, 	Mean reward done: 1.6236339807510376
Step: 5709824	Mean reward: 5.5625, 	Mean reward done: 1.4202501773834229
Step: 5718016	Mean reward: 4.75, 	Mean reward done: 1.573094367980957
Step: 5726208	Mean reward: 6.9375, 	Mean reward done: 1.910148024559021
Step: 5734400	Mean reward: 8.125, 	Mean reward done: 2.1675939559936523
Step: 5742592	Mean reward: 5.25, 	Mean reward done: 1.5315585136413574
Step: 5750784	Mean reward: 4.625, 	Mean reward done: 1.293196439743042
Step: 5758976	Mean reward: 4.6875, 	Mean reward done: 1.2651021480560303
Step: 5767168	Mean reward: 6.125, 	Mean reward done: 1.849164605140686
Step: 5775360	Mean reward: 8.625, 	Mean reward done: 2.2525391578674316
Step: 5783552	Mean reward: 5.75, 	Mean reward done: 1.6572540998458862
Step: 5791744	Mean reward: 5.25, 	Mean reward done: 1.2139910459518433
Step: 5799936	Mean reward: 4.625, 	Mean reward done: 1.361769437789917
Step: 5808128	Mean reward: 6.0625, 	Mean reward done: 1.5925275087356567
Step: 5816320	Mean reward: 4.3125, 	Mean reward done: 1.496800422668457
Step: 5824512	Mean reward: 6.0, 	Mean reward done: 1.318669319152832
Step: 5832704	Mean reward: 6.375, 	Mean reward done: 1.6999902725219727
Step: 5840896	Mean reward: 6.125, 	Mean reward done: 1.7509561777114868
Step: 5849088	Mean reward: 6.75, 	Mean reward done: 1.65322744846344
Step: 5857280	Mean reward: 3.9375, 	Mean reward done: 1.0638231039047241
Step: 5865472	Mean reward: 6.8125, 	Mean reward done: 1.9713847637176514
Step: 5873664	Mean reward: 5.9375, 	Mean reward done: 1.532947063446045
Step: 5881856	Mean reward: 5.8125, 	Mean reward done: 1.4520362615585327
Step: 5890048	Mean reward: 5.6875, 	Mean reward done: 1.514649748802185
Step: 5898240	Mean reward: 6.5625, 	Mean reward done: 1.7371801137924194
Step: 5906432	Mean reward: 6.0, 	Mean reward done: 1.6811654567718506
Step: 5914624	Mean reward: 5.8125, 	Mean reward done: 1.5771688222885132
Step: 5922816	Mean reward: 5.5, 	Mean reward done: 1.3404825925827026
Step: 5931008	Mean reward: 4.8125, 	Mean reward done: 1.4826445579528809
Step: 5939200	Mean reward: 4.3125, 	Mean reward done: 1.2490023374557495
Step: 5947392	Mean reward: 5.125, 	Mean reward done: 1.4032227993011475
Step: 5955584	Mean reward: 4.875, 	Mean reward done: 1.1675975322723389
Step: 5963776	Mean reward: 4.75, 	Mean reward done: 1.4501771926879883
Step: 5971968	Mean reward: 5.5625, 	Mean reward done: 1.3867450952529907
Step: 5980160	Mean reward: 4.5625, 	Mean reward done: 1.3188976049423218
Step: 5988352	Mean reward: 3.875, 	Mean reward done: 1.262371301651001
Step: 5996544	Mean reward: 6.25, 	Mean reward done: 1.5184258222579956
Step: 6004736	Mean reward: 5.25, 	Mean reward done: 1.481393814086914
Step: 6012928	Mean reward: 4.1875, 	Mean reward done: 1.1373275518417358
Step: 6021120	Mean reward: 5.8125, 	Mean reward done: 1.833290457725525
Step: 6029312	Mean reward: 7.4375, 	Mean reward done: 1.8731064796447754
Step: 6037504	Mean reward: 6.1875, 	Mean reward done: 1.3875243663787842
Step: 6045696	Mean reward: 4.9375, 	Mean reward done: 1.395460844039917
Step: 6053888	Mean reward: 7.0625, 	Mean reward done: 2.050989866256714
Step: 6062080	Mean reward: 6.0625, 	Mean reward done: 1.8943958282470703
Step: 6070272	Mean reward: 5.0625, 	Mean reward done: 1.3358616828918457
Step: 6078464	Mean reward: 6.3125, 	Mean reward done: 1.6271082162857056
Step: 6086656	Mean reward: 6.9375, 	Mean reward done: 1.5960370302200317
Step: 6094848	Mean reward: 6.4375, 	Mean reward done: 1.4571446180343628
Step: 6103040	Mean reward: 6.4375, 	Mean reward done: 1.7268645763397217
Step: 6111232	Mean reward: 5.375, 	Mean reward done: 1.340682864189148
Step: 6119424	Mean reward: 5.8125, 	Mean reward done: 1.4125051498413086
Step: 6127616	Mean reward: 4.8125, 	Mean reward done: 1.3158859014511108
Step: 6135808	Mean reward: 6.9375, 	Mean reward done: 1.9383190870285034
Step: 6144000	Mean reward: 3.375, 	Mean reward done: 0.9673965573310852
Step: 6152192	Mean reward: 4.6875, 	Mean reward done: 1.404246211051941
Step: 6160384	Mean reward: 5.375, 	Mean reward done: 1.7738524675369263
Step: 6168576	Mean reward: 6.1875, 	Mean reward done: 1.9480565786361694
Step: 6176768	Mean reward: 6.3125, 	Mean reward done: 1.6467336416244507
Step: 6184960	Mean reward: 4.5625, 	Mean reward done: 1.3312859535217285
Step: 6193152	Mean reward: 5.375, 	Mean reward done: 1.4549198150634766
Step: 6201344	Mean reward: 5.5625, 	Mean reward done: 1.708414912223816
Step: 6209536	Mean reward: 6.125, 	Mean reward done: 1.5549557209014893
Step: 6217728	Mean reward: 5.625, 	Mean reward done: 1.621823787689209
Step: 6225920	Mean reward: 5.375, 	Mean reward done: 1.3348926305770874
Step: 6234112	Mean reward: 5.875, 	Mean reward done: 1.7258120775222778
Step: 6242304	Mean reward: 6.0, 	Mean reward done: 1.549795389175415
Step: 6250496	Mean reward: 5.875, 	Mean reward done: 1.6174774169921875
Step: 6258688	Mean reward: 5.0625, 	Mean reward done: 1.5008548498153687
Step: 6266880	Mean reward: 6.3125, 	Mean reward done: 1.5551081895828247
Step: 6275072	Mean reward: 5.4375, 	Mean reward done: 1.5002080202102661
Step: 6283264	Mean reward: 5.5, 	Mean reward done: 1.5710188150405884
Step: 6291456	Mean reward: 6.5625, 	Mean reward done: 1.6293669939041138
Step: 6299648	Mean reward: 5.4375, 	Mean reward done: 1.692158818244934
Step: 6307840	Mean reward: 4.625, 	Mean reward done: 1.1105939149856567
Step: 6316032	Mean reward: 6.125, 	Mean reward done: 1.52861487865448
Step: 6324224	Mean reward: 6.6875, 	Mean reward done: 1.42512047290802
Step: 6332416	Mean reward: 5.9375, 	Mean reward done: 1.552079439163208
Step: 6340608	Mean reward: 5.875, 	Mean reward done: 1.5364471673965454
Step: 6348800	Mean reward: 6.0, 	Mean reward done: 1.653315782546997
Step: 6356992	Mean reward: 6.0, 	Mean reward done: 1.6040512323379517
Step: 6365184	Mean reward: 5.8125, 	Mean reward done: 1.7700839042663574
Step: 6373376	Mean reward: 5.25, 	Mean reward done: 1.2830801010131836
Step: 6381568	Mean reward: 5.0, 	Mean reward done: 1.241092562675476
Step: 6389760	Mean reward: 4.25, 	Mean reward done: 1.2634680271148682
Step: 6397952	Mean reward: 5.5, 	Mean reward done: 1.2438924312591553
Step: 6406144	Mean reward: 6.1875, 	Mean reward done: 1.54234778881073
Step: 6414336	Mean reward: 5.375, 	Mean reward done: 1.606889009475708
Step: 6422528	Mean reward: 4.1875, 	Mean reward done: 1.0493592023849487
Step: 6430720	Mean reward: 4.3125, 	Mean reward done: 1.1184751987457275
Step: 6438912	Mean reward: 6.125, 	Mean reward done: 1.369782567024231
Step: 6447104	Mean reward: 5.8125, 	Mean reward done: 1.3394306898117065
Step: 6455296	Mean reward: 5.25, 	Mean reward done: 1.3861747980117798
Step: 6463488	Mean reward: 6.25, 	Mean reward done: 1.778691053390503
Step: 6471680	Mean reward: 4.4375, 	Mean reward done: 1.4022122621536255
Step: 6479872	Mean reward: 3.9375, 	Mean reward done: 1.1603329181671143
Step: 6488064	Mean reward: 5.0625, 	Mean reward done: 1.3093271255493164
Step: 6496256	Mean reward: 6.6875, 	Mean reward done: 1.7397539615631104
Step: 6504448	Mean reward: 5.5625, 	Mean reward done: 1.538827896118164
Step: 6512640	Mean reward: 6.8125, 	Mean reward done: 1.8633815050125122
Step: 6520832	Mean reward: 5.25, 	Mean reward done: 1.5726943016052246
Step: 6529024	Mean reward: 6.4375, 	Mean reward done: 1.6213314533233643
Step: 6537216	Mean reward: 5.6875, 	Mean reward done: 1.59553861618042
Step: 6545408	Mean reward: 4.375, 	Mean reward done: 1.3096802234649658
Step: 6553600	Mean reward: 4.4375, 	Mean reward done: 1.2147108316421509
Step: 6561792	Mean reward: 5.0, 	Mean reward done: 1.4663639068603516
Step: 6569984	Mean reward: 6.75, 	Mean reward done: 1.6878657341003418
Step: 6578176	Mean reward: 3.75, 	Mean reward done: 1.1199986934661865
Step: 6586368	Mean reward: 5.0, 	Mean reward done: 1.1828911304473877
Step: 6594560	Mean reward: 6.6875, 	Mean reward done: 1.7008001804351807
Step: 6602752	Mean reward: 5.5625, 	Mean reward done: 1.3138351440429688
Step: 6610944	Mean reward: 5.375, 	Mean reward done: 1.49434232711792
Step: 6619136	Mean reward: 5.1875, 	Mean reward done: 1.350489854812622
Step: 6627328	Mean reward: 5.3125, 	Mean reward done: 1.5639466047286987
Step: 6635520	Mean reward: 5.4375, 	Mean reward done: 1.394516110420227
Step: 6643712	Mean reward: 4.9375, 	Mean reward done: 1.526455283164978
Step: 6651904	Mean reward: 4.9375, 	Mean reward done: 1.5945674180984497
Step: 6660096	Mean reward: 4.1875, 	Mean reward done: 1.1961363554000854
Step: 6668288	Mean reward: 4.9375, 	Mean reward done: 1.4163771867752075
Step: 6676480	Mean reward: 3.75, 	Mean reward done: 1.2923954725265503
Step: 6684672	Mean reward: 4.5, 	Mean reward done: 1.2904183864593506
Step: 6692864	Mean reward: 6.1875, 	Mean reward done: 1.6940925121307373
Step: 6701056	Mean reward: 3.5, 	Mean reward done: 1.160668969154358
Step: 6709248	Mean reward: 6.0, 	Mean reward done: 1.4271483421325684
Step: 6717440	Mean reward: 3.75, 	Mean reward done: 1.1116430759429932
Step: 6725632	Mean reward: 6.375, 	Mean reward done: 1.4824010133743286
Step: 6733824	Mean reward: 4.3125, 	Mean reward done: 1.1089986562728882
Step: 6742016	Mean reward: 4.6875, 	Mean reward done: 1.315616488456726
Step: 6750208	Mean reward: 5.1875, 	Mean reward done: 1.4360740184783936
Step: 6758400	Mean reward: 5.1875, 	Mean reward done: 1.5952438116073608
Step: 6766592	Mean reward: 4.5, 	Mean reward done: 1.2307875156402588
Step: 6774784	Mean reward: 4.9375, 	Mean reward done: 1.3340294361114502
Step: 6782976	Mean reward: 5.1875, 	Mean reward done: 1.381622076034546
Step: 6791168	Mean reward: 5.125, 	Mean reward done: 1.530688762664795
Step: 6799360	Mean reward: 6.8125, 	Mean reward done: 1.665614366531372
Step: 6807552	Mean reward: 4.5625, 	Mean reward done: 1.3725471496582031
Step: 6815744	Mean reward: 5.5, 	Mean reward done: 1.3055254220962524
Step: 6823936	Mean reward: 5.5, 	Mean reward done: 1.4567824602127075
Step: 6832128	Mean reward: 5.9375, 	Mean reward done: 1.4195252656936646
Step: 6840320	Mean reward: 5.9375, 	Mean reward done: 1.359126329421997
Step: 6848512	Mean reward: 6.1875, 	Mean reward done: 1.5821250677108765
Step: 6856704	Mean reward: 4.1875, 	Mean reward done: 1.2864930629730225
Step: 6864896	Mean reward: 4.4375, 	Mean reward done: 1.3967198133468628
Step: 6873088	Mean reward: 4.1875, 	Mean reward done: 1.0340014696121216
Step: 6881280	Mean reward: 5.5, 	Mean reward done: 1.4845235347747803
Step: 6889472	Mean reward: 5.9375, 	Mean reward done: 1.5758041143417358
Step: 6897664	Mean reward: 5.9375, 	Mean reward done: 1.5189169645309448
Step: 6905856	Mean reward: 4.8125, 	Mean reward done: 1.3893754482269287
Step: 6914048	Mean reward: 5.625, 	Mean reward done: 1.6935192346572876
Step: 6922240	Mean reward: 5.4375, 	Mean reward done: 1.6351118087768555
Step: 6930432	Mean reward: 4.125, 	Mean reward done: 1.3255661725997925
Step: 6938624	Mean reward: 4.6875, 	Mean reward done: 1.448297142982483
Step: 6946816	Mean reward: 4.125, 	Mean reward done: 0.9400091767311096
Step: 6955008	Mean reward: 6.1875, 	Mean reward done: 1.6916437149047852
Step: 6963200	Mean reward: 4.625, 	Mean reward done: 1.1234134435653687
Step: 6971392	Mean reward: 6.6875, 	Mean reward done: 1.8743889331817627
Step: 6979584	Mean reward: 4.875, 	Mean reward done: 1.3780263662338257
Step: 6987776	Mean reward: 3.9375, 	Mean reward done: 1.1245638132095337
Step: 6995968	Mean reward: 5.3125, 	Mean reward done: 1.1048482656478882
Step: 7004160	Mean reward: 6.0625, 	Mean reward done: 1.4059298038482666
Step: 7012352	Mean reward: 5.6875, 	Mean reward done: 1.449914813041687
Step: 7020544	Mean reward: 6.8125, 	Mean reward done: 1.7161988019943237
Step: 7028736	Mean reward: 5.25, 	Mean reward done: 1.3064724206924438
Step: 7036928	Mean reward: 5.6875, 	Mean reward done: 1.5130842924118042
Step: 7045120	Mean reward: 6.0625, 	Mean reward done: 1.6409128904342651
Step: 7053312	Mean reward: 5.1875, 	Mean reward done: 1.1451972723007202
Step: 7061504	Mean reward: 5.5, 	Mean reward done: 1.2471462488174438
Step: 7069696	Mean reward: 3.9375, 	Mean reward done: 1.1441679000854492
Step: 7077888	Mean reward: 5.5, 	Mean reward done: 1.802376389503479
Step: 7086080	Mean reward: 5.3125, 	Mean reward done: 1.4799957275390625
Step: 7094272	Mean reward: 4.3125, 	Mean reward done: 0.9791123270988464
Step: 7102464	Mean reward: 5.375, 	Mean reward done: 1.3524636030197144
Step: 7110656	Mean reward: 6.4375, 	Mean reward done: 1.6943397521972656
Step: 7118848	Mean reward: 6.375, 	Mean reward done: 1.6543844938278198
Step: 7127040	Mean reward: 6.0, 	Mean reward done: 1.6245325803756714
Step: 7135232	Mean reward: 4.5625, 	Mean reward done: 1.1234734058380127
Step: 7143424	Mean reward: 5.5, 	Mean reward done: 1.480568528175354
Step: 7151616	Mean reward: 5.1875, 	Mean reward done: 1.4498448371887207
Step: 7159808	Mean reward: 6.25, 	Mean reward done: 1.3368796110153198
Step: 7168000	Mean reward: 4.8125, 	Mean reward done: 1.469909906387329
Step: 7176192	Mean reward: 3.75, 	Mean reward done: 1.1958290338516235
Step: 7184384	Mean reward: 4.25, 	Mean reward done: 1.3020418882369995
Step: 7192576	Mean reward: 4.5, 	Mean reward done: 1.2679988145828247
Step: 7200768	Mean reward: 4.625, 	Mean reward done: 1.4428032636642456
Step: 7208960	Mean reward: 4.875, 	Mean reward done: 1.2998710870742798
Step: 7217152	Mean reward: 5.4375, 	Mean reward done: 1.340881586074829
Step: 7225344	Mean reward: 5.0, 	Mean reward done: 1.0588960647583008
Step: 7233536	Mean reward: 5.3125, 	Mean reward done: 1.5131714344024658
Step: 7241728	Mean reward: 4.125, 	Mean reward done: 1.4210110902786255
Step: 7249920	Mean reward: 6.125, 	Mean reward done: 1.3575080633163452
Step: 7258112	Mean reward: 4.5625, 	Mean reward done: 1.1835322380065918
Step: 7266304	Mean reward: 5.0625, 	Mean reward done: 1.5036561489105225
Step: 7274496	Mean reward: 4.75, 	Mean reward done: 1.0807472467422485
Step: 7282688	Mean reward: 3.625, 	Mean reward done: 1.404328465461731
Step: 7290880	Mean reward: 5.875, 	Mean reward done: 1.4957101345062256
Step: 7299072	Mean reward: 4.6875, 	Mean reward done: 1.231790542602539
Step: 7307264	Mean reward: 4.25, 	Mean reward done: 1.1415938138961792
Step: 7315456	Mean reward: 4.25, 	Mean reward done: 1.3615453243255615
Step: 7323648	Mean reward: 6.125, 	Mean reward done: 1.4513511657714844
Step: 7331840	Mean reward: 6.1875, 	Mean reward done: 1.7727289199829102
Step: 7340032	Mean reward: 5.1875, 	Mean reward done: 1.3921339511871338
Step: 7348224	Mean reward: 4.9375, 	Mean reward done: 1.4221612215042114
Step: 7356416	Mean reward: 4.5, 	Mean reward done: 1.3426127433776855
Step: 7364608	Mean reward: 6.125, 	Mean reward done: 1.5972446203231812
Step: 7372800	Mean reward: 4.0625, 	Mean reward done: 1.2550313472747803
Step: 7380992	Mean reward: 4.5, 	Mean reward done: 1.412539005279541
Step: 7389184	Mean reward: 5.6875, 	Mean reward done: 1.316512107849121
Step: 7397376	Mean reward: 3.5, 	Mean reward done: 1.4071898460388184
Step: 7405568	Mean reward: 4.8125, 	Mean reward done: 1.2935715913772583
Step: 7413760	Mean reward: 5.6875, 	Mean reward done: 1.5852100849151611
Step: 7421952	Mean reward: 5.125, 	Mean reward done: 1.7947102785110474
Step: 7430144	Mean reward: 4.375, 	Mean reward done: 1.202141523361206
Step: 7438336	Mean reward: 5.5, 	Mean reward done: 1.3958375453948975
Step: 7446528	Mean reward: 4.3125, 	Mean reward done: 1.2300037145614624
Step: 7454720	Mean reward: 4.6875, 	Mean reward done: 1.15047287940979
Step: 7462912	Mean reward: 5.375, 	Mean reward done: 1.8612102270126343
Step: 7471104	Mean reward: 4.75, 	Mean reward done: 1.3306266069412231
Step: 7479296	Mean reward: 5.625, 	Mean reward done: 1.4999585151672363
Step: 7487488	Mean reward: 5.4375, 	Mean reward done: 1.2272305488586426
Step: 7495680	Mean reward: 5.5625, 	Mean reward done: 1.5589163303375244
Step: 7503872	Mean reward: 5.1875, 	Mean reward done: 1.8989125490188599
Step: 7512064	Mean reward: 4.0625, 	Mean reward done: 1.1891411542892456
Step: 7520256	Mean reward: 4.125, 	Mean reward done: 1.0120314359664917
Step: 7528448	Mean reward: 4.5625, 	Mean reward done: 1.5663731098175049
Step: 7536640	Mean reward: 6.1875, 	Mean reward done: 1.627040147781372
Step: 7544832	Mean reward: 6.875, 	Mean reward done: 1.6721895933151245
Step: 7553024	Mean reward: 5.625, 	Mean reward done: 1.7171874046325684
Step: 7561216	Mean reward: 4.75, 	Mean reward done: 1.4928374290466309
Step: 7569408	Mean reward: 5.3125, 	Mean reward done: 1.3707504272460938
Step: 7577600	Mean reward: 6.375, 	Mean reward done: 1.8423265218734741
Step: 7585792	Mean reward: 4.625, 	Mean reward done: 1.297156572341919
Step: 7593984	Mean reward: 4.0625, 	Mean reward done: 1.4608855247497559
Step: 7602176	Mean reward: 4.8125, 	Mean reward done: 1.2915122509002686
Step: 7610368	Mean reward: 3.875, 	Mean reward done: 1.1016565561294556
Step: 7618560	Mean reward: 5.8125, 	Mean reward done: 1.5570975542068481
Step: 7626752	Mean reward: 5.0625, 	Mean reward done: 1.428951621055603
Step: 7634944	Mean reward: 6.25, 	Mean reward done: 1.748128056526184
Step: 7643136	Mean reward: 4.6875, 	Mean reward done: 1.2011713981628418
Step: 7651328	Mean reward: 5.0, 	Mean reward done: 1.5242186784744263
Step: 7659520	Mean reward: 7.0, 	Mean reward done: 2.371788740158081
Step: 7667712	Mean reward: 4.75, 	Mean reward done: 1.1700081825256348
Step: 7675904	Mean reward: 5.25, 	Mean reward done: 1.701591968536377
Step: 7684096	Mean reward: 6.0625, 	Mean reward done: 1.4793529510498047
Step: 7692288	Mean reward: 5.5, 	Mean reward done: 1.5291240215301514
Step: 7700480	Mean reward: 4.875, 	Mean reward done: 1.2227227687835693
Step: 7708672	Mean reward: 4.875, 	Mean reward done: 1.3888689279556274
Step: 7716864	Mean reward: 3.875, 	Mean reward done: 1.0410243272781372
Step: 7725056	Mean reward: 5.4375, 	Mean reward done: 1.3496782779693604
Step: 7733248	Mean reward: 5.5625, 	Mean reward done: 1.3768908977508545
Step: 7741440	Mean reward: 5.0625, 	Mean reward done: 1.272827386856079
Step: 7749632	Mean reward: 4.1875, 	Mean reward done: 1.202231764793396
Step: 7757824	Mean reward: 5.8125, 	Mean reward done: 1.4848047494888306
Step: 7766016	Mean reward: 5.0625, 	Mean reward done: 1.4278827905654907
Step: 7774208	Mean reward: 6.1875, 	Mean reward done: 1.7026550769805908
Step: 7782400	Mean reward: 5.8125, 	Mean reward done: 1.632765293121338
Step: 7790592	Mean reward: 6.0625, 	Mean reward done: 1.6395790576934814
Step: 7798784	Mean reward: 4.5625, 	Mean reward done: 1.2019182443618774
Step: 7806976	Mean reward: 5.375, 	Mean reward done: 1.4139212369918823
Step: 7815168	Mean reward: 4.1875, 	Mean reward done: 1.2643191814422607
Step: 7823360	Mean reward: 4.375, 	Mean reward done: 1.1981111764907837
Step: 7831552	Mean reward: 5.25, 	Mean reward done: 1.5107660293579102
Step: 7839744	Mean reward: 4.3125, 	Mean reward done: 1.1044518947601318
Step: 7847936	Mean reward: 6.625, 	Mean reward done: 1.7171026468276978
Step: 7856128	Mean reward: 5.25, 	Mean reward done: 1.2179780006408691
Step: 7864320	Mean reward: 7.25, 	Mean reward done: 1.8746278285980225
Step: 7872512	Mean reward: 5.4375, 	Mean reward done: 1.5320171117782593
Step: 7880704	Mean reward: 4.8125, 	Mean reward done: 1.389432668685913
Step: 7888896	Mean reward: 5.25, 	Mean reward done: 1.5147682428359985
Step: 7897088	Mean reward: 4.875, 	Mean reward done: 1.1678262948989868
Step: 7905280	Mean reward: 5.0, 	Mean reward done: 1.4208179712295532
Step: 7913472	Mean reward: 4.75, 	Mean reward done: 1.431545376777649
Step: 7921664	Mean reward: 3.875, 	Mean reward done: 0.8980646729469299
Step: 7929856	Mean reward: 4.5625, 	Mean reward done: 1.4077965021133423
Step: 7938048	Mean reward: 5.5, 	Mean reward done: 1.6248586177825928
Step: 7946240	Mean reward: 4.6875, 	Mean reward done: 1.5886151790618896
Step: 7954432	Mean reward: 4.125, 	Mean reward done: 1.0505369901657104
Step: 7962624	Mean reward: 4.125, 	Mean reward done: 1.1280204057693481
Step: 7970816	Mean reward: 5.3125, 	Mean reward done: 1.116524577140808
Step: 7979008	Mean reward: 5.375, 	Mean reward done: 1.3026506900787354
Step: 7987200	Mean reward: 4.875, 	Mean reward done: 1.2884528636932373
Step: 7995392	Mean reward: 5.3125, 	Mean reward done: 1.2829997539520264
Step: 8003584	Mean reward: 7.4375, 	Mean reward done: 1.836885929107666
Completed training of sd_i_na_db!

------------------------------------------------------------
Sender: LSF System <lsfadmin@n-62-20-14>
Subject: Job 8473447: <sd_i_na_db> in cluster <dcc> Done

Job <sd_i_na_db> was submitted from host <n-62-30-4> by user <s192288> in cluster <dcc> at Thu Dec  3 20:35:33 2020
Job was executed on host(s) <n-62-20-14>, in queue <gpuv100>, as user <s192288> in cluster <dcc> at Fri Dec  4 09:43:23 2020
</zhome/09/9/144141> was used as the home directory.
</zhome/09/9/144141/Desktop/Deep_l_hpc> was used as the working directory.
Started at Fri Dec  4 09:43:23 2020
Terminated at Fri Dec  4 15:06:07 2020
Results reported at Fri Dec  4 15:06:07 2020

Your job looked like:

------------------------------------------------------------
# LSBATCH: User input
#!/bin/sh

#BSUB -J sd_i_na_db

#BSUB -q gpuv100

#BSUB -gpu "num=1"

#BSUB -n 1

#BSUB -W 23:45

#BSUB -R "rusage[mem=16GB]"

#BSUB -o sd_i_na_db.out

#BSUB -e sd_i_na_db.err

# Load modules

module load python3/3.8.2
module load cuda/8.0
module load cudnn/v7.0-prod-cuda8
module load ffmpeg/4.2.2
pip3 install --user torch matplotlib procgen gym 

# 1 = model_name, 2 = encoder_index, 3 = aug_index, 4 = mix_reg, 5 = game
#the name of the run
#encoder_index 0 = Impala, 1 = Nature  
#aug_index: 0 = None, 1 = grayscale, 2 = random_cutout, 3 = color_jitter
#mixreg: 0 = False, 1 = True 
#type of game

python3 train_ppo.py sd_i_na_db 0 0 0 dodgeball 



------------------------------------------------------------

Successfully completed.

Resource usage summary:

    CPU time :                                   19253.65 sec.
    Max Memory :                                 9032 MB
    Average Memory :                             8985.94 MB
    Total Requested Memory :                     16384.00 MB
    Delta Memory :                               7352.00 MB
    Max Swap :                                   -
    Max Processes :                              4
    Max Threads :                                13
    Run time :                                   19363 sec.
    Turnaround time :                            66634 sec.

The output (if any) is above this job summary.



PS:

Read file <sd_i_na_db.err> for stderr output of this job.

