Requirement already satisfied: torch in /zhome/09/9/144141/.local/lib/python3.8/site-packages (1.7.0)
Requirement already satisfied: matplotlib in /zhome/09/9/144141/.local/lib/python3.8/site-packages (3.3.3)
Requirement already satisfied: procgen in /zhome/09/9/144141/.local/lib/python3.8/site-packages (0.10.4)
Requirement already satisfied: gym in /zhome/09/9/144141/.local/lib/python3.8/site-packages (0.17.3)
Requirement already satisfied: dataclasses in /zhome/09/9/144141/.local/lib/python3.8/site-packages (from torch) (0.6)
Requirement already satisfied: future in /zhome/09/9/144141/.local/lib/python3.8/site-packages (from torch) (0.18.2)
Requirement already satisfied: typing-extensions in /zhome/09/9/144141/.local/lib/python3.8/site-packages (from torch) (3.7.4.3)
Requirement already satisfied: numpy in /zhome/09/9/144141/.local/lib/python3.8/site-packages (from torch) (1.19.4)
Requirement already satisfied: pyparsing!=2.0.4,!=2.1.2,!=2.1.6,>=2.0.3 in /zhome/09/9/144141/.local/lib/python3.8/site-packages (from matplotlib) (2.4.7)
Requirement already satisfied: pillow>=6.2.0 in /zhome/09/9/144141/.local/lib/python3.8/site-packages (from matplotlib) (8.0.1)
Requirement already satisfied: python-dateutil>=2.1 in /zhome/09/9/144141/.local/lib/python3.8/site-packages (from matplotlib) (2.8.1)
Requirement already satisfied: kiwisolver>=1.0.1 in /zhome/09/9/144141/.local/lib/python3.8/site-packages (from matplotlib) (1.3.1)
Requirement already satisfied: cycler>=0.10 in /zhome/09/9/144141/.local/lib/python3.8/site-packages (from matplotlib) (0.10.0)
Requirement already satisfied: gym3<1.0.0,>=0.3.3 in /zhome/09/9/144141/.local/lib/python3.8/site-packages (from procgen) (0.3.3)
Requirement already satisfied: filelock<4.0.0,>=3.0.0 in /zhome/09/9/144141/.local/lib/python3.8/site-packages (from procgen) (3.0.12)
Requirement already satisfied: scipy in /zhome/09/9/144141/.local/lib/python3.8/site-packages (from gym) (1.5.4)
Requirement already satisfied: pyglet<=1.5.0,>=1.4.0 in /zhome/09/9/144141/.local/lib/python3.8/site-packages (from gym) (1.5.0)
Requirement already satisfied: cloudpickle<1.7.0,>=1.2.0 in /zhome/09/9/144141/.local/lib/python3.8/site-packages (from gym) (1.6.0)
Requirement already satisfied: six>=1.5 in /zhome/09/9/144141/.local/lib/python3.8/site-packages (from python-dateutil>=2.1->matplotlib) (1.15.0)
Requirement already satisfied: imageio-ffmpeg<0.4.0,>=0.3.0 in /zhome/09/9/144141/.local/lib/python3.8/site-packages (from gym3<1.0.0,>=0.3.3->procgen) (0.3.0)
Requirement already satisfied: imageio<3.0.0,>=2.6.0 in /zhome/09/9/144141/.local/lib/python3.8/site-packages (from gym3<1.0.0,>=0.3.3->procgen) (2.9.0)
Requirement already satisfied: cffi<2.0.0,>=1.13.0 in /zhome/09/9/144141/.local/lib/python3.8/site-packages (from gym3<1.0.0,>=0.3.3->procgen) (1.14.4)
Requirement already satisfied: moderngl<6.0.0,>=5.5.4 in /zhome/09/9/144141/.local/lib/python3.8/site-packages (from gym3<1.0.0,>=0.3.3->procgen) (5.6.2)
Requirement already satisfied: glfw<2.0.0,>=1.8.6 in /zhome/09/9/144141/.local/lib/python3.8/site-packages (from gym3<1.0.0,>=0.3.3->procgen) (1.12.0)
Requirement already satisfied: pycparser in /zhome/09/9/144141/.local/lib/python3.8/site-packages (from cffi<2.0.0,>=1.13.0->gym3<1.0.0,>=0.3.3->procgen) (2.20)
Requirement already satisfied: glcontext<3,>=2 in /zhome/09/9/144141/.local/lib/python3.8/site-packages (from moderngl<6.0.0,>=5.5.4->gym3<1.0.0,>=0.3.3->procgen) (2.2.0)
Run name sd_n_na_db
Encoder used Nature
Augumentation used none
Mixreg? False
Game dodgeball
Observation space: Box(0.0, 1.0, (3, 64, 64), float32)
Action space: 15
Embrace Nature!
Step: 8192	Mean reward: 3.1875, 	Mean reward done: 1.5912986993789673
Estimated time of completion: 4.0891537598023815 hours
Step: 16384	Mean reward: 2.25, 	Mean reward done: 0.7587411999702454
Step: 24576	Mean reward: 3.0, 	Mean reward done: 0.8759252429008484
Step: 32768	Mean reward: 2.5, 	Mean reward done: 0.7677904963493347
Step: 40960	Mean reward: 2.4375, 	Mean reward done: 0.6889448761940002
Step: 49152	Mean reward: 2.4375, 	Mean reward done: 1.0563812255859375
Step: 57344	Mean reward: 2.875, 	Mean reward done: 1.081897497177124
Step: 65536	Mean reward: 2.9375, 	Mean reward done: 0.9405250549316406
Step: 73728	Mean reward: 2.5, 	Mean reward done: 0.9861859083175659
Step: 81920	Mean reward: 3.125, 	Mean reward done: 1.0646851062774658
Step: 90112	Mean reward: 4.0, 	Mean reward done: 1.2281410694122314
Step: 98304	Mean reward: 2.9375, 	Mean reward done: 1.0632328987121582
Step: 106496	Mean reward: 3.375, 	Mean reward done: 1.2899175882339478
Step: 114688	Mean reward: 3.5, 	Mean reward done: 1.4104857444763184
Step: 122880	Mean reward: 3.5625, 	Mean reward done: 1.478719711303711
Step: 131072	Mean reward: 3.625, 	Mean reward done: 1.3007413148880005
Step: 139264	Mean reward: 4.8125, 	Mean reward done: 1.6728744506835938
Step: 147456	Mean reward: 3.0, 	Mean reward done: 0.8836807608604431
Step: 155648	Mean reward: 2.8125, 	Mean reward done: 1.022916316986084
Step: 163840	Mean reward: 3.375, 	Mean reward done: 1.0051929950714111
Step: 172032	Mean reward: 3.4375, 	Mean reward done: 0.9767543077468872
Step: 180224	Mean reward: 4.125, 	Mean reward done: 1.181845784187317
Step: 188416	Mean reward: 3.5625, 	Mean reward done: 1.0935721397399902
Step: 196608	Mean reward: 3.125, 	Mean reward done: 1.1775953769683838
Step: 204800	Mean reward: 3.9375, 	Mean reward done: 1.465622901916504
Step: 212992	Mean reward: 2.9375, 	Mean reward done: 0.7997321486473083
Step: 221184	Mean reward: 3.0, 	Mean reward done: 0.7832207679748535
Step: 229376	Mean reward: 3.4375, 	Mean reward done: 1.2290951013565063
Step: 237568	Mean reward: 3.125, 	Mean reward done: 1.014810562133789
Step: 245760	Mean reward: 3.4375, 	Mean reward done: 1.057559609413147
Step: 253952	Mean reward: 3.9375, 	Mean reward done: 1.1575404405593872
Step: 262144	Mean reward: 4.8125, 	Mean reward done: 1.3153762817382812
Step: 270336	Mean reward: 5.125, 	Mean reward done: 1.6084398031234741
Step: 278528	Mean reward: 3.375, 	Mean reward done: 1.0172252655029297
Step: 286720	Mean reward: 3.6875, 	Mean reward done: 1.1228759288787842
Step: 294912	Mean reward: 4.3125, 	Mean reward done: 1.3187000751495361
Step: 303104	Mean reward: 3.1875, 	Mean reward done: 0.9821001887321472
Step: 311296	Mean reward: 3.0625, 	Mean reward done: 0.9652454257011414
Step: 319488	Mean reward: 3.125, 	Mean reward done: 0.7841361165046692
Step: 327680	Mean reward: 3.0625, 	Mean reward done: 1.0579465627670288
Step: 335872	Mean reward: 3.4375, 	Mean reward done: 1.0718984603881836
Step: 344064	Mean reward: 3.375, 	Mean reward done: 1.0466755628585815
Step: 352256	Mean reward: 3.625, 	Mean reward done: 1.2561882734298706
Step: 360448	Mean reward: 3.0, 	Mean reward done: 0.8772358894348145
Step: 368640	Mean reward: 4.125, 	Mean reward done: 1.3502260446548462
Step: 376832	Mean reward: 3.75, 	Mean reward done: 1.1831550598144531
Step: 385024	Mean reward: 3.5, 	Mean reward done: 1.0768744945526123
Step: 393216	Mean reward: 3.0, 	Mean reward done: 1.0364068746566772
Step: 401408	Mean reward: 3.75, 	Mean reward done: 0.8516085743904114
Step: 409600	Mean reward: 3.1875, 	Mean reward done: 1.2264256477355957
Step: 417792	Mean reward: 3.125, 	Mean reward done: 0.9268198013305664
Step: 425984	Mean reward: 2.875, 	Mean reward done: 0.9706266522407532
Step: 434176	Mean reward: 3.375, 	Mean reward done: 1.1395645141601562
Step: 442368	Mean reward: 2.875, 	Mean reward done: 0.9162119626998901
Step: 450560	Mean reward: 3.125, 	Mean reward done: 1.3237723112106323
Step: 458752	Mean reward: 3.0625, 	Mean reward done: 0.971673846244812
Step: 466944	Mean reward: 3.6875, 	Mean reward done: 1.1521618366241455
Step: 475136	Mean reward: 3.8125, 	Mean reward done: 1.2330046892166138
Step: 483328	Mean reward: 3.0625, 	Mean reward done: 1.29417085647583
Step: 491520	Mean reward: 4.5625, 	Mean reward done: 1.5964534282684326
Step: 499712	Mean reward: 3.75, 	Mean reward done: 1.1823838949203491
Step: 507904	Mean reward: 3.9375, 	Mean reward done: 1.572304129600525
Step: 516096	Mean reward: 3.5625, 	Mean reward done: 1.2997431755065918
Step: 524288	Mean reward: 3.9375, 	Mean reward done: 1.1327590942382812
Step: 532480	Mean reward: 2.9375, 	Mean reward done: 0.8260354399681091
Step: 540672	Mean reward: 4.3125, 	Mean reward done: 1.6922460794448853
Step: 548864	Mean reward: 3.8125, 	Mean reward done: 1.3081316947937012
Step: 557056	Mean reward: 3.25, 	Mean reward done: 0.8340568542480469
Step: 565248	Mean reward: 4.5625, 	Mean reward done: 1.2154701948165894
Step: 573440	Mean reward: 4.375, 	Mean reward done: 1.4173895120620728
Step: 581632	Mean reward: 4.0625, 	Mean reward done: 1.0753536224365234
Step: 589824	Mean reward: 3.1875, 	Mean reward done: 0.8121830224990845
Step: 598016	Mean reward: 4.0, 	Mean reward done: 1.2091064453125
Step: 606208	Mean reward: 3.625, 	Mean reward done: 1.3127827644348145
Step: 614400	Mean reward: 3.1875, 	Mean reward done: 0.8722330331802368
Step: 622592	Mean reward: 3.125, 	Mean reward done: 1.1154675483703613
Step: 630784	Mean reward: 4.6875, 	Mean reward done: 1.2588331699371338
Step: 638976	Mean reward: 3.8125, 	Mean reward done: 1.0356810092926025
Step: 647168	Mean reward: 4.375, 	Mean reward done: 1.2402929067611694
Step: 655360	Mean reward: 3.625, 	Mean reward done: 0.8488048911094666
Step: 663552	Mean reward: 3.875, 	Mean reward done: 1.2099584341049194
Step: 671744	Mean reward: 4.5625, 	Mean reward done: 1.4189627170562744
Step: 679936	Mean reward: 4.125, 	Mean reward done: 1.3948124647140503
Step: 688128	Mean reward: 3.5625, 	Mean reward done: 1.117218255996704
Step: 696320	Mean reward: 4.875, 	Mean reward done: 1.6170985698699951
Step: 704512	Mean reward: 3.0, 	Mean reward done: 1.1919667720794678
Step: 712704	Mean reward: 3.5, 	Mean reward done: 0.9492859840393066
Step: 720896	Mean reward: 4.125, 	Mean reward done: 1.099156379699707
Step: 729088	Mean reward: 3.9375, 	Mean reward done: 1.254367709159851
Step: 737280	Mean reward: 4.375, 	Mean reward done: 1.4766960144042969
Step: 745472	Mean reward: 4.5, 	Mean reward done: 1.425484538078308
Step: 753664	Mean reward: 4.3125, 	Mean reward done: 1.395586609840393
Step: 761856	Mean reward: 3.75, 	Mean reward done: 0.9770241975784302
Step: 770048	Mean reward: 3.1875, 	Mean reward done: 1.2073075771331787
Step: 778240	Mean reward: 3.875, 	Mean reward done: 0.9910430908203125
Step: 786432	Mean reward: 3.0, 	Mean reward done: 0.7620584964752197
Step: 794624	Mean reward: 3.125, 	Mean reward done: 0.9531071186065674
Step: 802816	Mean reward: 3.9375, 	Mean reward done: 1.0359824895858765
Step: 811008	Mean reward: 3.625, 	Mean reward done: 1.0142756700515747
Step: 819200	Mean reward: 4.8125, 	Mean reward done: 1.4613038301467896
Step: 827392	Mean reward: 3.3125, 	Mean reward done: 0.9669640064239502
Step: 835584	Mean reward: 5.1875, 	Mean reward done: 1.320116639137268
Step: 843776	Mean reward: 4.1875, 	Mean reward done: 1.292891502380371
Step: 851968	Mean reward: 3.875, 	Mean reward done: 1.121252179145813
Step: 860160	Mean reward: 4.6875, 	Mean reward done: 1.3140591382980347
Step: 868352	Mean reward: 4.3125, 	Mean reward done: 1.145166277885437
Step: 876544	Mean reward: 3.9375, 	Mean reward done: 1.2989163398742676
Step: 884736	Mean reward: 3.6875, 	Mean reward done: 1.0126575231552124
Step: 892928	Mean reward: 3.875, 	Mean reward done: 0.9716582894325256
Step: 901120	Mean reward: 2.9375, 	Mean reward done: 0.9550718069076538
Step: 909312	Mean reward: 4.625, 	Mean reward done: 1.4722031354904175
Step: 917504	Mean reward: 4.0625, 	Mean reward done: 1.4751546382904053
Step: 925696	Mean reward: 4.75, 	Mean reward done: 1.5296485424041748
Step: 933888	Mean reward: 3.0, 	Mean reward done: 0.8734750151634216
Step: 942080	Mean reward: 4.4375, 	Mean reward done: 1.37752366065979
Step: 950272	Mean reward: 5.375, 	Mean reward done: 1.516492486000061
Step: 958464	Mean reward: 4.875, 	Mean reward done: 1.2107161283493042
Step: 966656	Mean reward: 3.625, 	Mean reward done: 1.0820133686065674
Step: 974848	Mean reward: 4.3125, 	Mean reward done: 1.2206897735595703
Step: 983040	Mean reward: 4.125, 	Mean reward done: 1.273851990699768
Step: 991232	Mean reward: 3.25, 	Mean reward done: 0.9371479749679565
Step: 999424	Mean reward: 3.25, 	Mean reward done: 1.1403909921646118
Step: 1007616	Mean reward: 4.25, 	Mean reward done: 1.3030961751937866
Step: 1015808	Mean reward: 4.8125, 	Mean reward done: 1.2996282577514648
Step: 1024000	Mean reward: 3.4375, 	Mean reward done: 1.0270615816116333
Step: 1032192	Mean reward: 2.9375, 	Mean reward done: 0.6368849277496338
Step: 1040384	Mean reward: 4.1875, 	Mean reward done: 1.4293746948242188
Step: 1048576	Mean reward: 3.8125, 	Mean reward done: 1.1418966054916382
Step: 1056768	Mean reward: 4.3125, 	Mean reward done: 1.606934905052185
Step: 1064960	Mean reward: 3.75, 	Mean reward done: 1.1734815835952759
Step: 1073152	Mean reward: 4.1875, 	Mean reward done: 1.4819828271865845
Step: 1081344	Mean reward: 3.875, 	Mean reward done: 1.1557508707046509
Step: 1089536	Mean reward: 4.3125, 	Mean reward done: 1.3818920850753784
Step: 1097728	Mean reward: 3.9375, 	Mean reward done: 1.0544757843017578
Step: 1105920	Mean reward: 4.625, 	Mean reward done: 1.551194667816162
Step: 1114112	Mean reward: 4.5625, 	Mean reward done: 0.9544931650161743
Step: 1122304	Mean reward: 2.875, 	Mean reward done: 0.6645203232765198
Step: 1130496	Mean reward: 4.6875, 	Mean reward done: 1.4746854305267334
Step: 1138688	Mean reward: 5.3125, 	Mean reward done: 1.320512056350708
Step: 1146880	Mean reward: 4.125, 	Mean reward done: 1.432451844215393
Step: 1155072	Mean reward: 4.375, 	Mean reward done: 1.1275607347488403
Step: 1163264	Mean reward: 4.4375, 	Mean reward done: 1.2717502117156982
Step: 1171456	Mean reward: 4.6875, 	Mean reward done: 1.2762044668197632
Step: 1179648	Mean reward: 4.1875, 	Mean reward done: 1.2029645442962646
Step: 1187840	Mean reward: 4.4375, 	Mean reward done: 1.4176406860351562
Step: 1196032	Mean reward: 4.4375, 	Mean reward done: 1.1662477254867554
Step: 1204224	Mean reward: 5.375, 	Mean reward done: 1.5738160610198975
Step: 1212416	Mean reward: 5.0, 	Mean reward done: 1.3981853723526
Step: 1220608	Mean reward: 4.75, 	Mean reward done: 1.4297516345977783
Step: 1228800	Mean reward: 3.875, 	Mean reward done: 1.0796006917953491
Step: 1236992	Mean reward: 4.625, 	Mean reward done: 1.265869379043579
Step: 1245184	Mean reward: 5.3125, 	Mean reward done: 1.5594269037246704
Step: 1253376	Mean reward: 5.0625, 	Mean reward done: 1.3801511526107788
Step: 1261568	Mean reward: 4.0625, 	Mean reward done: 1.3176829814910889
Step: 1269760	Mean reward: 4.5, 	Mean reward done: 1.0290429592132568
Step: 1277952	Mean reward: 5.75, 	Mean reward done: 1.6156997680664062
Step: 1286144	Mean reward: 5.1875, 	Mean reward done: 1.4691542387008667
Step: 1294336	Mean reward: 3.75, 	Mean reward done: 0.9831914901733398
Step: 1302528	Mean reward: 4.9375, 	Mean reward done: 1.3428453207015991
Step: 1310720	Mean reward: 3.75, 	Mean reward done: 1.082177996635437
Step: 1318912	Mean reward: 5.1875, 	Mean reward done: 1.2553523778915405
Step: 1327104	Mean reward: 4.4375, 	Mean reward done: 1.1315357685089111
Step: 1335296	Mean reward: 3.875, 	Mean reward done: 0.8902112245559692
Step: 1343488	Mean reward: 4.8125, 	Mean reward done: 1.4437330961227417
Step: 1351680	Mean reward: 4.75, 	Mean reward done: 1.2985018491744995
Step: 1359872	Mean reward: 5.25, 	Mean reward done: 1.7225202322006226
Step: 1368064	Mean reward: 3.875, 	Mean reward done: 1.1281895637512207
Step: 1376256	Mean reward: 4.8125, 	Mean reward done: 1.480242133140564
Step: 1384448	Mean reward: 4.4375, 	Mean reward done: 1.340701937675476
Step: 1392640	Mean reward: 4.8125, 	Mean reward done: 1.3129093647003174
Step: 1400832	Mean reward: 3.375, 	Mean reward done: 1.0455394983291626
Step: 1409024	Mean reward: 4.125, 	Mean reward done: 1.1715151071548462
Step: 1417216	Mean reward: 4.3125, 	Mean reward done: 1.0696855783462524
Step: 1425408	Mean reward: 5.875, 	Mean reward done: 1.4318455457687378
Step: 1433600	Mean reward: 5.25, 	Mean reward done: 1.2752970457077026
Step: 1441792	Mean reward: 4.9375, 	Mean reward done: 1.4245758056640625
Step: 1449984	Mean reward: 3.9375, 	Mean reward done: 0.9418835639953613
Step: 1458176	Mean reward: 3.4375, 	Mean reward done: 0.8651822805404663
Step: 1466368	Mean reward: 3.6875, 	Mean reward done: 0.9699735045433044
Step: 1474560	Mean reward: 5.3125, 	Mean reward done: 1.223055124282837
Step: 1482752	Mean reward: 5.6875, 	Mean reward done: 1.4978829622268677
Step: 1490944	Mean reward: 6.5, 	Mean reward done: 1.7356717586517334
Step: 1499136	Mean reward: 5.125, 	Mean reward done: 1.41303288936615
Step: 1507328	Mean reward: 4.375, 	Mean reward done: 1.0068690776824951
Step: 1515520	Mean reward: 4.8125, 	Mean reward done: 1.5625272989273071
Step: 1523712	Mean reward: 5.125, 	Mean reward done: 1.4561582803726196
Step: 1531904	Mean reward: 4.3125, 	Mean reward done: 1.3410334587097168
Step: 1540096	Mean reward: 4.6875, 	Mean reward done: 1.4022740125656128
Step: 1548288	Mean reward: 4.125, 	Mean reward done: 1.0097665786743164
Step: 1556480	Mean reward: 4.1875, 	Mean reward done: 1.1197261810302734
Step: 1564672	Mean reward: 5.4375, 	Mean reward done: 1.5890073776245117
Step: 1572864	Mean reward: 4.125, 	Mean reward done: 1.014585256576538
Step: 1581056	Mean reward: 4.375, 	Mean reward done: 1.2274541854858398
Step: 1589248	Mean reward: 4.6875, 	Mean reward done: 1.006658911705017
Step: 1597440	Mean reward: 5.125, 	Mean reward done: 1.6685209274291992
Step: 1605632	Mean reward: 3.8125, 	Mean reward done: 1.0444591045379639
Step: 1613824	Mean reward: 4.5625, 	Mean reward done: 1.1964255571365356
Step: 1622016	Mean reward: 4.0, 	Mean reward done: 1.2337591648101807
Step: 1630208	Mean reward: 3.5625, 	Mean reward done: 1.2353399991989136
Step: 1638400	Mean reward: 3.8125, 	Mean reward done: 1.2009769678115845
Step: 1646592	Mean reward: 5.1875, 	Mean reward done: 1.5605484247207642
Step: 1654784	Mean reward: 4.5625, 	Mean reward done: 1.306570053100586
Step: 1662976	Mean reward: 4.3125, 	Mean reward done: 1.4876525402069092
Step: 1671168	Mean reward: 5.0625, 	Mean reward done: 1.4690366983413696
Step: 1679360	Mean reward: 5.0, 	Mean reward done: 1.3101481199264526
Step: 1687552	Mean reward: 4.375, 	Mean reward done: 1.3170394897460938
Step: 1695744	Mean reward: 5.375, 	Mean reward done: 1.4581811428070068
Step: 1703936	Mean reward: 4.4375, 	Mean reward done: 1.0046802759170532
Step: 1712128	Mean reward: 4.0625, 	Mean reward done: 1.1490767002105713
Step: 1720320	Mean reward: 5.875, 	Mean reward done: 1.5378131866455078
Step: 1728512	Mean reward: 3.5625, 	Mean reward done: 1.1776543855667114
Step: 1736704	Mean reward: 5.0625, 	Mean reward done: 1.3632702827453613
Step: 1744896	Mean reward: 3.75, 	Mean reward done: 1.1816048622131348
Step: 1753088	Mean reward: 3.4375, 	Mean reward done: 0.8972650766372681
Step: 1761280	Mean reward: 4.4375, 	Mean reward done: 1.1311876773834229
Step: 1769472	Mean reward: 5.25, 	Mean reward done: 1.4036829471588135
Step: 1777664	Mean reward: 4.0, 	Mean reward done: 1.4810338020324707
Step: 1785856	Mean reward: 4.6875, 	Mean reward done: 1.3282065391540527
Step: 1794048	Mean reward: 3.9375, 	Mean reward done: 1.0888371467590332
Step: 1802240	Mean reward: 4.625, 	Mean reward done: 1.1112277507781982
Step: 1810432	Mean reward: 4.3125, 	Mean reward done: 1.209826946258545
Step: 1818624	Mean reward: 3.8125, 	Mean reward done: 0.991575300693512
Step: 1826816	Mean reward: 5.125, 	Mean reward done: 1.2197061777114868
Step: 1835008	Mean reward: 5.3125, 	Mean reward done: 1.3110015392303467
Step: 1843200	Mean reward: 4.25, 	Mean reward done: 1.127699851989746
Step: 1851392	Mean reward: 4.8125, 	Mean reward done: 1.5382871627807617
Step: 1859584	Mean reward: 3.6875, 	Mean reward done: 0.9062429070472717
Step: 1867776	Mean reward: 4.375, 	Mean reward done: 1.2430777549743652
Step: 1875968	Mean reward: 3.875, 	Mean reward done: 1.2289605140686035
Step: 1884160	Mean reward: 4.1875, 	Mean reward done: 1.0856914520263672
Step: 1892352	Mean reward: 4.0, 	Mean reward done: 1.1398520469665527
Step: 1900544	Mean reward: 3.125, 	Mean reward done: 1.0296684503555298
Step: 1908736	Mean reward: 4.625, 	Mean reward done: 1.3288110494613647
Step: 1916928	Mean reward: 4.4375, 	Mean reward done: 1.0688694715499878
Step: 1925120	Mean reward: 6.0625, 	Mean reward done: 1.3729100227355957
Step: 1933312	Mean reward: 3.4375, 	Mean reward done: 1.1845149993896484
Step: 1941504	Mean reward: 3.4375, 	Mean reward done: 1.0752286911010742
Step: 1949696	Mean reward: 3.3125, 	Mean reward done: 0.9549028873443604
Step: 1957888	Mean reward: 5.25, 	Mean reward done: 1.502813458442688
Step: 1966080	Mean reward: 5.625, 	Mean reward done: 1.4369679689407349
Step: 1974272	Mean reward: 4.0, 	Mean reward done: 1.093400478363037
Step: 1982464	Mean reward: 5.5, 	Mean reward done: 1.3231966495513916
Step: 1990656	Mean reward: 4.4375, 	Mean reward done: 1.2780288457870483
Step: 1998848	Mean reward: 4.875, 	Mean reward done: 1.6832354068756104
Step: 2007040	Mean reward: 2.625, 	Mean reward done: 0.6908485293388367
Step: 2015232	Mean reward: 3.9375, 	Mean reward done: 1.0465821027755737
Step: 2023424	Mean reward: 4.3125, 	Mean reward done: 1.2416675090789795
Step: 2031616	Mean reward: 5.5625, 	Mean reward done: 1.62863028049469
Step: 2039808	Mean reward: 3.9375, 	Mean reward done: 1.2117995023727417
Step: 2048000	Mean reward: 4.3125, 	Mean reward done: 1.3154147863388062
Step: 2056192	Mean reward: 4.0625, 	Mean reward done: 1.3509584665298462
Step: 2064384	Mean reward: 4.5, 	Mean reward done: 1.4043618440628052
Step: 2072576	Mean reward: 4.8125, 	Mean reward done: 1.2091660499572754
Step: 2080768	Mean reward: 5.1875, 	Mean reward done: 1.570124864578247
Step: 2088960	Mean reward: 4.0625, 	Mean reward done: 1.4342999458312988
Step: 2097152	Mean reward: 5.0, 	Mean reward done: 1.416831135749817
Step: 2105344	Mean reward: 4.8125, 	Mean reward done: 1.3490742444992065
Step: 2113536	Mean reward: 4.9375, 	Mean reward done: 1.4785878658294678
Step: 2121728	Mean reward: 5.75, 	Mean reward done: 1.58114755153656
Step: 2129920	Mean reward: 4.875, 	Mean reward done: 1.0691633224487305
Step: 2138112	Mean reward: 3.6875, 	Mean reward done: 1.2019131183624268
Step: 2146304	Mean reward: 4.125, 	Mean reward done: 1.2206581830978394
Step: 2154496	Mean reward: 5.875, 	Mean reward done: 1.3481299877166748
Step: 2162688	Mean reward: 5.625, 	Mean reward done: 1.480605959892273
Step: 2170880	Mean reward: 4.75, 	Mean reward done: 1.3686800003051758
Step: 2179072	Mean reward: 4.3125, 	Mean reward done: 1.5603032112121582
Step: 2187264	Mean reward: 4.25, 	Mean reward done: 1.4851142168045044
Step: 2195456	Mean reward: 4.9375, 	Mean reward done: 1.5094722509384155
Step: 2203648	Mean reward: 4.3125, 	Mean reward done: 0.9565055966377258
Step: 2211840	Mean reward: 6.3125, 	Mean reward done: 1.5902235507965088
Step: 2220032	Mean reward: 3.5625, 	Mean reward done: 1.0139776468276978
Step: 2228224	Mean reward: 3.8125, 	Mean reward done: 1.0592341423034668
Step: 2236416	Mean reward: 5.125, 	Mean reward done: 1.6474882364273071
Step: 2244608	Mean reward: 4.375, 	Mean reward done: 1.1706360578536987
Step: 2252800	Mean reward: 5.3125, 	Mean reward done: 1.2707195281982422
Step: 2260992	Mean reward: 3.3125, 	Mean reward done: 0.9118102192878723
Step: 2269184	Mean reward: 5.375, 	Mean reward done: 1.4453407526016235
Step: 2277376	Mean reward: 5.1875, 	Mean reward done: 1.5291833877563477
Step: 2285568	Mean reward: 4.6875, 	Mean reward done: 1.6207056045532227
Step: 2293760	Mean reward: 5.0625, 	Mean reward done: 1.5043493509292603
Step: 2301952	Mean reward: 3.9375, 	Mean reward done: 1.4293248653411865
Step: 2310144	Mean reward: 3.625, 	Mean reward done: 0.8274034261703491
Step: 2318336	Mean reward: 4.625, 	Mean reward done: 1.5255062580108643
Step: 2326528	Mean reward: 5.75, 	Mean reward done: 1.5995705127716064
Step: 2334720	Mean reward: 5.75, 	Mean reward done: 1.6210970878601074
Step: 2342912	Mean reward: 5.1875, 	Mean reward done: 1.3963651657104492
Step: 2351104	Mean reward: 5.625, 	Mean reward done: 1.4095269441604614
Step: 2359296	Mean reward: 5.8125, 	Mean reward done: 1.6896443367004395
Step: 2367488	Mean reward: 5.125, 	Mean reward done: 1.657169222831726
Step: 2375680	Mean reward: 4.875, 	Mean reward done: 1.6491553783416748
Step: 2383872	Mean reward: 4.875, 	Mean reward done: 1.5267887115478516
Step: 2392064	Mean reward: 5.625, 	Mean reward done: 1.5530191659927368
Step: 2400256	Mean reward: 5.875, 	Mean reward done: 1.4653759002685547
Step: 2408448	Mean reward: 4.6875, 	Mean reward done: 1.3242528438568115
Step: 2416640	Mean reward: 5.3125, 	Mean reward done: 1.205556035041809
Step: 2424832	Mean reward: 3.9375, 	Mean reward done: 1.2221020460128784
Step: 2433024	Mean reward: 6.3125, 	Mean reward done: 1.7939304113388062
Step: 2441216	Mean reward: 5.6875, 	Mean reward done: 1.2979004383087158
Step: 2449408	Mean reward: 4.625, 	Mean reward done: 1.3214871883392334
Step: 2457600	Mean reward: 5.5625, 	Mean reward done: 1.3461719751358032
Step: 2465792	Mean reward: 5.875, 	Mean reward done: 1.578847885131836
Step: 2473984	Mean reward: 4.25, 	Mean reward done: 1.1610136032104492
Step: 2482176	Mean reward: 7.375, 	Mean reward done: 1.5813740491867065
Step: 2490368	Mean reward: 6.0, 	Mean reward done: 1.5800187587738037
Step: 2498560	Mean reward: 3.6875, 	Mean reward done: 1.030050277709961
Step: 2506752	Mean reward: 3.75, 	Mean reward done: 1.1723289489746094
Step: 2514944	Mean reward: 5.0, 	Mean reward done: 1.2833396196365356
Step: 2523136	Mean reward: 4.6875, 	Mean reward done: 1.37289559841156
Step: 2531328	Mean reward: 5.9375, 	Mean reward done: 1.3178740739822388
Step: 2539520	Mean reward: 4.625, 	Mean reward done: 1.1011559963226318
Step: 2547712	Mean reward: 5.75, 	Mean reward done: 1.7981796264648438
Step: 2555904	Mean reward: 5.875, 	Mean reward done: 1.739375352859497
Step: 2564096	Mean reward: 4.6875, 	Mean reward done: 1.3275123834609985
Step: 2572288	Mean reward: 7.75, 	Mean reward done: 1.9493485689163208
Step: 2580480	Mean reward: 5.5, 	Mean reward done: 1.3219473361968994
Step: 2588672	Mean reward: 6.0, 	Mean reward done: 1.64177668094635
Step: 2596864	Mean reward: 5.8125, 	Mean reward done: 1.6438287496566772
Step: 2605056	Mean reward: 5.875, 	Mean reward done: 1.5227782726287842
Step: 2613248	Mean reward: 5.75, 	Mean reward done: 1.590965986251831
Step: 2621440	Mean reward: 4.0, 	Mean reward done: 0.9714016318321228
Step: 2629632	Mean reward: 4.1875, 	Mean reward done: 1.4539098739624023
Step: 2637824	Mean reward: 3.9375, 	Mean reward done: 1.0777418613433838
Step: 2646016	Mean reward: 3.6875, 	Mean reward done: 1.2668178081512451
Step: 2654208	Mean reward: 4.875, 	Mean reward done: 1.4621330499649048
Step: 2662400	Mean reward: 4.8125, 	Mean reward done: 1.1481714248657227
Step: 2670592	Mean reward: 4.6875, 	Mean reward done: 1.0795007944107056
Step: 2678784	Mean reward: 5.0625, 	Mean reward done: 1.4635735750198364
Step: 2686976	Mean reward: 5.1875, 	Mean reward done: 1.3343452215194702
Step: 2695168	Mean reward: 5.0, 	Mean reward done: 1.310396432876587
Step: 2703360	Mean reward: 6.25, 	Mean reward done: 1.6710028648376465
Step: 2711552	Mean reward: 5.125, 	Mean reward done: 1.3780215978622437
Step: 2719744	Mean reward: 4.8125, 	Mean reward done: 1.0959798097610474
Step: 2727936	Mean reward: 4.125, 	Mean reward done: 1.1398615837097168
Step: 2736128	Mean reward: 4.25, 	Mean reward done: 0.9532347917556763
Step: 2744320	Mean reward: 5.625, 	Mean reward done: 1.3326613903045654
Step: 2752512	Mean reward: 6.625, 	Mean reward done: 1.6331340074539185
Step: 2760704	Mean reward: 4.0, 	Mean reward done: 0.9290967583656311
Step: 2768896	Mean reward: 4.9375, 	Mean reward done: 1.215907096862793
Step: 2777088	Mean reward: 4.5625, 	Mean reward done: 0.9923009276390076
Step: 2785280	Mean reward: 5.1875, 	Mean reward done: 1.5463743209838867
Step: 2793472	Mean reward: 4.5, 	Mean reward done: 1.542366862297058
Step: 2801664	Mean reward: 4.3125, 	Mean reward done: 1.1568015813827515
Step: 2809856	Mean reward: 3.5, 	Mean reward done: 1.359788417816162
Step: 2818048	Mean reward: 6.125, 	Mean reward done: 1.4446035623550415
Step: 2826240	Mean reward: 4.125, 	Mean reward done: 1.4433434009552002
Step: 2834432	Mean reward: 5.0, 	Mean reward done: 1.4589914083480835
Step: 2842624	Mean reward: 5.1875, 	Mean reward done: 1.3914389610290527
Step: 2850816	Mean reward: 6.125, 	Mean reward done: 1.360069751739502
Step: 2859008	Mean reward: 5.875, 	Mean reward done: 1.47560453414917
Step: 2867200	Mean reward: 4.25, 	Mean reward done: 1.3754684925079346
Step: 2875392	Mean reward: 5.6875, 	Mean reward done: 1.4648902416229248
Step: 2883584	Mean reward: 4.5, 	Mean reward done: 1.4101002216339111
Step: 2891776	Mean reward: 5.0625, 	Mean reward done: 1.5541130304336548
Step: 2899968	Mean reward: 3.9375, 	Mean reward done: 1.1272711753845215
Step: 2908160	Mean reward: 5.0, 	Mean reward done: 1.3384621143341064
Step: 2916352	Mean reward: 5.875, 	Mean reward done: 1.7831668853759766
Step: 2924544	Mean reward: 3.8125, 	Mean reward done: 1.1231269836425781
Step: 2932736	Mean reward: 5.375, 	Mean reward done: 1.3666132688522339
Step: 2940928	Mean reward: 4.5, 	Mean reward done: 1.2048481702804565
Step: 2949120	Mean reward: 4.5, 	Mean reward done: 1.0061900615692139
Step: 2957312	Mean reward: 5.9375, 	Mean reward done: 1.536077618598938
Step: 2965504	Mean reward: 6.375, 	Mean reward done: 1.5064201354980469
Step: 2973696	Mean reward: 3.875, 	Mean reward done: 1.3950424194335938
Step: 2981888	Mean reward: 3.0, 	Mean reward done: 0.719332754611969
Step: 2990080	Mean reward: 4.375, 	Mean reward done: 1.2998696565628052
Step: 2998272	Mean reward: 5.0, 	Mean reward done: 1.218818187713623
Step: 3006464	Mean reward: 5.5, 	Mean reward done: 1.5750409364700317
Step: 3014656	Mean reward: 4.0625, 	Mean reward done: 1.177922248840332
Step: 3022848	Mean reward: 4.5, 	Mean reward done: 1.3427008390426636
Step: 3031040	Mean reward: 5.5, 	Mean reward done: 1.5169075727462769
Step: 3039232	Mean reward: 6.0, 	Mean reward done: 1.6831204891204834
Step: 3047424	Mean reward: 5.875, 	Mean reward done: 1.5452661514282227
Step: 3055616	Mean reward: 5.4375, 	Mean reward done: 1.6693005561828613
Step: 3063808	Mean reward: 6.4375, 	Mean reward done: 1.7118055820465088
Step: 3072000	Mean reward: 5.5, 	Mean reward done: 1.6313459873199463
Step: 3080192	Mean reward: 5.375, 	Mean reward done: 1.3698649406433105
Step: 3088384	Mean reward: 5.1875, 	Mean reward done: 1.3650600910186768
Step: 3096576	Mean reward: 5.5625, 	Mean reward done: 1.6138670444488525
Step: 3104768	Mean reward: 4.8125, 	Mean reward done: 1.3523677587509155
Step: 3112960	Mean reward: 4.625, 	Mean reward done: 1.2898896932601929
Step: 3121152	Mean reward: 4.25, 	Mean reward done: 1.1649514436721802
Step: 3129344	Mean reward: 5.4375, 	Mean reward done: 1.3665471076965332
Step: 3137536	Mean reward: 4.25, 	Mean reward done: 1.2595876455307007
Step: 3145728	Mean reward: 4.625, 	Mean reward done: 1.376796007156372
Step: 3153920	Mean reward: 4.3125, 	Mean reward done: 1.2193678617477417
Step: 3162112	Mean reward: 4.75, 	Mean reward done: 1.307917594909668
Step: 3170304	Mean reward: 4.625, 	Mean reward done: 1.3685873746871948
Step: 3178496	Mean reward: 4.75, 	Mean reward done: 1.2637826204299927
Step: 3186688	Mean reward: 4.125, 	Mean reward done: 1.2279397249221802
Step: 3194880	Mean reward: 5.8125, 	Mean reward done: 1.2952213287353516
Step: 3203072	Mean reward: 5.3125, 	Mean reward done: 1.435612440109253
Step: 3211264	Mean reward: 5.0625, 	Mean reward done: 1.5090306997299194
Step: 3219456	Mean reward: 4.6875, 	Mean reward done: 1.20810067653656
Step: 3227648	Mean reward: 6.3125, 	Mean reward done: 2.002577543258667
Step: 3235840	Mean reward: 5.8125, 	Mean reward done: 1.3066555261611938
Step: 3244032	Mean reward: 5.625, 	Mean reward done: 1.6957107782363892
Step: 3252224	Mean reward: 3.25, 	Mean reward done: 0.9202273488044739
Step: 3260416	Mean reward: 4.25, 	Mean reward done: 0.9355868697166443
Step: 3268608	Mean reward: 6.25, 	Mean reward done: 1.7928804159164429
Step: 3276800	Mean reward: 4.5, 	Mean reward done: 1.2466970682144165
Step: 3284992	Mean reward: 4.3125, 	Mean reward done: 1.3758186101913452
Step: 3293184	Mean reward: 5.125, 	Mean reward done: 1.144497275352478
Step: 3301376	Mean reward: 5.0, 	Mean reward done: 1.1974314451217651
Step: 3309568	Mean reward: 5.0, 	Mean reward done: 1.368054986000061
Step: 3317760	Mean reward: 5.0625, 	Mean reward done: 1.2797261476516724
Step: 3325952	Mean reward: 6.375, 	Mean reward done: 1.8676164150238037
Step: 3334144	Mean reward: 3.75, 	Mean reward done: 1.033600091934204
Step: 3342336	Mean reward: 5.625, 	Mean reward done: 1.681811809539795
Step: 3350528	Mean reward: 3.6875, 	Mean reward done: 1.1759960651397705
Step: 3358720	Mean reward: 4.625, 	Mean reward done: 1.1643762588500977
Step: 3366912	Mean reward: 4.4375, 	Mean reward done: 1.1962425708770752
Step: 3375104	Mean reward: 5.75, 	Mean reward done: 1.4394129514694214
Step: 3383296	Mean reward: 6.875, 	Mean reward done: 2.006221055984497
Step: 3391488	Mean reward: 5.125, 	Mean reward done: 1.7390294075012207
Step: 3399680	Mean reward: 4.75, 	Mean reward done: 1.2373173236846924
Step: 3407872	Mean reward: 2.875, 	Mean reward done: 0.7784502506256104
Step: 3416064	Mean reward: 4.0625, 	Mean reward done: 1.0349392890930176
Step: 3424256	Mean reward: 4.25, 	Mean reward done: 1.5335614681243896
Step: 3432448	Mean reward: 5.6875, 	Mean reward done: 1.393734335899353
Step: 3440640	Mean reward: 5.25, 	Mean reward done: 1.151729702949524
Step: 3448832	Mean reward: 4.375, 	Mean reward done: 1.2772387266159058
Step: 3457024	Mean reward: 3.75, 	Mean reward done: 1.1599586009979248
Step: 3465216	Mean reward: 3.5625, 	Mean reward done: 1.100467324256897
Step: 3473408	Mean reward: 5.25, 	Mean reward done: 1.1967138051986694
Step: 3481600	Mean reward: 5.8125, 	Mean reward done: 1.6350641250610352
Step: 3489792	Mean reward: 5.375, 	Mean reward done: 1.332679271697998
Step: 3497984	Mean reward: 4.75, 	Mean reward done: 1.6191006898880005
Step: 3506176	Mean reward: 3.875, 	Mean reward done: 1.151878833770752
Step: 3514368	Mean reward: 4.8125, 	Mean reward done: 1.1147507429122925
Step: 3522560	Mean reward: 4.0625, 	Mean reward done: 1.1817114353179932
Step: 3530752	Mean reward: 4.3125, 	Mean reward done: 1.0434324741363525
Step: 3538944	Mean reward: 4.125, 	Mean reward done: 0.9673539400100708
Step: 3547136	Mean reward: 5.25, 	Mean reward done: 1.549582600593567
Step: 3555328	Mean reward: 5.6875, 	Mean reward done: 1.5557186603546143
Step: 3563520	Mean reward: 3.8125, 	Mean reward done: 0.8996858596801758
Step: 3571712	Mean reward: 4.6875, 	Mean reward done: 1.1012707948684692
Step: 3579904	Mean reward: 4.5, 	Mean reward done: 1.0383950471878052
Step: 3588096	Mean reward: 5.3125, 	Mean reward done: 1.3254096508026123
Step: 3596288	Mean reward: 5.9375, 	Mean reward done: 1.5965046882629395
Step: 3604480	Mean reward: 5.1875, 	Mean reward done: 1.4386721849441528
Step: 3612672	Mean reward: 4.5, 	Mean reward done: 1.163090705871582
Step: 3620864	Mean reward: 4.375, 	Mean reward done: 1.4145574569702148
Step: 3629056	Mean reward: 3.375, 	Mean reward done: 1.1179194450378418
Step: 3637248	Mean reward: 6.5, 	Mean reward done: 1.466379165649414
Step: 3645440	Mean reward: 6.3125, 	Mean reward done: 1.8197205066680908
Step: 3653632	Mean reward: 5.5625, 	Mean reward done: 1.4800018072128296
Step: 3661824	Mean reward: 4.3125, 	Mean reward done: 1.0816396474838257
Step: 3670016	Mean reward: 4.4375, 	Mean reward done: 1.0777579545974731
Step: 3678208	Mean reward: 4.6875, 	Mean reward done: 1.3074462413787842
Step: 3686400	Mean reward: 5.6875, 	Mean reward done: 1.3356900215148926
Step: 3694592	Mean reward: 4.8125, 	Mean reward done: 1.5021936893463135
Step: 3702784	Mean reward: 2.75, 	Mean reward done: 0.7394611835479736
Step: 3710976	Mean reward: 4.875, 	Mean reward done: 1.1172144412994385
Step: 3719168	Mean reward: 5.6875, 	Mean reward done: 1.5834301710128784
Step: 3727360	Mean reward: 4.625, 	Mean reward done: 1.2567815780639648
Step: 3735552	Mean reward: 4.875, 	Mean reward done: 1.3211712837219238
Step: 3743744	Mean reward: 4.875, 	Mean reward done: 1.360329508781433
Step: 3751936	Mean reward: 4.8125, 	Mean reward done: 1.3953502178192139
Step: 3760128	Mean reward: 4.25, 	Mean reward done: 1.0806130170822144
Step: 3768320	Mean reward: 6.625, 	Mean reward done: 1.4852343797683716
Step: 3776512	Mean reward: 4.6875, 	Mean reward done: 1.384940505027771
Step: 3784704	Mean reward: 5.125, 	Mean reward done: 1.3245208263397217
Step: 3792896	Mean reward: 5.4375, 	Mean reward done: 1.4458510875701904
Step: 3801088	Mean reward: 4.6875, 	Mean reward done: 1.241065263748169
Step: 3809280	Mean reward: 4.875, 	Mean reward done: 1.1964532136917114
Step: 3817472	Mean reward: 3.3125, 	Mean reward done: 1.0991692543029785
Step: 3825664	Mean reward: 5.0625, 	Mean reward done: 1.1959164142608643
Step: 3833856	Mean reward: 6.625, 	Mean reward done: 1.430572509765625
Step: 3842048	Mean reward: 6.8125, 	Mean reward done: 1.4628022909164429
Step: 3850240	Mean reward: 5.5625, 	Mean reward done: 1.3206390142440796
Step: 3858432	Mean reward: 5.4375, 	Mean reward done: 1.2539857625961304
Step: 3866624	Mean reward: 5.4375, 	Mean reward done: 1.3032667636871338
Step: 3874816	Mean reward: 5.5, 	Mean reward done: 1.4057691097259521
Step: 3883008	Mean reward: 5.375, 	Mean reward done: 1.244458794593811
Step: 3891200	Mean reward: 3.9375, 	Mean reward done: 1.2314021587371826
Step: 3899392	Mean reward: 6.875, 	Mean reward done: 1.7231630086898804
Step: 3907584	Mean reward: 4.4375, 	Mean reward done: 1.1370848417282104
Step: 3915776	Mean reward: 6.0, 	Mean reward done: 1.894731879234314
Step: 3923968	Mean reward: 5.5625, 	Mean reward done: 1.3000892400741577
Step: 3932160	Mean reward: 4.5625, 	Mean reward done: 1.2777405977249146
Step: 3940352	Mean reward: 5.5, 	Mean reward done: 1.1767475605010986
Step: 3948544	Mean reward: 4.9375, 	Mean reward done: 1.6303486824035645
Step: 3956736	Mean reward: 5.0, 	Mean reward done: 1.4297010898590088
Step: 3964928	Mean reward: 3.5, 	Mean reward done: 0.9284610152244568
Step: 3973120	Mean reward: 3.5, 	Mean reward done: 0.8657324314117432
Step: 3981312	Mean reward: 4.0625, 	Mean reward done: 1.2362890243530273
Step: 3989504	Mean reward: 5.0, 	Mean reward done: 1.1745802164077759
Step: 3997696	Mean reward: 5.75, 	Mean reward done: 1.4403551816940308
Step: 4005888	Mean reward: 4.375, 	Mean reward done: 1.1237133741378784
Step: 4014080	Mean reward: 5.0625, 	Mean reward done: 1.395159125328064
Step: 4022272	Mean reward: 6.375, 	Mean reward done: 1.691392421722412
Step: 4030464	Mean reward: 5.8125, 	Mean reward done: 1.4899225234985352
Step: 4038656	Mean reward: 6.125, 	Mean reward done: 1.603290319442749
Step: 4046848	Mean reward: 6.0625, 	Mean reward done: 1.409783959388733
Step: 4055040	Mean reward: 4.6875, 	Mean reward done: 1.3737707138061523
Step: 4063232	Mean reward: 4.8125, 	Mean reward done: 1.3423460721969604
Step: 4071424	Mean reward: 5.875, 	Mean reward done: 1.2424933910369873
Step: 4079616	Mean reward: 5.125, 	Mean reward done: 1.1783727407455444
Step: 4087808	Mean reward: 3.9375, 	Mean reward done: 1.246354341506958
Step: 4096000	Mean reward: 5.4375, 	Mean reward done: 1.408644437789917
Step: 4104192	Mean reward: 6.6875, 	Mean reward done: 1.5219268798828125
Step: 4112384	Mean reward: 4.75, 	Mean reward done: 1.2829794883728027
Step: 4120576	Mean reward: 3.25, 	Mean reward done: 0.9621312618255615
Step: 4128768	Mean reward: 5.8125, 	Mean reward done: 1.3473485708236694
Step: 4136960	Mean reward: 5.625, 	Mean reward done: 1.6337310075759888
Step: 4145152	Mean reward: 5.0625, 	Mean reward done: 1.3497682809829712
Step: 4153344	Mean reward: 5.8125, 	Mean reward done: 1.3015919923782349
Step: 4161536	Mean reward: 5.25, 	Mean reward done: 1.4488390684127808
Step: 4169728	Mean reward: 4.625, 	Mean reward done: 1.5361239910125732
Step: 4177920	Mean reward: 5.375, 	Mean reward done: 1.2131870985031128
Step: 4186112	Mean reward: 6.0625, 	Mean reward done: 1.6988158226013184
Step: 4194304	Mean reward: 4.0, 	Mean reward done: 1.1186577081680298
Step: 4202496	Mean reward: 4.9375, 	Mean reward done: 1.2413729429244995
Step: 4210688	Mean reward: 5.25, 	Mean reward done: 1.5324857234954834
Step: 4218880	Mean reward: 6.6875, 	Mean reward done: 1.6081920862197876
Step: 4227072	Mean reward: 5.9375, 	Mean reward done: 1.331473469734192
Step: 4235264	Mean reward: 5.3125, 	Mean reward done: 1.6813888549804688
Step: 4243456	Mean reward: 6.5, 	Mean reward done: 1.3924371004104614
Step: 4251648	Mean reward: 5.9375, 	Mean reward done: 1.4329872131347656
Step: 4259840	Mean reward: 5.1875, 	Mean reward done: 1.3377125263214111
Step: 4268032	Mean reward: 4.5625, 	Mean reward done: 1.183156967163086
Step: 4276224	Mean reward: 5.0, 	Mean reward done: 1.5348213911056519
Step: 4284416	Mean reward: 5.3125, 	Mean reward done: 1.5598151683807373
Step: 4292608	Mean reward: 5.3125, 	Mean reward done: 1.638122320175171
Step: 4300800	Mean reward: 4.25, 	Mean reward done: 1.180167317390442
Step: 4308992	Mean reward: 5.875, 	Mean reward done: 1.2217899560928345
Step: 4317184	Mean reward: 6.4375, 	Mean reward done: 1.442794680595398
Step: 4325376	Mean reward: 5.875, 	Mean reward done: 1.5406794548034668
Step: 4333568	Mean reward: 5.5, 	Mean reward done: 1.3217560052871704
Step: 4341760	Mean reward: 4.5625, 	Mean reward done: 0.991136908531189
Step: 4349952	Mean reward: 4.3125, 	Mean reward done: 1.1219819784164429
Step: 4358144	Mean reward: 5.875, 	Mean reward done: 1.5169003009796143
Step: 4366336	Mean reward: 4.875, 	Mean reward done: 1.3021239042282104
Step: 4374528	Mean reward: 6.6875, 	Mean reward done: 1.3748669624328613
Step: 4382720	Mean reward: 6.3125, 	Mean reward done: 1.6132146120071411
Step: 4390912	Mean reward: 4.625, 	Mean reward done: 1.140782356262207
Step: 4399104	Mean reward: 4.4375, 	Mean reward done: 1.4616724252700806
Step: 4407296	Mean reward: 4.3125, 	Mean reward done: 1.0768229961395264
Step: 4415488	Mean reward: 6.1875, 	Mean reward done: 1.3151841163635254
Step: 4423680	Mean reward: 4.875, 	Mean reward done: 1.330323576927185
Step: 4431872	Mean reward: 5.6875, 	Mean reward done: 1.3177471160888672
Step: 4440064	Mean reward: 5.125, 	Mean reward done: 1.2038359642028809
Step: 4448256	Mean reward: 4.4375, 	Mean reward done: 1.0236531496047974
Step: 4456448	Mean reward: 4.375, 	Mean reward done: 1.1072642803192139
Step: 4464640	Mean reward: 5.1875, 	Mean reward done: 1.3348466157913208
Step: 4472832	Mean reward: 3.6875, 	Mean reward done: 1.0716654062271118
Step: 4481024	Mean reward: 6.4375, 	Mean reward done: 1.4121760129928589
Step: 4489216	Mean reward: 6.1875, 	Mean reward done: 1.7414597272872925
Step: 4497408	Mean reward: 4.4375, 	Mean reward done: 1.0689785480499268
Step: 4505600	Mean reward: 5.125, 	Mean reward done: 1.3687273263931274
Step: 4513792	Mean reward: 5.125, 	Mean reward done: 1.2887182235717773
Step: 4521984	Mean reward: 4.5625, 	Mean reward done: 1.157992959022522
Step: 4530176	Mean reward: 5.0, 	Mean reward done: 1.0946868658065796
Step: 4538368	Mean reward: 5.875, 	Mean reward done: 1.5238302946090698
Step: 4546560	Mean reward: 4.75, 	Mean reward done: 1.204577088356018
Step: 4554752	Mean reward: 6.5625, 	Mean reward done: 1.439945101737976
Step: 4562944	Mean reward: 4.125, 	Mean reward done: 0.9243219494819641
Step: 4571136	Mean reward: 4.3125, 	Mean reward done: 1.2837388515472412
Step: 4579328	Mean reward: 5.0625, 	Mean reward done: 1.22389554977417
Step: 4587520	Mean reward: 7.0, 	Mean reward done: 1.6540077924728394
Step: 4595712	Mean reward: 5.125, 	Mean reward done: 1.1430079936981201
Step: 4603904	Mean reward: 5.1875, 	Mean reward done: 1.560485601425171
Step: 4612096	Mean reward: 5.5, 	Mean reward done: 1.3519560098648071
Step: 4620288	Mean reward: 5.875, 	Mean reward done: 1.3876051902770996
Step: 4628480	Mean reward: 4.5, 	Mean reward done: 1.1570768356323242
Step: 4636672	Mean reward: 4.5, 	Mean reward done: 1.1349681615829468
Step: 4644864	Mean reward: 5.9375, 	Mean reward done: 1.5306869745254517
Step: 4653056	Mean reward: 7.125, 	Mean reward done: 1.7045329809188843
Step: 4661248	Mean reward: 6.25, 	Mean reward done: 1.546480417251587
Step: 4669440	Mean reward: 6.0, 	Mean reward done: 1.3759539127349854
Step: 4677632	Mean reward: 5.4375, 	Mean reward done: 1.573810338973999
Step: 4685824	Mean reward: 6.625, 	Mean reward done: 1.3916289806365967
Step: 4694016	Mean reward: 4.5, 	Mean reward done: 1.0693327188491821
Step: 4702208	Mean reward: 4.5, 	Mean reward done: 1.5302220582962036
Step: 4710400	Mean reward: 4.5625, 	Mean reward done: 1.248731255531311
Step: 4718592	Mean reward: 5.375, 	Mean reward done: 1.2971364259719849
Step: 4726784	Mean reward: 3.5625, 	Mean reward done: 0.9367055892944336
Step: 4734976	Mean reward: 3.625, 	Mean reward done: 1.0054887533187866
Step: 4743168	Mean reward: 4.1875, 	Mean reward done: 0.9515337347984314
Step: 4751360	Mean reward: 6.0, 	Mean reward done: 1.478987455368042
Step: 4759552	Mean reward: 4.5625, 	Mean reward done: 1.0427027940750122
Step: 4767744	Mean reward: 5.375, 	Mean reward done: 1.196710228919983
Step: 4775936	Mean reward: 4.375, 	Mean reward done: 1.2192583084106445
Step: 4784128	Mean reward: 5.0, 	Mean reward done: 1.3988410234451294
Step: 4792320	Mean reward: 4.625, 	Mean reward done: 1.4192924499511719
Step: 4800512	Mean reward: 6.6875, 	Mean reward done: 1.8596835136413574
Step: 4808704	Mean reward: 5.125, 	Mean reward done: 1.137195348739624
Step: 4816896	Mean reward: 5.125, 	Mean reward done: 1.053387999534607
Step: 4825088	Mean reward: 3.6875, 	Mean reward done: 1.1593351364135742
Step: 4833280	Mean reward: 4.625, 	Mean reward done: 1.1869826316833496
Step: 4841472	Mean reward: 4.6875, 	Mean reward done: 1.1739500761032104
Step: 4849664	Mean reward: 5.625, 	Mean reward done: 1.1759798526763916
Step: 4857856	Mean reward: 5.9375, 	Mean reward done: 1.2874069213867188
Step: 4866048	Mean reward: 5.5, 	Mean reward done: 1.3337222337722778
Step: 4874240	Mean reward: 6.125, 	Mean reward done: 1.398613452911377
Step: 4882432	Mean reward: 6.375, 	Mean reward done: 1.446048378944397
Step: 4890624	Mean reward: 6.0625, 	Mean reward done: 1.4515260457992554
Step: 4898816	Mean reward: 5.75, 	Mean reward done: 1.5601516962051392
Step: 4907008	Mean reward: 6.1875, 	Mean reward done: 1.3541804552078247
Step: 4915200	Mean reward: 6.5, 	Mean reward done: 1.5417386293411255
Step: 4923392	Mean reward: 5.0, 	Mean reward done: 1.0360746383666992
Step: 4931584	Mean reward: 5.0625, 	Mean reward done: 1.6692779064178467
Step: 4939776	Mean reward: 4.4375, 	Mean reward done: 1.1789600849151611
Step: 4947968	Mean reward: 5.3125, 	Mean reward done: 1.3606314659118652
Step: 4956160	Mean reward: 4.5625, 	Mean reward done: 1.3018229007720947
Step: 4964352	Mean reward: 4.4375, 	Mean reward done: 1.081719994544983
Step: 4972544	Mean reward: 4.1875, 	Mean reward done: 0.929023802280426
Step: 4980736	Mean reward: 6.5625, 	Mean reward done: 1.6028294563293457
Step: 4988928	Mean reward: 7.5625, 	Mean reward done: 1.7179416418075562
Step: 4997120	Mean reward: 6.375, 	Mean reward done: 1.5122395753860474
Step: 5005312	Mean reward: 7.375, 	Mean reward done: 1.7911568880081177
Step: 5013504	Mean reward: 6.6875, 	Mean reward done: 1.7834429740905762
Step: 5021696	Mean reward: 6.0, 	Mean reward done: 1.544517993927002
Step: 5029888	Mean reward: 6.6875, 	Mean reward done: 1.7036173343658447
Step: 5038080	Mean reward: 6.0, 	Mean reward done: 1.6696809530258179
Step: 5046272	Mean reward: 4.5, 	Mean reward done: 1.272952914237976
Step: 5054464	Mean reward: 5.375, 	Mean reward done: 1.580634355545044
Step: 5062656	Mean reward: 5.375, 	Mean reward done: 1.135663628578186
Step: 5070848	Mean reward: 4.9375, 	Mean reward done: 1.117750644683838
Step: 5079040	Mean reward: 5.3125, 	Mean reward done: 1.119970679283142
Step: 5087232	Mean reward: 5.0625, 	Mean reward done: 1.3357807397842407
Step: 5095424	Mean reward: 5.0, 	Mean reward done: 1.2175580263137817
Step: 5103616	Mean reward: 5.0, 	Mean reward done: 1.2863267660140991
Step: 5111808	Mean reward: 5.4375, 	Mean reward done: 1.2964627742767334
Step: 5120000	Mean reward: 5.9375, 	Mean reward done: 1.5444508790969849
Step: 5128192	Mean reward: 4.375, 	Mean reward done: 1.379528284072876
Step: 5136384	Mean reward: 6.1875, 	Mean reward done: 1.4609239101409912
Step: 5144576	Mean reward: 5.6875, 	Mean reward done: 1.2342290878295898
Step: 5152768	Mean reward: 4.625, 	Mean reward done: 1.1140153408050537
Step: 5160960	Mean reward: 4.75, 	Mean reward done: 1.2861295938491821
Step: 5169152	Mean reward: 3.9375, 	Mean reward done: 1.2248343229293823
Step: 5177344	Mean reward: 6.1875, 	Mean reward done: 1.3616536855697632
Step: 5185536	Mean reward: 4.0625, 	Mean reward done: 1.1820448637008667
Step: 5193728	Mean reward: 4.25, 	Mean reward done: 0.8875609636306763
Step: 5201920	Mean reward: 5.875, 	Mean reward done: 1.2988168001174927
Step: 5210112	Mean reward: 6.9375, 	Mean reward done: 1.770562767982483
Step: 5218304	Mean reward: 6.5, 	Mean reward done: 1.670303463935852
Step: 5226496	Mean reward: 5.875, 	Mean reward done: 1.3007632493972778
Step: 5234688	Mean reward: 6.375, 	Mean reward done: 1.4116393327713013
Step: 5242880	Mean reward: 7.125, 	Mean reward done: 1.6170763969421387
Step: 5251072	Mean reward: 6.75, 	Mean reward done: 1.4907569885253906
Step: 5259264	Mean reward: 5.1875, 	Mean reward done: 1.1421144008636475
Step: 5267456	Mean reward: 6.1875, 	Mean reward done: 1.4440860748291016
Step: 5275648	Mean reward: 7.0, 	Mean reward done: 1.8091034889221191
Step: 5283840	Mean reward: 5.5, 	Mean reward done: 1.2686811685562134
Step: 5292032	Mean reward: 6.3125, 	Mean reward done: 1.4098063707351685
Step: 5300224	Mean reward: 4.9375, 	Mean reward done: 1.3489792346954346
Step: 5308416	Mean reward: 3.6875, 	Mean reward done: 0.8848164081573486
Step: 5316608	Mean reward: 4.8125, 	Mean reward done: 1.301398754119873
Step: 5324800	Mean reward: 6.75, 	Mean reward done: 1.6709054708480835
Step: 5332992	Mean reward: 5.3125, 	Mean reward done: 1.2816123962402344
Step: 5341184	Mean reward: 7.0, 	Mean reward done: 1.5783861875534058
Step: 5349376	Mean reward: 7.25, 	Mean reward done: 1.8069331645965576
Step: 5357568	Mean reward: 8.375, 	Mean reward done: 1.907466173171997
Step: 5365760	Mean reward: 7.1875, 	Mean reward done: 1.5538995265960693
Step: 5373952	Mean reward: 5.5, 	Mean reward done: 1.5127531290054321
Step: 5382144	Mean reward: 6.0625, 	Mean reward done: 1.271759033203125
Step: 5390336	Mean reward: 5.625, 	Mean reward done: 1.2580045461654663
Step: 5398528	Mean reward: 5.375, 	Mean reward done: 1.3432163000106812
Step: 5406720	Mean reward: 6.1875, 	Mean reward done: 1.26674222946167
Step: 5414912	Mean reward: 8.25, 	Mean reward done: 2.206559419631958
Step: 5423104	Mean reward: 9.1875, 	Mean reward done: 2.0880682468414307
Step: 5431296	Mean reward: 6.25, 	Mean reward done: 1.669685959815979
Step: 5439488	Mean reward: 6.0625, 	Mean reward done: 1.5489946603775024
Step: 5447680	Mean reward: 5.375, 	Mean reward done: 1.518040657043457
Step: 5455872	Mean reward: 4.875, 	Mean reward done: 1.1162562370300293
Step: 5464064	Mean reward: 6.125, 	Mean reward done: 1.6968817710876465
Step: 5472256	Mean reward: 5.625, 	Mean reward done: 1.2227531671524048
Step: 5480448	Mean reward: 7.6875, 	Mean reward done: 1.51315176486969
Step: 5488640	Mean reward: 4.4375, 	Mean reward done: 1.351293921470642
Step: 5496832	Mean reward: 6.1875, 	Mean reward done: 1.5720975399017334
Step: 5505024	Mean reward: 6.375, 	Mean reward done: 1.571555256843567
Step: 5513216	Mean reward: 6.4375, 	Mean reward done: 1.3040939569473267
Step: 5521408	Mean reward: 5.5625, 	Mean reward done: 1.3902621269226074
Step: 5529600	Mean reward: 5.4375, 	Mean reward done: 1.619346261024475
Step: 5537792	Mean reward: 7.125, 	Mean reward done: 1.5227081775665283
Step: 5545984	Mean reward: 6.3125, 	Mean reward done: 1.6560472249984741
Step: 5554176	Mean reward: 4.4375, 	Mean reward done: 1.0895456075668335
Step: 5562368	Mean reward: 5.6875, 	Mean reward done: 1.9648444652557373
Step: 5570560	Mean reward: 5.25, 	Mean reward done: 1.3033545017242432
Step: 5578752	Mean reward: 6.75, 	Mean reward done: 1.5739179849624634
Step: 5586944	Mean reward: 5.5625, 	Mean reward done: 1.3597891330718994
Step: 5595136	Mean reward: 5.3125, 	Mean reward done: 1.1897319555282593
Step: 5603328	Mean reward: 5.1875, 	Mean reward done: 1.433552861213684
Step: 5611520	Mean reward: 6.1875, 	Mean reward done: 1.4145653247833252
Step: 5619712	Mean reward: 4.75, 	Mean reward done: 1.1697707176208496
Step: 5627904	Mean reward: 6.6875, 	Mean reward done: 1.6140490770339966
Step: 5636096	Mean reward: 5.4375, 	Mean reward done: 1.507340431213379
Step: 5644288	Mean reward: 6.1875, 	Mean reward done: 1.3567891120910645
Step: 5652480	Mean reward: 7.5, 	Mean reward done: 1.8431546688079834
Step: 5660672	Mean reward: 7.625, 	Mean reward done: 2.0930733680725098
Step: 5668864	Mean reward: 7.0625, 	Mean reward done: 1.7085515260696411
Step: 5677056	Mean reward: 6.25, 	Mean reward done: 1.592980980873108
Step: 5685248	Mean reward: 5.1875, 	Mean reward done: 1.1331841945648193
Step: 5693440	Mean reward: 4.875, 	Mean reward done: 1.2671884298324585
Step: 5701632	Mean reward: 5.0625, 	Mean reward done: 1.2577940225601196
Step: 5709824	Mean reward: 6.75, 	Mean reward done: 1.5237932205200195
Step: 5718016	Mean reward: 5.0625, 	Mean reward done: 1.279436469078064
Step: 5726208	Mean reward: 5.625, 	Mean reward done: 1.3778313398361206
Step: 5734400	Mean reward: 6.0, 	Mean reward done: 1.4355424642562866
Step: 5742592	Mean reward: 5.1875, 	Mean reward done: 1.3522735834121704
Step: 5750784	Mean reward: 5.625, 	Mean reward done: 1.5420445203781128
Step: 5758976	Mean reward: 5.25, 	Mean reward done: 1.4075900316238403
Step: 5767168	Mean reward: 5.25, 	Mean reward done: 1.2234903573989868
Step: 5775360	Mean reward: 4.1875, 	Mean reward done: 1.0124843120574951
Step: 5783552	Mean reward: 7.3125, 	Mean reward done: 1.6779407262802124
Step: 5791744	Mean reward: 7.5, 	Mean reward done: 1.7659655809402466
Step: 5799936	Mean reward: 5.5625, 	Mean reward done: 1.2322226762771606
Step: 5808128	Mean reward: 5.875, 	Mean reward done: 1.3914967775344849
Step: 5816320	Mean reward: 5.625, 	Mean reward done: 1.4995239973068237
Step: 5824512	Mean reward: 4.625, 	Mean reward done: 1.4143786430358887
Step: 5832704	Mean reward: 7.0, 	Mean reward done: 1.6311661005020142
Step: 5840896	Mean reward: 7.8125, 	Mean reward done: 1.8103199005126953
Step: 5849088	Mean reward: 6.6875, 	Mean reward done: 1.4478888511657715
Step: 5857280	Mean reward: 7.375, 	Mean reward done: 1.6911747455596924
Step: 5865472	Mean reward: 5.3125, 	Mean reward done: 1.2029515504837036
Step: 5873664	Mean reward: 7.625, 	Mean reward done: 1.9502756595611572
Step: 5881856	Mean reward: 5.0, 	Mean reward done: 1.0424721240997314
Step: 5890048	Mean reward: 5.1875, 	Mean reward done: 1.2251778841018677
Step: 5898240	Mean reward: 4.8125, 	Mean reward done: 1.2113796472549438
Step: 5906432	Mean reward: 6.6875, 	Mean reward done: 1.5615718364715576
Step: 5914624	Mean reward: 7.375, 	Mean reward done: 1.719106674194336
Step: 5922816	Mean reward: 4.75, 	Mean reward done: 1.123863697052002
Step: 5931008	Mean reward: 5.875, 	Mean reward done: 1.7871289253234863
Step: 5939200	Mean reward: 6.0625, 	Mean reward done: 1.539076328277588
Step: 5947392	Mean reward: 7.4375, 	Mean reward done: 1.8237627744674683
Step: 5955584	Mean reward: 6.625, 	Mean reward done: 1.455197811126709
Step: 5963776	Mean reward: 5.75, 	Mean reward done: 1.3984017372131348
Step: 5971968	Mean reward: 5.3125, 	Mean reward done: 1.1358733177185059
Step: 5980160	Mean reward: 6.9375, 	Mean reward done: 1.673500895500183
Step: 5988352	Mean reward: 6.9375, 	Mean reward done: 1.4846407175064087
Step: 5996544	Mean reward: 5.375, 	Mean reward done: 1.481943964958191
Step: 6004736	Mean reward: 4.4375, 	Mean reward done: 1.1811308860778809
Step: 6012928	Mean reward: 4.5625, 	Mean reward done: 1.1398178339004517
Step: 6021120	Mean reward: 5.5625, 	Mean reward done: 1.4047218561172485
Step: 6029312	Mean reward: 4.375, 	Mean reward done: 1.020357608795166
Step: 6037504	Mean reward: 4.8125, 	Mean reward done: 1.2455395460128784
Step: 6045696	Mean reward: 5.875, 	Mean reward done: 1.4527039527893066
Step: 6053888	Mean reward: 6.5625, 	Mean reward done: 1.635693073272705
Step: 6062080	Mean reward: 5.6875, 	Mean reward done: 1.3878525495529175
Step: 6070272	Mean reward: 5.5625, 	Mean reward done: 1.4090077877044678
Step: 6078464	Mean reward: 7.125, 	Mean reward done: 1.9838944673538208
Step: 6086656	Mean reward: 4.875, 	Mean reward done: 1.3058550357818604
Step: 6094848	Mean reward: 5.6875, 	Mean reward done: 1.2687277793884277
Step: 6103040	Mean reward: 6.375, 	Mean reward done: 1.4819581508636475
Step: 6111232	Mean reward: 4.6875, 	Mean reward done: 1.3373908996582031
Step: 6119424	Mean reward: 6.625, 	Mean reward done: 1.5509312152862549
Step: 6127616	Mean reward: 3.8125, 	Mean reward done: 0.8979350924491882
Step: 6135808	Mean reward: 4.125, 	Mean reward done: 1.0718759298324585
Step: 6144000	Mean reward: 4.875, 	Mean reward done: 1.283838152885437
Step: 6152192	Mean reward: 3.9375, 	Mean reward done: 1.0564262866973877
Step: 6160384	Mean reward: 5.5, 	Mean reward done: 1.1961777210235596
Step: 6168576	Mean reward: 4.8125, 	Mean reward done: 1.373505711555481
Step: 6176768	Mean reward: 4.75, 	Mean reward done: 1.4307126998901367
Step: 6184960	Mean reward: 5.0625, 	Mean reward done: 1.1396461725234985
Step: 6193152	Mean reward: 6.625, 	Mean reward done: 1.6635332107543945
Step: 6201344	Mean reward: 6.1875, 	Mean reward done: 1.439786434173584
Step: 6209536	Mean reward: 6.1875, 	Mean reward done: 1.2905479669570923
Step: 6217728	Mean reward: 6.3125, 	Mean reward done: 1.4380724430084229
Step: 6225920	Mean reward: 3.9375, 	Mean reward done: 1.1043422222137451
Step: 6234112	Mean reward: 5.0625, 	Mean reward done: 1.4174563884735107
Step: 6242304	Mean reward: 6.25, 	Mean reward done: 1.2766456604003906
Step: 6250496	Mean reward: 6.0625, 	Mean reward done: 1.4956992864608765
Step: 6258688	Mean reward: 4.875, 	Mean reward done: 1.2291908264160156
Step: 6266880	Mean reward: 5.4375, 	Mean reward done: 1.5645965337753296
Step: 6275072	Mean reward: 6.5, 	Mean reward done: 1.6376084089279175
Step: 6283264	Mean reward: 4.1875, 	Mean reward done: 1.3374090194702148
Step: 6291456	Mean reward: 7.125, 	Mean reward done: 1.8543212413787842
Step: 6299648	Mean reward: 6.75, 	Mean reward done: 1.7027347087860107
Step: 6307840	Mean reward: 4.625, 	Mean reward done: 1.1612322330474854
Step: 6316032	Mean reward: 4.8125, 	Mean reward done: 1.1914024353027344
Step: 6324224	Mean reward: 6.5625, 	Mean reward done: 1.7266321182250977
Step: 6332416	Mean reward: 5.4375, 	Mean reward done: 1.564860463142395
Step: 6340608	Mean reward: 6.6875, 	Mean reward done: 1.7655363082885742
Step: 6348800	Mean reward: 7.5625, 	Mean reward done: 1.9312844276428223
Step: 6356992	Mean reward: 6.125, 	Mean reward done: 1.6188077926635742
Step: 6365184	Mean reward: 5.75, 	Mean reward done: 1.5466549396514893
Step: 6373376	Mean reward: 4.9375, 	Mean reward done: 1.253939151763916
Step: 6381568	Mean reward: 7.25, 	Mean reward done: 1.81778085231781
Step: 6389760	Mean reward: 6.6875, 	Mean reward done: 1.5178112983703613
Step: 6397952	Mean reward: 7.75, 	Mean reward done: 1.8697841167449951
Step: 6406144	Mean reward: 5.375, 	Mean reward done: 1.2788501977920532
Step: 6414336	Mean reward: 4.8125, 	Mean reward done: 1.4434659481048584
Step: 6422528	Mean reward: 4.6875, 	Mean reward done: 1.0502164363861084
Step: 6430720	Mean reward: 5.5625, 	Mean reward done: 1.407616376876831
Step: 6438912	Mean reward: 5.625, 	Mean reward done: 1.5013623237609863
Step: 6447104	Mean reward: 4.6875, 	Mean reward done: 1.3079878091812134
Step: 6455296	Mean reward: 4.5, 	Mean reward done: 1.1415847539901733
Step: 6463488	Mean reward: 5.1875, 	Mean reward done: 1.557313323020935
Step: 6471680	Mean reward: 5.3125, 	Mean reward done: 1.3274588584899902
Step: 6479872	Mean reward: 4.375, 	Mean reward done: 0.9961701035499573
Step: 6488064	Mean reward: 3.75, 	Mean reward done: 1.0290257930755615
Step: 6496256	Mean reward: 4.25, 	Mean reward done: 1.0135176181793213
Step: 6504448	Mean reward: 4.9375, 	Mean reward done: 1.1072824001312256
Step: 6512640	Mean reward: 5.625, 	Mean reward done: 1.4422780275344849
Step: 6520832	Mean reward: 4.8125, 	Mean reward done: 1.1906460523605347
Step: 6529024	Mean reward: 5.6875, 	Mean reward done: 1.3546332120895386
Step: 6537216	Mean reward: 5.1875, 	Mean reward done: 1.4096136093139648
Step: 6545408	Mean reward: 6.3125, 	Mean reward done: 1.4667147397994995
Step: 6553600	Mean reward: 6.5, 	Mean reward done: 1.727731466293335
Step: 6561792	Mean reward: 7.0625, 	Mean reward done: 1.508446216583252
Step: 6569984	Mean reward: 7.1875, 	Mean reward done: 1.591418743133545
Step: 6578176	Mean reward: 5.0, 	Mean reward done: 1.3404200077056885
Step: 6586368	Mean reward: 5.0, 	Mean reward done: 1.4361858367919922
Step: 6594560	Mean reward: 5.875, 	Mean reward done: 1.2795889377593994
Step: 6602752	Mean reward: 7.0, 	Mean reward done: 1.6486279964447021
Step: 6610944	Mean reward: 6.875, 	Mean reward done: 1.7178164720535278
Step: 6619136	Mean reward: 7.0, 	Mean reward done: 1.5091400146484375
Step: 6627328	Mean reward: 7.6875, 	Mean reward done: 1.7927091121673584
Step: 6635520	Mean reward: 4.875, 	Mean reward done: 1.1946661472320557
Step: 6643712	Mean reward: 4.25, 	Mean reward done: 1.0205345153808594
Step: 6651904	Mean reward: 4.5625, 	Mean reward done: 1.2410820722579956
Step: 6660096	Mean reward: 5.0, 	Mean reward done: 1.3560771942138672
Step: 6668288	Mean reward: 4.9375, 	Mean reward done: 1.3093348741531372
Step: 6676480	Mean reward: 5.9375, 	Mean reward done: 1.3740853071212769
Step: 6684672	Mean reward: 8.0625, 	Mean reward done: 1.8436803817749023
Step: 6692864	Mean reward: 4.5625, 	Mean reward done: 1.4290316104888916
Step: 6701056	Mean reward: 4.8125, 	Mean reward done: 1.2995681762695312
Step: 6709248	Mean reward: 6.375, 	Mean reward done: 1.3284752368927002
Step: 6717440	Mean reward: 5.75, 	Mean reward done: 1.6631335020065308
Step: 6725632	Mean reward: 7.375, 	Mean reward done: 1.6506649255752563
Step: 6733824	Mean reward: 4.625, 	Mean reward done: 1.1383382081985474
Step: 6742016	Mean reward: 4.0, 	Mean reward done: 1.0943304300308228
Step: 6750208	Mean reward: 6.3125, 	Mean reward done: 1.621472716331482
Step: 6758400	Mean reward: 4.875, 	Mean reward done: 1.3291901350021362
Step: 6766592	Mean reward: 6.9375, 	Mean reward done: 1.638696312904358
Step: 6774784	Mean reward: 5.875, 	Mean reward done: 1.3824764490127563
Step: 6782976	Mean reward: 6.125, 	Mean reward done: 1.6438356637954712
Step: 6791168	Mean reward: 6.9375, 	Mean reward done: 1.6159298419952393
Step: 6799360	Mean reward: 5.25, 	Mean reward done: 1.3507472276687622
Step: 6807552	Mean reward: 5.6875, 	Mean reward done: 1.5058578252792358
Step: 6815744	Mean reward: 5.125, 	Mean reward done: 1.2942907810211182
Step: 6823936	Mean reward: 5.8125, 	Mean reward done: 1.5653949975967407
Step: 6832128	Mean reward: 4.125, 	Mean reward done: 1.066314458847046
Step: 6840320	Mean reward: 3.875, 	Mean reward done: 0.9093262553215027
Step: 6848512	Mean reward: 3.6875, 	Mean reward done: 0.8734039068222046
Step: 6856704	Mean reward: 5.1875, 	Mean reward done: 1.6424411535263062
Step: 6864896	Mean reward: 7.125, 	Mean reward done: 1.7767170667648315
Step: 6873088	Mean reward: 5.125, 	Mean reward done: 1.690459966659546
Step: 6881280	Mean reward: 4.4375, 	Mean reward done: 1.1317286491394043
Step: 6889472	Mean reward: 7.1875, 	Mean reward done: 1.7038419246673584
Step: 6897664	Mean reward: 5.75, 	Mean reward done: 1.7802506685256958
Step: 6905856	Mean reward: 4.1875, 	Mean reward done: 1.049100399017334
Step: 6914048	Mean reward: 4.5625, 	Mean reward done: 1.430078387260437
Step: 6922240	Mean reward: 5.8125, 	Mean reward done: 1.5038495063781738
Step: 6930432	Mean reward: 5.875, 	Mean reward done: 1.2837493419647217
Step: 6938624	Mean reward: 4.875, 	Mean reward done: 1.2523747682571411
Step: 6946816	Mean reward: 3.0, 	Mean reward done: 0.9469015598297119
Step: 6955008	Mean reward: 4.5, 	Mean reward done: 1.021623134613037
Step: 6963200	Mean reward: 5.875, 	Mean reward done: 1.4225952625274658
Step: 6971392	Mean reward: 5.9375, 	Mean reward done: 1.3162951469421387
Step: 6979584	Mean reward: 4.0, 	Mean reward done: 1.197847604751587
Step: 6987776	Mean reward: 5.3125, 	Mean reward done: 1.5741331577301025
Step: 6995968	Mean reward: 5.0625, 	Mean reward done: 1.412336826324463
Step: 7004160	Mean reward: 4.5, 	Mean reward done: 1.1790882349014282
Step: 7012352	Mean reward: 4.8125, 	Mean reward done: 1.2010993957519531
Step: 7020544	Mean reward: 4.8125, 	Mean reward done: 1.1356619596481323
Step: 7028736	Mean reward: 5.6875, 	Mean reward done: 1.398611307144165
Step: 7036928	Mean reward: 6.0, 	Mean reward done: 1.4193081855773926
Step: 7045120	Mean reward: 6.125, 	Mean reward done: 1.3496179580688477
Step: 7053312	Mean reward: 7.5, 	Mean reward done: 1.946023941040039
Step: 7061504	Mean reward: 5.6875, 	Mean reward done: 1.504719853401184
Step: 7069696	Mean reward: 4.0, 	Mean reward done: 0.8806530237197876
Step: 7077888	Mean reward: 6.125, 	Mean reward done: 1.4026490449905396
Step: 7086080	Mean reward: 6.375, 	Mean reward done: 1.6105155944824219
Step: 7094272	Mean reward: 4.5625, 	Mean reward done: 1.1197915077209473
Step: 7102464	Mean reward: 3.6875, 	Mean reward done: 1.1386792659759521
Step: 7110656	Mean reward: 4.4375, 	Mean reward done: 1.03538179397583
Step: 7118848	Mean reward: 5.3125, 	Mean reward done: 1.4116252660751343
Step: 7127040	Mean reward: 5.9375, 	Mean reward done: 1.3141002655029297
Step: 7135232	Mean reward: 7.0, 	Mean reward done: 1.5838937759399414
Step: 7143424	Mean reward: 5.0625, 	Mean reward done: 1.2691353559494019
Step: 7151616	Mean reward: 5.375, 	Mean reward done: 1.4069050550460815
Step: 7159808	Mean reward: 5.75, 	Mean reward done: 1.2940844297409058
Step: 7168000	Mean reward: 4.8125, 	Mean reward done: 1.2750698328018188
Step: 7176192	Mean reward: 5.3125, 	Mean reward done: 1.2623553276062012
Step: 7184384	Mean reward: 5.8125, 	Mean reward done: 1.4355361461639404
Step: 7192576	Mean reward: 6.4375, 	Mean reward done: 1.6076420545578003
Step: 7200768	Mean reward: 5.125, 	Mean reward done: 1.1068812608718872
Step: 7208960	Mean reward: 5.0625, 	Mean reward done: 1.1437488794326782
Step: 7217152	Mean reward: 4.5, 	Mean reward done: 0.9671708941459656
Step: 7225344	Mean reward: 6.125, 	Mean reward done: 1.4886244535446167
Step: 7233536	Mean reward: 5.0625, 	Mean reward done: 1.4530718326568604
Step: 7241728	Mean reward: 5.375, 	Mean reward done: 1.2053395509719849
Step: 7249920	Mean reward: 4.0625, 	Mean reward done: 1.1624950170516968
Step: 7258112	Mean reward: 3.9375, 	Mean reward done: 1.0499498844146729
Step: 7266304	Mean reward: 6.8125, 	Mean reward done: 1.4532215595245361
Step: 7274496	Mean reward: 5.5625, 	Mean reward done: 1.5269349813461304
Step: 7282688	Mean reward: 5.625, 	Mean reward done: 1.2185781002044678
Step: 7290880	Mean reward: 5.3125, 	Mean reward done: 1.147495150566101
Step: 7299072	Mean reward: 6.25, 	Mean reward done: 1.2694827318191528
Step: 7307264	Mean reward: 6.3125, 	Mean reward done: 1.5103721618652344
Step: 7315456	Mean reward: 4.8125, 	Mean reward done: 1.2728427648544312
Step: 7323648	Mean reward: 5.3125, 	Mean reward done: 1.2371124029159546
Step: 7331840	Mean reward: 4.875, 	Mean reward done: 1.1053825616836548
Step: 7340032	Mean reward: 5.0625, 	Mean reward done: 1.27755606174469
Step: 7348224	Mean reward: 6.1875, 	Mean reward done: 1.3485251665115356
Step: 7356416	Mean reward: 5.625, 	Mean reward done: 1.4281435012817383
Step: 7364608	Mean reward: 6.375, 	Mean reward done: 1.1920720338821411
Step: 7372800	Mean reward: 8.9375, 	Mean reward done: 1.735504388809204
Step: 7380992	Mean reward: 8.125, 	Mean reward done: 2.075103282928467
Step: 7389184	Mean reward: 5.875, 	Mean reward done: 1.406224250793457
Step: 7397376	Mean reward: 4.6875, 	Mean reward done: 1.1263258457183838
Step: 7405568	Mean reward: 6.375, 	Mean reward done: 1.702803134918213
Step: 7413760	Mean reward: 6.9375, 	Mean reward done: 1.8167051076889038
Step: 7421952	Mean reward: 5.625, 	Mean reward done: 1.3711788654327393
Step: 7430144	Mean reward: 4.0625, 	Mean reward done: 1.1542450189590454
Step: 7438336	Mean reward: 4.625, 	Mean reward done: 1.4567853212356567
Step: 7446528	Mean reward: 5.6875, 	Mean reward done: 1.1462103128433228
Step: 7454720	Mean reward: 5.875, 	Mean reward done: 1.2292267084121704
Step: 7462912	Mean reward: 5.375, 	Mean reward done: 1.1598269939422607
Step: 7471104	Mean reward: 6.75, 	Mean reward done: 1.4211724996566772
Step: 7479296	Mean reward: 5.375, 	Mean reward done: 1.6597462892532349
Step: 7487488	Mean reward: 5.0625, 	Mean reward done: 1.2198418378829956
Step: 7495680	Mean reward: 5.375, 	Mean reward done: 1.2484130859375
Step: 7503872	Mean reward: 5.125, 	Mean reward done: 1.361722707748413
Step: 7512064	Mean reward: 5.625, 	Mean reward done: 1.5218132734298706
Step: 7520256	Mean reward: 5.75, 	Mean reward done: 1.3760952949523926
Step: 7528448	Mean reward: 5.375, 	Mean reward done: 1.231885313987732
Step: 7536640	Mean reward: 7.875, 	Mean reward done: 1.4286452531814575
Step: 7544832	Mean reward: 7.3125, 	Mean reward done: 1.7875725030899048
Step: 7553024	Mean reward: 6.25, 	Mean reward done: 1.4916847944259644
Step: 7561216	Mean reward: 4.75, 	Mean reward done: 1.09438955783844
Step: 7569408	Mean reward: 4.625, 	Mean reward done: 1.2004436254501343
Step: 7577600	Mean reward: 6.5625, 	Mean reward done: 1.6525174379348755
Step: 7585792	Mean reward: 5.375, 	Mean reward done: 1.3438531160354614
Step: 7593984	Mean reward: 5.1875, 	Mean reward done: 1.2567144632339478
Step: 7602176	Mean reward: 6.3125, 	Mean reward done: 1.6024867296218872
Step: 7610368	Mean reward: 6.6875, 	Mean reward done: 1.6317275762557983
Step: 7618560	Mean reward: 6.375, 	Mean reward done: 1.3308968544006348
Step: 7626752	Mean reward: 4.5625, 	Mean reward done: 1.3272963762283325
Step: 7634944	Mean reward: 5.3125, 	Mean reward done: 1.3863422870635986
Step: 7643136	Mean reward: 5.9375, 	Mean reward done: 1.2356648445129395
Step: 7651328	Mean reward: 3.6875, 	Mean reward done: 1.0159456729888916
Step: 7659520	Mean reward: 4.6875, 	Mean reward done: 1.1320422887802124
Step: 7667712	Mean reward: 5.0625, 	Mean reward done: 1.285357117652893
Step: 7675904	Mean reward: 5.0625, 	Mean reward done: 1.1055372953414917
Step: 7684096	Mean reward: 6.4375, 	Mean reward done: 1.4228832721710205
Step: 7692288	Mean reward: 6.125, 	Mean reward done: 1.2138437032699585
Step: 7700480	Mean reward: 4.125, 	Mean reward done: 0.9825232625007629
Step: 7708672	Mean reward: 5.625, 	Mean reward done: 1.2293903827667236
Step: 7716864	Mean reward: 5.75, 	Mean reward done: 1.2417644262313843
Step: 7725056	Mean reward: 5.9375, 	Mean reward done: 1.5624523162841797
Step: 7733248	Mean reward: 5.75, 	Mean reward done: 1.5092569589614868
Step: 7741440	Mean reward: 5.9375, 	Mean reward done: 1.6904277801513672
Step: 7749632	Mean reward: 4.875, 	Mean reward done: 1.0106892585754395
Step: 7757824	Mean reward: 5.1875, 	Mean reward done: 1.4147932529449463
Step: 7766016	Mean reward: 7.0, 	Mean reward done: 1.7542040348052979
Step: 7774208	Mean reward: 6.3125, 	Mean reward done: 1.3571555614471436
Step: 7782400	Mean reward: 5.4375, 	Mean reward done: 1.3707304000854492
Step: 7790592	Mean reward: 7.4375, 	Mean reward done: 1.6242594718933105
Step: 7798784	Mean reward: 7.125, 	Mean reward done: 1.7343599796295166
Step: 7806976	Mean reward: 5.625, 	Mean reward done: 1.4444104433059692
Step: 7815168	Mean reward: 4.5, 	Mean reward done: 1.1422274112701416
Step: 7823360	Mean reward: 5.0625, 	Mean reward done: 1.3767976760864258
Step: 7831552	Mean reward: 5.0625, 	Mean reward done: 1.2694034576416016
Step: 7839744	Mean reward: 5.125, 	Mean reward done: 1.635617733001709
Step: 7847936	Mean reward: 5.625, 	Mean reward done: 1.524533987045288
Step: 7856128	Mean reward: 5.8125, 	Mean reward done: 1.2698286771774292
Step: 7864320	Mean reward: 5.125, 	Mean reward done: 1.3428490161895752
Step: 7872512	Mean reward: 5.5, 	Mean reward done: 1.198070764541626
Step: 7880704	Mean reward: 6.4375, 	Mean reward done: 1.5396628379821777
Step: 7888896	Mean reward: 6.125, 	Mean reward done: 1.253346562385559
Step: 7897088	Mean reward: 4.875, 	Mean reward done: 0.9786084294319153
Step: 7905280	Mean reward: 6.1875, 	Mean reward done: 1.4239894151687622
Step: 7913472	Mean reward: 3.625, 	Mean reward done: 1.0342662334442139
Step: 7921664	Mean reward: 5.8125, 	Mean reward done: 1.3885290622711182
Step: 7929856	Mean reward: 4.875, 	Mean reward done: 1.4145522117614746
Step: 7938048	Mean reward: 6.125, 	Mean reward done: 1.4281178712844849
Step: 7946240	Mean reward: 5.6875, 	Mean reward done: 1.3695955276489258
Step: 7954432	Mean reward: 4.625, 	Mean reward done: 1.0858501195907593
Step: 7962624	Mean reward: 5.1875, 	Mean reward done: 1.1663401126861572
Step: 7970816	Mean reward: 5.4375, 	Mean reward done: 1.2783329486846924
Step: 7979008	Mean reward: 5.4375, 	Mean reward done: 1.3128336668014526
Step: 7987200	Mean reward: 6.125, 	Mean reward done: 1.4246422052383423
Step: 7995392	Mean reward: 5.0625, 	Mean reward done: 1.417049527168274
Step: 8003584	Mean reward: 5.5, 	Mean reward done: 1.119413137435913
Completed training of sd_n_na_db!

------------------------------------------------------------
Sender: LSF System <lsfadmin@n-62-20-14>
Subject: Job 8473450: <sd_n_na_db> in cluster <dcc> Done

Job <sd_n_na_db> was submitted from host <n-62-30-4> by user <s192288> in cluster <dcc> at Thu Dec  3 20:37:32 2020
Job was executed on host(s) <n-62-20-14>, in queue <gpuv100>, as user <s192288> in cluster <dcc> at Fri Dec  4 09:43:23 2020
</zhome/09/9/144141> was used as the home directory.
</zhome/09/9/144141/Desktop/Deep_l_hpc> was used as the working directory.
Started at Fri Dec  4 09:43:23 2020
Terminated at Fri Dec  4 13:32:13 2020
Results reported at Fri Dec  4 13:32:13 2020

Your job looked like:

------------------------------------------------------------
# LSBATCH: User input
#!/bin/sh

#BSUB -J sd_n_na_db

#BSUB -q gpuv100

#BSUB -gpu "num=1"

#BSUB -n 1

#BSUB -W 23:45

#BSUB -R "rusage[mem=16GB]"

#BSUB -o sd_n_na_db.out

#BSUB -e sd_n_na_db.err

# Load modules

module load python3/3.8.2
module load cuda/8.0
module load cudnn/v7.0-prod-cuda8
module load ffmpeg/4.2.2
pip3 install --user torch matplotlib procgen gym 

# 1 = model_name, 2 = encoder_index, 3 = aug_index, 4 = mix_reg, 5 = game
#the name of the run
#encoder_index 0 = Impala, 1 = Nature  
#aug_index: 0 = None, 1 = grayscale, 2 = random_cutout, 3 = color_jitter
#mixreg: 0 = False, 1 = True 
#type of game

python3 train_ppo.py sd_n_na_db 1 0 0 dodgeball 



------------------------------------------------------------

Successfully completed.

Resource usage summary:

    CPU time :                                   13647.47 sec.
    Max Memory :                                 9070 MB
    Average Memory :                             9002.15 MB
    Total Requested Memory :                     16384.00 MB
    Delta Memory :                               7314.00 MB
    Max Swap :                                   -
    Max Processes :                              4
    Max Threads :                                13
    Run time :                                   13729 sec.
    Turnaround time :                            60881 sec.

The output (if any) is above this job summary.



PS:

Read file <sd_n_na_db.err> for stderr output of this job.

