Requirement already satisfied: torch in /zhome/09/9/144141/.local/lib/python3.8/site-packages (1.7.0)
Requirement already satisfied: matplotlib in /zhome/09/9/144141/.local/lib/python3.8/site-packages (3.3.3)
Requirement already satisfied: procgen in /zhome/09/9/144141/.local/lib/python3.8/site-packages (0.10.4)
Requirement already satisfied: gym in /zhome/09/9/144141/.local/lib/python3.8/site-packages (0.17.3)
Requirement already satisfied: dataclasses in /zhome/09/9/144141/.local/lib/python3.8/site-packages (from torch) (0.6)
Requirement already satisfied: numpy in /zhome/09/9/144141/.local/lib/python3.8/site-packages (from torch) (1.19.4)
Requirement already satisfied: future in /zhome/09/9/144141/.local/lib/python3.8/site-packages (from torch) (0.18.2)
Requirement already satisfied: typing-extensions in /zhome/09/9/144141/.local/lib/python3.8/site-packages (from torch) (3.7.4.3)
Requirement already satisfied: cycler>=0.10 in /zhome/09/9/144141/.local/lib/python3.8/site-packages (from matplotlib) (0.10.0)
Requirement already satisfied: python-dateutil>=2.1 in /zhome/09/9/144141/.local/lib/python3.8/site-packages (from matplotlib) (2.8.1)
Requirement already satisfied: pyparsing!=2.0.4,!=2.1.2,!=2.1.6,>=2.0.3 in /zhome/09/9/144141/.local/lib/python3.8/site-packages (from matplotlib) (2.4.7)
Requirement already satisfied: pillow>=6.2.0 in /zhome/09/9/144141/.local/lib/python3.8/site-packages (from matplotlib) (8.0.1)
Requirement already satisfied: kiwisolver>=1.0.1 in /zhome/09/9/144141/.local/lib/python3.8/site-packages (from matplotlib) (1.3.1)
Requirement already satisfied: gym3<1.0.0,>=0.3.3 in /zhome/09/9/144141/.local/lib/python3.8/site-packages (from procgen) (0.3.3)
Requirement already satisfied: filelock<4.0.0,>=3.0.0 in /zhome/09/9/144141/.local/lib/python3.8/site-packages (from procgen) (3.0.12)
Requirement already satisfied: scipy in /zhome/09/9/144141/.local/lib/python3.8/site-packages (from gym) (1.5.4)
Requirement already satisfied: pyglet<=1.5.0,>=1.4.0 in /zhome/09/9/144141/.local/lib/python3.8/site-packages (from gym) (1.5.0)
Requirement already satisfied: cloudpickle<1.7.0,>=1.2.0 in /zhome/09/9/144141/.local/lib/python3.8/site-packages (from gym) (1.6.0)
Requirement already satisfied: six in /zhome/09/9/144141/.local/lib/python3.8/site-packages (from cycler>=0.10->matplotlib) (1.15.0)
Requirement already satisfied: glfw<2.0.0,>=1.8.6 in /zhome/09/9/144141/.local/lib/python3.8/site-packages (from gym3<1.0.0,>=0.3.3->procgen) (1.12.0)
Requirement already satisfied: cffi<2.0.0,>=1.13.0 in /zhome/09/9/144141/.local/lib/python3.8/site-packages (from gym3<1.0.0,>=0.3.3->procgen) (1.14.4)
Requirement already satisfied: moderngl<6.0.0,>=5.5.4 in /zhome/09/9/144141/.local/lib/python3.8/site-packages (from gym3<1.0.0,>=0.3.3->procgen) (5.6.2)
Requirement already satisfied: imageio<3.0.0,>=2.6.0 in /zhome/09/9/144141/.local/lib/python3.8/site-packages (from gym3<1.0.0,>=0.3.3->procgen) (2.9.0)
Requirement already satisfied: imageio-ffmpeg<0.4.0,>=0.3.0 in /zhome/09/9/144141/.local/lib/python3.8/site-packages (from gym3<1.0.0,>=0.3.3->procgen) (0.3.0)
Requirement already satisfied: pycparser in /zhome/09/9/144141/.local/lib/python3.8/site-packages (from cffi<2.0.0,>=1.13.0->gym3<1.0.0,>=0.3.3->procgen) (2.20)
Requirement already satisfied: glcontext<3,>=2 in /zhome/09/9/144141/.local/lib/python3.8/site-packages (from moderngl<6.0.0,>=5.5.4->gym3<1.0.0,>=0.3.3->procgen) (2.2.0)
Run name sd_n_rc_db
Encoder used Nature
Augumentation used random_cutout
Mixreg? False
Game dodgeball
Observation space: Box(0.0, 1.0, (3, 64, 64), float32)
Action space: 15
Embrace Nature!
Step: 8192	Mean reward: 3.0625, 	Mean reward done: 1.5745315551757812
Estimated time of completion: 3.92429045556734 hours
Step: 16384	Mean reward: 2.375, 	Mean reward done: 0.828147292137146
Step: 24576	Mean reward: 2.6875, 	Mean reward done: 0.9753617644309998
Step: 32768	Mean reward: 3.0625, 	Mean reward done: 1.1686596870422363
Step: 40960	Mean reward: 2.125, 	Mean reward done: 0.6902600526809692
Step: 49152	Mean reward: 2.8125, 	Mean reward done: 0.9180306792259216
Step: 57344	Mean reward: 2.625, 	Mean reward done: 0.947019636631012
Step: 65536	Mean reward: 2.0, 	Mean reward done: 0.6510534882545471
Step: 73728	Mean reward: 2.9375, 	Mean reward done: 1.2449530363082886
Step: 81920	Mean reward: 3.125, 	Mean reward done: 1.1849157810211182
Step: 90112	Mean reward: 3.1875, 	Mean reward done: 1.3146816492080688
Step: 98304	Mean reward: 2.1875, 	Mean reward done: 1.1480846405029297
Step: 106496	Mean reward: 2.375, 	Mean reward done: 1.2745378017425537
Step: 114688	Mean reward: 3.1875, 	Mean reward done: 1.1560661792755127
Step: 122880	Mean reward: 3.1875, 	Mean reward done: 1.071974277496338
Step: 131072	Mean reward: 3.375, 	Mean reward done: 1.265299677848816
Step: 139264	Mean reward: 3.375, 	Mean reward done: 1.1952276229858398
Step: 147456	Mean reward: 2.6875, 	Mean reward done: 1.2364842891693115
Step: 155648	Mean reward: 3.3125, 	Mean reward done: 1.176588535308838
Step: 163840	Mean reward: 2.4375, 	Mean reward done: 1.096541404724121
Step: 172032	Mean reward: 2.125, 	Mean reward done: 0.8076603412628174
Step: 180224	Mean reward: 2.875, 	Mean reward done: 1.2152639627456665
Step: 188416	Mean reward: 2.875, 	Mean reward done: 1.2536455392837524
Step: 196608	Mean reward: 2.4375, 	Mean reward done: 0.685887336730957
Step: 204800	Mean reward: 3.0625, 	Mean reward done: 0.9240162372589111
Step: 212992	Mean reward: 3.0, 	Mean reward done: 1.1846693754196167
Step: 221184	Mean reward: 2.5625, 	Mean reward done: 0.7940769195556641
Step: 229376	Mean reward: 2.375, 	Mean reward done: 0.8092289566993713
Step: 237568	Mean reward: 3.25, 	Mean reward done: 1.0303748846054077
Step: 245760	Mean reward: 3.6875, 	Mean reward done: 1.1921727657318115
Step: 253952	Mean reward: 3.5625, 	Mean reward done: 1.27364981174469
Step: 262144	Mean reward: 3.25, 	Mean reward done: 1.1851433515548706
Step: 270336	Mean reward: 3.1875, 	Mean reward done: 0.9302045106887817
Step: 278528	Mean reward: 3.0, 	Mean reward done: 0.8811520934104919
Step: 286720	Mean reward: 3.8125, 	Mean reward done: 1.434617519378662
Step: 294912	Mean reward: 2.625, 	Mean reward done: 1.0890884399414062
Step: 303104	Mean reward: 3.1875, 	Mean reward done: 1.316182017326355
Step: 311296	Mean reward: 2.75, 	Mean reward done: 1.1437724828720093
Step: 319488	Mean reward: 3.375, 	Mean reward done: 1.2163352966308594
Step: 327680	Mean reward: 3.9375, 	Mean reward done: 1.1693392992019653
Step: 335872	Mean reward: 3.625, 	Mean reward done: 1.2695047855377197
Step: 344064	Mean reward: 2.8125, 	Mean reward done: 0.8637673854827881
Step: 352256	Mean reward: 3.4375, 	Mean reward done: 1.134861946105957
Step: 360448	Mean reward: 3.75, 	Mean reward done: 1.3526064157485962
Step: 368640	Mean reward: 2.9375, 	Mean reward done: 1.176410436630249
Step: 376832	Mean reward: 3.5625, 	Mean reward done: 1.0772289037704468
Step: 385024	Mean reward: 3.625, 	Mean reward done: 1.2514328956604004
Step: 393216	Mean reward: 4.1875, 	Mean reward done: 1.612644910812378
Step: 401408	Mean reward: 3.3125, 	Mean reward done: 1.2386505603790283
Step: 409600	Mean reward: 3.5, 	Mean reward done: 1.0132741928100586
Step: 417792	Mean reward: 3.125, 	Mean reward done: 1.1011849641799927
Step: 425984	Mean reward: 3.75, 	Mean reward done: 1.6075081825256348
Step: 434176	Mean reward: 3.0625, 	Mean reward done: 1.2119245529174805
Step: 442368	Mean reward: 2.75, 	Mean reward done: 0.9748400449752808
Step: 450560	Mean reward: 3.5, 	Mean reward done: 0.9768691658973694
Step: 458752	Mean reward: 2.4375, 	Mean reward done: 0.7672322988510132
Step: 466944	Mean reward: 3.625, 	Mean reward done: 1.1583456993103027
Step: 475136	Mean reward: 2.625, 	Mean reward done: 0.8442273139953613
Step: 483328	Mean reward: 2.8125, 	Mean reward done: 0.9860243797302246
Step: 491520	Mean reward: 3.0625, 	Mean reward done: 1.016156554222107
Step: 499712	Mean reward: 2.875, 	Mean reward done: 1.1424083709716797
Step: 507904	Mean reward: 3.5, 	Mean reward done: 1.0812586545944214
Step: 516096	Mean reward: 3.0, 	Mean reward done: 1.165459394454956
Step: 524288	Mean reward: 2.75, 	Mean reward done: 0.9252567887306213
Step: 532480	Mean reward: 3.125, 	Mean reward done: 0.8549732565879822
Step: 540672	Mean reward: 3.1875, 	Mean reward done: 1.1688928604125977
Step: 548864	Mean reward: 2.5, 	Mean reward done: 0.6568307876586914
Step: 557056	Mean reward: 3.125, 	Mean reward done: 1.070874810218811
Step: 565248	Mean reward: 2.875, 	Mean reward done: 0.7473536729812622
Step: 573440	Mean reward: 2.9375, 	Mean reward done: 1.027401089668274
Step: 581632	Mean reward: 3.1875, 	Mean reward done: 0.9281193017959595
Step: 589824	Mean reward: 2.875, 	Mean reward done: 1.006877064704895
Step: 598016	Mean reward: 3.375, 	Mean reward done: 1.1261682510375977
Step: 606208	Mean reward: 2.8125, 	Mean reward done: 0.9016674160957336
Step: 614400	Mean reward: 4.4375, 	Mean reward done: 1.3907444477081299
Step: 622592	Mean reward: 3.75, 	Mean reward done: 1.2493520975112915
Step: 630784	Mean reward: 3.6875, 	Mean reward done: 1.1758229732513428
Step: 638976	Mean reward: 2.625, 	Mean reward done: 1.0969791412353516
Step: 647168	Mean reward: 3.1875, 	Mean reward done: 1.2663273811340332
Step: 655360	Mean reward: 2.4375, 	Mean reward done: 0.8376919627189636
Step: 663552	Mean reward: 4.375, 	Mean reward done: 1.8467092514038086
Step: 671744	Mean reward: 3.375, 	Mean reward done: 1.0596635341644287
Step: 679936	Mean reward: 2.1875, 	Mean reward done: 0.7341370582580566
Step: 688128	Mean reward: 3.5625, 	Mean reward done: 1.3338756561279297
Step: 696320	Mean reward: 2.8125, 	Mean reward done: 0.9666755199432373
Step: 704512	Mean reward: 3.1875, 	Mean reward done: 1.2207411527633667
Step: 712704	Mean reward: 3.5, 	Mean reward done: 1.1557745933532715
Step: 720896	Mean reward: 3.75, 	Mean reward done: 1.157684087753296
Step: 729088	Mean reward: 3.25, 	Mean reward done: 1.149227261543274
Step: 737280	Mean reward: 3.5, 	Mean reward done: 1.076204776763916
Step: 745472	Mean reward: 2.9375, 	Mean reward done: 0.9301075339317322
Step: 753664	Mean reward: 3.9375, 	Mean reward done: 1.3485221862792969
Step: 761856	Mean reward: 3.125, 	Mean reward done: 1.0770580768585205
Step: 770048	Mean reward: 2.9375, 	Mean reward done: 1.0687962770462036
Step: 778240	Mean reward: 2.9375, 	Mean reward done: 1.104352355003357
Step: 786432	Mean reward: 3.0, 	Mean reward done: 1.0681328773498535
Step: 794624	Mean reward: 3.3125, 	Mean reward done: 1.0835679769515991
Step: 802816	Mean reward: 2.25, 	Mean reward done: 0.8154937028884888
Step: 811008	Mean reward: 2.6875, 	Mean reward done: 0.9740443825721741
Step: 819200	Mean reward: 2.75, 	Mean reward done: 0.972776472568512
Step: 827392	Mean reward: 4.375, 	Mean reward done: 1.5794507265090942
Step: 835584	Mean reward: 5.25, 	Mean reward done: 1.7600914239883423
Step: 843776	Mean reward: 4.8125, 	Mean reward done: 1.3079885244369507
Step: 851968	Mean reward: 4.25, 	Mean reward done: 1.540021538734436
Step: 860160	Mean reward: 4.625, 	Mean reward done: 1.3547024726867676
Step: 868352	Mean reward: 5.375, 	Mean reward done: 1.5131348371505737
Step: 876544	Mean reward: 4.25, 	Mean reward done: 1.2161874771118164
Step: 884736	Mean reward: 4.8125, 	Mean reward done: 1.6061904430389404
Step: 892928	Mean reward: 3.4375, 	Mean reward done: 1.1668621301651
Step: 901120	Mean reward: 3.5625, 	Mean reward done: 1.0080755949020386
Step: 909312	Mean reward: 2.875, 	Mean reward done: 0.8821839690208435
Step: 917504	Mean reward: 2.3125, 	Mean reward done: 0.7545893788337708
Step: 925696	Mean reward: 4.0625, 	Mean reward done: 1.1061122417449951
Step: 933888	Mean reward: 4.5625, 	Mean reward done: 1.5326663255691528
Step: 942080	Mean reward: 4.75, 	Mean reward done: 1.382033109664917
Step: 950272	Mean reward: 4.1875, 	Mean reward done: 1.3036993741989136
Step: 958464	Mean reward: 4.5, 	Mean reward done: 1.3446815013885498
Step: 966656	Mean reward: 4.0625, 	Mean reward done: 1.2724120616912842
Step: 974848	Mean reward: 4.25, 	Mean reward done: 1.5120090246200562
Step: 983040	Mean reward: 3.875, 	Mean reward done: 1.2499257326126099
Step: 991232	Mean reward: 4.4375, 	Mean reward done: 1.5387314558029175
Step: 999424	Mean reward: 3.3125, 	Mean reward done: 1.1143386363983154
Step: 1007616	Mean reward: 4.1875, 	Mean reward done: 1.2786450386047363
Step: 1015808	Mean reward: 4.1875, 	Mean reward done: 1.2209906578063965
Step: 1024000	Mean reward: 4.125, 	Mean reward done: 1.2568997144699097
Step: 1032192	Mean reward: 3.5, 	Mean reward done: 1.1246317625045776
Step: 1040384	Mean reward: 3.125, 	Mean reward done: 1.0747652053833008
Step: 1048576	Mean reward: 4.125, 	Mean reward done: 1.2133910655975342
Step: 1056768	Mean reward: 4.125, 	Mean reward done: 1.2183645963668823
Step: 1064960	Mean reward: 3.9375, 	Mean reward done: 1.3217839002609253
Step: 1073152	Mean reward: 3.1875, 	Mean reward done: 1.5166070461273193
Step: 1081344	Mean reward: 3.3125, 	Mean reward done: 1.260664463043213
Step: 1089536	Mean reward: 3.3125, 	Mean reward done: 1.1356405019760132
Step: 1097728	Mean reward: 4.125, 	Mean reward done: 1.2275103330612183
Step: 1105920	Mean reward: 4.625, 	Mean reward done: 1.3167657852172852
Step: 1114112	Mean reward: 4.125, 	Mean reward done: 1.2288694381713867
Step: 1122304	Mean reward: 4.625, 	Mean reward done: 1.5317790508270264
Step: 1130496	Mean reward: 4.125, 	Mean reward done: 1.1153589487075806
Step: 1138688	Mean reward: 4.5625, 	Mean reward done: 1.2646479606628418
Step: 1146880	Mean reward: 3.75, 	Mean reward done: 1.0898302793502808
Step: 1155072	Mean reward: 5.0625, 	Mean reward done: 1.3626689910888672
Step: 1163264	Mean reward: 4.1875, 	Mean reward done: 1.3966505527496338
Step: 1171456	Mean reward: 4.9375, 	Mean reward done: 1.2840973138809204
Step: 1179648	Mean reward: 4.0625, 	Mean reward done: 1.3068817853927612
Step: 1187840	Mean reward: 3.4375, 	Mean reward done: 0.9574337005615234
Step: 1196032	Mean reward: 3.75, 	Mean reward done: 1.3373143672943115
Step: 1204224	Mean reward: 3.8125, 	Mean reward done: 1.119433045387268
Step: 1212416	Mean reward: 2.875, 	Mean reward done: 1.0852279663085938
Step: 1220608	Mean reward: 4.25, 	Mean reward done: 1.438326120376587
Step: 1228800	Mean reward: 3.4375, 	Mean reward done: 1.031783938407898
Step: 1236992	Mean reward: 3.875, 	Mean reward done: 1.0987058877944946
Step: 1245184	Mean reward: 4.625, 	Mean reward done: 1.4643744230270386
Step: 1253376	Mean reward: 4.4375, 	Mean reward done: 1.3349264860153198
Step: 1261568	Mean reward: 3.625, 	Mean reward done: 1.222777247428894
Step: 1269760	Mean reward: 3.125, 	Mean reward done: 0.9678023457527161
Step: 1277952	Mean reward: 3.6875, 	Mean reward done: 1.2957102060317993
Step: 1286144	Mean reward: 3.1875, 	Mean reward done: 0.9282446503639221
Step: 1294336	Mean reward: 3.0, 	Mean reward done: 1.175966739654541
Step: 1302528	Mean reward: 2.5, 	Mean reward done: 0.9720604419708252
Step: 1310720	Mean reward: 4.6875, 	Mean reward done: 1.4816410541534424
Step: 1318912	Mean reward: 4.875, 	Mean reward done: 1.5279079675674438
Step: 1327104	Mean reward: 4.25, 	Mean reward done: 1.1009466648101807
Step: 1335296	Mean reward: 4.8125, 	Mean reward done: 1.517818570137024
Step: 1343488	Mean reward: 4.5, 	Mean reward done: 1.301735520362854
Step: 1351680	Mean reward: 4.3125, 	Mean reward done: 1.4642906188964844
Step: 1359872	Mean reward: 4.125, 	Mean reward done: 1.3020117282867432
Step: 1368064	Mean reward: 3.875, 	Mean reward done: 1.147142767906189
Step: 1376256	Mean reward: 4.875, 	Mean reward done: 1.4552254676818848
Step: 1384448	Mean reward: 4.5, 	Mean reward done: 1.169493556022644
Step: 1392640	Mean reward: 3.75, 	Mean reward done: 1.1341012716293335
Step: 1400832	Mean reward: 4.0625, 	Mean reward done: 1.2096365690231323
Step: 1409024	Mean reward: 4.625, 	Mean reward done: 1.2077864408493042
Step: 1417216	Mean reward: 5.0625, 	Mean reward done: 1.4800279140472412
Step: 1425408	Mean reward: 4.875, 	Mean reward done: 1.4346052408218384
Step: 1433600	Mean reward: 4.8125, 	Mean reward done: 1.2976804971694946
Step: 1441792	Mean reward: 5.0, 	Mean reward done: 1.2704987525939941
Step: 1449984	Mean reward: 4.0, 	Mean reward done: 1.146859884262085
Step: 1458176	Mean reward: 5.1875, 	Mean reward done: 1.4148670434951782
Step: 1466368	Mean reward: 5.3125, 	Mean reward done: 1.4498451948165894
Step: 1474560	Mean reward: 4.25, 	Mean reward done: 1.1124809980392456
Step: 1482752	Mean reward: 3.8125, 	Mean reward done: 1.1003690958023071
Step: 1490944	Mean reward: 4.625, 	Mean reward done: 1.4623944759368896
Step: 1499136	Mean reward: 4.4375, 	Mean reward done: 1.3938605785369873
Step: 1507328	Mean reward: 3.25, 	Mean reward done: 1.1691882610321045
Step: 1515520	Mean reward: 4.25, 	Mean reward done: 1.0511243343353271
Step: 1523712	Mean reward: 3.5625, 	Mean reward done: 0.8674750328063965
Step: 1531904	Mean reward: 3.9375, 	Mean reward done: 1.1518824100494385
Step: 1540096	Mean reward: 2.75, 	Mean reward done: 0.8797723650932312
Step: 1548288	Mean reward: 3.5, 	Mean reward done: 1.0795828104019165
Step: 1556480	Mean reward: 4.5, 	Mean reward done: 1.634981632232666
Step: 1564672	Mean reward: 3.3125, 	Mean reward done: 1.02045476436615
Step: 1572864	Mean reward: 2.9375, 	Mean reward done: 0.8410402536392212
Step: 1581056	Mean reward: 3.8125, 	Mean reward done: 1.0939116477966309
Step: 1589248	Mean reward: 4.6875, 	Mean reward done: 1.3089408874511719
Step: 1597440	Mean reward: 3.875, 	Mean reward done: 1.4594097137451172
Step: 1605632	Mean reward: 3.5625, 	Mean reward done: 1.1905930042266846
Step: 1613824	Mean reward: 3.8125, 	Mean reward done: 1.1329690217971802
Step: 1622016	Mean reward: 4.5, 	Mean reward done: 1.1659648418426514
Step: 1630208	Mean reward: 4.5, 	Mean reward done: 1.2836838960647583
Step: 1638400	Mean reward: 3.8125, 	Mean reward done: 1.0639469623565674
Step: 1646592	Mean reward: 4.3125, 	Mean reward done: 1.0745913982391357
Step: 1654784	Mean reward: 4.4375, 	Mean reward done: 1.319764256477356
Step: 1662976	Mean reward: 3.6875, 	Mean reward done: 1.1992907524108887
Step: 1671168	Mean reward: 3.6875, 	Mean reward done: 1.1435621976852417
Step: 1679360	Mean reward: 3.25, 	Mean reward done: 1.1246602535247803
Step: 1687552	Mean reward: 3.875, 	Mean reward done: 0.9371922016143799
Step: 1695744	Mean reward: 2.25, 	Mean reward done: 0.667876124382019
Step: 1703936	Mean reward: 4.5, 	Mean reward done: 1.2878097295761108
Step: 1712128	Mean reward: 4.1875, 	Mean reward done: 1.3154656887054443
Step: 1720320	Mean reward: 5.3125, 	Mean reward done: 1.6448795795440674
Step: 1728512	Mean reward: 5.5625, 	Mean reward done: 1.4919565916061401
Step: 1736704	Mean reward: 5.625, 	Mean reward done: 1.552751064300537
Step: 1744896	Mean reward: 4.3125, 	Mean reward done: 1.2913693189620972
Step: 1753088	Mean reward: 3.6875, 	Mean reward done: 1.0076531171798706
Step: 1761280	Mean reward: 4.375, 	Mean reward done: 0.9687159657478333
Step: 1769472	Mean reward: 4.3125, 	Mean reward done: 1.4493744373321533
Step: 1777664	Mean reward: 3.4375, 	Mean reward done: 1.1230072975158691
Step: 1785856	Mean reward: 4.4375, 	Mean reward done: 1.0647385120391846
Step: 1794048	Mean reward: 4.8125, 	Mean reward done: 1.3681384325027466
Step: 1802240	Mean reward: 5.5, 	Mean reward done: 1.4801474809646606
Step: 1810432	Mean reward: 5.875, 	Mean reward done: 1.4325470924377441
Step: 1818624	Mean reward: 3.5, 	Mean reward done: 1.0997066497802734
Step: 1826816	Mean reward: 2.875, 	Mean reward done: 0.8404675126075745
Step: 1835008	Mean reward: 3.4375, 	Mean reward done: 1.1103452444076538
Step: 1843200	Mean reward: 3.3125, 	Mean reward done: 1.0987753868103027
Step: 1851392	Mean reward: 3.5625, 	Mean reward done: 1.0695703029632568
Step: 1859584	Mean reward: 3.0625, 	Mean reward done: 1.0426321029663086
Step: 1867776	Mean reward: 3.75, 	Mean reward done: 0.885549008846283
Step: 1875968	Mean reward: 4.1875, 	Mean reward done: 1.1832529306411743
Step: 1884160	Mean reward: 5.0, 	Mean reward done: 1.3487496376037598
Step: 1892352	Mean reward: 4.0625, 	Mean reward done: 1.1861296892166138
Step: 1900544	Mean reward: 3.875, 	Mean reward done: 0.9016402959823608
Step: 1908736	Mean reward: 5.0, 	Mean reward done: 1.3587175607681274
Step: 1916928	Mean reward: 5.0625, 	Mean reward done: 1.441157579421997
Step: 1925120	Mean reward: 3.6875, 	Mean reward done: 0.9313604831695557
Step: 1933312	Mean reward: 3.3125, 	Mean reward done: 1.1923609972000122
Step: 1941504	Mean reward: 3.375, 	Mean reward done: 0.9145167469978333
Step: 1949696	Mean reward: 4.125, 	Mean reward done: 1.2770320177078247
Step: 1957888	Mean reward: 5.0, 	Mean reward done: 1.3629854917526245
Step: 1966080	Mean reward: 4.75, 	Mean reward done: 1.2618608474731445
Step: 1974272	Mean reward: 4.1875, 	Mean reward done: 1.3493984937667847
Step: 1982464	Mean reward: 4.6875, 	Mean reward done: 1.1932710409164429
Step: 1990656	Mean reward: 5.0, 	Mean reward done: 1.3482669591903687
Step: 1998848	Mean reward: 3.3125, 	Mean reward done: 0.9096531271934509
Step: 2007040	Mean reward: 5.0, 	Mean reward done: 1.7311558723449707
Step: 2015232	Mean reward: 3.3125, 	Mean reward done: 1.0652058124542236
Step: 2023424	Mean reward: 2.9375, 	Mean reward done: 0.9705813527107239
Step: 2031616	Mean reward: 3.8125, 	Mean reward done: 0.8648791313171387
Step: 2039808	Mean reward: 4.0625, 	Mean reward done: 1.0315556526184082
Step: 2048000	Mean reward: 4.6875, 	Mean reward done: 1.5909727811813354
Step: 2056192	Mean reward: 5.3125, 	Mean reward done: 1.1381516456604004
Step: 2064384	Mean reward: 4.0, 	Mean reward done: 0.9548681974411011
Step: 2072576	Mean reward: 3.4375, 	Mean reward done: 0.9574812650680542
Step: 2080768	Mean reward: 2.9375, 	Mean reward done: 0.9682499766349792
Step: 2088960	Mean reward: 4.125, 	Mean reward done: 1.1854655742645264
Step: 2097152	Mean reward: 4.8125, 	Mean reward done: 1.1506680250167847
Step: 2105344	Mean reward: 4.125, 	Mean reward done: 1.1621050834655762
Step: 2113536	Mean reward: 3.8125, 	Mean reward done: 1.2354788780212402
Step: 2121728	Mean reward: 4.0625, 	Mean reward done: 1.2122083902359009
Step: 2129920	Mean reward: 3.6875, 	Mean reward done: 0.8211599588394165
Step: 2138112	Mean reward: 3.8125, 	Mean reward done: 1.0170866250991821
Step: 2146304	Mean reward: 4.5, 	Mean reward done: 1.3321772813796997
Step: 2154496	Mean reward: 4.0, 	Mean reward done: 0.9931375980377197
Step: 2162688	Mean reward: 5.0, 	Mean reward done: 1.3314443826675415
Step: 2170880	Mean reward: 4.375, 	Mean reward done: 1.2393728494644165
Step: 2179072	Mean reward: 3.3125, 	Mean reward done: 1.0944015979766846
Step: 2187264	Mean reward: 3.875, 	Mean reward done: 1.106696605682373
Step: 2195456	Mean reward: 3.6875, 	Mean reward done: 1.2273566722869873
Step: 2203648	Mean reward: 2.8125, 	Mean reward done: 0.8710074424743652
Step: 2211840	Mean reward: 2.1875, 	Mean reward done: 0.6054333448410034
Step: 2220032	Mean reward: 3.3125, 	Mean reward done: 1.1583876609802246
Step: 2228224	Mean reward: 4.75, 	Mean reward done: 1.3592959642410278
Step: 2236416	Mean reward: 5.875, 	Mean reward done: 1.6833455562591553
Step: 2244608	Mean reward: 4.125, 	Mean reward done: 0.9624199271202087
Step: 2252800	Mean reward: 4.375, 	Mean reward done: 1.1916744709014893
Step: 2260992	Mean reward: 4.1875, 	Mean reward done: 1.1308934688568115
Step: 2269184	Mean reward: 4.3125, 	Mean reward done: 1.127977728843689
Step: 2277376	Mean reward: 4.375, 	Mean reward done: 1.3741062879562378
Step: 2285568	Mean reward: 5.625, 	Mean reward done: 1.556121826171875
Step: 2293760	Mean reward: 4.5, 	Mean reward done: 1.323265552520752
Step: 2301952	Mean reward: 5.125, 	Mean reward done: 1.42164945602417
Step: 2310144	Mean reward: 4.5625, 	Mean reward done: 1.430810809135437
Step: 2318336	Mean reward: 3.1875, 	Mean reward done: 0.8937404155731201
Step: 2326528	Mean reward: 3.75, 	Mean reward done: 0.9201205968856812
Step: 2334720	Mean reward: 4.4375, 	Mean reward done: 1.4088222980499268
Step: 2342912	Mean reward: 4.4375, 	Mean reward done: 1.2708419561386108
Step: 2351104	Mean reward: 4.5625, 	Mean reward done: 1.372261643409729
Step: 2359296	Mean reward: 3.8125, 	Mean reward done: 0.9519124627113342
Step: 2367488	Mean reward: 4.125, 	Mean reward done: 1.3583084344863892
Step: 2375680	Mean reward: 2.9375, 	Mean reward done: 0.8063176274299622
Step: 2383872	Mean reward: 3.6875, 	Mean reward done: 1.0172721147537231
Step: 2392064	Mean reward: 4.625, 	Mean reward done: 1.2677289247512817
Step: 2400256	Mean reward: 3.0, 	Mean reward done: 0.8109509944915771
Step: 2408448	Mean reward: 4.875, 	Mean reward done: 1.181444525718689
Step: 2416640	Mean reward: 4.1875, 	Mean reward done: 1.4619911909103394
Step: 2424832	Mean reward: 4.9375, 	Mean reward done: 1.2697478532791138
Step: 2433024	Mean reward: 4.0625, 	Mean reward done: 1.1074597835540771
Step: 2441216	Mean reward: 4.5625, 	Mean reward done: 1.0707175731658936
Step: 2449408	Mean reward: 4.9375, 	Mean reward done: 1.5362486839294434
Step: 2457600	Mean reward: 4.3125, 	Mean reward done: 1.3486497402191162
Step: 2465792	Mean reward: 3.9375, 	Mean reward done: 1.2839123010635376
Step: 2473984	Mean reward: 3.875, 	Mean reward done: 1.180459976196289
Step: 2482176	Mean reward: 5.0, 	Mean reward done: 1.4011099338531494
Step: 2490368	Mean reward: 5.1875, 	Mean reward done: 1.5218638181686401
Step: 2498560	Mean reward: 3.4375, 	Mean reward done: 1.1153799295425415
Step: 2506752	Mean reward: 4.625, 	Mean reward done: 1.1666589975357056
Step: 2514944	Mean reward: 4.25, 	Mean reward done: 1.3203297853469849
Step: 2523136	Mean reward: 3.5, 	Mean reward done: 1.1746892929077148
Step: 2531328	Mean reward: 5.375, 	Mean reward done: 1.4535019397735596
Step: 2539520	Mean reward: 4.375, 	Mean reward done: 1.369163990020752
Step: 2547712	Mean reward: 4.625, 	Mean reward done: 1.2487332820892334
Step: 2555904	Mean reward: 4.375, 	Mean reward done: 1.225522756576538
Step: 2564096	Mean reward: 5.375, 	Mean reward done: 1.5391743183135986
Step: 2572288	Mean reward: 4.1875, 	Mean reward done: 1.267378807067871
Step: 2580480	Mean reward: 5.0, 	Mean reward done: 1.5177315473556519
Step: 2588672	Mean reward: 6.0, 	Mean reward done: 1.59685218334198
Step: 2596864	Mean reward: 4.4375, 	Mean reward done: 1.5257420539855957
Step: 2605056	Mean reward: 4.375, 	Mean reward done: 1.0204919576644897
Step: 2613248	Mean reward: 4.25, 	Mean reward done: 1.1409587860107422
Step: 2621440	Mean reward: 4.5, 	Mean reward done: 1.2829772233963013
Step: 2629632	Mean reward: 3.625, 	Mean reward done: 0.9419238567352295
Step: 2637824	Mean reward: 4.3125, 	Mean reward done: 1.304417371749878
Step: 2646016	Mean reward: 4.0625, 	Mean reward done: 1.1927416324615479
Step: 2654208	Mean reward: 5.1875, 	Mean reward done: 1.5474380254745483
Step: 2662400	Mean reward: 4.375, 	Mean reward done: 1.366158366203308
Step: 2670592	Mean reward: 5.3125, 	Mean reward done: 1.5178557634353638
Step: 2678784	Mean reward: 4.3125, 	Mean reward done: 1.3726030588150024
Step: 2686976	Mean reward: 4.9375, 	Mean reward done: 1.7432937622070312
Step: 2695168	Mean reward: 4.8125, 	Mean reward done: 1.2381842136383057
Step: 2703360	Mean reward: 5.0, 	Mean reward done: 1.3199245929718018
Step: 2711552	Mean reward: 4.8125, 	Mean reward done: 1.200425624847412
Step: 2719744	Mean reward: 5.375, 	Mean reward done: 1.2775919437408447
Step: 2727936	Mean reward: 5.75, 	Mean reward done: 1.5798203945159912
Step: 2736128	Mean reward: 5.1875, 	Mean reward done: 1.3941199779510498
Step: 2744320	Mean reward: 4.5625, 	Mean reward done: 1.46574866771698
Step: 2752512	Mean reward: 4.1875, 	Mean reward done: 1.3623425960540771
Step: 2760704	Mean reward: 4.9375, 	Mean reward done: 1.5170782804489136
Step: 2768896	Mean reward: 4.625, 	Mean reward done: 1.2118488550186157
Step: 2777088	Mean reward: 5.75, 	Mean reward done: 1.512269139289856
Step: 2785280	Mean reward: 6.0, 	Mean reward done: 1.6233680248260498
Step: 2793472	Mean reward: 5.125, 	Mean reward done: 1.237475037574768
Step: 2801664	Mean reward: 4.125, 	Mean reward done: 1.0986915826797485
Step: 2809856	Mean reward: 5.4375, 	Mean reward done: 1.5285683870315552
Step: 2818048	Mean reward: 4.4375, 	Mean reward done: 1.3264572620391846
Step: 2826240	Mean reward: 4.9375, 	Mean reward done: 1.4977792501449585
Step: 2834432	Mean reward: 4.125, 	Mean reward done: 1.4221835136413574
Step: 2842624	Mean reward: 4.3125, 	Mean reward done: 1.6216545104980469
Step: 2850816	Mean reward: 3.75, 	Mean reward done: 1.260393500328064
Step: 2859008	Mean reward: 3.8125, 	Mean reward done: 1.240580677986145
Step: 2867200	Mean reward: 4.375, 	Mean reward done: 1.2210204601287842
Step: 2875392	Mean reward: 4.375, 	Mean reward done: 1.4620360136032104
Step: 2883584	Mean reward: 3.9375, 	Mean reward done: 1.2242411375045776
Step: 2891776	Mean reward: 3.9375, 	Mean reward done: 1.2055400609970093
Step: 2899968	Mean reward: 5.875, 	Mean reward done: 1.7325420379638672
Step: 2908160	Mean reward: 4.875, 	Mean reward done: 1.412422776222229
Step: 2916352	Mean reward: 4.875, 	Mean reward done: 1.3084027767181396
Step: 2924544	Mean reward: 4.3125, 	Mean reward done: 1.4742234945297241
Step: 2932736	Mean reward: 4.1875, 	Mean reward done: 1.0918673276901245
Step: 2940928	Mean reward: 5.3125, 	Mean reward done: 1.806667685508728
Step: 2949120	Mean reward: 4.3125, 	Mean reward done: 1.3204421997070312
Step: 2957312	Mean reward: 3.4375, 	Mean reward done: 1.0535082817077637
Step: 2965504	Mean reward: 4.25, 	Mean reward done: 1.1376628875732422
Step: 2973696	Mean reward: 4.0625, 	Mean reward done: 1.4855310916900635
Step: 2981888	Mean reward: 3.0, 	Mean reward done: 0.9293813705444336
Step: 2990080	Mean reward: 3.1875, 	Mean reward done: 0.9990599155426025
Step: 2998272	Mean reward: 5.75, 	Mean reward done: 1.430587887763977
Step: 3006464	Mean reward: 3.75, 	Mean reward done: 1.0518577098846436
Step: 3014656	Mean reward: 4.125, 	Mean reward done: 1.3384089469909668
Step: 3022848	Mean reward: 3.375, 	Mean reward done: 0.7286385893821716
Step: 3031040	Mean reward: 5.0, 	Mean reward done: 1.5806212425231934
Step: 3039232	Mean reward: 4.8125, 	Mean reward done: 1.3098636865615845
Step: 3047424	Mean reward: 4.0, 	Mean reward done: 1.3383852243423462
Step: 3055616	Mean reward: 5.5, 	Mean reward done: 1.7803136110305786
Step: 3063808	Mean reward: 4.9375, 	Mean reward done: 1.3860796689987183
Step: 3072000	Mean reward: 3.75, 	Mean reward done: 1.0637420415878296
Step: 3080192	Mean reward: 4.5625, 	Mean reward done: 1.1069175004959106
Step: 3088384	Mean reward: 4.4375, 	Mean reward done: 1.214536190032959
Step: 3096576	Mean reward: 4.625, 	Mean reward done: 1.017360806465149
Step: 3104768	Mean reward: 4.0625, 	Mean reward done: 1.0361071825027466
Step: 3112960	Mean reward: 4.75, 	Mean reward done: 1.2927489280700684
Step: 3121152	Mean reward: 4.375, 	Mean reward done: 1.2312835454940796
Step: 3129344	Mean reward: 5.625, 	Mean reward done: 1.7237904071807861
Step: 3137536	Mean reward: 4.3125, 	Mean reward done: 1.2529890537261963
Step: 3145728	Mean reward: 3.8125, 	Mean reward done: 1.0935397148132324
Step: 3153920	Mean reward: 4.375, 	Mean reward done: 1.1577322483062744
Step: 3162112	Mean reward: 4.625, 	Mean reward done: 1.2318127155303955
Step: 3170304	Mean reward: 3.25, 	Mean reward done: 0.8570990562438965
Step: 3178496	Mean reward: 3.6875, 	Mean reward done: 1.0073872804641724
Step: 3186688	Mean reward: 4.0625, 	Mean reward done: 1.2019524574279785
Step: 3194880	Mean reward: 3.125, 	Mean reward done: 1.0785268545150757
Step: 3203072	Mean reward: 3.9375, 	Mean reward done: 1.2193900346755981
Step: 3211264	Mean reward: 4.5625, 	Mean reward done: 1.158244013786316
Step: 3219456	Mean reward: 3.8125, 	Mean reward done: 1.062378168106079
Step: 3227648	Mean reward: 4.625, 	Mean reward done: 1.2581052780151367
Step: 3235840	Mean reward: 4.5, 	Mean reward done: 1.6149426698684692
Step: 3244032	Mean reward: 4.25, 	Mean reward done: 1.2569453716278076
Step: 3252224	Mean reward: 3.75, 	Mean reward done: 1.1037729978561401
Step: 3260416	Mean reward: 3.5, 	Mean reward done: 1.1655457019805908
Step: 3268608	Mean reward: 2.8125, 	Mean reward done: 0.7871886491775513
Step: 3276800	Mean reward: 4.875, 	Mean reward done: 1.2531472444534302
Step: 3284992	Mean reward: 3.5, 	Mean reward done: 0.9889859557151794
Step: 3293184	Mean reward: 4.1875, 	Mean reward done: 1.1741242408752441
Step: 3301376	Mean reward: 4.75, 	Mean reward done: 1.3761738538742065
Step: 3309568	Mean reward: 4.375, 	Mean reward done: 1.1245496273040771
Step: 3317760	Mean reward: 4.1875, 	Mean reward done: 1.3217477798461914
Step: 3325952	Mean reward: 3.5, 	Mean reward done: 0.9435016512870789
Step: 3334144	Mean reward: 4.125, 	Mean reward done: 1.3339269161224365
Step: 3342336	Mean reward: 5.125, 	Mean reward done: 1.33064866065979
Step: 3350528	Mean reward: 5.4375, 	Mean reward done: 1.547567367553711
Step: 3358720	Mean reward: 3.5, 	Mean reward done: 1.0789835453033447
Step: 3366912	Mean reward: 3.9375, 	Mean reward done: 1.3401720523834229
Step: 3375104	Mean reward: 3.4375, 	Mean reward done: 1.1327162981033325
Step: 3383296	Mean reward: 4.375, 	Mean reward done: 1.3575191497802734
Step: 3391488	Mean reward: 5.125, 	Mean reward done: 1.3304377794265747
Step: 3399680	Mean reward: 3.75, 	Mean reward done: 1.0229488611221313
Step: 3407872	Mean reward: 4.0625, 	Mean reward done: 1.1329180002212524
Step: 3416064	Mean reward: 4.0, 	Mean reward done: 0.9621745944023132
Step: 3424256	Mean reward: 4.1875, 	Mean reward done: 1.1678669452667236
Step: 3432448	Mean reward: 4.4375, 	Mean reward done: 1.158137559890747
Step: 3440640	Mean reward: 3.375, 	Mean reward done: 1.1038322448730469
Step: 3448832	Mean reward: 3.5, 	Mean reward done: 1.0705641508102417
Step: 3457024	Mean reward: 3.6875, 	Mean reward done: 1.1899863481521606
Step: 3465216	Mean reward: 4.625, 	Mean reward done: 1.2644224166870117
Step: 3473408	Mean reward: 3.4375, 	Mean reward done: 1.4243299961090088
Step: 3481600	Mean reward: 4.0, 	Mean reward done: 1.2710379362106323
Step: 3489792	Mean reward: 3.75, 	Mean reward done: 1.353421688079834
Step: 3497984	Mean reward: 3.5625, 	Mean reward done: 1.0779156684875488
Step: 3506176	Mean reward: 3.75, 	Mean reward done: 1.2362680435180664
Step: 3514368	Mean reward: 3.625, 	Mean reward done: 1.1539616584777832
Step: 3522560	Mean reward: 3.4375, 	Mean reward done: 0.9226177930831909
Step: 3530752	Mean reward: 5.0, 	Mean reward done: 1.5246846675872803
Step: 3538944	Mean reward: 3.3125, 	Mean reward done: 1.063441276550293
Step: 3547136	Mean reward: 4.0, 	Mean reward done: 1.3887184858322144
Step: 3555328	Mean reward: 4.0, 	Mean reward done: 1.1596500873565674
Step: 3563520	Mean reward: 3.8125, 	Mean reward done: 1.167168140411377
Step: 3571712	Mean reward: 5.3125, 	Mean reward done: 1.5262064933776855
Step: 3579904	Mean reward: 3.625, 	Mean reward done: 0.8978756666183472
Step: 3588096	Mean reward: 4.875, 	Mean reward done: 1.1701281070709229
Step: 3596288	Mean reward: 3.625, 	Mean reward done: 0.9564608931541443
Step: 3604480	Mean reward: 3.5625, 	Mean reward done: 1.1971189975738525
Step: 3612672	Mean reward: 4.0625, 	Mean reward done: 1.0984790325164795
Step: 3620864	Mean reward: 4.3125, 	Mean reward done: 1.239793300628662
Step: 3629056	Mean reward: 4.0, 	Mean reward done: 1.0356074571609497
Step: 3637248	Mean reward: 4.625, 	Mean reward done: 1.2737659215927124
Step: 3645440	Mean reward: 5.8125, 	Mean reward done: 1.5373988151550293
Step: 3653632	Mean reward: 5.0625, 	Mean reward done: 1.6112101078033447
Step: 3661824	Mean reward: 4.8125, 	Mean reward done: 1.3883945941925049
Step: 3670016	Mean reward: 3.4375, 	Mean reward done: 1.145342469215393
Step: 3678208	Mean reward: 3.375, 	Mean reward done: 1.0108439922332764
Step: 3686400	Mean reward: 4.125, 	Mean reward done: 1.2799267768859863
Step: 3694592	Mean reward: 5.125, 	Mean reward done: 1.6824393272399902
Step: 3702784	Mean reward: 3.875, 	Mean reward done: 1.1304292678833008
Step: 3710976	Mean reward: 3.5, 	Mean reward done: 1.178470253944397
Step: 3719168	Mean reward: 4.375, 	Mean reward done: 1.2611854076385498
Step: 3727360	Mean reward: 4.125, 	Mean reward done: 1.1229677200317383
Step: 3735552	Mean reward: 4.0, 	Mean reward done: 1.2049363851547241
Step: 3743744	Mean reward: 4.5, 	Mean reward done: 1.3944907188415527
Step: 3751936	Mean reward: 4.0625, 	Mean reward done: 1.4516205787658691
Step: 3760128	Mean reward: 3.4375, 	Mean reward done: 0.9293202757835388
Step: 3768320	Mean reward: 4.0, 	Mean reward done: 1.1474626064300537
Step: 3776512	Mean reward: 5.5, 	Mean reward done: 1.3145500421524048
Step: 3784704	Mean reward: 4.4375, 	Mean reward done: 1.208713412284851
Step: 3792896	Mean reward: 4.1875, 	Mean reward done: 1.083686351776123
Step: 3801088	Mean reward: 3.9375, 	Mean reward done: 0.9674636125564575
Step: 3809280	Mean reward: 5.1875, 	Mean reward done: 1.312207818031311
Step: 3817472	Mean reward: 5.875, 	Mean reward done: 1.5575928688049316
Step: 3825664	Mean reward: 4.0, 	Mean reward done: 1.0693937540054321
Step: 3833856	Mean reward: 4.6875, 	Mean reward done: 1.4318188428878784
Step: 3842048	Mean reward: 2.75, 	Mean reward done: 0.7472461462020874
Step: 3850240	Mean reward: 3.4375, 	Mean reward done: 0.9905338287353516
Step: 3858432	Mean reward: 4.5625, 	Mean reward done: 1.0506864786148071
Step: 3866624	Mean reward: 4.0, 	Mean reward done: 1.0658228397369385
Step: 3874816	Mean reward: 4.4375, 	Mean reward done: 1.1824150085449219
Step: 3883008	Mean reward: 4.0, 	Mean reward done: 1.0268243551254272
Step: 3891200	Mean reward: 2.625, 	Mean reward done: 0.6418029069900513
Step: 3899392	Mean reward: 2.8125, 	Mean reward done: 0.6620844602584839
Step: 3907584	Mean reward: 3.5, 	Mean reward done: 0.9010493159294128
Step: 3915776	Mean reward: 3.4375, 	Mean reward done: 0.8384280204772949
Step: 3923968	Mean reward: 5.1875, 	Mean reward done: 1.4374624490737915
Step: 3932160	Mean reward: 3.5625, 	Mean reward done: 0.946615993976593
Step: 3940352	Mean reward: 3.625, 	Mean reward done: 0.8433027267456055
Step: 3948544	Mean reward: 3.1875, 	Mean reward done: 0.9112899303436279
Step: 3956736	Mean reward: 3.125, 	Mean reward done: 0.955253005027771
Step: 3964928	Mean reward: 3.9375, 	Mean reward done: 0.9889698624610901
Step: 3973120	Mean reward: 3.75, 	Mean reward done: 0.9351767897605896
Step: 3981312	Mean reward: 4.0625, 	Mean reward done: 0.9668299555778503
Step: 3989504	Mean reward: 4.5625, 	Mean reward done: 1.4136227369308472
Step: 3997696	Mean reward: 3.625, 	Mean reward done: 0.9960413575172424
Step: 4005888	Mean reward: 3.6875, 	Mean reward done: 1.1017954349517822
Step: 4014080	Mean reward: 2.625, 	Mean reward done: 0.6648937463760376
Step: 4022272	Mean reward: 3.6875, 	Mean reward done: 1.0582667589187622
Step: 4030464	Mean reward: 2.25, 	Mean reward done: 0.6933923959732056
Step: 4038656	Mean reward: 4.125, 	Mean reward done: 1.1307711601257324
Step: 4046848	Mean reward: 4.5, 	Mean reward done: 1.000722050666809
Step: 4055040	Mean reward: 3.75, 	Mean reward done: 0.9358468651771545
Step: 4063232	Mean reward: 3.1875, 	Mean reward done: 0.7951520085334778
Step: 4071424	Mean reward: 5.0625, 	Mean reward done: 1.375884771347046
Step: 4079616	Mean reward: 4.875, 	Mean reward done: 1.4711941480636597
Step: 4087808	Mean reward: 4.1875, 	Mean reward done: 1.0714712142944336
Step: 4096000	Mean reward: 3.75, 	Mean reward done: 1.1981335878372192
Step: 4104192	Mean reward: 4.3125, 	Mean reward done: 1.0931936502456665
Step: 4112384	Mean reward: 4.1875, 	Mean reward done: 1.0354524850845337
Step: 4120576	Mean reward: 3.9375, 	Mean reward done: 1.0361953973770142
Step: 4128768	Mean reward: 3.75, 	Mean reward done: 1.020556926727295
Step: 4136960	Mean reward: 4.6875, 	Mean reward done: 1.3056859970092773
Step: 4145152	Mean reward: 4.125, 	Mean reward done: 0.8892466425895691
Step: 4153344	Mean reward: 6.25, 	Mean reward done: 1.554663896560669
Step: 4161536	Mean reward: 5.125, 	Mean reward done: 1.2548540830612183
Step: 4169728	Mean reward: 4.75, 	Mean reward done: 1.1413236856460571
Step: 4177920	Mean reward: 4.8125, 	Mean reward done: 1.439958930015564
Step: 4186112	Mean reward: 4.625, 	Mean reward done: 1.1398335695266724
Step: 4194304	Mean reward: 5.5625, 	Mean reward done: 1.2881193161010742
Step: 4202496	Mean reward: 4.5625, 	Mean reward done: 1.3237390518188477
Step: 4210688	Mean reward: 4.625, 	Mean reward done: 1.195470929145813
Step: 4218880	Mean reward: 4.375, 	Mean reward done: 1.1679657697677612
Step: 4227072	Mean reward: 4.6875, 	Mean reward done: 1.299809217453003
Step: 4235264	Mean reward: 5.1875, 	Mean reward done: 1.5163894891738892
Step: 4243456	Mean reward: 5.0, 	Mean reward done: 1.2314767837524414
Step: 4251648	Mean reward: 4.5, 	Mean reward done: 1.2600871324539185
Step: 4259840	Mean reward: 4.3125, 	Mean reward done: 1.4393978118896484
Step: 4268032	Mean reward: 4.375, 	Mean reward done: 1.1620161533355713
Step: 4276224	Mean reward: 4.8125, 	Mean reward done: 1.256605625152588
Step: 4284416	Mean reward: 5.375, 	Mean reward done: 1.2675567865371704
Step: 4292608	Mean reward: 5.1875, 	Mean reward done: 1.5856008529663086
Step: 4300800	Mean reward: 3.75, 	Mean reward done: 1.0891845226287842
Step: 4308992	Mean reward: 3.75, 	Mean reward done: 1.2181758880615234
Step: 4317184	Mean reward: 3.75, 	Mean reward done: 1.1630758047103882
Step: 4325376	Mean reward: 5.9375, 	Mean reward done: 1.6807979345321655
Step: 4333568	Mean reward: 5.375, 	Mean reward done: 1.6966150999069214
Step: 4341760	Mean reward: 4.5625, 	Mean reward done: 1.2188761234283447
Step: 4349952	Mean reward: 4.0, 	Mean reward done: 0.9364620447158813
Step: 4358144	Mean reward: 4.875, 	Mean reward done: 1.0959652662277222
Step: 4366336	Mean reward: 4.125, 	Mean reward done: 1.2154723405838013
Step: 4374528	Mean reward: 4.4375, 	Mean reward done: 1.2570557594299316
Step: 4382720	Mean reward: 4.1875, 	Mean reward done: 0.9419664144515991
Step: 4390912	Mean reward: 4.0625, 	Mean reward done: 1.1893788576126099
Step: 4399104	Mean reward: 4.375, 	Mean reward done: 1.17892324924469
Step: 4407296	Mean reward: 4.0, 	Mean reward done: 1.048646330833435
Step: 4415488	Mean reward: 5.3125, 	Mean reward done: 1.3457863330841064
Step: 4423680	Mean reward: 4.25, 	Mean reward done: 1.0716991424560547
Step: 4431872	Mean reward: 3.9375, 	Mean reward done: 0.9554949998855591
Step: 4440064	Mean reward: 3.875, 	Mean reward done: 1.318124532699585
Step: 4448256	Mean reward: 4.4375, 	Mean reward done: 1.2533198595046997
Step: 4456448	Mean reward: 3.3125, 	Mean reward done: 1.0706220865249634
Step: 4464640	Mean reward: 2.625, 	Mean reward done: 0.8866831064224243
Step: 4472832	Mean reward: 3.375, 	Mean reward done: 0.7175071239471436
Step: 4481024	Mean reward: 3.0, 	Mean reward done: 0.813576340675354
Step: 4489216	Mean reward: 2.75, 	Mean reward done: 0.7102332711219788
Step: 4497408	Mean reward: 3.75, 	Mean reward done: 1.1146794557571411
Step: 4505600	Mean reward: 4.0, 	Mean reward done: 1.164345383644104
Step: 4513792	Mean reward: 4.5625, 	Mean reward done: 1.0495600700378418
Step: 4521984	Mean reward: 3.8125, 	Mean reward done: 1.0322082042694092
Step: 4530176	Mean reward: 3.875, 	Mean reward done: 1.4095615148544312
Step: 4538368	Mean reward: 4.125, 	Mean reward done: 0.9392406344413757
Step: 4546560	Mean reward: 4.5, 	Mean reward done: 1.3013696670532227
Step: 4554752	Mean reward: 3.3125, 	Mean reward done: 0.974899172782898
Step: 4562944	Mean reward: 4.75, 	Mean reward done: 1.28367018699646
Step: 4571136	Mean reward: 3.8125, 	Mean reward done: 1.1637423038482666
Step: 4579328	Mean reward: 3.1875, 	Mean reward done: 0.9958934187889099
Step: 4587520	Mean reward: 3.6875, 	Mean reward done: 1.0114953517913818
Step: 4595712	Mean reward: 4.1875, 	Mean reward done: 1.4889748096466064
Step: 4603904	Mean reward: 3.9375, 	Mean reward done: 1.2226613759994507
Step: 4612096	Mean reward: 3.375, 	Mean reward done: 0.8711907267570496
Step: 4620288	Mean reward: 5.1875, 	Mean reward done: 1.4603867530822754
Step: 4628480	Mean reward: 3.75, 	Mean reward done: 1.1554509401321411
Step: 4636672	Mean reward: 3.4375, 	Mean reward done: 0.9670183658599854
Step: 4644864	Mean reward: 4.0, 	Mean reward done: 0.9660102725028992
Step: 4653056	Mean reward: 4.875, 	Mean reward done: 1.3521063327789307
Step: 4661248	Mean reward: 5.1875, 	Mean reward done: 1.2737656831741333
Step: 4669440	Mean reward: 4.375, 	Mean reward done: 1.3098020553588867
Step: 4677632	Mean reward: 4.5625, 	Mean reward done: 1.031685471534729
Step: 4685824	Mean reward: 4.6875, 	Mean reward done: 1.3558192253112793
Step: 4694016	Mean reward: 3.9375, 	Mean reward done: 0.9907321929931641
Step: 4702208	Mean reward: 4.625, 	Mean reward done: 0.9709004163742065
Step: 4710400	Mean reward: 4.375, 	Mean reward done: 0.9560840725898743
Step: 4718592	Mean reward: 3.8125, 	Mean reward done: 0.888901948928833
Step: 4726784	Mean reward: 4.75, 	Mean reward done: 1.3768140077590942
Step: 4734976	Mean reward: 3.3125, 	Mean reward done: 0.9657405614852905
Step: 4743168	Mean reward: 3.75, 	Mean reward done: 1.0073353052139282
Step: 4751360	Mean reward: 3.4375, 	Mean reward done: 1.1578477621078491
Step: 4759552	Mean reward: 3.0625, 	Mean reward done: 0.9171584844589233
Step: 4767744	Mean reward: 3.9375, 	Mean reward done: 1.1124145984649658
Step: 4775936	Mean reward: 4.0625, 	Mean reward done: 1.2830307483673096
Step: 4784128	Mean reward: 3.75, 	Mean reward done: 0.902199387550354
Step: 4792320	Mean reward: 4.5625, 	Mean reward done: 1.2173752784729004
Step: 4800512	Mean reward: 4.375, 	Mean reward done: 1.2115238904953003
Step: 4808704	Mean reward: 5.75, 	Mean reward done: 1.6121550798416138
Step: 4816896	Mean reward: 4.6875, 	Mean reward done: 1.2933964729309082
Step: 4825088	Mean reward: 3.8125, 	Mean reward done: 0.9873197674751282
Step: 4833280	Mean reward: 3.25, 	Mean reward done: 0.8601795434951782
Step: 4841472	Mean reward: 4.6875, 	Mean reward done: 1.129328966140747
Step: 4849664	Mean reward: 4.625, 	Mean reward done: 1.4737977981567383
Step: 4857856	Mean reward: 4.0625, 	Mean reward done: 1.063633680343628
Step: 4866048	Mean reward: 2.5625, 	Mean reward done: 0.726198673248291
Step: 4874240	Mean reward: 3.375, 	Mean reward done: 0.9500253796577454
Step: 4882432	Mean reward: 4.625, 	Mean reward done: 1.4309470653533936
Step: 4890624	Mean reward: 3.9375, 	Mean reward done: 1.1946773529052734
Step: 4898816	Mean reward: 3.25, 	Mean reward done: 1.0258758068084717
Step: 4907008	Mean reward: 4.25, 	Mean reward done: 1.179832100868225
Step: 4915200	Mean reward: 3.125, 	Mean reward done: 1.0466039180755615
Step: 4923392	Mean reward: 2.8125, 	Mean reward done: 0.8550013303756714
Step: 4931584	Mean reward: 3.0625, 	Mean reward done: 0.9176244735717773
Step: 4939776	Mean reward: 3.875, 	Mean reward done: 1.1255247592926025
Step: 4947968	Mean reward: 4.75, 	Mean reward done: 1.2257686853408813
Step: 4956160	Mean reward: 5.1875, 	Mean reward done: 1.5838820934295654
Step: 4964352	Mean reward: 5.375, 	Mean reward done: 1.265895962715149
Step: 4972544	Mean reward: 4.9375, 	Mean reward done: 1.2848387956619263
Step: 4980736	Mean reward: 3.9375, 	Mean reward done: 1.147957444190979
Step: 4988928	Mean reward: 4.6875, 	Mean reward done: 1.0312228202819824
Step: 4997120	Mean reward: 4.0625, 	Mean reward done: 1.167549729347229
Step: 5005312	Mean reward: 3.75, 	Mean reward done: 1.0808179378509521
Step: 5013504	Mean reward: 4.125, 	Mean reward done: 1.115878939628601
Step: 5021696	Mean reward: 4.625, 	Mean reward done: 1.3404289484024048
Step: 5029888	Mean reward: 3.5625, 	Mean reward done: 0.9215221405029297
Step: 5038080	Mean reward: 4.0625, 	Mean reward done: 1.1467154026031494
Step: 5046272	Mean reward: 4.25, 	Mean reward done: 1.3940188884735107
Step: 5054464	Mean reward: 4.0625, 	Mean reward done: 1.168505072593689
Step: 5062656	Mean reward: 4.125, 	Mean reward done: 1.004935383796692
Step: 5070848	Mean reward: 4.0, 	Mean reward done: 1.0713534355163574
Step: 5079040	Mean reward: 4.1875, 	Mean reward done: 1.2481950521469116
Step: 5087232	Mean reward: 4.625, 	Mean reward done: 1.3138970136642456
Step: 5095424	Mean reward: 3.5625, 	Mean reward done: 1.2147464752197266
Step: 5103616	Mean reward: 3.0625, 	Mean reward done: 1.0362770557403564
Step: 5111808	Mean reward: 4.125, 	Mean reward done: 1.054753065109253
Step: 5120000	Mean reward: 5.125, 	Mean reward done: 1.4714066982269287
Step: 5128192	Mean reward: 5.25, 	Mean reward done: 1.2778799533843994
Step: 5136384	Mean reward: 3.6875, 	Mean reward done: 1.114862084388733
Step: 5144576	Mean reward: 4.125, 	Mean reward done: 1.275877594947815
Step: 5152768	Mean reward: 4.625, 	Mean reward done: 1.3532028198242188
Step: 5160960	Mean reward: 6.625, 	Mean reward done: 1.5427719354629517
Step: 5169152	Mean reward: 4.3125, 	Mean reward done: 1.0897905826568604
Step: 5177344	Mean reward: 3.1875, 	Mean reward done: 1.0787615776062012
Step: 5185536	Mean reward: 3.1875, 	Mean reward done: 1.0361655950546265
Step: 5193728	Mean reward: 5.0, 	Mean reward done: 1.320120930671692
Step: 5201920	Mean reward: 4.5, 	Mean reward done: 1.240755558013916
Step: 5210112	Mean reward: 3.5, 	Mean reward done: 1.0970298051834106
Step: 5218304	Mean reward: 4.8125, 	Mean reward done: 1.1681811809539795
Step: 5226496	Mean reward: 3.625, 	Mean reward done: 1.2592999935150146
Step: 5234688	Mean reward: 2.875, 	Mean reward done: 0.9071342945098877
Step: 5242880	Mean reward: 4.125, 	Mean reward done: 1.1643308401107788
Step: 5251072	Mean reward: 4.375, 	Mean reward done: 1.2503844499588013
Step: 5259264	Mean reward: 4.5, 	Mean reward done: 1.1110750436782837
Step: 5267456	Mean reward: 4.5, 	Mean reward done: 1.2059658765792847
Step: 5275648	Mean reward: 4.25, 	Mean reward done: 1.2828221321105957
Step: 5283840	Mean reward: 5.4375, 	Mean reward done: 1.6272084712982178
Step: 5292032	Mean reward: 4.375, 	Mean reward done: 1.3805150985717773
Step: 5300224	Mean reward: 4.0, 	Mean reward done: 1.373861312866211
Step: 5308416	Mean reward: 3.75, 	Mean reward done: 1.21926748752594
Step: 5316608	Mean reward: 4.0625, 	Mean reward done: 1.3279591798782349
Step: 5324800	Mean reward: 4.625, 	Mean reward done: 1.0597248077392578
Step: 5332992	Mean reward: 4.5, 	Mean reward done: 1.12309992313385
Step: 5341184	Mean reward: 5.1875, 	Mean reward done: 1.3749932050704956
Step: 5349376	Mean reward: 4.6875, 	Mean reward done: 1.265985369682312
Step: 5357568	Mean reward: 3.5625, 	Mean reward done: 1.2415493726730347
Step: 5365760	Mean reward: 5.0, 	Mean reward done: 1.4655067920684814
Step: 5373952	Mean reward: 5.375, 	Mean reward done: 1.8331960439682007
Step: 5382144	Mean reward: 5.4375, 	Mean reward done: 1.7491894960403442
Step: 5390336	Mean reward: 4.6875, 	Mean reward done: 1.248550295829773
Step: 5398528	Mean reward: 4.4375, 	Mean reward done: 1.384952425956726
Step: 5406720	Mean reward: 4.375, 	Mean reward done: 1.1325315237045288
Step: 5414912	Mean reward: 4.8125, 	Mean reward done: 1.1995089054107666
Step: 5423104	Mean reward: 4.5, 	Mean reward done: 1.0707653760910034
Step: 5431296	Mean reward: 3.8125, 	Mean reward done: 0.9662723541259766
Step: 5439488	Mean reward: 4.375, 	Mean reward done: 1.1365329027175903
Step: 5447680	Mean reward: 3.3125, 	Mean reward done: 0.9999290704727173
Step: 5455872	Mean reward: 3.8125, 	Mean reward done: 1.1904330253601074
Step: 5464064	Mean reward: 3.875, 	Mean reward done: 1.3439531326293945
Step: 5472256	Mean reward: 4.625, 	Mean reward done: 1.1673016548156738
Step: 5480448	Mean reward: 3.0, 	Mean reward done: 0.9691263437271118
Step: 5488640	Mean reward: 3.4375, 	Mean reward done: 0.8735352754592896
Step: 5496832	Mean reward: 3.625, 	Mean reward done: 1.090712547302246
Step: 5505024	Mean reward: 3.75, 	Mean reward done: 1.0324002504348755
Step: 5513216	Mean reward: 4.5, 	Mean reward done: 1.0897574424743652
Step: 5521408	Mean reward: 4.4375, 	Mean reward done: 1.1126887798309326
Step: 5529600	Mean reward: 4.625, 	Mean reward done: 1.3853390216827393
Step: 5537792	Mean reward: 3.4375, 	Mean reward done: 1.0010690689086914
Step: 5545984	Mean reward: 3.9375, 	Mean reward done: 1.0099847316741943
Step: 5554176	Mean reward: 4.1875, 	Mean reward done: 1.078338384628296
Step: 5562368	Mean reward: 4.1875, 	Mean reward done: 1.2018182277679443
Step: 5570560	Mean reward: 5.3125, 	Mean reward done: 1.3225834369659424
Step: 5578752	Mean reward: 4.4375, 	Mean reward done: 1.2130781412124634
Step: 5586944	Mean reward: 3.875, 	Mean reward done: 1.2305965423583984
Step: 5595136	Mean reward: 4.625, 	Mean reward done: 1.1926112174987793
Step: 5603328	Mean reward: 4.625, 	Mean reward done: 1.2596938610076904
Step: 5611520	Mean reward: 5.125, 	Mean reward done: 1.2017651796340942
Step: 5619712	Mean reward: 4.1875, 	Mean reward done: 1.0714855194091797
Step: 5627904	Mean reward: 4.75, 	Mean reward done: 1.3172097206115723
Step: 5636096	Mean reward: 4.0625, 	Mean reward done: 1.2973911762237549
Step: 5644288	Mean reward: 5.25, 	Mean reward done: 1.4137119054794312
Step: 5652480	Mean reward: 4.3125, 	Mean reward done: 1.3099818229675293
Step: 5660672	Mean reward: 5.3125, 	Mean reward done: 1.5362975597381592
Step: 5668864	Mean reward: 4.125, 	Mean reward done: 1.558503270149231
Step: 5677056	Mean reward: 4.375, 	Mean reward done: 1.2262322902679443
Step: 5685248	Mean reward: 4.3125, 	Mean reward done: 1.161096453666687
Step: 5693440	Mean reward: 4.8125, 	Mean reward done: 1.2055548429489136
Step: 5701632	Mean reward: 4.4375, 	Mean reward done: 1.464266300201416
Step: 5709824	Mean reward: 4.9375, 	Mean reward done: 1.3344203233718872
Step: 5718016	Mean reward: 5.1875, 	Mean reward done: 1.3899638652801514
Step: 5726208	Mean reward: 4.3125, 	Mean reward done: 1.0981180667877197
Step: 5734400	Mean reward: 4.875, 	Mean reward done: 1.3999251127243042
Step: 5742592	Mean reward: 4.4375, 	Mean reward done: 1.3125487565994263
Step: 5750784	Mean reward: 4.0, 	Mean reward done: 1.1562877893447876
Step: 5758976	Mean reward: 4.1875, 	Mean reward done: 1.168918490409851
Step: 5767168	Mean reward: 4.0, 	Mean reward done: 0.9899461269378662
Step: 5775360	Mean reward: 5.375, 	Mean reward done: 1.2503072023391724
Step: 5783552	Mean reward: 4.25, 	Mean reward done: 0.9844011664390564
Step: 5791744	Mean reward: 3.875, 	Mean reward done: 1.1729414463043213
Step: 5799936	Mean reward: 2.75, 	Mean reward done: 1.0072698593139648
Step: 5808128	Mean reward: 2.6875, 	Mean reward done: 0.8785780072212219
Step: 5816320	Mean reward: 3.875, 	Mean reward done: 1.115140438079834
Step: 5824512	Mean reward: 3.6875, 	Mean reward done: 1.0749467611312866
Step: 5832704	Mean reward: 4.3125, 	Mean reward done: 1.1319304704666138
Step: 5840896	Mean reward: 6.0625, 	Mean reward done: 1.5560202598571777
Step: 5849088	Mean reward: 4.375, 	Mean reward done: 1.5791300535202026
Step: 5857280	Mean reward: 5.5625, 	Mean reward done: 1.3877452611923218
Step: 5865472	Mean reward: 5.375, 	Mean reward done: 1.589394450187683
Step: 5873664	Mean reward: 4.375, 	Mean reward done: 1.0699084997177124
Step: 5881856	Mean reward: 3.4375, 	Mean reward done: 1.116560697555542
Step: 5890048	Mean reward: 4.1875, 	Mean reward done: 1.07627272605896
Step: 5898240	Mean reward: 5.5, 	Mean reward done: 1.2334651947021484
Step: 5906432	Mean reward: 4.4375, 	Mean reward done: 1.5333024263381958
Step: 5914624	Mean reward: 4.4375, 	Mean reward done: 1.226130723953247
Step: 5922816	Mean reward: 5.8125, 	Mean reward done: 1.4349716901779175
Step: 5931008	Mean reward: 4.5, 	Mean reward done: 1.2645857334136963
Step: 5939200	Mean reward: 4.9375, 	Mean reward done: 1.3569539785385132
Step: 5947392	Mean reward: 4.875, 	Mean reward done: 1.7187283039093018
Step: 5955584	Mean reward: 3.875, 	Mean reward done: 1.1335448026657104
Step: 5963776	Mean reward: 5.0625, 	Mean reward done: 1.0875017642974854
Step: 5971968	Mean reward: 3.625, 	Mean reward done: 1.0948333740234375
Step: 5980160	Mean reward: 4.4375, 	Mean reward done: 1.0877186059951782
Step: 5988352	Mean reward: 3.9375, 	Mean reward done: 1.1861721277236938
Step: 5996544	Mean reward: 4.0625, 	Mean reward done: 1.2038836479187012
Step: 6004736	Mean reward: 5.4375, 	Mean reward done: 1.580980658531189
Step: 6012928	Mean reward: 5.4375, 	Mean reward done: 1.4077485799789429
Step: 6021120	Mean reward: 5.4375, 	Mean reward done: 1.3270008563995361
Step: 6029312	Mean reward: 5.0625, 	Mean reward done: 1.6004058122634888
Step: 6037504	Mean reward: 3.8125, 	Mean reward done: 1.15381920337677
Step: 6045696	Mean reward: 2.875, 	Mean reward done: 1.051295518875122
Step: 6053888	Mean reward: 3.1875, 	Mean reward done: 0.8833370804786682
Step: 6062080	Mean reward: 3.9375, 	Mean reward done: 1.2197359800338745
Step: 6070272	Mean reward: 4.5, 	Mean reward done: 1.3313522338867188
Step: 6078464	Mean reward: 4.625, 	Mean reward done: 1.3947081565856934
Step: 6086656	Mean reward: 5.0625, 	Mean reward done: 1.1363682746887207
Step: 6094848	Mean reward: 5.25, 	Mean reward done: 1.5511252880096436
Step: 6103040	Mean reward: 5.3125, 	Mean reward done: 1.3711750507354736
Step: 6111232	Mean reward: 3.5, 	Mean reward done: 0.9846727848052979
Step: 6119424	Mean reward: 4.4375, 	Mean reward done: 1.245381236076355
Step: 6127616	Mean reward: 3.8125, 	Mean reward done: 1.271349310874939
Step: 6135808	Mean reward: 4.1875, 	Mean reward done: 1.2350226640701294
Step: 6144000	Mean reward: 4.8125, 	Mean reward done: 1.471204161643982
Step: 6152192	Mean reward: 3.875, 	Mean reward done: 1.4362269639968872
Step: 6160384	Mean reward: 4.625, 	Mean reward done: 1.333225131034851
Step: 6168576	Mean reward: 4.4375, 	Mean reward done: 1.211983323097229
Step: 6176768	Mean reward: 4.4375, 	Mean reward done: 1.1810762882232666
Step: 6184960	Mean reward: 4.0625, 	Mean reward done: 1.2092097997665405
Step: 6193152	Mean reward: 3.125, 	Mean reward done: 0.8956755995750427
Step: 6201344	Mean reward: 4.375, 	Mean reward done: 1.2227139472961426
Step: 6209536	Mean reward: 4.6875, 	Mean reward done: 1.4072128534317017
Step: 6217728	Mean reward: 4.9375, 	Mean reward done: 1.4271303415298462
Step: 6225920	Mean reward: 3.0, 	Mean reward done: 0.9925254583358765
Step: 6234112	Mean reward: 4.0625, 	Mean reward done: 0.9489718675613403
Step: 6242304	Mean reward: 4.125, 	Mean reward done: 1.0473240613937378
Step: 6250496	Mean reward: 4.375, 	Mean reward done: 1.173883080482483
Step: 6258688	Mean reward: 3.4375, 	Mean reward done: 1.0013185739517212
Step: 6266880	Mean reward: 4.4375, 	Mean reward done: 1.1753195524215698
Step: 6275072	Mean reward: 4.1875, 	Mean reward done: 1.2425793409347534
Step: 6283264	Mean reward: 4.875, 	Mean reward done: 1.6556658744812012
Step: 6291456	Mean reward: 4.5625, 	Mean reward done: 1.256191372871399
Step: 6299648	Mean reward: 3.9375, 	Mean reward done: 1.0242664813995361
Step: 6307840	Mean reward: 4.5, 	Mean reward done: 1.4207581281661987
Step: 6316032	Mean reward: 4.1875, 	Mean reward done: 1.1431626081466675
Step: 6324224	Mean reward: 3.4375, 	Mean reward done: 1.2294102907180786
Step: 6332416	Mean reward: 3.4375, 	Mean reward done: 0.8647512197494507
Step: 6340608	Mean reward: 3.75, 	Mean reward done: 1.0204410552978516
Step: 6348800	Mean reward: 3.9375, 	Mean reward done: 1.2895805835723877
Step: 6356992	Mean reward: 4.1875, 	Mean reward done: 1.2244900465011597
Step: 6365184	Mean reward: 4.0, 	Mean reward done: 1.5641621351242065
Step: 6373376	Mean reward: 4.0, 	Mean reward done: 1.4515010118484497
Step: 6381568	Mean reward: 4.3125, 	Mean reward done: 1.377910852432251
Step: 6389760	Mean reward: 3.8125, 	Mean reward done: 1.0824716091156006
Step: 6397952	Mean reward: 3.3125, 	Mean reward done: 1.1316351890563965
Step: 6406144	Mean reward: 4.4375, 	Mean reward done: 1.2392454147338867
Step: 6414336	Mean reward: 4.0, 	Mean reward done: 1.086377501487732
Step: 6422528	Mean reward: 4.8125, 	Mean reward done: 1.3709874153137207
Step: 6430720	Mean reward: 4.5, 	Mean reward done: 1.4692742824554443
Step: 6438912	Mean reward: 4.875, 	Mean reward done: 1.3196889162063599
Step: 6447104	Mean reward: 4.1875, 	Mean reward done: 1.4390630722045898
Step: 6455296	Mean reward: 4.0, 	Mean reward done: 1.0922889709472656
Step: 6463488	Mean reward: 5.125, 	Mean reward done: 1.4780610799789429
Step: 6471680	Mean reward: 4.875, 	Mean reward done: 1.2422798871994019
Step: 6479872	Mean reward: 4.9375, 	Mean reward done: 1.208728313446045
Step: 6488064	Mean reward: 3.9375, 	Mean reward done: 1.3824405670166016
Step: 6496256	Mean reward: 3.8125, 	Mean reward done: 1.2333574295043945
Step: 6504448	Mean reward: 3.9375, 	Mean reward done: 1.2136234045028687
Step: 6512640	Mean reward: 4.5625, 	Mean reward done: 1.0119261741638184
Step: 6520832	Mean reward: 3.875, 	Mean reward done: 1.4780092239379883
Step: 6529024	Mean reward: 3.75, 	Mean reward done: 0.976569652557373
Step: 6537216	Mean reward: 3.625, 	Mean reward done: 1.0069879293441772
Step: 6545408	Mean reward: 4.0625, 	Mean reward done: 1.0248849391937256
Step: 6553600	Mean reward: 5.1875, 	Mean reward done: 1.3715757131576538
Step: 6561792	Mean reward: 4.4375, 	Mean reward done: 1.488868236541748
Step: 6569984	Mean reward: 4.75, 	Mean reward done: 1.4417486190795898
Step: 6578176	Mean reward: 4.75, 	Mean reward done: 1.2711964845657349
Step: 6586368	Mean reward: 3.5625, 	Mean reward done: 1.1503568887710571
Step: 6594560	Mean reward: 4.5625, 	Mean reward done: 1.6999391317367554
Step: 6602752	Mean reward: 3.1875, 	Mean reward done: 1.0061222314834595
Step: 6610944	Mean reward: 4.375, 	Mean reward done: 1.0765920877456665
Step: 6619136	Mean reward: 4.0625, 	Mean reward done: 1.188705325126648
Step: 6627328	Mean reward: 3.3125, 	Mean reward done: 1.2360459566116333
Step: 6635520	Mean reward: 2.875, 	Mean reward done: 0.8393219113349915
Step: 6643712	Mean reward: 5.375, 	Mean reward done: 1.67623770236969
Step: 6651904	Mean reward: 4.5625, 	Mean reward done: 1.3150300979614258
Step: 6660096	Mean reward: 4.8125, 	Mean reward done: 1.362252950668335
Step: 6668288	Mean reward: 5.0, 	Mean reward done: 1.3867902755737305
Step: 6676480	Mean reward: 4.0, 	Mean reward done: 1.1145919561386108
Step: 6684672	Mean reward: 3.4375, 	Mean reward done: 1.2198741436004639
Step: 6692864	Mean reward: 5.25, 	Mean reward done: 1.456076741218567
Step: 6701056	Mean reward: 4.1875, 	Mean reward done: 1.199291706085205
Step: 6709248	Mean reward: 4.3125, 	Mean reward done: 1.3359041213989258
Step: 6717440	Mean reward: 5.1875, 	Mean reward done: 1.4616320133209229
Step: 6725632	Mean reward: 4.1875, 	Mean reward done: 1.0794711112976074
Step: 6733824	Mean reward: 5.25, 	Mean reward done: 1.241149663925171
Step: 6742016	Mean reward: 5.125, 	Mean reward done: 1.5260916948318481
Step: 6750208	Mean reward: 3.875, 	Mean reward done: 1.1672781705856323
Step: 6758400	Mean reward: 4.5, 	Mean reward done: 1.0968613624572754
Step: 6766592	Mean reward: 4.0625, 	Mean reward done: 1.270133376121521
Step: 6774784	Mean reward: 3.875, 	Mean reward done: 1.2258977890014648
Step: 6782976	Mean reward: 3.875, 	Mean reward done: 1.0198215246200562
Step: 6791168	Mean reward: 4.375, 	Mean reward done: 1.3184760808944702
Step: 6799360	Mean reward: 3.875, 	Mean reward done: 1.2144315242767334
Step: 6807552	Mean reward: 4.0, 	Mean reward done: 1.0385839939117432
Step: 6815744	Mean reward: 5.5, 	Mean reward done: 1.1748521327972412
Step: 6823936	Mean reward: 3.9375, 	Mean reward done: 1.183872938156128
Step: 6832128	Mean reward: 3.5625, 	Mean reward done: 1.3650658130645752
Step: 6840320	Mean reward: 2.8125, 	Mean reward done: 0.8003674745559692
Step: 6848512	Mean reward: 3.5625, 	Mean reward done: 1.0128282308578491
Step: 6856704	Mean reward: 4.5, 	Mean reward done: 0.9499786496162415
Step: 6864896	Mean reward: 4.8125, 	Mean reward done: 1.384328842163086
Step: 6873088	Mean reward: 6.5625, 	Mean reward done: 1.6630995273590088
Step: 6881280	Mean reward: 3.0, 	Mean reward done: 0.990071713924408
Step: 6889472	Mean reward: 3.5, 	Mean reward done: 1.0048412084579468
Step: 6897664	Mean reward: 4.0, 	Mean reward done: 1.1134614944458008
Step: 6905856	Mean reward: 3.3125, 	Mean reward done: 0.9194281101226807
Step: 6914048	Mean reward: 4.0625, 	Mean reward done: 1.3032441139221191
Step: 6922240	Mean reward: 3.5625, 	Mean reward done: 1.2135751247406006
Step: 6930432	Mean reward: 3.75, 	Mean reward done: 1.1183698177337646
Step: 6938624	Mean reward: 3.8125, 	Mean reward done: 1.2747563123703003
Step: 6946816	Mean reward: 3.4375, 	Mean reward done: 1.0106751918792725
Step: 6955008	Mean reward: 4.8125, 	Mean reward done: 1.5694025754928589
Step: 6963200	Mean reward: 3.4375, 	Mean reward done: 0.9665719270706177
Step: 6971392	Mean reward: 3.9375, 	Mean reward done: 1.0234681367874146
Step: 6979584	Mean reward: 4.125, 	Mean reward done: 1.1505980491638184
Step: 6987776	Mean reward: 5.125, 	Mean reward done: 1.327997088432312
Step: 6995968	Mean reward: 4.1875, 	Mean reward done: 1.458621621131897
Step: 7004160	Mean reward: 4.4375, 	Mean reward done: 1.2899696826934814
Step: 7012352	Mean reward: 4.75, 	Mean reward done: 1.3051936626434326
Step: 7020544	Mean reward: 4.75, 	Mean reward done: 1.3876476287841797
Step: 7028736	Mean reward: 4.875, 	Mean reward done: 1.1147054433822632
Step: 7036928	Mean reward: 4.25, 	Mean reward done: 1.546391248703003
Step: 7045120	Mean reward: 2.875, 	Mean reward done: 0.7063282132148743
Step: 7053312	Mean reward: 4.8125, 	Mean reward done: 1.2384157180786133
Step: 7061504	Mean reward: 4.9375, 	Mean reward done: 1.1353591680526733
Step: 7069696	Mean reward: 3.8125, 	Mean reward done: 1.2007707357406616
Step: 7077888	Mean reward: 2.9375, 	Mean reward done: 0.9562450051307678
Step: 7086080	Mean reward: 4.1875, 	Mean reward done: 1.2452596426010132
Step: 7094272	Mean reward: 5.125, 	Mean reward done: 1.2656779289245605
Step: 7102464	Mean reward: 5.3125, 	Mean reward done: 1.4159796237945557
Step: 7110656	Mean reward: 4.375, 	Mean reward done: 1.1514570713043213
Step: 7118848	Mean reward: 4.5, 	Mean reward done: 1.5411566495895386
Step: 7127040	Mean reward: 3.3125, 	Mean reward done: 0.9486762881278992
Step: 7135232	Mean reward: 4.0625, 	Mean reward done: 1.18000066280365
Step: 7143424	Mean reward: 4.125, 	Mean reward done: 1.4132148027420044
Step: 7151616	Mean reward: 4.0, 	Mean reward done: 1.1455047130584717
Step: 7159808	Mean reward: 4.75, 	Mean reward done: 1.3334280252456665
Step: 7168000	Mean reward: 5.0, 	Mean reward done: 1.2069945335388184
Step: 7176192	Mean reward: 3.875, 	Mean reward done: 1.1567872762680054
Step: 7184384	Mean reward: 4.625, 	Mean reward done: 1.2732157707214355
Step: 7192576	Mean reward: 3.375, 	Mean reward done: 0.9797649383544922
Step: 7200768	Mean reward: 4.6875, 	Mean reward done: 1.2994941473007202
Step: 7208960	Mean reward: 3.625, 	Mean reward done: 0.9644012451171875
Step: 7217152	Mean reward: 3.3125, 	Mean reward done: 0.9812314510345459
Step: 7225344	Mean reward: 2.625, 	Mean reward done: 0.929987370967865
Step: 7233536	Mean reward: 4.5, 	Mean reward done: 1.058601975440979
Step: 7241728	Mean reward: 3.9375, 	Mean reward done: 1.280535101890564
Step: 7249920	Mean reward: 4.3125, 	Mean reward done: 1.127543330192566
Step: 7258112	Mean reward: 3.9375, 	Mean reward done: 1.085931420326233
Step: 7266304	Mean reward: 5.125, 	Mean reward done: 1.275120735168457
Step: 7274496	Mean reward: 4.25, 	Mean reward done: 1.327583909034729
Step: 7282688	Mean reward: 2.6875, 	Mean reward done: 0.8749369978904724
Step: 7290880	Mean reward: 3.5, 	Mean reward done: 0.8138073086738586
Step: 7299072	Mean reward: 3.625, 	Mean reward done: 0.9878074526786804
Step: 7307264	Mean reward: 5.0, 	Mean reward done: 1.369118571281433
Step: 7315456	Mean reward: 3.75, 	Mean reward done: 1.1275442838668823
Step: 7323648	Mean reward: 5.25, 	Mean reward done: 1.2297433614730835
Step: 7331840	Mean reward: 4.4375, 	Mean reward done: 1.4382394552230835
Step: 7340032	Mean reward: 4.0625, 	Mean reward done: 0.9313688278198242
Step: 7348224	Mean reward: 3.8125, 	Mean reward done: 0.9328212141990662
Step: 7356416	Mean reward: 5.25, 	Mean reward done: 1.5511655807495117
Step: 7364608	Mean reward: 4.0625, 	Mean reward done: 1.0560290813446045
Step: 7372800	Mean reward: 3.8125, 	Mean reward done: 1.2556959390640259
Step: 7380992	Mean reward: 4.1875, 	Mean reward done: 0.8927125930786133
Step: 7389184	Mean reward: 5.0625, 	Mean reward done: 1.2273266315460205
Step: 7397376	Mean reward: 6.5625, 	Mean reward done: 1.58700430393219
Step: 7405568	Mean reward: 4.0, 	Mean reward done: 1.3649444580078125
Step: 7413760	Mean reward: 2.6875, 	Mean reward done: 0.9057214260101318
Step: 7421952	Mean reward: 3.25, 	Mean reward done: 1.1417336463928223
Step: 7430144	Mean reward: 4.8125, 	Mean reward done: 1.213688850402832
Step: 7438336	Mean reward: 5.1875, 	Mean reward done: 1.5431849956512451
Step: 7446528	Mean reward: 4.625, 	Mean reward done: 1.2045890092849731
Step: 7454720	Mean reward: 5.1875, 	Mean reward done: 1.273221492767334
Step: 7462912	Mean reward: 4.875, 	Mean reward done: 1.5221306085586548
Step: 7471104	Mean reward: 3.625, 	Mean reward done: 1.0512120723724365
Step: 7479296	Mean reward: 3.0625, 	Mean reward done: 0.945753812789917
Step: 7487488	Mean reward: 4.75, 	Mean reward done: 1.0191770792007446
Step: 7495680	Mean reward: 3.9375, 	Mean reward done: 1.1099261045455933
Step: 7503872	Mean reward: 4.125, 	Mean reward done: 1.1835287809371948
Step: 7512064	Mean reward: 4.5625, 	Mean reward done: 1.2379589080810547
Step: 7520256	Mean reward: 2.875, 	Mean reward done: 0.9183639287948608
Step: 7528448	Mean reward: 4.25, 	Mean reward done: 1.1503946781158447
Step: 7536640	Mean reward: 3.25, 	Mean reward done: 0.9803139567375183
Step: 7544832	Mean reward: 3.6875, 	Mean reward done: 1.0543038845062256
Step: 7553024	Mean reward: 3.5, 	Mean reward done: 1.1088565587997437
Step: 7561216	Mean reward: 3.4375, 	Mean reward done: 1.1130173206329346
Step: 7569408	Mean reward: 3.6875, 	Mean reward done: 0.8475583791732788
Step: 7577600	Mean reward: 3.0, 	Mean reward done: 1.089043140411377
Step: 7585792	Mean reward: 4.1875, 	Mean reward done: 1.1643189191818237
Step: 7593984	Mean reward: 4.5, 	Mean reward done: 1.2652416229248047
Step: 7602176	Mean reward: 4.5, 	Mean reward done: 1.1883312463760376
Step: 7610368	Mean reward: 5.4375, 	Mean reward done: 1.4560530185699463
Step: 7618560	Mean reward: 4.3125, 	Mean reward done: 1.052149772644043
Step: 7626752	Mean reward: 5.3125, 	Mean reward done: 1.462053894996643
Step: 7634944	Mean reward: 5.1875, 	Mean reward done: 1.4415709972381592
Step: 7643136	Mean reward: 4.125, 	Mean reward done: 1.3504587411880493
Step: 7651328	Mean reward: 4.375, 	Mean reward done: 1.2360002994537354
Step: 7659520	Mean reward: 4.3125, 	Mean reward done: 1.3924310207366943
Step: 7667712	Mean reward: 4.125, 	Mean reward done: 1.166061282157898
Step: 7675904	Mean reward: 4.9375, 	Mean reward done: 1.2798268795013428
Step: 7684096	Mean reward: 6.4375, 	Mean reward done: 1.7023601531982422
Step: 7692288	Mean reward: 3.75, 	Mean reward done: 1.2168426513671875
Step: 7700480	Mean reward: 3.125, 	Mean reward done: 1.1620885133743286
Step: 7708672	Mean reward: 3.6875, 	Mean reward done: 0.8905127644538879
Step: 7716864	Mean reward: 4.5625, 	Mean reward done: 1.4469987154006958
Step: 7725056	Mean reward: 4.0, 	Mean reward done: 1.3522236347198486
Step: 7733248	Mean reward: 4.8125, 	Mean reward done: 1.1862645149230957
Step: 7741440	Mean reward: 4.6875, 	Mean reward done: 1.5246096849441528
Step: 7749632	Mean reward: 6.5, 	Mean reward done: 1.7567238807678223
Step: 7757824	Mean reward: 4.25, 	Mean reward done: 1.3251699209213257
Step: 7766016	Mean reward: 4.6875, 	Mean reward done: 1.6621330976486206
Step: 7774208	Mean reward: 4.5625, 	Mean reward done: 1.325539231300354
Step: 7782400	Mean reward: 4.0625, 	Mean reward done: 1.221951961517334
Step: 7790592	Mean reward: 3.9375, 	Mean reward done: 1.2343816757202148
Step: 7798784	Mean reward: 3.375, 	Mean reward done: 0.9869164228439331
Step: 7806976	Mean reward: 5.375, 	Mean reward done: 1.658110499382019
Step: 7815168	Mean reward: 5.9375, 	Mean reward done: 1.7234838008880615
Step: 7823360	Mean reward: 4.5, 	Mean reward done: 1.3486758470535278
Step: 7831552	Mean reward: 4.875, 	Mean reward done: 1.2104086875915527
Step: 7839744	Mean reward: 5.375, 	Mean reward done: 1.4125359058380127
Step: 7847936	Mean reward: 3.6875, 	Mean reward done: 0.8790257573127747
Step: 7856128	Mean reward: 4.25, 	Mean reward done: 1.5130594968795776
Step: 7864320	Mean reward: 4.3125, 	Mean reward done: 1.2653911113739014
Step: 7872512	Mean reward: 4.6875, 	Mean reward done: 1.1509342193603516
Step: 7880704	Mean reward: 5.0625, 	Mean reward done: 1.5254769325256348
Step: 7888896	Mean reward: 3.625, 	Mean reward done: 0.8840551376342773
Step: 7897088	Mean reward: 4.5, 	Mean reward done: 1.3654091358184814
Step: 7905280	Mean reward: 4.4375, 	Mean reward done: 1.177229404449463
Step: 7913472	Mean reward: 4.9375, 	Mean reward done: 1.4041539430618286
Step: 7921664	Mean reward: 4.875, 	Mean reward done: 1.3548073768615723
Step: 7929856	Mean reward: 3.625, 	Mean reward done: 1.1127257347106934
Step: 7938048	Mean reward: 4.75, 	Mean reward done: 1.0649296045303345
Step: 7946240	Mean reward: 4.5625, 	Mean reward done: 1.416426420211792
Step: 7954432	Mean reward: 4.0, 	Mean reward done: 1.0255370140075684
Step: 7962624	Mean reward: 3.9375, 	Mean reward done: 1.1611624956130981
Step: 7970816	Mean reward: 4.4375, 	Mean reward done: 1.304551362991333
Step: 7979008	Mean reward: 4.5625, 	Mean reward done: 1.502753734588623
Step: 7987200	Mean reward: 4.0, 	Mean reward done: 1.11160147190094
Step: 7995392	Mean reward: 4.625, 	Mean reward done: 1.1631817817687988
Step: 8003584	Mean reward: 3.4375, 	Mean reward done: 0.9436228275299072
Completed training of sd_n_rc_db!

------------------------------------------------------------
Sender: LSF System <lsfadmin@n-62-20-16>
Subject: Job 8473451: <sd_n_rc_db> in cluster <dcc> Done

Job <sd_n_rc_db> was submitted from host <n-62-30-4> by user <s192288> in cluster <dcc> at Thu Dec  3 20:37:56 2020
Job was executed on host(s) <n-62-20-16>, in queue <gpuv100>, as user <s192288> in cluster <dcc> at Fri Dec  4 17:28:52 2020
</zhome/09/9/144141> was used as the home directory.
</zhome/09/9/144141/Desktop/Deep_l_hpc> was used as the working directory.
Started at Fri Dec  4 17:28:52 2020
Terminated at Fri Dec  4 21:25:45 2020
Results reported at Fri Dec  4 21:25:45 2020

Your job looked like:

------------------------------------------------------------
# LSBATCH: User input
#!/bin/sh

#BSUB -J sd_n_rc_db

#BSUB -q gpuv100

#BSUB -gpu "num=1"

#BSUB -n 1

#BSUB -W 23:45

#BSUB -R "rusage[mem=16GB]"

#BSUB -o sd_n_rc_db.out

#BSUB -e sd_n_rc_db.err

# Load modules

module load python3/3.8.2
module load cuda/8.0
module load cudnn/v7.0-prod-cuda8
module load ffmpeg/4.2.2
pip3 install --user torch matplotlib procgen gym 

# 1 = model_name, 2 = encoder_index, 3 = aug_index, 4 = mix_reg, 5 = game
#the name of the run
#encoder_index 0 = Impala, 1 = Nature  
#aug_index: 0 = None, 1 = grayscale, 2 = random_cutout, 3 = color_jitter
#mixreg: 0 = False, 1 = True 
#type of game

python3 train_ppo.py sd_n_rc_db 1 2 0 dodgeball 



------------------------------------------------------------

Successfully completed.

Resource usage summary:

    CPU time :                                   14126.15 sec.
    Max Memory :                                 9067 MB
    Average Memory :                             8985.56 MB
    Total Requested Memory :                     16384.00 MB
    Delta Memory :                               7317.00 MB
    Max Swap :                                   -
    Max Processes :                              4
    Max Threads :                                13
    Run time :                                   14296 sec.
    Turnaround time :                            89269 sec.

The output (if any) is above this job summary.



PS:

Read file <sd_n_rc_db.err> for stderr output of this job.

