Requirement already satisfied: torch in /zhome/09/9/144141/.local/lib/python3.8/site-packages (1.7.0)
Requirement already satisfied: matplotlib in /zhome/09/9/144141/.local/lib/python3.8/site-packages (3.3.3)
Requirement already satisfied: procgen in /zhome/09/9/144141/.local/lib/python3.8/site-packages (0.10.4)
Requirement already satisfied: gym in /zhome/09/9/144141/.local/lib/python3.8/site-packages (0.17.3)
Requirement already satisfied: future in /zhome/09/9/144141/.local/lib/python3.8/site-packages (from torch) (0.18.2)
Requirement already satisfied: dataclasses in /zhome/09/9/144141/.local/lib/python3.8/site-packages (from torch) (0.6)
Requirement already satisfied: typing-extensions in /zhome/09/9/144141/.local/lib/python3.8/site-packages (from torch) (3.7.4.3)
Requirement already satisfied: numpy in /zhome/09/9/144141/.local/lib/python3.8/site-packages (from torch) (1.19.4)
Requirement already satisfied: cycler>=0.10 in /zhome/09/9/144141/.local/lib/python3.8/site-packages (from matplotlib) (0.10.0)
Requirement already satisfied: pillow>=6.2.0 in /zhome/09/9/144141/.local/lib/python3.8/site-packages (from matplotlib) (8.0.1)
Requirement already satisfied: pyparsing!=2.0.4,!=2.1.2,!=2.1.6,>=2.0.3 in /zhome/09/9/144141/.local/lib/python3.8/site-packages (from matplotlib) (2.4.7)
Requirement already satisfied: python-dateutil>=2.1 in /zhome/09/9/144141/.local/lib/python3.8/site-packages (from matplotlib) (2.8.1)
Requirement already satisfied: kiwisolver>=1.0.1 in /zhome/09/9/144141/.local/lib/python3.8/site-packages (from matplotlib) (1.3.1)
Requirement already satisfied: gym3<1.0.0,>=0.3.3 in /zhome/09/9/144141/.local/lib/python3.8/site-packages (from procgen) (0.3.3)
Requirement already satisfied: filelock<4.0.0,>=3.0.0 in /zhome/09/9/144141/.local/lib/python3.8/site-packages (from procgen) (3.0.12)
Requirement already satisfied: scipy in /zhome/09/9/144141/.local/lib/python3.8/site-packages (from gym) (1.5.4)
Requirement already satisfied: pyglet<=1.5.0,>=1.4.0 in /zhome/09/9/144141/.local/lib/python3.8/site-packages (from gym) (1.5.0)
Requirement already satisfied: cloudpickle<1.7.0,>=1.2.0 in /zhome/09/9/144141/.local/lib/python3.8/site-packages (from gym) (1.6.0)
Requirement already satisfied: six in /zhome/09/9/144141/.local/lib/python3.8/site-packages (from cycler>=0.10->matplotlib) (1.15.0)
Requirement already satisfied: cffi<2.0.0,>=1.13.0 in /zhome/09/9/144141/.local/lib/python3.8/site-packages (from gym3<1.0.0,>=0.3.3->procgen) (1.14.4)
Requirement already satisfied: imageio<3.0.0,>=2.6.0 in /zhome/09/9/144141/.local/lib/python3.8/site-packages (from gym3<1.0.0,>=0.3.3->procgen) (2.9.0)
Requirement already satisfied: imageio-ffmpeg<0.4.0,>=0.3.0 in /zhome/09/9/144141/.local/lib/python3.8/site-packages (from gym3<1.0.0,>=0.3.3->procgen) (0.3.0)
Requirement already satisfied: moderngl<6.0.0,>=5.5.4 in /zhome/09/9/144141/.local/lib/python3.8/site-packages (from gym3<1.0.0,>=0.3.3->procgen) (5.6.2)
Requirement already satisfied: glfw<2.0.0,>=1.8.6 in /zhome/09/9/144141/.local/lib/python3.8/site-packages (from gym3<1.0.0,>=0.3.3->procgen) (1.12.0)
Requirement already satisfied: pycparser in /zhome/09/9/144141/.local/lib/python3.8/site-packages (from cffi<2.0.0,>=1.13.0->gym3<1.0.0,>=0.3.3->procgen) (2.20)
Requirement already satisfied: glcontext<3,>=2 in /zhome/09/9/144141/.local/lib/python3.8/site-packages (from moderngl<6.0.0,>=5.5.4->gym3<1.0.0,>=0.3.3->procgen) (2.2.0)
Run name sd_i_rc_cr
Encoder used Impala
Augumentation used random_cutout
Mixreg? False
Game coinrun
Observation space: Box(0.0, 1.0, (3, 64, 64), float32)
Action space: 15
Beware of the Impala!
Step: 8192	Mean reward: 0.625, 	Mean reward done: 0.3125
Estimated time of completion: 8.229855253982047 hours
Step: 16384	Mean reward: 2.5, 	Mean reward done: 1.25
Step: 24576	Mean reward: 2.5, 	Mean reward done: 1.1458332538604736
Step: 32768	Mean reward: 4.0625, 	Mean reward done: 1.8229166269302368
Step: 40960	Mean reward: 7.5, 	Mean reward done: 2.890625
Step: 49152	Mean reward: 6.875, 	Mean reward done: 2.6822919845581055
Step: 57344	Mean reward: 12.1875, 	Mean reward done: 4.192708492279053
Step: 65536	Mean reward: 11.875, 	Mean reward done: 3.4933037757873535
Step: 73728	Mean reward: 12.8125, 	Mean reward done: 3.5364582538604736
Step: 81920	Mean reward: 18.125, 	Mean reward done: 4.6041669845581055
Step: 90112	Mean reward: 14.0625, 	Mean reward done: 3.5260415077209473
Step: 98304	Mean reward: 18.4375, 	Mean reward done: 4.223958492279053
Step: 106496	Mean reward: 19.6875, 	Mean reward done: 4.630208492279053
Step: 114688	Mean reward: 21.875, 	Mean reward done: 4.828125476837158
Step: 122880	Mean reward: 22.8125, 	Mean reward done: 4.905506134033203
Step: 131072	Mean reward: 21.875, 	Mean reward done: 4.881695747375488
Step: 139264	Mean reward: 23.125, 	Mean reward done: 4.5691962242126465
Step: 147456	Mean reward: 20.0, 	Mean reward done: 4.260416507720947
Step: 155648	Mean reward: 23.4375, 	Mean reward done: 4.872024059295654
Step: 163840	Mean reward: 25.9375, 	Mean reward done: 5.206845283508301
Step: 172032	Mean reward: 23.75, 	Mean reward done: 4.9557294845581055
Step: 180224	Mean reward: 21.25, 	Mean reward done: 4.408854007720947
Step: 188416	Mean reward: 23.4375, 	Mean reward done: 4.75818395614624
Step: 196608	Mean reward: 23.75, 	Mean reward done: 4.700148582458496
Step: 204800	Mean reward: 22.5, 	Mean reward done: 4.5078125
Step: 212992	Mean reward: 28.4375, 	Mean reward done: 5.437500476837158
Step: 221184	Mean reward: 25.625, 	Mean reward done: 4.975074291229248
Step: 229376	Mean reward: 29.6875, 	Mean reward done: 5.536954879760742
Step: 237568	Mean reward: 25.625, 	Mean reward done: 4.648809909820557
Step: 245760	Mean reward: 34.6875, 	Mean reward done: 5.570807933807373
Step: 253952	Mean reward: 25.625, 	Mean reward done: 4.700149059295654
Step: 262144	Mean reward: 28.125, 	Mean reward done: 5.334449291229248
Step: 270336	Mean reward: 30.0, 	Mean reward done: 5.510044574737549
Step: 278528	Mean reward: 31.25, 	Mean reward done: 5.100074291229248
Step: 286720	Mean reward: 25.3125, 	Mean reward done: 4.721726417541504
Step: 294912	Mean reward: 35.0, 	Mean reward done: 5.6686506271362305
Step: 303104	Mean reward: 28.75, 	Mean reward done: 5.234002590179443
Step: 311296	Mean reward: 28.4375, 	Mean reward done: 5.376984119415283
Step: 319488	Mean reward: 32.5, 	Mean reward done: 5.668526649475098
Step: 327680	Mean reward: 34.0625, 	Mean reward done: 5.544641971588135
Step: 335872	Mean reward: 31.5625, 	Mean reward done: 5.41369104385376
Step: 344064	Mean reward: 29.6875, 	Mean reward done: 4.957589149475098
Step: 352256	Mean reward: 31.875, 	Mean reward done: 5.432765007019043
Step: 360448	Mean reward: 27.5, 	Mean reward done: 4.9308037757873535
Step: 368640	Mean reward: 34.0625, 	Mean reward done: 5.680307388305664
Step: 376832	Mean reward: 29.0625, 	Mean reward done: 5.289805889129639
Step: 385024	Mean reward: 35.625, 	Mean reward done: 5.644965171813965
Step: 393216	Mean reward: 38.4375, 	Mean reward done: 5.919146537780762
Step: 401408	Mean reward: 37.1875, 	Mean reward done: 5.885010719299316
Step: 409600	Mean reward: 37.8125, 	Mean reward done: 6.612723350524902
Step: 417792	Mean reward: 32.8125, 	Mean reward done: 5.611979961395264
Step: 425984	Mean reward: 32.8125, 	Mean reward done: 5.587177753448486
Step: 434176	Mean reward: 32.1875, 	Mean reward done: 5.623635292053223
Step: 442368	Mean reward: 25.9375, 	Mean reward done: 5.0245537757873535
Step: 450560	Mean reward: 28.4375, 	Mean reward done: 5.328496932983398
Step: 458752	Mean reward: 35.0, 	Mean reward done: 6.033482551574707
Step: 466944	Mean reward: 30.9375, 	Mean reward done: 5.567336082458496
Step: 475136	Mean reward: 30.9375, 	Mean reward done: 5.730902671813965
Step: 483328	Mean reward: 29.6875, 	Mean reward done: 5.0747761726379395
Step: 491520	Mean reward: 30.625, 	Mean reward done: 5.428323268890381
Step: 499712	Mean reward: 32.1875, 	Mean reward done: 5.483135223388672
Step: 507904	Mean reward: 25.625, 	Mean reward done: 4.791543006896973
Step: 516096	Mean reward: 32.8125, 	Mean reward done: 5.8154754638671875
Step: 524288	Mean reward: 27.5, 	Mean reward done: 5.479166507720947
Step: 532480	Mean reward: 34.0625, 	Mean reward done: 5.635788440704346
Step: 540672	Mean reward: 29.375, 	Mean reward done: 5.228050708770752
Step: 548864	Mean reward: 24.6875, 	Mean reward done: 4.536210536956787
Step: 557056	Mean reward: 29.0625, 	Mean reward done: 5.644841194152832
Step: 565248	Mean reward: 32.1875, 	Mean reward done: 6.185640335083008
Step: 573440	Mean reward: 28.4375, 	Mean reward done: 4.848214149475098
Step: 581632	Mean reward: 34.6875, 	Mean reward done: 6.049107074737549
Step: 589824	Mean reward: 34.6875, 	Mean reward done: 6.059399604797363
Step: 598016	Mean reward: 33.75, 	Mean reward done: 6.111968517303467
Step: 606208	Mean reward: 29.375, 	Mean reward done: 5.338515281677246
Step: 614400	Mean reward: 30.3125, 	Mean reward done: 5.515118598937988
Step: 622592	Mean reward: 34.375, 	Mean reward done: 5.840803623199463
Step: 630784	Mean reward: 33.125, 	Mean reward done: 5.704038143157959
Step: 638976	Mean reward: 31.875, 	Mean reward done: 5.1248345375061035
Step: 647168	Mean reward: 32.8125, 	Mean reward done: 5.6126275062561035
Step: 655360	Mean reward: 31.875, 	Mean reward done: 5.725355625152588
Step: 663552	Mean reward: 26.25, 	Mean reward done: 5.424959182739258
Step: 671744	Mean reward: 24.0625, 	Mean reward done: 4.579365253448486
Step: 679936	Mean reward: 25.3125, 	Mean reward done: 4.712465763092041
Step: 688128	Mean reward: 28.125, 	Mean reward done: 4.863259315490723
Step: 696320	Mean reward: 28.125, 	Mean reward done: 4.672636985778809
Step: 704512	Mean reward: 31.5625, 	Mean reward done: 5.755626678466797
Step: 712704	Mean reward: 28.4375, 	Mean reward done: 5.584142684936523
Step: 720896	Mean reward: 30.0, 	Mean reward done: 5.556403160095215
Step: 729088	Mean reward: 38.4375, 	Mean reward done: 5.825280666351318
Step: 737280	Mean reward: 26.25, 	Mean reward done: 5.214119911193848
Step: 745472	Mean reward: 27.8125, 	Mean reward done: 5.083608627319336
Step: 753664	Mean reward: 35.3125, 	Mean reward done: 5.4553704261779785
Step: 761856	Mean reward: 36.25, 	Mean reward done: 5.969058513641357
Step: 770048	Mean reward: 25.0, 	Mean reward done: 5.104179859161377
Step: 778240	Mean reward: 32.1875, 	Mean reward done: 5.460084438323975
Step: 786432	Mean reward: 22.1875, 	Mean reward done: 4.374789714813232
Step: 794624	Mean reward: 26.875, 	Mean reward done: 4.407487392425537
Step: 802816	Mean reward: 33.125, 	Mean reward done: 5.398162841796875
Step: 811008	Mean reward: 36.25, 	Mean reward done: 5.982118606567383
Step: 819200	Mean reward: 38.125, 	Mean reward done: 6.144304275512695
Step: 827392	Mean reward: 36.5625, 	Mean reward done: 5.772667407989502
Step: 835584	Mean reward: 34.375, 	Mean reward done: 5.845453262329102
Step: 843776	Mean reward: 34.0625, 	Mean reward done: 5.8600029945373535
Step: 851968	Mean reward: 25.9375, 	Mean reward done: 4.604580879211426
Step: 860160	Mean reward: 24.375, 	Mean reward done: 4.731808662414551
Step: 868352	Mean reward: 28.4375, 	Mean reward done: 4.749032020568848
Step: 876544	Mean reward: 28.125, 	Mean reward done: 4.936659812927246
Step: 884736	Mean reward: 32.1875, 	Mean reward done: 5.403484344482422
Step: 892928	Mean reward: 20.9375, 	Mean reward done: 4.321577072143555
Step: 901120	Mean reward: 29.0625, 	Mean reward done: 5.626707553863525
Step: 909312	Mean reward: 26.5625, 	Mean reward done: 4.6464996337890625
Step: 917504	Mean reward: 30.0, 	Mean reward done: 4.71989631652832
Step: 925696	Mean reward: 22.5, 	Mean reward done: 4.122005939483643
Step: 933888	Mean reward: 28.125, 	Mean reward done: 5.09757137298584
Step: 942080	Mean reward: 29.375, 	Mean reward done: 5.156334400177002
Step: 950272	Mean reward: 25.9375, 	Mean reward done: 5.066682815551758
Step: 958464	Mean reward: 25.9375, 	Mean reward done: 4.483264923095703
Step: 966656	Mean reward: 20.625, 	Mean reward done: 4.181209087371826
Step: 974848	Mean reward: 26.25, 	Mean reward done: 4.438927173614502
Step: 983040	Mean reward: 27.8125, 	Mean reward done: 5.15797758102417
Step: 991232	Mean reward: 28.75, 	Mean reward done: 4.750545501708984
Step: 999424	Mean reward: 28.75, 	Mean reward done: 5.097583293914795
Step: 1007616	Mean reward: 30.0, 	Mean reward done: 5.176179885864258
Step: 1015808	Mean reward: 31.5625, 	Mean reward done: 5.376095771789551
Step: 1024000	Mean reward: 19.0625, 	Mean reward done: 4.08419132232666
Step: 1032192	Mean reward: 26.875, 	Mean reward done: 5.029087543487549
Step: 1040384	Mean reward: 26.25, 	Mean reward done: 4.4644269943237305
Step: 1048576	Mean reward: 31.875, 	Mean reward done: 5.15054178237915
Step: 1056768	Mean reward: 34.6875, 	Mean reward done: 5.74835205078125
Step: 1064960	Mean reward: 25.625, 	Mean reward done: 4.748605728149414
Step: 1073152	Mean reward: 27.5, 	Mean reward done: 4.768852233886719
Step: 1081344	Mean reward: 30.0, 	Mean reward done: 5.214663982391357
Step: 1089536	Mean reward: 29.375, 	Mean reward done: 5.135976314544678
Step: 1097728	Mean reward: 28.75, 	Mean reward done: 4.849022388458252
Step: 1105920	Mean reward: 39.0625, 	Mean reward done: 6.189072132110596
Step: 1114112	Mean reward: 34.375, 	Mean reward done: 5.69998836517334
Step: 1122304	Mean reward: 28.4375, 	Mean reward done: 4.970653057098389
Step: 1130496	Mean reward: 27.1875, 	Mean reward done: 4.418913841247559
Step: 1138688	Mean reward: 28.4375, 	Mean reward done: 4.925449848175049
Step: 1146880	Mean reward: 25.9375, 	Mean reward done: 5.027622222900391
Step: 1155072	Mean reward: 30.0, 	Mean reward done: 4.750653266906738
Step: 1163264	Mean reward: 25.625, 	Mean reward done: 3.8830604553222656
Step: 1171456	Mean reward: 23.125, 	Mean reward done: 4.082692623138428
Step: 1179648	Mean reward: 25.625, 	Mean reward done: 4.370685577392578
Step: 1187840	Mean reward: 22.5, 	Mean reward done: 4.426865100860596
Step: 1196032	Mean reward: 25.625, 	Mean reward done: 4.512016773223877
Step: 1204224	Mean reward: 30.0, 	Mean reward done: 5.027002334594727
Step: 1212416	Mean reward: 22.8125, 	Mean reward done: 4.221553325653076
Step: 1220608	Mean reward: 35.0, 	Mean reward done: 5.313893795013428
Step: 1228800	Mean reward: 30.625, 	Mean reward done: 4.976354598999023
Step: 1236992	Mean reward: 24.6875, 	Mean reward done: 4.581357002258301
Step: 1245184	Mean reward: 27.5, 	Mean reward done: 4.926886081695557
Step: 1253376	Mean reward: 20.3125, 	Mean reward done: 4.271162509918213
Step: 1261568	Mean reward: 24.375, 	Mean reward done: 4.429259300231934
Step: 1269760	Mean reward: 23.4375, 	Mean reward done: 4.451274394989014
Step: 1277952	Mean reward: 30.625, 	Mean reward done: 4.991124153137207
Step: 1286144	Mean reward: 30.3125, 	Mean reward done: 5.599950790405273
Step: 1294336	Mean reward: 25.3125, 	Mean reward done: 4.550637722015381
Step: 1302528	Mean reward: 30.9375, 	Mean reward done: 5.266786575317383
Step: 1310720	Mean reward: 31.25, 	Mean reward done: 5.566310405731201
Step: 1318912	Mean reward: 30.0, 	Mean reward done: 5.108356475830078
Step: 1327104	Mean reward: 30.3125, 	Mean reward done: 5.284473896026611
Step: 1335296	Mean reward: 32.5, 	Mean reward done: 5.376468181610107
Step: 1343488	Mean reward: 33.125, 	Mean reward done: 5.444524765014648
Step: 1351680	Mean reward: 27.5, 	Mean reward done: 4.482132434844971
Step: 1359872	Mean reward: 35.0, 	Mean reward done: 5.590893745422363
Step: 1368064	Mean reward: 35.625, 	Mean reward done: 6.03541374206543
Step: 1376256	Mean reward: 36.25, 	Mean reward done: 6.074018955230713
Step: 1384448	Mean reward: 25.3125, 	Mean reward done: 4.491344451904297
Step: 1392640	Mean reward: 29.0625, 	Mean reward done: 5.096596717834473
Step: 1400832	Mean reward: 28.4375, 	Mean reward done: 4.548552989959717
Step: 1409024	Mean reward: 24.375, 	Mean reward done: 4.204830646514893
Step: 1417216	Mean reward: 28.125, 	Mean reward done: 4.793078422546387
Step: 1425408	Mean reward: 29.6875, 	Mean reward done: 5.127222061157227
Step: 1433600	Mean reward: 28.4375, 	Mean reward done: 5.18712854385376
Step: 1441792	Mean reward: 23.75, 	Mean reward done: 4.606993675231934
Step: 1449984	Mean reward: 26.25, 	Mean reward done: 4.338597774505615
Step: 1458176	Mean reward: 32.5, 	Mean reward done: 5.304316520690918
Step: 1466368	Mean reward: 24.375, 	Mean reward done: 4.697813034057617
Step: 1474560	Mean reward: 29.375, 	Mean reward done: 5.136142730712891
Step: 1482752	Mean reward: 32.5, 	Mean reward done: 5.453219890594482
Step: 1490944	Mean reward: 28.75, 	Mean reward done: 4.971663951873779
Step: 1499136	Mean reward: 29.0625, 	Mean reward done: 4.714456081390381
Step: 1507328	Mean reward: 30.0, 	Mean reward done: 5.524542808532715
Step: 1515520	Mean reward: 32.8125, 	Mean reward done: 5.5236053466796875
Step: 1523712	Mean reward: 33.4375, 	Mean reward done: 5.347077369689941
Step: 1531904	Mean reward: 28.75, 	Mean reward done: 5.493930816650391
Step: 1540096	Mean reward: 35.0, 	Mean reward done: 5.377024173736572
Step: 1548288	Mean reward: 31.5625, 	Mean reward done: 5.415955066680908
Step: 1556480	Mean reward: 27.8125, 	Mean reward done: 4.485832691192627
Step: 1564672	Mean reward: 25.625, 	Mean reward done: 4.4011077880859375
Step: 1572864	Mean reward: 27.8125, 	Mean reward done: 5.022014617919922
Step: 1581056	Mean reward: 32.1875, 	Mean reward done: 5.502374172210693
Step: 1589248	Mean reward: 29.6875, 	Mean reward done: 4.846447944641113
Step: 1597440	Mean reward: 19.0625, 	Mean reward done: 3.7604167461395264
Step: 1605632	Mean reward: 23.75, 	Mean reward done: 4.251026153564453
Step: 1613824	Mean reward: 37.1875, 	Mean reward done: 5.668000221252441
Step: 1622016	Mean reward: 33.4375, 	Mean reward done: 5.399702548980713
Step: 1630208	Mean reward: 32.5, 	Mean reward done: 5.701990604400635
Step: 1638400	Mean reward: 23.4375, 	Mean reward done: 4.361414432525635
Step: 1646592	Mean reward: 26.875, 	Mean reward done: 4.469671726226807
Step: 1654784	Mean reward: 29.6875, 	Mean reward done: 4.631836891174316
Step: 1662976	Mean reward: 25.625, 	Mean reward done: 4.507058143615723
Step: 1671168	Mean reward: 30.3125, 	Mean reward done: 5.070736885070801
Step: 1679360	Mean reward: 26.875, 	Mean reward done: 5.189728736877441
Step: 1687552	Mean reward: 28.125, 	Mean reward done: 4.478237152099609
Step: 1695744	Mean reward: 23.4375, 	Mean reward done: 4.525333404541016
Step: 1703936	Mean reward: 25.9375, 	Mean reward done: 4.671507358551025
Step: 1712128	Mean reward: 25.0, 	Mean reward done: 4.382171154022217
Step: 1720320	Mean reward: 18.75, 	Mean reward done: 4.10117244720459
Step: 1728512	Mean reward: 18.75, 	Mean reward done: 3.7135279178619385
Step: 1736704	Mean reward: 18.4375, 	Mean reward done: 3.613276720046997
Step: 1744896	Mean reward: 25.9375, 	Mean reward done: 4.508266925811768
Step: 1753088	Mean reward: 23.125, 	Mean reward done: 4.088425159454346
Step: 1761280	Mean reward: 29.6875, 	Mean reward done: 5.44699764251709
Step: 1769472	Mean reward: 34.6875, 	Mean reward done: 5.6187591552734375
Step: 1777664	Mean reward: 22.1875, 	Mean reward done: 3.606074810028076
Step: 1785856	Mean reward: 25.9375, 	Mean reward done: 4.3061299324035645
Step: 1794048	Mean reward: 23.125, 	Mean reward done: 3.640177011489868
Step: 1802240	Mean reward: 22.1875, 	Mean reward done: 3.7607784271240234
Step: 1810432	Mean reward: 19.375, 	Mean reward done: 3.7603399753570557
Step: 1818624	Mean reward: 20.0, 	Mean reward done: 3.655982732772827
Step: 1826816	Mean reward: 20.0, 	Mean reward done: 3.8254318237304688
Step: 1835008	Mean reward: 19.375, 	Mean reward done: 3.9563822746276855
Step: 1843200	Mean reward: 20.9375, 	Mean reward done: 4.11781120300293
Step: 1851392	Mean reward: 21.875, 	Mean reward done: 4.1718573570251465
Step: 1859584	Mean reward: 13.125, 	Mean reward done: 3.0758731365203857
Step: 1867776	Mean reward: 19.375, 	Mean reward done: 3.715841054916382
Step: 1875968	Mean reward: 17.5, 	Mean reward done: 3.2648653984069824
Step: 1884160	Mean reward: 24.0625, 	Mean reward done: 4.646726131439209
Step: 1892352	Mean reward: 22.1875, 	Mean reward done: 4.076066970825195
Step: 1900544	Mean reward: 23.125, 	Mean reward done: 4.261235237121582
Step: 1908736	Mean reward: 19.0625, 	Mean reward done: 3.4669437408447266
Step: 1916928	Mean reward: 20.625, 	Mean reward done: 4.154434680938721
Step: 1925120	Mean reward: 26.25, 	Mean reward done: 4.598911285400391
Step: 1933312	Mean reward: 21.25, 	Mean reward done: 4.192233085632324
Step: 1941504	Mean reward: 30.0, 	Mean reward done: 5.493789196014404
Step: 1949696	Mean reward: 24.375, 	Mean reward done: 4.981933116912842
Step: 1957888	Mean reward: 26.25, 	Mean reward done: 5.138289451599121
Step: 1966080	Mean reward: 23.4375, 	Mean reward done: 4.398588180541992
Step: 1974272	Mean reward: 25.3125, 	Mean reward done: 4.895474433898926
Step: 1982464	Mean reward: 25.625, 	Mean reward done: 5.014706611633301
Step: 1990656	Mean reward: 32.1875, 	Mean reward done: 5.5062971115112305
Step: 1998848	Mean reward: 25.625, 	Mean reward done: 4.667488098144531
Step: 2007040	Mean reward: 28.4375, 	Mean reward done: 5.131678581237793
Step: 2015232	Mean reward: 26.875, 	Mean reward done: 4.917111396789551
Step: 2023424	Mean reward: 27.1875, 	Mean reward done: 4.969241619110107
Step: 2031616	Mean reward: 24.0625, 	Mean reward done: 5.084932804107666
Step: 2039808	Mean reward: 26.5625, 	Mean reward done: 5.022287368774414
Step: 2048000	Mean reward: 21.875, 	Mean reward done: 4.632934093475342
Step: 2056192	Mean reward: 15.3125, 	Mean reward done: 3.3482723236083984
Step: 2064384	Mean reward: 20.0, 	Mean reward done: 4.0735907554626465
Step: 2072576	Mean reward: 20.625, 	Mean reward done: 4.131895065307617
Step: 2080768	Mean reward: 26.5625, 	Mean reward done: 4.962953090667725
Step: 2088960	Mean reward: 25.3125, 	Mean reward done: 4.789764404296875
Step: 2097152	Mean reward: 28.75, 	Mean reward done: 5.0735578536987305
Step: 2105344	Mean reward: 22.1875, 	Mean reward done: 4.338052749633789
Step: 2113536	Mean reward: 28.75, 	Mean reward done: 4.911964416503906
Step: 2121728	Mean reward: 25.0, 	Mean reward done: 4.878718852996826
Step: 2129920	Mean reward: 29.6875, 	Mean reward done: 5.668574810028076
Step: 2138112	Mean reward: 24.6875, 	Mean reward done: 4.737301826477051
Step: 2146304	Mean reward: 24.375, 	Mean reward done: 4.3357062339782715
Step: 2154496	Mean reward: 25.0, 	Mean reward done: 4.872875213623047
Step: 2162688	Mean reward: 21.25, 	Mean reward done: 4.154889106750488
Step: 2170880	Mean reward: 20.9375, 	Mean reward done: 3.8445541858673096
Step: 2179072	Mean reward: 14.6875, 	Mean reward done: 3.031982898712158
Step: 2187264	Mean reward: 10.3125, 	Mean reward done: 2.1472926139831543
Step: 2195456	Mean reward: 18.4375, 	Mean reward done: 3.249727249145508
Step: 2203648	Mean reward: 16.5625, 	Mean reward done: 3.147860527038574
Step: 2211840	Mean reward: 19.6875, 	Mean reward done: 3.7848751544952393
Step: 2220032	Mean reward: 22.1875, 	Mean reward done: 4.32154655456543
Step: 2228224	Mean reward: 20.9375, 	Mean reward done: 4.858976364135742
Step: 2236416	Mean reward: 19.375, 	Mean reward done: 4.194368839263916
Step: 2244608	Mean reward: 15.9375, 	Mean reward done: 3.8435778617858887
Step: 2252800	Mean reward: 14.0625, 	Mean reward done: 3.0815141201019287
Step: 2260992	Mean reward: 22.8125, 	Mean reward done: 3.973846673965454
Step: 2269184	Mean reward: 16.25, 	Mean reward done: 3.5788838863372803
Step: 2277376	Mean reward: 19.6875, 	Mean reward done: 3.8772459030151367
Step: 2285568	Mean reward: 16.25, 	Mean reward done: 3.1237618923187256
Step: 2293760	Mean reward: 19.0625, 	Mean reward done: 3.685554027557373
Step: 2301952	Mean reward: 23.4375, 	Mean reward done: 4.487944602966309
Step: 2310144	Mean reward: 26.5625, 	Mean reward done: 4.461639404296875
Step: 2318336	Mean reward: 27.1875, 	Mean reward done: 4.910961151123047
Step: 2326528	Mean reward: 28.75, 	Mean reward done: 5.214442253112793
Step: 2334720	Mean reward: 24.6875, 	Mean reward done: 4.741060256958008
Step: 2342912	Mean reward: 25.0, 	Mean reward done: 4.626578330993652
Step: 2351104	Mean reward: 27.5, 	Mean reward done: 4.879284381866455
Step: 2359296	Mean reward: 26.25, 	Mean reward done: 4.96954345703125
Step: 2367488	Mean reward: 28.75, 	Mean reward done: 5.2300543785095215
Step: 2375680	Mean reward: 25.3125, 	Mean reward done: 4.744017601013184
Step: 2383872	Mean reward: 22.5, 	Mean reward done: 4.135887145996094
Step: 2392064	Mean reward: 22.1875, 	Mean reward done: 3.841118812561035
Step: 2400256	Mean reward: 24.375, 	Mean reward done: 4.353358745574951
Step: 2408448	Mean reward: 27.1875, 	Mean reward done: 4.665164947509766
Step: 2416640	Mean reward: 28.4375, 	Mean reward done: 4.781169891357422
Step: 2424832	Mean reward: 28.125, 	Mean reward done: 5.063112258911133
Step: 2433024	Mean reward: 30.9375, 	Mean reward done: 5.1466145515441895
Step: 2441216	Mean reward: 22.1875, 	Mean reward done: 4.217715740203857
Step: 2449408	Mean reward: 23.125, 	Mean reward done: 3.8296327590942383
Step: 2457600	Mean reward: 26.25, 	Mean reward done: 4.449272155761719
Step: 2465792	Mean reward: 21.875, 	Mean reward done: 4.456953525543213
Step: 2473984	Mean reward: 22.8125, 	Mean reward done: 4.521823883056641
Step: 2482176	Mean reward: 26.25, 	Mean reward done: 4.51918363571167
Step: 2490368	Mean reward: 21.875, 	Mean reward done: 4.174864292144775
Step: 2498560	Mean reward: 31.5625, 	Mean reward done: 5.019941329956055
Step: 2506752	Mean reward: 30.625, 	Mean reward done: 5.151663780212402
Step: 2514944	Mean reward: 26.5625, 	Mean reward done: 4.720705986022949
Step: 2523136	Mean reward: 27.5, 	Mean reward done: 5.099220275878906
Step: 2531328	Mean reward: 32.8125, 	Mean reward done: 5.337084770202637
Step: 2539520	Mean reward: 26.5625, 	Mean reward done: 4.695782661437988
Step: 2547712	Mean reward: 34.0625, 	Mean reward done: 5.716299533843994
Step: 2555904	Mean reward: 27.5, 	Mean reward done: 4.731954574584961
Step: 2564096	Mean reward: 21.5625, 	Mean reward done: 4.1506123542785645
Step: 2572288	Mean reward: 16.875, 	Mean reward done: 3.542684316635132
Step: 2580480	Mean reward: 19.6875, 	Mean reward done: 3.968724250793457
Step: 2588672	Mean reward: 28.125, 	Mean reward done: 4.631871223449707
Step: 2596864	Mean reward: 28.4375, 	Mean reward done: 5.293899059295654
Step: 2605056	Mean reward: 29.0625, 	Mean reward done: 5.399474143981934
Step: 2613248	Mean reward: 24.375, 	Mean reward done: 4.541304111480713
Step: 2621440	Mean reward: 23.125, 	Mean reward done: 4.493978977203369
Step: 2629632	Mean reward: 29.0625, 	Mean reward done: 5.052773475646973
Step: 2637824	Mean reward: 24.0625, 	Mean reward done: 4.4392499923706055
Step: 2646016	Mean reward: 20.0, 	Mean reward done: 3.841524600982666
Step: 2654208	Mean reward: 20.0, 	Mean reward done: 3.671757459640503
Step: 2662400	Mean reward: 19.6875, 	Mean reward done: 4.028953552246094
Step: 2670592	Mean reward: 21.25, 	Mean reward done: 4.01312255859375
Step: 2678784	Mean reward: 19.6875, 	Mean reward done: 3.928788661956787
Step: 2686976	Mean reward: 20.9375, 	Mean reward done: 4.035794734954834
Step: 2695168	Mean reward: 23.75, 	Mean reward done: 4.049225330352783
Step: 2703360	Mean reward: 21.875, 	Mean reward done: 4.580745697021484
Step: 2711552	Mean reward: 19.0625, 	Mean reward done: 3.970024347305298
Step: 2719744	Mean reward: 20.625, 	Mean reward done: 3.883403778076172
Step: 2727936	Mean reward: 21.5625, 	Mean reward done: 3.8828039169311523
Step: 2736128	Mean reward: 18.75, 	Mean reward done: 3.8434009552001953
Step: 2744320	Mean reward: 15.625, 	Mean reward done: 2.9312307834625244
Step: 2752512	Mean reward: 19.375, 	Mean reward done: 3.585808753967285
Step: 2760704	Mean reward: 26.25, 	Mean reward done: 4.814624309539795
Step: 2768896	Mean reward: 22.8125, 	Mean reward done: 5.02941370010376
Step: 2777088	Mean reward: 24.375, 	Mean reward done: 4.751558780670166
Step: 2785280	Mean reward: 24.6875, 	Mean reward done: 4.66105318069458
Step: 2793472	Mean reward: 29.6875, 	Mean reward done: 5.137442588806152
Step: 2801664	Mean reward: 21.875, 	Mean reward done: 4.541840553283691
Step: 2809856	Mean reward: 23.125, 	Mean reward done: 4.412222385406494
Step: 2818048	Mean reward: 22.1875, 	Mean reward done: 4.1205363273620605
Step: 2826240	Mean reward: 22.1875, 	Mean reward done: 3.9320733547210693
Step: 2834432	Mean reward: 23.75, 	Mean reward done: 3.973572254180908
Step: 2842624	Mean reward: 25.9375, 	Mean reward done: 5.008683681488037
Step: 2850816	Mean reward: 27.8125, 	Mean reward done: 4.863322734832764
Step: 2859008	Mean reward: 28.75, 	Mean reward done: 4.582180976867676
Step: 2867200	Mean reward: 23.75, 	Mean reward done: 4.6500139236450195
Step: 2875392	Mean reward: 20.625, 	Mean reward done: 4.164963245391846
Step: 2883584	Mean reward: 29.375, 	Mean reward done: 5.584525108337402
Step: 2891776	Mean reward: 31.875, 	Mean reward done: 5.680927276611328
Step: 2899968	Mean reward: 30.625, 	Mean reward done: 5.425114154815674
Step: 2908160	Mean reward: 25.625, 	Mean reward done: 4.767424583435059
Step: 2916352	Mean reward: 35.3125, 	Mean reward done: 5.272613048553467
Step: 2924544	Mean reward: 31.25, 	Mean reward done: 5.576837062835693
Step: 2932736	Mean reward: 30.625, 	Mean reward done: 5.282548427581787
Step: 2940928	Mean reward: 27.8125, 	Mean reward done: 4.96628475189209
Step: 2949120	Mean reward: 22.8125, 	Mean reward done: 4.524871826171875
Step: 2957312	Mean reward: 29.6875, 	Mean reward done: 4.5689167976379395
Step: 2965504	Mean reward: 26.5625, 	Mean reward done: 4.9809184074401855
Step: 2973696	Mean reward: 28.125, 	Mean reward done: 4.558232307434082
Step: 2981888	Mean reward: 26.25, 	Mean reward done: 4.975072383880615
Step: 2990080	Mean reward: 29.375, 	Mean reward done: 5.24892520904541
Step: 2998272	Mean reward: 26.875, 	Mean reward done: 5.332128524780273
Step: 3006464	Mean reward: 35.0, 	Mean reward done: 5.809516429901123
Step: 3014656	Mean reward: 28.75, 	Mean reward done: 4.777433395385742
Step: 3022848	Mean reward: 24.6875, 	Mean reward done: 4.296724319458008
Step: 3031040	Mean reward: 22.5, 	Mean reward done: 3.856349468231201
Step: 3039232	Mean reward: 32.8125, 	Mean reward done: 5.511672019958496
Step: 3047424	Mean reward: 35.625, 	Mean reward done: 5.705684661865234
Step: 3055616	Mean reward: 28.75, 	Mean reward done: 5.416245460510254
Step: 3063808	Mean reward: 31.5625, 	Mean reward done: 5.022251605987549
Step: 3072000	Mean reward: 35.0, 	Mean reward done: 5.131181716918945
Step: 3080192	Mean reward: 27.5, 	Mean reward done: 5.061308860778809
Step: 3088384	Mean reward: 36.5625, 	Mean reward done: 5.9177703857421875
Step: 3096576	Mean reward: 34.0625, 	Mean reward done: 6.063924789428711
Step: 3104768	Mean reward: 32.8125, 	Mean reward done: 5.237149238586426
Step: 3112960	Mean reward: 19.6875, 	Mean reward done: 3.970501661300659
Step: 3121152	Mean reward: 30.3125, 	Mean reward done: 5.483933925628662
Step: 3129344	Mean reward: 34.375, 	Mean reward done: 5.606598854064941
Step: 3137536	Mean reward: 35.0, 	Mean reward done: 6.0286383628845215
Step: 3145728	Mean reward: 28.75, 	Mean reward done: 5.092206954956055
Step: 3153920	Mean reward: 25.0, 	Mean reward done: 4.882344722747803
Step: 3162112	Mean reward: 27.1875, 	Mean reward done: 4.536811351776123
Step: 3170304	Mean reward: 32.1875, 	Mean reward done: 5.542350769042969
Step: 3178496	Mean reward: 31.875, 	Mean reward done: 5.174524307250977
Step: 3186688	Mean reward: 31.25, 	Mean reward done: 5.320925235748291
Step: 3194880	Mean reward: 34.375, 	Mean reward done: 5.672587871551514
Step: 3203072	Mean reward: 40.9375, 	Mean reward done: 6.578396797180176
Step: 3211264	Mean reward: 37.8125, 	Mean reward done: 6.61419677734375
Step: 3219456	Mean reward: 27.5, 	Mean reward done: 5.0397725105285645
Step: 3227648	Mean reward: 33.75, 	Mean reward done: 5.66135311126709
Step: 3235840	Mean reward: 34.375, 	Mean reward done: 5.667665958404541
Step: 3244032	Mean reward: 25.3125, 	Mean reward done: 4.555530071258545
Step: 3252224	Mean reward: 25.0, 	Mean reward done: 4.663871765136719
Step: 3260416	Mean reward: 33.125, 	Mean reward done: 5.685137748718262
Step: 3268608	Mean reward: 36.25, 	Mean reward done: 6.0648651123046875
Step: 3276800	Mean reward: 33.75, 	Mean reward done: 5.967483043670654
Step: 3284992	Mean reward: 30.0, 	Mean reward done: 5.338862895965576
Step: 3293184	Mean reward: 32.5, 	Mean reward done: 5.4106221199035645
Step: 3301376	Mean reward: 31.5625, 	Mean reward done: 5.019299507141113
Step: 3309568	Mean reward: 32.1875, 	Mean reward done: 5.2569804191589355
Step: 3317760	Mean reward: 33.75, 	Mean reward done: 5.765087604522705
Step: 3325952	Mean reward: 28.75, 	Mean reward done: 4.884702205657959
Step: 3334144	Mean reward: 26.875, 	Mean reward done: 4.274418830871582
Step: 3342336	Mean reward: 22.8125, 	Mean reward done: 3.6803829669952393
Step: 3350528	Mean reward: 18.75, 	Mean reward done: 3.6599950790405273
Step: 3358720	Mean reward: 23.75, 	Mean reward done: 4.381015300750732
Step: 3366912	Mean reward: 28.75, 	Mean reward done: 5.096555709838867
Step: 3375104	Mean reward: 27.5, 	Mean reward done: 4.818763256072998
Step: 3383296	Mean reward: 30.0, 	Mean reward done: 5.059403419494629
Step: 3391488	Mean reward: 29.0625, 	Mean reward done: 5.108900547027588
Step: 3399680	Mean reward: 31.25, 	Mean reward done: 5.251821994781494
Step: 3407872	Mean reward: 22.5, 	Mean reward done: 4.198153018951416
Step: 3416064	Mean reward: 26.25, 	Mean reward done: 4.244229316711426
Step: 3424256	Mean reward: 18.75, 	Mean reward done: 3.819179058074951
Step: 3432448	Mean reward: 18.4375, 	Mean reward done: 3.543430805206299
Step: 3440640	Mean reward: 18.75, 	Mean reward done: 3.681049346923828
Step: 3448832	Mean reward: 21.875, 	Mean reward done: 4.30320405960083
Step: 3457024	Mean reward: 31.5625, 	Mean reward done: 5.10214900970459
Step: 3465216	Mean reward: 34.375, 	Mean reward done: 5.392900466918945
Step: 3473408	Mean reward: 27.5, 	Mean reward done: 4.964515686035156
Step: 3481600	Mean reward: 23.125, 	Mean reward done: 4.73337459564209
Step: 3489792	Mean reward: 23.75, 	Mean reward done: 4.327703952789307
Step: 3497984	Mean reward: 29.6875, 	Mean reward done: 5.243121147155762
Step: 3506176	Mean reward: 30.9375, 	Mean reward done: 5.3838372230529785
Step: 3514368	Mean reward: 29.6875, 	Mean reward done: 5.379173755645752
Step: 3522560	Mean reward: 32.8125, 	Mean reward done: 5.129330158233643
Step: 3530752	Mean reward: 28.125, 	Mean reward done: 5.040513515472412
Step: 3538944	Mean reward: 27.5, 	Mean reward done: 4.6455206871032715
Step: 3547136	Mean reward: 22.8125, 	Mean reward done: 4.161518573760986
Step: 3555328	Mean reward: 26.875, 	Mean reward done: 4.469611644744873
Step: 3563520	Mean reward: 29.375, 	Mean reward done: 5.179385185241699
Step: 3571712	Mean reward: 31.25, 	Mean reward done: 5.862547397613525
Step: 3579904	Mean reward: 25.9375, 	Mean reward done: 4.9405083656311035
Step: 3588096	Mean reward: 25.9375, 	Mean reward done: 4.411761283874512
Step: 3596288	Mean reward: 27.8125, 	Mean reward done: 4.873720169067383
Step: 3604480	Mean reward: 32.5, 	Mean reward done: 5.61409854888916
Step: 3612672	Mean reward: 37.1875, 	Mean reward done: 5.936684608459473
Step: 3620864	Mean reward: 26.5625, 	Mean reward done: 4.774571895599365
Step: 3629056	Mean reward: 31.5625, 	Mean reward done: 5.600332260131836
Step: 3637248	Mean reward: 30.9375, 	Mean reward done: 5.426227569580078
Step: 3645440	Mean reward: 34.0625, 	Mean reward done: 5.4905781745910645
Step: 3653632	Mean reward: 29.0625, 	Mean reward done: 5.2017998695373535
Step: 3661824	Mean reward: 25.3125, 	Mean reward done: 4.920331954956055
Step: 3670016	Mean reward: 24.375, 	Mean reward done: 4.1967573165893555
Step: 3678208	Mean reward: 23.4375, 	Mean reward done: 4.081530570983887
Step: 3686400	Mean reward: 20.9375, 	Mean reward done: 3.9947235584259033
Step: 3694592	Mean reward: 25.3125, 	Mean reward done: 4.553945541381836
Step: 3702784	Mean reward: 18.4375, 	Mean reward done: 3.323806047439575
Step: 3710976	Mean reward: 16.875, 	Mean reward done: 3.5819573402404785
Step: 3719168	Mean reward: 23.75, 	Mean reward done: 4.34218168258667
Step: 3727360	Mean reward: 27.8125, 	Mean reward done: 5.391557216644287
Step: 3735552	Mean reward: 25.625, 	Mean reward done: 4.904117584228516
Step: 3743744	Mean reward: 33.125, 	Mean reward done: 5.753842353820801
Step: 3751936	Mean reward: 32.5, 	Mean reward done: 5.608597278594971
Step: 3760128	Mean reward: 25.9375, 	Mean reward done: 4.732467174530029
Step: 3768320	Mean reward: 26.25, 	Mean reward done: 4.643775939941406
Step: 3776512	Mean reward: 30.3125, 	Mean reward done: 5.615443706512451
Step: 3784704	Mean reward: 28.4375, 	Mean reward done: 4.866360664367676
Step: 3792896	Mean reward: 31.25, 	Mean reward done: 5.0566630363464355
Step: 3801088	Mean reward: 30.0, 	Mean reward done: 5.34790563583374
Step: 3809280	Mean reward: 29.0625, 	Mean reward done: 5.260519504547119
Step: 3817472	Mean reward: 31.875, 	Mean reward done: 5.872520446777344
Step: 3825664	Mean reward: 39.0625, 	Mean reward done: 5.724833965301514
Step: 3833856	Mean reward: 40.625, 	Mean reward done: 6.2969865798950195
Step: 3842048	Mean reward: 38.125, 	Mean reward done: 5.950765132904053
Step: 3850240	Mean reward: 40.3125, 	Mean reward done: 6.62000846862793
Step: 3858432	Mean reward: 40.0, 	Mean reward done: 6.326467037200928
Step: 3866624	Mean reward: 37.8125, 	Mean reward done: 6.104367733001709
Step: 3874816	Mean reward: 32.1875, 	Mean reward done: 5.36304235458374
Step: 3883008	Mean reward: 37.5, 	Mean reward done: 5.67574405670166
Step: 3891200	Mean reward: 30.3125, 	Mean reward done: 5.192914962768555
Step: 3899392	Mean reward: 34.0625, 	Mean reward done: 5.321768283843994
Step: 3907584	Mean reward: 23.125, 	Mean reward done: 3.8567023277282715
Step: 3915776	Mean reward: 26.25, 	Mean reward done: 4.425741672515869
Step: 3923968	Mean reward: 28.4375, 	Mean reward done: 4.8894829750061035
Step: 3932160	Mean reward: 31.875, 	Mean reward done: 5.420711517333984
Step: 3940352	Mean reward: 36.25, 	Mean reward done: 5.729887008666992
Step: 3948544	Mean reward: 25.3125, 	Mean reward done: 4.536583423614502
Step: 3956736	Mean reward: 23.125, 	Mean reward done: 3.6338353157043457
Step: 3964928	Mean reward: 21.25, 	Mean reward done: 4.053821086883545
Step: 3973120	Mean reward: 30.625, 	Mean reward done: 4.990593910217285
Step: 3981312	Mean reward: 36.5625, 	Mean reward done: 5.76678991317749
Step: 3989504	Mean reward: 20.9375, 	Mean reward done: 3.883988857269287
Step: 3997696	Mean reward: 20.3125, 	Mean reward done: 3.6737914085388184
Step: 4005888	Mean reward: 19.0625, 	Mean reward done: 3.4307565689086914
Step: 4014080	Mean reward: 22.5, 	Mean reward done: 4.292428970336914
Step: 4022272	Mean reward: 23.125, 	Mean reward done: 4.345046520233154
Step: 4030464	Mean reward: 20.0, 	Mean reward done: 4.109940052032471
Step: 4038656	Mean reward: 20.0, 	Mean reward done: 3.6906113624572754
Step: 4046848	Mean reward: 18.75, 	Mean reward done: 3.427130937576294
Step: 4055040	Mean reward: 19.6875, 	Mean reward done: 3.298516273498535
Step: 4063232	Mean reward: 24.6875, 	Mean reward done: 4.104944229125977
Step: 4071424	Mean reward: 24.0625, 	Mean reward done: 3.958000898361206
Step: 4079616	Mean reward: 25.625, 	Mean reward done: 4.385773181915283
Step: 4087808	Mean reward: 24.6875, 	Mean reward done: 4.327620506286621
Step: 4096000	Mean reward: 27.5, 	Mean reward done: 4.3866705894470215
Step: 4104192	Mean reward: 24.375, 	Mean reward done: 4.639184951782227
Step: 4112384	Mean reward: 22.1875, 	Mean reward done: 3.691016674041748
Step: 4120576	Mean reward: 21.875, 	Mean reward done: 4.0854363441467285
Step: 4128768	Mean reward: 26.875, 	Mean reward done: 4.717080116271973
Step: 4136960	Mean reward: 23.4375, 	Mean reward done: 4.138734817504883
Step: 4145152	Mean reward: 27.1875, 	Mean reward done: 5.049627304077148
Step: 4153344	Mean reward: 27.8125, 	Mean reward done: 4.637763500213623
Step: 4161536	Mean reward: 26.5625, 	Mean reward done: 4.498196125030518
Step: 4169728	Mean reward: 20.3125, 	Mean reward done: 4.08549165725708
Step: 4177920	Mean reward: 25.0, 	Mean reward done: 4.330103874206543
Step: 4186112	Mean reward: 30.0, 	Mean reward done: 4.777493000030518
Step: 4194304	Mean reward: 24.375, 	Mean reward done: 3.745957374572754
Step: 4202496	Mean reward: 20.0, 	Mean reward done: 3.5944855213165283
Step: 4210688	Mean reward: 16.25, 	Mean reward done: 3.4970450401306152
Step: 4218880	Mean reward: 17.5, 	Mean reward done: 3.393869400024414
Step: 4227072	Mean reward: 23.4375, 	Mean reward done: 4.354978084564209
Step: 4235264	Mean reward: 23.4375, 	Mean reward done: 4.422032833099365
Step: 4243456	Mean reward: 22.1875, 	Mean reward done: 4.4745306968688965
Step: 4251648	Mean reward: 29.0625, 	Mean reward done: 5.315627574920654
Step: 4259840	Mean reward: 28.75, 	Mean reward done: 5.172499179840088
Step: 4268032	Mean reward: 22.5, 	Mean reward done: 4.449814319610596
Step: 4276224	Mean reward: 27.1875, 	Mean reward done: 5.056522846221924
Step: 4284416	Mean reward: 20.0, 	Mean reward done: 4.298670291900635
Step: 4292608	Mean reward: 25.3125, 	Mean reward done: 4.431182861328125
Step: 4300800	Mean reward: 25.9375, 	Mean reward done: 4.361392974853516
Step: 4308992	Mean reward: 20.625, 	Mean reward done: 3.7104928493499756
Step: 4317184	Mean reward: 25.3125, 	Mean reward done: 4.622375965118408
Step: 4325376	Mean reward: 30.625, 	Mean reward done: 4.974297046661377
Step: 4333568	Mean reward: 24.0625, 	Mean reward done: 4.276135444641113
Step: 4341760	Mean reward: 30.0, 	Mean reward done: 4.734165191650391
Step: 4349952	Mean reward: 16.25, 	Mean reward done: 3.4755706787109375
Step: 4358144	Mean reward: 24.375, 	Mean reward done: 4.336245536804199
Step: 4366336	Mean reward: 25.3125, 	Mean reward done: 3.994736433029175
Step: 4374528	Mean reward: 22.5, 	Mean reward done: 3.8901145458221436
Step: 4382720	Mean reward: 28.125, 	Mean reward done: 4.939096450805664
Step: 4390912	Mean reward: 29.6875, 	Mean reward done: 5.187999725341797
Step: 4399104	Mean reward: 30.9375, 	Mean reward done: 5.047657012939453
Step: 4407296	Mean reward: 28.4375, 	Mean reward done: 4.836103439331055
Step: 4415488	Mean reward: 25.9375, 	Mean reward done: 4.367572784423828
Step: 4423680	Mean reward: 24.0625, 	Mean reward done: 4.080433368682861
Step: 4431872	Mean reward: 15.9375, 	Mean reward done: 2.9485416412353516
Step: 4440064	Mean reward: 20.0, 	Mean reward done: 3.2918999195098877
Step: 4448256	Mean reward: 27.8125, 	Mean reward done: 5.153799533843994
Step: 4456448	Mean reward: 34.0625, 	Mean reward done: 5.727630615234375
Step: 4464640	Mean reward: 29.375, 	Mean reward done: 5.18149471282959
Step: 4472832	Mean reward: 28.125, 	Mean reward done: 4.944759368896484
Step: 4481024	Mean reward: 28.4375, 	Mean reward done: 4.873106002807617
Step: 4489216	Mean reward: 24.0625, 	Mean reward done: 4.49987268447876
Step: 4497408	Mean reward: 34.375, 	Mean reward done: 5.670771598815918
Step: 4505600	Mean reward: 32.5, 	Mean reward done: 5.235202312469482
Step: 4513792	Mean reward: 30.3125, 	Mean reward done: 5.249598979949951
Step: 4521984	Mean reward: 29.6875, 	Mean reward done: 4.8136138916015625
Step: 4530176	Mean reward: 27.8125, 	Mean reward done: 4.731595039367676
Step: 4538368	Mean reward: 27.1875, 	Mean reward done: 4.7177910804748535
Step: 4546560	Mean reward: 24.375, 	Mean reward done: 4.476162433624268
Step: 4554752	Mean reward: 24.6875, 	Mean reward done: 4.303107738494873
Step: 4562944	Mean reward: 27.8125, 	Mean reward done: 4.544192314147949
Step: 4571136	Mean reward: 23.4375, 	Mean reward done: 3.9993717670440674
Step: 4579328	Mean reward: 28.75, 	Mean reward done: 4.511119365692139
Step: 4587520	Mean reward: 25.9375, 	Mean reward done: 4.71035623550415
Step: 4595712	Mean reward: 26.25, 	Mean reward done: 4.609045028686523
Step: 4603904	Mean reward: 21.875, 	Mean reward done: 3.9925217628479004
Step: 4612096	Mean reward: 25.0, 	Mean reward done: 4.189855575561523
Step: 4620288	Mean reward: 20.9375, 	Mean reward done: 3.826874256134033
Step: 4628480	Mean reward: 22.8125, 	Mean reward done: 4.079008102416992
Step: 4636672	Mean reward: 29.375, 	Mean reward done: 4.773894786834717
Step: 4644864	Mean reward: 28.75, 	Mean reward done: 4.678698539733887
Step: 4653056	Mean reward: 31.25, 	Mean reward done: 4.999821662902832
Step: 4661248	Mean reward: 24.6875, 	Mean reward done: 3.9180805683135986
Step: 4669440	Mean reward: 32.8125, 	Mean reward done: 5.083695888519287
Step: 4677632	Mean reward: 28.75, 	Mean reward done: 5.0491204261779785
Step: 4685824	Mean reward: 25.625, 	Mean reward done: 4.638643264770508
Step: 4694016	Mean reward: 27.8125, 	Mean reward done: 4.70243501663208
Step: 4702208	Mean reward: 22.1875, 	Mean reward done: 3.992276668548584
Step: 4710400	Mean reward: 25.9375, 	Mean reward done: 4.5804362297058105
Step: 4718592	Mean reward: 24.6875, 	Mean reward done: 4.319882392883301
Step: 4726784	Mean reward: 19.6875, 	Mean reward done: 3.5969176292419434
Step: 4734976	Mean reward: 24.0625, 	Mean reward done: 4.4642157554626465
Step: 4743168	Mean reward: 25.3125, 	Mean reward done: 3.9765737056732178
Step: 4751360	Mean reward: 25.9375, 	Mean reward done: 4.815731048583984
Step: 4759552	Mean reward: 22.8125, 	Mean reward done: 4.182865142822266
Step: 4767744	Mean reward: 28.75, 	Mean reward done: 4.603903293609619
Step: 4775936	Mean reward: 17.5, 	Mean reward done: 2.9950695037841797
Step: 4784128	Mean reward: 20.9375, 	Mean reward done: 3.9224600791931152
Step: 4792320	Mean reward: 22.8125, 	Mean reward done: 3.8527402877807617
Step: 4800512	Mean reward: 19.6875, 	Mean reward done: 4.068856716156006
Step: 4808704	Mean reward: 17.5, 	Mean reward done: 3.5321524143218994
Step: 4816896	Mean reward: 27.8125, 	Mean reward done: 5.091068744659424
Step: 4825088	Mean reward: 26.25, 	Mean reward done: 4.71962308883667
Step: 4833280	Mean reward: 29.6875, 	Mean reward done: 4.879646301269531
Step: 4841472	Mean reward: 28.125, 	Mean reward done: 5.276772499084473
Step: 4849664	Mean reward: 28.75, 	Mean reward done: 5.230208873748779
Step: 4857856	Mean reward: 33.125, 	Mean reward done: 5.348938465118408
Step: 4866048	Mean reward: 27.8125, 	Mean reward done: 4.7474775314331055
Step: 4874240	Mean reward: 30.625, 	Mean reward done: 5.190196990966797
Step: 4882432	Mean reward: 32.1875, 	Mean reward done: 5.215978622436523
Step: 4890624	Mean reward: 25.3125, 	Mean reward done: 4.326048851013184
Step: 4898816	Mean reward: 31.875, 	Mean reward done: 5.215839862823486
Step: 4907008	Mean reward: 29.0625, 	Mean reward done: 4.99448299407959
Step: 4915200	Mean reward: 35.9375, 	Mean reward done: 5.703597545623779
Step: 4923392	Mean reward: 37.8125, 	Mean reward done: 5.614963531494141
Step: 4931584	Mean reward: 33.75, 	Mean reward done: 5.251834392547607
Step: 4939776	Mean reward: 26.5625, 	Mean reward done: 4.683017730712891
Step: 4947968	Mean reward: 28.4375, 	Mean reward done: 4.487658500671387
Step: 4956160	Mean reward: 23.75, 	Mean reward done: 4.347932815551758
Step: 4964352	Mean reward: 20.0, 	Mean reward done: 3.6803741455078125
Step: 4972544	Mean reward: 24.375, 	Mean reward done: 4.101377487182617
Step: 4980736	Mean reward: 20.3125, 	Mean reward done: 3.901747941970825
Step: 4988928	Mean reward: 21.875, 	Mean reward done: 3.5312981605529785
Step: 4997120	Mean reward: 25.0, 	Mean reward done: 3.9739017486572266
Step: 5005312	Mean reward: 25.3125, 	Mean reward done: 4.245547294616699
Step: 5013504	Mean reward: 26.5625, 	Mean reward done: 4.725329399108887
Step: 5021696	Mean reward: 18.125, 	Mean reward done: 3.4186580181121826
Step: 5029888	Mean reward: 17.8125, 	Mean reward done: 2.998530626296997
Step: 5038080	Mean reward: 14.6875, 	Mean reward done: 2.9452297687530518
Step: 5046272	Mean reward: 23.75, 	Mean reward done: 4.268847465515137
Step: 5054464	Mean reward: 32.5, 	Mean reward done: 5.053235054016113
Step: 5062656	Mean reward: 30.0, 	Mean reward done: 5.241632461547852
Step: 5070848	Mean reward: 27.5, 	Mean reward done: 4.622519493103027
Step: 5079040	Mean reward: 22.1875, 	Mean reward done: 4.126981735229492
Step: 5087232	Mean reward: 23.4375, 	Mean reward done: 4.07562255859375
Step: 5095424	Mean reward: 28.4375, 	Mean reward done: 4.532959938049316
Step: 5103616	Mean reward: 31.875, 	Mean reward done: 5.312526702880859
Step: 5111808	Mean reward: 26.25, 	Mean reward done: 4.306324481964111
Step: 5120000	Mean reward: 28.125, 	Mean reward done: 4.504374980926514
Step: 5128192	Mean reward: 30.625, 	Mean reward done: 4.81033992767334
Step: 5136384	Mean reward: 30.9375, 	Mean reward done: 5.167147159576416
Step: 5144576	Mean reward: 25.625, 	Mean reward done: 4.43246603012085
Step: 5152768	Mean reward: 26.875, 	Mean reward done: 4.2557501792907715
Step: 5160960	Mean reward: 24.375, 	Mean reward done: 4.356314182281494
Step: 5169152	Mean reward: 34.375, 	Mean reward done: 5.443570613861084
Step: 5177344	Mean reward: 29.375, 	Mean reward done: 4.602530479431152
Step: 5185536	Mean reward: 31.5625, 	Mean reward done: 4.959878444671631
Step: 5193728	Mean reward: 32.5, 	Mean reward done: 5.407241344451904
Step: 5201920	Mean reward: 32.8125, 	Mean reward done: 5.1335649490356445
Step: 5210112	Mean reward: 27.8125, 	Mean reward done: 4.678213119506836
Step: 5218304	Mean reward: 28.75, 	Mean reward done: 5.263360023498535
Step: 5226496	Mean reward: 30.0, 	Mean reward done: 4.927502155303955
Step: 5234688	Mean reward: 22.1875, 	Mean reward done: 4.406433582305908
Step: 5242880	Mean reward: 18.125, 	Mean reward done: 3.5301902294158936
Step: 5251072	Mean reward: 16.875, 	Mean reward done: 2.9845428466796875
Step: 5259264	Mean reward: 20.625, 	Mean reward done: 3.270777463912964
Step: 5267456	Mean reward: 20.9375, 	Mean reward done: 3.50418758392334
Step: 5275648	Mean reward: 28.4375, 	Mean reward done: 4.9737701416015625
Step: 5283840	Mean reward: 25.625, 	Mean reward done: 4.654220104217529
Step: 5292032	Mean reward: 24.375, 	Mean reward done: 3.7716870307922363
Step: 5300224	Mean reward: 15.9375, 	Mean reward done: 3.200737237930298
Step: 5308416	Mean reward: 17.5, 	Mean reward done: 3.1396031379699707
Step: 5316608	Mean reward: 20.9375, 	Mean reward done: 3.828457832336426
Step: 5324800	Mean reward: 19.0625, 	Mean reward done: 3.624112606048584
Step: 5332992	Mean reward: 17.5, 	Mean reward done: 3.172525405883789
Step: 5341184	Mean reward: 25.0, 	Mean reward done: 4.6897053718566895
Step: 5349376	Mean reward: 31.25, 	Mean reward done: 5.1585822105407715
Step: 5357568	Mean reward: 32.5, 	Mean reward done: 5.828958034515381
Step: 5365760	Mean reward: 29.6875, 	Mean reward done: 4.909474849700928
Step: 5373952	Mean reward: 30.9375, 	Mean reward done: 5.1643171310424805
Step: 5382144	Mean reward: 19.375, 	Mean reward done: 3.636528968811035
Step: 5390336	Mean reward: 19.375, 	Mean reward done: 3.7972075939178467
Step: 5398528	Mean reward: 25.9375, 	Mean reward done: 4.433868408203125
Step: 5406720	Mean reward: 30.0, 	Mean reward done: 5.0076375007629395
Step: 5414912	Mean reward: 32.5, 	Mean reward done: 5.664949893951416
Step: 5423104	Mean reward: 31.5625, 	Mean reward done: 5.218054294586182
Step: 5431296	Mean reward: 25.3125, 	Mean reward done: 4.387881755828857
Step: 5439488	Mean reward: 24.6875, 	Mean reward done: 4.588339328765869
Step: 5447680	Mean reward: 26.25, 	Mean reward done: 4.456686973571777
Step: 5455872	Mean reward: 27.8125, 	Mean reward done: 4.608728408813477
Step: 5464064	Mean reward: 22.5, 	Mean reward done: 3.870098114013672
Step: 5472256	Mean reward: 24.0625, 	Mean reward done: 4.080715179443359
Step: 5480448	Mean reward: 17.5, 	Mean reward done: 3.352912187576294
Step: 5488640	Mean reward: 26.875, 	Mean reward done: 4.388595104217529
Step: 5496832	Mean reward: 24.0625, 	Mean reward done: 4.336832046508789
Step: 5505024	Mean reward: 24.6875, 	Mean reward done: 4.22113561630249
Step: 5513216	Mean reward: 28.75, 	Mean reward done: 4.449601650238037
Step: 5521408	Mean reward: 28.75, 	Mean reward done: 4.669851779937744
Step: 5529600	Mean reward: 25.0, 	Mean reward done: 4.440643787384033
Step: 5537792	Mean reward: 34.0625, 	Mean reward done: 5.597442150115967
Step: 5545984	Mean reward: 24.6875, 	Mean reward done: 4.974160194396973
Step: 5554176	Mean reward: 23.75, 	Mean reward done: 4.362062931060791
Step: 5562368	Mean reward: 22.5, 	Mean reward done: 3.7663865089416504
Step: 5570560	Mean reward: 24.6875, 	Mean reward done: 4.147548198699951
Step: 5578752	Mean reward: 25.0, 	Mean reward done: 4.377484321594238
Step: 5586944	Mean reward: 30.3125, 	Mean reward done: 4.975849151611328
Step: 5595136	Mean reward: 35.625, 	Mean reward done: 6.024196624755859
Step: 5603328	Mean reward: 33.4375, 	Mean reward done: 5.4734039306640625
Step: 5611520	Mean reward: 27.8125, 	Mean reward done: 4.657474517822266
Step: 5619712	Mean reward: 32.8125, 	Mean reward done: 4.928677082061768
Step: 5627904	Mean reward: 22.8125, 	Mean reward done: 3.978299140930176
Step: 5636096	Mean reward: 25.0, 	Mean reward done: 4.190110206604004
Step: 5644288	Mean reward: 23.4375, 	Mean reward done: 3.915219306945801
Step: 5652480	Mean reward: 25.625, 	Mean reward done: 4.278896331787109
Step: 5660672	Mean reward: 27.1875, 	Mean reward done: 4.467684268951416
Step: 5668864	Mean reward: 33.75, 	Mean reward done: 5.272835731506348
Step: 5677056	Mean reward: 27.8125, 	Mean reward done: 5.093937873840332
Step: 5685248	Mean reward: 26.875, 	Mean reward done: 4.848357677459717
Step: 5693440	Mean reward: 22.5, 	Mean reward done: 4.257544994354248
Step: 5701632	Mean reward: 25.0, 	Mean reward done: 4.111011028289795
Step: 5709824	Mean reward: 25.625, 	Mean reward done: 5.0813679695129395
Step: 5718016	Mean reward: 25.625, 	Mean reward done: 4.4638800621032715
Step: 5726208	Mean reward: 29.375, 	Mean reward done: 4.732511043548584
Step: 5734400	Mean reward: 25.625, 	Mean reward done: 4.661243438720703
Step: 5742592	Mean reward: 34.375, 	Mean reward done: 5.52605676651001
Step: 5750784	Mean reward: 29.0625, 	Mean reward done: 5.249203681945801
Step: 5758976	Mean reward: 16.25, 	Mean reward done: 3.0804531574249268
Step: 5767168	Mean reward: 21.5625, 	Mean reward done: 3.981379985809326
Step: 5775360	Mean reward: 24.0625, 	Mean reward done: 3.7454514503479004
Step: 5783552	Mean reward: 32.1875, 	Mean reward done: 5.18475866317749
Step: 5791744	Mean reward: 30.9375, 	Mean reward done: 5.289223670959473
Step: 5799936	Mean reward: 33.125, 	Mean reward done: 4.944429874420166
Step: 5808128	Mean reward: 30.0, 	Mean reward done: 5.091777324676514
Step: 5816320	Mean reward: 26.25, 	Mean reward done: 5.02930212020874
Step: 5824512	Mean reward: 36.875, 	Mean reward done: 6.260341644287109
Step: 5832704	Mean reward: 30.0, 	Mean reward done: 4.798920154571533
Step: 5840896	Mean reward: 24.6875, 	Mean reward done: 4.586671352386475
Step: 5849088	Mean reward: 34.6875, 	Mean reward done: 5.449152946472168
Step: 5857280	Mean reward: 27.8125, 	Mean reward done: 5.028162956237793
Step: 5865472	Mean reward: 29.0625, 	Mean reward done: 5.321735858917236
Step: 5873664	Mean reward: 28.125, 	Mean reward done: 4.575464725494385
Step: 5881856	Mean reward: 31.25, 	Mean reward done: 5.225469589233398
Step: 5890048	Mean reward: 28.75, 	Mean reward done: 4.847096920013428
Step: 5898240	Mean reward: 27.5, 	Mean reward done: 4.310925006866455
Step: 5906432	Mean reward: 27.8125, 	Mean reward done: 4.463170528411865
Step: 5914624	Mean reward: 26.25, 	Mean reward done: 3.894482135772705
Step: 5922816	Mean reward: 29.375, 	Mean reward done: 4.988312721252441
Step: 5931008	Mean reward: 36.5625, 	Mean reward done: 5.4518303871154785
Step: 5939200	Mean reward: 25.9375, 	Mean reward done: 4.123287200927734
Step: 5947392	Mean reward: 20.3125, 	Mean reward done: 3.7796401977539062
Step: 5955584	Mean reward: 19.0625, 	Mean reward done: 3.362062454223633
Step: 5963776	Mean reward: 25.0, 	Mean reward done: 3.876433849334717
Step: 5971968	Mean reward: 19.375, 	Mean reward done: 3.72794246673584
Step: 5980160	Mean reward: 27.8125, 	Mean reward done: 4.29380989074707
Step: 5988352	Mean reward: 22.8125, 	Mean reward done: 4.255112171173096
Step: 5996544	Mean reward: 21.5625, 	Mean reward done: 3.385317087173462
Step: 6004736	Mean reward: 26.25, 	Mean reward done: 3.894878387451172
Step: 6012928	Mean reward: 18.4375, 	Mean reward done: 3.3876843452453613
Step: 6021120	Mean reward: 19.6875, 	Mean reward done: 3.5481457710266113
Step: 6029312	Mean reward: 22.8125, 	Mean reward done: 3.906623363494873
Step: 6037504	Mean reward: 30.3125, 	Mean reward done: 4.932662010192871
Step: 6045696	Mean reward: 31.25, 	Mean reward done: 5.449089050292969
Step: 6053888	Mean reward: 28.125, 	Mean reward done: 4.3281354904174805
Step: 6062080	Mean reward: 21.25, 	Mean reward done: 3.7974085807800293
Step: 6070272	Mean reward: 22.1875, 	Mean reward done: 3.3352034091949463
Step: 6078464	Mean reward: 29.0625, 	Mean reward done: 5.144264221191406
Step: 6086656	Mean reward: 29.0625, 	Mean reward done: 5.111711025238037
Step: 6094848	Mean reward: 30.9375, 	Mean reward done: 5.111461162567139
Step: 6103040	Mean reward: 25.3125, 	Mean reward done: 4.524876594543457
Step: 6111232	Mean reward: 21.875, 	Mean reward done: 3.987853527069092
Step: 6119424	Mean reward: 23.75, 	Mean reward done: 4.310717582702637
Step: 6127616	Mean reward: 21.5625, 	Mean reward done: 4.31886100769043
Step: 6135808	Mean reward: 28.75, 	Mean reward done: 4.5609283447265625
Step: 6144000	Mean reward: 26.5625, 	Mean reward done: 4.576773166656494
Step: 6152192	Mean reward: 27.8125, 	Mean reward done: 4.812020778656006
Step: 6160384	Mean reward: 25.9375, 	Mean reward done: 4.416499137878418
Step: 6168576	Mean reward: 29.0625, 	Mean reward done: 4.630395412445068
Step: 6176768	Mean reward: 22.8125, 	Mean reward done: 3.6968021392822266
Step: 6184960	Mean reward: 16.25, 	Mean reward done: 2.876166343688965
Step: 6193152	Mean reward: 20.625, 	Mean reward done: 3.354708433151245
Step: 6201344	Mean reward: 23.75, 	Mean reward done: 3.7422008514404297
Step: 6209536	Mean reward: 23.75, 	Mean reward done: 3.6856179237365723
Step: 6217728	Mean reward: 30.625, 	Mean reward done: 4.964344501495361
Step: 6225920	Mean reward: 38.4375, 	Mean reward done: 5.891608715057373
Step: 6234112	Mean reward: 32.1875, 	Mean reward done: 5.298710823059082
Step: 6242304	Mean reward: 29.0625, 	Mean reward done: 4.811967372894287
Step: 6250496	Mean reward: 28.4375, 	Mean reward done: 4.795546531677246
Step: 6258688	Mean reward: 31.875, 	Mean reward done: 5.204948425292969
Step: 6266880	Mean reward: 25.3125, 	Mean reward done: 4.473309516906738
Step: 6275072	Mean reward: 25.0, 	Mean reward done: 4.154561996459961
Step: 6283264	Mean reward: 24.6875, 	Mean reward done: 4.072121620178223
Step: 6291456	Mean reward: 27.5, 	Mean reward done: 4.571894645690918
Step: 6299648	Mean reward: 29.6875, 	Mean reward done: 5.063343524932861
Step: 6307840	Mean reward: 32.1875, 	Mean reward done: 5.424452781677246
Step: 6316032	Mean reward: 26.875, 	Mean reward done: 4.136540412902832
Step: 6324224	Mean reward: 22.1875, 	Mean reward done: 3.630305051803589
Step: 6332416	Mean reward: 22.8125, 	Mean reward done: 4.178244590759277
Step: 6340608	Mean reward: 22.1875, 	Mean reward done: 3.790191650390625
Step: 6348800	Mean reward: 27.1875, 	Mean reward done: 4.80137825012207
Step: 6356992	Mean reward: 20.3125, 	Mean reward done: 3.9312779903411865
Step: 6365184	Mean reward: 25.0, 	Mean reward done: 4.7559075355529785
Step: 6373376	Mean reward: 23.75, 	Mean reward done: 4.171080112457275
Step: 6381568	Mean reward: 28.125, 	Mean reward done: 5.11608362197876
Step: 6389760	Mean reward: 31.5625, 	Mean reward done: 5.077409744262695
Step: 6397952	Mean reward: 18.75, 	Mean reward done: 3.3617353439331055
Step: 6406144	Mean reward: 26.25, 	Mean reward done: 4.415180683135986
Step: 6414336	Mean reward: 30.625, 	Mean reward done: 5.345074653625488
Step: 6422528	Mean reward: 29.0625, 	Mean reward done: 5.135616779327393
Step: 6430720	Mean reward: 27.8125, 	Mean reward done: 5.036953926086426
Step: 6438912	Mean reward: 23.4375, 	Mean reward done: 4.019229888916016
Step: 6447104	Mean reward: 21.25, 	Mean reward done: 3.381019115447998
Step: 6455296	Mean reward: 20.625, 	Mean reward done: 3.627774715423584
Step: 6463488	Mean reward: 30.0, 	Mean reward done: 4.792737007141113
Step: 6471680	Mean reward: 27.8125, 	Mean reward done: 4.730463027954102
Step: 6479872	Mean reward: 27.8125, 	Mean reward done: 4.797746181488037
Step: 6488064	Mean reward: 25.625, 	Mean reward done: 4.470657825469971
Step: 6496256	Mean reward: 23.75, 	Mean reward done: 4.518064498901367
Step: 6504448	Mean reward: 21.25, 	Mean reward done: 4.3569746017456055
Step: 6512640	Mean reward: 25.0, 	Mean reward done: 4.723541736602783
Step: 6520832	Mean reward: 25.3125, 	Mean reward done: 4.4091291427612305
Step: 6529024	Mean reward: 22.8125, 	Mean reward done: 4.204095840454102
Step: 6537216	Mean reward: 30.625, 	Mean reward done: 5.0621538162231445
Step: 6545408	Mean reward: 34.6875, 	Mean reward done: 5.929081916809082
Step: 6553600	Mean reward: 33.4375, 	Mean reward done: 5.125242233276367
Step: 6561792	Mean reward: 26.5625, 	Mean reward done: 4.688652515411377
Step: 6569984	Mean reward: 23.125, 	Mean reward done: 3.6424813270568848
Step: 6578176	Mean reward: 24.0625, 	Mean reward done: 3.898974657058716
Step: 6586368	Mean reward: 33.125, 	Mean reward done: 5.710000991821289
Step: 6594560	Mean reward: 32.8125, 	Mean reward done: 5.516281604766846
Step: 6602752	Mean reward: 30.9375, 	Mean reward done: 5.349949836730957
Step: 6610944	Mean reward: 28.125, 	Mean reward done: 4.821743011474609
Step: 6619136	Mean reward: 33.125, 	Mean reward done: 5.405329704284668
Step: 6627328	Mean reward: 28.125, 	Mean reward done: 5.30660343170166
Step: 6635520	Mean reward: 35.0, 	Mean reward done: 5.160213470458984
Step: 6643712	Mean reward: 21.5625, 	Mean reward done: 4.170188903808594
Step: 6651904	Mean reward: 21.875, 	Mean reward done: 4.340028762817383
Step: 6660096	Mean reward: 27.1875, 	Mean reward done: 4.193666458129883
Step: 6668288	Mean reward: 29.375, 	Mean reward done: 5.139387607574463
Step: 6676480	Mean reward: 32.1875, 	Mean reward done: 5.3983540534973145
Step: 6684672	Mean reward: 37.5, 	Mean reward done: 6.170659065246582
Step: 6692864	Mean reward: 35.9375, 	Mean reward done: 5.751102924346924
Step: 6701056	Mean reward: 39.6875, 	Mean reward done: 6.117124557495117
Step: 6709248	Mean reward: 26.5625, 	Mean reward done: 4.867176532745361
Step: 6717440	Mean reward: 27.5, 	Mean reward done: 4.590032577514648
Step: 6725632	Mean reward: 34.6875, 	Mean reward done: 5.988198280334473
Step: 6733824	Mean reward: 33.125, 	Mean reward done: 5.5124030113220215
Step: 6742016	Mean reward: 32.5, 	Mean reward done: 5.748477935791016
Step: 6750208	Mean reward: 24.6875, 	Mean reward done: 4.476597309112549
Step: 6758400	Mean reward: 29.0625, 	Mean reward done: 4.654583930969238
Step: 6766592	Mean reward: 30.0, 	Mean reward done: 4.749007225036621
Step: 6774784	Mean reward: 27.5, 	Mean reward done: 4.835531234741211
Step: 6782976	Mean reward: 27.1875, 	Mean reward done: 4.43836784362793
Step: 6791168	Mean reward: 37.5, 	Mean reward done: 5.655622482299805
Step: 6799360	Mean reward: 27.8125, 	Mean reward done: 4.9546403884887695
Step: 6807552	Mean reward: 36.875, 	Mean reward done: 6.091850280761719
Step: 6815744	Mean reward: 34.375, 	Mean reward done: 5.868459224700928
Step: 6823936	Mean reward: 37.5, 	Mean reward done: 6.495212554931641
Step: 6832128	Mean reward: 33.75, 	Mean reward done: 5.970931053161621
Step: 6840320	Mean reward: 25.3125, 	Mean reward done: 4.393766403198242
Step: 6848512	Mean reward: 28.125, 	Mean reward done: 4.850846767425537
Step: 6856704	Mean reward: 28.4375, 	Mean reward done: 4.622704982757568
Step: 6864896	Mean reward: 27.5, 	Mean reward done: 4.786265850067139
Step: 6873088	Mean reward: 25.625, 	Mean reward done: 4.741738796234131
Step: 6881280	Mean reward: 25.9375, 	Mean reward done: 4.2746758460998535
Step: 6889472	Mean reward: 29.375, 	Mean reward done: 5.715298652648926
Step: 6897664	Mean reward: 32.1875, 	Mean reward done: 5.455795764923096
Step: 6905856	Mean reward: 29.0625, 	Mean reward done: 4.719236373901367
Step: 6914048	Mean reward: 23.4375, 	Mean reward done: 4.53324556350708
Step: 6922240	Mean reward: 27.5, 	Mean reward done: 4.630497455596924
Step: 6930432	Mean reward: 28.75, 	Mean reward done: 4.545248985290527
Step: 6938624	Mean reward: 32.1875, 	Mean reward done: 4.934283256530762
Step: 6946816	Mean reward: 27.8125, 	Mean reward done: 4.866188049316406
Step: 6955008	Mean reward: 29.0625, 	Mean reward done: 5.4256205558776855
Step: 6963200	Mean reward: 27.8125, 	Mean reward done: 5.161019325256348
Step: 6971392	Mean reward: 25.3125, 	Mean reward done: 4.67863130569458
Step: 6979584	Mean reward: 29.375, 	Mean reward done: 5.215156555175781
Step: 6987776	Mean reward: 23.125, 	Mean reward done: 4.239955902099609
Step: 6995968	Mean reward: 27.1875, 	Mean reward done: 4.494403839111328
Step: 7004160	Mean reward: 28.4375, 	Mean reward done: 5.3293232917785645
Step: 7012352	Mean reward: 26.5625, 	Mean reward done: 5.004619598388672
Step: 7020544	Mean reward: 38.4375, 	Mean reward done: 6.277547359466553
Step: 7028736	Mean reward: 40.3125, 	Mean reward done: 6.755978107452393
Step: 7036928	Mean reward: 38.125, 	Mean reward done: 6.946420192718506
Step: 7045120	Mean reward: 40.3125, 	Mean reward done: 6.937794208526611
Step: 7053312	Mean reward: 37.5, 	Mean reward done: 6.5544915199279785
Step: 7061504	Mean reward: 43.75, 	Mean reward done: 6.944972991943359
Step: 7069696	Mean reward: 39.375, 	Mean reward done: 6.326974391937256
Step: 7077888	Mean reward: 28.75, 	Mean reward done: 5.596438407897949
Step: 7086080	Mean reward: 26.25, 	Mean reward done: 4.651508331298828
Step: 7094272	Mean reward: 31.5625, 	Mean reward done: 5.008976936340332
Step: 7102464	Mean reward: 33.4375, 	Mean reward done: 5.475399971008301
Step: 7110656	Mean reward: 29.0625, 	Mean reward done: 4.839695453643799
Step: 7118848	Mean reward: 25.3125, 	Mean reward done: 4.457467555999756
Step: 7127040	Mean reward: 28.125, 	Mean reward done: 4.619381427764893
Step: 7135232	Mean reward: 29.6875, 	Mean reward done: 4.87263298034668
Step: 7143424	Mean reward: 30.9375, 	Mean reward done: 5.358585834503174
Step: 7151616	Mean reward: 31.5625, 	Mean reward done: 5.539357662200928
Step: 7159808	Mean reward: 31.5625, 	Mean reward done: 5.548192024230957
Step: 7168000	Mean reward: 29.6875, 	Mean reward done: 4.815715312957764
Step: 7176192	Mean reward: 33.4375, 	Mean reward done: 5.282018184661865
Step: 7184384	Mean reward: 26.875, 	Mean reward done: 4.957738399505615
Step: 7192576	Mean reward: 22.8125, 	Mean reward done: 4.304327011108398
Step: 7200768	Mean reward: 23.75, 	Mean reward done: 4.558523178100586
Step: 7208960	Mean reward: 25.625, 	Mean reward done: 4.483353614807129
Step: 7217152	Mean reward: 23.4375, 	Mean reward done: 4.7542595863342285
Step: 7225344	Mean reward: 36.25, 	Mean reward done: 5.896928787231445
Step: 7233536	Mean reward: 28.75, 	Mean reward done: 5.320157051086426
Step: 7241728	Mean reward: 28.125, 	Mean reward done: 5.065654277801514
Step: 7249920	Mean reward: 34.0625, 	Mean reward done: 4.937073230743408
Step: 7258112	Mean reward: 27.8125, 	Mean reward done: 4.649512767791748
Step: 7266304	Mean reward: 26.25, 	Mean reward done: 4.664161205291748
Step: 7274496	Mean reward: 27.5, 	Mean reward done: 4.946706295013428
Step: 7282688	Mean reward: 30.0, 	Mean reward done: 5.16618537902832
Step: 7290880	Mean reward: 26.5625, 	Mean reward done: 4.960174083709717
Step: 7299072	Mean reward: 23.4375, 	Mean reward done: 4.422572135925293
Step: 7307264	Mean reward: 25.0, 	Mean reward done: 4.171631813049316
Step: 7315456	Mean reward: 21.25, 	Mean reward done: 3.937251329421997
Step: 7323648	Mean reward: 17.5, 	Mean reward done: 3.3664369583129883
Step: 7331840	Mean reward: 29.0625, 	Mean reward done: 4.973834037780762
Step: 7340032	Mean reward: 27.5, 	Mean reward done: 4.513683319091797
Step: 7348224	Mean reward: 29.0625, 	Mean reward done: 5.408483028411865
Step: 7356416	Mean reward: 24.375, 	Mean reward done: 4.289999485015869
Step: 7364608	Mean reward: 29.0625, 	Mean reward done: 4.6807026863098145
Step: 7372800	Mean reward: 26.5625, 	Mean reward done: 4.25614070892334
Step: 7380992	Mean reward: 26.25, 	Mean reward done: 4.833682060241699
Step: 7389184	Mean reward: 26.5625, 	Mean reward done: 4.376151084899902
Step: 7397376	Mean reward: 29.375, 	Mean reward done: 5.261030197143555
Step: 7405568	Mean reward: 39.375, 	Mean reward done: 6.195906639099121
Step: 7413760	Mean reward: 39.6875, 	Mean reward done: 6.334611892700195
Step: 7421952	Mean reward: 33.125, 	Mean reward done: 5.431891441345215
Step: 7430144	Mean reward: 32.8125, 	Mean reward done: 5.419163703918457
Step: 7438336	Mean reward: 21.25, 	Mean reward done: 4.33359956741333
Step: 7446528	Mean reward: 28.75, 	Mean reward done: 4.664692401885986
Step: 7454720	Mean reward: 30.0, 	Mean reward done: 5.042532920837402
Step: 7462912	Mean reward: 33.125, 	Mean reward done: 5.449281692504883
Step: 7471104	Mean reward: 32.8125, 	Mean reward done: 5.575831890106201
Step: 7479296	Mean reward: 31.5625, 	Mean reward done: 5.330822467803955
Step: 7487488	Mean reward: 29.375, 	Mean reward done: 5.330323219299316
Step: 7495680	Mean reward: 30.3125, 	Mean reward done: 5.0711493492126465
Step: 7503872	Mean reward: 30.625, 	Mean reward done: 4.8274383544921875
Step: 7512064	Mean reward: 23.125, 	Mean reward done: 4.516259670257568
Step: 7520256	Mean reward: 23.125, 	Mean reward done: 4.38991641998291
Step: 7528448	Mean reward: 29.375, 	Mean reward done: 4.740592956542969
Step: 7536640	Mean reward: 30.625, 	Mean reward done: 5.075662136077881
Step: 7544832	Mean reward: 29.375, 	Mean reward done: 5.189582824707031
Step: 7553024	Mean reward: 24.0625, 	Mean reward done: 4.59612512588501
Step: 7561216	Mean reward: 31.875, 	Mean reward done: 5.430962562561035
Step: 7569408	Mean reward: 33.75, 	Mean reward done: 5.437584400177002
Step: 7577600	Mean reward: 30.3125, 	Mean reward done: 5.610957622528076
Step: 7585792	Mean reward: 28.75, 	Mean reward done: 4.784772872924805
Step: 7593984	Mean reward: 25.0, 	Mean reward done: 4.680068016052246
Step: 7602176	Mean reward: 28.125, 	Mean reward done: 4.604562282562256
Step: 7610368	Mean reward: 33.75, 	Mean reward done: 5.407564163208008
Step: 7618560	Mean reward: 31.875, 	Mean reward done: 5.184813976287842
Step: 7626752	Mean reward: 34.375, 	Mean reward done: 5.462725639343262
Step: 7634944	Mean reward: 28.75, 	Mean reward done: 4.468328952789307
Step: 7643136	Mean reward: 26.875, 	Mean reward done: 4.537852764129639
Step: 7651328	Mean reward: 19.375, 	Mean reward done: 3.7606518268585205
Step: 7659520	Mean reward: 27.1875, 	Mean reward done: 4.803427219390869
Step: 7667712	Mean reward: 33.75, 	Mean reward done: 5.158525466918945
Step: 7675904	Mean reward: 26.875, 	Mean reward done: 4.6125006675720215
Step: 7684096	Mean reward: 28.125, 	Mean reward done: 4.7912421226501465
Step: 7692288	Mean reward: 20.3125, 	Mean reward done: 3.93333101272583
Step: 7700480	Mean reward: 27.5, 	Mean reward done: 4.610651969909668
Step: 7708672	Mean reward: 23.75, 	Mean reward done: 4.371084213256836
Step: 7716864	Mean reward: 31.875, 	Mean reward done: 4.938239574432373
Step: 7725056	Mean reward: 33.125, 	Mean reward done: 5.48576545715332
Step: 7733248	Mean reward: 36.875, 	Mean reward done: 5.70747184753418
Step: 7741440	Mean reward: 34.375, 	Mean reward done: 5.618563175201416
Step: 7749632	Mean reward: 31.25, 	Mean reward done: 5.5831074714660645
Step: 7757824	Mean reward: 31.875, 	Mean reward done: 5.223501205444336
Step: 7766016	Mean reward: 30.0, 	Mean reward done: 5.172018051147461
Step: 7774208	Mean reward: 25.0, 	Mean reward done: 4.6516337394714355
Step: 7782400	Mean reward: 22.8125, 	Mean reward done: 4.18305778503418
Step: 7790592	Mean reward: 25.3125, 	Mean reward done: 4.454016208648682
Step: 7798784	Mean reward: 27.1875, 	Mean reward done: 4.515153408050537
Step: 7806976	Mean reward: 24.6875, 	Mean reward done: 4.594714641571045
Step: 7815168	Mean reward: 30.625, 	Mean reward done: 4.851117134094238
Step: 7823360	Mean reward: 35.3125, 	Mean reward done: 5.788805961608887
Step: 7831552	Mean reward: 25.9375, 	Mean reward done: 4.729163646697998
Step: 7839744	Mean reward: 40.9375, 	Mean reward done: 6.7829670906066895
Step: 7847936	Mean reward: 37.1875, 	Mean reward done: 6.600142002105713
Step: 7856128	Mean reward: 38.75, 	Mean reward done: 6.056933879852295
Step: 7864320	Mean reward: 30.3125, 	Mean reward done: 5.116891860961914
Step: 7872512	Mean reward: 32.8125, 	Mean reward done: 5.45281982421875
Step: 7880704	Mean reward: 34.375, 	Mean reward done: 5.465850353240967
Step: 7888896	Mean reward: 36.5625, 	Mean reward done: 6.34863805770874
Step: 7897088	Mean reward: 29.6875, 	Mean reward done: 5.012896537780762
Step: 7905280	Mean reward: 31.25, 	Mean reward done: 5.176283359527588
Step: 7913472	Mean reward: 30.625, 	Mean reward done: 5.05919075012207
Step: 7921664	Mean reward: 36.5625, 	Mean reward done: 5.579411506652832
Step: 7929856	Mean reward: 35.625, 	Mean reward done: 5.735714435577393
Step: 7938048	Mean reward: 38.125, 	Mean reward done: 5.899386882781982
Step: 7946240	Mean reward: 35.9375, 	Mean reward done: 6.048921585083008
Step: 7954432	Mean reward: 31.25, 	Mean reward done: 5.2560319900512695
Step: 7962624	Mean reward: 34.0625, 	Mean reward done: 5.791263580322266
Step: 7970816	Mean reward: 33.4375, 	Mean reward done: 5.250384330749512
Step: 7979008	Mean reward: 28.4375, 	Mean reward done: 4.942000389099121
Step: 7987200	Mean reward: 31.875, 	Mean reward done: 5.319356918334961
Step: 7995392	Mean reward: 28.75, 	Mean reward done: 5.015913486480713
Step: 8003584	Mean reward: 29.0625, 	Mean reward done: 4.857795238494873
Completed training of sd_i_rc_cr!

------------------------------------------------------------
Sender: LSF System <lsfadmin@n-62-20-14>
Subject: Job 8473440: <sd_i_rc_cr> in cluster <dcc> Done

Job <sd_i_rc_cr> was submitted from host <n-62-30-4> by user <s192288> in cluster <dcc> at Thu Dec  3 20:31:12 2020
Job was executed on host(s) <n-62-20-14>, in queue <gpuv100>, as user <s192288> in cluster <dcc> at Fri Dec  4 01:38:07 2020
</zhome/09/9/144141> was used as the home directory.
</zhome/09/9/144141/Desktop/Deep_l_hpc> was used as the working directory.
Started at Fri Dec  4 01:38:07 2020
Terminated at Fri Dec  4 08:11:54 2020
Results reported at Fri Dec  4 08:11:54 2020

Your job looked like:

------------------------------------------------------------
# LSBATCH: User input
#!/bin/sh

#BSUB -J sd_i_rc_cr

#BSUB -q gpuv100

#BSUB -gpu "num=1"

#BSUB -n 1

#BSUB -W 23:45

#BSUB -R "rusage[mem=16GB]"

#BSUB -o sd_i_rc_cr.out

#BSUB -e sd_i_rc_cr.err

# Load modules

module load python3/3.8.2
module load cuda/8.0
module load cudnn/v7.0-prod-cuda8
module load ffmpeg/4.2.2
pip3 install --user torch matplotlib procgen gym 

# 1 = model_name, 2 = encoder_index, 3 = aug_index, 4 = mix_reg, 5 = game
#the name of the run
#encoder_index 0 = Impala, 1 = Nature  
#aug_index: 0 = None, 1 = grayscale, 2 = random_cutout, 3 = color_jitter
#mixreg: 0 = False, 1 = True 
#type of game

python3 train_ppo.py sd_i_rc_cr 0 2 0 coinrun 



------------------------------------------------------------

Successfully completed.

Resource usage summary:

    CPU time :                                   23466.45 sec.
    Max Memory :                                 9103 MB
    Average Memory :                             9077.97 MB
    Total Requested Memory :                     16384.00 MB
    Delta Memory :                               7281.00 MB
    Max Swap :                                   -
    Max Processes :                              4
    Max Threads :                                13
    Run time :                                   23639 sec.
    Turnaround time :                            42042 sec.

The output (if any) is above this job summary.



PS:

Read file <sd_i_rc_cr.err> for stderr output of this job.

