Requirement already satisfied: torch in /zhome/09/9/144141/.local/lib/python3.8/site-packages (1.7.0)
Requirement already satisfied: matplotlib in /zhome/09/9/144141/.local/lib/python3.8/site-packages (3.3.3)
Requirement already satisfied: procgen in /zhome/09/9/144141/.local/lib/python3.8/site-packages (0.10.4)
Requirement already satisfied: gym in /zhome/09/9/144141/.local/lib/python3.8/site-packages (0.17.3)
Requirement already satisfied: typing-extensions in /zhome/09/9/144141/.local/lib/python3.8/site-packages (from torch) (3.7.4.3)
Requirement already satisfied: dataclasses in /zhome/09/9/144141/.local/lib/python3.8/site-packages (from torch) (0.6)
Requirement already satisfied: numpy in /zhome/09/9/144141/.local/lib/python3.8/site-packages (from torch) (1.19.4)
Requirement already satisfied: future in /zhome/09/9/144141/.local/lib/python3.8/site-packages (from torch) (0.18.2)
Requirement already satisfied: pyparsing!=2.0.4,!=2.1.2,!=2.1.6,>=2.0.3 in /zhome/09/9/144141/.local/lib/python3.8/site-packages (from matplotlib) (2.4.7)
Requirement already satisfied: pillow>=6.2.0 in /zhome/09/9/144141/.local/lib/python3.8/site-packages (from matplotlib) (8.0.1)
Requirement already satisfied: kiwisolver>=1.0.1 in /zhome/09/9/144141/.local/lib/python3.8/site-packages (from matplotlib) (1.3.1)
Requirement already satisfied: cycler>=0.10 in /zhome/09/9/144141/.local/lib/python3.8/site-packages (from matplotlib) (0.10.0)
Requirement already satisfied: python-dateutil>=2.1 in /zhome/09/9/144141/.local/lib/python3.8/site-packages (from matplotlib) (2.8.1)
Requirement already satisfied: gym3<1.0.0,>=0.3.3 in /zhome/09/9/144141/.local/lib/python3.8/site-packages (from procgen) (0.3.3)
Requirement already satisfied: filelock<4.0.0,>=3.0.0 in /zhome/09/9/144141/.local/lib/python3.8/site-packages (from procgen) (3.0.12)
Requirement already satisfied: scipy in /zhome/09/9/144141/.local/lib/python3.8/site-packages (from gym) (1.5.4)
Requirement already satisfied: pyglet<=1.5.0,>=1.4.0 in /zhome/09/9/144141/.local/lib/python3.8/site-packages (from gym) (1.5.0)
Requirement already satisfied: cloudpickle<1.7.0,>=1.2.0 in /zhome/09/9/144141/.local/lib/python3.8/site-packages (from gym) (1.6.0)
Requirement already satisfied: six in /zhome/09/9/144141/.local/lib/python3.8/site-packages (from cycler>=0.10->matplotlib) (1.15.0)
Requirement already satisfied: cffi<2.0.0,>=1.13.0 in /zhome/09/9/144141/.local/lib/python3.8/site-packages (from gym3<1.0.0,>=0.3.3->procgen) (1.14.4)
Requirement already satisfied: imageio-ffmpeg<0.4.0,>=0.3.0 in /zhome/09/9/144141/.local/lib/python3.8/site-packages (from gym3<1.0.0,>=0.3.3->procgen) (0.3.0)
Requirement already satisfied: moderngl<6.0.0,>=5.5.4 in /zhome/09/9/144141/.local/lib/python3.8/site-packages (from gym3<1.0.0,>=0.3.3->procgen) (5.6.2)
Requirement already satisfied: glfw<2.0.0,>=1.8.6 in /zhome/09/9/144141/.local/lib/python3.8/site-packages (from gym3<1.0.0,>=0.3.3->procgen) (1.12.0)
Requirement already satisfied: imageio<3.0.0,>=2.6.0 in /zhome/09/9/144141/.local/lib/python3.8/site-packages (from gym3<1.0.0,>=0.3.3->procgen) (2.9.0)
Requirement already satisfied: pycparser in /zhome/09/9/144141/.local/lib/python3.8/site-packages (from cffi<2.0.0,>=1.13.0->gym3<1.0.0,>=0.3.3->procgen) (2.20)
Requirement already satisfied: glcontext<3,>=2 in /zhome/09/9/144141/.local/lib/python3.8/site-packages (from moderngl<6.0.0,>=5.5.4->gym3<1.0.0,>=0.3.3->procgen) (2.2.0)
Run name sd_n_rc_cr
Encoder used Nature
Augumentation used random_cutout
Mixreg? False
Game coinrun
Observation space: Box(0.0, 1.0, (3, 64, 64), float32)
Action space: 15
Embrace Nature!
Step: 8192	Mean reward: 0.625, 	Mean reward done: 0.3125
Estimated time of completion: 7.179695336769025 hours
Step: 16384	Mean reward: 2.1875, 	Mean reward done: 1.09375
Step: 24576	Mean reward: 1.875, 	Mean reward done: 0.8854166865348816
Step: 32768	Mean reward: 0.3125, 	Mean reward done: 0.15625
Step: 40960	Mean reward: 2.1875, 	Mean reward done: 1.09375
Step: 49152	Mean reward: 2.1875, 	Mean reward done: 1.09375
Step: 57344	Mean reward: 2.8125, 	Mean reward done: 1.1458332538604736
Step: 65536	Mean reward: 5.0, 	Mean reward done: 2.2395832538604736
Step: 73728	Mean reward: 5.625, 	Mean reward done: 2.3177084922790527
Step: 81920	Mean reward: 8.75, 	Mean reward done: 3.2291669845581055
Step: 90112	Mean reward: 11.25, 	Mean reward done: 3.4583334922790527
Step: 98304	Mean reward: 10.3125, 	Mean reward done: 3.6302084922790527
Step: 106496	Mean reward: 13.125, 	Mean reward done: 3.765625
Step: 114688	Mean reward: 15.625, 	Mean reward done: 4.270833492279053
Step: 122880	Mean reward: 15.3125, 	Mean reward done: 4.09375
Step: 131072	Mean reward: 16.875, 	Mean reward done: 4.217261791229248
Step: 139264	Mean reward: 20.3125, 	Mean reward done: 4.390625
Step: 147456	Mean reward: 24.375, 	Mean reward done: 4.928570747375488
Step: 155648	Mean reward: 21.875, 	Mean reward done: 5.125
Step: 163840	Mean reward: 20.625, 	Mean reward done: 4.098958492279053
Step: 172032	Mean reward: 21.875, 	Mean reward done: 4.6822919845581055
Step: 180224	Mean reward: 22.8125, 	Mean reward done: 4.274553298950195
Step: 188416	Mean reward: 26.25, 	Mean reward done: 5.217261791229248
Step: 196608	Mean reward: 27.1875, 	Mean reward done: 5.188987731933594
Step: 204800	Mean reward: 27.5, 	Mean reward done: 5.008556365966797
Step: 212992	Mean reward: 28.125, 	Mean reward done: 5.20126485824585
Step: 221184	Mean reward: 28.4375, 	Mean reward done: 4.910342216491699
Step: 229376	Mean reward: 26.875, 	Mean reward done: 5.071056842803955
Step: 237568	Mean reward: 30.9375, 	Mean reward done: 5.449776649475098
Step: 245760	Mean reward: 32.8125, 	Mean reward done: 5.518600940704346
Step: 253952	Mean reward: 32.1875, 	Mean reward done: 5.709822177886963
Step: 262144	Mean reward: 31.5625, 	Mean reward done: 5.190104007720947
Step: 270336	Mean reward: 35.3125, 	Mean reward done: 5.708333969116211
Step: 278528	Mean reward: 30.9375, 	Mean reward done: 4.991319179534912
Step: 286720	Mean reward: 36.875, 	Mean reward done: 5.766988754272461
Step: 294912	Mean reward: 34.6875, 	Mean reward done: 5.713045597076416
Step: 303104	Mean reward: 34.6875, 	Mean reward done: 5.8359375
Step: 311296	Mean reward: 40.9375, 	Mean reward done: 6.079488754272461
Step: 319488	Mean reward: 36.25, 	Mean reward done: 5.647817134857178
Step: 327680	Mean reward: 34.0625, 	Mean reward done: 5.736111164093018
Step: 335872	Mean reward: 32.1875, 	Mean reward done: 5.339780807495117
Step: 344064	Mean reward: 34.0625, 	Mean reward done: 5.77194881439209
Step: 352256	Mean reward: 33.4375, 	Mean reward done: 5.487103462219238
Step: 360448	Mean reward: 38.75, 	Mean reward done: 5.647941589355469
Step: 368640	Mean reward: 36.875, 	Mean reward done: 6.1650543212890625
Step: 376832	Mean reward: 29.0625, 	Mean reward done: 4.749255657196045
Step: 385024	Mean reward: 35.3125, 	Mean reward done: 6.001115798950195
Step: 393216	Mean reward: 34.6875, 	Mean reward done: 5.638640403747559
Step: 401408	Mean reward: 37.8125, 	Mean reward done: 6.102057933807373
Step: 409600	Mean reward: 33.125, 	Mean reward done: 5.663318634033203
Step: 417792	Mean reward: 33.4375, 	Mean reward done: 5.326140403747559
Step: 425984	Mean reward: 39.6875, 	Mean reward done: 5.867311000823975
Step: 434176	Mean reward: 36.5625, 	Mean reward done: 6.074776649475098
Step: 442368	Mean reward: 34.375, 	Mean reward done: 5.681051731109619
Step: 450560	Mean reward: 38.75, 	Mean reward done: 6.162383079528809
Step: 458752	Mean reward: 35.9375, 	Mean reward done: 6.050223350524902
Step: 466944	Mean reward: 33.75, 	Mean reward done: 5.693203926086426
Step: 475136	Mean reward: 32.1875, 	Mean reward done: 5.6529011726379395
Step: 483328	Mean reward: 33.4375, 	Mean reward done: 6.065847873687744
Step: 491520	Mean reward: 36.875, 	Mean reward done: 6.262027740478516
Step: 499712	Mean reward: 34.6875, 	Mean reward done: 5.912822246551514
Step: 507904	Mean reward: 34.6875, 	Mean reward done: 6.234994888305664
Step: 516096	Mean reward: 35.9375, 	Mean reward done: 5.921875476837158
Step: 524288	Mean reward: 38.75, 	Mean reward done: 6.31276798248291
Step: 532480	Mean reward: 39.6875, 	Mean reward done: 6.103458881378174
Step: 540672	Mean reward: 36.25, 	Mean reward done: 5.775957107543945
Step: 548864	Mean reward: 36.25, 	Mean reward done: 6.224217414855957
Step: 557056	Mean reward: 38.125, 	Mean reward done: 5.747217655181885
Step: 565248	Mean reward: 37.8125, 	Mean reward done: 5.881288528442383
Step: 573440	Mean reward: 40.3125, 	Mean reward done: 5.966865062713623
Step: 581632	Mean reward: 35.9375, 	Mean reward done: 5.638521194458008
Step: 589824	Mean reward: 44.0625, 	Mean reward done: 6.541891098022461
Step: 598016	Mean reward: 40.0, 	Mean reward done: 5.949496269226074
Step: 606208	Mean reward: 43.75, 	Mean reward done: 6.164707183837891
Step: 614400	Mean reward: 41.875, 	Mean reward done: 5.971138954162598
Step: 622592	Mean reward: 38.125, 	Mean reward done: 5.7201104164123535
Step: 630784	Mean reward: 42.8125, 	Mean reward done: 6.1843180656433105
Step: 638976	Mean reward: 41.25, 	Mean reward done: 6.092035293579102
Step: 647168	Mean reward: 38.75, 	Mean reward done: 5.803402900695801
Step: 655360	Mean reward: 35.3125, 	Mean reward done: 5.394726753234863
Step: 663552	Mean reward: 43.125, 	Mean reward done: 5.928994655609131
Step: 671744	Mean reward: 36.5625, 	Mean reward done: 5.766381740570068
Step: 679936	Mean reward: 31.5625, 	Mean reward done: 5.430169105529785
Step: 688128	Mean reward: 40.0, 	Mean reward done: 6.183796405792236
Step: 696320	Mean reward: 38.4375, 	Mean reward done: 5.88778829574585
Step: 704512	Mean reward: 37.1875, 	Mean reward done: 5.718074321746826
Step: 712704	Mean reward: 35.9375, 	Mean reward done: 5.462404251098633
Step: 720896	Mean reward: 38.125, 	Mean reward done: 6.087395191192627
Step: 729088	Mean reward: 34.0625, 	Mean reward done: 5.7735676765441895
Step: 737280	Mean reward: 40.9375, 	Mean reward done: 6.048554420471191
Step: 745472	Mean reward: 41.5625, 	Mean reward done: 6.376184463500977
Step: 753664	Mean reward: 37.8125, 	Mean reward done: 5.816181659698486
Step: 761856	Mean reward: 35.0, 	Mean reward done: 5.781184673309326
Step: 770048	Mean reward: 33.4375, 	Mean reward done: 5.771673202514648
Step: 778240	Mean reward: 34.0625, 	Mean reward done: 5.538517475128174
Step: 786432	Mean reward: 37.1875, 	Mean reward done: 6.139834880828857
Step: 794624	Mean reward: 30.9375, 	Mean reward done: 5.451208114624023
Step: 802816	Mean reward: 39.0625, 	Mean reward done: 6.048156261444092
Step: 811008	Mean reward: 35.3125, 	Mean reward done: 6.05450439453125
Step: 819200	Mean reward: 34.6875, 	Mean reward done: 5.518281936645508
Step: 827392	Mean reward: 35.3125, 	Mean reward done: 5.583924293518066
Step: 835584	Mean reward: 36.875, 	Mean reward done: 5.866905689239502
Step: 843776	Mean reward: 36.875, 	Mean reward done: 5.557738780975342
Step: 851968	Mean reward: 33.75, 	Mean reward done: 5.712991714477539
Step: 860160	Mean reward: 33.125, 	Mean reward done: 5.583433628082275
Step: 868352	Mean reward: 38.75, 	Mean reward done: 6.088746547698975
Step: 876544	Mean reward: 35.9375, 	Mean reward done: 5.925427436828613
Step: 884736	Mean reward: 32.8125, 	Mean reward done: 5.806613922119141
Step: 892928	Mean reward: 36.25, 	Mean reward done: 5.875825881958008
Step: 901120	Mean reward: 36.25, 	Mean reward done: 5.8844218254089355
Step: 909312	Mean reward: 34.6875, 	Mean reward done: 5.461104393005371
Step: 917504	Mean reward: 34.6875, 	Mean reward done: 5.408499240875244
Step: 925696	Mean reward: 30.9375, 	Mean reward done: 5.484284400939941
Step: 933888	Mean reward: 35.3125, 	Mean reward done: 5.9227166175842285
Step: 942080	Mean reward: 41.25, 	Mean reward done: 5.987149238586426
Step: 950272	Mean reward: 35.3125, 	Mean reward done: 5.776702404022217
Step: 958464	Mean reward: 30.3125, 	Mean reward done: 5.268238544464111
Step: 966656	Mean reward: 32.8125, 	Mean reward done: 5.225391864776611
Step: 974848	Mean reward: 30.0, 	Mean reward done: 5.300217151641846
Step: 983040	Mean reward: 30.9375, 	Mean reward done: 5.535673141479492
Step: 991232	Mean reward: 38.4375, 	Mean reward done: 5.73813533782959
Step: 999424	Mean reward: 39.0625, 	Mean reward done: 6.181623935699463
Step: 1007616	Mean reward: 38.125, 	Mean reward done: 5.820218086242676
Step: 1015808	Mean reward: 36.875, 	Mean reward done: 6.009279251098633
Step: 1024000	Mean reward: 34.375, 	Mean reward done: 5.437839031219482
Step: 1032192	Mean reward: 36.5625, 	Mean reward done: 5.759041786193848
Step: 1040384	Mean reward: 33.4375, 	Mean reward done: 5.640733242034912
Step: 1048576	Mean reward: 34.0625, 	Mean reward done: 5.306872844696045
Step: 1056768	Mean reward: 34.6875, 	Mean reward done: 5.644667148590088
Step: 1064960	Mean reward: 36.875, 	Mean reward done: 5.598596096038818
Step: 1073152	Mean reward: 36.25, 	Mean reward done: 5.883755683898926
Step: 1081344	Mean reward: 40.0, 	Mean reward done: 6.063466548919678
Step: 1089536	Mean reward: 32.5, 	Mean reward done: 5.425518035888672
Step: 1097728	Mean reward: 32.8125, 	Mean reward done: 5.611419200897217
Step: 1105920	Mean reward: 34.6875, 	Mean reward done: 5.459692001342773
Step: 1114112	Mean reward: 35.3125, 	Mean reward done: 5.806180953979492
Step: 1122304	Mean reward: 33.125, 	Mean reward done: 5.530682563781738
Step: 1130496	Mean reward: 37.1875, 	Mean reward done: 5.694999694824219
Step: 1138688	Mean reward: 38.4375, 	Mean reward done: 6.075115203857422
Step: 1146880	Mean reward: 40.0, 	Mean reward done: 6.06369686126709
Step: 1155072	Mean reward: 36.875, 	Mean reward done: 5.964760780334473
Step: 1163264	Mean reward: 38.125, 	Mean reward done: 5.928510665893555
Step: 1171456	Mean reward: 38.75, 	Mean reward done: 5.915743827819824
Step: 1179648	Mean reward: 41.875, 	Mean reward done: 6.363398551940918
Step: 1187840	Mean reward: 41.5625, 	Mean reward done: 6.346645832061768
Step: 1196032	Mean reward: 39.0625, 	Mean reward done: 6.010223388671875
Step: 1204224	Mean reward: 43.75, 	Mean reward done: 6.2503509521484375
Step: 1212416	Mean reward: 43.125, 	Mean reward done: 6.386769771575928
Step: 1220608	Mean reward: 40.9375, 	Mean reward done: 6.345314025878906
Step: 1228800	Mean reward: 38.125, 	Mean reward done: 5.846104621887207
Step: 1236992	Mean reward: 43.4375, 	Mean reward done: 6.307847499847412
Step: 1245184	Mean reward: 43.125, 	Mean reward done: 6.277563095092773
Step: 1253376	Mean reward: 39.375, 	Mean reward done: 5.8204731941223145
Step: 1261568	Mean reward: 38.75, 	Mean reward done: 5.9060163497924805
Step: 1269760	Mean reward: 36.25, 	Mean reward done: 5.877278804779053
Step: 1277952	Mean reward: 35.625, 	Mean reward done: 5.492648124694824
Step: 1286144	Mean reward: 37.1875, 	Mean reward done: 5.981715202331543
Step: 1294336	Mean reward: 38.75, 	Mean reward done: 6.018764972686768
Step: 1302528	Mean reward: 34.0625, 	Mean reward done: 5.756330490112305
Step: 1310720	Mean reward: 38.75, 	Mean reward done: 6.012081146240234
Step: 1318912	Mean reward: 38.125, 	Mean reward done: 5.775847434997559
Step: 1327104	Mean reward: 37.5, 	Mean reward done: 5.921011447906494
Step: 1335296	Mean reward: 35.9375, 	Mean reward done: 5.606607913970947
Step: 1343488	Mean reward: 42.8125, 	Mean reward done: 6.152331352233887
Step: 1351680	Mean reward: 37.8125, 	Mean reward done: 5.773004055023193
Step: 1359872	Mean reward: 41.25, 	Mean reward done: 6.031857013702393
Step: 1368064	Mean reward: 33.4375, 	Mean reward done: 5.879275321960449
Step: 1376256	Mean reward: 34.0625, 	Mean reward done: 5.473793029785156
Step: 1384448	Mean reward: 33.125, 	Mean reward done: 5.530226230621338
Step: 1392640	Mean reward: 34.6875, 	Mean reward done: 5.771364688873291
Step: 1400832	Mean reward: 36.5625, 	Mean reward done: 5.7354583740234375
Step: 1409024	Mean reward: 31.875, 	Mean reward done: 5.449426651000977
Step: 1417216	Mean reward: 38.125, 	Mean reward done: 5.762358665466309
Step: 1425408	Mean reward: 41.875, 	Mean reward done: 6.314170837402344
Step: 1433600	Mean reward: 40.0, 	Mean reward done: 5.878757476806641
Step: 1441792	Mean reward: 40.625, 	Mean reward done: 6.0583906173706055
Step: 1449984	Mean reward: 39.6875, 	Mean reward done: 6.08142614364624
Step: 1458176	Mean reward: 35.9375, 	Mean reward done: 6.008484363555908
Step: 1466368	Mean reward: 37.5, 	Mean reward done: 5.898187160491943
Step: 1474560	Mean reward: 32.1875, 	Mean reward done: 5.3451385498046875
Step: 1482752	Mean reward: 36.875, 	Mean reward done: 5.5670390129089355
Step: 1490944	Mean reward: 38.4375, 	Mean reward done: 5.731768608093262
Step: 1499136	Mean reward: 38.4375, 	Mean reward done: 5.637215614318848
Step: 1507328	Mean reward: 37.5, 	Mean reward done: 5.641612529754639
Step: 1515520	Mean reward: 35.625, 	Mean reward done: 5.991073131561279
Step: 1523712	Mean reward: 33.4375, 	Mean reward done: 5.552407264709473
Step: 1531904	Mean reward: 33.4375, 	Mean reward done: 5.5140581130981445
Step: 1540096	Mean reward: 32.5, 	Mean reward done: 5.703591823577881
Step: 1548288	Mean reward: 36.875, 	Mean reward done: 5.71039342880249
Step: 1556480	Mean reward: 31.25, 	Mean reward done: 5.445128440856934
Step: 1564672	Mean reward: 36.875, 	Mean reward done: 5.876332759857178
Step: 1572864	Mean reward: 35.0, 	Mean reward done: 5.890125751495361
Step: 1581056	Mean reward: 32.1875, 	Mean reward done: 5.553628921508789
Step: 1589248	Mean reward: 31.25, 	Mean reward done: 5.147709369659424
Step: 1597440	Mean reward: 36.5625, 	Mean reward done: 5.7800188064575195
Step: 1605632	Mean reward: 40.0, 	Mean reward done: 5.889310359954834
Step: 1613824	Mean reward: 36.5625, 	Mean reward done: 5.770071029663086
Step: 1622016	Mean reward: 37.5, 	Mean reward done: 5.905271530151367
Step: 1630208	Mean reward: 34.6875, 	Mean reward done: 5.450627326965332
Step: 1638400	Mean reward: 34.0625, 	Mean reward done: 5.52221155166626
Step: 1646592	Mean reward: 35.9375, 	Mean reward done: 5.814996242523193
Step: 1654784	Mean reward: 40.9375, 	Mean reward done: 6.336991786956787
Step: 1662976	Mean reward: 42.1875, 	Mean reward done: 5.953310489654541
Step: 1671168	Mean reward: 40.0, 	Mean reward done: 5.960973739624023
Step: 1679360	Mean reward: 40.0, 	Mean reward done: 6.117334365844727
Step: 1687552	Mean reward: 38.75, 	Mean reward done: 5.941842079162598
Step: 1695744	Mean reward: 35.625, 	Mean reward done: 5.513489246368408
Step: 1703936	Mean reward: 32.1875, 	Mean reward done: 5.5428547859191895
Step: 1712128	Mean reward: 38.75, 	Mean reward done: 6.094920635223389
Step: 1720320	Mean reward: 36.875, 	Mean reward done: 5.786923408508301
Step: 1728512	Mean reward: 38.75, 	Mean reward done: 5.948791980743408
Step: 1736704	Mean reward: 40.0, 	Mean reward done: 6.06972074508667
Step: 1744896	Mean reward: 42.1875, 	Mean reward done: 6.2403106689453125
Step: 1753088	Mean reward: 41.5625, 	Mean reward done: 5.974265098571777
Step: 1761280	Mean reward: 39.375, 	Mean reward done: 6.068073272705078
Step: 1769472	Mean reward: 41.25, 	Mean reward done: 6.023929595947266
Step: 1777664	Mean reward: 35.3125, 	Mean reward done: 5.886514186859131
Step: 1785856	Mean reward: 36.25, 	Mean reward done: 5.950927734375
Step: 1794048	Mean reward: 35.9375, 	Mean reward done: 5.809100151062012
Step: 1802240	Mean reward: 39.375, 	Mean reward done: 6.126377582550049
Step: 1810432	Mean reward: 38.4375, 	Mean reward done: 6.052763938903809
Step: 1818624	Mean reward: 35.3125, 	Mean reward done: 5.602318286895752
Step: 1826816	Mean reward: 30.625, 	Mean reward done: 5.109454154968262
Step: 1835008	Mean reward: 35.625, 	Mean reward done: 6.048540115356445
Step: 1843200	Mean reward: 39.0625, 	Mean reward done: 5.855335712432861
Step: 1851392	Mean reward: 33.125, 	Mean reward done: 5.548372745513916
Step: 1859584	Mean reward: 42.8125, 	Mean reward done: 6.036337375640869
Step: 1867776	Mean reward: 47.5, 	Mean reward done: 6.310961723327637
Step: 1875968	Mean reward: 38.4375, 	Mean reward done: 5.95098876953125
Step: 1884160	Mean reward: 40.0, 	Mean reward done: 5.985401153564453
Step: 1892352	Mean reward: 37.8125, 	Mean reward done: 5.887025356292725
Step: 1900544	Mean reward: 37.1875, 	Mean reward done: 5.976562976837158
Step: 1908736	Mean reward: 42.8125, 	Mean reward done: 5.773845672607422
Step: 1916928	Mean reward: 41.5625, 	Mean reward done: 6.204122066497803
Step: 1925120	Mean reward: 42.8125, 	Mean reward done: 6.148830890655518
Step: 1933312	Mean reward: 40.0, 	Mean reward done: 5.858615398406982
Step: 1941504	Mean reward: 40.0, 	Mean reward done: 5.881045818328857
Step: 1949696	Mean reward: 41.875, 	Mean reward done: 6.189452648162842
Step: 1957888	Mean reward: 36.25, 	Mean reward done: 5.784618377685547
Step: 1966080	Mean reward: 36.5625, 	Mean reward done: 5.759380340576172
Step: 1974272	Mean reward: 37.8125, 	Mean reward done: 5.755709648132324
Step: 1982464	Mean reward: 40.0, 	Mean reward done: 5.74230432510376
Step: 1990656	Mean reward: 38.4375, 	Mean reward done: 5.74120569229126
Step: 1998848	Mean reward: 39.6875, 	Mean reward done: 5.906130790710449
Step: 2007040	Mean reward: 43.125, 	Mean reward done: 6.133751392364502
Step: 2015232	Mean reward: 40.9375, 	Mean reward done: 6.002058506011963
Step: 2023424	Mean reward: 40.3125, 	Mean reward done: 6.063655853271484
Step: 2031616	Mean reward: 45.9375, 	Mean reward done: 6.495563507080078
Step: 2039808	Mean reward: 40.625, 	Mean reward done: 6.05507755279541
Step: 2048000	Mean reward: 40.0, 	Mean reward done: 6.204878330230713
Step: 2056192	Mean reward: 45.3125, 	Mean reward done: 6.396824836730957
Step: 2064384	Mean reward: 35.3125, 	Mean reward done: 5.640784740447998
Step: 2072576	Mean reward: 36.5625, 	Mean reward done: 5.65062952041626
Step: 2080768	Mean reward: 37.8125, 	Mean reward done: 5.91702938079834
Step: 2088960	Mean reward: 32.8125, 	Mean reward done: 5.797615051269531
Step: 2097152	Mean reward: 37.1875, 	Mean reward done: 5.859478950500488
Step: 2105344	Mean reward: 42.5, 	Mean reward done: 6.200349807739258
Step: 2113536	Mean reward: 36.875, 	Mean reward done: 5.7708210945129395
Step: 2121728	Mean reward: 35.9375, 	Mean reward done: 5.651670932769775
Step: 2129920	Mean reward: 38.125, 	Mean reward done: 5.773657321929932
Step: 2138112	Mean reward: 36.25, 	Mean reward done: 5.491220474243164
Step: 2146304	Mean reward: 33.75, 	Mean reward done: 5.459378242492676
Step: 2154496	Mean reward: 34.375, 	Mean reward done: 5.751630783081055
Step: 2162688	Mean reward: 44.375, 	Mean reward done: 6.068487644195557
Step: 2170880	Mean reward: 35.0, 	Mean reward done: 5.47963809967041
Step: 2179072	Mean reward: 37.5, 	Mean reward done: 5.653759002685547
Step: 2187264	Mean reward: 38.75, 	Mean reward done: 5.753243923187256
Step: 2195456	Mean reward: 42.1875, 	Mean reward done: 6.006327152252197
Step: 2203648	Mean reward: 38.4375, 	Mean reward done: 6.019991397857666
Step: 2211840	Mean reward: 39.6875, 	Mean reward done: 5.793051719665527
Step: 2220032	Mean reward: 39.375, 	Mean reward done: 5.786561965942383
Step: 2228224	Mean reward: 45.3125, 	Mean reward done: 6.333712577819824
Step: 2236416	Mean reward: 42.5, 	Mean reward done: 6.014915466308594
Step: 2244608	Mean reward: 41.25, 	Mean reward done: 6.057285785675049
Step: 2252800	Mean reward: 36.875, 	Mean reward done: 5.634815216064453
Step: 2260992	Mean reward: 41.25, 	Mean reward done: 6.281294822692871
Step: 2269184	Mean reward: 39.375, 	Mean reward done: 5.770995140075684
Step: 2277376	Mean reward: 40.625, 	Mean reward done: 5.953978061676025
Step: 2285568	Mean reward: 45.3125, 	Mean reward done: 6.043664455413818
Step: 2293760	Mean reward: 39.6875, 	Mean reward done: 5.801905155181885
Step: 2301952	Mean reward: 43.4375, 	Mean reward done: 6.054939270019531
Step: 2310144	Mean reward: 45.0, 	Mean reward done: 6.167473793029785
Step: 2318336	Mean reward: 45.625, 	Mean reward done: 6.322824478149414
Step: 2326528	Mean reward: 44.375, 	Mean reward done: 6.237949848175049
Step: 2334720	Mean reward: 38.75, 	Mean reward done: 5.69126033782959
Step: 2342912	Mean reward: 41.875, 	Mean reward done: 5.803553581237793
Step: 2351104	Mean reward: 39.6875, 	Mean reward done: 5.840932369232178
Step: 2359296	Mean reward: 41.5625, 	Mean reward done: 6.207709312438965
Step: 2367488	Mean reward: 41.875, 	Mean reward done: 5.963939666748047
Step: 2375680	Mean reward: 41.875, 	Mean reward done: 5.960731506347656
Step: 2383872	Mean reward: 36.5625, 	Mean reward done: 5.586163520812988
Step: 2392064	Mean reward: 40.9375, 	Mean reward done: 5.92795991897583
Step: 2400256	Mean reward: 45.0, 	Mean reward done: 6.261767387390137
Step: 2408448	Mean reward: 40.625, 	Mean reward done: 5.638388633728027
Step: 2416640	Mean reward: 37.1875, 	Mean reward done: 5.607601642608643
Step: 2424832	Mean reward: 38.75, 	Mean reward done: 5.979720115661621
Step: 2433024	Mean reward: 40.0, 	Mean reward done: 5.912613391876221
Step: 2441216	Mean reward: 40.3125, 	Mean reward done: 5.759975910186768
Step: 2449408	Mean reward: 39.6875, 	Mean reward done: 5.888809680938721
Step: 2457600	Mean reward: 39.375, 	Mean reward done: 5.545382022857666
Step: 2465792	Mean reward: 39.375, 	Mean reward done: 5.813912391662598
Step: 2473984	Mean reward: 38.75, 	Mean reward done: 5.786291599273682
Step: 2482176	Mean reward: 40.9375, 	Mean reward done: 5.852894306182861
Step: 2490368	Mean reward: 40.3125, 	Mean reward done: 5.821277141571045
Step: 2498560	Mean reward: 42.5, 	Mean reward done: 5.991447448730469
Step: 2506752	Mean reward: 37.1875, 	Mean reward done: 5.795576572418213
Step: 2514944	Mean reward: 39.375, 	Mean reward done: 5.582714080810547
Step: 2523136	Mean reward: 35.9375, 	Mean reward done: 5.883490562438965
Step: 2531328	Mean reward: 37.5, 	Mean reward done: 5.761021614074707
Step: 2539520	Mean reward: 33.4375, 	Mean reward done: 5.6916632652282715
Step: 2547712	Mean reward: 39.375, 	Mean reward done: 5.88663387298584
Step: 2555904	Mean reward: 39.375, 	Mean reward done: 5.886051654815674
Step: 2564096	Mean reward: 38.75, 	Mean reward done: 5.784327030181885
Step: 2572288	Mean reward: 38.4375, 	Mean reward done: 6.011778354644775
Step: 2580480	Mean reward: 38.125, 	Mean reward done: 5.871716022491455
Step: 2588672	Mean reward: 40.3125, 	Mean reward done: 5.811737060546875
Step: 2596864	Mean reward: 41.5625, 	Mean reward done: 5.672481060028076
Step: 2605056	Mean reward: 41.875, 	Mean reward done: 5.870083332061768
Step: 2613248	Mean reward: 39.0625, 	Mean reward done: 5.928357124328613
Step: 2621440	Mean reward: 44.6875, 	Mean reward done: 6.008611679077148
Step: 2629632	Mean reward: 36.25, 	Mean reward done: 5.581913471221924
Step: 2637824	Mean reward: 34.0625, 	Mean reward done: 5.2012619972229
Step: 2646016	Mean reward: 39.375, 	Mean reward done: 5.721865653991699
Step: 2654208	Mean reward: 40.625, 	Mean reward done: 5.845179080963135
Step: 2662400	Mean reward: 39.0625, 	Mean reward done: 5.680751323699951
Step: 2670592	Mean reward: 34.6875, 	Mean reward done: 5.388493537902832
Step: 2678784	Mean reward: 39.0625, 	Mean reward done: 5.658207893371582
Step: 2686976	Mean reward: 44.0625, 	Mean reward done: 6.2092719078063965
Step: 2695168	Mean reward: 38.125, 	Mean reward done: 5.92604398727417
Step: 2703360	Mean reward: 30.625, 	Mean reward done: 5.015101432800293
Step: 2711552	Mean reward: 40.3125, 	Mean reward done: 5.951189041137695
Step: 2719744	Mean reward: 45.0, 	Mean reward done: 6.344578266143799
Step: 2727936	Mean reward: 39.0625, 	Mean reward done: 5.688544273376465
Step: 2736128	Mean reward: 39.0625, 	Mean reward done: 5.657156944274902
Step: 2744320	Mean reward: 40.0, 	Mean reward done: 5.686943531036377
Step: 2752512	Mean reward: 44.375, 	Mean reward done: 6.279877662658691
Step: 2760704	Mean reward: 40.0, 	Mean reward done: 6.044083118438721
Step: 2768896	Mean reward: 40.9375, 	Mean reward done: 6.057269096374512
Step: 2777088	Mean reward: 38.75, 	Mean reward done: 5.799494743347168
Step: 2785280	Mean reward: 41.25, 	Mean reward done: 6.085341453552246
Step: 2793472	Mean reward: 44.6875, 	Mean reward done: 6.097613334655762
Step: 2801664	Mean reward: 43.4375, 	Mean reward done: 5.9172892570495605
Step: 2809856	Mean reward: 39.6875, 	Mean reward done: 6.195627212524414
Step: 2818048	Mean reward: 42.1875, 	Mean reward done: 6.254590034484863
Step: 2826240	Mean reward: 42.5, 	Mean reward done: 5.923658847808838
Step: 2834432	Mean reward: 39.0625, 	Mean reward done: 5.982182025909424
Step: 2842624	Mean reward: 37.8125, 	Mean reward done: 5.417529106140137
Step: 2850816	Mean reward: 43.75, 	Mean reward done: 6.175833702087402
Step: 2859008	Mean reward: 43.75, 	Mean reward done: 5.99514102935791
Step: 2867200	Mean reward: 39.375, 	Mean reward done: 5.97160530090332
Step: 2875392	Mean reward: 36.25, 	Mean reward done: 5.632205963134766
Step: 2883584	Mean reward: 42.1875, 	Mean reward done: 6.1560516357421875
Step: 2891776	Mean reward: 39.6875, 	Mean reward done: 5.799620628356934
Step: 2899968	Mean reward: 47.8125, 	Mean reward done: 6.355485916137695
Step: 2908160	Mean reward: 42.5, 	Mean reward done: 6.151968479156494
Step: 2916352	Mean reward: 39.0625, 	Mean reward done: 5.73812198638916
Step: 2924544	Mean reward: 42.8125, 	Mean reward done: 6.047245979309082
Step: 2932736	Mean reward: 40.3125, 	Mean reward done: 6.042874336242676
Step: 2940928	Mean reward: 37.8125, 	Mean reward done: 6.014156818389893
Step: 2949120	Mean reward: 42.1875, 	Mean reward done: 6.1905364990234375
Step: 2957312	Mean reward: 44.375, 	Mean reward done: 6.12990140914917
Step: 2965504	Mean reward: 37.5, 	Mean reward done: 5.612680912017822
Step: 2973696	Mean reward: 42.1875, 	Mean reward done: 5.893807888031006
Step: 2981888	Mean reward: 40.0, 	Mean reward done: 5.789344310760498
Step: 2990080	Mean reward: 41.875, 	Mean reward done: 5.689988613128662
Step: 2998272	Mean reward: 39.0625, 	Mean reward done: 5.822256088256836
Step: 3006464	Mean reward: 45.0, 	Mean reward done: 6.016450881958008
Step: 3014656	Mean reward: 40.0, 	Mean reward done: 5.5844340324401855
Step: 3022848	Mean reward: 46.25, 	Mean reward done: 6.240924835205078
Step: 3031040	Mean reward: 41.25, 	Mean reward done: 5.938744068145752
Step: 3039232	Mean reward: 41.5625, 	Mean reward done: 6.134757995605469
Step: 3047424	Mean reward: 40.0, 	Mean reward done: 5.3618245124816895
Step: 3055616	Mean reward: 38.75, 	Mean reward done: 5.92733097076416
Step: 3063808	Mean reward: 41.5625, 	Mean reward done: 6.03093147277832
Step: 3072000	Mean reward: 42.1875, 	Mean reward done: 5.916226863861084
Step: 3080192	Mean reward: 41.5625, 	Mean reward done: 5.83836555480957
Step: 3088384	Mean reward: 44.6875, 	Mean reward done: 6.142277240753174
Step: 3096576	Mean reward: 36.5625, 	Mean reward done: 5.5590643882751465
Step: 3104768	Mean reward: 36.25, 	Mean reward done: 5.196512222290039
Step: 3112960	Mean reward: 38.75, 	Mean reward done: 5.627201557159424
Step: 3121152	Mean reward: 40.3125, 	Mean reward done: 6.272801876068115
Step: 3129344	Mean reward: 39.0625, 	Mean reward done: 5.687073230743408
Step: 3137536	Mean reward: 40.9375, 	Mean reward done: 5.68496036529541
Step: 3145728	Mean reward: 42.1875, 	Mean reward done: 6.069631576538086
Step: 3153920	Mean reward: 39.6875, 	Mean reward done: 5.845904350280762
Step: 3162112	Mean reward: 45.9375, 	Mean reward done: 6.306605339050293
Step: 3170304	Mean reward: 40.0, 	Mean reward done: 5.5789408683776855
Step: 3178496	Mean reward: 44.0625, 	Mean reward done: 5.978824138641357
Step: 3186688	Mean reward: 40.0, 	Mean reward done: 5.672098159790039
Step: 3194880	Mean reward: 40.625, 	Mean reward done: 5.814682960510254
Step: 3203072	Mean reward: 41.875, 	Mean reward done: 5.742099285125732
Step: 3211264	Mean reward: 38.4375, 	Mean reward done: 5.747678279876709
Step: 3219456	Mean reward: 41.875, 	Mean reward done: 6.105929851531982
Step: 3227648	Mean reward: 40.0, 	Mean reward done: 5.876087665557861
Step: 3235840	Mean reward: 37.8125, 	Mean reward done: 5.847809314727783
Step: 3244032	Mean reward: 43.75, 	Mean reward done: 6.007834434509277
Step: 3252224	Mean reward: 37.5, 	Mean reward done: 5.607186794281006
Step: 3260416	Mean reward: 38.75, 	Mean reward done: 5.431778430938721
Step: 3268608	Mean reward: 45.0, 	Mean reward done: 6.036720275878906
Step: 3276800	Mean reward: 34.375, 	Mean reward done: 5.401831150054932
Step: 3284992	Mean reward: 38.75, 	Mean reward done: 5.466785430908203
Step: 3293184	Mean reward: 35.0, 	Mean reward done: 5.527214050292969
Step: 3301376	Mean reward: 40.9375, 	Mean reward done: 5.635084629058838
Step: 3309568	Mean reward: 37.8125, 	Mean reward done: 5.387537002563477
Step: 3317760	Mean reward: 33.75, 	Mean reward done: 5.180088043212891
Step: 3325952	Mean reward: 41.875, 	Mean reward done: 6.085295677185059
Step: 3334144	Mean reward: 35.9375, 	Mean reward done: 5.28970193862915
Step: 3342336	Mean reward: 35.3125, 	Mean reward done: 5.0494208335876465
Step: 3350528	Mean reward: 37.8125, 	Mean reward done: 5.532418727874756
Step: 3358720	Mean reward: 37.5, 	Mean reward done: 5.4430623054504395
Step: 3366912	Mean reward: 36.5625, 	Mean reward done: 5.3749470710754395
Step: 3375104	Mean reward: 33.4375, 	Mean reward done: 5.57737922668457
Step: 3383296	Mean reward: 39.6875, 	Mean reward done: 5.705490589141846
Step: 3391488	Mean reward: 37.5, 	Mean reward done: 5.423367500305176
Step: 3399680	Mean reward: 34.375, 	Mean reward done: 5.320151329040527
Step: 3407872	Mean reward: 31.25, 	Mean reward done: 4.943541049957275
Step: 3416064	Mean reward: 39.6875, 	Mean reward done: 5.718210220336914
Step: 3424256	Mean reward: 38.4375, 	Mean reward done: 5.552948951721191
Step: 3432448	Mean reward: 45.3125, 	Mean reward done: 6.029510021209717
Step: 3440640	Mean reward: 37.1875, 	Mean reward done: 5.745067596435547
Step: 3448832	Mean reward: 37.5, 	Mean reward done: 5.652433395385742
Step: 3457024	Mean reward: 37.5, 	Mean reward done: 5.362402439117432
Step: 3465216	Mean reward: 36.5625, 	Mean reward done: 5.3041863441467285
Step: 3473408	Mean reward: 32.8125, 	Mean reward done: 5.08506965637207
Step: 3481600	Mean reward: 32.5, 	Mean reward done: 5.205044746398926
Step: 3489792	Mean reward: 38.75, 	Mean reward done: 5.581429958343506
Step: 3497984	Mean reward: 32.1875, 	Mean reward done: 4.845236778259277
Step: 3506176	Mean reward: 41.25, 	Mean reward done: 5.7246785163879395
Step: 3514368	Mean reward: 41.875, 	Mean reward done: 5.5764079093933105
Step: 3522560	Mean reward: 38.4375, 	Mean reward done: 5.4416422843933105
Step: 3530752	Mean reward: 41.875, 	Mean reward done: 6.124258041381836
Step: 3538944	Mean reward: 38.75, 	Mean reward done: 5.853182792663574
Step: 3547136	Mean reward: 38.4375, 	Mean reward done: 5.657881736755371
Step: 3555328	Mean reward: 36.5625, 	Mean reward done: 5.58956241607666
Step: 3563520	Mean reward: 39.375, 	Mean reward done: 5.790309429168701
Step: 3571712	Mean reward: 42.8125, 	Mean reward done: 5.919003963470459
Step: 3579904	Mean reward: 38.75, 	Mean reward done: 5.381543159484863
Step: 3588096	Mean reward: 40.0, 	Mean reward done: 5.687081336975098
Step: 3596288	Mean reward: 40.0, 	Mean reward done: 5.740886688232422
Step: 3604480	Mean reward: 35.3125, 	Mean reward done: 5.336270332336426
Step: 3612672	Mean reward: 40.625, 	Mean reward done: 5.556824207305908
Step: 3620864	Mean reward: 41.25, 	Mean reward done: 5.833012104034424
Step: 3629056	Mean reward: 37.1875, 	Mean reward done: 5.325639247894287
Step: 3637248	Mean reward: 41.875, 	Mean reward done: 5.5838775634765625
Step: 3645440	Mean reward: 37.5, 	Mean reward done: 5.162674427032471
Step: 3653632	Mean reward: 34.6875, 	Mean reward done: 5.254243850708008
Step: 3661824	Mean reward: 32.1875, 	Mean reward done: 4.994915008544922
Step: 3670016	Mean reward: 37.1875, 	Mean reward done: 5.006949424743652
Step: 3678208	Mean reward: 36.25, 	Mean reward done: 5.468375205993652
Step: 3686400	Mean reward: 39.0625, 	Mean reward done: 5.424922466278076
Step: 3694592	Mean reward: 37.5, 	Mean reward done: 5.506369590759277
Step: 3702784	Mean reward: 36.5625, 	Mean reward done: 5.147464275360107
Step: 3710976	Mean reward: 32.5, 	Mean reward done: 4.774299621582031
Step: 3719168	Mean reward: 34.375, 	Mean reward done: 4.841206073760986
Step: 3727360	Mean reward: 35.3125, 	Mean reward done: 5.195737838745117
Step: 3735552	Mean reward: 35.9375, 	Mean reward done: 4.833108425140381
Step: 3743744	Mean reward: 35.9375, 	Mean reward done: 5.133037090301514
Step: 3751936	Mean reward: 36.875, 	Mean reward done: 5.529044151306152
Step: 3760128	Mean reward: 33.125, 	Mean reward done: 5.306888103485107
Step: 3768320	Mean reward: 36.875, 	Mean reward done: 5.324830532073975
Step: 3776512	Mean reward: 27.5, 	Mean reward done: 4.800727367401123
Step: 3784704	Mean reward: 28.75, 	Mean reward done: 3.9586639404296875
Step: 3792896	Mean reward: 28.75, 	Mean reward done: 4.462579250335693
Step: 3801088	Mean reward: 33.75, 	Mean reward done: 5.135744094848633
Step: 3809280	Mean reward: 37.5, 	Mean reward done: 5.5998077392578125
Step: 3817472	Mean reward: 38.125, 	Mean reward done: 5.720497131347656
Step: 3825664	Mean reward: 35.625, 	Mean reward done: 5.190279483795166
Step: 3833856	Mean reward: 35.625, 	Mean reward done: 5.165069580078125
Step: 3842048	Mean reward: 29.6875, 	Mean reward done: 4.340359687805176
Step: 3850240	Mean reward: 30.9375, 	Mean reward done: 4.615323543548584
Step: 3858432	Mean reward: 32.1875, 	Mean reward done: 4.725537300109863
Step: 3866624	Mean reward: 35.9375, 	Mean reward done: 4.9487810134887695
Step: 3874816	Mean reward: 30.9375, 	Mean reward done: 4.311407089233398
Step: 3883008	Mean reward: 30.3125, 	Mean reward done: 4.595831394195557
Step: 3891200	Mean reward: 25.9375, 	Mean reward done: 4.043765068054199
Step: 3899392	Mean reward: 33.4375, 	Mean reward done: 4.696683883666992
Step: 3907584	Mean reward: 32.1875, 	Mean reward done: 4.873412609100342
Step: 3915776	Mean reward: 30.3125, 	Mean reward done: 4.927229881286621
Step: 3923968	Mean reward: 37.1875, 	Mean reward done: 5.338167667388916
Step: 3932160	Mean reward: 41.875, 	Mean reward done: 5.961669921875
Step: 3940352	Mean reward: 36.25, 	Mean reward done: 5.512328624725342
Step: 3948544	Mean reward: 33.125, 	Mean reward done: 5.086039066314697
Step: 3956736	Mean reward: 40.625, 	Mean reward done: 5.456286907196045
Step: 3964928	Mean reward: 41.875, 	Mean reward done: 5.687081813812256
Step: 3973120	Mean reward: 37.1875, 	Mean reward done: 5.509830474853516
Step: 3981312	Mean reward: 35.625, 	Mean reward done: 5.225193977355957
Step: 3989504	Mean reward: 37.5, 	Mean reward done: 5.5136919021606445
Step: 3997696	Mean reward: 37.1875, 	Mean reward done: 5.412505626678467
Step: 4005888	Mean reward: 40.625, 	Mean reward done: 5.591830730438232
Step: 4014080	Mean reward: 39.6875, 	Mean reward done: 5.657970428466797
Step: 4022272	Mean reward: 40.0, 	Mean reward done: 5.696143627166748
Step: 4030464	Mean reward: 38.75, 	Mean reward done: 5.687845706939697
Step: 4038656	Mean reward: 38.75, 	Mean reward done: 5.460844993591309
Step: 4046848	Mean reward: 34.375, 	Mean reward done: 4.974309921264648
Step: 4055040	Mean reward: 34.6875, 	Mean reward done: 5.3484578132629395
Step: 4063232	Mean reward: 34.6875, 	Mean reward done: 5.1945319175720215
Step: 4071424	Mean reward: 35.625, 	Mean reward done: 4.985791206359863
Step: 4079616	Mean reward: 30.3125, 	Mean reward done: 4.429510116577148
Step: 4087808	Mean reward: 36.25, 	Mean reward done: 4.968893527984619
Step: 4096000	Mean reward: 39.375, 	Mean reward done: 5.526557445526123
Step: 4104192	Mean reward: 37.5, 	Mean reward done: 5.356262683868408
Step: 4112384	Mean reward: 33.125, 	Mean reward done: 5.186460018157959
Step: 4120576	Mean reward: 31.5625, 	Mean reward done: 4.9868974685668945
Step: 4128768	Mean reward: 33.125, 	Mean reward done: 5.124544620513916
Step: 4136960	Mean reward: 40.9375, 	Mean reward done: 5.675882816314697
Step: 4145152	Mean reward: 35.625, 	Mean reward done: 5.297735214233398
Step: 4153344	Mean reward: 37.5, 	Mean reward done: 5.333104133605957
Step: 4161536	Mean reward: 38.4375, 	Mean reward done: 5.259284973144531
Step: 4169728	Mean reward: 37.8125, 	Mean reward done: 5.319700241088867
Step: 4177920	Mean reward: 36.5625, 	Mean reward done: 5.073476791381836
Step: 4186112	Mean reward: 44.0625, 	Mean reward done: 5.608464241027832
Step: 4194304	Mean reward: 41.25, 	Mean reward done: 5.7057785987854
Step: 4202496	Mean reward: 38.4375, 	Mean reward done: 5.647981643676758
Step: 4210688	Mean reward: 30.625, 	Mean reward done: 4.585608959197998
Step: 4218880	Mean reward: 34.0625, 	Mean reward done: 5.0367431640625
Step: 4227072	Mean reward: 41.875, 	Mean reward done: 5.663040637969971
Step: 4235264	Mean reward: 40.9375, 	Mean reward done: 5.6183552742004395
Step: 4243456	Mean reward: 38.125, 	Mean reward done: 5.778711318969727
Step: 4251648	Mean reward: 45.0, 	Mean reward done: 6.039734363555908
Step: 4259840	Mean reward: 44.375, 	Mean reward done: 5.836324691772461
Step: 4268032	Mean reward: 42.1875, 	Mean reward done: 6.009509086608887
Step: 4276224	Mean reward: 40.3125, 	Mean reward done: 5.869497776031494
Step: 4284416	Mean reward: 40.9375, 	Mean reward done: 5.886261463165283
Step: 4292608	Mean reward: 38.75, 	Mean reward done: 5.8004679679870605
Step: 4300800	Mean reward: 46.25, 	Mean reward done: 6.379392147064209
Step: 4308992	Mean reward: 39.375, 	Mean reward done: 5.38338565826416
Step: 4317184	Mean reward: 31.875, 	Mean reward done: 4.677260875701904
Step: 4325376	Mean reward: 40.3125, 	Mean reward done: 5.759288311004639
Step: 4333568	Mean reward: 35.625, 	Mean reward done: 5.072241306304932
Step: 4341760	Mean reward: 46.25, 	Mean reward done: 6.220700263977051
Step: 4349952	Mean reward: 39.6875, 	Mean reward done: 5.774215221405029
Step: 4358144	Mean reward: 44.0625, 	Mean reward done: 5.992649555206299
Step: 4366336	Mean reward: 43.4375, 	Mean reward done: 6.075178623199463
Step: 4374528	Mean reward: 44.375, 	Mean reward done: 5.939019680023193
Step: 4382720	Mean reward: 43.75, 	Mean reward done: 5.953885078430176
Step: 4390912	Mean reward: 43.75, 	Mean reward done: 6.120987892150879
Step: 4399104	Mean reward: 46.25, 	Mean reward done: 5.606139183044434
Step: 4407296	Mean reward: 36.875, 	Mean reward done: 5.63198709487915
Step: 4415488	Mean reward: 37.8125, 	Mean reward done: 5.697736740112305
Step: 4423680	Mean reward: 50.625, 	Mean reward done: 6.211410999298096
Step: 4431872	Mean reward: 35.0, 	Mean reward done: 5.675443649291992
Step: 4440064	Mean reward: 36.25, 	Mean reward done: 5.449281692504883
Step: 4448256	Mean reward: 45.625, 	Mean reward done: 5.864739418029785
Step: 4456448	Mean reward: 42.5, 	Mean reward done: 5.717041492462158
Step: 4464640	Mean reward: 40.625, 	Mean reward done: 5.758615493774414
Step: 4472832	Mean reward: 32.1875, 	Mean reward done: 5.200185298919678
Step: 4481024	Mean reward: 41.875, 	Mean reward done: 6.0500030517578125
Step: 4489216	Mean reward: 38.4375, 	Mean reward done: 5.7259955406188965
Step: 4497408	Mean reward: 44.375, 	Mean reward done: 5.918731212615967
Step: 4505600	Mean reward: 34.6875, 	Mean reward done: 5.135600566864014
Step: 4513792	Mean reward: 40.625, 	Mean reward done: 5.623816967010498
Step: 4521984	Mean reward: 41.5625, 	Mean reward done: 5.946998119354248
Step: 4530176	Mean reward: 44.6875, 	Mean reward done: 6.106291770935059
Step: 4538368	Mean reward: 42.8125, 	Mean reward done: 5.888282299041748
Step: 4546560	Mean reward: 40.625, 	Mean reward done: 5.925593376159668
Step: 4554752	Mean reward: 37.8125, 	Mean reward done: 5.5876545906066895
Step: 4562944	Mean reward: 45.0, 	Mean reward done: 6.12205696105957
Step: 4571136	Mean reward: 43.125, 	Mean reward done: 5.953968048095703
Step: 4579328	Mean reward: 48.125, 	Mean reward done: 6.032745838165283
Step: 4587520	Mean reward: 44.0625, 	Mean reward done: 6.133572578430176
Step: 4595712	Mean reward: 42.1875, 	Mean reward done: 5.956246376037598
Step: 4603904	Mean reward: 44.6875, 	Mean reward done: 6.136712551116943
Step: 4612096	Mean reward: 47.5, 	Mean reward done: 6.240024089813232
Step: 4620288	Mean reward: 40.3125, 	Mean reward done: 5.86945915222168
Step: 4628480	Mean reward: 40.9375, 	Mean reward done: 5.958379745483398
Step: 4636672	Mean reward: 37.8125, 	Mean reward done: 5.698500633239746
Step: 4644864	Mean reward: 38.75, 	Mean reward done: 5.817075729370117
Step: 4653056	Mean reward: 39.0625, 	Mean reward done: 5.782487869262695
Step: 4661248	Mean reward: 39.6875, 	Mean reward done: 5.621832847595215
Step: 4669440	Mean reward: 47.5, 	Mean reward done: 6.129705429077148
Step: 4677632	Mean reward: 46.5625, 	Mean reward done: 6.331283092498779
Step: 4685824	Mean reward: 42.8125, 	Mean reward done: 6.0523858070373535
Step: 4694016	Mean reward: 45.3125, 	Mean reward done: 6.479465007781982
Step: 4702208	Mean reward: 40.9375, 	Mean reward done: 5.772025108337402
Step: 4710400	Mean reward: 35.625, 	Mean reward done: 5.550601005554199
Step: 4718592	Mean reward: 38.4375, 	Mean reward done: 4.913107395172119
Step: 4726784	Mean reward: 32.1875, 	Mean reward done: 5.017006874084473
Step: 4734976	Mean reward: 36.875, 	Mean reward done: 5.028077602386475
Step: 4743168	Mean reward: 38.75, 	Mean reward done: 5.066885948181152
Step: 4751360	Mean reward: 40.0, 	Mean reward done: 5.222807884216309
Step: 4759552	Mean reward: 33.4375, 	Mean reward done: 4.740293979644775
Step: 4767744	Mean reward: 34.375, 	Mean reward done: 4.7978515625
Step: 4775936	Mean reward: 29.0625, 	Mean reward done: 4.849041938781738
Step: 4784128	Mean reward: 43.4375, 	Mean reward done: 5.525862216949463
Step: 4792320	Mean reward: 40.625, 	Mean reward done: 5.464843273162842
Step: 4800512	Mean reward: 35.3125, 	Mean reward done: 5.468507766723633
Step: 4808704	Mean reward: 37.1875, 	Mean reward done: 5.3039937019348145
Step: 4816896	Mean reward: 36.5625, 	Mean reward done: 5.072262287139893
Step: 4825088	Mean reward: 33.4375, 	Mean reward done: 4.697211265563965
Step: 4833280	Mean reward: 31.25, 	Mean reward done: 4.51474666595459
Step: 4841472	Mean reward: 41.5625, 	Mean reward done: 5.602994918823242
Step: 4849664	Mean reward: 37.5, 	Mean reward done: 5.314918041229248
Step: 4857856	Mean reward: 34.0625, 	Mean reward done: 4.906803131103516
Step: 4866048	Mean reward: 32.5, 	Mean reward done: 5.045459747314453
Step: 4874240	Mean reward: 32.8125, 	Mean reward done: 5.419050693511963
Step: 4882432	Mean reward: 41.25, 	Mean reward done: 5.586394786834717
Step: 4890624	Mean reward: 35.9375, 	Mean reward done: 5.438169479370117
Step: 4898816	Mean reward: 38.125, 	Mean reward done: 4.941310882568359
Step: 4907008	Mean reward: 37.8125, 	Mean reward done: 4.753176689147949
Step: 4915200	Mean reward: 30.625, 	Mean reward done: 4.679525852203369
Step: 4923392	Mean reward: 33.4375, 	Mean reward done: 4.714171409606934
Step: 4931584	Mean reward: 30.9375, 	Mean reward done: 4.599874496459961
Step: 4939776	Mean reward: 29.0625, 	Mean reward done: 4.256364822387695
Step: 4947968	Mean reward: 35.9375, 	Mean reward done: 5.215121746063232
Step: 4956160	Mean reward: 34.0625, 	Mean reward done: 5.278491973876953
Step: 4964352	Mean reward: 35.0, 	Mean reward done: 5.204249858856201
Step: 4972544	Mean reward: 34.6875, 	Mean reward done: 5.029612064361572
Step: 4980736	Mean reward: 37.1875, 	Mean reward done: 5.232834339141846
Step: 4988928	Mean reward: 33.125, 	Mean reward done: 4.66184139251709
Step: 4997120	Mean reward: 36.875, 	Mean reward done: 4.646723747253418
Step: 5005312	Mean reward: 33.75, 	Mean reward done: 4.975717067718506
Step: 5013504	Mean reward: 38.4375, 	Mean reward done: 5.3061699867248535
Step: 5021696	Mean reward: 43.125, 	Mean reward done: 5.377834796905518
Step: 5029888	Mean reward: 39.0625, 	Mean reward done: 5.4718427658081055
Step: 5038080	Mean reward: 32.8125, 	Mean reward done: 4.901388645172119
Step: 5046272	Mean reward: 38.75, 	Mean reward done: 5.5857672691345215
Step: 5054464	Mean reward: 38.4375, 	Mean reward done: 5.18016242980957
Step: 5062656	Mean reward: 34.6875, 	Mean reward done: 5.283843040466309
Step: 5070848	Mean reward: 37.8125, 	Mean reward done: 5.217456817626953
Step: 5079040	Mean reward: 34.375, 	Mean reward done: 5.175356864929199
Step: 5087232	Mean reward: 42.5, 	Mean reward done: 5.4129319190979
Step: 5095424	Mean reward: 40.0, 	Mean reward done: 5.485886096954346
Step: 5103616	Mean reward: 34.375, 	Mean reward done: 5.270257472991943
Step: 5111808	Mean reward: 38.125, 	Mean reward done: 5.177184104919434
Step: 5120000	Mean reward: 39.0625, 	Mean reward done: 5.480972766876221
Step: 5128192	Mean reward: 32.1875, 	Mean reward done: 4.8592610359191895
Step: 5136384	Mean reward: 33.4375, 	Mean reward done: 4.282249450683594
Step: 5144576	Mean reward: 34.6875, 	Mean reward done: 4.410885810852051
Step: 5152768	Mean reward: 39.0625, 	Mean reward done: 5.206045150756836
Step: 5160960	Mean reward: 45.0, 	Mean reward done: 5.740751266479492
Step: 5169152	Mean reward: 35.3125, 	Mean reward done: 5.072180271148682
Step: 5177344	Mean reward: 35.0, 	Mean reward done: 5.085709095001221
Step: 5185536	Mean reward: 33.4375, 	Mean reward done: 4.683239936828613
Step: 5193728	Mean reward: 28.75, 	Mean reward done: 4.517003536224365
Step: 5201920	Mean reward: 29.0625, 	Mean reward done: 3.9543488025665283
Step: 5210112	Mean reward: 30.625, 	Mean reward done: 4.517497539520264
Step: 5218304	Mean reward: 24.6875, 	Mean reward done: 3.805607557296753
Step: 5226496	Mean reward: 26.25, 	Mean reward done: 3.870711326599121
Step: 5234688	Mean reward: 28.75, 	Mean reward done: 3.875369071960449
Step: 5242880	Mean reward: 30.0, 	Mean reward done: 4.314337730407715
Step: 5251072	Mean reward: 37.5, 	Mean reward done: 5.288516998291016
Step: 5259264	Mean reward: 37.5, 	Mean reward done: 5.400121688842773
Step: 5267456	Mean reward: 37.5, 	Mean reward done: 5.014153957366943
Step: 5275648	Mean reward: 32.5, 	Mean reward done: 4.823410987854004
Step: 5283840	Mean reward: 31.5625, 	Mean reward done: 4.507194519042969
Step: 5292032	Mean reward: 31.5625, 	Mean reward done: 4.927891731262207
Step: 5300224	Mean reward: 35.3125, 	Mean reward done: 4.834198474884033
Step: 5308416	Mean reward: 33.75, 	Mean reward done: 5.083061695098877
Step: 5316608	Mean reward: 30.625, 	Mean reward done: 4.7494215965271
Step: 5324800	Mean reward: 32.5, 	Mean reward done: 4.579033374786377
Step: 5332992	Mean reward: 33.125, 	Mean reward done: 5.04673957824707
Step: 5341184	Mean reward: 35.9375, 	Mean reward done: 5.093798637390137
Step: 5349376	Mean reward: 30.625, 	Mean reward done: 5.010603904724121
Step: 5357568	Mean reward: 37.1875, 	Mean reward done: 5.472174167633057
Step: 5365760	Mean reward: 31.25, 	Mean reward done: 5.022779941558838
Step: 5373952	Mean reward: 38.4375, 	Mean reward done: 5.269600868225098
Step: 5382144	Mean reward: 29.375, 	Mean reward done: 4.804011344909668
Step: 5390336	Mean reward: 30.625, 	Mean reward done: 4.327735424041748
Step: 5398528	Mean reward: 32.5, 	Mean reward done: 4.605180263519287
Step: 5406720	Mean reward: 30.3125, 	Mean reward done: 4.75255823135376
Step: 5414912	Mean reward: 37.5, 	Mean reward done: 5.793434143066406
Step: 5423104	Mean reward: 35.625, 	Mean reward done: 5.326413631439209
Step: 5431296	Mean reward: 37.8125, 	Mean reward done: 5.431211471557617
Step: 5439488	Mean reward: 34.375, 	Mean reward done: 4.745230197906494
Step: 5447680	Mean reward: 30.9375, 	Mean reward done: 4.7734785079956055
Step: 5455872	Mean reward: 31.25, 	Mean reward done: 4.673068523406982
Step: 5464064	Mean reward: 31.5625, 	Mean reward done: 4.666007995605469
Step: 5472256	Mean reward: 27.5, 	Mean reward done: 4.4349846839904785
Step: 5480448	Mean reward: 31.875, 	Mean reward done: 4.667025089263916
Step: 5488640	Mean reward: 24.0625, 	Mean reward done: 3.8441436290740967
Step: 5496832	Mean reward: 29.6875, 	Mean reward done: 4.1742424964904785
Step: 5505024	Mean reward: 34.375, 	Mean reward done: 5.038058280944824
Step: 5513216	Mean reward: 34.375, 	Mean reward done: 5.153569221496582
Step: 5521408	Mean reward: 36.25, 	Mean reward done: 5.324344158172607
Step: 5529600	Mean reward: 34.375, 	Mean reward done: 5.234376430511475
Step: 5537792	Mean reward: 30.0, 	Mean reward done: 4.842524528503418
Step: 5545984	Mean reward: 31.25, 	Mean reward done: 5.113402366638184
Step: 5554176	Mean reward: 32.1875, 	Mean reward done: 4.4897027015686035
Step: 5562368	Mean reward: 30.0, 	Mean reward done: 4.714183807373047
Step: 5570560	Mean reward: 30.9375, 	Mean reward done: 4.715064525604248
Step: 5578752	Mean reward: 40.0, 	Mean reward done: 5.67449951171875
Step: 5586944	Mean reward: 42.5, 	Mean reward done: 5.2720417976379395
Step: 5595136	Mean reward: 30.9375, 	Mean reward done: 4.327913761138916
Step: 5603328	Mean reward: 32.8125, 	Mean reward done: 4.813502788543701
Step: 5611520	Mean reward: 34.0625, 	Mean reward done: 4.689747333526611
Step: 5619712	Mean reward: 37.1875, 	Mean reward done: 4.851855754852295
Step: 5627904	Mean reward: 40.9375, 	Mean reward done: 5.6612420082092285
Step: 5636096	Mean reward: 37.5, 	Mean reward done: 5.422054290771484
Step: 5644288	Mean reward: 33.75, 	Mean reward done: 5.2311248779296875
Step: 5652480	Mean reward: 39.6875, 	Mean reward done: 5.500670433044434
Step: 5660672	Mean reward: 39.375, 	Mean reward done: 5.42908239364624
Step: 5668864	Mean reward: 35.0, 	Mean reward done: 5.084047794342041
Step: 5677056	Mean reward: 35.625, 	Mean reward done: 5.083065032958984
Step: 5685248	Mean reward: 34.0625, 	Mean reward done: 4.966823101043701
Step: 5693440	Mean reward: 30.9375, 	Mean reward done: 4.626596450805664
Step: 5701632	Mean reward: 30.3125, 	Mean reward done: 4.929111480712891
Step: 5709824	Mean reward: 39.375, 	Mean reward done: 5.71808385848999
Step: 5718016	Mean reward: 34.0625, 	Mean reward done: 5.013998508453369
Step: 5726208	Mean reward: 38.4375, 	Mean reward done: 5.46183443069458
Step: 5734400	Mean reward: 39.6875, 	Mean reward done: 5.455948829650879
Step: 5742592	Mean reward: 43.75, 	Mean reward done: 6.097874641418457
Step: 5750784	Mean reward: 39.375, 	Mean reward done: 5.611011505126953
Step: 5758976	Mean reward: 45.3125, 	Mean reward done: 6.0348896980285645
Step: 5767168	Mean reward: 40.3125, 	Mean reward done: 5.792336940765381
Step: 5775360	Mean reward: 35.3125, 	Mean reward done: 5.175279140472412
Step: 5783552	Mean reward: 33.75, 	Mean reward done: 5.130436897277832
Step: 5791744	Mean reward: 37.1875, 	Mean reward done: 4.749698638916016
Step: 5799936	Mean reward: 33.125, 	Mean reward done: 4.8219170570373535
Step: 5808128	Mean reward: 35.3125, 	Mean reward done: 4.823240280151367
Step: 5816320	Mean reward: 42.8125, 	Mean reward done: 6.112870216369629
Step: 5824512	Mean reward: 41.25, 	Mean reward done: 5.5158305168151855
Step: 5832704	Mean reward: 39.375, 	Mean reward done: 5.397219181060791
Step: 5840896	Mean reward: 43.4375, 	Mean reward done: 5.700772762298584
Step: 5849088	Mean reward: 45.3125, 	Mean reward done: 6.18209981918335
Step: 5857280	Mean reward: 43.4375, 	Mean reward done: 5.835562705993652
Step: 5865472	Mean reward: 38.75, 	Mean reward done: 5.481411457061768
Step: 5873664	Mean reward: 40.625, 	Mean reward done: 5.729179382324219
Step: 5881856	Mean reward: 37.1875, 	Mean reward done: 5.489310264587402
Step: 5890048	Mean reward: 35.9375, 	Mean reward done: 5.548791408538818
Step: 5898240	Mean reward: 38.125, 	Mean reward done: 5.673332691192627
Step: 5906432	Mean reward: 39.6875, 	Mean reward done: 5.649882793426514
Step: 5914624	Mean reward: 34.6875, 	Mean reward done: 5.630224704742432
Step: 5922816	Mean reward: 37.8125, 	Mean reward done: 5.568605899810791
Step: 5931008	Mean reward: 42.8125, 	Mean reward done: 5.7121901512146
Step: 5939200	Mean reward: 43.125, 	Mean reward done: 5.842176914215088
Step: 5947392	Mean reward: 38.75, 	Mean reward done: 5.249510288238525
Step: 5955584	Mean reward: 42.1875, 	Mean reward done: 5.732860088348389
Step: 5963776	Mean reward: 37.8125, 	Mean reward done: 5.682777404785156
Step: 5971968	Mean reward: 36.875, 	Mean reward done: 5.492191791534424
Step: 5980160	Mean reward: 40.0, 	Mean reward done: 5.10484504699707
Step: 5988352	Mean reward: 35.0, 	Mean reward done: 5.177657127380371
Step: 5996544	Mean reward: 38.125, 	Mean reward done: 5.421664237976074
Step: 6004736	Mean reward: 38.75, 	Mean reward done: 5.511852741241455
Step: 6012928	Mean reward: 35.3125, 	Mean reward done: 5.020782470703125
Step: 6021120	Mean reward: 35.9375, 	Mean reward done: 5.461935997009277
Step: 6029312	Mean reward: 39.0625, 	Mean reward done: 5.148490905761719
Step: 6037504	Mean reward: 37.1875, 	Mean reward done: 5.178496837615967
Step: 6045696	Mean reward: 32.5, 	Mean reward done: 4.825230598449707
Step: 6053888	Mean reward: 40.0, 	Mean reward done: 5.202308654785156
Step: 6062080	Mean reward: 36.5625, 	Mean reward done: 4.8327436447143555
Step: 6070272	Mean reward: 30.9375, 	Mean reward done: 4.830020904541016
Step: 6078464	Mean reward: 37.1875, 	Mean reward done: 5.034770488739014
Step: 6086656	Mean reward: 35.9375, 	Mean reward done: 5.169938564300537
Step: 6094848	Mean reward: 33.125, 	Mean reward done: 4.610110282897949
Step: 6103040	Mean reward: 37.5, 	Mean reward done: 5.323243141174316
Step: 6111232	Mean reward: 35.625, 	Mean reward done: 5.116509437561035
Step: 6119424	Mean reward: 36.875, 	Mean reward done: 5.173535346984863
Step: 6127616	Mean reward: 37.8125, 	Mean reward done: 5.07041597366333
Step: 6135808	Mean reward: 33.125, 	Mean reward done: 4.698075294494629
Step: 6144000	Mean reward: 36.25, 	Mean reward done: 5.005677223205566
Step: 6152192	Mean reward: 33.75, 	Mean reward done: 4.601342678070068
Step: 6160384	Mean reward: 35.9375, 	Mean reward done: 4.994667053222656
Step: 6168576	Mean reward: 32.5, 	Mean reward done: 4.839549541473389
Step: 6176768	Mean reward: 36.25, 	Mean reward done: 5.075277328491211
Step: 6184960	Mean reward: 32.5, 	Mean reward done: 4.842841148376465
Step: 6193152	Mean reward: 36.5625, 	Mean reward done: 5.230586528778076
Step: 6201344	Mean reward: 33.4375, 	Mean reward done: 4.764237403869629
Step: 6209536	Mean reward: 32.8125, 	Mean reward done: 4.574821949005127
Step: 6217728	Mean reward: 41.25, 	Mean reward done: 5.528898239135742
Step: 6225920	Mean reward: 35.9375, 	Mean reward done: 4.9082794189453125
Step: 6234112	Mean reward: 31.5625, 	Mean reward done: 4.708864688873291
Step: 6242304	Mean reward: 25.9375, 	Mean reward done: 4.086696147918701
Step: 6250496	Mean reward: 26.5625, 	Mean reward done: 3.9655697345733643
Step: 6258688	Mean reward: 29.0625, 	Mean reward done: 4.340120792388916
Step: 6266880	Mean reward: 34.6875, 	Mean reward done: 4.8283562660217285
Step: 6275072	Mean reward: 33.125, 	Mean reward done: 5.10656213760376
Step: 6283264	Mean reward: 35.0, 	Mean reward done: 5.041382312774658
Step: 6291456	Mean reward: 35.3125, 	Mean reward done: 4.983253002166748
Step: 6299648	Mean reward: 25.9375, 	Mean reward done: 4.350250244140625
Step: 6307840	Mean reward: 26.25, 	Mean reward done: 4.464639186859131
Step: 6316032	Mean reward: 36.5625, 	Mean reward done: 4.967971324920654
Step: 6324224	Mean reward: 37.8125, 	Mean reward done: 5.414422512054443
Step: 6332416	Mean reward: 34.0625, 	Mean reward done: 5.225458145141602
Step: 6340608	Mean reward: 36.5625, 	Mean reward done: 4.976109504699707
Step: 6348800	Mean reward: 34.6875, 	Mean reward done: 5.021196365356445
Step: 6356992	Mean reward: 33.125, 	Mean reward done: 4.828397274017334
Step: 6365184	Mean reward: 39.6875, 	Mean reward done: 5.480169296264648
Step: 6373376	Mean reward: 39.0625, 	Mean reward done: 5.2193756103515625
Step: 6381568	Mean reward: 37.5, 	Mean reward done: 5.31829309463501
Step: 6389760	Mean reward: 33.125, 	Mean reward done: 4.826283931732178
Step: 6397952	Mean reward: 32.1875, 	Mean reward done: 4.933725357055664
Step: 6406144	Mean reward: 36.5625, 	Mean reward done: 5.490227699279785
Step: 6414336	Mean reward: 32.8125, 	Mean reward done: 5.05393123626709
Step: 6422528	Mean reward: 33.125, 	Mean reward done: 5.0542402267456055
Step: 6430720	Mean reward: 33.4375, 	Mean reward done: 4.9993462562561035
Step: 6438912	Mean reward: 40.625, 	Mean reward done: 5.486215591430664
Step: 6447104	Mean reward: 36.5625, 	Mean reward done: 5.394619941711426
Step: 6455296	Mean reward: 43.4375, 	Mean reward done: 5.596273422241211
Step: 6463488	Mean reward: 37.8125, 	Mean reward done: 5.467392921447754
Step: 6471680	Mean reward: 36.875, 	Mean reward done: 5.323620796203613
Step: 6479872	Mean reward: 29.6875, 	Mean reward done: 4.668443202972412
Step: 6488064	Mean reward: 31.25, 	Mean reward done: 4.311534404754639
Step: 6496256	Mean reward: 31.5625, 	Mean reward done: 4.611814022064209
Step: 6504448	Mean reward: 32.5, 	Mean reward done: 4.46085262298584
Step: 6512640	Mean reward: 32.5, 	Mean reward done: 4.880336761474609
Step: 6520832	Mean reward: 33.125, 	Mean reward done: 4.558234691619873
Step: 6529024	Mean reward: 37.5, 	Mean reward done: 5.178564071655273
Step: 6537216	Mean reward: 31.5625, 	Mean reward done: 4.9435014724731445
Step: 6545408	Mean reward: 33.75, 	Mean reward done: 4.370008945465088
Step: 6553600	Mean reward: 25.625, 	Mean reward done: 3.9820730686187744
Step: 6561792	Mean reward: 30.0, 	Mean reward done: 4.502753734588623
Step: 6569984	Mean reward: 33.75, 	Mean reward done: 4.605739593505859
Step: 6578176	Mean reward: 31.25, 	Mean reward done: 4.695215225219727
Step: 6586368	Mean reward: 37.1875, 	Mean reward done: 5.421881675720215
Step: 6594560	Mean reward: 34.6875, 	Mean reward done: 4.973701477050781
Step: 6602752	Mean reward: 38.4375, 	Mean reward done: 5.199793338775635
Step: 6610944	Mean reward: 34.0625, 	Mean reward done: 5.008619785308838
Step: 6619136	Mean reward: 33.75, 	Mean reward done: 4.767655372619629
Step: 6627328	Mean reward: 38.4375, 	Mean reward done: 5.106186389923096
Step: 6635520	Mean reward: 32.1875, 	Mean reward done: 4.728961944580078
Step: 6643712	Mean reward: 35.0, 	Mean reward done: 4.7775654792785645
Step: 6651904	Mean reward: 33.4375, 	Mean reward done: 4.53377628326416
Step: 6660096	Mean reward: 33.4375, 	Mean reward done: 4.888521671295166
Step: 6668288	Mean reward: 36.875, 	Mean reward done: 5.365550994873047
Step: 6676480	Mean reward: 40.9375, 	Mean reward done: 5.471257209777832
Step: 6684672	Mean reward: 39.0625, 	Mean reward done: 5.053547382354736
Step: 6692864	Mean reward: 32.1875, 	Mean reward done: 4.8015241622924805
Step: 6701056	Mean reward: 39.375, 	Mean reward done: 5.038539409637451
Step: 6709248	Mean reward: 32.1875, 	Mean reward done: 4.4628825187683105
Step: 6717440	Mean reward: 29.6875, 	Mean reward done: 4.542448997497559
Step: 6725632	Mean reward: 30.0, 	Mean reward done: 4.314178466796875
Step: 6733824	Mean reward: 33.75, 	Mean reward done: 4.818561553955078
Step: 6742016	Mean reward: 35.0, 	Mean reward done: 4.863330841064453
Step: 6750208	Mean reward: 39.375, 	Mean reward done: 5.392921447753906
Step: 6758400	Mean reward: 29.6875, 	Mean reward done: 4.9518938064575195
Step: 6766592	Mean reward: 32.1875, 	Mean reward done: 4.995361804962158
Step: 6774784	Mean reward: 29.6875, 	Mean reward done: 4.380544662475586
Step: 6782976	Mean reward: 34.6875, 	Mean reward done: 4.884887218475342
Step: 6791168	Mean reward: 34.0625, 	Mean reward done: 4.747375011444092
Step: 6799360	Mean reward: 33.75, 	Mean reward done: 4.768685340881348
Step: 6807552	Mean reward: 29.375, 	Mean reward done: 4.023869514465332
Step: 6815744	Mean reward: 21.5625, 	Mean reward done: 3.083014488220215
Step: 6823936	Mean reward: 26.5625, 	Mean reward done: 3.676058530807495
Step: 6832128	Mean reward: 31.5625, 	Mean reward done: 4.614652156829834
Step: 6840320	Mean reward: 35.625, 	Mean reward done: 5.083802223205566
Step: 6848512	Mean reward: 35.625, 	Mean reward done: 5.421875953674316
Step: 6856704	Mean reward: 34.0625, 	Mean reward done: 5.384167194366455
Step: 6864896	Mean reward: 29.6875, 	Mean reward done: 4.910025119781494
Step: 6873088	Mean reward: 26.875, 	Mean reward done: 4.042667388916016
Step: 6881280	Mean reward: 29.6875, 	Mean reward done: 3.947441339492798
Step: 6889472	Mean reward: 31.5625, 	Mean reward done: 4.349515914916992
Step: 6897664	Mean reward: 28.125, 	Mean reward done: 4.315130710601807
Step: 6905856	Mean reward: 32.8125, 	Mean reward done: 4.792336463928223
Step: 6914048	Mean reward: 33.125, 	Mean reward done: 4.7616071701049805
Step: 6922240	Mean reward: 34.375, 	Mean reward done: 4.8008551597595215
Step: 6930432	Mean reward: 34.0625, 	Mean reward done: 4.9627790451049805
Step: 6938624	Mean reward: 40.625, 	Mean reward done: 5.241156578063965
Step: 6946816	Mean reward: 32.5, 	Mean reward done: 4.813419818878174
Step: 6955008	Mean reward: 28.125, 	Mean reward done: 4.4206061363220215
Step: 6963200	Mean reward: 25.9375, 	Mean reward done: 3.808974504470825
Step: 6971392	Mean reward: 31.25, 	Mean reward done: 4.303188323974609
Step: 6979584	Mean reward: 31.875, 	Mean reward done: 4.483585357666016
Step: 6987776	Mean reward: 31.5625, 	Mean reward done: 4.368159294128418
Step: 6995968	Mean reward: 33.125, 	Mean reward done: 4.439347743988037
Step: 7004160	Mean reward: 32.8125, 	Mean reward done: 4.822536468505859
Step: 7012352	Mean reward: 38.125, 	Mean reward done: 5.049447059631348
Step: 7020544	Mean reward: 33.125, 	Mean reward done: 5.126007080078125
Step: 7028736	Mean reward: 35.625, 	Mean reward done: 5.0510406494140625
Step: 7036928	Mean reward: 37.8125, 	Mean reward done: 5.515530109405518
Step: 7045120	Mean reward: 37.1875, 	Mean reward done: 5.278640270233154
Step: 7053312	Mean reward: 41.5625, 	Mean reward done: 5.593524932861328
Step: 7061504	Mean reward: 41.5625, 	Mean reward done: 5.54763126373291
Step: 7069696	Mean reward: 36.25, 	Mean reward done: 5.152652263641357
Step: 7077888	Mean reward: 45.625, 	Mean reward done: 5.800599575042725
Step: 7086080	Mean reward: 40.3125, 	Mean reward done: 5.768548011779785
Step: 7094272	Mean reward: 41.25, 	Mean reward done: 5.708891868591309
Step: 7102464	Mean reward: 42.1875, 	Mean reward done: 5.726395606994629
Step: 7110656	Mean reward: 32.8125, 	Mean reward done: 4.6533308029174805
Step: 7118848	Mean reward: 39.375, 	Mean reward done: 5.355595111846924
Step: 7127040	Mean reward: 40.0, 	Mean reward done: 5.175888538360596
Step: 7135232	Mean reward: 33.75, 	Mean reward done: 5.2281107902526855
Step: 7143424	Mean reward: 42.5, 	Mean reward done: 5.684362411499023
Step: 7151616	Mean reward: 37.5, 	Mean reward done: 5.347933292388916
Step: 7159808	Mean reward: 34.0625, 	Mean reward done: 4.774231433868408
Step: 7168000	Mean reward: 37.8125, 	Mean reward done: 5.34278678894043
Step: 7176192	Mean reward: 43.75, 	Mean reward done: 6.083637237548828
Step: 7184384	Mean reward: 45.9375, 	Mean reward done: 6.07370138168335
Step: 7192576	Mean reward: 33.4375, 	Mean reward done: 5.56029748916626
Step: 7200768	Mean reward: 41.5625, 	Mean reward done: 5.917576313018799
Step: 7208960	Mean reward: 41.25, 	Mean reward done: 5.592456817626953
Step: 7217152	Mean reward: 41.5625, 	Mean reward done: 5.919164657592773
Step: 7225344	Mean reward: 40.9375, 	Mean reward done: 5.8154401779174805
Step: 7233536	Mean reward: 37.5, 	Mean reward done: 5.1389546394348145
Step: 7241728	Mean reward: 38.75, 	Mean reward done: 5.523329734802246
Step: 7249920	Mean reward: 26.875, 	Mean reward done: 4.090345859527588
Step: 7258112	Mean reward: 33.75, 	Mean reward done: 4.737346649169922
Step: 7266304	Mean reward: 35.3125, 	Mean reward done: 4.772131443023682
Step: 7274496	Mean reward: 34.375, 	Mean reward done: 4.836643695831299
Step: 7282688	Mean reward: 38.4375, 	Mean reward done: 5.233818054199219
Step: 7290880	Mean reward: 31.5625, 	Mean reward done: 4.367348670959473
Step: 7299072	Mean reward: 38.125, 	Mean reward done: 5.044250011444092
Step: 7307264	Mean reward: 38.125, 	Mean reward done: 5.305880069732666
Step: 7315456	Mean reward: 42.5, 	Mean reward done: 5.5400004386901855
Step: 7323648	Mean reward: 33.125, 	Mean reward done: 4.861692905426025
Step: 7331840	Mean reward: 34.0625, 	Mean reward done: 5.059966087341309
Step: 7340032	Mean reward: 34.375, 	Mean reward done: 4.794581413269043
Step: 7348224	Mean reward: 29.6875, 	Mean reward done: 4.633721351623535
Step: 7356416	Mean reward: 35.0, 	Mean reward done: 4.895200252532959
Step: 7364608	Mean reward: 33.4375, 	Mean reward done: 4.567927837371826
Step: 7372800	Mean reward: 31.25, 	Mean reward done: 4.555706977844238
Step: 7380992	Mean reward: 25.3125, 	Mean reward done: 3.98547101020813
Step: 7389184	Mean reward: 40.9375, 	Mean reward done: 4.97030782699585
Step: 7397376	Mean reward: 37.8125, 	Mean reward done: 5.2089996337890625
Step: 7405568	Mean reward: 37.8125, 	Mean reward done: 4.717641830444336
Step: 7413760	Mean reward: 34.375, 	Mean reward done: 4.676530361175537
Step: 7421952	Mean reward: 29.6875, 	Mean reward done: 4.7267279624938965
Step: 7430144	Mean reward: 32.1875, 	Mean reward done: 4.545189380645752
Step: 7438336	Mean reward: 29.375, 	Mean reward done: 4.194680213928223
Step: 7446528	Mean reward: 31.5625, 	Mean reward done: 4.48088264465332
Step: 7454720	Mean reward: 25.0, 	Mean reward done: 3.6998252868652344
Step: 7462912	Mean reward: 25.625, 	Mean reward done: 4.040673732757568
Step: 7471104	Mean reward: 30.9375, 	Mean reward done: 4.067689895629883
Step: 7479296	Mean reward: 26.5625, 	Mean reward done: 3.7620067596435547
Step: 7487488	Mean reward: 37.5, 	Mean reward done: 5.2233781814575195
Step: 7495680	Mean reward: 34.0625, 	Mean reward done: 4.8293681144714355
Step: 7503872	Mean reward: 38.125, 	Mean reward done: 5.1970977783203125
Step: 7512064	Mean reward: 33.4375, 	Mean reward done: 4.596838474273682
Step: 7520256	Mean reward: 25.9375, 	Mean reward done: 4.08725643157959
Step: 7528448	Mean reward: 34.6875, 	Mean reward done: 5.107151508331299
Step: 7536640	Mean reward: 23.75, 	Mean reward done: 4.296956539154053
Step: 7544832	Mean reward: 31.5625, 	Mean reward done: 4.384919166564941
Step: 7553024	Mean reward: 28.4375, 	Mean reward done: 4.314276218414307
Step: 7561216	Mean reward: 30.3125, 	Mean reward done: 4.932586193084717
Step: 7569408	Mean reward: 33.4375, 	Mean reward done: 5.1139140129089355
Step: 7577600	Mean reward: 32.5, 	Mean reward done: 4.962334632873535
Step: 7585792	Mean reward: 34.6875, 	Mean reward done: 4.962558746337891
Step: 7593984	Mean reward: 32.1875, 	Mean reward done: 4.896941661834717
Step: 7602176	Mean reward: 33.125, 	Mean reward done: 4.6935625076293945
Step: 7610368	Mean reward: 27.5, 	Mean reward done: 3.986292600631714
Step: 7618560	Mean reward: 34.6875, 	Mean reward done: 4.831718444824219
Step: 7626752	Mean reward: 33.75, 	Mean reward done: 4.761791229248047
Step: 7634944	Mean reward: 35.9375, 	Mean reward done: 4.885576248168945
Step: 7643136	Mean reward: 35.625, 	Mean reward done: 5.006728649139404
Step: 7651328	Mean reward: 34.6875, 	Mean reward done: 4.649764537811279
Step: 7659520	Mean reward: 25.0, 	Mean reward done: 4.070953845977783
Step: 7667712	Mean reward: 29.0625, 	Mean reward done: 4.56927490234375
Step: 7675904	Mean reward: 33.75, 	Mean reward done: 4.346334934234619
Step: 7684096	Mean reward: 32.5, 	Mean reward done: 5.238974571228027
Step: 7692288	Mean reward: 43.75, 	Mean reward done: 5.165831089019775
Step: 7700480	Mean reward: 33.4375, 	Mean reward done: 5.1103105545043945
Step: 7708672	Mean reward: 38.125, 	Mean reward done: 5.084113597869873
Step: 7716864	Mean reward: 42.8125, 	Mean reward done: 5.842968463897705
Step: 7725056	Mean reward: 27.5, 	Mean reward done: 4.511384010314941
Step: 7733248	Mean reward: 35.0, 	Mean reward done: 5.024437427520752
Step: 7741440	Mean reward: 36.25, 	Mean reward done: 5.159933090209961
Step: 7749632	Mean reward: 43.4375, 	Mean reward done: 5.733813762664795
Step: 7757824	Mean reward: 37.1875, 	Mean reward done: 5.65596342086792
Step: 7766016	Mean reward: 45.9375, 	Mean reward done: 5.805645942687988
Step: 7774208	Mean reward: 39.6875, 	Mean reward done: 5.733724117279053
Step: 7782400	Mean reward: 42.8125, 	Mean reward done: 5.9735589027404785
Step: 7790592	Mean reward: 40.9375, 	Mean reward done: 6.103233337402344
Step: 7798784	Mean reward: 40.9375, 	Mean reward done: 5.740165710449219
Step: 7806976	Mean reward: 41.5625, 	Mean reward done: 5.740375995635986
Step: 7815168	Mean reward: 45.0, 	Mean reward done: 5.868614673614502
Step: 7823360	Mean reward: 39.0625, 	Mean reward done: 5.6425347328186035
Step: 7831552	Mean reward: 40.3125, 	Mean reward done: 6.125601291656494
Step: 7839744	Mean reward: 39.6875, 	Mean reward done: 5.610525608062744
Step: 7847936	Mean reward: 44.0625, 	Mean reward done: 5.603507995605469
Step: 7856128	Mean reward: 32.8125, 	Mean reward done: 4.820696830749512
Step: 7864320	Mean reward: 40.3125, 	Mean reward done: 5.405492782592773
Step: 7872512	Mean reward: 36.25, 	Mean reward done: 5.320802211761475
Step: 7880704	Mean reward: 39.6875, 	Mean reward done: 5.178037166595459
Step: 7888896	Mean reward: 41.25, 	Mean reward done: 5.706589698791504
Step: 7897088	Mean reward: 35.9375, 	Mean reward done: 5.212912559509277
Step: 7905280	Mean reward: 34.6875, 	Mean reward done: 4.8833465576171875
Step: 7913472	Mean reward: 30.9375, 	Mean reward done: 4.490499019622803
Step: 7921664	Mean reward: 28.75, 	Mean reward done: 4.510726451873779
Step: 7929856	Mean reward: 36.25, 	Mean reward done: 4.746118545532227
Step: 7938048	Mean reward: 31.5625, 	Mean reward done: 4.919877529144287
Step: 7946240	Mean reward: 38.125, 	Mean reward done: 5.222339153289795
Step: 7954432	Mean reward: 35.0, 	Mean reward done: 4.933032035827637
Step: 7962624	Mean reward: 37.1875, 	Mean reward done: 5.201079845428467
Step: 7970816	Mean reward: 34.6875, 	Mean reward done: 5.051148414611816
Step: 7979008	Mean reward: 35.625, 	Mean reward done: 4.786474704742432
Step: 7987200	Mean reward: 26.5625, 	Mean reward done: 4.130613803863525
Step: 7995392	Mean reward: 25.9375, 	Mean reward done: 3.888882637023926
Step: 8003584	Mean reward: 28.75, 	Mean reward done: 4.349123954772949
Completed training of sd_n_rc_cr!

------------------------------------------------------------
Sender: LSF System <lsfadmin@n-62-20-14>
Subject: Job 8473445: <sd_n_rc_cr> in cluster <dcc> Done

Job <sd_n_rc_cr> was submitted from host <n-62-30-4> by user <s192288> in cluster <dcc> at Thu Dec  3 20:33:19 2020
Job was executed on host(s) <n-62-20-14>, in queue <gpuv100>, as user <s192288> in cluster <dcc> at Fri Dec  4 03:51:42 2020
</zhome/09/9/144141> was used as the home directory.
</zhome/09/9/144141/Desktop/Deep_l_hpc> was used as the working directory.
Started at Fri Dec  4 03:51:42 2020
Terminated at Fri Dec  4 09:19:47 2020
Results reported at Fri Dec  4 09:19:47 2020

Your job looked like:

------------------------------------------------------------
# LSBATCH: User input
#!/bin/sh

#BSUB -J sd_n_rc_cr

#BSUB -q gpuv100

#BSUB -gpu "num=1"

#BSUB -n 1

#BSUB -W 23:45

#BSUB -R "rusage[mem=16GB]"

#BSUB -o sd_n_rc_cr.out

#BSUB -e sd_n_rc_cr.err

# Load modules

module load python3/3.8.2
module load cuda/8.0
module load cudnn/v7.0-prod-cuda8
module load ffmpeg/4.2.2
pip3 install --user torch matplotlib procgen gym 

# 1 = model_name, 2 = encoder_index, 3 = aug_index, 4 = mix_reg, 5 = game
#the name of the run
#encoder_index 0 = Impala, 1 = Nature  
#aug_index: 0 = None, 1 = grayscale, 2 = random_cutout, 3 = color_jitter
#mixreg: 0 = False, 1 = True 
#type of game

python3 train_ppo.py sd_n_rc_cr 1 2 0 coinrun 



------------------------------------------------------------

Successfully completed.

Resource usage summary:

    CPU time :                                   19585.35 sec.
    Max Memory :                                 9107 MB
    Average Memory :                             9062.84 MB
    Total Requested Memory :                     16384.00 MB
    Delta Memory :                               7277.00 MB
    Max Swap :                                   -
    Max Processes :                              4
    Max Threads :                                13
    Run time :                                   19685 sec.
    Turnaround time :                            45988 sec.

The output (if any) is above this job summary.



PS:

Read file <sd_n_rc_cr.err> for stderr output of this job.

