Requirement already satisfied: torch in /zhome/09/9/144141/.local/lib/python3.8/site-packages (1.7.0)
Requirement already satisfied: matplotlib in /zhome/09/9/144141/.local/lib/python3.8/site-packages (3.3.3)
Requirement already satisfied: procgen in /zhome/09/9/144141/.local/lib/python3.8/site-packages (0.10.4)
Requirement already satisfied: gym in /zhome/09/9/144141/.local/lib/python3.8/site-packages (0.17.3)
Requirement already satisfied: future in /zhome/09/9/144141/.local/lib/python3.8/site-packages (from torch) (0.18.2)
Requirement already satisfied: typing-extensions in /zhome/09/9/144141/.local/lib/python3.8/site-packages (from torch) (3.7.4.3)
Requirement already satisfied: numpy in /zhome/09/9/144141/.local/lib/python3.8/site-packages (from torch) (1.19.4)
Requirement already satisfied: dataclasses in /zhome/09/9/144141/.local/lib/python3.8/site-packages (from torch) (0.6)
Requirement already satisfied: pyparsing!=2.0.4,!=2.1.2,!=2.1.6,>=2.0.3 in /zhome/09/9/144141/.local/lib/python3.8/site-packages (from matplotlib) (2.4.7)
Requirement already satisfied: pillow>=6.2.0 in /zhome/09/9/144141/.local/lib/python3.8/site-packages (from matplotlib) (8.0.1)
Requirement already satisfied: kiwisolver>=1.0.1 in /zhome/09/9/144141/.local/lib/python3.8/site-packages (from matplotlib) (1.3.1)
Requirement already satisfied: cycler>=0.10 in /zhome/09/9/144141/.local/lib/python3.8/site-packages (from matplotlib) (0.10.0)
Requirement already satisfied: python-dateutil>=2.1 in /zhome/09/9/144141/.local/lib/python3.8/site-packages (from matplotlib) (2.8.1)
Requirement already satisfied: filelock<4.0.0,>=3.0.0 in /zhome/09/9/144141/.local/lib/python3.8/site-packages (from procgen) (3.0.12)
Requirement already satisfied: gym3<1.0.0,>=0.3.3 in /zhome/09/9/144141/.local/lib/python3.8/site-packages (from procgen) (0.3.3)
Requirement already satisfied: scipy in /zhome/09/9/144141/.local/lib/python3.8/site-packages (from gym) (1.5.4)
Requirement already satisfied: pyglet<=1.5.0,>=1.4.0 in /zhome/09/9/144141/.local/lib/python3.8/site-packages (from gym) (1.5.0)
Requirement already satisfied: cloudpickle<1.7.0,>=1.2.0 in /zhome/09/9/144141/.local/lib/python3.8/site-packages (from gym) (1.6.0)
Requirement already satisfied: six in /zhome/09/9/144141/.local/lib/python3.8/site-packages (from cycler>=0.10->matplotlib) (1.15.0)
Requirement already satisfied: imageio<3.0.0,>=2.6.0 in /zhome/09/9/144141/.local/lib/python3.8/site-packages (from gym3<1.0.0,>=0.3.3->procgen) (2.9.0)
Requirement already satisfied: glfw<2.0.0,>=1.8.6 in /zhome/09/9/144141/.local/lib/python3.8/site-packages (from gym3<1.0.0,>=0.3.3->procgen) (1.12.0)
Requirement already satisfied: cffi<2.0.0,>=1.13.0 in /zhome/09/9/144141/.local/lib/python3.8/site-packages (from gym3<1.0.0,>=0.3.3->procgen) (1.14.4)
Requirement already satisfied: moderngl<6.0.0,>=5.5.4 in /zhome/09/9/144141/.local/lib/python3.8/site-packages (from gym3<1.0.0,>=0.3.3->procgen) (5.6.2)
Requirement already satisfied: imageio-ffmpeg<0.4.0,>=0.3.0 in /zhome/09/9/144141/.local/lib/python3.8/site-packages (from gym3<1.0.0,>=0.3.3->procgen) (0.3.0)
Requirement already satisfied: pycparser in /zhome/09/9/144141/.local/lib/python3.8/site-packages (from cffi<2.0.0,>=1.13.0->gym3<1.0.0,>=0.3.3->procgen) (2.20)
Requirement already satisfied: glcontext<3,>=2 in /zhome/09/9/144141/.local/lib/python3.8/site-packages (from moderngl<6.0.0,>=5.5.4->gym3<1.0.0,>=0.3.3->procgen) (2.2.0)
Run name sd_n_mx_sp
Encoder used Nature
Augumentation used none
Mixreg? True
Game starpilot
Observation space: Box(0.0, 1.0, (3, 64, 64), float32)
Action space: 15
Embrace Nature!
Step: 8192	Mean reward: 5.28125, 	Mean reward done: 2.391955614089966
Estimated time of completion: 7.371493912715879 hours
Step: 16384	Mean reward: 5.09375, 	Mean reward done: 1.1994726657867432
Step: 24576	Mean reward: 4.21875, 	Mean reward done: 1.0262526273727417
Step: 32768	Mean reward: 6.84375, 	Mean reward done: 1.6010799407958984
Step: 40960	Mean reward: 6.90625, 	Mean reward done: 1.5851702690124512
Step: 49152	Mean reward: 5.875, 	Mean reward done: 1.4236100912094116
Step: 57344	Mean reward: 5.9375, 	Mean reward done: 1.4574906826019287
Step: 65536	Mean reward: 7.15625, 	Mean reward done: 1.78263258934021
Step: 73728	Mean reward: 7.625, 	Mean reward done: 1.7497655153274536
Step: 81920	Mean reward: 6.375, 	Mean reward done: 1.457890272140503
Step: 90112	Mean reward: 6.4375, 	Mean reward done: 1.349962592124939
Step: 98304	Mean reward: 7.25, 	Mean reward done: 1.4941067695617676
Step: 106496	Mean reward: 6.03125, 	Mean reward done: 1.2332258224487305
Step: 114688	Mean reward: 6.625, 	Mean reward done: 1.5885980129241943
Step: 122880	Mean reward: 7.96875, 	Mean reward done: 1.818145751953125
Step: 131072	Mean reward: 6.46875, 	Mean reward done: 1.482609748840332
Step: 139264	Mean reward: 5.875, 	Mean reward done: 1.2920761108398438
Step: 147456	Mean reward: 7.78125, 	Mean reward done: 1.7366528511047363
Step: 155648	Mean reward: 7.5625, 	Mean reward done: 1.6469590663909912
Step: 163840	Mean reward: 8.34375, 	Mean reward done: 1.916386365890503
Step: 172032	Mean reward: 8.21875, 	Mean reward done: 1.929173469543457
Step: 180224	Mean reward: 6.84375, 	Mean reward done: 1.4631906747817993
Step: 188416	Mean reward: 8.625, 	Mean reward done: 1.965240478515625
Step: 196608	Mean reward: 6.8125, 	Mean reward done: 1.4296162128448486
Step: 204800	Mean reward: 6.75, 	Mean reward done: 1.3954037427902222
Step: 212992	Mean reward: 7.71875, 	Mean reward done: 1.7068113088607788
Step: 221184	Mean reward: 6.8125, 	Mean reward done: 1.3499765396118164
Step: 229376	Mean reward: 8.25, 	Mean reward done: 1.9474284648895264
Step: 237568	Mean reward: 8.09375, 	Mean reward done: 1.7407513856887817
Step: 245760	Mean reward: 8.28125, 	Mean reward done: 1.8791751861572266
Step: 253952	Mean reward: 7.625, 	Mean reward done: 1.6147862672805786
Step: 262144	Mean reward: 8.875, 	Mean reward done: 1.8015462160110474
Step: 270336	Mean reward: 7.90625, 	Mean reward done: 1.746995210647583
Step: 278528	Mean reward: 8.65625, 	Mean reward done: 1.962125301361084
Step: 286720	Mean reward: 6.90625, 	Mean reward done: 1.5944209098815918
Step: 294912	Mean reward: 7.6875, 	Mean reward done: 1.8926620483398438
Step: 303104	Mean reward: 8.125, 	Mean reward done: 1.7934417724609375
Step: 311296	Mean reward: 7.5625, 	Mean reward done: 1.567762851715088
Step: 319488	Mean reward: 8.34375, 	Mean reward done: 1.80990469455719
Step: 327680	Mean reward: 7.53125, 	Mean reward done: 1.572213053703308
Step: 335872	Mean reward: 9.40625, 	Mean reward done: 2.122872829437256
Step: 344064	Mean reward: 9.34375, 	Mean reward done: 1.9639990329742432
Step: 352256	Mean reward: 9.03125, 	Mean reward done: 2.0391621589660645
Step: 360448	Mean reward: 8.5, 	Mean reward done: 1.7981417179107666
Step: 368640	Mean reward: 9.15625, 	Mean reward done: 2.2043564319610596
Step: 376832	Mean reward: 9.5625, 	Mean reward done: 1.954853892326355
Step: 385024	Mean reward: 9.0625, 	Mean reward done: 1.9136279821395874
Step: 393216	Mean reward: 8.5, 	Mean reward done: 1.6381043195724487
Step: 401408	Mean reward: 8.28125, 	Mean reward done: 1.7589608430862427
Step: 409600	Mean reward: 7.4375, 	Mean reward done: 1.993909239768982
Step: 417792	Mean reward: 9.34375, 	Mean reward done: 2.1029443740844727
Step: 425984	Mean reward: 9.4375, 	Mean reward done: 1.9643117189407349
Step: 434176	Mean reward: 8.46875, 	Mean reward done: 1.770105004310608
Step: 442368	Mean reward: 9.03125, 	Mean reward done: 1.8722009658813477
Step: 450560	Mean reward: 7.40625, 	Mean reward done: 1.4271372556686401
Step: 458752	Mean reward: 9.34375, 	Mean reward done: 2.111377716064453
Step: 466944	Mean reward: 9.0, 	Mean reward done: 1.8721762895584106
Step: 475136	Mean reward: 10.53125, 	Mean reward done: 2.5077176094055176
Step: 483328	Mean reward: 8.0, 	Mean reward done: 1.652722716331482
Step: 491520	Mean reward: 9.84375, 	Mean reward done: 2.0155038833618164
Step: 499712	Mean reward: 9.75, 	Mean reward done: 2.041208267211914
Step: 507904	Mean reward: 8.78125, 	Mean reward done: 1.9351023435592651
Step: 516096	Mean reward: 8.0, 	Mean reward done: 1.5384998321533203
Step: 524288	Mean reward: 9.1875, 	Mean reward done: 1.888492226600647
Step: 532480	Mean reward: 9.84375, 	Mean reward done: 1.9253414869308472
Step: 540672	Mean reward: 9.125, 	Mean reward done: 1.9164390563964844
Step: 548864	Mean reward: 10.375, 	Mean reward done: 1.984658122062683
Step: 557056	Mean reward: 11.15625, 	Mean reward done: 2.3382277488708496
Step: 565248	Mean reward: 10.4375, 	Mean reward done: 2.289210796356201
Step: 573440	Mean reward: 10.375, 	Mean reward done: 2.0931007862091064
Step: 581632	Mean reward: 10.75, 	Mean reward done: 2.2810721397399902
Step: 589824	Mean reward: 9.25, 	Mean reward done: 1.8508573770523071
Step: 598016	Mean reward: 11.75, 	Mean reward done: 2.3556010723114014
Step: 606208	Mean reward: 11.0, 	Mean reward done: 2.194855213165283
Step: 614400	Mean reward: 10.0625, 	Mean reward done: 2.2676656246185303
Step: 622592	Mean reward: 10.5, 	Mean reward done: 2.066451072692871
Step: 630784	Mean reward: 9.59375, 	Mean reward done: 1.9884079694747925
Step: 638976	Mean reward: 10.53125, 	Mean reward done: 2.170034170150757
Step: 647168	Mean reward: 10.34375, 	Mean reward done: 2.1660025119781494
Step: 655360	Mean reward: 12.1875, 	Mean reward done: 2.5269956588745117
Step: 663552	Mean reward: 9.40625, 	Mean reward done: 1.9382489919662476
Step: 671744	Mean reward: 8.53125, 	Mean reward done: 1.6647038459777832
Step: 679936	Mean reward: 10.15625, 	Mean reward done: 1.867673635482788
Step: 688128	Mean reward: 9.53125, 	Mean reward done: 1.8136636018753052
Step: 696320	Mean reward: 10.90625, 	Mean reward done: 2.2886674404144287
Step: 704512	Mean reward: 11.03125, 	Mean reward done: 2.6484534740448
Step: 712704	Mean reward: 11.625, 	Mean reward done: 2.391386032104492
Step: 720896	Mean reward: 10.125, 	Mean reward done: 2.0360939502716064
Step: 729088	Mean reward: 9.71875, 	Mean reward done: 1.9163898229599
Step: 737280	Mean reward: 10.46875, 	Mean reward done: 2.1132097244262695
Step: 745472	Mean reward: 11.0625, 	Mean reward done: 2.474729537963867
Step: 753664	Mean reward: 10.1875, 	Mean reward done: 2.1628036499023438
Step: 761856	Mean reward: 11.34375, 	Mean reward done: 2.2865712642669678
Step: 770048	Mean reward: 10.8125, 	Mean reward done: 2.225001573562622
Step: 778240	Mean reward: 10.0625, 	Mean reward done: 2.1342179775238037
Step: 786432	Mean reward: 12.0625, 	Mean reward done: 2.7743303775787354
Step: 794624	Mean reward: 11.1875, 	Mean reward done: 2.0349960327148438
Step: 802816	Mean reward: 10.34375, 	Mean reward done: 2.147869110107422
Step: 811008	Mean reward: 10.6875, 	Mean reward done: 2.1426990032196045
Step: 819200	Mean reward: 12.0, 	Mean reward done: 2.7527053356170654
Step: 827392	Mean reward: 10.40625, 	Mean reward done: 2.1965231895446777
Step: 835584	Mean reward: 10.40625, 	Mean reward done: 2.1741790771484375
Step: 843776	Mean reward: 9.375, 	Mean reward done: 2.0661637783050537
Step: 851968	Mean reward: 9.84375, 	Mean reward done: 1.9014028310775757
Step: 860160	Mean reward: 9.53125, 	Mean reward done: 2.0720763206481934
Step: 868352	Mean reward: 9.59375, 	Mean reward done: 2.1362287998199463
Step: 876544	Mean reward: 11.125, 	Mean reward done: 2.3014605045318604
Step: 884736	Mean reward: 11.25, 	Mean reward done: 2.2653379440307617
Step: 892928	Mean reward: 10.96875, 	Mean reward done: 2.263354778289795
Step: 901120	Mean reward: 9.0, 	Mean reward done: 1.7849602699279785
Step: 909312	Mean reward: 10.625, 	Mean reward done: 2.2746503353118896
Step: 917504	Mean reward: 12.5, 	Mean reward done: 3.036699056625366
Step: 925696	Mean reward: 10.78125, 	Mean reward done: 2.3330750465393066
Step: 933888	Mean reward: 10.3125, 	Mean reward done: 2.1744792461395264
Step: 942080	Mean reward: 10.03125, 	Mean reward done: 2.273428201675415
Step: 950272	Mean reward: 9.4375, 	Mean reward done: 1.953804850578308
Step: 958464	Mean reward: 11.9375, 	Mean reward done: 2.2789618968963623
Step: 966656	Mean reward: 10.53125, 	Mean reward done: 1.9758939743041992
Step: 974848	Mean reward: 11.1875, 	Mean reward done: 2.357927083969116
Step: 983040	Mean reward: 10.71875, 	Mean reward done: 1.9960354566574097
Step: 991232	Mean reward: 12.03125, 	Mean reward done: 2.5021305084228516
Step: 999424	Mean reward: 10.5625, 	Mean reward done: 2.184910297393799
Step: 1007616	Mean reward: 10.34375, 	Mean reward done: 2.051656723022461
Step: 1015808	Mean reward: 10.4375, 	Mean reward done: 1.945733666419983
Step: 1024000	Mean reward: 10.5, 	Mean reward done: 2.169401168823242
Step: 1032192	Mean reward: 11.46875, 	Mean reward done: 2.443352460861206
Step: 1040384	Mean reward: 10.59375, 	Mean reward done: 2.0823659896850586
Step: 1048576	Mean reward: 11.0625, 	Mean reward done: 2.1114158630371094
Step: 1056768	Mean reward: 9.71875, 	Mean reward done: 1.654645323753357
Step: 1064960	Mean reward: 10.46875, 	Mean reward done: 2.2222046852111816
Step: 1073152	Mean reward: 11.125, 	Mean reward done: 2.116474151611328
Step: 1081344	Mean reward: 10.6875, 	Mean reward done: 2.2121167182922363
Step: 1089536	Mean reward: 10.125, 	Mean reward done: 2.01953125
Step: 1097728	Mean reward: 11.25, 	Mean reward done: 2.4531917572021484
Step: 1105920	Mean reward: 10.28125, 	Mean reward done: 2.022949457168579
Step: 1114112	Mean reward: 10.4375, 	Mean reward done: 1.9701917171478271
Step: 1122304	Mean reward: 10.65625, 	Mean reward done: 2.157438039779663
Step: 1130496	Mean reward: 12.0, 	Mean reward done: 2.4746291637420654
Step: 1138688	Mean reward: 10.71875, 	Mean reward done: 2.2076127529144287
Step: 1146880	Mean reward: 10.3125, 	Mean reward done: 2.1764988899230957
Step: 1155072	Mean reward: 11.75, 	Mean reward done: 2.3615193367004395
Step: 1163264	Mean reward: 9.4375, 	Mean reward done: 1.8015376329421997
Step: 1171456	Mean reward: 11.125, 	Mean reward done: 2.2298922538757324
Step: 1179648	Mean reward: 11.71875, 	Mean reward done: 2.4061686992645264
Step: 1187840	Mean reward: 11.5625, 	Mean reward done: 2.2248036861419678
Step: 1196032	Mean reward: 10.75, 	Mean reward done: 2.25848650932312
Step: 1204224	Mean reward: 11.0625, 	Mean reward done: 2.1931793689727783
Step: 1212416	Mean reward: 12.21875, 	Mean reward done: 2.3237252235412598
Step: 1220608	Mean reward: 10.0625, 	Mean reward done: 2.220369577407837
Step: 1228800	Mean reward: 11.3125, 	Mean reward done: 2.3819897174835205
Step: 1236992	Mean reward: 12.46875, 	Mean reward done: 2.400843858718872
Step: 1245184	Mean reward: 12.03125, 	Mean reward done: 2.175499200820923
Step: 1253376	Mean reward: 12.875, 	Mean reward done: 2.8792436122894287
Step: 1261568	Mean reward: 10.59375, 	Mean reward done: 2.080554246902466
Step: 1269760	Mean reward: 11.375, 	Mean reward done: 2.13242769241333
Step: 1277952	Mean reward: 12.15625, 	Mean reward done: 2.434454917907715
Step: 1286144	Mean reward: 11.34375, 	Mean reward done: 2.384340763092041
Step: 1294336	Mean reward: 11.0, 	Mean reward done: 2.2128450870513916
Step: 1302528	Mean reward: 11.96875, 	Mean reward done: 2.4310200214385986
Step: 1310720	Mean reward: 11.28125, 	Mean reward done: 2.02575421333313
Step: 1318912	Mean reward: 11.96875, 	Mean reward done: 2.264404773712158
Step: 1327104	Mean reward: 11.96875, 	Mean reward done: 2.281130790710449
Step: 1335296	Mean reward: 13.46875, 	Mean reward done: 2.5992181301116943
Step: 1343488	Mean reward: 12.65625, 	Mean reward done: 2.524899482727051
Step: 1351680	Mean reward: 11.84375, 	Mean reward done: 2.6009485721588135
Step: 1359872	Mean reward: 11.5625, 	Mean reward done: 2.3668975830078125
Step: 1368064	Mean reward: 12.34375, 	Mean reward done: 2.55719256401062
Step: 1376256	Mean reward: 12.96875, 	Mean reward done: 2.478726625442505
Step: 1384448	Mean reward: 12.25, 	Mean reward done: 2.2564632892608643
Step: 1392640	Mean reward: 12.46875, 	Mean reward done: 2.446352958679199
Step: 1400832	Mean reward: 13.28125, 	Mean reward done: 2.944634437561035
Step: 1409024	Mean reward: 12.5, 	Mean reward done: 2.5982704162597656
Step: 1417216	Mean reward: 11.59375, 	Mean reward done: 2.5243937969207764
Step: 1425408	Mean reward: 13.34375, 	Mean reward done: 2.4413065910339355
Step: 1433600	Mean reward: 12.6875, 	Mean reward done: 2.6452741622924805
Step: 1441792	Mean reward: 12.25, 	Mean reward done: 2.2359440326690674
Step: 1449984	Mean reward: 12.40625, 	Mean reward done: 2.4392483234405518
Step: 1458176	Mean reward: 11.71875, 	Mean reward done: 2.2255449295043945
Step: 1466368	Mean reward: 14.34375, 	Mean reward done: 3.4209976196289062
Step: 1474560	Mean reward: 12.96875, 	Mean reward done: 2.256782293319702
Step: 1482752	Mean reward: 12.875, 	Mean reward done: 2.5929648876190186
Step: 1490944	Mean reward: 11.1875, 	Mean reward done: 2.409407138824463
Step: 1499136	Mean reward: 12.5625, 	Mean reward done: 2.484386920928955
Step: 1507328	Mean reward: 11.78125, 	Mean reward done: 2.2485947608947754
Step: 1515520	Mean reward: 12.90625, 	Mean reward done: 2.421734094619751
Step: 1523712	Mean reward: 12.25, 	Mean reward done: 2.2514870166778564
Step: 1531904	Mean reward: 11.4375, 	Mean reward done: 2.273057699203491
Step: 1540096	Mean reward: 13.15625, 	Mean reward done: 2.5133042335510254
Step: 1548288	Mean reward: 11.71875, 	Mean reward done: 2.1885571479797363
Step: 1556480	Mean reward: 13.125, 	Mean reward done: 2.516352653503418
Step: 1564672	Mean reward: 11.8125, 	Mean reward done: 2.2157766819000244
Step: 1572864	Mean reward: 11.3125, 	Mean reward done: 2.0330872535705566
Step: 1581056	Mean reward: 12.8125, 	Mean reward done: 2.425976037979126
Step: 1589248	Mean reward: 14.375, 	Mean reward done: 2.6424560546875
Step: 1597440	Mean reward: 11.84375, 	Mean reward done: 2.4719040393829346
Step: 1605632	Mean reward: 12.78125, 	Mean reward done: 2.3296825885772705
Step: 1613824	Mean reward: 12.125, 	Mean reward done: 2.1766223907470703
Step: 1622016	Mean reward: 13.6875, 	Mean reward done: 2.5591676235198975
Step: 1630208	Mean reward: 11.78125, 	Mean reward done: 2.0086162090301514
Step: 1638400	Mean reward: 10.75, 	Mean reward done: 2.1029253005981445
Step: 1646592	Mean reward: 11.5, 	Mean reward done: 2.195706367492676
Step: 1654784	Mean reward: 11.875, 	Mean reward done: 2.204404830932617
Step: 1662976	Mean reward: 12.59375, 	Mean reward done: 2.342947006225586
Step: 1671168	Mean reward: 13.09375, 	Mean reward done: 2.6510984897613525
Step: 1679360	Mean reward: 12.1875, 	Mean reward done: 2.1134488582611084
Step: 1687552	Mean reward: 12.75, 	Mean reward done: 2.9443821907043457
Step: 1695744	Mean reward: 12.5625, 	Mean reward done: 2.3968021869659424
Step: 1703936	Mean reward: 12.625, 	Mean reward done: 2.3750572204589844
Step: 1712128	Mean reward: 12.28125, 	Mean reward done: 2.3855090141296387
Step: 1720320	Mean reward: 13.40625, 	Mean reward done: 2.8513972759246826
Step: 1728512	Mean reward: 13.34375, 	Mean reward done: 2.7037112712860107
Step: 1736704	Mean reward: 13.03125, 	Mean reward done: 2.4382851123809814
Step: 1744896	Mean reward: 14.0625, 	Mean reward done: 2.729508399963379
Step: 1753088	Mean reward: 13.3125, 	Mean reward done: 2.35249400138855
Step: 1761280	Mean reward: 12.625, 	Mean reward done: 2.4923317432403564
Step: 1769472	Mean reward: 11.90625, 	Mean reward done: 2.2868943214416504
Step: 1777664	Mean reward: 12.46875, 	Mean reward done: 2.383704662322998
Step: 1785856	Mean reward: 11.75, 	Mean reward done: 2.235581636428833
Step: 1794048	Mean reward: 11.6875, 	Mean reward done: 2.521986246109009
Step: 1802240	Mean reward: 12.78125, 	Mean reward done: 2.3804070949554443
Step: 1810432	Mean reward: 13.21875, 	Mean reward done: 2.6024394035339355
Step: 1818624	Mean reward: 13.125, 	Mean reward done: 2.137693405151367
Step: 1826816	Mean reward: 14.15625, 	Mean reward done: 2.7675955295562744
Step: 1835008	Mean reward: 12.5625, 	Mean reward done: 2.509434938430786
Step: 1843200	Mean reward: 12.625, 	Mean reward done: 2.7309601306915283
Step: 1851392	Mean reward: 13.84375, 	Mean reward done: 2.4551563262939453
Step: 1859584	Mean reward: 13.375, 	Mean reward done: 2.413670063018799
Step: 1867776	Mean reward: 13.53125, 	Mean reward done: 2.7594411373138428
Step: 1875968	Mean reward: 13.34375, 	Mean reward done: 2.5132217407226562
Step: 1884160	Mean reward: 13.90625, 	Mean reward done: 2.8463714122772217
Step: 1892352	Mean reward: 14.46875, 	Mean reward done: 2.7257516384124756
Step: 1900544	Mean reward: 13.6875, 	Mean reward done: 2.2385127544403076
Step: 1908736	Mean reward: 15.28125, 	Mean reward done: 3.100738048553467
Step: 1916928	Mean reward: 13.46875, 	Mean reward done: 2.7853405475616455
Step: 1925120	Mean reward: 12.90625, 	Mean reward done: 2.4654428958892822
Step: 1933312	Mean reward: 12.75, 	Mean reward done: 2.3158626556396484
Step: 1941504	Mean reward: 14.1875, 	Mean reward done: 2.7125914096832275
Step: 1949696	Mean reward: 13.96875, 	Mean reward done: 2.6228020191192627
Step: 1957888	Mean reward: 13.59375, 	Mean reward done: 2.5900747776031494
Step: 1966080	Mean reward: 13.5625, 	Mean reward done: 2.6069042682647705
Step: 1974272	Mean reward: 13.875, 	Mean reward done: 2.678884744644165
Step: 1982464	Mean reward: 15.21875, 	Mean reward done: 3.102125644683838
Step: 1990656	Mean reward: 13.125, 	Mean reward done: 2.1648383140563965
Step: 1998848	Mean reward: 13.5625, 	Mean reward done: 2.4763355255126953
Step: 2007040	Mean reward: 13.28125, 	Mean reward done: 2.7614047527313232
Step: 2015232	Mean reward: 14.3125, 	Mean reward done: 3.1456398963928223
Step: 2023424	Mean reward: 14.34375, 	Mean reward done: 2.5616071224212646
Step: 2031616	Mean reward: 15.46875, 	Mean reward done: 3.089717388153076
Step: 2039808	Mean reward: 12.90625, 	Mean reward done: 2.381897449493408
Step: 2048000	Mean reward: 14.0625, 	Mean reward done: 3.226313591003418
Step: 2056192	Mean reward: 14.90625, 	Mean reward done: 2.915128707885742
Step: 2064384	Mean reward: 13.6875, 	Mean reward done: 3.0973312854766846
Step: 2072576	Mean reward: 14.375, 	Mean reward done: 2.5077195167541504
Step: 2080768	Mean reward: 13.78125, 	Mean reward done: 2.644296884536743
Step: 2088960	Mean reward: 14.25, 	Mean reward done: 2.7001068592071533
Step: 2097152	Mean reward: 14.53125, 	Mean reward done: 2.745248317718506
Step: 2105344	Mean reward: 14.5, 	Mean reward done: 2.596885919570923
Step: 2113536	Mean reward: 14.8125, 	Mean reward done: 2.6517255306243896
Step: 2121728	Mean reward: 13.34375, 	Mean reward done: 2.7420034408569336
Step: 2129920	Mean reward: 16.375, 	Mean reward done: 3.244276285171509
Step: 2138112	Mean reward: 13.75, 	Mean reward done: 2.254214286804199
Step: 2146304	Mean reward: 14.71875, 	Mean reward done: 3.1277220249176025
Step: 2154496	Mean reward: 14.53125, 	Mean reward done: 2.7810909748077393
Step: 2162688	Mean reward: 15.5625, 	Mean reward done: 3.4410383701324463
Step: 2170880	Mean reward: 15.0, 	Mean reward done: 3.042173385620117
Step: 2179072	Mean reward: 13.46875, 	Mean reward done: 2.540102481842041
Step: 2187264	Mean reward: 14.125, 	Mean reward done: 3.1504526138305664
Step: 2195456	Mean reward: 14.4375, 	Mean reward done: 2.4676992893218994
Step: 2203648	Mean reward: 13.96875, 	Mean reward done: 2.676738739013672
Step: 2211840	Mean reward: 13.875, 	Mean reward done: 3.043180465698242
Step: 2220032	Mean reward: 13.84375, 	Mean reward done: 2.375596046447754
Step: 2228224	Mean reward: 13.59375, 	Mean reward done: 2.4824492931365967
Step: 2236416	Mean reward: 14.21875, 	Mean reward done: 2.980523109436035
Step: 2244608	Mean reward: 14.53125, 	Mean reward done: 2.816864252090454
Step: 2252800	Mean reward: 14.59375, 	Mean reward done: 2.947443962097168
Step: 2260992	Mean reward: 13.53125, 	Mean reward done: 2.3635904788970947
Step: 2269184	Mean reward: 13.75, 	Mean reward done: 2.642731189727783
Step: 2277376	Mean reward: 13.25, 	Mean reward done: 2.419090986251831
Step: 2285568	Mean reward: 13.65625, 	Mean reward done: 2.630755662918091
Step: 2293760	Mean reward: 14.3125, 	Mean reward done: 2.7377161979675293
Step: 2301952	Mean reward: 13.96875, 	Mean reward done: 2.513756513595581
Step: 2310144	Mean reward: 15.46875, 	Mean reward done: 2.809309244155884
Step: 2318336	Mean reward: 14.40625, 	Mean reward done: 2.8747637271881104
Step: 2326528	Mean reward: 14.40625, 	Mean reward done: 2.3409478664398193
Step: 2334720	Mean reward: 15.5625, 	Mean reward done: 2.865950345993042
Step: 2342912	Mean reward: 14.84375, 	Mean reward done: 2.522125720977783
Step: 2351104	Mean reward: 17.0, 	Mean reward done: 3.134206533432007
Step: 2359296	Mean reward: 15.78125, 	Mean reward done: 3.2322990894317627
Step: 2367488	Mean reward: 15.28125, 	Mean reward done: 3.4916419982910156
Step: 2375680	Mean reward: 14.375, 	Mean reward done: 2.5456252098083496
Step: 2383872	Mean reward: 15.21875, 	Mean reward done: 2.5323309898376465
Step: 2392064	Mean reward: 15.71875, 	Mean reward done: 2.771446943283081
Step: 2400256	Mean reward: 14.125, 	Mean reward done: 2.807490587234497
Step: 2408448	Mean reward: 15.0625, 	Mean reward done: 2.49817156791687
Step: 2416640	Mean reward: 15.15625, 	Mean reward done: 2.7098183631896973
Step: 2424832	Mean reward: 13.8125, 	Mean reward done: 2.4908344745635986
Step: 2433024	Mean reward: 15.59375, 	Mean reward done: 2.9892332553863525
Step: 2441216	Mean reward: 15.5625, 	Mean reward done: 3.225417375564575
Step: 2449408	Mean reward: 14.84375, 	Mean reward done: 2.6052281856536865
Step: 2457600	Mean reward: 14.40625, 	Mean reward done: 2.820009231567383
Step: 2465792	Mean reward: 14.6875, 	Mean reward done: 2.7223079204559326
Step: 2473984	Mean reward: 14.15625, 	Mean reward done: 2.8489444255828857
Step: 2482176	Mean reward: 14.8125, 	Mean reward done: 2.7428483963012695
Step: 2490368	Mean reward: 16.15625, 	Mean reward done: 3.0881874561309814
Step: 2498560	Mean reward: 13.1875, 	Mean reward done: 2.3469929695129395
Step: 2506752	Mean reward: 13.46875, 	Mean reward done: 2.261075258255005
Step: 2514944	Mean reward: 13.8125, 	Mean reward done: 2.6816632747650146
Step: 2523136	Mean reward: 13.1875, 	Mean reward done: 2.2977046966552734
Step: 2531328	Mean reward: 14.21875, 	Mean reward done: 2.631089687347412
Step: 2539520	Mean reward: 15.25, 	Mean reward done: 2.840101480484009
Step: 2547712	Mean reward: 15.125, 	Mean reward done: 3.0158069133758545
Step: 2555904	Mean reward: 14.65625, 	Mean reward done: 2.67577862739563
Step: 2564096	Mean reward: 14.8125, 	Mean reward done: 3.0099096298217773
Step: 2572288	Mean reward: 15.96875, 	Mean reward done: 2.8590800762176514
Step: 2580480	Mean reward: 15.15625, 	Mean reward done: 3.2268226146698
Step: 2588672	Mean reward: 14.6875, 	Mean reward done: 2.6337945461273193
Step: 2596864	Mean reward: 14.28125, 	Mean reward done: 2.5589656829833984
Step: 2605056	Mean reward: 16.15625, 	Mean reward done: 3.2377989292144775
Step: 2613248	Mean reward: 14.28125, 	Mean reward done: 2.6918697357177734
Step: 2621440	Mean reward: 14.28125, 	Mean reward done: 2.566032886505127
Step: 2629632	Mean reward: 15.5, 	Mean reward done: 3.0825788974761963
Step: 2637824	Mean reward: 13.78125, 	Mean reward done: 2.482874631881714
Step: 2646016	Mean reward: 15.25, 	Mean reward done: 2.7954509258270264
Step: 2654208	Mean reward: 14.4375, 	Mean reward done: 2.5071237087249756
Step: 2662400	Mean reward: 15.0, 	Mean reward done: 2.6855175495147705
Step: 2670592	Mean reward: 15.21875, 	Mean reward done: 2.7480101585388184
Step: 2678784	Mean reward: 15.84375, 	Mean reward done: 2.6818742752075195
Step: 2686976	Mean reward: 14.75, 	Mean reward done: 2.5436606407165527
Step: 2695168	Mean reward: 14.5625, 	Mean reward done: 2.9482712745666504
Step: 2703360	Mean reward: 15.875, 	Mean reward done: 2.8585147857666016
Step: 2711552	Mean reward: 15.5, 	Mean reward done: 2.580580949783325
Step: 2719744	Mean reward: 15.125, 	Mean reward done: 2.9572954177856445
Step: 2727936	Mean reward: 14.84375, 	Mean reward done: 2.8833959102630615
Step: 2736128	Mean reward: 14.96875, 	Mean reward done: 2.9057579040527344
Step: 2744320	Mean reward: 15.46875, 	Mean reward done: 2.814058542251587
Step: 2752512	Mean reward: 14.875, 	Mean reward done: 2.4726624488830566
Step: 2760704	Mean reward: 13.96875, 	Mean reward done: 2.503568410873413
Step: 2768896	Mean reward: 15.625, 	Mean reward done: 3.340108871459961
Step: 2777088	Mean reward: 16.90625, 	Mean reward done: 2.9565911293029785
Step: 2785280	Mean reward: 15.75, 	Mean reward done: 2.921097993850708
Step: 2793472	Mean reward: 14.90625, 	Mean reward done: 2.4565811157226562
Step: 2801664	Mean reward: 15.65625, 	Mean reward done: 2.92431902885437
Step: 2809856	Mean reward: 15.0625, 	Mean reward done: 3.125274419784546
Step: 2818048	Mean reward: 15.09375, 	Mean reward done: 2.6702957153320312
Step: 2826240	Mean reward: 15.84375, 	Mean reward done: 3.205023765563965
Step: 2834432	Mean reward: 15.71875, 	Mean reward done: 2.7000176906585693
Step: 2842624	Mean reward: 14.46875, 	Mean reward done: 2.518242120742798
Step: 2850816	Mean reward: 16.59375, 	Mean reward done: 3.3957598209381104
Step: 2859008	Mean reward: 15.5, 	Mean reward done: 2.7823197841644287
Step: 2867200	Mean reward: 15.0625, 	Mean reward done: 2.9393625259399414
Step: 2875392	Mean reward: 15.9375, 	Mean reward done: 2.940145969390869
Step: 2883584	Mean reward: 15.46875, 	Mean reward done: 2.8073670864105225
Step: 2891776	Mean reward: 16.3125, 	Mean reward done: 3.2066726684570312
Step: 2899968	Mean reward: 14.5625, 	Mean reward done: 2.3700647354125977
Step: 2908160	Mean reward: 16.40625, 	Mean reward done: 3.0222392082214355
Step: 2916352	Mean reward: 14.40625, 	Mean reward done: 2.7236380577087402
Step: 2924544	Mean reward: 15.25, 	Mean reward done: 3.14732027053833
Step: 2932736	Mean reward: 15.53125, 	Mean reward done: 3.4983396530151367
Step: 2940928	Mean reward: 13.6875, 	Mean reward done: 2.370574474334717
Step: 2949120	Mean reward: 14.59375, 	Mean reward done: 2.3044273853302
Step: 2957312	Mean reward: 15.25, 	Mean reward done: 2.58866548538208
Step: 2965504	Mean reward: 14.4375, 	Mean reward done: 2.8978683948516846
Step: 2973696	Mean reward: 17.40625, 	Mean reward done: 3.2865381240844727
Step: 2981888	Mean reward: 15.4375, 	Mean reward done: 2.8141226768493652
Step: 2990080	Mean reward: 15.71875, 	Mean reward done: 2.889822006225586
Step: 2998272	Mean reward: 14.25, 	Mean reward done: 2.448822498321533
Step: 3006464	Mean reward: 14.625, 	Mean reward done: 2.8353769779205322
Step: 3014656	Mean reward: 15.71875, 	Mean reward done: 2.907299280166626
Step: 3022848	Mean reward: 15.53125, 	Mean reward done: 2.842298984527588
Step: 3031040	Mean reward: 15.1875, 	Mean reward done: 2.88511323928833
Step: 3039232	Mean reward: 13.5, 	Mean reward done: 2.7326483726501465
Step: 3047424	Mean reward: 14.78125, 	Mean reward done: 2.7415101528167725
Step: 3055616	Mean reward: 16.625, 	Mean reward done: 3.39811372756958
Step: 3063808	Mean reward: 15.90625, 	Mean reward done: 2.97123646736145
Step: 3072000	Mean reward: 15.4375, 	Mean reward done: 2.7010369300842285
Step: 3080192	Mean reward: 13.5625, 	Mean reward done: 2.425424337387085
Step: 3088384	Mean reward: 14.84375, 	Mean reward done: 2.7132952213287354
Step: 3096576	Mean reward: 17.0625, 	Mean reward done: 3.029543161392212
Step: 3104768	Mean reward: 16.65625, 	Mean reward done: 2.7342946529388428
Step: 3112960	Mean reward: 15.375, 	Mean reward done: 3.038572072982788
Step: 3121152	Mean reward: 16.8125, 	Mean reward done: 3.189020872116089
Step: 3129344	Mean reward: 17.3125, 	Mean reward done: 3.305044412612915
Step: 3137536	Mean reward: 15.84375, 	Mean reward done: 2.8590810298919678
Step: 3145728	Mean reward: 14.15625, 	Mean reward done: 3.2252745628356934
Step: 3153920	Mean reward: 16.0, 	Mean reward done: 3.201179027557373
Step: 3162112	Mean reward: 15.375, 	Mean reward done: 3.3672380447387695
Step: 3170304	Mean reward: 16.96875, 	Mean reward done: 3.3895416259765625
Step: 3178496	Mean reward: 14.5625, 	Mean reward done: 2.662346124649048
Step: 3186688	Mean reward: 15.8125, 	Mean reward done: 2.8668811321258545
Step: 3194880	Mean reward: 14.25, 	Mean reward done: 2.5202152729034424
Step: 3203072	Mean reward: 16.71875, 	Mean reward done: 3.181478261947632
Step: 3211264	Mean reward: 15.9375, 	Mean reward done: 2.7601542472839355
Step: 3219456	Mean reward: 15.84375, 	Mean reward done: 3.113097906112671
Step: 3227648	Mean reward: 17.25, 	Mean reward done: 3.2899043560028076
Step: 3235840	Mean reward: 17.09375, 	Mean reward done: 3.3759686946868896
Step: 3244032	Mean reward: 16.65625, 	Mean reward done: 2.7745137214660645
Step: 3252224	Mean reward: 15.78125, 	Mean reward done: 2.8734190464019775
Step: 3260416	Mean reward: 16.125, 	Mean reward done: 3.170978546142578
Step: 3268608	Mean reward: 16.40625, 	Mean reward done: 3.5069503784179688
Step: 3276800	Mean reward: 15.6875, 	Mean reward done: 2.960325002670288
Step: 3284992	Mean reward: 15.5, 	Mean reward done: 2.33355712890625
Step: 3293184	Mean reward: 13.625, 	Mean reward done: 2.4291062355041504
Step: 3301376	Mean reward: 16.53125, 	Mean reward done: 3.634387731552124
Step: 3309568	Mean reward: 17.6875, 	Mean reward done: 3.7091352939605713
Step: 3317760	Mean reward: 17.75, 	Mean reward done: 3.284111738204956
Step: 3325952	Mean reward: 16.75, 	Mean reward done: 3.1415586471557617
Step: 3334144	Mean reward: 15.59375, 	Mean reward done: 2.914369583129883
Step: 3342336	Mean reward: 15.65625, 	Mean reward done: 2.7549755573272705
Step: 3350528	Mean reward: 17.28125, 	Mean reward done: 3.2979562282562256
Step: 3358720	Mean reward: 16.8125, 	Mean reward done: 3.56552791595459
Step: 3366912	Mean reward: 16.53125, 	Mean reward done: 3.253802537918091
Step: 3375104	Mean reward: 16.78125, 	Mean reward done: 3.0159008502960205
Step: 3383296	Mean reward: 16.03125, 	Mean reward done: 3.1493172645568848
Step: 3391488	Mean reward: 16.75, 	Mean reward done: 2.774216413497925
Step: 3399680	Mean reward: 16.5, 	Mean reward done: 3.4883780479431152
Step: 3407872	Mean reward: 17.4375, 	Mean reward done: 3.594187021255493
Step: 3416064	Mean reward: 15.40625, 	Mean reward done: 2.792410135269165
Step: 3424256	Mean reward: 17.5, 	Mean reward done: 3.312648296356201
Step: 3432448	Mean reward: 16.1875, 	Mean reward done: 2.8976938724517822
Step: 3440640	Mean reward: 15.34375, 	Mean reward done: 2.9639062881469727
Step: 3448832	Mean reward: 16.53125, 	Mean reward done: 2.929086208343506
Step: 3457024	Mean reward: 16.09375, 	Mean reward done: 2.7843220233917236
Step: 3465216	Mean reward: 16.5625, 	Mean reward done: 3.3396973609924316
Step: 3473408	Mean reward: 16.375, 	Mean reward done: 2.8518333435058594
Step: 3481600	Mean reward: 14.96875, 	Mean reward done: 3.207685947418213
Step: 3489792	Mean reward: 15.34375, 	Mean reward done: 2.3285505771636963
Step: 3497984	Mean reward: 17.03125, 	Mean reward done: 3.576808452606201
Step: 3506176	Mean reward: 16.375, 	Mean reward done: 3.00898814201355
Step: 3514368	Mean reward: 14.09375, 	Mean reward done: 2.1994872093200684
Step: 3522560	Mean reward: 16.0625, 	Mean reward done: 3.15364146232605
Step: 3530752	Mean reward: 14.6875, 	Mean reward done: 2.9091391563415527
Step: 3538944	Mean reward: 15.125, 	Mean reward done: 2.5025277137756348
Step: 3547136	Mean reward: 15.53125, 	Mean reward done: 2.654481887817383
Step: 3555328	Mean reward: 14.84375, 	Mean reward done: 2.788445234298706
Step: 3563520	Mean reward: 15.0, 	Mean reward done: 2.17535138130188
Step: 3571712	Mean reward: 15.375, 	Mean reward done: 2.6685914993286133
Step: 3579904	Mean reward: 14.375, 	Mean reward done: 2.461678981781006
Step: 3588096	Mean reward: 15.15625, 	Mean reward done: 2.7266170978546143
Step: 3596288	Mean reward: 15.09375, 	Mean reward done: 2.5855331420898438
Step: 3604480	Mean reward: 16.1875, 	Mean reward done: 2.894272804260254
Step: 3612672	Mean reward: 16.65625, 	Mean reward done: 2.677102565765381
Step: 3620864	Mean reward: 15.65625, 	Mean reward done: 2.7622995376586914
Step: 3629056	Mean reward: 15.28125, 	Mean reward done: 2.9440274238586426
Step: 3637248	Mean reward: 14.65625, 	Mean reward done: 2.589794158935547
Step: 3645440	Mean reward: 15.625, 	Mean reward done: 2.720031261444092
Step: 3653632	Mean reward: 16.15625, 	Mean reward done: 2.792881965637207
Step: 3661824	Mean reward: 17.3125, 	Mean reward done: 3.2499046325683594
Step: 3670016	Mean reward: 16.09375, 	Mean reward done: 2.6580305099487305
Step: 3678208	Mean reward: 16.0, 	Mean reward done: 2.8731589317321777
Step: 3686400	Mean reward: 16.03125, 	Mean reward done: 2.802905559539795
Step: 3694592	Mean reward: 16.625, 	Mean reward done: 3.10954213142395
Step: 3702784	Mean reward: 15.40625, 	Mean reward done: 2.8128068447113037
Step: 3710976	Mean reward: 15.09375, 	Mean reward done: 2.6295981407165527
Step: 3719168	Mean reward: 17.71875, 	Mean reward done: 3.7967476844787598
Step: 3727360	Mean reward: 16.78125, 	Mean reward done: 3.127408504486084
Step: 3735552	Mean reward: 15.375, 	Mean reward done: 2.542205572128296
Step: 3743744	Mean reward: 15.875, 	Mean reward done: 2.567410469055176
Step: 3751936	Mean reward: 17.625, 	Mean reward done: 2.9215168952941895
Step: 3760128	Mean reward: 15.4375, 	Mean reward done: 2.591954469680786
Step: 3768320	Mean reward: 16.21875, 	Mean reward done: 2.5012166500091553
Step: 3776512	Mean reward: 15.5625, 	Mean reward done: 2.4237890243530273
Step: 3784704	Mean reward: 16.625, 	Mean reward done: 2.640511989593506
Step: 3792896	Mean reward: 14.40625, 	Mean reward done: 2.1554348468780518
Step: 3801088	Mean reward: 17.625, 	Mean reward done: 2.732485771179199
Step: 3809280	Mean reward: 16.15625, 	Mean reward done: 2.982401132583618
Step: 3817472	Mean reward: 17.34375, 	Mean reward done: 3.042766809463501
Step: 3825664	Mean reward: 17.5, 	Mean reward done: 3.2908871173858643
Step: 3833856	Mean reward: 18.75, 	Mean reward done: 3.7015347480773926
Step: 3842048	Mean reward: 15.625, 	Mean reward done: 2.897430658340454
Step: 3850240	Mean reward: 14.40625, 	Mean reward done: 2.475067138671875
Step: 3858432	Mean reward: 16.34375, 	Mean reward done: 2.9827206134796143
Step: 3866624	Mean reward: 17.5, 	Mean reward done: 3.3151893615722656
Step: 3874816	Mean reward: 15.28125, 	Mean reward done: 2.5822806358337402
Step: 3883008	Mean reward: 15.65625, 	Mean reward done: 2.830963373184204
Step: 3891200	Mean reward: 16.90625, 	Mean reward done: 3.6065433025360107
Step: 3899392	Mean reward: 15.65625, 	Mean reward done: 2.764369010925293
Step: 3907584	Mean reward: 17.03125, 	Mean reward done: 3.1073431968688965
Step: 3915776	Mean reward: 17.375, 	Mean reward done: 3.3211631774902344
Step: 3923968	Mean reward: 16.09375, 	Mean reward done: 2.856325626373291
Step: 3932160	Mean reward: 17.03125, 	Mean reward done: 3.0479743480682373
Step: 3940352	Mean reward: 17.28125, 	Mean reward done: 3.174652099609375
Step: 3948544	Mean reward: 17.0, 	Mean reward done: 2.808903694152832
Step: 3956736	Mean reward: 15.03125, 	Mean reward done: 2.4089436531066895
Step: 3964928	Mean reward: 16.8125, 	Mean reward done: 3.3421618938446045
Step: 3973120	Mean reward: 18.46875, 	Mean reward done: 3.2184081077575684
Step: 3981312	Mean reward: 15.65625, 	Mean reward done: 2.930032968521118
Step: 3989504	Mean reward: 16.9375, 	Mean reward done: 2.6342201232910156
Step: 3997696	Mean reward: 17.5625, 	Mean reward done: 3.1705281734466553
Step: 4005888	Mean reward: 16.34375, 	Mean reward done: 2.825913906097412
Step: 4014080	Mean reward: 16.59375, 	Mean reward done: 2.9211621284484863
Step: 4022272	Mean reward: 15.40625, 	Mean reward done: 2.917755603790283
Step: 4030464	Mean reward: 16.375, 	Mean reward done: 3.0228066444396973
Step: 4038656	Mean reward: 15.96875, 	Mean reward done: 2.785770893096924
Step: 4046848	Mean reward: 15.5, 	Mean reward done: 2.51415753364563
Step: 4055040	Mean reward: 17.0, 	Mean reward done: 3.418663263320923
Step: 4063232	Mean reward: 16.25, 	Mean reward done: 2.867448568344116
Step: 4071424	Mean reward: 15.34375, 	Mean reward done: 2.8232271671295166
Step: 4079616	Mean reward: 16.65625, 	Mean reward done: 2.743720293045044
Step: 4087808	Mean reward: 17.4375, 	Mean reward done: 3.460258722305298
Step: 4096000	Mean reward: 15.0, 	Mean reward done: 2.7512035369873047
Step: 4104192	Mean reward: 17.3125, 	Mean reward done: 3.0021166801452637
Step: 4112384	Mean reward: 16.71875, 	Mean reward done: 3.2645885944366455
Step: 4120576	Mean reward: 15.65625, 	Mean reward done: 3.0910158157348633
Step: 4128768	Mean reward: 15.5, 	Mean reward done: 2.5323586463928223
Step: 4136960	Mean reward: 15.78125, 	Mean reward done: 2.8681132793426514
Step: 4145152	Mean reward: 17.53125, 	Mean reward done: 3.1036159992218018
Step: 4153344	Mean reward: 16.0, 	Mean reward done: 2.766944169998169
Step: 4161536	Mean reward: 14.6875, 	Mean reward done: 2.3933284282684326
Step: 4169728	Mean reward: 16.46875, 	Mean reward done: 2.8582444190979004
Step: 4177920	Mean reward: 17.71875, 	Mean reward done: 3.548743486404419
Step: 4186112	Mean reward: 16.03125, 	Mean reward done: 2.737856149673462
Step: 4194304	Mean reward: 16.9375, 	Mean reward done: 3.6835036277770996
Step: 4202496	Mean reward: 16.84375, 	Mean reward done: 2.953721523284912
Step: 4210688	Mean reward: 16.34375, 	Mean reward done: 3.325000047683716
Step: 4218880	Mean reward: 17.21875, 	Mean reward done: 3.2395780086517334
Step: 4227072	Mean reward: 16.6875, 	Mean reward done: 3.284000873565674
Step: 4235264	Mean reward: 14.75, 	Mean reward done: 2.475806951522827
Step: 4243456	Mean reward: 17.46875, 	Mean reward done: 3.6309235095977783
Step: 4251648	Mean reward: 17.375, 	Mean reward done: 3.0334596633911133
Step: 4259840	Mean reward: 16.25, 	Mean reward done: 2.891207695007324
Step: 4268032	Mean reward: 16.125, 	Mean reward done: 3.1239547729492188
Step: 4276224	Mean reward: 17.09375, 	Mean reward done: 3.001795768737793
Step: 4284416	Mean reward: 18.125, 	Mean reward done: 2.9908435344696045
Step: 4292608	Mean reward: 15.125, 	Mean reward done: 2.8423755168914795
Step: 4300800	Mean reward: 16.4375, 	Mean reward done: 3.353480339050293
Step: 4308992	Mean reward: 16.3125, 	Mean reward done: 2.756378412246704
Step: 4317184	Mean reward: 15.65625, 	Mean reward done: 3.259810447692871
Step: 4325376	Mean reward: 15.9375, 	Mean reward done: 2.8144898414611816
Step: 4333568	Mean reward: 16.375, 	Mean reward done: 2.990694761276245
Step: 4341760	Mean reward: 16.28125, 	Mean reward done: 2.835298776626587
Step: 4349952	Mean reward: 18.375, 	Mean reward done: 3.4318416118621826
Step: 4358144	Mean reward: 16.21875, 	Mean reward done: 2.9346370697021484
Step: 4366336	Mean reward: 15.96875, 	Mean reward done: 2.7378592491149902
Step: 4374528	Mean reward: 17.15625, 	Mean reward done: 2.8363287448883057
Step: 4382720	Mean reward: 16.375, 	Mean reward done: 2.970294952392578
Step: 4390912	Mean reward: 16.6875, 	Mean reward done: 3.141221046447754
Step: 4399104	Mean reward: 15.34375, 	Mean reward done: 2.6371827125549316
Step: 4407296	Mean reward: 17.09375, 	Mean reward done: 3.0274088382720947
Step: 4415488	Mean reward: 17.75, 	Mean reward done: 4.013514518737793
Step: 4423680	Mean reward: 18.0, 	Mean reward done: 3.7833073139190674
Step: 4431872	Mean reward: 15.4375, 	Mean reward done: 2.485910654067993
Step: 4440064	Mean reward: 17.125, 	Mean reward done: 2.931612014770508
Step: 4448256	Mean reward: 17.28125, 	Mean reward done: 3.250495433807373
Step: 4456448	Mean reward: 14.25, 	Mean reward done: 2.5662267208099365
Step: 4464640	Mean reward: 17.65625, 	Mean reward done: 2.992035388946533
Step: 4472832	Mean reward: 16.65625, 	Mean reward done: 2.886357545852661
Step: 4481024	Mean reward: 17.375, 	Mean reward done: 2.9752163887023926
Step: 4489216	Mean reward: 16.4375, 	Mean reward done: 2.8547708988189697
Step: 4497408	Mean reward: 17.8125, 	Mean reward done: 3.223205089569092
Step: 4505600	Mean reward: 16.34375, 	Mean reward done: 3.257279634475708
Step: 4513792	Mean reward: 17.625, 	Mean reward done: 3.474597215652466
Step: 4521984	Mean reward: 15.875, 	Mean reward done: 2.4825048446655273
Step: 4530176	Mean reward: 16.1875, 	Mean reward done: 2.877864360809326
Step: 4538368	Mean reward: 16.09375, 	Mean reward done: 2.8679680824279785
Step: 4546560	Mean reward: 16.625, 	Mean reward done: 2.7331511974334717
Step: 4554752	Mean reward: 16.3125, 	Mean reward done: 3.0116069316864014
Step: 4562944	Mean reward: 16.375, 	Mean reward done: 2.7119157314300537
Step: 4571136	Mean reward: 17.40625, 	Mean reward done: 3.0755648612976074
Step: 4579328	Mean reward: 15.65625, 	Mean reward done: 2.7610971927642822
Step: 4587520	Mean reward: 17.5, 	Mean reward done: 3.5780410766601562
Step: 4595712	Mean reward: 17.5625, 	Mean reward done: 3.0834274291992188
Step: 4603904	Mean reward: 17.71875, 	Mean reward done: 3.4547343254089355
Step: 4612096	Mean reward: 17.5, 	Mean reward done: 3.0658881664276123
Step: 4620288	Mean reward: 18.8125, 	Mean reward done: 3.6960034370422363
Step: 4628480	Mean reward: 17.625, 	Mean reward done: 3.107135772705078
Step: 4636672	Mean reward: 15.84375, 	Mean reward done: 2.569307804107666
Step: 4644864	Mean reward: 15.6875, 	Mean reward done: 2.6504077911376953
Step: 4653056	Mean reward: 15.75, 	Mean reward done: 2.641031265258789
Step: 4661248	Mean reward: 16.78125, 	Mean reward done: 2.803210735321045
Step: 4669440	Mean reward: 16.9375, 	Mean reward done: 3.591444253921509
Step: 4677632	Mean reward: 17.625, 	Mean reward done: 3.2120819091796875
Step: 4685824	Mean reward: 17.40625, 	Mean reward done: 2.967820167541504
Step: 4694016	Mean reward: 16.375, 	Mean reward done: 2.6204073429107666
Step: 4702208	Mean reward: 18.40625, 	Mean reward done: 3.0617988109588623
Step: 4710400	Mean reward: 18.375, 	Mean reward done: 4.039997100830078
Step: 4718592	Mean reward: 18.59375, 	Mean reward done: 3.680356740951538
Step: 4726784	Mean reward: 17.90625, 	Mean reward done: 2.769277334213257
Step: 4734976	Mean reward: 17.25, 	Mean reward done: 2.980130910873413
Step: 4743168	Mean reward: 19.40625, 	Mean reward done: 3.936286449432373
Step: 4751360	Mean reward: 16.0625, 	Mean reward done: 2.760411262512207
Step: 4759552	Mean reward: 18.375, 	Mean reward done: 3.2675859928131104
Step: 4767744	Mean reward: 16.75, 	Mean reward done: 3.018174409866333
Step: 4775936	Mean reward: 16.625, 	Mean reward done: 2.755941390991211
Step: 4784128	Mean reward: 15.59375, 	Mean reward done: 2.6152846813201904
Step: 4792320	Mean reward: 16.875, 	Mean reward done: 2.8624069690704346
Step: 4800512	Mean reward: 16.34375, 	Mean reward done: 2.825294256210327
Step: 4808704	Mean reward: 17.84375, 	Mean reward done: 2.6965203285217285
Step: 4816896	Mean reward: 16.9375, 	Mean reward done: 2.7362473011016846
Step: 4825088	Mean reward: 17.34375, 	Mean reward done: 2.586893081665039
Step: 4833280	Mean reward: 18.0, 	Mean reward done: 3.122176170349121
Step: 4841472	Mean reward: 17.65625, 	Mean reward done: 3.2953028678894043
Step: 4849664	Mean reward: 16.4375, 	Mean reward done: 3.3183248043060303
Step: 4857856	Mean reward: 17.0625, 	Mean reward done: 3.0722692012786865
Step: 4866048	Mean reward: 16.25, 	Mean reward done: 2.8295440673828125
Step: 4874240	Mean reward: 16.0, 	Mean reward done: 2.8025457859039307
Step: 4882432	Mean reward: 17.125, 	Mean reward done: 3.161299228668213
Step: 4890624	Mean reward: 15.625, 	Mean reward done: 2.497107982635498
Step: 4898816	Mean reward: 16.71875, 	Mean reward done: 2.725283145904541
Step: 4907008	Mean reward: 16.15625, 	Mean reward done: 2.80843448638916
Step: 4915200	Mean reward: 15.59375, 	Mean reward done: 2.5950067043304443
Step: 4923392	Mean reward: 15.28125, 	Mean reward done: 2.548907995223999
Step: 4931584	Mean reward: 14.6875, 	Mean reward done: 2.3636040687561035
Step: 4939776	Mean reward: 15.75, 	Mean reward done: 2.7178215980529785
Step: 4947968	Mean reward: 15.15625, 	Mean reward done: 2.798097610473633
Step: 4956160	Mean reward: 17.6875, 	Mean reward done: 3.7802059650421143
Step: 4964352	Mean reward: 14.71875, 	Mean reward done: 2.2423274517059326
Step: 4972544	Mean reward: 15.34375, 	Mean reward done: 2.85036563873291
Step: 4980736	Mean reward: 14.34375, 	Mean reward done: 2.52752947807312
Step: 4988928	Mean reward: 15.6875, 	Mean reward done: 3.1608824729919434
Step: 4997120	Mean reward: 17.1875, 	Mean reward done: 3.0865817070007324
Step: 5005312	Mean reward: 16.03125, 	Mean reward done: 2.9028592109680176
Step: 5013504	Mean reward: 16.5, 	Mean reward done: 2.9399919509887695
Step: 5021696	Mean reward: 16.65625, 	Mean reward done: 2.593536615371704
Step: 5029888	Mean reward: 15.625, 	Mean reward done: 2.52461838722229
Step: 5038080	Mean reward: 15.34375, 	Mean reward done: 2.8594777584075928
Step: 5046272	Mean reward: 15.28125, 	Mean reward done: 2.661489725112915
Step: 5054464	Mean reward: 15.3125, 	Mean reward done: 2.5281100273132324
Step: 5062656	Mean reward: 15.125, 	Mean reward done: 2.3988096714019775
Step: 5070848	Mean reward: 15.625, 	Mean reward done: 2.700402021408081
Step: 5079040	Mean reward: 17.09375, 	Mean reward done: 3.1220927238464355
Step: 5087232	Mean reward: 15.96875, 	Mean reward done: 2.5989105701446533
Step: 5095424	Mean reward: 16.28125, 	Mean reward done: 2.774829626083374
Step: 5103616	Mean reward: 17.28125, 	Mean reward done: 3.106497287750244
Step: 5111808	Mean reward: 15.8125, 	Mean reward done: 2.4550299644470215
Step: 5120000	Mean reward: 16.40625, 	Mean reward done: 2.6553893089294434
Step: 5128192	Mean reward: 17.5625, 	Mean reward done: 3.0944297313690186
Step: 5136384	Mean reward: 16.34375, 	Mean reward done: 2.8744146823883057
Step: 5144576	Mean reward: 17.4375, 	Mean reward done: 2.895967483520508
Step: 5152768	Mean reward: 15.65625, 	Mean reward done: 2.59698748588562
Step: 5160960	Mean reward: 16.375, 	Mean reward done: 2.691420555114746
Step: 5169152	Mean reward: 15.375, 	Mean reward done: 2.6216514110565186
Step: 5177344	Mean reward: 15.71875, 	Mean reward done: 2.5853631496429443
Step: 5185536	Mean reward: 15.5, 	Mean reward done: 2.64205265045166
Step: 5193728	Mean reward: 15.53125, 	Mean reward done: 2.7208216190338135
Step: 5201920	Mean reward: 15.59375, 	Mean reward done: 2.8696742057800293
Step: 5210112	Mean reward: 16.625, 	Mean reward done: 3.128164768218994
Step: 5218304	Mean reward: 13.96875, 	Mean reward done: 2.210613965988159
Step: 5226496	Mean reward: 15.28125, 	Mean reward done: 2.670929431915283
Step: 5234688	Mean reward: 16.8125, 	Mean reward done: 3.386953353881836
Step: 5242880	Mean reward: 17.40625, 	Mean reward done: 3.2040109634399414
Step: 5251072	Mean reward: 17.53125, 	Mean reward done: 3.045792818069458
Step: 5259264	Mean reward: 15.9375, 	Mean reward done: 2.8751752376556396
Step: 5267456	Mean reward: 16.125, 	Mean reward done: 2.950871706008911
Step: 5275648	Mean reward: 16.5625, 	Mean reward done: 2.7799150943756104
Step: 5283840	Mean reward: 16.53125, 	Mean reward done: 3.2747244834899902
Step: 5292032	Mean reward: 17.625, 	Mean reward done: 2.7810752391815186
Step: 5300224	Mean reward: 17.5, 	Mean reward done: 3.2022886276245117
Step: 5308416	Mean reward: 14.875, 	Mean reward done: 2.3150885105133057
Step: 5316608	Mean reward: 15.1875, 	Mean reward done: 2.78739333152771
Step: 5324800	Mean reward: 16.6875, 	Mean reward done: 3.056924819946289
Step: 5332992	Mean reward: 18.09375, 	Mean reward done: 3.0354764461517334
Step: 5341184	Mean reward: 17.09375, 	Mean reward done: 2.946153402328491
Step: 5349376	Mean reward: 17.21875, 	Mean reward done: 2.5999879837036133
Step: 5357568	Mean reward: 18.09375, 	Mean reward done: 3.4295527935028076
Step: 5365760	Mean reward: 16.53125, 	Mean reward done: 2.9861252307891846
Step: 5373952	Mean reward: 16.53125, 	Mean reward done: 3.2295336723327637
Step: 5382144	Mean reward: 15.78125, 	Mean reward done: 2.591865301132202
Step: 5390336	Mean reward: 14.96875, 	Mean reward done: 2.4574599266052246
Step: 5398528	Mean reward: 15.15625, 	Mean reward done: 2.5954058170318604
Step: 5406720	Mean reward: 16.34375, 	Mean reward done: 2.839129686355591
Step: 5414912	Mean reward: 16.0625, 	Mean reward done: 3.137037754058838
Step: 5423104	Mean reward: 17.4375, 	Mean reward done: 3.054532051086426
Step: 5431296	Mean reward: 16.46875, 	Mean reward done: 2.654609203338623
Step: 5439488	Mean reward: 15.28125, 	Mean reward done: 2.416888952255249
Step: 5447680	Mean reward: 16.53125, 	Mean reward done: 2.7303619384765625
Step: 5455872	Mean reward: 14.875, 	Mean reward done: 2.264282703399658
Step: 5464064	Mean reward: 15.6875, 	Mean reward done: 2.522618293762207
Step: 5472256	Mean reward: 16.40625, 	Mean reward done: 2.7146501541137695
Step: 5480448	Mean reward: 16.25, 	Mean reward done: 2.429161548614502
Step: 5488640	Mean reward: 17.0625, 	Mean reward done: 3.3247246742248535
Step: 5496832	Mean reward: 16.1875, 	Mean reward done: 2.9307034015655518
Step: 5505024	Mean reward: 16.40625, 	Mean reward done: 3.1220855712890625
Step: 5513216	Mean reward: 16.25, 	Mean reward done: 2.8787741661071777
Step: 5521408	Mean reward: 15.8125, 	Mean reward done: 2.3207709789276123
Step: 5529600	Mean reward: 16.59375, 	Mean reward done: 2.872225046157837
Step: 5537792	Mean reward: 16.625, 	Mean reward done: 3.009507179260254
Step: 5545984	Mean reward: 16.09375, 	Mean reward done: 2.564629554748535
Step: 5554176	Mean reward: 15.25, 	Mean reward done: 2.3347561359405518
Step: 5562368	Mean reward: 14.6875, 	Mean reward done: 2.769885778427124
Step: 5570560	Mean reward: 16.34375, 	Mean reward done: 2.8375227451324463
Step: 5578752	Mean reward: 15.625, 	Mean reward done: 2.8426742553710938
Step: 5586944	Mean reward: 15.375, 	Mean reward done: 2.808562755584717
Step: 5595136	Mean reward: 15.90625, 	Mean reward done: 2.366318702697754
Step: 5603328	Mean reward: 15.1875, 	Mean reward done: 2.543550968170166
Step: 5611520	Mean reward: 14.875, 	Mean reward done: 2.483520030975342
Step: 5619712	Mean reward: 16.0, 	Mean reward done: 2.537564992904663
Step: 5627904	Mean reward: 16.375, 	Mean reward done: 2.7763149738311768
Step: 5636096	Mean reward: 18.0, 	Mean reward done: 3.005875587463379
Step: 5644288	Mean reward: 16.6875, 	Mean reward done: 3.1327598094940186
Step: 5652480	Mean reward: 16.625, 	Mean reward done: 2.81063175201416
Step: 5660672	Mean reward: 16.0, 	Mean reward done: 2.7220780849456787
Step: 5668864	Mean reward: 15.3125, 	Mean reward done: 2.4875614643096924
Step: 5677056	Mean reward: 14.96875, 	Mean reward done: 2.1315650939941406
Step: 5685248	Mean reward: 15.40625, 	Mean reward done: 2.8720924854278564
Step: 5693440	Mean reward: 15.03125, 	Mean reward done: 2.8196749687194824
Step: 5701632	Mean reward: 16.46875, 	Mean reward done: 2.922710657119751
Step: 5709824	Mean reward: 16.875, 	Mean reward done: 3.1262245178222656
Step: 5718016	Mean reward: 16.03125, 	Mean reward done: 2.918890953063965
Step: 5726208	Mean reward: 17.0625, 	Mean reward done: 3.4460031986236572
Step: 5734400	Mean reward: 16.46875, 	Mean reward done: 2.614412307739258
Step: 5742592	Mean reward: 17.53125, 	Mean reward done: 3.0304343700408936
Step: 5750784	Mean reward: 13.84375, 	Mean reward done: 2.0831305980682373
Step: 5758976	Mean reward: 17.59375, 	Mean reward done: 3.3396410942077637
Step: 5767168	Mean reward: 15.71875, 	Mean reward done: 2.616520643234253
Step: 5775360	Mean reward: 15.78125, 	Mean reward done: 2.6954472064971924
Step: 5783552	Mean reward: 17.46875, 	Mean reward done: 3.0066606998443604
Step: 5791744	Mean reward: 16.0, 	Mean reward done: 2.8548080921173096
Step: 5799936	Mean reward: 15.09375, 	Mean reward done: 2.6152350902557373
Step: 5808128	Mean reward: 15.875, 	Mean reward done: 2.3911657333374023
Step: 5816320	Mean reward: 15.71875, 	Mean reward done: 2.5736448764801025
Step: 5824512	Mean reward: 16.0625, 	Mean reward done: 3.28049898147583
Step: 5832704	Mean reward: 15.78125, 	Mean reward done: 2.7629852294921875
Step: 5840896	Mean reward: 18.15625, 	Mean reward done: 3.271716594696045
Step: 5849088	Mean reward: 17.4375, 	Mean reward done: 2.8711180686950684
Step: 5857280	Mean reward: 16.0625, 	Mean reward done: 2.749086856842041
Step: 5865472	Mean reward: 18.40625, 	Mean reward done: 3.6918020248413086
Step: 5873664	Mean reward: 17.75, 	Mean reward done: 3.583493232727051
Step: 5881856	Mean reward: 17.96875, 	Mean reward done: 3.179759979248047
Step: 5890048	Mean reward: 18.21875, 	Mean reward done: 3.3828999996185303
Step: 5898240	Mean reward: 16.78125, 	Mean reward done: 3.199805736541748
Step: 5906432	Mean reward: 17.46875, 	Mean reward done: 3.1114771366119385
Step: 5914624	Mean reward: 17.875, 	Mean reward done: 2.808096170425415
Step: 5922816	Mean reward: 15.6875, 	Mean reward done: 2.955033779144287
Step: 5931008	Mean reward: 17.03125, 	Mean reward done: 2.9256553649902344
Step: 5939200	Mean reward: 17.9375, 	Mean reward done: 3.283275604248047
Step: 5947392	Mean reward: 18.5, 	Mean reward done: 3.118983030319214
Step: 5955584	Mean reward: 17.21875, 	Mean reward done: 3.284332752227783
Step: 5963776	Mean reward: 17.5, 	Mean reward done: 2.9655981063842773
Step: 5971968	Mean reward: 17.9375, 	Mean reward done: 3.102065324783325
Step: 5980160	Mean reward: 17.25, 	Mean reward done: 2.845229387283325
Step: 5988352	Mean reward: 16.875, 	Mean reward done: 3.0099852085113525
Step: 5996544	Mean reward: 18.5625, 	Mean reward done: 3.440159797668457
Step: 6004736	Mean reward: 17.1875, 	Mean reward done: 3.096933603286743
Step: 6012928	Mean reward: 17.5625, 	Mean reward done: 3.40079927444458
Step: 6021120	Mean reward: 17.5625, 	Mean reward done: 2.8188490867614746
Step: 6029312	Mean reward: 16.125, 	Mean reward done: 2.695657730102539
Step: 6037504	Mean reward: 17.6875, 	Mean reward done: 3.0026702880859375
Step: 6045696	Mean reward: 17.125, 	Mean reward done: 2.982624053955078
Step: 6053888	Mean reward: 17.0625, 	Mean reward done: 2.9979703426361084
Step: 6062080	Mean reward: 17.9375, 	Mean reward done: 3.1144728660583496
Step: 6070272	Mean reward: 17.75, 	Mean reward done: 2.6822052001953125
Step: 6078464	Mean reward: 18.125, 	Mean reward done: 2.998128890991211
Step: 6086656	Mean reward: 16.6875, 	Mean reward done: 2.8450872898101807
Step: 6094848	Mean reward: 17.625, 	Mean reward done: 2.8069818019866943
Step: 6103040	Mean reward: 16.1875, 	Mean reward done: 2.4060332775115967
Step: 6111232	Mean reward: 16.9375, 	Mean reward done: 2.659102439880371
Step: 6119424	Mean reward: 18.6875, 	Mean reward done: 3.381930112838745
Step: 6127616	Mean reward: 17.0, 	Mean reward done: 2.8627188205718994
Step: 6135808	Mean reward: 17.65625, 	Mean reward done: 3.1048169136047363
Step: 6144000	Mean reward: 16.5625, 	Mean reward done: 2.7396438121795654
Step: 6152192	Mean reward: 16.9375, 	Mean reward done: 2.777463912963867
Step: 6160384	Mean reward: 19.46875, 	Mean reward done: 3.6133477687835693
Step: 6168576	Mean reward: 17.625, 	Mean reward done: 2.8982021808624268
Step: 6176768	Mean reward: 17.625, 	Mean reward done: 2.780951499938965
Step: 6184960	Mean reward: 17.84375, 	Mean reward done: 3.09987211227417
Step: 6193152	Mean reward: 17.4375, 	Mean reward done: 2.690014362335205
Step: 6201344	Mean reward: 17.78125, 	Mean reward done: 3.0422346591949463
Step: 6209536	Mean reward: 16.90625, 	Mean reward done: 2.853656768798828
Step: 6217728	Mean reward: 17.875, 	Mean reward done: 2.8473174571990967
Step: 6225920	Mean reward: 16.75, 	Mean reward done: 2.8040273189544678
Step: 6234112	Mean reward: 18.15625, 	Mean reward done: 3.3423361778259277
Step: 6242304	Mean reward: 16.96875, 	Mean reward done: 2.805081605911255
Step: 6250496	Mean reward: 16.6875, 	Mean reward done: 2.886249303817749
Step: 6258688	Mean reward: 16.34375, 	Mean reward done: 2.970574378967285
Step: 6266880	Mean reward: 17.34375, 	Mean reward done: 2.739912748336792
Step: 6275072	Mean reward: 16.28125, 	Mean reward done: 2.640484571456909
Step: 6283264	Mean reward: 16.59375, 	Mean reward done: 2.7740910053253174
Step: 6291456	Mean reward: 18.9375, 	Mean reward done: 2.9971325397491455
Step: 6299648	Mean reward: 17.375, 	Mean reward done: 3.29428768157959
Step: 6307840	Mean reward: 17.09375, 	Mean reward done: 2.7198479175567627
Step: 6316032	Mean reward: 17.25, 	Mean reward done: 3.3144497871398926
Step: 6324224	Mean reward: 16.875, 	Mean reward done: 2.821934700012207
Step: 6332416	Mean reward: 18.03125, 	Mean reward done: 2.959376335144043
Step: 6340608	Mean reward: 18.125, 	Mean reward done: 3.115980386734009
Step: 6348800	Mean reward: 18.15625, 	Mean reward done: 3.1693828105926514
Step: 6356992	Mean reward: 18.0625, 	Mean reward done: 3.486215829849243
Step: 6365184	Mean reward: 15.34375, 	Mean reward done: 2.683441638946533
Step: 6373376	Mean reward: 16.34375, 	Mean reward done: 2.632974147796631
Step: 6381568	Mean reward: 16.53125, 	Mean reward done: 2.5938053131103516
Step: 6389760	Mean reward: 16.21875, 	Mean reward done: 2.6639952659606934
Step: 6397952	Mean reward: 18.0, 	Mean reward done: 3.2791943550109863
Step: 6406144	Mean reward: 18.0625, 	Mean reward done: 2.988877773284912
Step: 6414336	Mean reward: 16.5625, 	Mean reward done: 2.620535373687744
Step: 6422528	Mean reward: 17.0, 	Mean reward done: 2.9095003604888916
Step: 6430720	Mean reward: 19.78125, 	Mean reward done: 3.4919848442077637
Step: 6438912	Mean reward: 17.8125, 	Mean reward done: 2.9865121841430664
Step: 6447104	Mean reward: 16.71875, 	Mean reward done: 3.1069607734680176
Step: 6455296	Mean reward: 18.78125, 	Mean reward done: 3.2670609951019287
Step: 6463488	Mean reward: 17.40625, 	Mean reward done: 3.22959566116333
Step: 6471680	Mean reward: 17.9375, 	Mean reward done: 2.998833417892456
Step: 6479872	Mean reward: 18.6875, 	Mean reward done: 2.9925873279571533
Step: 6488064	Mean reward: 17.40625, 	Mean reward done: 2.698208808898926
Step: 6496256	Mean reward: 17.40625, 	Mean reward done: 2.7778337001800537
Step: 6504448	Mean reward: 17.5625, 	Mean reward done: 3.3717453479766846
Step: 6512640	Mean reward: 16.3125, 	Mean reward done: 2.3445401191711426
Step: 6520832	Mean reward: 16.78125, 	Mean reward done: 2.3772945404052734
Step: 6529024	Mean reward: 17.71875, 	Mean reward done: 2.8022773265838623
Step: 6537216	Mean reward: 16.96875, 	Mean reward done: 2.6151061058044434
Step: 6545408	Mean reward: 17.0625, 	Mean reward done: 2.8111014366149902
Step: 6553600	Mean reward: 19.46875, 	Mean reward done: 3.458331823348999
Step: 6561792	Mean reward: 18.25, 	Mean reward done: 3.275631904602051
Step: 6569984	Mean reward: 18.625, 	Mean reward done: 2.9019575119018555
Step: 6578176	Mean reward: 17.78125, 	Mean reward done: 2.8372457027435303
Step: 6586368	Mean reward: 17.21875, 	Mean reward done: 2.649104595184326
Step: 6594560	Mean reward: 15.59375, 	Mean reward done: 2.2112491130828857
Step: 6602752	Mean reward: 18.375, 	Mean reward done: 3.5817036628723145
Step: 6610944	Mean reward: 16.90625, 	Mean reward done: 2.8588242530822754
Step: 6619136	Mean reward: 17.1875, 	Mean reward done: 2.800633430480957
Step: 6627328	Mean reward: 17.53125, 	Mean reward done: 2.9008305072784424
Step: 6635520	Mean reward: 17.8125, 	Mean reward done: 3.0360846519470215
Step: 6643712	Mean reward: 19.53125, 	Mean reward done: 3.8533341884613037
Step: 6651904	Mean reward: 18.25, 	Mean reward done: 3.0999321937561035
Step: 6660096	Mean reward: 17.59375, 	Mean reward done: 2.9826414585113525
Step: 6668288	Mean reward: 19.03125, 	Mean reward done: 3.3252885341644287
Step: 6676480	Mean reward: 17.15625, 	Mean reward done: 3.008936643600464
Step: 6684672	Mean reward: 17.90625, 	Mean reward done: 3.4351165294647217
Step: 6692864	Mean reward: 18.875, 	Mean reward done: 3.1724631786346436
Step: 6701056	Mean reward: 17.8125, 	Mean reward done: 3.394385576248169
Step: 6709248	Mean reward: 16.65625, 	Mean reward done: 2.420116901397705
Step: 6717440	Mean reward: 17.75, 	Mean reward done: 2.657649517059326
Step: 6725632	Mean reward: 17.28125, 	Mean reward done: 3.1279778480529785
Step: 6733824	Mean reward: 17.28125, 	Mean reward done: 2.996793270111084
Step: 6742016	Mean reward: 17.53125, 	Mean reward done: 2.6195647716522217
Step: 6750208	Mean reward: 17.0625, 	Mean reward done: 2.709243059158325
Step: 6758400	Mean reward: 15.40625, 	Mean reward done: 2.436917543411255
Step: 6766592	Mean reward: 16.4375, 	Mean reward done: 2.777890205383301
Step: 6774784	Mean reward: 16.84375, 	Mean reward done: 2.5588760375976562
Step: 6782976	Mean reward: 16.90625, 	Mean reward done: 2.44415283203125
Step: 6791168	Mean reward: 16.25, 	Mean reward done: 2.7742366790771484
Step: 6799360	Mean reward: 15.59375, 	Mean reward done: 2.5203917026519775
Step: 6807552	Mean reward: 16.75, 	Mean reward done: 2.458890676498413
Step: 6815744	Mean reward: 17.28125, 	Mean reward done: 2.6706087589263916
Step: 6823936	Mean reward: 17.96875, 	Mean reward done: 2.6504454612731934
Step: 6832128	Mean reward: 16.71875, 	Mean reward done: 2.747910976409912
Step: 6840320	Mean reward: 16.75, 	Mean reward done: 2.829284191131592
Step: 6848512	Mean reward: 17.46875, 	Mean reward done: 3.0334091186523438
Step: 6856704	Mean reward: 16.46875, 	Mean reward done: 2.8361148834228516
Step: 6864896	Mean reward: 16.6875, 	Mean reward done: 2.954240083694458
Step: 6873088	Mean reward: 17.75, 	Mean reward done: 2.5515475273132324
Step: 6881280	Mean reward: 17.09375, 	Mean reward done: 2.5398550033569336
Step: 6889472	Mean reward: 16.9375, 	Mean reward done: 2.835054397583008
Step: 6897664	Mean reward: 16.34375, 	Mean reward done: 2.4811744689941406
Step: 6905856	Mean reward: 17.03125, 	Mean reward done: 3.0911998748779297
Step: 6914048	Mean reward: 19.1875, 	Mean reward done: 3.240399122238159
Step: 6922240	Mean reward: 17.96875, 	Mean reward done: 3.057924509048462
Step: 6930432	Mean reward: 18.09375, 	Mean reward done: 2.8886935710906982
Step: 6938624	Mean reward: 18.0625, 	Mean reward done: 2.716557025909424
Step: 6946816	Mean reward: 18.375, 	Mean reward done: 3.091515302658081
Step: 6955008	Mean reward: 18.46875, 	Mean reward done: 3.0974395275115967
Step: 6963200	Mean reward: 18.46875, 	Mean reward done: 3.0045690536499023
Step: 6971392	Mean reward: 17.28125, 	Mean reward done: 3.2327699661254883
Step: 6979584	Mean reward: 18.1875, 	Mean reward done: 2.792400598526001
Step: 6987776	Mean reward: 16.5, 	Mean reward done: 2.988589286804199
Step: 6995968	Mean reward: 17.375, 	Mean reward done: 2.9938814640045166
Step: 7004160	Mean reward: 18.125, 	Mean reward done: 3.1100847721099854
Step: 7012352	Mean reward: 18.09375, 	Mean reward done: 3.3553144931793213
Step: 7020544	Mean reward: 16.375, 	Mean reward done: 2.897355079650879
Step: 7028736	Mean reward: 18.65625, 	Mean reward done: 2.7890710830688477
Step: 7036928	Mean reward: 19.34375, 	Mean reward done: 2.891183853149414
Step: 7045120	Mean reward: 17.9375, 	Mean reward done: 3.1930370330810547
Step: 7053312	Mean reward: 18.40625, 	Mean reward done: 2.994173288345337
Step: 7061504	Mean reward: 16.78125, 	Mean reward done: 2.7891688346862793
Step: 7069696	Mean reward: 16.875, 	Mean reward done: 3.06958270072937
Step: 7077888	Mean reward: 18.1875, 	Mean reward done: 3.0083744525909424
Step: 7086080	Mean reward: 16.25, 	Mean reward done: 2.3387341499328613
Step: 7094272	Mean reward: 18.8125, 	Mean reward done: 3.246237277984619
Step: 7102464	Mean reward: 17.71875, 	Mean reward done: 3.2108445167541504
Step: 7110656	Mean reward: 18.625, 	Mean reward done: 3.3123157024383545
Step: 7118848	Mean reward: 17.59375, 	Mean reward done: 2.6345551013946533
Step: 7127040	Mean reward: 16.90625, 	Mean reward done: 3.05419659614563
Step: 7135232	Mean reward: 17.40625, 	Mean reward done: 3.010714054107666
Step: 7143424	Mean reward: 18.5625, 	Mean reward done: 2.957085609436035
Step: 7151616	Mean reward: 18.5625, 	Mean reward done: 3.0395150184631348
Step: 7159808	Mean reward: 17.34375, 	Mean reward done: 2.7372636795043945
Step: 7168000	Mean reward: 17.28125, 	Mean reward done: 3.2215237617492676
Step: 7176192	Mean reward: 17.8125, 	Mean reward done: 3.073528289794922
Step: 7184384	Mean reward: 15.65625, 	Mean reward done: 2.5578064918518066
Step: 7192576	Mean reward: 16.75, 	Mean reward done: 2.7863433361053467
Step: 7200768	Mean reward: 18.375, 	Mean reward done: 2.7031359672546387
Step: 7208960	Mean reward: 16.0625, 	Mean reward done: 2.7741734981536865
Step: 7217152	Mean reward: 17.625, 	Mean reward done: 2.9950673580169678
Step: 7225344	Mean reward: 17.4375, 	Mean reward done: 3.036447286605835
Step: 7233536	Mean reward: 17.3125, 	Mean reward done: 2.779003143310547
Step: 7241728	Mean reward: 16.9375, 	Mean reward done: 2.7272379398345947
Step: 7249920	Mean reward: 16.40625, 	Mean reward done: 2.590353012084961
Step: 7258112	Mean reward: 17.28125, 	Mean reward done: 2.980278730392456
Step: 7266304	Mean reward: 17.1875, 	Mean reward done: 3.1637983322143555
Step: 7274496	Mean reward: 17.625, 	Mean reward done: 2.931002378463745
Step: 7282688	Mean reward: 18.28125, 	Mean reward done: 3.09385347366333
Step: 7290880	Mean reward: 17.71875, 	Mean reward done: 3.238874673843384
Step: 7299072	Mean reward: 18.8125, 	Mean reward done: 3.404170036315918
Step: 7307264	Mean reward: 18.125, 	Mean reward done: 2.931783437728882
Step: 7315456	Mean reward: 17.4375, 	Mean reward done: 3.033369302749634
Step: 7323648	Mean reward: 16.65625, 	Mean reward done: 2.492319107055664
Step: 7331840	Mean reward: 19.28125, 	Mean reward done: 3.194149971008301
Step: 7340032	Mean reward: 18.21875, 	Mean reward done: 3.7157578468322754
Step: 7348224	Mean reward: 19.3125, 	Mean reward done: 3.519495725631714
Step: 7356416	Mean reward: 18.1875, 	Mean reward done: 2.998499870300293
Step: 7364608	Mean reward: 20.28125, 	Mean reward done: 3.6180191040039062
Step: 7372800	Mean reward: 18.9375, 	Mean reward done: 3.014662027359009
Step: 7380992	Mean reward: 18.3125, 	Mean reward done: 3.182894229888916
Step: 7389184	Mean reward: 18.84375, 	Mean reward done: 3.0848515033721924
Step: 7397376	Mean reward: 18.5, 	Mean reward done: 2.9928741455078125
Step: 7405568	Mean reward: 18.3125, 	Mean reward done: 3.1665847301483154
Step: 7413760	Mean reward: 18.8125, 	Mean reward done: 3.1482114791870117
Step: 7421952	Mean reward: 21.09375, 	Mean reward done: 3.5131120681762695
Step: 7430144	Mean reward: 17.96875, 	Mean reward done: 3.012986421585083
Step: 7438336	Mean reward: 19.4375, 	Mean reward done: 3.988182544708252
Step: 7446528	Mean reward: 19.75, 	Mean reward done: 3.288482427597046
Step: 7454720	Mean reward: 18.40625, 	Mean reward done: 3.8469901084899902
Step: 7462912	Mean reward: 18.59375, 	Mean reward done: 3.533287525177002
Step: 7471104	Mean reward: 18.21875, 	Mean reward done: 2.60846209526062
Step: 7479296	Mean reward: 18.71875, 	Mean reward done: 2.887174367904663
Step: 7487488	Mean reward: 20.40625, 	Mean reward done: 3.4081013202667236
Step: 7495680	Mean reward: 18.84375, 	Mean reward done: 3.4552505016326904
Step: 7503872	Mean reward: 18.75, 	Mean reward done: 3.393198013305664
Step: 7512064	Mean reward: 17.46875, 	Mean reward done: 2.869946002960205
Step: 7520256	Mean reward: 20.03125, 	Mean reward done: 3.9012033939361572
Step: 7528448	Mean reward: 18.09375, 	Mean reward done: 2.8679070472717285
Step: 7536640	Mean reward: 19.125, 	Mean reward done: 2.9972410202026367
Step: 7544832	Mean reward: 16.4375, 	Mean reward done: 2.897350788116455
Step: 7553024	Mean reward: 19.4375, 	Mean reward done: 3.1264774799346924
Step: 7561216	Mean reward: 18.46875, 	Mean reward done: 2.8508083820343018
Step: 7569408	Mean reward: 17.53125, 	Mean reward done: 2.867725372314453
Step: 7577600	Mean reward: 19.0, 	Mean reward done: 3.9037859439849854
Step: 7585792	Mean reward: 18.96875, 	Mean reward done: 3.05184268951416
Step: 7593984	Mean reward: 18.71875, 	Mean reward done: 3.2693488597869873
Step: 7602176	Mean reward: 18.5, 	Mean reward done: 3.2436978816986084
Step: 7610368	Mean reward: 19.53125, 	Mean reward done: 3.3474042415618896
Step: 7618560	Mean reward: 18.4375, 	Mean reward done: 3.14668607711792
Step: 7626752	Mean reward: 18.375, 	Mean reward done: 3.1521339416503906
Step: 7634944	Mean reward: 18.09375, 	Mean reward done: 3.2952353954315186
Step: 7643136	Mean reward: 17.90625, 	Mean reward done: 2.875713586807251
Step: 7651328	Mean reward: 19.0625, 	Mean reward done: 3.510378122329712
Step: 7659520	Mean reward: 17.71875, 	Mean reward done: 3.061357021331787
Step: 7667712	Mean reward: 19.0625, 	Mean reward done: 2.9546098709106445
Step: 7675904	Mean reward: 18.71875, 	Mean reward done: 3.601351737976074
Step: 7684096	Mean reward: 16.21875, 	Mean reward done: 2.3257603645324707
Step: 7692288	Mean reward: 16.59375, 	Mean reward done: 2.952864408493042
Step: 7700480	Mean reward: 15.6875, 	Mean reward done: 2.487567186355591
Step: 7708672	Mean reward: 18.625, 	Mean reward done: 3.5501770973205566
Step: 7716864	Mean reward: 16.9375, 	Mean reward done: 2.669569730758667
Step: 7725056	Mean reward: 17.53125, 	Mean reward done: 2.7069811820983887
Step: 7733248	Mean reward: 19.0625, 	Mean reward done: 3.101958990097046
Step: 7741440	Mean reward: 19.40625, 	Mean reward done: 3.1350138187408447
Step: 7749632	Mean reward: 16.9375, 	Mean reward done: 3.0006089210510254
Step: 7757824	Mean reward: 18.9375, 	Mean reward done: 3.0860259532928467
Step: 7766016	Mean reward: 19.34375, 	Mean reward done: 3.1292529106140137
Step: 7774208	Mean reward: 19.09375, 	Mean reward done: 3.467538595199585
Step: 7782400	Mean reward: 18.96875, 	Mean reward done: 2.915377140045166
Step: 7790592	Mean reward: 18.5, 	Mean reward done: 3.208169460296631
Step: 7798784	Mean reward: 15.875, 	Mean reward done: 2.296365976333618
Step: 7806976	Mean reward: 19.5, 	Mean reward done: 3.2978527545928955
Step: 7815168	Mean reward: 17.75, 	Mean reward done: 2.7152886390686035
Step: 7823360	Mean reward: 16.40625, 	Mean reward done: 2.784454822540283
Step: 7831552	Mean reward: 17.90625, 	Mean reward done: 3.0306396484375
Step: 7839744	Mean reward: 17.8125, 	Mean reward done: 2.8673019409179688
Step: 7847936	Mean reward: 19.09375, 	Mean reward done: 2.8504111766815186
Step: 7856128	Mean reward: 17.40625, 	Mean reward done: 3.3890116214752197
Step: 7864320	Mean reward: 16.9375, 	Mean reward done: 2.5428273677825928
Step: 7872512	Mean reward: 16.90625, 	Mean reward done: 2.656597852706909
Step: 7880704	Mean reward: 18.0, 	Mean reward done: 2.932896614074707
Step: 7888896	Mean reward: 17.96875, 	Mean reward done: 2.5332157611846924
Step: 7897088	Mean reward: 18.375, 	Mean reward done: 3.5358951091766357
Step: 7905280	Mean reward: 18.90625, 	Mean reward done: 3.078295946121216
Step: 7913472	Mean reward: 17.28125, 	Mean reward done: 2.88905668258667
Step: 7921664	Mean reward: 19.71875, 	Mean reward done: 4.110585689544678
Step: 7929856	Mean reward: 16.8125, 	Mean reward done: 2.6762866973876953
Step: 7938048	Mean reward: 18.9375, 	Mean reward done: 3.506537914276123
Step: 7946240	Mean reward: 17.8125, 	Mean reward done: 3.231447458267212
Step: 7954432	Mean reward: 17.71875, 	Mean reward done: 3.0147979259490967
Step: 7962624	Mean reward: 17.78125, 	Mean reward done: 3.2390270233154297
Step: 7970816	Mean reward: 17.8125, 	Mean reward done: 2.8825643062591553
Step: 7979008	Mean reward: 18.0625, 	Mean reward done: 3.4500880241394043
Step: 7987200	Mean reward: 18.84375, 	Mean reward done: 3.2547354698181152
Step: 7995392	Mean reward: 19.6875, 	Mean reward done: 3.8523030281066895
Step: 8003584	Mean reward: 16.65625, 	Mean reward done: 2.509209156036377
Completed training of sd_n_mx_sp!

------------------------------------------------------------
Sender: LSF System <lsfadmin@n-62-20-6>
Subject: Job 8473438: <sd_n_mx_sp> in cluster <dcc> Done

Job <sd_n_mx_sp> was submitted from host <n-62-30-4> by user <s192288> in cluster <dcc> at Thu Dec  3 20:29:24 2020
Job was executed on host(s) <n-62-20-6>, in queue <gpuv100>, as user <s192288> in cluster <dcc> at Thu Dec  3 21:26:11 2020
</zhome/09/9/144141> was used as the home directory.
</zhome/09/9/144141/Desktop/Deep_l_hpc> was used as the working directory.
Started at Thu Dec  3 21:26:11 2020
Terminated at Fri Dec  4 03:40:21 2020
Results reported at Fri Dec  4 03:40:21 2020

Your job looked like:

------------------------------------------------------------
# LSBATCH: User input
#!/bin/sh

#BSUB -J sd_n_mx_sp

#BSUB -q gpuv100

#BSUB -gpu "num=1"

#BSUB -n 1

#BSUB -W 23:45

#BSUB -R "rusage[mem=16GB]"

#BSUB -o sd_n_mx_sp.out

#BSUB -e sd_n_mx_sp.err

# Load modules

module load python3/3.8.2
module load cuda/8.0
module load cudnn/v7.0-prod-cuda8
module load ffmpeg/4.2.2
pip3 install --user torch matplotlib procgen gym 

# 1 = model_name, 2 = encoder_index, 3 = aug_index, 4 = mix_reg, 5 = game
#the name of the run
#encoder_index 0 = Impala, 1 = Nature  
#aug_index: 0 = None, 1 = grayscale, 2 = random_cutout, 3 = color_jitter
#mixreg: 0 = False, 1 = True 
#type of game

python3 train_ppo.py sd_n_mx_sp 1 0 1 starpilot 



------------------------------------------------------------

Successfully completed.

Resource usage summary:

    CPU time :                                   22295.77 sec.
    Max Memory :                                 9103 MB
    Average Memory :                             9037.92 MB
    Total Requested Memory :                     16384.00 MB
    Delta Memory :                               7281.00 MB
    Max Swap :                                   -
    Max Processes :                              4
    Max Threads :                                13
    Run time :                                   22513 sec.
    Turnaround time :                            25857 sec.

The output (if any) is above this job summary.



PS:

Read file <sd_n_mx_sp.err> for stderr output of this job.

