Requirement already satisfied: torch in /zhome/09/9/144141/.local/lib/python3.8/site-packages (1.7.0)
Requirement already satisfied: matplotlib in /zhome/09/9/144141/.local/lib/python3.8/site-packages (3.3.3)
Requirement already satisfied: procgen in /zhome/09/9/144141/.local/lib/python3.8/site-packages (0.10.4)
Requirement already satisfied: gym in /zhome/09/9/144141/.local/lib/python3.8/site-packages (0.17.3)
Requirement already satisfied: numpy in /zhome/09/9/144141/.local/lib/python3.8/site-packages (from torch) (1.19.4)
Requirement already satisfied: future in /zhome/09/9/144141/.local/lib/python3.8/site-packages (from torch) (0.18.2)
Requirement already satisfied: dataclasses in /zhome/09/9/144141/.local/lib/python3.8/site-packages (from torch) (0.6)
Requirement already satisfied: typing-extensions in /zhome/09/9/144141/.local/lib/python3.8/site-packages (from torch) (3.7.4.3)
Requirement already satisfied: cycler>=0.10 in /zhome/09/9/144141/.local/lib/python3.8/site-packages (from matplotlib) (0.10.0)
Requirement already satisfied: python-dateutil>=2.1 in /zhome/09/9/144141/.local/lib/python3.8/site-packages (from matplotlib) (2.8.1)
Requirement already satisfied: kiwisolver>=1.0.1 in /zhome/09/9/144141/.local/lib/python3.8/site-packages (from matplotlib) (1.3.1)
Requirement already satisfied: pillow>=6.2.0 in /zhome/09/9/144141/.local/lib/python3.8/site-packages (from matplotlib) (8.0.1)
Requirement already satisfied: pyparsing!=2.0.4,!=2.1.2,!=2.1.6,>=2.0.3 in /zhome/09/9/144141/.local/lib/python3.8/site-packages (from matplotlib) (2.4.7)
Requirement already satisfied: gym3<1.0.0,>=0.3.3 in /zhome/09/9/144141/.local/lib/python3.8/site-packages (from procgen) (0.3.3)
Requirement already satisfied: filelock<4.0.0,>=3.0.0 in /zhome/09/9/144141/.local/lib/python3.8/site-packages (from procgen) (3.0.12)
Requirement already satisfied: scipy in /zhome/09/9/144141/.local/lib/python3.8/site-packages (from gym) (1.5.4)
Requirement already satisfied: pyglet<=1.5.0,>=1.4.0 in /zhome/09/9/144141/.local/lib/python3.8/site-packages (from gym) (1.5.0)
Requirement already satisfied: cloudpickle<1.7.0,>=1.2.0 in /zhome/09/9/144141/.local/lib/python3.8/site-packages (from gym) (1.6.0)
Requirement already satisfied: six in /zhome/09/9/144141/.local/lib/python3.8/site-packages (from cycler>=0.10->matplotlib) (1.15.0)
Requirement already satisfied: imageio-ffmpeg<0.4.0,>=0.3.0 in /zhome/09/9/144141/.local/lib/python3.8/site-packages (from gym3<1.0.0,>=0.3.3->procgen) (0.3.0)
Requirement already satisfied: imageio<3.0.0,>=2.6.0 in /zhome/09/9/144141/.local/lib/python3.8/site-packages (from gym3<1.0.0,>=0.3.3->procgen) (2.9.0)
Requirement already satisfied: glfw<2.0.0,>=1.8.6 in /zhome/09/9/144141/.local/lib/python3.8/site-packages (from gym3<1.0.0,>=0.3.3->procgen) (1.12.0)
Requirement already satisfied: moderngl<6.0.0,>=5.5.4 in /zhome/09/9/144141/.local/lib/python3.8/site-packages (from gym3<1.0.0,>=0.3.3->procgen) (5.6.2)
Requirement already satisfied: cffi<2.0.0,>=1.13.0 in /zhome/09/9/144141/.local/lib/python3.8/site-packages (from gym3<1.0.0,>=0.3.3->procgen) (1.14.4)
Requirement already satisfied: glcontext<3,>=2 in /zhome/09/9/144141/.local/lib/python3.8/site-packages (from moderngl<6.0.0,>=5.5.4->gym3<1.0.0,>=0.3.3->procgen) (2.2.0)
Requirement already satisfied: pycparser in /zhome/09/9/144141/.local/lib/python3.8/site-packages (from cffi<2.0.0,>=1.13.0->gym3<1.0.0,>=0.3.3->procgen) (2.20)
Run name sd_i_rc_cr
Encoder used Impala
Augumentation used random_cutout
Mixreg? False
Game coinrun
Observation space: Box(0.0, 1.0, (3, 64, 64), float32)
Action space: 15
Beware of the Impala!
Step: 8192	Mean reward: 0.625, 	Mean reward done: 0.3125
Estimated time of completion: 7.258011480896837 hours
Step: 16384	Mean reward: 2.8125, 	Mean reward done: 1.40625
Step: 24576	Mean reward: 2.8125, 	Mean reward done: 1.3020832538604736
Step: 32768	Mean reward: 4.375, 	Mean reward done: 1.8749998807907104
Step: 40960	Mean reward: 7.5, 	Mean reward done: 2.9166667461395264
Step: 49152	Mean reward: 8.4375, 	Mean reward done: 3.0208332538604736
Step: 57344	Mean reward: 10.3125, 	Mean reward done: 3.4895832538604736
Step: 65536	Mean reward: 14.0625, 	Mean reward done: 4.3229169845581055
Step: 73728	Mean reward: 15.625, 	Mean reward done: 3.7135419845581055
Step: 81920	Mean reward: 20.0, 	Mean reward done: 4.796875
Step: 90112	Mean reward: 17.1875, 	Mean reward done: 4.182291507720947
Step: 98304	Mean reward: 21.25, 	Mean reward done: 4.279761791229248
Step: 106496	Mean reward: 24.6875, 	Mean reward done: 4.805059909820557
Step: 114688	Mean reward: 25.9375, 	Mean reward done: 5.110118389129639
Step: 122880	Mean reward: 30.9375, 	Mean reward done: 5.343378067016602
Step: 131072	Mean reward: 26.875, 	Mean reward done: 5.043526649475098
Step: 139264	Mean reward: 34.6875, 	Mean reward done: 5.549478530883789
Step: 147456	Mean reward: 33.4375, 	Mean reward done: 5.478422164916992
Step: 155648	Mean reward: 33.125, 	Mean reward done: 5.3015875816345215
Step: 163840	Mean reward: 31.875, 	Mean reward done: 4.975694179534912
Step: 172032	Mean reward: 38.125, 	Mean reward done: 5.7421875
Step: 180224	Mean reward: 34.375, 	Mean reward done: 5.41765832901001
Step: 188416	Mean reward: 34.375, 	Mean reward done: 5.340773105621338
Step: 196608	Mean reward: 35.9375, 	Mean reward done: 5.791170120239258
Step: 204800	Mean reward: 31.5625, 	Mean reward done: 5.268228530883789
Step: 212992	Mean reward: 34.6875, 	Mean reward done: 5.630704879760742
Step: 221184	Mean reward: 35.9375, 	Mean reward done: 5.766865253448486
Step: 229376	Mean reward: 36.25, 	Mean reward done: 5.677578926086426
Step: 237568	Mean reward: 35.3125, 	Mean reward done: 6.0181050300598145
Step: 245760	Mean reward: 34.6875, 	Mean reward done: 5.4889631271362305
Step: 253952	Mean reward: 33.75, 	Mean reward done: 5.580852508544922
Step: 262144	Mean reward: 42.1875, 	Mean reward done: 5.852305889129639
Step: 270336	Mean reward: 36.5625, 	Mean reward done: 5.935019493103027
Step: 278528	Mean reward: 36.25, 	Mean reward done: 6.059523582458496
Step: 286720	Mean reward: 35.3125, 	Mean reward done: 5.746899604797363
Step: 294912	Mean reward: 34.375, 	Mean reward done: 5.20501184463501
Step: 303104	Mean reward: 36.25, 	Mean reward done: 5.667214393615723
Step: 311296	Mean reward: 39.0625, 	Mean reward done: 5.6661906242370605
Step: 319488	Mean reward: 34.375, 	Mean reward done: 5.4178972244262695
Step: 327680	Mean reward: 41.25, 	Mean reward done: 5.934728145599365
Step: 335872	Mean reward: 34.0625, 	Mean reward done: 6.061320781707764
Step: 344064	Mean reward: 36.875, 	Mean reward done: 5.771214008331299
Step: 352256	Mean reward: 37.8125, 	Mean reward done: 6.168365478515625
Step: 360448	Mean reward: 38.4375, 	Mean reward done: 6.234335422515869
Step: 368640	Mean reward: 39.0625, 	Mean reward done: 5.81949520111084
Step: 376832	Mean reward: 36.5625, 	Mean reward done: 5.613642692565918
Step: 385024	Mean reward: 37.1875, 	Mean reward done: 5.685925006866455
Step: 393216	Mean reward: 37.5, 	Mean reward done: 5.506519317626953
Step: 401408	Mean reward: 33.4375, 	Mean reward done: 5.311406135559082
Step: 409600	Mean reward: 41.25, 	Mean reward done: 5.908334732055664
Step: 417792	Mean reward: 31.25, 	Mean reward done: 5.2317423820495605
Step: 425984	Mean reward: 33.125, 	Mean reward done: 5.53846549987793
Step: 434176	Mean reward: 34.6875, 	Mean reward done: 5.806302070617676
Step: 442368	Mean reward: 32.5, 	Mean reward done: 5.566617012023926
Step: 450560	Mean reward: 33.4375, 	Mean reward done: 5.21223258972168
Step: 458752	Mean reward: 29.6875, 	Mean reward done: 4.795739650726318
Step: 466944	Mean reward: 37.5, 	Mean reward done: 6.186785697937012
Step: 475136	Mean reward: 40.0, 	Mean reward done: 5.976657867431641
Step: 483328	Mean reward: 33.75, 	Mean reward done: 5.319058895111084
Step: 491520	Mean reward: 34.375, 	Mean reward done: 5.3465471267700195
Step: 499712	Mean reward: 35.9375, 	Mean reward done: 5.74736213684082
Step: 507904	Mean reward: 35.0, 	Mean reward done: 5.846091270446777
Step: 516096	Mean reward: 33.125, 	Mean reward done: 5.504016876220703
Step: 524288	Mean reward: 32.8125, 	Mean reward done: 5.489323616027832
Step: 532480	Mean reward: 34.0625, 	Mean reward done: 5.449923992156982
Step: 540672	Mean reward: 32.5, 	Mean reward done: 5.3426690101623535
Step: 548864	Mean reward: 29.375, 	Mean reward done: 4.62015438079834
Step: 557056	Mean reward: 39.0625, 	Mean reward done: 6.332799911499023
Step: 565248	Mean reward: 36.875, 	Mean reward done: 5.975353240966797
Step: 573440	Mean reward: 30.9375, 	Mean reward done: 5.306225299835205
Step: 581632	Mean reward: 32.8125, 	Mean reward done: 5.441725730895996
Step: 589824	Mean reward: 39.375, 	Mean reward done: 5.997495651245117
Step: 598016	Mean reward: 39.0625, 	Mean reward done: 5.833489894866943
Step: 606208	Mean reward: 32.1875, 	Mean reward done: 5.349867820739746
Step: 614400	Mean reward: 33.125, 	Mean reward done: 5.552576065063477
Step: 622592	Mean reward: 33.75, 	Mean reward done: 5.966526508331299
Step: 630784	Mean reward: 39.0625, 	Mean reward done: 5.656540393829346
Step: 638976	Mean reward: 32.1875, 	Mean reward done: 5.061356544494629
Step: 647168	Mean reward: 36.875, 	Mean reward done: 5.671353340148926
Step: 655360	Mean reward: 35.625, 	Mean reward done: 5.675338268280029
Step: 663552	Mean reward: 39.6875, 	Mean reward done: 6.086246967315674
Step: 671744	Mean reward: 36.5625, 	Mean reward done: 5.603410720825195
Step: 679936	Mean reward: 35.625, 	Mean reward done: 5.630492210388184
Step: 688128	Mean reward: 41.25, 	Mean reward done: 6.210941791534424
Step: 696320	Mean reward: 33.4375, 	Mean reward done: 5.297828674316406
Step: 704512	Mean reward: 39.375, 	Mean reward done: 5.672643661499023
Step: 712704	Mean reward: 35.3125, 	Mean reward done: 5.580684185028076
Step: 720896	Mean reward: 40.0, 	Mean reward done: 5.811591625213623
Step: 729088	Mean reward: 36.25, 	Mean reward done: 5.756647109985352
Step: 737280	Mean reward: 33.125, 	Mean reward done: 5.320033550262451
Step: 745472	Mean reward: 35.9375, 	Mean reward done: 5.444147109985352
Step: 753664	Mean reward: 37.8125, 	Mean reward done: 5.607530117034912
Step: 761856	Mean reward: 37.8125, 	Mean reward done: 5.802742004394531
Step: 770048	Mean reward: 33.125, 	Mean reward done: 5.365550994873047
Step: 778240	Mean reward: 34.6875, 	Mean reward done: 5.719509601593018
Step: 786432	Mean reward: 34.0625, 	Mean reward done: 5.598644256591797
Step: 794624	Mean reward: 35.9375, 	Mean reward done: 5.704197406768799
Step: 802816	Mean reward: 32.5, 	Mean reward done: 5.4994730949401855
Step: 811008	Mean reward: 33.125, 	Mean reward done: 5.214040756225586
Step: 819200	Mean reward: 30.625, 	Mean reward done: 4.873588562011719
Step: 827392	Mean reward: 32.1875, 	Mean reward done: 5.413043022155762
Step: 835584	Mean reward: 33.4375, 	Mean reward done: 5.410932540893555
Step: 843776	Mean reward: 35.625, 	Mean reward done: 5.67256498336792
Step: 851968	Mean reward: 33.125, 	Mean reward done: 5.290951251983643
Step: 860160	Mean reward: 36.5625, 	Mean reward done: 5.251923084259033
Step: 868352	Mean reward: 33.125, 	Mean reward done: 5.211251258850098
Step: 876544	Mean reward: 32.8125, 	Mean reward done: 5.03575325012207
Step: 884736	Mean reward: 30.0, 	Mean reward done: 5.0289411544799805
Step: 892928	Mean reward: 35.3125, 	Mean reward done: 5.577800750732422
Step: 901120	Mean reward: 35.9375, 	Mean reward done: 5.551727771759033
Step: 909312	Mean reward: 34.375, 	Mean reward done: 5.286509037017822
Step: 917504	Mean reward: 26.5625, 	Mean reward done: 4.575533390045166
Step: 925696	Mean reward: 23.75, 	Mean reward done: 4.152681350708008
Step: 933888	Mean reward: 31.5625, 	Mean reward done: 5.0524983406066895
Step: 942080	Mean reward: 29.375, 	Mean reward done: 4.565505504608154
Step: 950272	Mean reward: 25.625, 	Mean reward done: 4.283260345458984
Step: 958464	Mean reward: 24.6875, 	Mean reward done: 4.647094249725342
Step: 966656	Mean reward: 26.5625, 	Mean reward done: 4.677474021911621
Step: 974848	Mean reward: 25.9375, 	Mean reward done: 4.636256694793701
Step: 983040	Mean reward: 30.9375, 	Mean reward done: 5.115314483642578
Step: 991232	Mean reward: 26.875, 	Mean reward done: 4.77192497253418
Step: 999424	Mean reward: 33.75, 	Mean reward done: 5.223935604095459
Step: 1007616	Mean reward: 32.5, 	Mean reward done: 5.396726131439209
Step: 1015808	Mean reward: 24.375, 	Mean reward done: 5.04708194732666
Step: 1024000	Mean reward: 31.5625, 	Mean reward done: 5.300828456878662
Step: 1032192	Mean reward: 26.875, 	Mean reward done: 4.84920072555542
Step: 1040384	Mean reward: 31.25, 	Mean reward done: 4.907304286956787
Step: 1048576	Mean reward: 33.4375, 	Mean reward done: 5.375820636749268
Step: 1056768	Mean reward: 27.1875, 	Mean reward done: 4.69569730758667
Step: 1064960	Mean reward: 30.9375, 	Mean reward done: 5.3108367919921875
Step: 1073152	Mean reward: 30.0, 	Mean reward done: 5.06147575378418
Step: 1081344	Mean reward: 31.25, 	Mean reward done: 5.061833381652832
Step: 1089536	Mean reward: 27.5, 	Mean reward done: 4.880951404571533
Step: 1097728	Mean reward: 26.5625, 	Mean reward done: 4.906768798828125
Step: 1105920	Mean reward: 30.3125, 	Mean reward done: 5.021571636199951
Step: 1114112	Mean reward: 36.5625, 	Mean reward done: 5.973982334136963
Step: 1122304	Mean reward: 31.25, 	Mean reward done: 5.4348039627075195
Step: 1130496	Mean reward: 31.25, 	Mean reward done: 5.398365497589111
Step: 1138688	Mean reward: 31.25, 	Mean reward done: 5.2648162841796875
Step: 1146880	Mean reward: 25.625, 	Mean reward done: 4.74777364730835
Step: 1155072	Mean reward: 24.6875, 	Mean reward done: 4.248356819152832
Step: 1163264	Mean reward: 33.75, 	Mean reward done: 5.224799156188965
Step: 1171456	Mean reward: 25.9375, 	Mean reward done: 4.822878360748291
Step: 1179648	Mean reward: 33.125, 	Mean reward done: 5.047134876251221
Step: 1187840	Mean reward: 29.6875, 	Mean reward done: 4.998263835906982
Step: 1196032	Mean reward: 28.4375, 	Mean reward done: 4.712833881378174
Step: 1204224	Mean reward: 34.0625, 	Mean reward done: 5.674176216125488
Step: 1212416	Mean reward: 31.875, 	Mean reward done: 5.155115127563477
Step: 1220608	Mean reward: 27.5, 	Mean reward done: 4.963168144226074
Step: 1228800	Mean reward: 30.3125, 	Mean reward done: 4.860870361328125
Step: 1236992	Mean reward: 31.25, 	Mean reward done: 4.949158668518066
Step: 1245184	Mean reward: 30.9375, 	Mean reward done: 5.322051048278809
Step: 1253376	Mean reward: 36.25, 	Mean reward done: 5.2696213722229
Step: 1261568	Mean reward: 35.3125, 	Mean reward done: 5.584478855133057
Step: 1269760	Mean reward: 38.125, 	Mean reward done: 5.542304992675781
Step: 1277952	Mean reward: 40.3125, 	Mean reward done: 5.8510026931762695
Step: 1286144	Mean reward: 34.6875, 	Mean reward done: 5.579246997833252
Step: 1294336	Mean reward: 34.0625, 	Mean reward done: 5.448449611663818
Step: 1302528	Mean reward: 30.3125, 	Mean reward done: 4.481613636016846
Step: 1310720	Mean reward: 30.9375, 	Mean reward done: 4.850971698760986
Step: 1318912	Mean reward: 34.0625, 	Mean reward done: 5.062179088592529
Step: 1327104	Mean reward: 31.875, 	Mean reward done: 5.076104164123535
Step: 1335296	Mean reward: 29.375, 	Mean reward done: 4.918840408325195
Step: 1343488	Mean reward: 29.6875, 	Mean reward done: 4.766563892364502
Step: 1351680	Mean reward: 30.9375, 	Mean reward done: 4.431974411010742
Step: 1359872	Mean reward: 31.5625, 	Mean reward done: 4.895687103271484
Step: 1368064	Mean reward: 31.25, 	Mean reward done: 5.24338960647583
Step: 1376256	Mean reward: 36.875, 	Mean reward done: 5.66618013381958
Step: 1384448	Mean reward: 35.9375, 	Mean reward done: 5.46303653717041
Step: 1392640	Mean reward: 32.5, 	Mean reward done: 5.21648645401001
Step: 1400832	Mean reward: 32.5, 	Mean reward done: 5.345087051391602
Step: 1409024	Mean reward: 38.125, 	Mean reward done: 5.794516563415527
Step: 1417216	Mean reward: 34.375, 	Mean reward done: 5.338010787963867
Step: 1425408	Mean reward: 42.1875, 	Mean reward done: 5.9363603591918945
Step: 1433600	Mean reward: 33.4375, 	Mean reward done: 5.207685470581055
Step: 1441792	Mean reward: 31.5625, 	Mean reward done: 4.986752033233643
Step: 1449984	Mean reward: 31.5625, 	Mean reward done: 5.128475666046143
Step: 1458176	Mean reward: 40.9375, 	Mean reward done: 5.851356029510498
Step: 1466368	Mean reward: 31.875, 	Mean reward done: 5.192703723907471
Step: 1474560	Mean reward: 33.75, 	Mean reward done: 5.629098415374756
Step: 1482752	Mean reward: 38.75, 	Mean reward done: 5.778111934661865
Step: 1490944	Mean reward: 33.4375, 	Mean reward done: 5.465869903564453
Step: 1499136	Mean reward: 33.4375, 	Mean reward done: 5.584832668304443
Step: 1507328	Mean reward: 34.6875, 	Mean reward done: 5.388496398925781
Step: 1515520	Mean reward: 36.5625, 	Mean reward done: 5.99615478515625
Step: 1523712	Mean reward: 27.8125, 	Mean reward done: 4.822393417358398
Step: 1531904	Mean reward: 34.0625, 	Mean reward done: 5.400069713592529
Step: 1540096	Mean reward: 26.875, 	Mean reward done: 4.577505111694336
Step: 1548288	Mean reward: 38.125, 	Mean reward done: 6.065298557281494
Step: 1556480	Mean reward: 31.25, 	Mean reward done: 5.239426136016846
Step: 1564672	Mean reward: 30.3125, 	Mean reward done: 5.204397201538086
Step: 1572864	Mean reward: 37.8125, 	Mean reward done: 5.793032646179199
Step: 1581056	Mean reward: 32.1875, 	Mean reward done: 5.673658847808838
Step: 1589248	Mean reward: 36.25, 	Mean reward done: 5.676356792449951
Step: 1597440	Mean reward: 32.1875, 	Mean reward done: 5.659335613250732
Step: 1605632	Mean reward: 29.375, 	Mean reward done: 5.0324506759643555
Step: 1613824	Mean reward: 32.5, 	Mean reward done: 5.219738006591797
Step: 1622016	Mean reward: 32.1875, 	Mean reward done: 4.985584259033203
Step: 1630208	Mean reward: 38.4375, 	Mean reward done: 5.486838340759277
Step: 1638400	Mean reward: 30.625, 	Mean reward done: 5.101069450378418
Step: 1646592	Mean reward: 33.75, 	Mean reward done: 5.284987926483154
Step: 1654784	Mean reward: 37.8125, 	Mean reward done: 5.858582973480225
Step: 1662976	Mean reward: 29.6875, 	Mean reward done: 4.8680949211120605
Step: 1671168	Mean reward: 36.25, 	Mean reward done: 5.255121231079102
Step: 1679360	Mean reward: 39.6875, 	Mean reward done: 5.977017402648926
Step: 1687552	Mean reward: 39.0625, 	Mean reward done: 6.191998481750488
Step: 1695744	Mean reward: 31.5625, 	Mean reward done: 5.140010356903076
Step: 1703936	Mean reward: 40.9375, 	Mean reward done: 5.703132629394531
Step: 1712128	Mean reward: 34.6875, 	Mean reward done: 5.868810653686523
Step: 1720320	Mean reward: 42.5, 	Mean reward done: 6.080776691436768
Step: 1728512	Mean reward: 41.25, 	Mean reward done: 5.87865686416626
Step: 1736704	Mean reward: 38.75, 	Mean reward done: 5.994733810424805
Step: 1744896	Mean reward: 35.0, 	Mean reward done: 5.662950038909912
Step: 1753088	Mean reward: 40.0, 	Mean reward done: 5.744016647338867
Step: 1761280	Mean reward: 45.3125, 	Mean reward done: 6.453799247741699
Step: 1769472	Mean reward: 42.1875, 	Mean reward done: 6.389304161071777
Step: 1777664	Mean reward: 44.6875, 	Mean reward done: 6.505220890045166
Step: 1785856	Mean reward: 45.625, 	Mean reward done: 6.381890773773193
Step: 1794048	Mean reward: 43.75, 	Mean reward done: 6.239262580871582
Step: 1802240	Mean reward: 43.75, 	Mean reward done: 6.255434036254883
Step: 1810432	Mean reward: 47.1875, 	Mean reward done: 6.3205060958862305
Step: 1818624	Mean reward: 40.9375, 	Mean reward done: 5.986467361450195
Step: 1826816	Mean reward: 43.75, 	Mean reward done: 6.303284645080566
Step: 1835008	Mean reward: 38.75, 	Mean reward done: 5.953686714172363
Step: 1843200	Mean reward: 43.4375, 	Mean reward done: 6.145491600036621
Step: 1851392	Mean reward: 44.375, 	Mean reward done: 6.275742053985596
Step: 1859584	Mean reward: 43.125, 	Mean reward done: 6.010758399963379
Step: 1867776	Mean reward: 45.625, 	Mean reward done: 6.1976752281188965
Step: 1875968	Mean reward: 38.75, 	Mean reward done: 5.60571813583374
Step: 1884160	Mean reward: 37.8125, 	Mean reward done: 5.728826522827148
Step: 1892352	Mean reward: 36.25, 	Mean reward done: 5.776816368103027
Step: 1900544	Mean reward: 35.625, 	Mean reward done: 5.320664405822754
Step: 1908736	Mean reward: 43.75, 	Mean reward done: 6.322649955749512
Step: 1916928	Mean reward: 37.5, 	Mean reward done: 5.744381904602051
Step: 1925120	Mean reward: 42.5, 	Mean reward done: 5.981345176696777
Step: 1933312	Mean reward: 34.0625, 	Mean reward done: 5.688466548919678
Step: 1941504	Mean reward: 40.9375, 	Mean reward done: 6.105981826782227
Step: 1949696	Mean reward: 31.875, 	Mean reward done: 5.3449602127075195
Step: 1957888	Mean reward: 30.9375, 	Mean reward done: 5.1112380027771
Step: 1966080	Mean reward: 32.1875, 	Mean reward done: 4.820938587188721
Step: 1974272	Mean reward: 35.0, 	Mean reward done: 5.068295001983643
Step: 1982464	Mean reward: 34.375, 	Mean reward done: 5.139927864074707
Step: 1990656	Mean reward: 33.75, 	Mean reward done: 5.265357971191406
Step: 1998848	Mean reward: 30.0, 	Mean reward done: 4.887779712677002
Step: 2007040	Mean reward: 29.0625, 	Mean reward done: 5.114902019500732
Step: 2015232	Mean reward: 27.8125, 	Mean reward done: 4.664816379547119
Step: 2023424	Mean reward: 31.5625, 	Mean reward done: 4.999946594238281
Step: 2031616	Mean reward: 30.625, 	Mean reward done: 4.766048908233643
Step: 2039808	Mean reward: 26.5625, 	Mean reward done: 4.415031433105469
Step: 2048000	Mean reward: 29.0625, 	Mean reward done: 4.689873218536377
Step: 2056192	Mean reward: 29.6875, 	Mean reward done: 4.732230186462402
Step: 2064384	Mean reward: 34.375, 	Mean reward done: 4.8860015869140625
Step: 2072576	Mean reward: 39.375, 	Mean reward done: 5.381721019744873
Step: 2080768	Mean reward: 32.5, 	Mean reward done: 5.0596442222595215
Step: 2088960	Mean reward: 32.5, 	Mean reward done: 4.911803722381592
Step: 2097152	Mean reward: 30.625, 	Mean reward done: 4.893351078033447
Step: 2105344	Mean reward: 32.1875, 	Mean reward done: 4.784278869628906
Step: 2113536	Mean reward: 31.875, 	Mean reward done: 5.056918621063232
Step: 2121728	Mean reward: 38.125, 	Mean reward done: 5.619535446166992
Step: 2129920	Mean reward: 36.5625, 	Mean reward done: 6.004451274871826
Step: 2138112	Mean reward: 40.9375, 	Mean reward done: 5.890672206878662
Step: 2146304	Mean reward: 36.5625, 	Mean reward done: 5.395271301269531
Step: 2154496	Mean reward: 39.0625, 	Mean reward done: 5.930899143218994
Step: 2162688	Mean reward: 43.4375, 	Mean reward done: 5.952971458435059
Step: 2170880	Mean reward: 42.1875, 	Mean reward done: 5.801575183868408
Step: 2179072	Mean reward: 37.1875, 	Mean reward done: 5.607147216796875
Step: 2187264	Mean reward: 32.8125, 	Mean reward done: 5.13309383392334
Step: 2195456	Mean reward: 39.0625, 	Mean reward done: 5.935704708099365
Step: 2203648	Mean reward: 38.125, 	Mean reward done: 5.199377059936523
Step: 2211840	Mean reward: 37.5, 	Mean reward done: 5.340752124786377
Step: 2220032	Mean reward: 35.625, 	Mean reward done: 5.179018497467041
Step: 2228224	Mean reward: 30.0, 	Mean reward done: 4.830122947692871
Step: 2236416	Mean reward: 29.6875, 	Mean reward done: 4.5376296043396
Step: 2244608	Mean reward: 23.75, 	Mean reward done: 3.963261604309082
Step: 2252800	Mean reward: 30.3125, 	Mean reward done: 4.894722938537598
Step: 2260992	Mean reward: 34.375, 	Mean reward done: 5.2470502853393555
Step: 2269184	Mean reward: 40.625, 	Mean reward done: 5.837116718292236
Step: 2277376	Mean reward: 37.5, 	Mean reward done: 5.469637393951416
Step: 2285568	Mean reward: 35.625, 	Mean reward done: 5.338591575622559
Step: 2293760	Mean reward: 27.5, 	Mean reward done: 5.104479789733887
Step: 2301952	Mean reward: 35.625, 	Mean reward done: 5.571618556976318
Step: 2310144	Mean reward: 36.875, 	Mean reward done: 5.792850494384766
Step: 2318336	Mean reward: 38.75, 	Mean reward done: 6.154263019561768
Step: 2326528	Mean reward: 37.1875, 	Mean reward done: 5.718338489532471
Step: 2334720	Mean reward: 37.5, 	Mean reward done: 5.433642864227295
Step: 2342912	Mean reward: 35.9375, 	Mean reward done: 5.406496047973633
Step: 2351104	Mean reward: 44.375, 	Mean reward done: 5.949090480804443
Step: 2359296	Mean reward: 34.375, 	Mean reward done: 5.369313716888428
Step: 2367488	Mean reward: 30.625, 	Mean reward done: 4.733155727386475
Step: 2375680	Mean reward: 36.875, 	Mean reward done: 5.513308525085449
Step: 2383872	Mean reward: 28.4375, 	Mean reward done: 4.6225738525390625
Step: 2392064	Mean reward: 30.9375, 	Mean reward done: 4.811434268951416
Step: 2400256	Mean reward: 29.6875, 	Mean reward done: 4.8667144775390625
Step: 2408448	Mean reward: 40.0, 	Mean reward done: 5.154505729675293
Step: 2416640	Mean reward: 31.25, 	Mean reward done: 5.032150745391846
Step: 2424832	Mean reward: 35.625, 	Mean reward done: 5.51536750793457
Step: 2433024	Mean reward: 37.5, 	Mean reward done: 5.3995466232299805
Step: 2441216	Mean reward: 35.0, 	Mean reward done: 5.460662364959717
Step: 2449408	Mean reward: 34.6875, 	Mean reward done: 5.2027974128723145
Step: 2457600	Mean reward: 37.8125, 	Mean reward done: 5.317895889282227
Step: 2465792	Mean reward: 34.6875, 	Mean reward done: 5.359277725219727
Step: 2473984	Mean reward: 31.875, 	Mean reward done: 4.87739372253418
Step: 2482176	Mean reward: 32.8125, 	Mean reward done: 4.995031356811523
Step: 2490368	Mean reward: 35.3125, 	Mean reward done: 5.222607612609863
Step: 2498560	Mean reward: 45.3125, 	Mean reward done: 6.198432922363281
Step: 2506752	Mean reward: 44.375, 	Mean reward done: 6.454709053039551
Step: 2514944	Mean reward: 29.6875, 	Mean reward done: 5.02011251449585
Step: 2523136	Mean reward: 34.0625, 	Mean reward done: 4.592492580413818
Step: 2531328	Mean reward: 38.4375, 	Mean reward done: 5.081027507781982
Step: 2539520	Mean reward: 36.875, 	Mean reward done: 5.222369194030762
Step: 2547712	Mean reward: 43.125, 	Mean reward done: 6.347397804260254
Step: 2555904	Mean reward: 34.375, 	Mean reward done: 5.358344554901123
Step: 2564096	Mean reward: 36.25, 	Mean reward done: 5.527798652648926
Step: 2572288	Mean reward: 35.625, 	Mean reward done: 5.582792282104492
Step: 2580480	Mean reward: 39.6875, 	Mean reward done: 5.74437952041626
Step: 2588672	Mean reward: 41.5625, 	Mean reward done: 5.618014812469482
Step: 2596864	Mean reward: 33.4375, 	Mean reward done: 5.414578437805176
Step: 2605056	Mean reward: 37.8125, 	Mean reward done: 5.6032209396362305
Step: 2613248	Mean reward: 39.6875, 	Mean reward done: 6.27618408203125
Step: 2621440	Mean reward: 40.9375, 	Mean reward done: 6.193169116973877
Step: 2629632	Mean reward: 44.0625, 	Mean reward done: 6.349671840667725
Step: 2637824	Mean reward: 39.6875, 	Mean reward done: 5.933799743652344
Step: 2646016	Mean reward: 43.4375, 	Mean reward done: 6.021651268005371
Step: 2654208	Mean reward: 37.8125, 	Mean reward done: 5.6618266105651855
Step: 2662400	Mean reward: 38.4375, 	Mean reward done: 5.9903388023376465
Step: 2670592	Mean reward: 44.6875, 	Mean reward done: 6.147087574005127
Step: 2678784	Mean reward: 43.75, 	Mean reward done: 6.48468542098999
Step: 2686976	Mean reward: 41.5625, 	Mean reward done: 5.7989068031311035
Step: 2695168	Mean reward: 39.0625, 	Mean reward done: 5.788055896759033
Step: 2703360	Mean reward: 43.75, 	Mean reward done: 6.099582672119141
Step: 2711552	Mean reward: 35.3125, 	Mean reward done: 5.407767295837402
Step: 2719744	Mean reward: 39.375, 	Mean reward done: 6.021614074707031
Step: 2727936	Mean reward: 38.75, 	Mean reward done: 5.899740219116211
Step: 2736128	Mean reward: 41.5625, 	Mean reward done: 5.934121608734131
Step: 2744320	Mean reward: 43.4375, 	Mean reward done: 6.041583061218262
Step: 2752512	Mean reward: 47.1875, 	Mean reward done: 6.5507402420043945
Step: 2760704	Mean reward: 47.1875, 	Mean reward done: 6.345359802246094
Step: 2768896	Mean reward: 48.4375, 	Mean reward done: 6.343618869781494
Step: 2777088	Mean reward: 43.75, 	Mean reward done: 6.0841898918151855
Step: 2785280	Mean reward: 38.125, 	Mean reward done: 5.746008396148682
Step: 2793472	Mean reward: 34.375, 	Mean reward done: 5.398910045623779
Step: 2801664	Mean reward: 42.1875, 	Mean reward done: 5.889452934265137
Step: 2809856	Mean reward: 39.0625, 	Mean reward done: 6.05287504196167
Step: 2818048	Mean reward: 38.4375, 	Mean reward done: 6.052590370178223
Step: 2826240	Mean reward: 38.4375, 	Mean reward done: 5.657464027404785
Step: 2834432	Mean reward: 37.1875, 	Mean reward done: 5.486879825592041
Step: 2842624	Mean reward: 35.625, 	Mean reward done: 5.3310322761535645
Step: 2850816	Mean reward: 41.875, 	Mean reward done: 5.691725730895996
Step: 2859008	Mean reward: 37.8125, 	Mean reward done: 5.719794273376465
Step: 2867200	Mean reward: 37.1875, 	Mean reward done: 5.490846157073975
Step: 2875392	Mean reward: 31.5625, 	Mean reward done: 4.876765727996826
Step: 2883584	Mean reward: 35.3125, 	Mean reward done: 4.963281154632568
Step: 2891776	Mean reward: 34.375, 	Mean reward done: 5.167567729949951
Step: 2899968	Mean reward: 26.5625, 	Mean reward done: 4.630240440368652
Step: 2908160	Mean reward: 35.625, 	Mean reward done: 5.078804969787598
Step: 2916352	Mean reward: 35.625, 	Mean reward done: 5.092098236083984
Step: 2924544	Mean reward: 25.625, 	Mean reward done: 4.688461780548096
Step: 2932736	Mean reward: 29.0625, 	Mean reward done: 4.789594650268555
Step: 2940928	Mean reward: 19.375, 	Mean reward done: 3.0623345375061035
Step: 2949120	Mean reward: 24.6875, 	Mean reward done: 3.809462070465088
Step: 2957312	Mean reward: 25.0, 	Mean reward done: 4.326859951019287
Step: 2965504	Mean reward: 30.0, 	Mean reward done: 4.553618431091309
Step: 2973696	Mean reward: 28.75, 	Mean reward done: 4.097708702087402
Step: 2981888	Mean reward: 29.0625, 	Mean reward done: 4.2830119132995605
Step: 2990080	Mean reward: 22.5, 	Mean reward done: 3.534104347229004
Step: 2998272	Mean reward: 27.5, 	Mean reward done: 4.762166976928711
Step: 3006464	Mean reward: 30.0, 	Mean reward done: 4.8155083656311035
Step: 3014656	Mean reward: 31.875, 	Mean reward done: 4.588418960571289
Step: 3022848	Mean reward: 31.5625, 	Mean reward done: 4.705859184265137
Step: 3031040	Mean reward: 23.4375, 	Mean reward done: 4.132619857788086
Step: 3039232	Mean reward: 32.8125, 	Mean reward done: 5.131096839904785
Step: 3047424	Mean reward: 29.375, 	Mean reward done: 4.3273444175720215
Step: 3055616	Mean reward: 39.375, 	Mean reward done: 5.288130760192871
Step: 3063808	Mean reward: 34.0625, 	Mean reward done: 5.220292091369629
Step: 3072000	Mean reward: 35.9375, 	Mean reward done: 5.127625942230225
Step: 3080192	Mean reward: 38.125, 	Mean reward done: 5.450643539428711
Step: 3088384	Mean reward: 36.25, 	Mean reward done: 5.092978000640869
Step: 3096576	Mean reward: 38.125, 	Mean reward done: 5.138608932495117
Step: 3104768	Mean reward: 32.5, 	Mean reward done: 4.636327266693115
Step: 3112960	Mean reward: 29.6875, 	Mean reward done: 4.200442790985107
Step: 3121152	Mean reward: 33.4375, 	Mean reward done: 4.542446136474609
Step: 3129344	Mean reward: 28.75, 	Mean reward done: 4.583547592163086
Step: 3137536	Mean reward: 24.6875, 	Mean reward done: 4.430300712585449
Step: 3145728	Mean reward: 30.625, 	Mean reward done: 4.257663249969482
Step: 3153920	Mean reward: 27.1875, 	Mean reward done: 4.545853614807129
Step: 3162112	Mean reward: 30.9375, 	Mean reward done: 4.604556083679199
Step: 3170304	Mean reward: 31.875, 	Mean reward done: 4.999236106872559
Step: 3178496	Mean reward: 31.875, 	Mean reward done: 4.844443321228027
Step: 3186688	Mean reward: 32.1875, 	Mean reward done: 5.026134490966797
Step: 3194880	Mean reward: 31.875, 	Mean reward done: 4.944745063781738
Step: 3203072	Mean reward: 27.5, 	Mean reward done: 4.573591232299805
Step: 3211264	Mean reward: 30.9375, 	Mean reward done: 4.691393852233887
Step: 3219456	Mean reward: 36.5625, 	Mean reward done: 5.3860392570495605
Step: 3227648	Mean reward: 33.4375, 	Mean reward done: 4.939310550689697
Step: 3235840	Mean reward: 29.0625, 	Mean reward done: 4.644847869873047
Step: 3244032	Mean reward: 28.125, 	Mean reward done: 4.366919040679932
Step: 3252224	Mean reward: 32.1875, 	Mean reward done: 5.303191184997559
Step: 3260416	Mean reward: 30.0, 	Mean reward done: 4.3617048263549805
Step: 3268608	Mean reward: 39.0625, 	Mean reward done: 5.353053569793701
Step: 3276800	Mean reward: 36.25, 	Mean reward done: 5.226276397705078
Step: 3284992	Mean reward: 33.125, 	Mean reward done: 4.963637828826904
Step: 3293184	Mean reward: 29.0625, 	Mean reward done: 4.522764682769775
Step: 3301376	Mean reward: 35.3125, 	Mean reward done: 5.05435037612915
Step: 3309568	Mean reward: 34.375, 	Mean reward done: 5.3300042152404785
Step: 3317760	Mean reward: 33.125, 	Mean reward done: 5.179062843322754
Step: 3325952	Mean reward: 30.0, 	Mean reward done: 4.675398826599121
Step: 3334144	Mean reward: 28.75, 	Mean reward done: 3.9003500938415527
Step: 3342336	Mean reward: 32.5, 	Mean reward done: 4.861853122711182
Step: 3350528	Mean reward: 25.3125, 	Mean reward done: 3.7645015716552734
Step: 3358720	Mean reward: 28.75, 	Mean reward done: 4.187139511108398
Step: 3366912	Mean reward: 25.3125, 	Mean reward done: 3.8176450729370117
Step: 3375104	Mean reward: 34.0625, 	Mean reward done: 4.933611869812012
Step: 3383296	Mean reward: 33.75, 	Mean reward done: 5.295560359954834
Step: 3391488	Mean reward: 29.375, 	Mean reward done: 4.732995986938477
Step: 3399680	Mean reward: 27.5, 	Mean reward done: 4.2759904861450195
Step: 3407872	Mean reward: 30.3125, 	Mean reward done: 4.750636100769043
Step: 3416064	Mean reward: 33.125, 	Mean reward done: 4.907375812530518
Step: 3424256	Mean reward: 28.4375, 	Mean reward done: 4.194291591644287
Step: 3432448	Mean reward: 23.75, 	Mean reward done: 3.9353532791137695
Step: 3440640	Mean reward: 18.75, 	Mean reward done: 3.315643548965454
Step: 3448832	Mean reward: 29.375, 	Mean reward done: 4.268198490142822
Step: 3457024	Mean reward: 26.875, 	Mean reward done: 4.142032146453857
Step: 3465216	Mean reward: 29.375, 	Mean reward done: 4.643890380859375
Step: 3473408	Mean reward: 30.3125, 	Mean reward done: 4.9138665199279785
Step: 3481600	Mean reward: 31.5625, 	Mean reward done: 4.990514755249023
Step: 3489792	Mean reward: 16.875, 	Mean reward done: 2.9455618858337402
Step: 3497984	Mean reward: 20.9375, 	Mean reward done: 3.2759506702423096
Step: 3506176	Mean reward: 21.25, 	Mean reward done: 3.688664436340332
Step: 3514368	Mean reward: 25.0, 	Mean reward done: 4.158684253692627
Step: 3522560	Mean reward: 26.5625, 	Mean reward done: 4.186789512634277
Step: 3530752	Mean reward: 23.125, 	Mean reward done: 3.761118173599243
Step: 3538944	Mean reward: 27.8125, 	Mean reward done: 3.8237481117248535
Step: 3547136	Mean reward: 21.5625, 	Mean reward done: 3.572535514831543
Step: 3555328	Mean reward: 24.375, 	Mean reward done: 3.6781668663024902
Step: 3563520	Mean reward: 26.25, 	Mean reward done: 3.8461906909942627
Step: 3571712	Mean reward: 27.5, 	Mean reward done: 3.525930643081665
Step: 3579904	Mean reward: 26.875, 	Mean reward done: 4.377514362335205
Step: 3588096	Mean reward: 20.9375, 	Mean reward done: 3.930346965789795
Step: 3596288	Mean reward: 19.6875, 	Mean reward done: 3.7694435119628906
Step: 3604480	Mean reward: 18.4375, 	Mean reward done: 3.4314403533935547
Step: 3612672	Mean reward: 30.3125, 	Mean reward done: 4.2046661376953125
Step: 3620864	Mean reward: 23.4375, 	Mean reward done: 3.9621546268463135
Step: 3629056	Mean reward: 21.5625, 	Mean reward done: 3.53817081451416
Step: 3637248	Mean reward: 25.9375, 	Mean reward done: 3.747378349304199
Step: 3645440	Mean reward: 34.0625, 	Mean reward done: 4.867905616760254
Step: 3653632	Mean reward: 24.6875, 	Mean reward done: 4.193174839019775
Step: 3661824	Mean reward: 30.9375, 	Mean reward done: 4.341997146606445
Step: 3670016	Mean reward: 30.625, 	Mean reward done: 4.201771259307861
Step: 3678208	Mean reward: 26.875, 	Mean reward done: 4.343280792236328
Step: 3686400	Mean reward: 35.0, 	Mean reward done: 5.217724323272705
Step: 3694592	Mean reward: 29.6875, 	Mean reward done: 4.988336086273193
Step: 3702784	Mean reward: 25.3125, 	Mean reward done: 4.066187858581543
Step: 3710976	Mean reward: 26.25, 	Mean reward done: 4.081296443939209
Step: 3719168	Mean reward: 30.3125, 	Mean reward done: 4.375349998474121
Step: 3727360	Mean reward: 35.0, 	Mean reward done: 5.4091973304748535
Step: 3735552	Mean reward: 39.0625, 	Mean reward done: 5.81193733215332
Step: 3743744	Mean reward: 39.6875, 	Mean reward done: 5.611681938171387
Step: 3751936	Mean reward: 39.375, 	Mean reward done: 5.270859241485596
Step: 3760128	Mean reward: 34.0625, 	Mean reward done: 5.167028427124023
Step: 3768320	Mean reward: 36.875, 	Mean reward done: 5.257728576660156
Step: 3776512	Mean reward: 36.25, 	Mean reward done: 5.398953437805176
Step: 3784704	Mean reward: 39.6875, 	Mean reward done: 6.072301864624023
Step: 3792896	Mean reward: 34.375, 	Mean reward done: 5.22118616104126
Step: 3801088	Mean reward: 29.0625, 	Mean reward done: 4.711076736450195
Step: 3809280	Mean reward: 36.25, 	Mean reward done: 5.088445663452148
Step: 3817472	Mean reward: 35.0, 	Mean reward done: 5.074741363525391
Step: 3825664	Mean reward: 31.875, 	Mean reward done: 4.499091148376465
Step: 3833856	Mean reward: 33.75, 	Mean reward done: 4.838056564331055
Step: 3842048	Mean reward: 34.0625, 	Mean reward done: 5.146125316619873
Step: 3850240	Mean reward: 34.6875, 	Mean reward done: 4.744163990020752
Step: 3858432	Mean reward: 34.6875, 	Mean reward done: 5.111856460571289
Step: 3866624	Mean reward: 41.25, 	Mean reward done: 5.721493721008301
Step: 3874816	Mean reward: 38.75, 	Mean reward done: 5.27202844619751
Step: 3883008	Mean reward: 40.9375, 	Mean reward done: 5.711623191833496
Step: 3891200	Mean reward: 33.75, 	Mean reward done: 5.212247848510742
Step: 3899392	Mean reward: 35.0, 	Mean reward done: 5.090724468231201
Step: 3907584	Mean reward: 30.625, 	Mean reward done: 5.068915843963623
Step: 3915776	Mean reward: 28.125, 	Mean reward done: 4.7460737228393555
Step: 3923968	Mean reward: 30.9375, 	Mean reward done: 4.5541253089904785
Step: 3932160	Mean reward: 34.6875, 	Mean reward done: 4.9755401611328125
Step: 3940352	Mean reward: 33.75, 	Mean reward done: 4.867654800415039
Step: 3948544	Mean reward: 32.1875, 	Mean reward done: 4.608336925506592
Step: 3956736	Mean reward: 30.9375, 	Mean reward done: 4.669195175170898
Step: 3964928	Mean reward: 32.8125, 	Mean reward done: 5.078904628753662
Step: 3973120	Mean reward: 31.25, 	Mean reward done: 4.663064956665039
Step: 3981312	Mean reward: 29.0625, 	Mean reward done: 4.238452434539795
Step: 3989504	Mean reward: 28.75, 	Mean reward done: 4.374965667724609
Step: 3997696	Mean reward: 34.375, 	Mean reward done: 4.855975151062012
Step: 4005888	Mean reward: 41.875, 	Mean reward done: 5.504140853881836
Step: 4014080	Mean reward: 36.875, 	Mean reward done: 5.613852500915527
Step: 4022272	Mean reward: 34.375, 	Mean reward done: 5.128599643707275
Step: 4030464	Mean reward: 31.25, 	Mean reward done: 4.776230812072754
Step: 4038656	Mean reward: 31.5625, 	Mean reward done: 4.090761661529541
Step: 4046848	Mean reward: 28.125, 	Mean reward done: 4.098394393920898
Step: 4055040	Mean reward: 25.9375, 	Mean reward done: 3.7172672748565674
Step: 4063232	Mean reward: 25.0, 	Mean reward done: 4.129523754119873
Step: 4071424	Mean reward: 24.0625, 	Mean reward done: 3.5808658599853516
Step: 4079616	Mean reward: 30.9375, 	Mean reward done: 4.244748592376709
Step: 4087808	Mean reward: 23.125, 	Mean reward done: 3.6653621196746826
Step: 4096000	Mean reward: 35.3125, 	Mean reward done: 4.919720649719238
Step: 4104192	Mean reward: 35.9375, 	Mean reward done: 5.461878299713135
Step: 4112384	Mean reward: 30.9375, 	Mean reward done: 4.708303928375244
Step: 4120576	Mean reward: 36.5625, 	Mean reward done: 5.079869747161865
Step: 4128768	Mean reward: 31.875, 	Mean reward done: 4.834620475769043
Step: 4136960	Mean reward: 33.125, 	Mean reward done: 4.824615478515625
Step: 4145152	Mean reward: 28.125, 	Mean reward done: 4.153317451477051
Step: 4153344	Mean reward: 24.6875, 	Mean reward done: 3.8076844215393066
Step: 4161536	Mean reward: 20.0, 	Mean reward done: 3.6711559295654297
Step: 4169728	Mean reward: 32.8125, 	Mean reward done: 4.330723762512207
Step: 4177920	Mean reward: 27.1875, 	Mean reward done: 4.379863739013672
Step: 4186112	Mean reward: 32.1875, 	Mean reward done: 4.813500881195068
Step: 4194304	Mean reward: 34.0625, 	Mean reward done: 5.472438812255859
Step: 4202496	Mean reward: 33.75, 	Mean reward done: 4.810992240905762
Step: 4210688	Mean reward: 23.125, 	Mean reward done: 3.907466411590576
Step: 4218880	Mean reward: 18.125, 	Mean reward done: 2.89201283454895
Step: 4227072	Mean reward: 22.5, 	Mean reward done: 3.2304375171661377
Step: 4235264	Mean reward: 20.3125, 	Mean reward done: 3.2279834747314453
Step: 4243456	Mean reward: 24.6875, 	Mean reward done: 3.592366933822632
Step: 4251648	Mean reward: 38.75, 	Mean reward done: 5.158405303955078
Step: 4259840	Mean reward: 32.5, 	Mean reward done: 4.562078952789307
Step: 4268032	Mean reward: 37.1875, 	Mean reward done: 5.325112342834473
Step: 4276224	Mean reward: 27.5, 	Mean reward done: 4.521631717681885
Step: 4284416	Mean reward: 25.625, 	Mean reward done: 3.534881114959717
Step: 4292608	Mean reward: 21.25, 	Mean reward done: 3.2005391120910645
Step: 4300800	Mean reward: 15.0, 	Mean reward done: 2.3660197257995605
Step: 4308992	Mean reward: 16.25, 	Mean reward done: 2.7321691513061523
Step: 4317184	Mean reward: 24.6875, 	Mean reward done: 3.7958431243896484
Step: 4325376	Mean reward: 31.25, 	Mean reward done: 4.697772979736328
Step: 4333568	Mean reward: 28.4375, 	Mean reward done: 4.13548469543457
Step: 4341760	Mean reward: 33.75, 	Mean reward done: 4.464205265045166
Step: 4349952	Mean reward: 26.5625, 	Mean reward done: 3.8629119396209717
Step: 4358144	Mean reward: 24.6875, 	Mean reward done: 3.7625489234924316
Step: 4366336	Mean reward: 25.0, 	Mean reward done: 3.879662275314331
Step: 4374528	Mean reward: 35.3125, 	Mean reward done: 4.780989170074463
Step: 4382720	Mean reward: 28.125, 	Mean reward done: 4.4234299659729
Step: 4390912	Mean reward: 30.3125, 	Mean reward done: 4.691749572753906
Step: 4399104	Mean reward: 32.8125, 	Mean reward done: 5.1445817947387695
Step: 4407296	Mean reward: 25.3125, 	Mean reward done: 3.8277807235717773
Step: 4415488	Mean reward: 27.8125, 	Mean reward done: 4.2317070960998535
Step: 4423680	Mean reward: 25.9375, 	Mean reward done: 3.9366464614868164
Step: 4431872	Mean reward: 30.0, 	Mean reward done: 4.552141189575195
Step: 4440064	Mean reward: 37.8125, 	Mean reward done: 4.972952365875244
Step: 4448256	Mean reward: 33.75, 	Mean reward done: 5.168595790863037
Step: 4456448	Mean reward: 29.6875, 	Mean reward done: 4.586989879608154
Step: 4464640	Mean reward: 25.9375, 	Mean reward done: 3.901254177093506
Step: 4472832	Mean reward: 28.4375, 	Mean reward done: 3.8844964504241943
Step: 4481024	Mean reward: 27.8125, 	Mean reward done: 4.251517295837402
Step: 4489216	Mean reward: 30.0, 	Mean reward done: 4.602677822113037
Step: 4497408	Mean reward: 20.3125, 	Mean reward done: 3.349273204803467
Step: 4505600	Mean reward: 20.3125, 	Mean reward done: 3.2915170192718506
Step: 4513792	Mean reward: 18.4375, 	Mean reward done: 2.7695670127868652
Step: 4521984	Mean reward: 20.3125, 	Mean reward done: 3.2706079483032227
Step: 4530176	Mean reward: 23.75, 	Mean reward done: 3.392916202545166
Step: 4538368	Mean reward: 26.25, 	Mean reward done: 4.051879405975342
Step: 4546560	Mean reward: 21.875, 	Mean reward done: 3.6663262844085693
Step: 4554752	Mean reward: 26.25, 	Mean reward done: 3.9227311611175537
Step: 4562944	Mean reward: 21.875, 	Mean reward done: 3.59959077835083
Step: 4571136	Mean reward: 23.75, 	Mean reward done: 4.144867420196533
Step: 4579328	Mean reward: 18.4375, 	Mean reward done: 3.128086805343628
Step: 4587520	Mean reward: 25.0, 	Mean reward done: 3.539398431777954
Step: 4595712	Mean reward: 27.8125, 	Mean reward done: 4.007013320922852
Step: 4603904	Mean reward: 31.25, 	Mean reward done: 4.969236373901367
Step: 4612096	Mean reward: 35.625, 	Mean reward done: 4.849393367767334
Step: 4620288	Mean reward: 26.5625, 	Mean reward done: 4.5367817878723145
Step: 4628480	Mean reward: 21.5625, 	Mean reward done: 3.284658193588257
Step: 4636672	Mean reward: 31.25, 	Mean reward done: 4.99816370010376
Step: 4644864	Mean reward: 31.875, 	Mean reward done: 4.786182880401611
Step: 4653056	Mean reward: 27.1875, 	Mean reward done: 4.58167839050293
Step: 4661248	Mean reward: 25.625, 	Mean reward done: 4.352975845336914
Step: 4669440	Mean reward: 30.9375, 	Mean reward done: 4.664971351623535
Step: 4677632	Mean reward: 35.9375, 	Mean reward done: 5.213006973266602
Step: 4685824	Mean reward: 34.0625, 	Mean reward done: 5.0264434814453125
Step: 4694016	Mean reward: 32.8125, 	Mean reward done: 5.090567111968994
Step: 4702208	Mean reward: 31.875, 	Mean reward done: 4.588748931884766
Step: 4710400	Mean reward: 34.0625, 	Mean reward done: 5.144396781921387
Step: 4718592	Mean reward: 37.5, 	Mean reward done: 5.283559322357178
Step: 4726784	Mean reward: 30.3125, 	Mean reward done: 4.17914342880249
Step: 4734976	Mean reward: 21.25, 	Mean reward done: 3.421297788619995
Step: 4743168	Mean reward: 30.3125, 	Mean reward done: 4.342196464538574
Step: 4751360	Mean reward: 33.4375, 	Mean reward done: 4.972414493560791
Step: 4759552	Mean reward: 43.125, 	Mean reward done: 5.518979072570801
Step: 4767744	Mean reward: 31.875, 	Mean reward done: 5.151196002960205
Step: 4775936	Mean reward: 40.3125, 	Mean reward done: 5.616186618804932
Step: 4784128	Mean reward: 31.5625, 	Mean reward done: 4.946524620056152
Step: 4792320	Mean reward: 29.0625, 	Mean reward done: 4.178891181945801
Step: 4800512	Mean reward: 32.5, 	Mean reward done: 4.7269287109375
Step: 4808704	Mean reward: 22.8125, 	Mean reward done: 3.9079031944274902
Step: 4816896	Mean reward: 31.25, 	Mean reward done: 4.199163913726807
Step: 4825088	Mean reward: 33.125, 	Mean reward done: 4.637453079223633
Step: 4833280	Mean reward: 33.125, 	Mean reward done: 4.815467357635498
Step: 4841472	Mean reward: 34.375, 	Mean reward done: 5.208248138427734
Step: 4849664	Mean reward: 40.9375, 	Mean reward done: 5.817557334899902
Step: 4857856	Mean reward: 35.9375, 	Mean reward done: 5.267651557922363
Step: 4866048	Mean reward: 31.875, 	Mean reward done: 4.735903263092041
Step: 4874240	Mean reward: 27.1875, 	Mean reward done: 4.682816505432129
Step: 4882432	Mean reward: 30.9375, 	Mean reward done: 4.454761028289795
Step: 4890624	Mean reward: 30.625, 	Mean reward done: 4.603882789611816
Step: 4898816	Mean reward: 25.3125, 	Mean reward done: 4.244292259216309
Step: 4907008	Mean reward: 27.5, 	Mean reward done: 4.270237922668457
Step: 4915200	Mean reward: 27.8125, 	Mean reward done: 4.001201629638672
Step: 4923392	Mean reward: 25.625, 	Mean reward done: 4.0820841789245605
Step: 4931584	Mean reward: 35.0, 	Mean reward done: 4.567926406860352
Step: 4939776	Mean reward: 32.8125, 	Mean reward done: 5.010778427124023
Step: 4947968	Mean reward: 36.875, 	Mean reward done: 5.325977802276611
Step: 4956160	Mean reward: 35.0, 	Mean reward done: 5.085026264190674
Step: 4964352	Mean reward: 33.125, 	Mean reward done: 4.588958740234375
Step: 4972544	Mean reward: 25.625, 	Mean reward done: 4.084580421447754
Step: 4980736	Mean reward: 34.0625, 	Mean reward done: 4.876090049743652
Step: 4988928	Mean reward: 40.3125, 	Mean reward done: 5.724130153656006
Step: 4997120	Mean reward: 34.6875, 	Mean reward done: 4.942160606384277
Step: 5005312	Mean reward: 31.25, 	Mean reward done: 4.500294208526611
Step: 5013504	Mean reward: 30.9375, 	Mean reward done: 4.299344062805176
Step: 5021696	Mean reward: 34.6875, 	Mean reward done: 5.484661102294922
Step: 5029888	Mean reward: 39.0625, 	Mean reward done: 5.4637675285339355
Step: 5038080	Mean reward: 35.625, 	Mean reward done: 5.426571846008301
Step: 5046272	Mean reward: 29.0625, 	Mean reward done: 4.591751575469971
Step: 5054464	Mean reward: 27.8125, 	Mean reward done: 4.292033672332764
Step: 5062656	Mean reward: 29.375, 	Mean reward done: 4.180989742279053
Step: 5070848	Mean reward: 30.9375, 	Mean reward done: 4.944661617279053
Step: 5079040	Mean reward: 34.6875, 	Mean reward done: 4.758880138397217
Step: 5087232	Mean reward: 39.0625, 	Mean reward done: 5.397588729858398
Step: 5095424	Mean reward: 32.5, 	Mean reward done: 4.941038131713867
Step: 5103616	Mean reward: 29.6875, 	Mean reward done: 3.898172378540039
Step: 5111808	Mean reward: 30.0, 	Mean reward done: 4.214090824127197
Step: 5120000	Mean reward: 28.125, 	Mean reward done: 4.342208385467529
Step: 5128192	Mean reward: 30.625, 	Mean reward done: 4.457451820373535
Step: 5136384	Mean reward: 30.9375, 	Mean reward done: 4.522160530090332
Step: 5144576	Mean reward: 30.625, 	Mean reward done: 4.539877891540527
Step: 5152768	Mean reward: 30.0, 	Mean reward done: 4.4616594314575195
Step: 5160960	Mean reward: 24.375, 	Mean reward done: 3.6165990829467773
Step: 5169152	Mean reward: 23.4375, 	Mean reward done: 3.822788953781128
Step: 5177344	Mean reward: 23.4375, 	Mean reward done: 3.521206855773926
Step: 5185536	Mean reward: 20.625, 	Mean reward done: 3.0029611587524414
Step: 5193728	Mean reward: 19.6875, 	Mean reward done: 2.794508457183838
Step: 5201920	Mean reward: 26.25, 	Mean reward done: 3.8979544639587402
Step: 5210112	Mean reward: 24.6875, 	Mean reward done: 3.884704351425171
Step: 5218304	Mean reward: 27.1875, 	Mean reward done: 4.168263912200928
Step: 5226496	Mean reward: 29.6875, 	Mean reward done: 4.261104583740234
Step: 5234688	Mean reward: 25.0, 	Mean reward done: 3.5281636714935303
Step: 5242880	Mean reward: 25.0, 	Mean reward done: 3.5674827098846436
Step: 5251072	Mean reward: 21.875, 	Mean reward done: 3.1840124130249023
Step: 5259264	Mean reward: 23.75, 	Mean reward done: 3.7673110961914062
Step: 5267456	Mean reward: 21.25, 	Mean reward done: 3.2510433197021484
Step: 5275648	Mean reward: 20.625, 	Mean reward done: 3.3045923709869385
Step: 5283840	Mean reward: 19.0625, 	Mean reward done: 2.929032325744629
Step: 5292032	Mean reward: 20.625, 	Mean reward done: 3.035501003265381
Step: 5300224	Mean reward: 25.0, 	Mean reward done: 3.6717677116394043
Step: 5308416	Mean reward: 28.75, 	Mean reward done: 4.027749538421631
Step: 5316608	Mean reward: 22.5, 	Mean reward done: 4.0126190185546875
Step: 5324800	Mean reward: 33.75, 	Mean reward done: 4.3215837478637695
Step: 5332992	Mean reward: 31.875, 	Mean reward done: 4.54042387008667
Step: 5341184	Mean reward: 29.6875, 	Mean reward done: 4.29398250579834
Step: 5349376	Mean reward: 26.5625, 	Mean reward done: 3.784022092819214
Step: 5357568	Mean reward: 21.875, 	Mean reward done: 3.7091379165649414
Step: 5365760	Mean reward: 17.8125, 	Mean reward done: 2.925982713699341
Step: 5373952	Mean reward: 26.875, 	Mean reward done: 4.002100944519043
Step: 5382144	Mean reward: 28.4375, 	Mean reward done: 4.244811058044434
Step: 5390336	Mean reward: 30.0, 	Mean reward done: 4.532480239868164
Step: 5398528	Mean reward: 28.4375, 	Mean reward done: 4.194466590881348
Step: 5406720	Mean reward: 27.8125, 	Mean reward done: 3.7731478214263916
Step: 5414912	Mean reward: 27.8125, 	Mean reward done: 4.059726715087891
Step: 5423104	Mean reward: 26.875, 	Mean reward done: 4.199378490447998
Step: 5431296	Mean reward: 28.125, 	Mean reward done: 4.32194709777832
Step: 5439488	Mean reward: 23.4375, 	Mean reward done: 3.818613052368164
Step: 5447680	Mean reward: 27.5, 	Mean reward done: 4.299013137817383
Step: 5455872	Mean reward: 22.8125, 	Mean reward done: 3.473695993423462
Step: 5464064	Mean reward: 24.0625, 	Mean reward done: 3.650603771209717
Step: 5472256	Mean reward: 22.8125, 	Mean reward done: 3.8196206092834473
Step: 5480448	Mean reward: 29.6875, 	Mean reward done: 4.13332986831665
Step: 5488640	Mean reward: 20.0, 	Mean reward done: 3.3257322311401367
Step: 5496832	Mean reward: 26.25, 	Mean reward done: 3.7675437927246094
Step: 5505024	Mean reward: 25.0, 	Mean reward done: 4.1368184089660645
Step: 5513216	Mean reward: 25.9375, 	Mean reward done: 3.639819860458374
Step: 5521408	Mean reward: 18.75, 	Mean reward done: 3.072155237197876
Step: 5529600	Mean reward: 23.4375, 	Mean reward done: 3.2683722972869873
Step: 5537792	Mean reward: 10.3125, 	Mean reward done: 2.029137372970581
Step: 5545984	Mean reward: 24.0625, 	Mean reward done: 3.858612537384033
Step: 5554176	Mean reward: 24.375, 	Mean reward done: 3.569120168685913
Step: 5562368	Mean reward: 19.0625, 	Mean reward done: 3.0804646015167236
Step: 5570560	Mean reward: 15.9375, 	Mean reward done: 3.1446688175201416
Step: 5578752	Mean reward: 16.25, 	Mean reward done: 2.715219497680664
Step: 5586944	Mean reward: 19.0625, 	Mean reward done: 3.3173320293426514
Step: 5595136	Mean reward: 22.8125, 	Mean reward done: 3.7584328651428223
Step: 5603328	Mean reward: 20.0, 	Mean reward done: 3.354616641998291
Step: 5611520	Mean reward: 20.0, 	Mean reward done: 3.315775156021118
Step: 5619712	Mean reward: 22.1875, 	Mean reward done: 3.616650342941284
Step: 5627904	Mean reward: 27.1875, 	Mean reward done: 4.047123908996582
Step: 5636096	Mean reward: 30.625, 	Mean reward done: 4.480245590209961
Step: 5644288	Mean reward: 26.5625, 	Mean reward done: 4.031811237335205
Step: 5652480	Mean reward: 30.3125, 	Mean reward done: 4.47119665145874
Step: 5660672	Mean reward: 28.125, 	Mean reward done: 4.779683589935303
Step: 5668864	Mean reward: 32.1875, 	Mean reward done: 4.88123083114624
Step: 5677056	Mean reward: 29.6875, 	Mean reward done: 4.530522346496582
Step: 5685248	Mean reward: 30.0, 	Mean reward done: 5.012896537780762
Step: 5693440	Mean reward: 26.5625, 	Mean reward done: 4.3402838706970215
Step: 5701632	Mean reward: 27.8125, 	Mean reward done: 4.1154255867004395
Step: 5709824	Mean reward: 33.125, 	Mean reward done: 4.9243621826171875
Step: 5718016	Mean reward: 30.625, 	Mean reward done: 4.715123176574707
Step: 5726208	Mean reward: 27.8125, 	Mean reward done: 4.568271160125732
Step: 5734400	Mean reward: 25.625, 	Mean reward done: 4.328394412994385
Step: 5742592	Mean reward: 35.625, 	Mean reward done: 4.896133899688721
Step: 5750784	Mean reward: 26.875, 	Mean reward done: 4.534115791320801
Step: 5758976	Mean reward: 31.875, 	Mean reward done: 4.680802345275879
Step: 5767168	Mean reward: 35.3125, 	Mean reward done: 4.880511283874512
Step: 5775360	Mean reward: 28.75, 	Mean reward done: 4.803120136260986
Step: 5783552	Mean reward: 33.125, 	Mean reward done: 4.324117183685303
Step: 5791744	Mean reward: 34.6875, 	Mean reward done: 5.0526509284973145
Step: 5799936	Mean reward: 32.1875, 	Mean reward done: 5.094243049621582
Step: 5808128	Mean reward: 35.625, 	Mean reward done: 5.141556262969971
Step: 5816320	Mean reward: 31.5625, 	Mean reward done: 4.96270751953125
Step: 5824512	Mean reward: 21.875, 	Mean reward done: 3.797839879989624
Step: 5832704	Mean reward: 24.6875, 	Mean reward done: 3.497277021408081
Step: 5840896	Mean reward: 27.1875, 	Mean reward done: 4.301949977874756
Step: 5849088	Mean reward: 31.25, 	Mean reward done: 4.676681995391846
Step: 5857280	Mean reward: 29.6875, 	Mean reward done: 4.567314147949219
Step: 5865472	Mean reward: 26.875, 	Mean reward done: 4.104601860046387
Step: 5873664	Mean reward: 28.4375, 	Mean reward done: 4.253443717956543
Step: 5881856	Mean reward: 35.0, 	Mean reward done: 5.30832052230835
Step: 5890048	Mean reward: 36.5625, 	Mean reward done: 5.63860559463501
Step: 5898240	Mean reward: 38.4375, 	Mean reward done: 5.606266975402832
Step: 5906432	Mean reward: 31.875, 	Mean reward done: 4.469782829284668
Step: 5914624	Mean reward: 31.25, 	Mean reward done: 4.848377227783203
Step: 5922816	Mean reward: 28.75, 	Mean reward done: 4.570223331451416
Step: 5931008	Mean reward: 35.0, 	Mean reward done: 4.747215747833252
Step: 5939200	Mean reward: 28.125, 	Mean reward done: 4.29925012588501
Step: 5947392	Mean reward: 29.0625, 	Mean reward done: 4.054226398468018
Step: 5955584	Mean reward: 27.8125, 	Mean reward done: 4.023083686828613
Step: 5963776	Mean reward: 23.75, 	Mean reward done: 3.688411235809326
Step: 5971968	Mean reward: 24.375, 	Mean reward done: 3.9598329067230225
Step: 5980160	Mean reward: 20.9375, 	Mean reward done: 3.0663869380950928
Step: 5988352	Mean reward: 25.9375, 	Mean reward done: 3.671963691711426
Step: 5996544	Mean reward: 29.375, 	Mean reward done: 4.248920917510986
Step: 6004736	Mean reward: 26.25, 	Mean reward done: 3.9994378089904785
Step: 6012928	Mean reward: 20.3125, 	Mean reward done: 3.5884463787078857
Step: 6021120	Mean reward: 24.6875, 	Mean reward done: 3.80503511428833
Step: 6029312	Mean reward: 23.4375, 	Mean reward done: 3.332462787628174
Step: 6037504	Mean reward: 20.625, 	Mean reward done: 3.1288604736328125
Step: 6045696	Mean reward: 29.0625, 	Mean reward done: 4.168985366821289
Step: 6053888	Mean reward: 29.0625, 	Mean reward done: 4.255282402038574
Step: 6062080	Mean reward: 32.5, 	Mean reward done: 4.660731315612793
Step: 6070272	Mean reward: 24.6875, 	Mean reward done: 4.283559322357178
Step: 6078464	Mean reward: 29.375, 	Mean reward done: 4.405399799346924
Step: 6086656	Mean reward: 23.4375, 	Mean reward done: 4.003660202026367
Step: 6094848	Mean reward: 16.5625, 	Mean reward done: 2.9318253993988037
Step: 6103040	Mean reward: 19.6875, 	Mean reward done: 3.255829095840454
Step: 6111232	Mean reward: 21.25, 	Mean reward done: 3.611088514328003
Step: 6119424	Mean reward: 31.25, 	Mean reward done: 4.7264485359191895
Step: 6127616	Mean reward: 31.25, 	Mean reward done: 5.07061767578125
Step: 6135808	Mean reward: 31.875, 	Mean reward done: 4.44340181350708
Step: 6144000	Mean reward: 21.25, 	Mean reward done: 3.7776126861572266
Step: 6152192	Mean reward: 22.5, 	Mean reward done: 3.552626609802246
Step: 6160384	Mean reward: 22.1875, 	Mean reward done: 3.5507326126098633
Step: 6168576	Mean reward: 21.25, 	Mean reward done: 3.5802717208862305
Step: 6176768	Mean reward: 26.25, 	Mean reward done: 4.463322162628174
Step: 6184960	Mean reward: 23.125, 	Mean reward done: 3.4309892654418945
Step: 6193152	Mean reward: 24.0625, 	Mean reward done: 3.7906765937805176
Step: 6201344	Mean reward: 24.0625, 	Mean reward done: 3.6965579986572266
Step: 6209536	Mean reward: 27.5, 	Mean reward done: 4.670729160308838
Step: 6217728	Mean reward: 23.125, 	Mean reward done: 3.957451820373535
Step: 6225920	Mean reward: 25.625, 	Mean reward done: 4.465023994445801
Step: 6234112	Mean reward: 28.125, 	Mean reward done: 4.298464775085449
Step: 6242304	Mean reward: 23.75, 	Mean reward done: 4.028535842895508
Step: 6250496	Mean reward: 22.1875, 	Mean reward done: 3.5800609588623047
Step: 6258688	Mean reward: 16.875, 	Mean reward done: 2.8774752616882324
Step: 6266880	Mean reward: 25.9375, 	Mean reward done: 4.107050895690918
Step: 6275072	Mean reward: 27.5, 	Mean reward done: 4.009825706481934
Step: 6283264	Mean reward: 23.75, 	Mean reward done: 4.147459506988525
Step: 6291456	Mean reward: 20.3125, 	Mean reward done: 3.183359384536743
Step: 6299648	Mean reward: 21.5625, 	Mean reward done: 3.6417813301086426
Step: 6307840	Mean reward: 22.5, 	Mean reward done: 3.5793838500976562
Step: 6316032	Mean reward: 19.6875, 	Mean reward done: 3.598598003387451
Step: 6324224	Mean reward: 26.5625, 	Mean reward done: 4.206495761871338
Step: 6332416	Mean reward: 24.0625, 	Mean reward done: 3.7695651054382324
Step: 6340608	Mean reward: 22.1875, 	Mean reward done: 3.6244120597839355
Step: 6348800	Mean reward: 20.3125, 	Mean reward done: 3.394125461578369
Step: 6356992	Mean reward: 19.6875, 	Mean reward done: 3.190349817276001
Step: 6365184	Mean reward: 18.4375, 	Mean reward done: 3.321488857269287
Step: 6373376	Mean reward: 21.5625, 	Mean reward done: 3.511173725128174
Step: 6381568	Mean reward: 18.75, 	Mean reward done: 3.243640899658203
Step: 6389760	Mean reward: 18.125, 	Mean reward done: 3.1799519062042236
Step: 6397952	Mean reward: 20.625, 	Mean reward done: 3.660740852355957
Step: 6406144	Mean reward: 16.875, 	Mean reward done: 3.1317245960235596
Step: 6414336	Mean reward: 25.625, 	Mean reward done: 4.453304290771484
Step: 6422528	Mean reward: 23.125, 	Mean reward done: 3.4223198890686035
Step: 6430720	Mean reward: 26.875, 	Mean reward done: 4.401778221130371
Step: 6438912	Mean reward: 25.0, 	Mean reward done: 4.1161603927612305
Step: 6447104	Mean reward: 30.9375, 	Mean reward done: 4.925755500793457
Step: 6455296	Mean reward: 30.0, 	Mean reward done: 4.843416213989258
Step: 6463488	Mean reward: 25.9375, 	Mean reward done: 4.41259241104126
Step: 6471680	Mean reward: 31.5625, 	Mean reward done: 4.722320079803467
Step: 6479872	Mean reward: 27.5, 	Mean reward done: 4.236710071563721
Step: 6488064	Mean reward: 29.0625, 	Mean reward done: 4.5174560546875
Step: 6496256	Mean reward: 25.3125, 	Mean reward done: 4.114328384399414
Step: 6504448	Mean reward: 28.4375, 	Mean reward done: 4.254255294799805
Step: 6512640	Mean reward: 30.9375, 	Mean reward done: 5.272427082061768
Step: 6520832	Mean reward: 23.4375, 	Mean reward done: 3.996370553970337
Step: 6529024	Mean reward: 30.0, 	Mean reward done: 4.793317794799805
Step: 6537216	Mean reward: 24.0625, 	Mean reward done: 3.8238062858581543
Step: 6545408	Mean reward: 34.6875, 	Mean reward done: 4.978792667388916
Step: 6553600	Mean reward: 28.4375, 	Mean reward done: 4.648087978363037
Step: 6561792	Mean reward: 29.6875, 	Mean reward done: 4.96652889251709
Step: 6569984	Mean reward: 29.6875, 	Mean reward done: 4.703498840332031
Step: 6578176	Mean reward: 25.625, 	Mean reward done: 3.8277664184570312
Step: 6586368	Mean reward: 28.75, 	Mean reward done: 4.50558614730835
Step: 6594560	Mean reward: 28.125, 	Mean reward done: 4.95125675201416
Step: 6602752	Mean reward: 27.5, 	Mean reward done: 4.679880619049072
Step: 6610944	Mean reward: 25.625, 	Mean reward done: 3.878804922103882
Step: 6619136	Mean reward: 33.125, 	Mean reward done: 5.036459445953369
Step: 6627328	Mean reward: 30.0, 	Mean reward done: 4.849848747253418
Step: 6635520	Mean reward: 30.625, 	Mean reward done: 4.930759906768799
Step: 6643712	Mean reward: 19.375, 	Mean reward done: 3.8279647827148438
Step: 6651904	Mean reward: 23.75, 	Mean reward done: 3.4223270416259766
Step: 6660096	Mean reward: 23.75, 	Mean reward done: 4.228857040405273
Step: 6668288	Mean reward: 35.0, 	Mean reward done: 5.237183094024658
Step: 6676480	Mean reward: 35.3125, 	Mean reward done: 5.026269912719727
Step: 6684672	Mean reward: 27.8125, 	Mean reward done: 4.667280197143555
Step: 6692864	Mean reward: 28.4375, 	Mean reward done: 4.650920867919922
Step: 6701056	Mean reward: 24.6875, 	Mean reward done: 3.661910057067871
Step: 6709248	Mean reward: 25.0, 	Mean reward done: 4.082708358764648
Step: 6717440	Mean reward: 28.75, 	Mean reward done: 4.667992115020752
Step: 6725632	Mean reward: 21.875, 	Mean reward done: 4.0804548263549805
Step: 6733824	Mean reward: 25.3125, 	Mean reward done: 4.330290794372559
Step: 6742016	Mean reward: 30.9375, 	Mean reward done: 4.842447280883789
Step: 6750208	Mean reward: 29.375, 	Mean reward done: 4.468322277069092
Step: 6758400	Mean reward: 30.3125, 	Mean reward done: 4.806190490722656
Step: 6766592	Mean reward: 33.4375, 	Mean reward done: 5.045646667480469
Step: 6774784	Mean reward: 26.5625, 	Mean reward done: 4.166639804840088
Step: 6782976	Mean reward: 29.375, 	Mean reward done: 4.634334564208984
Step: 6791168	Mean reward: 27.1875, 	Mean reward done: 4.583505630493164
Step: 6799360	Mean reward: 31.25, 	Mean reward done: 5.002583980560303
Step: 6807552	Mean reward: 30.3125, 	Mean reward done: 4.833733558654785
Step: 6815744	Mean reward: 24.6875, 	Mean reward done: 3.9098074436187744
Step: 6823936	Mean reward: 30.3125, 	Mean reward done: 4.612178802490234
Step: 6832128	Mean reward: 28.75, 	Mean reward done: 4.493737697601318
Step: 6840320	Mean reward: 31.875, 	Mean reward done: 5.133197784423828
Step: 6848512	Mean reward: 32.5, 	Mean reward done: 4.6469244956970215
Step: 6856704	Mean reward: 22.5, 	Mean reward done: 3.934037923812866
Step: 6864896	Mean reward: 26.875, 	Mean reward done: 4.496862411499023
Step: 6873088	Mean reward: 32.8125, 	Mean reward done: 5.176013946533203
Step: 6881280	Mean reward: 24.375, 	Mean reward done: 4.371392250061035
Step: 6889472	Mean reward: 36.5625, 	Mean reward done: 5.639200687408447
Step: 6897664	Mean reward: 33.125, 	Mean reward done: 4.910881042480469
Step: 6905856	Mean reward: 27.1875, 	Mean reward done: 4.30220890045166
Step: 6914048	Mean reward: 25.3125, 	Mean reward done: 3.8840372562408447
Step: 6922240	Mean reward: 31.5625, 	Mean reward done: 4.696568965911865
Step: 6930432	Mean reward: 30.3125, 	Mean reward done: 5.0671186447143555
Step: 6938624	Mean reward: 30.9375, 	Mean reward done: 4.786241054534912
Step: 6946816	Mean reward: 33.125, 	Mean reward done: 4.758116245269775
Step: 6955008	Mean reward: 27.1875, 	Mean reward done: 4.354362964630127
Step: 6963200	Mean reward: 29.375, 	Mean reward done: 4.687567710876465
Step: 6971392	Mean reward: 33.4375, 	Mean reward done: 4.9174604415893555
Step: 6979584	Mean reward: 35.3125, 	Mean reward done: 5.417980194091797
Step: 6987776	Mean reward: 34.0625, 	Mean reward done: 5.625477313995361
Step: 6995968	Mean reward: 40.3125, 	Mean reward done: 6.026086330413818
Step: 7004160	Mean reward: 32.5, 	Mean reward done: 5.013991832733154
Step: 7012352	Mean reward: 21.5625, 	Mean reward done: 3.9880075454711914
Step: 7020544	Mean reward: 29.6875, 	Mean reward done: 4.652792453765869
Step: 7028736	Mean reward: 31.25, 	Mean reward done: 4.894242763519287
Step: 7036928	Mean reward: 22.5, 	Mean reward done: 4.056164264678955
Step: 7045120	Mean reward: 28.125, 	Mean reward done: 4.456035614013672
Step: 7053312	Mean reward: 20.9375, 	Mean reward done: 3.6890017986297607
Step: 7061504	Mean reward: 25.0, 	Mean reward done: 4.1562886238098145
Step: 7069696	Mean reward: 35.9375, 	Mean reward done: 5.26485538482666
Step: 7077888	Mean reward: 24.0625, 	Mean reward done: 3.3669662475585938
Step: 7086080	Mean reward: 23.75, 	Mean reward done: 3.8236501216888428
Step: 7094272	Mean reward: 22.1875, 	Mean reward done: 3.9406561851501465
Step: 7102464	Mean reward: 21.5625, 	Mean reward done: 4.056833267211914
Step: 7110656	Mean reward: 20.3125, 	Mean reward done: 3.2007315158843994
Step: 7118848	Mean reward: 23.125, 	Mean reward done: 3.57796311378479
Step: 7127040	Mean reward: 28.125, 	Mean reward done: 4.443146705627441
Step: 7135232	Mean reward: 31.25, 	Mean reward done: 4.9012017250061035
Step: 7143424	Mean reward: 32.1875, 	Mean reward done: 4.770693302154541
Step: 7151616	Mean reward: 30.3125, 	Mean reward done: 4.933251857757568
Step: 7159808	Mean reward: 23.4375, 	Mean reward done: 3.9787445068359375
Step: 7168000	Mean reward: 22.8125, 	Mean reward done: 3.6330344676971436
Step: 7176192	Mean reward: 25.0, 	Mean reward done: 3.995798349380493
Step: 7184384	Mean reward: 24.375, 	Mean reward done: 4.334509372711182
Step: 7192576	Mean reward: 25.0, 	Mean reward done: 4.223630428314209
Step: 7200768	Mean reward: 23.4375, 	Mean reward done: 3.774190902709961
Step: 7208960	Mean reward: 19.6875, 	Mean reward done: 3.0680019855499268
Step: 7217152	Mean reward: 25.3125, 	Mean reward done: 3.943681001663208
Step: 7225344	Mean reward: 28.75, 	Mean reward done: 4.470693588256836
Step: 7233536	Mean reward: 24.0625, 	Mean reward done: 3.983449697494507
Step: 7241728	Mean reward: 26.25, 	Mean reward done: 4.333400249481201
Step: 7249920	Mean reward: 25.625, 	Mean reward done: 4.281363010406494
Step: 7258112	Mean reward: 31.25, 	Mean reward done: 4.650727272033691
Step: 7266304	Mean reward: 30.0, 	Mean reward done: 5.010010242462158
Step: 7274496	Mean reward: 25.625, 	Mean reward done: 4.2241034507751465
Step: 7282688	Mean reward: 25.9375, 	Mean reward done: 4.196317672729492
Step: 7290880	Mean reward: 15.625, 	Mean reward done: 3.042421340942383
Step: 7299072	Mean reward: 18.125, 	Mean reward done: 2.570402145385742
Step: 7307264	Mean reward: 24.6875, 	Mean reward done: 4.013601303100586
Step: 7315456	Mean reward: 28.75, 	Mean reward done: 4.674487590789795
Step: 7323648	Mean reward: 26.5625, 	Mean reward done: 4.761665344238281
Step: 7331840	Mean reward: 25.9375, 	Mean reward done: 3.9566080570220947
Step: 7340032	Mean reward: 33.4375, 	Mean reward done: 4.759988784790039
Step: 7348224	Mean reward: 23.75, 	Mean reward done: 3.9169254302978516
Step: 7356416	Mean reward: 30.0, 	Mean reward done: 5.126865386962891
Step: 7364608	Mean reward: 32.8125, 	Mean reward done: 5.091050148010254
Step: 7372800	Mean reward: 32.1875, 	Mean reward done: 5.19428014755249
Step: 7380992	Mean reward: 26.875, 	Mean reward done: 4.732258319854736
Step: 7389184	Mean reward: 30.9375, 	Mean reward done: 4.836667537689209
Step: 7397376	Mean reward: 29.375, 	Mean reward done: 4.881484031677246
Step: 7405568	Mean reward: 30.625, 	Mean reward done: 4.660125732421875
Step: 7413760	Mean reward: 33.75, 	Mean reward done: 5.218212604522705
Step: 7421952	Mean reward: 30.0, 	Mean reward done: 4.434989929199219
Step: 7430144	Mean reward: 28.125, 	Mean reward done: 4.764001846313477
Step: 7438336	Mean reward: 22.5, 	Mean reward done: 3.5508956909179688
Step: 7446528	Mean reward: 21.875, 	Mean reward done: 3.81717848777771
Step: 7454720	Mean reward: 23.4375, 	Mean reward done: 3.6710333824157715
Step: 7462912	Mean reward: 28.4375, 	Mean reward done: 4.266666889190674
Step: 7471104	Mean reward: 26.5625, 	Mean reward done: 3.727017641067505
Step: 7479296	Mean reward: 28.125, 	Mean reward done: 4.059282302856445
Step: 7487488	Mean reward: 28.4375, 	Mean reward done: 4.2307538986206055
Step: 7495680	Mean reward: 28.75, 	Mean reward done: 4.202417850494385
Step: 7503872	Mean reward: 34.0625, 	Mean reward done: 4.900808811187744
Step: 7512064	Mean reward: 32.5, 	Mean reward done: 5.122029781341553
Step: 7520256	Mean reward: 34.6875, 	Mean reward done: 5.373805046081543
Step: 7528448	Mean reward: 33.75, 	Mean reward done: 5.003692626953125
Step: 7536640	Mean reward: 27.1875, 	Mean reward done: 4.378159046173096
Step: 7544832	Mean reward: 30.3125, 	Mean reward done: 4.716616630554199
Step: 7553024	Mean reward: 31.875, 	Mean reward done: 4.668097496032715
Step: 7561216	Mean reward: 32.1875, 	Mean reward done: 5.400649547576904
Step: 7569408	Mean reward: 40.3125, 	Mean reward done: 5.580318450927734
Step: 7577600	Mean reward: 35.625, 	Mean reward done: 5.509859085083008
Step: 7585792	Mean reward: 40.9375, 	Mean reward done: 5.336092948913574
Step: 7593984	Mean reward: 32.1875, 	Mean reward done: 4.697092056274414
Step: 7602176	Mean reward: 31.875, 	Mean reward done: 5.042671203613281
Step: 7610368	Mean reward: 38.75, 	Mean reward done: 5.5020036697387695
Step: 7618560	Mean reward: 33.4375, 	Mean reward done: 5.000521183013916
Step: 7626752	Mean reward: 35.9375, 	Mean reward done: 5.118024826049805
Step: 7634944	Mean reward: 43.4375, 	Mean reward done: 5.618090629577637
Step: 7643136	Mean reward: 36.875, 	Mean reward done: 5.329701900482178
Step: 7651328	Mean reward: 38.4375, 	Mean reward done: 5.705350875854492
Step: 7659520	Mean reward: 30.0, 	Mean reward done: 4.714156627655029
Step: 7667712	Mean reward: 28.125, 	Mean reward done: 4.598696708679199
Step: 7675904	Mean reward: 31.5625, 	Mean reward done: 4.540975570678711
Step: 7684096	Mean reward: 36.25, 	Mean reward done: 5.215898513793945
Step: 7692288	Mean reward: 37.5, 	Mean reward done: 5.664429187774658
Step: 7700480	Mean reward: 32.5, 	Mean reward done: 5.019564151763916
Step: 7708672	Mean reward: 28.4375, 	Mean reward done: 4.349062919616699
Step: 7716864	Mean reward: 25.0, 	Mean reward done: 4.082517147064209
Step: 7725056	Mean reward: 28.75, 	Mean reward done: 4.340180397033691
Step: 7733248	Mean reward: 34.0625, 	Mean reward done: 5.326372146606445
Step: 7741440	Mean reward: 33.125, 	Mean reward done: 5.032200813293457
Step: 7749632	Mean reward: 33.75, 	Mean reward done: 5.204898834228516
Step: 7757824	Mean reward: 34.375, 	Mean reward done: 5.339976787567139
Step: 7766016	Mean reward: 32.1875, 	Mean reward done: 5.385928153991699
Step: 7774208	Mean reward: 35.0, 	Mean reward done: 5.012475967407227
Step: 7782400	Mean reward: 32.5, 	Mean reward done: 5.112414360046387
Step: 7790592	Mean reward: 30.3125, 	Mean reward done: 4.429995059967041
Step: 7798784	Mean reward: 30.9375, 	Mean reward done: 4.4922990798950195
Step: 7806976	Mean reward: 25.625, 	Mean reward done: 4.317821979522705
Step: 7815168	Mean reward: 24.6875, 	Mean reward done: 4.038890361785889
Step: 7823360	Mean reward: 32.5, 	Mean reward done: 4.973841667175293
Step: 7831552	Mean reward: 23.75, 	Mean reward done: 4.088965892791748
Step: 7839744	Mean reward: 27.1875, 	Mean reward done: 4.258745193481445
Step: 7847936	Mean reward: 33.4375, 	Mean reward done: 4.631161689758301
Step: 7856128	Mean reward: 35.3125, 	Mean reward done: 5.3333282470703125
Step: 7864320	Mean reward: 32.8125, 	Mean reward done: 5.026264190673828
Step: 7872512	Mean reward: 30.0, 	Mean reward done: 4.534022331237793
Step: 7880704	Mean reward: 31.5625, 	Mean reward done: 4.918789863586426
Step: 7888896	Mean reward: 27.5, 	Mean reward done: 4.459242820739746
Step: 7897088	Mean reward: 28.75, 	Mean reward done: 4.918827056884766
Step: 7905280	Mean reward: 25.9375, 	Mean reward done: 4.510230541229248
Step: 7913472	Mean reward: 33.4375, 	Mean reward done: 5.124565601348877
Step: 7921664	Mean reward: 30.625, 	Mean reward done: 5.014084339141846
Step: 7929856	Mean reward: 24.6875, 	Mean reward done: 3.8819518089294434
Step: 7938048	Mean reward: 33.75, 	Mean reward done: 4.562057971954346
Step: 7946240	Mean reward: 22.5, 	Mean reward done: 3.869008779525757
Step: 7954432	Mean reward: 25.625, 	Mean reward done: 4.021622180938721
Step: 7962624	Mean reward: 32.8125, 	Mean reward done: 5.03294038772583
Step: 7970816	Mean reward: 30.9375, 	Mean reward done: 4.700737953186035
Step: 7979008	Mean reward: 35.9375, 	Mean reward done: 5.324299335479736
Step: 7987200	Mean reward: 30.0, 	Mean reward done: 5.002669334411621
Step: 7995392	Mean reward: 25.9375, 	Mean reward done: 4.189918518066406
Step: 8003584	Mean reward: 25.9375, 	Mean reward done: 4.067636013031006
Completed training of sd_i_rc_cr!

------------------------------------------------------------
Sender: LSF System <lsfadmin@n-62-20-4>
Subject: Job 8464009: <sd_i_rc_cr> in cluster <dcc> Done

Job <sd_i_rc_cr> was submitted from host <hpclogin1> by user <s192288> in cluster <dcc> at Tue Dec  1 22:08:44 2020
Job was executed on host(s) <n-62-20-4>, in queue <gpuv100>, as user <s192288> in cluster <dcc> at Wed Dec  2 04:05:21 2020
</zhome/09/9/144141> was used as the home directory.
</zhome/09/9/144141/Desktop/Deep_l_hpc> was used as the working directory.
Started at Wed Dec  2 04:05:21 2020
Terminated at Wed Dec  2 10:01:48 2020
Results reported at Wed Dec  2 10:01:48 2020

Your job looked like:

------------------------------------------------------------
# LSBATCH: User input
#!/bin/sh

#BSUB -J sd_i_rc_cr

#BSUB -q gpuv100

#BSUB -gpu "num=1"

#BSUB -n 1

#BSUB -W 23:45

#BSUB -R "rusage[mem=16GB]"

#BSUB -o sd_i_rc_cr.out

#BSUB -e sd_i_rc_cr.err

# Load modules

module load python3/3.8.2
module load cuda/8.0
module load cudnn/v7.0-prod-cuda8
module load ffmpeg/4.2.2
pip3 install --user torch matplotlib procgen gym 

# 1 = model_name, 2 = encoder_index, 3 = aug_index, 4 = mix_reg, 5 = game
#the name of the run
#encoder_index 0 = Impala, 1 = Nature  
#aug_index: 0 = None, 1 = grayscale, 2 = random_cutout, 3 = color_jitter
#mixreg: 0 = False, 1 = True 
#type of game

python3 train_ppo.py sd_i_rc_cr 0 2 0 coinrun



------------------------------------------------------------

Successfully completed.

Resource usage summary:

    CPU time :                                   21194.68 sec.
    Max Memory :                                 9091 MB
    Average Memory :                             9042.88 MB
    Total Requested Memory :                     16384.00 MB
    Delta Memory :                               7293.00 MB
    Max Swap :                                   -
    Max Processes :                              4
    Max Threads :                                13
    Run time :                                   21429 sec.
    Turnaround time :                            42784 sec.

The output (if any) is above this job summary.



PS:

Read file <sd_i_rc_cr.err> for stderr output of this job.

