Requirement already satisfied: torch in /zhome/09/9/144141/.local/lib/python3.8/site-packages (1.7.0)
Requirement already satisfied: matplotlib in /zhome/09/9/144141/.local/lib/python3.8/site-packages (3.3.3)
Requirement already satisfied: procgen in /zhome/09/9/144141/.local/lib/python3.8/site-packages (0.10.4)
Requirement already satisfied: gym in /zhome/09/9/144141/.local/lib/python3.8/site-packages (0.17.3)
Requirement already satisfied: numpy in /zhome/09/9/144141/.local/lib/python3.8/site-packages (from torch) (1.19.4)
Requirement already satisfied: future in /zhome/09/9/144141/.local/lib/python3.8/site-packages (from torch) (0.18.2)
Requirement already satisfied: typing-extensions in /zhome/09/9/144141/.local/lib/python3.8/site-packages (from torch) (3.7.4.3)
Requirement already satisfied: dataclasses in /zhome/09/9/144141/.local/lib/python3.8/site-packages (from torch) (0.6)
Requirement already satisfied: cycler>=0.10 in /zhome/09/9/144141/.local/lib/python3.8/site-packages (from matplotlib) (0.10.0)
Requirement already satisfied: python-dateutil>=2.1 in /zhome/09/9/144141/.local/lib/python3.8/site-packages (from matplotlib) (2.8.1)
Requirement already satisfied: kiwisolver>=1.0.1 in /zhome/09/9/144141/.local/lib/python3.8/site-packages (from matplotlib) (1.3.1)
Requirement already satisfied: pyparsing!=2.0.4,!=2.1.2,!=2.1.6,>=2.0.3 in /zhome/09/9/144141/.local/lib/python3.8/site-packages (from matplotlib) (2.4.7)
Requirement already satisfied: pillow>=6.2.0 in /zhome/09/9/144141/.local/lib/python3.8/site-packages (from matplotlib) (8.0.1)
Requirement already satisfied: gym3<1.0.0,>=0.3.3 in /zhome/09/9/144141/.local/lib/python3.8/site-packages (from procgen) (0.3.3)
Requirement already satisfied: filelock<4.0.0,>=3.0.0 in /zhome/09/9/144141/.local/lib/python3.8/site-packages (from procgen) (3.0.12)
Requirement already satisfied: scipy in /zhome/09/9/144141/.local/lib/python3.8/site-packages (from gym) (1.5.4)
Requirement already satisfied: pyglet<=1.5.0,>=1.4.0 in /zhome/09/9/144141/.local/lib/python3.8/site-packages (from gym) (1.5.0)
Requirement already satisfied: cloudpickle<1.7.0,>=1.2.0 in /zhome/09/9/144141/.local/lib/python3.8/site-packages (from gym) (1.6.0)
Requirement already satisfied: six in /zhome/09/9/144141/.local/lib/python3.8/site-packages (from cycler>=0.10->matplotlib) (1.15.0)
Requirement already satisfied: glfw<2.0.0,>=1.8.6 in /zhome/09/9/144141/.local/lib/python3.8/site-packages (from gym3<1.0.0,>=0.3.3->procgen) (1.12.0)
Requirement already satisfied: imageio<3.0.0,>=2.6.0 in /zhome/09/9/144141/.local/lib/python3.8/site-packages (from gym3<1.0.0,>=0.3.3->procgen) (2.9.0)
Requirement already satisfied: cffi<2.0.0,>=1.13.0 in /zhome/09/9/144141/.local/lib/python3.8/site-packages (from gym3<1.0.0,>=0.3.3->procgen) (1.14.4)
Requirement already satisfied: moderngl<6.0.0,>=5.5.4 in /zhome/09/9/144141/.local/lib/python3.8/site-packages (from gym3<1.0.0,>=0.3.3->procgen) (5.6.2)
Requirement already satisfied: imageio-ffmpeg<0.4.0,>=0.3.0 in /zhome/09/9/144141/.local/lib/python3.8/site-packages (from gym3<1.0.0,>=0.3.3->procgen) (0.3.0)
Requirement already satisfied: pycparser in /zhome/09/9/144141/.local/lib/python3.8/site-packages (from cffi<2.0.0,>=1.13.0->gym3<1.0.0,>=0.3.3->procgen) (2.20)
Requirement already satisfied: glcontext<3,>=2 in /zhome/09/9/144141/.local/lib/python3.8/site-packages (from moderngl<6.0.0,>=5.5.4->gym3<1.0.0,>=0.3.3->procgen) (2.2.0)
Run name sd_i_na_cr
Encoder used Impala
Augumentation used none
Mixreg? False
Game coinrun
Observation space: Box(0.0, 1.0, (3, 64, 64), float32)
Action space: 15
Beware of the Impala!
Step: 8192	Mean reward: 0.625, 	Mean reward done: 0.3125
Estimated time of completion: 9.116758980477849 hours
Step: 16384	Mean reward: 2.5, 	Mean reward done: 1.25
Step: 24576	Mean reward: 1.875, 	Mean reward done: 0.8854166269302368
Step: 32768	Mean reward: 2.5, 	Mean reward done: 1.09375
Step: 40960	Mean reward: 3.75, 	Mean reward done: 1.71875
Step: 49152	Mean reward: 8.75, 	Mean reward done: 3.2864582538604736
Step: 57344	Mean reward: 9.375, 	Mean reward done: 3.1979165077209473
Step: 65536	Mean reward: 8.4375, 	Mean reward done: 2.875
Step: 73728	Mean reward: 12.5, 	Mean reward done: 3.828125
Step: 81920	Mean reward: 11.875, 	Mean reward done: 3.671875238418579
Step: 90112	Mean reward: 13.4375, 	Mean reward done: 3.6145832538604736
Step: 98304	Mean reward: 15.0, 	Mean reward done: 4.276041507720947
Step: 106496	Mean reward: 10.625, 	Mean reward done: 3.21875
Step: 114688	Mean reward: 11.875, 	Mean reward done: 3.3958334922790527
Step: 122880	Mean reward: 13.4375, 	Mean reward done: 3.843749761581421
Step: 131072	Mean reward: 17.5, 	Mean reward done: 4.302083492279053
Step: 139264	Mean reward: 20.0, 	Mean reward done: 4.795387268066406
Step: 147456	Mean reward: 18.4375, 	Mean reward done: 4.595237731933594
Step: 155648	Mean reward: 19.0625, 	Mean reward done: 4.527529239654541
Step: 163840	Mean reward: 17.1875, 	Mean reward done: 3.7206101417541504
Step: 172032	Mean reward: 19.6875, 	Mean reward done: 4.463541507720947
Step: 180224	Mean reward: 16.875, 	Mean reward done: 3.908482074737549
Step: 188416	Mean reward: 17.5, 	Mean reward done: 4.0807294845581055
Step: 196608	Mean reward: 20.0, 	Mean reward done: 4.402529716491699
Step: 204800	Mean reward: 23.125, 	Mean reward done: 4.654762268066406
Step: 212992	Mean reward: 19.0625, 	Mean reward done: 3.7213540077209473
Step: 221184	Mean reward: 24.0625, 	Mean reward done: 4.553943634033203
Step: 229376	Mean reward: 23.75, 	Mean reward done: 5.002604007720947
Step: 237568	Mean reward: 25.3125, 	Mean reward done: 4.435268402099609
Step: 245760	Mean reward: 31.875, 	Mean reward done: 5.048859119415283
Step: 253952	Mean reward: 32.8125, 	Mean reward done: 5.533853530883789
Step: 262144	Mean reward: 30.9375, 	Mean reward done: 5.3774800300598145
Step: 270336	Mean reward: 33.75, 	Mean reward done: 5.475074291229248
Step: 278528	Mean reward: 37.8125, 	Mean reward done: 6.184771537780762
Step: 286720	Mean reward: 27.5, 	Mean reward done: 4.829240798950195
Step: 294912	Mean reward: 34.0625, 	Mean reward done: 5.4005446434021
Step: 303104	Mean reward: 30.3125, 	Mean reward done: 5.670262813568115
Step: 311296	Mean reward: 35.3125, 	Mean reward done: 5.624876022338867
Step: 319488	Mean reward: 29.375, 	Mean reward done: 5.283729553222656
Step: 327680	Mean reward: 37.5, 	Mean reward done: 6.134176731109619
Step: 335872	Mean reward: 35.9375, 	Mean reward done: 6.30282735824585
Step: 344064	Mean reward: 28.4375, 	Mean reward done: 5.054315090179443
Step: 352256	Mean reward: 35.625, 	Mean reward done: 5.962922096252441
Step: 360448	Mean reward: 35.625, 	Mean reward done: 5.802950859069824
Step: 368640	Mean reward: 30.9375, 	Mean reward done: 5.527281761169434
Step: 376832	Mean reward: 28.4375, 	Mean reward done: 5.240699291229248
Step: 385024	Mean reward: 30.0, 	Mean reward done: 5.606150150299072
Step: 393216	Mean reward: 32.8125, 	Mean reward done: 5.339533805847168
Step: 401408	Mean reward: 27.8125, 	Mean reward done: 5.350818157196045
Step: 409600	Mean reward: 36.25, 	Mean reward done: 5.78397798538208
Step: 417792	Mean reward: 25.3125, 	Mean reward done: 4.853050708770752
Step: 425984	Mean reward: 35.3125, 	Mean reward done: 6.165922164916992
Step: 434176	Mean reward: 27.5, 	Mean reward done: 5.480654716491699
Step: 442368	Mean reward: 36.5625, 	Mean reward done: 6.064731597900391
Step: 450560	Mean reward: 40.0, 	Mean reward done: 6.465526103973389
Step: 458752	Mean reward: 36.5625, 	Mean reward done: 6.3149800300598145
Step: 466944	Mean reward: 27.8125, 	Mean reward done: 5.137276649475098
Step: 475136	Mean reward: 33.4375, 	Mean reward done: 5.614087104797363
Step: 483328	Mean reward: 34.0625, 	Mean reward done: 6.405381679534912
Step: 491520	Mean reward: 35.9375, 	Mean reward done: 6.450893402099609
Step: 499712	Mean reward: 30.0, 	Mean reward done: 5.976934909820557
Step: 507904	Mean reward: 35.3125, 	Mean reward done: 6.16802978515625
Step: 516096	Mean reward: 39.0625, 	Mean reward done: 6.318700313568115
Step: 524288	Mean reward: 35.3125, 	Mean reward done: 5.929687976837158
Step: 532480	Mean reward: 33.4375, 	Mean reward done: 6.333085060119629
Step: 540672	Mean reward: 35.9375, 	Mean reward done: 6.318824768066406
Step: 548864	Mean reward: 42.1875, 	Mean reward done: 6.750743865966797
Step: 557056	Mean reward: 31.875, 	Mean reward done: 6.029637813568115
Step: 565248	Mean reward: 37.1875, 	Mean reward done: 6.303199291229248
Step: 573440	Mean reward: 33.125, 	Mean reward done: 6.081597328186035
Step: 581632	Mean reward: 34.0625, 	Mean reward done: 5.724577903747559
Step: 589824	Mean reward: 38.4375, 	Mean reward done: 6.468862533569336
Step: 598016	Mean reward: 36.25, 	Mean reward done: 6.536085605621338
Step: 606208	Mean reward: 32.5, 	Mean reward done: 6.217578411102295
Step: 614400	Mean reward: 32.5, 	Mean reward done: 6.068271160125732
Step: 622592	Mean reward: 30.0, 	Mean reward done: 6.0198283195495605
Step: 630784	Mean reward: 32.1875, 	Mean reward done: 6.129968166351318
Step: 638976	Mean reward: 35.0, 	Mean reward done: 6.251987934112549
Step: 647168	Mean reward: 35.0, 	Mean reward done: 5.970608711242676
Step: 655360	Mean reward: 30.625, 	Mean reward done: 5.5653076171875
Step: 663552	Mean reward: 30.3125, 	Mean reward done: 5.65385627746582
Step: 671744	Mean reward: 33.4375, 	Mean reward done: 5.717732906341553
Step: 679936	Mean reward: 38.125, 	Mean reward done: 6.228740215301514
Step: 688128	Mean reward: 40.9375, 	Mean reward done: 6.212182998657227
Step: 696320	Mean reward: 37.8125, 	Mean reward done: 6.200595855712891
Step: 704512	Mean reward: 35.625, 	Mean reward done: 5.890671730041504
Step: 712704	Mean reward: 36.5625, 	Mean reward done: 5.9283833503723145
Step: 720896	Mean reward: 38.125, 	Mean reward done: 6.303909778594971
Step: 729088	Mean reward: 35.9375, 	Mean reward done: 6.373600482940674
Step: 737280	Mean reward: 32.5, 	Mean reward done: 5.8192338943481445
Step: 745472	Mean reward: 36.25, 	Mean reward done: 5.880120754241943
Step: 753664	Mean reward: 39.6875, 	Mean reward done: 6.253252983093262
Step: 761856	Mean reward: 42.5, 	Mean reward done: 6.751257419586182
Step: 770048	Mean reward: 39.0625, 	Mean reward done: 6.0548996925354
Step: 778240	Mean reward: 34.375, 	Mean reward done: 5.752480506896973
Step: 786432	Mean reward: 33.75, 	Mean reward done: 5.894134521484375
Step: 794624	Mean reward: 32.8125, 	Mean reward done: 5.791212558746338
Step: 802816	Mean reward: 35.625, 	Mean reward done: 5.806693077087402
Step: 811008	Mean reward: 30.3125, 	Mean reward done: 5.006659984588623
Step: 819200	Mean reward: 37.1875, 	Mean reward done: 5.533631801605225
Step: 827392	Mean reward: 35.9375, 	Mean reward done: 5.699159145355225
Step: 835584	Mean reward: 34.0625, 	Mean reward done: 5.654687404632568
Step: 843776	Mean reward: 36.5625, 	Mean reward done: 5.613378047943115
Step: 851968	Mean reward: 32.8125, 	Mean reward done: 5.889699459075928
Step: 860160	Mean reward: 31.25, 	Mean reward done: 5.341024875640869
Step: 868352	Mean reward: 34.6875, 	Mean reward done: 5.785961151123047
Step: 876544	Mean reward: 34.375, 	Mean reward done: 5.518030643463135
Step: 884736	Mean reward: 30.9375, 	Mean reward done: 5.460777759552002
Step: 892928	Mean reward: 30.625, 	Mean reward done: 5.123586654663086
Step: 901120	Mean reward: 26.25, 	Mean reward done: 4.1717610359191895
Step: 909312	Mean reward: 34.375, 	Mean reward done: 5.590052127838135
Step: 917504	Mean reward: 29.0625, 	Mean reward done: 4.841085433959961
Step: 925696	Mean reward: 33.75, 	Mean reward done: 5.457496166229248
Step: 933888	Mean reward: 38.75, 	Mean reward done: 6.085119247436523
Step: 942080	Mean reward: 35.9375, 	Mean reward done: 5.874301910400391
Step: 950272	Mean reward: 30.9375, 	Mean reward done: 5.209011554718018
Step: 958464	Mean reward: 26.5625, 	Mean reward done: 4.543704032897949
Step: 966656	Mean reward: 33.4375, 	Mean reward done: 5.486860752105713
Step: 974848	Mean reward: 29.6875, 	Mean reward done: 5.138832092285156
Step: 983040	Mean reward: 29.375, 	Mean reward done: 5.457925796508789
Step: 991232	Mean reward: 26.875, 	Mean reward done: 4.529707431793213
Step: 999424	Mean reward: 34.375, 	Mean reward done: 5.4235968589782715
Step: 1007616	Mean reward: 29.375, 	Mean reward done: 4.871727466583252
Step: 1015808	Mean reward: 26.5625, 	Mean reward done: 4.60200309753418
Step: 1024000	Mean reward: 35.625, 	Mean reward done: 5.656038761138916
Step: 1032192	Mean reward: 41.875, 	Mean reward done: 6.140011310577393
Step: 1040384	Mean reward: 28.75, 	Mean reward done: 5.306497573852539
Step: 1048576	Mean reward: 25.3125, 	Mean reward done: 4.4842729568481445
Step: 1056768	Mean reward: 31.875, 	Mean reward done: 4.876919269561768
Step: 1064960	Mean reward: 37.1875, 	Mean reward done: 5.686751365661621
Step: 1073152	Mean reward: 35.625, 	Mean reward done: 5.667698860168457
Step: 1081344	Mean reward: 40.9375, 	Mean reward done: 6.595455169677734
Step: 1089536	Mean reward: 31.25, 	Mean reward done: 5.231285095214844
Step: 1097728	Mean reward: 43.125, 	Mean reward done: 6.168497085571289
Step: 1105920	Mean reward: 32.1875, 	Mean reward done: 4.95280647277832
Step: 1114112	Mean reward: 37.8125, 	Mean reward done: 6.10285758972168
Step: 1122304	Mean reward: 41.5625, 	Mean reward done: 6.633544445037842
Step: 1130496	Mean reward: 38.125, 	Mean reward done: 6.080911636352539
Step: 1138688	Mean reward: 38.125, 	Mean reward done: 6.066425323486328
Step: 1146880	Mean reward: 35.9375, 	Mean reward done: 6.025664329528809
Step: 1155072	Mean reward: 34.0625, 	Mean reward done: 5.792966365814209
Step: 1163264	Mean reward: 40.3125, 	Mean reward done: 6.519292831420898
Step: 1171456	Mean reward: 34.375, 	Mean reward done: 5.757645130157471
Step: 1179648	Mean reward: 35.625, 	Mean reward done: 5.6240363121032715
Step: 1187840	Mean reward: 46.5625, 	Mean reward done: 6.652465343475342
Step: 1196032	Mean reward: 40.0, 	Mean reward done: 6.7439727783203125
Step: 1204224	Mean reward: 39.0625, 	Mean reward done: 6.070075988769531
Step: 1212416	Mean reward: 36.875, 	Mean reward done: 6.066422939300537
Step: 1220608	Mean reward: 42.5, 	Mean reward done: 6.463746070861816
Step: 1228800	Mean reward: 38.4375, 	Mean reward done: 6.575385093688965
Step: 1236992	Mean reward: 40.3125, 	Mean reward done: 6.581840991973877
Step: 1245184	Mean reward: 35.625, 	Mean reward done: 6.049878120422363
Step: 1253376	Mean reward: 43.125, 	Mean reward done: 6.454498767852783
Step: 1261568	Mean reward: 43.4375, 	Mean reward done: 6.743973255157471
Step: 1269760	Mean reward: 46.875, 	Mean reward done: 6.653384208679199
Step: 1277952	Mean reward: 39.375, 	Mean reward done: 6.204076766967773
Step: 1286144	Mean reward: 35.0, 	Mean reward done: 6.274684906005859
Step: 1294336	Mean reward: 44.0625, 	Mean reward done: 6.265759468078613
Step: 1302528	Mean reward: 36.875, 	Mean reward done: 5.85585880279541
Step: 1310720	Mean reward: 39.0625, 	Mean reward done: 6.296504020690918
Step: 1318912	Mean reward: 41.875, 	Mean reward done: 6.6470842361450195
Step: 1327104	Mean reward: 42.5, 	Mean reward done: 6.623645305633545
Step: 1335296	Mean reward: 42.1875, 	Mean reward done: 6.3380231857299805
Step: 1343488	Mean reward: 42.8125, 	Mean reward done: 6.154906749725342
Step: 1351680	Mean reward: 37.8125, 	Mean reward done: 6.0511345863342285
Step: 1359872	Mean reward: 40.3125, 	Mean reward done: 6.237563610076904
Step: 1368064	Mean reward: 44.375, 	Mean reward done: 6.404581546783447
Step: 1376256	Mean reward: 41.875, 	Mean reward done: 6.708003044128418
Step: 1384448	Mean reward: 37.8125, 	Mean reward done: 6.202862739562988
Step: 1392640	Mean reward: 48.125, 	Mean reward done: 6.837198257446289
Step: 1400832	Mean reward: 39.375, 	Mean reward done: 6.294633388519287
Step: 1409024	Mean reward: 48.125, 	Mean reward done: 6.784092903137207
Step: 1417216	Mean reward: 43.75, 	Mean reward done: 6.349940776824951
Step: 1425408	Mean reward: 45.0, 	Mean reward done: 6.654279708862305
Step: 1433600	Mean reward: 40.3125, 	Mean reward done: 6.204219818115234
Step: 1441792	Mean reward: 42.8125, 	Mean reward done: 6.329092502593994
Step: 1449984	Mean reward: 45.9375, 	Mean reward done: 6.615382671356201
Step: 1458176	Mean reward: 42.1875, 	Mean reward done: 6.413945198059082
Step: 1466368	Mean reward: 45.0, 	Mean reward done: 6.9591898918151855
Step: 1474560	Mean reward: 40.9375, 	Mean reward done: 6.338502883911133
Step: 1482752	Mean reward: 45.625, 	Mean reward done: 6.508553981781006
Step: 1490944	Mean reward: 40.3125, 	Mean reward done: 6.337936878204346
Step: 1499136	Mean reward: 43.125, 	Mean reward done: 6.353422164916992
Step: 1507328	Mean reward: 41.875, 	Mean reward done: 6.74559211730957
Step: 1515520	Mean reward: 42.5, 	Mean reward done: 6.443016052246094
Step: 1523712	Mean reward: 39.6875, 	Mean reward done: 6.151616096496582
Step: 1531904	Mean reward: 38.4375, 	Mean reward done: 6.064448833465576
Step: 1540096	Mean reward: 41.25, 	Mean reward done: 6.218502044677734
Step: 1548288	Mean reward: 43.75, 	Mean reward done: 6.4588775634765625
Step: 1556480	Mean reward: 50.9375, 	Mean reward done: 6.754666328430176
Step: 1564672	Mean reward: 48.125, 	Mean reward done: 6.686365604400635
Step: 1572864	Mean reward: 44.375, 	Mean reward done: 6.377730369567871
Step: 1581056	Mean reward: 43.75, 	Mean reward done: 6.207382678985596
Step: 1589248	Mean reward: 47.5, 	Mean reward done: 6.4089741706848145
Step: 1597440	Mean reward: 44.6875, 	Mean reward done: 6.506115913391113
Step: 1605632	Mean reward: 42.5, 	Mean reward done: 6.107966423034668
Step: 1613824	Mean reward: 42.5, 	Mean reward done: 6.059549331665039
Step: 1622016	Mean reward: 44.0625, 	Mean reward done: 6.058078765869141
Step: 1630208	Mean reward: 48.125, 	Mean reward done: 6.448807716369629
Step: 1638400	Mean reward: 43.75, 	Mean reward done: 6.437361717224121
Step: 1646592	Mean reward: 42.8125, 	Mean reward done: 6.196553707122803
Step: 1654784	Mean reward: 42.8125, 	Mean reward done: 5.952263832092285
Step: 1662976	Mean reward: 36.5625, 	Mean reward done: 6.054742336273193
Step: 1671168	Mean reward: 37.5, 	Mean reward done: 5.472702980041504
Step: 1679360	Mean reward: 43.4375, 	Mean reward done: 6.3149824142456055
Step: 1687552	Mean reward: 37.8125, 	Mean reward done: 5.493560791015625
Step: 1695744	Mean reward: 34.0625, 	Mean reward done: 5.402029037475586
Step: 1703936	Mean reward: 38.4375, 	Mean reward done: 5.679740905761719
Step: 1712128	Mean reward: 36.5625, 	Mean reward done: 5.843415260314941
Step: 1720320	Mean reward: 38.4375, 	Mean reward done: 5.8041768074035645
Step: 1728512	Mean reward: 39.375, 	Mean reward done: 6.232672214508057
Step: 1736704	Mean reward: 37.8125, 	Mean reward done: 5.973160266876221
Step: 1744896	Mean reward: 43.4375, 	Mean reward done: 5.970547199249268
Step: 1753088	Mean reward: 39.0625, 	Mean reward done: 6.1585283279418945
Step: 1761280	Mean reward: 40.0, 	Mean reward done: 5.878140449523926
Step: 1769472	Mean reward: 42.1875, 	Mean reward done: 6.1909308433532715
Step: 1777664	Mean reward: 38.4375, 	Mean reward done: 5.780479907989502
Step: 1785856	Mean reward: 41.875, 	Mean reward done: 6.30037260055542
Step: 1794048	Mean reward: 46.25, 	Mean reward done: 6.377758979797363
Step: 1802240	Mean reward: 48.4375, 	Mean reward done: 6.486794471740723
Step: 1810432	Mean reward: 37.8125, 	Mean reward done: 5.47332763671875
Step: 1818624	Mean reward: 38.4375, 	Mean reward done: 5.560028076171875
Step: 1826816	Mean reward: 37.1875, 	Mean reward done: 5.368047714233398
Step: 1835008	Mean reward: 40.625, 	Mean reward done: 5.741509914398193
Step: 1843200	Mean reward: 36.5625, 	Mean reward done: 5.714791774749756
Step: 1851392	Mean reward: 37.1875, 	Mean reward done: 5.480027675628662
Step: 1859584	Mean reward: 43.75, 	Mean reward done: 5.896641254425049
Step: 1867776	Mean reward: 34.375, 	Mean reward done: 5.396712779998779
Step: 1875968	Mean reward: 36.875, 	Mean reward done: 5.355173110961914
Step: 1884160	Mean reward: 34.6875, 	Mean reward done: 4.989562511444092
Step: 1892352	Mean reward: 36.875, 	Mean reward done: 5.406445026397705
Step: 1900544	Mean reward: 40.0, 	Mean reward done: 5.545170783996582
Step: 1908736	Mean reward: 40.625, 	Mean reward done: 5.601019382476807
Step: 1916928	Mean reward: 40.3125, 	Mean reward done: 5.608495235443115
Step: 1925120	Mean reward: 40.3125, 	Mean reward done: 5.633495330810547
Step: 1933312	Mean reward: 36.875, 	Mean reward done: 5.428409099578857
Step: 1941504	Mean reward: 34.6875, 	Mean reward done: 5.01456356048584
Step: 1949696	Mean reward: 30.3125, 	Mean reward done: 5.120696067810059
Step: 1957888	Mean reward: 30.3125, 	Mean reward done: 4.583810806274414
Step: 1966080	Mean reward: 33.125, 	Mean reward done: 4.676909446716309
Step: 1974272	Mean reward: 36.875, 	Mean reward done: 5.245031833648682
Step: 1982464	Mean reward: 33.125, 	Mean reward done: 5.19045877456665
Step: 1990656	Mean reward: 30.625, 	Mean reward done: 4.577725887298584
Step: 1998848	Mean reward: 33.4375, 	Mean reward done: 5.139822006225586
Step: 2007040	Mean reward: 34.0625, 	Mean reward done: 4.689804553985596
Step: 2015232	Mean reward: 31.25, 	Mean reward done: 4.715605735778809
Step: 2023424	Mean reward: 41.875, 	Mean reward done: 5.655893802642822
Step: 2031616	Mean reward: 39.0625, 	Mean reward done: 5.68152379989624
Step: 2039808	Mean reward: 40.9375, 	Mean reward done: 5.816441059112549
Step: 2048000	Mean reward: 38.4375, 	Mean reward done: 5.779946327209473
Step: 2056192	Mean reward: 41.5625, 	Mean reward done: 6.138583660125732
Step: 2064384	Mean reward: 40.625, 	Mean reward done: 6.038443565368652
Step: 2072576	Mean reward: 37.1875, 	Mean reward done: 5.4264092445373535
Step: 2080768	Mean reward: 40.0, 	Mean reward done: 5.68485689163208
Step: 2088960	Mean reward: 39.6875, 	Mean reward done: 5.45841121673584
Step: 2097152	Mean reward: 32.8125, 	Mean reward done: 5.433477878570557
Step: 2105344	Mean reward: 30.625, 	Mean reward done: 4.9636993408203125
Step: 2113536	Mean reward: 35.9375, 	Mean reward done: 5.098939895629883
Step: 2121728	Mean reward: 41.25, 	Mean reward done: 5.631069183349609
Step: 2129920	Mean reward: 44.0625, 	Mean reward done: 5.645747184753418
Step: 2138112	Mean reward: 47.8125, 	Mean reward done: 6.09500789642334
Step: 2146304	Mean reward: 40.0, 	Mean reward done: 5.8077311515808105
Step: 2154496	Mean reward: 35.3125, 	Mean reward done: 5.8525495529174805
Step: 2162688	Mean reward: 43.125, 	Mean reward done: 6.2155280113220215
Step: 2170880	Mean reward: 40.3125, 	Mean reward done: 5.481724739074707
Step: 2179072	Mean reward: 43.75, 	Mean reward done: 6.118338108062744
Step: 2187264	Mean reward: 43.4375, 	Mean reward done: 5.9092817306518555
Step: 2195456	Mean reward: 39.6875, 	Mean reward done: 5.636137962341309
Step: 2203648	Mean reward: 44.6875, 	Mean reward done: 5.751254558563232
Step: 2211840	Mean reward: 37.1875, 	Mean reward done: 5.343142986297607
Step: 2220032	Mean reward: 38.75, 	Mean reward done: 5.489700794219971
Step: 2228224	Mean reward: 26.875, 	Mean reward done: 3.9454917907714844
Step: 2236416	Mean reward: 29.0625, 	Mean reward done: 4.139172554016113
Step: 2244608	Mean reward: 37.1875, 	Mean reward done: 5.154787540435791
Step: 2252800	Mean reward: 37.8125, 	Mean reward done: 5.8619465827941895
Step: 2260992	Mean reward: 43.125, 	Mean reward done: 6.177209854125977
Step: 2269184	Mean reward: 37.8125, 	Mean reward done: 5.614353656768799
Step: 2277376	Mean reward: 45.625, 	Mean reward done: 6.269899368286133
Step: 2285568	Mean reward: 43.4375, 	Mean reward done: 6.119374752044678
Step: 2293760	Mean reward: 37.1875, 	Mean reward done: 5.804891586303711
Step: 2301952	Mean reward: 42.1875, 	Mean reward done: 5.920335292816162
Step: 2310144	Mean reward: 42.5, 	Mean reward done: 5.9486985206604
Step: 2318336	Mean reward: 38.75, 	Mean reward done: 5.189105033874512
Step: 2326528	Mean reward: 31.875, 	Mean reward done: 5.37050724029541
Step: 2334720	Mean reward: 32.8125, 	Mean reward done: 4.783139228820801
Step: 2342912	Mean reward: 35.9375, 	Mean reward done: 5.128291130065918
Step: 2351104	Mean reward: 37.8125, 	Mean reward done: 5.227829933166504
Step: 2359296	Mean reward: 37.5, 	Mean reward done: 5.371052265167236
Step: 2367488	Mean reward: 36.25, 	Mean reward done: 5.456197261810303
Step: 2375680	Mean reward: 39.375, 	Mean reward done: 5.901852130889893
Step: 2383872	Mean reward: 40.625, 	Mean reward done: 6.07676887512207
Step: 2392064	Mean reward: 44.0625, 	Mean reward done: 6.098376750946045
Step: 2400256	Mean reward: 43.125, 	Mean reward done: 5.817343235015869
Step: 2408448	Mean reward: 51.875, 	Mean reward done: 6.48078727722168
Step: 2416640	Mean reward: 46.875, 	Mean reward done: 5.9162797927856445
Step: 2424832	Mean reward: 43.125, 	Mean reward done: 5.997715473175049
Step: 2433024	Mean reward: 44.0625, 	Mean reward done: 5.942193508148193
Step: 2441216	Mean reward: 42.1875, 	Mean reward done: 5.563205242156982
Step: 2449408	Mean reward: 47.8125, 	Mean reward done: 6.081532955169678
Step: 2457600	Mean reward: 42.1875, 	Mean reward done: 6.073634624481201
Step: 2465792	Mean reward: 50.625, 	Mean reward done: 6.4614410400390625
Step: 2473984	Mean reward: 43.4375, 	Mean reward done: 5.917485237121582
Step: 2482176	Mean reward: 44.375, 	Mean reward done: 6.032116413116455
Step: 2490368	Mean reward: 47.8125, 	Mean reward done: 6.089522361755371
Step: 2498560	Mean reward: 50.625, 	Mean reward done: 6.731245040893555
Step: 2506752	Mean reward: 50.0, 	Mean reward done: 6.409869194030762
Step: 2514944	Mean reward: 37.1875, 	Mean reward done: 5.720936298370361
Step: 2523136	Mean reward: 46.875, 	Mean reward done: 6.188899993896484
Step: 2531328	Mean reward: 44.6875, 	Mean reward done: 6.5294389724731445
Step: 2539520	Mean reward: 46.25, 	Mean reward done: 6.496002197265625
Step: 2547712	Mean reward: 43.75, 	Mean reward done: 5.67831563949585
Step: 2555904	Mean reward: 45.625, 	Mean reward done: 5.725347995758057
Step: 2564096	Mean reward: 35.625, 	Mean reward done: 5.186224937438965
Step: 2572288	Mean reward: 38.75, 	Mean reward done: 5.800460338592529
Step: 2580480	Mean reward: 42.8125, 	Mean reward done: 5.824184417724609
Step: 2588672	Mean reward: 36.875, 	Mean reward done: 5.036552906036377
Step: 2596864	Mean reward: 42.5, 	Mean reward done: 5.556227207183838
Step: 2605056	Mean reward: 46.875, 	Mean reward done: 6.069437026977539
Step: 2613248	Mean reward: 43.4375, 	Mean reward done: 6.40077018737793
Step: 2621440	Mean reward: 38.4375, 	Mean reward done: 5.905519962310791
Step: 2629632	Mean reward: 41.25, 	Mean reward done: 5.613781929016113
Step: 2637824	Mean reward: 37.5, 	Mean reward done: 5.051867961883545
Step: 2646016	Mean reward: 40.625, 	Mean reward done: 5.659178733825684
Step: 2654208	Mean reward: 40.625, 	Mean reward done: 5.683453559875488
Step: 2662400	Mean reward: 41.25, 	Mean reward done: 5.760916233062744
Step: 2670592	Mean reward: 39.0625, 	Mean reward done: 5.608518600463867
Step: 2678784	Mean reward: 45.0, 	Mean reward done: 5.65559720993042
Step: 2686976	Mean reward: 41.875, 	Mean reward done: 5.274781703948975
Step: 2695168	Mean reward: 39.6875, 	Mean reward done: 5.3017354011535645
Step: 2703360	Mean reward: 42.8125, 	Mean reward done: 5.872501850128174
Step: 2711552	Mean reward: 42.8125, 	Mean reward done: 5.863429546356201
Step: 2719744	Mean reward: 47.8125, 	Mean reward done: 6.236907005310059
Step: 2727936	Mean reward: 43.75, 	Mean reward done: 6.047908306121826
Step: 2736128	Mean reward: 47.5, 	Mean reward done: 6.378371715545654
Step: 2744320	Mean reward: 53.75, 	Mean reward done: 6.794127941131592
Step: 2752512	Mean reward: 45.625, 	Mean reward done: 6.369511127471924
Step: 2760704	Mean reward: 49.375, 	Mean reward done: 6.21843957901001
Step: 2768896	Mean reward: 43.125, 	Mean reward done: 5.686372756958008
Step: 2777088	Mean reward: 42.5, 	Mean reward done: 5.631443500518799
Step: 2785280	Mean reward: 42.5, 	Mean reward done: 5.4709696769714355
Step: 2793472	Mean reward: 45.0, 	Mean reward done: 5.729860782623291
Step: 2801664	Mean reward: 33.4375, 	Mean reward done: 4.9476494789123535
Step: 2809856	Mean reward: 37.5, 	Mean reward done: 5.217551231384277
Step: 2818048	Mean reward: 38.75, 	Mean reward done: 5.249213218688965
Step: 2826240	Mean reward: 40.0, 	Mean reward done: 5.510115146636963
Step: 2834432	Mean reward: 44.0625, 	Mean reward done: 5.861351490020752
Step: 2842624	Mean reward: 46.25, 	Mean reward done: 6.084038257598877
Step: 2850816	Mean reward: 43.125, 	Mean reward done: 5.663384914398193
Step: 2859008	Mean reward: 48.125, 	Mean reward done: 6.235257148742676
Step: 2867200	Mean reward: 49.375, 	Mean reward done: 5.8609843254089355
Step: 2875392	Mean reward: 44.375, 	Mean reward done: 5.879331588745117
Step: 2883584	Mean reward: 42.1875, 	Mean reward done: 5.823195934295654
Step: 2891776	Mean reward: 39.375, 	Mean reward done: 5.795307159423828
Step: 2899968	Mean reward: 46.875, 	Mean reward done: 5.853232383728027
Step: 2908160	Mean reward: 42.1875, 	Mean reward done: 5.5554518699646
Step: 2916352	Mean reward: 38.125, 	Mean reward done: 5.523935317993164
Step: 2924544	Mean reward: 41.5625, 	Mean reward done: 5.692480564117432
Step: 2932736	Mean reward: 37.5, 	Mean reward done: 5.641230583190918
Step: 2940928	Mean reward: 40.9375, 	Mean reward done: 5.6195502281188965
Step: 2949120	Mean reward: 41.25, 	Mean reward done: 5.536332607269287
Step: 2957312	Mean reward: 41.875, 	Mean reward done: 5.622734069824219
Step: 2965504	Mean reward: 40.9375, 	Mean reward done: 5.65080451965332
Step: 2973696	Mean reward: 42.8125, 	Mean reward done: 5.737775802612305
Step: 2981888	Mean reward: 40.0, 	Mean reward done: 5.303484916687012
Step: 2990080	Mean reward: 37.5, 	Mean reward done: 4.993523120880127
Step: 2998272	Mean reward: 36.875, 	Mean reward done: 5.0312628746032715
Step: 3006464	Mean reward: 37.5, 	Mean reward done: 5.08773136138916
Step: 3014656	Mean reward: 38.4375, 	Mean reward done: 5.21422815322876
Step: 3022848	Mean reward: 42.8125, 	Mean reward done: 5.66385555267334
Step: 3031040	Mean reward: 47.5, 	Mean reward done: 6.065876007080078
Step: 3039232	Mean reward: 43.4375, 	Mean reward done: 5.768416404724121
Step: 3047424	Mean reward: 38.75, 	Mean reward done: 5.49989128112793
Step: 3055616	Mean reward: 31.25, 	Mean reward done: 4.686798095703125
Step: 3063808	Mean reward: 33.4375, 	Mean reward done: 4.448896884918213
Step: 3072000	Mean reward: 37.8125, 	Mean reward done: 4.920090198516846
Step: 3080192	Mean reward: 35.3125, 	Mean reward done: 4.935557842254639
Step: 3088384	Mean reward: 42.8125, 	Mean reward done: 5.748988151550293
Step: 3096576	Mean reward: 44.6875, 	Mean reward done: 5.418407440185547
Step: 3104768	Mean reward: 45.3125, 	Mean reward done: 6.130817890167236
Step: 3112960	Mean reward: 38.75, 	Mean reward done: 5.456305027008057
Step: 3121152	Mean reward: 40.625, 	Mean reward done: 5.504607677459717
Step: 3129344	Mean reward: 37.8125, 	Mean reward done: 5.069282531738281
Step: 3137536	Mean reward: 42.1875, 	Mean reward done: 5.706080436706543
Step: 3145728	Mean reward: 45.0, 	Mean reward done: 5.835665702819824
Step: 3153920	Mean reward: 39.375, 	Mean reward done: 5.59175443649292
Step: 3162112	Mean reward: 38.75, 	Mean reward done: 4.974416255950928
Step: 3170304	Mean reward: 35.625, 	Mean reward done: 4.638474941253662
Step: 3178496	Mean reward: 28.125, 	Mean reward done: 4.3280487060546875
Step: 3186688	Mean reward: 33.4375, 	Mean reward done: 4.99647855758667
Step: 3194880	Mean reward: 38.4375, 	Mean reward done: 5.2415690422058105
Step: 3203072	Mean reward: 33.125, 	Mean reward done: 5.034621715545654
Step: 3211264	Mean reward: 41.5625, 	Mean reward done: 5.518671035766602
Step: 3219456	Mean reward: 40.3125, 	Mean reward done: 5.522930145263672
Step: 3227648	Mean reward: 42.1875, 	Mean reward done: 5.5448079109191895
Step: 3235840	Mean reward: 35.0, 	Mean reward done: 4.980595588684082
Step: 3244032	Mean reward: 41.5625, 	Mean reward done: 5.377601623535156
Step: 3252224	Mean reward: 42.8125, 	Mean reward done: 5.755000114440918
Step: 3260416	Mean reward: 47.1875, 	Mean reward done: 6.136586666107178
Step: 3268608	Mean reward: 31.875, 	Mean reward done: 5.194301128387451
Step: 3276800	Mean reward: 40.625, 	Mean reward done: 5.6706767082214355
Step: 3284992	Mean reward: 37.1875, 	Mean reward done: 5.0501556396484375
Step: 3293184	Mean reward: 42.1875, 	Mean reward done: 5.678757190704346
Step: 3301376	Mean reward: 46.25, 	Mean reward done: 5.922025203704834
Step: 3309568	Mean reward: 44.6875, 	Mean reward done: 5.97034215927124
Step: 3317760	Mean reward: 48.75, 	Mean reward done: 6.454832553863525
Step: 3325952	Mean reward: 44.0625, 	Mean reward done: 6.203193187713623
Step: 3334144	Mean reward: 44.6875, 	Mean reward done: 5.832330703735352
Step: 3342336	Mean reward: 43.125, 	Mean reward done: 5.431593418121338
Step: 3350528	Mean reward: 40.625, 	Mean reward done: 5.710746765136719
Step: 3358720	Mean reward: 48.4375, 	Mean reward done: 6.0935750007629395
Step: 3366912	Mean reward: 44.0625, 	Mean reward done: 5.699249744415283
Step: 3375104	Mean reward: 43.75, 	Mean reward done: 5.592066764831543
Step: 3383296	Mean reward: 39.0625, 	Mean reward done: 5.507381916046143
Step: 3391488	Mean reward: 48.75, 	Mean reward done: 6.111143112182617
Step: 3399680	Mean reward: 50.625, 	Mean reward done: 6.382161617279053
Step: 3407872	Mean reward: 52.8125, 	Mean reward done: 6.304243087768555
Step: 3416064	Mean reward: 44.0625, 	Mean reward done: 5.865725994110107
Step: 3424256	Mean reward: 43.75, 	Mean reward done: 6.142110347747803
Step: 3432448	Mean reward: 49.0625, 	Mean reward done: 6.183174133300781
Step: 3440640	Mean reward: 46.25, 	Mean reward done: 5.915339946746826
Step: 3448832	Mean reward: 40.3125, 	Mean reward done: 5.742997646331787
Step: 3457024	Mean reward: 39.0625, 	Mean reward done: 5.459819793701172
Step: 3465216	Mean reward: 42.8125, 	Mean reward done: 5.485787868499756
Step: 3473408	Mean reward: 46.5625, 	Mean reward done: 5.948480606079102
Step: 3481600	Mean reward: 43.125, 	Mean reward done: 5.800841808319092
Step: 3489792	Mean reward: 40.0, 	Mean reward done: 5.772745609283447
Step: 3497984	Mean reward: 47.5, 	Mean reward done: 6.1406474113464355
Step: 3506176	Mean reward: 46.25, 	Mean reward done: 5.862804889678955
Step: 3514368	Mean reward: 43.75, 	Mean reward done: 5.667160511016846
Step: 3522560	Mean reward: 39.6875, 	Mean reward done: 5.527439594268799
Step: 3530752	Mean reward: 42.5, 	Mean reward done: 5.739423751831055
Step: 3538944	Mean reward: 40.9375, 	Mean reward done: 5.7549543380737305
Step: 3547136	Mean reward: 38.125, 	Mean reward done: 5.652091979980469
Step: 3555328	Mean reward: 45.625, 	Mean reward done: 5.84089469909668
Step: 3563520	Mean reward: 49.6875, 	Mean reward done: 6.186776638031006
Step: 3571712	Mean reward: 44.375, 	Mean reward done: 6.103307247161865
Step: 3579904	Mean reward: 44.0625, 	Mean reward done: 6.018985271453857
Step: 3588096	Mean reward: 46.5625, 	Mean reward done: 6.157304763793945
Step: 3596288	Mean reward: 48.75, 	Mean reward done: 6.163902759552002
Step: 3604480	Mean reward: 49.6875, 	Mean reward done: 6.546566009521484
Step: 3612672	Mean reward: 39.375, 	Mean reward done: 5.902396202087402
Step: 3620864	Mean reward: 46.875, 	Mean reward done: 6.029110431671143
Step: 3629056	Mean reward: 47.1875, 	Mean reward done: 5.920968055725098
Step: 3637248	Mean reward: 41.25, 	Mean reward done: 5.6476664543151855
Step: 3645440	Mean reward: 44.0625, 	Mean reward done: 5.574576377868652
Step: 3653632	Mean reward: 49.6875, 	Mean reward done: 6.398911952972412
Step: 3661824	Mean reward: 48.125, 	Mean reward done: 6.116433143615723
Step: 3670016	Mean reward: 44.6875, 	Mean reward done: 6.230923652648926
Step: 3678208	Mean reward: 40.9375, 	Mean reward done: 5.733717441558838
Step: 3686400	Mean reward: 40.3125, 	Mean reward done: 5.054192543029785
Step: 3694592	Mean reward: 40.0, 	Mean reward done: 5.378058433532715
Step: 3702784	Mean reward: 43.125, 	Mean reward done: 5.540892124176025
Step: 3710976	Mean reward: 47.5, 	Mean reward done: 5.830514430999756
Step: 3719168	Mean reward: 49.375, 	Mean reward done: 5.930079936981201
Step: 3727360	Mean reward: 45.3125, 	Mean reward done: 5.823814392089844
Step: 3735552	Mean reward: 41.5625, 	Mean reward done: 5.365457534790039
Step: 3743744	Mean reward: 50.0, 	Mean reward done: 5.895527362823486
Step: 3751936	Mean reward: 42.5, 	Mean reward done: 5.403605937957764
Step: 3760128	Mean reward: 46.25, 	Mean reward done: 5.967094421386719
Step: 3768320	Mean reward: 43.125, 	Mean reward done: 5.501743316650391
Step: 3776512	Mean reward: 53.125, 	Mean reward done: 6.289791584014893
Step: 3784704	Mean reward: 53.4375, 	Mean reward done: 6.298299789428711
Step: 3792896	Mean reward: 46.5625, 	Mean reward done: 5.908468723297119
Step: 3801088	Mean reward: 39.375, 	Mean reward done: 5.5671796798706055
Step: 3809280	Mean reward: 36.5625, 	Mean reward done: 5.423001289367676
Step: 3817472	Mean reward: 40.0, 	Mean reward done: 5.351104259490967
Step: 3825664	Mean reward: 35.9375, 	Mean reward done: 5.090728282928467
Step: 3833856	Mean reward: 37.5, 	Mean reward done: 4.787864685058594
Step: 3842048	Mean reward: 39.6875, 	Mean reward done: 5.146780014038086
Step: 3850240	Mean reward: 44.0625, 	Mean reward done: 5.341658115386963
Step: 3858432	Mean reward: 39.6875, 	Mean reward done: 5.534432888031006
Step: 3866624	Mean reward: 38.75, 	Mean reward done: 5.448591232299805
Step: 3874816	Mean reward: 46.25, 	Mean reward done: 5.694605350494385
Step: 3883008	Mean reward: 45.0, 	Mean reward done: 5.634231090545654
Step: 3891200	Mean reward: 40.3125, 	Mean reward done: 5.801273345947266
Step: 3899392	Mean reward: 36.25, 	Mean reward done: 5.10357141494751
Step: 3907584	Mean reward: 35.625, 	Mean reward done: 4.897599697113037
Step: 3915776	Mean reward: 36.25, 	Mean reward done: 5.017611980438232
Step: 3923968	Mean reward: 39.0625, 	Mean reward done: 5.394758701324463
Step: 3932160	Mean reward: 35.9375, 	Mean reward done: 5.205582618713379
Step: 3940352	Mean reward: 40.625, 	Mean reward done: 5.53707218170166
Step: 3948544	Mean reward: 39.6875, 	Mean reward done: 5.657693862915039
Step: 3956736	Mean reward: 45.625, 	Mean reward done: 6.091854095458984
Step: 3964928	Mean reward: 44.375, 	Mean reward done: 5.799386978149414
Step: 3973120	Mean reward: 40.625, 	Mean reward done: 5.4629926681518555
Step: 3981312	Mean reward: 47.5, 	Mean reward done: 5.972071647644043
Step: 3989504	Mean reward: 41.25, 	Mean reward done: 5.486669063568115
Step: 3997696	Mean reward: 45.625, 	Mean reward done: 5.874548435211182
Step: 4005888	Mean reward: 36.5625, 	Mean reward done: 5.236105918884277
Step: 4014080	Mean reward: 40.625, 	Mean reward done: 5.195431232452393
Step: 4022272	Mean reward: 45.625, 	Mean reward done: 5.825819492340088
Step: 4030464	Mean reward: 48.4375, 	Mean reward done: 6.045647621154785
Step: 4038656	Mean reward: 46.875, 	Mean reward done: 6.220645427703857
Step: 4046848	Mean reward: 47.5, 	Mean reward done: 6.15667724609375
Step: 4055040	Mean reward: 54.375, 	Mean reward done: 6.618694305419922
Step: 4063232	Mean reward: 46.5625, 	Mean reward done: 6.1100568771362305
Step: 4071424	Mean reward: 41.875, 	Mean reward done: 5.5064005851745605
Step: 4079616	Mean reward: 40.625, 	Mean reward done: 5.3820929527282715
Step: 4087808	Mean reward: 40.0, 	Mean reward done: 4.928714752197266
Step: 4096000	Mean reward: 35.9375, 	Mean reward done: 5.041197299957275
Step: 4104192	Mean reward: 40.9375, 	Mean reward done: 4.9949750900268555
Step: 4112384	Mean reward: 47.1875, 	Mean reward done: 5.544674873352051
Step: 4120576	Mean reward: 43.75, 	Mean reward done: 5.680098056793213
Step: 4128768	Mean reward: 42.1875, 	Mean reward done: 5.278421878814697
Step: 4136960	Mean reward: 42.8125, 	Mean reward done: 5.455372333526611
Step: 4145152	Mean reward: 40.3125, 	Mean reward done: 5.233237266540527
Step: 4153344	Mean reward: 43.125, 	Mean reward done: 5.210258483886719
Step: 4161536	Mean reward: 39.0625, 	Mean reward done: 4.97121000289917
Step: 4169728	Mean reward: 37.8125, 	Mean reward done: 4.853847026824951
Step: 4177920	Mean reward: 43.125, 	Mean reward done: 5.5050787925720215
Step: 4186112	Mean reward: 41.5625, 	Mean reward done: 5.4663920402526855
Step: 4194304	Mean reward: 38.125, 	Mean reward done: 5.118642330169678
Step: 4202496	Mean reward: 38.75, 	Mean reward done: 5.102878570556641
Step: 4210688	Mean reward: 30.3125, 	Mean reward done: 4.260043621063232
Step: 4218880	Mean reward: 32.8125, 	Mean reward done: 4.3933587074279785
Step: 4227072	Mean reward: 37.5, 	Mean reward done: 5.199496746063232
Step: 4235264	Mean reward: 39.6875, 	Mean reward done: 4.713110446929932
Step: 4243456	Mean reward: 38.4375, 	Mean reward done: 4.975203990936279
Step: 4251648	Mean reward: 37.8125, 	Mean reward done: 5.1689229011535645
Step: 4259840	Mean reward: 38.125, 	Mean reward done: 5.119333267211914
Step: 4268032	Mean reward: 41.875, 	Mean reward done: 5.617079734802246
Step: 4276224	Mean reward: 46.25, 	Mean reward done: 6.022348403930664
Step: 4284416	Mean reward: 43.75, 	Mean reward done: 5.757272720336914
Step: 4292608	Mean reward: 33.125, 	Mean reward done: 5.035868167877197
Step: 4300800	Mean reward: 44.0625, 	Mean reward done: 5.647524356842041
Step: 4308992	Mean reward: 45.625, 	Mean reward done: 6.092529773712158
Step: 4317184	Mean reward: 40.3125, 	Mean reward done: 5.507922649383545
Step: 4325376	Mean reward: 39.375, 	Mean reward done: 5.599738121032715
Step: 4333568	Mean reward: 42.1875, 	Mean reward done: 5.210684776306152
Step: 4341760	Mean reward: 45.625, 	Mean reward done: 6.002145290374756
Step: 4349952	Mean reward: 39.0625, 	Mean reward done: 5.673650741577148
Step: 4358144	Mean reward: 44.0625, 	Mean reward done: 6.059154987335205
Step: 4366336	Mean reward: 44.6875, 	Mean reward done: 5.934176445007324
Step: 4374528	Mean reward: 42.1875, 	Mean reward done: 5.58884334564209
Step: 4382720	Mean reward: 47.8125, 	Mean reward done: 5.641254425048828
Step: 4390912	Mean reward: 47.1875, 	Mean reward done: 6.003530979156494
Step: 4399104	Mean reward: 45.3125, 	Mean reward done: 5.5714430809021
Step: 4407296	Mean reward: 42.1875, 	Mean reward done: 5.572914123535156
Step: 4415488	Mean reward: 39.6875, 	Mean reward done: 5.710697650909424
Step: 4423680	Mean reward: 42.5, 	Mean reward done: 5.710329055786133
Step: 4431872	Mean reward: 45.9375, 	Mean reward done: 5.641983509063721
Step: 4440064	Mean reward: 43.4375, 	Mean reward done: 5.511610984802246
Step: 4448256	Mean reward: 46.5625, 	Mean reward done: 6.082472801208496
Step: 4456448	Mean reward: 49.375, 	Mean reward done: 5.859869956970215
Step: 4464640	Mean reward: 42.5, 	Mean reward done: 5.688815593719482
Step: 4472832	Mean reward: 42.5, 	Mean reward done: 5.355948448181152
Step: 4481024	Mean reward: 44.6875, 	Mean reward done: 5.625375270843506
Step: 4489216	Mean reward: 45.9375, 	Mean reward done: 5.69285249710083
Step: 4497408	Mean reward: 41.5625, 	Mean reward done: 5.445469856262207
Step: 4505600	Mean reward: 45.9375, 	Mean reward done: 6.132839202880859
Step: 4513792	Mean reward: 45.9375, 	Mean reward done: 5.775906562805176
Step: 4521984	Mean reward: 38.125, 	Mean reward done: 5.363645553588867
Step: 4530176	Mean reward: 43.125, 	Mean reward done: 5.552803993225098
Step: 4538368	Mean reward: 47.1875, 	Mean reward done: 6.092112064361572
Step: 4546560	Mean reward: 46.25, 	Mean reward done: 5.897121429443359
Step: 4554752	Mean reward: 44.375, 	Mean reward done: 5.428781509399414
Step: 4562944	Mean reward: 39.375, 	Mean reward done: 5.54758358001709
Step: 4571136	Mean reward: 40.9375, 	Mean reward done: 4.73200798034668
Step: 4579328	Mean reward: 37.8125, 	Mean reward done: 4.840124130249023
Step: 4587520	Mean reward: 37.8125, 	Mean reward done: 4.73077917098999
Step: 4595712	Mean reward: 39.375, 	Mean reward done: 4.746466159820557
Step: 4603904	Mean reward: 32.8125, 	Mean reward done: 4.846743583679199
Step: 4612096	Mean reward: 40.625, 	Mean reward done: 5.326913356781006
Step: 4620288	Mean reward: 42.1875, 	Mean reward done: 5.5402679443359375
Step: 4628480	Mean reward: 38.4375, 	Mean reward done: 5.5937066078186035
Step: 4636672	Mean reward: 44.6875, 	Mean reward done: 5.557772636413574
Step: 4644864	Mean reward: 43.4375, 	Mean reward done: 6.022994041442871
Step: 4653056	Mean reward: 41.5625, 	Mean reward done: 5.620124816894531
Step: 4661248	Mean reward: 44.6875, 	Mean reward done: 5.462071418762207
Step: 4669440	Mean reward: 39.6875, 	Mean reward done: 5.320271015167236
Step: 4677632	Mean reward: 38.4375, 	Mean reward done: 5.513400554656982
Step: 4685824	Mean reward: 47.8125, 	Mean reward done: 5.741925239562988
Step: 4694016	Mean reward: 37.1875, 	Mean reward done: 4.9315185546875
Step: 4702208	Mean reward: 35.3125, 	Mean reward done: 4.699777603149414
Step: 4710400	Mean reward: 47.5, 	Mean reward done: 5.893725872039795
Step: 4718592	Mean reward: 46.25, 	Mean reward done: 6.054811477661133
Step: 4726784	Mean reward: 44.0625, 	Mean reward done: 6.0026631355285645
Step: 4734976	Mean reward: 50.625, 	Mean reward done: 6.049984455108643
Step: 4743168	Mean reward: 48.4375, 	Mean reward done: 6.166066646575928
Step: 4751360	Mean reward: 46.5625, 	Mean reward done: 6.054190635681152
Step: 4759552	Mean reward: 46.5625, 	Mean reward done: 6.071871280670166
Step: 4767744	Mean reward: 42.1875, 	Mean reward done: 5.582353115081787
Step: 4775936	Mean reward: 37.8125, 	Mean reward done: 5.338225364685059
Step: 4784128	Mean reward: 47.5, 	Mean reward done: 5.777623176574707
Step: 4792320	Mean reward: 42.5, 	Mean reward done: 5.656778812408447
Step: 4800512	Mean reward: 46.5625, 	Mean reward done: 6.085033893585205
Step: 4808704	Mean reward: 49.6875, 	Mean reward done: 6.207574367523193
Step: 4816896	Mean reward: 49.375, 	Mean reward done: 6.018357753753662
Step: 4825088	Mean reward: 47.8125, 	Mean reward done: 6.113718032836914
Step: 4833280	Mean reward: 43.75, 	Mean reward done: 5.630216121673584
Step: 4841472	Mean reward: 40.9375, 	Mean reward done: 5.269157409667969
Step: 4849664	Mean reward: 36.5625, 	Mean reward done: 4.574123382568359
Step: 4857856	Mean reward: 45.3125, 	Mean reward done: 5.038245677947998
Step: 4866048	Mean reward: 40.0, 	Mean reward done: 5.425253391265869
Step: 4874240	Mean reward: 43.4375, 	Mean reward done: 5.703136920928955
Step: 4882432	Mean reward: 42.8125, 	Mean reward done: 5.518143177032471
Step: 4890624	Mean reward: 35.9375, 	Mean reward done: 5.244638442993164
Step: 4898816	Mean reward: 43.125, 	Mean reward done: 5.6555986404418945
Step: 4907008	Mean reward: 50.625, 	Mean reward done: 5.978667259216309
Step: 4915200	Mean reward: 46.25, 	Mean reward done: 5.973612308502197
Step: 4923392	Mean reward: 43.125, 	Mean reward done: 5.5521016120910645
Step: 4931584	Mean reward: 39.0625, 	Mean reward done: 5.236454010009766
Step: 4939776	Mean reward: 34.375, 	Mean reward done: 4.80120849609375
Step: 4947968	Mean reward: 40.0, 	Mean reward done: 4.937392711639404
Step: 4956160	Mean reward: 37.1875, 	Mean reward done: 5.030384540557861
Step: 4964352	Mean reward: 40.0, 	Mean reward done: 5.129024505615234
Step: 4972544	Mean reward: 41.25, 	Mean reward done: 5.479374885559082
Step: 4980736	Mean reward: 51.25, 	Mean reward done: 5.95604133605957
Step: 4988928	Mean reward: 35.625, 	Mean reward done: 5.041252136230469
Step: 4997120	Mean reward: 46.25, 	Mean reward done: 5.359347820281982
Step: 5005312	Mean reward: 43.125, 	Mean reward done: 5.397913932800293
Step: 5013504	Mean reward: 39.6875, 	Mean reward done: 5.346206188201904
Step: 5021696	Mean reward: 45.625, 	Mean reward done: 5.515641689300537
Step: 5029888	Mean reward: 51.5625, 	Mean reward done: 5.8751068115234375
Step: 5038080	Mean reward: 44.375, 	Mean reward done: 5.533941745758057
Step: 5046272	Mean reward: 45.9375, 	Mean reward done: 5.853200435638428
Step: 5054464	Mean reward: 43.4375, 	Mean reward done: 5.911459445953369
Step: 5062656	Mean reward: 42.5, 	Mean reward done: 5.642350673675537
Step: 5070848	Mean reward: 44.375, 	Mean reward done: 5.731276988983154
Step: 5079040	Mean reward: 38.75, 	Mean reward done: 5.252195835113525
Step: 5087232	Mean reward: 45.3125, 	Mean reward done: 5.8656768798828125
Step: 5095424	Mean reward: 41.5625, 	Mean reward done: 5.336391925811768
Step: 5103616	Mean reward: 39.0625, 	Mean reward done: 5.308993816375732
Step: 5111808	Mean reward: 42.1875, 	Mean reward done: 5.521560192108154
Step: 5120000	Mean reward: 38.75, 	Mean reward done: 5.097036361694336
Step: 5128192	Mean reward: 39.6875, 	Mean reward done: 5.17447566986084
Step: 5136384	Mean reward: 37.8125, 	Mean reward done: 4.71837854385376
Step: 5144576	Mean reward: 37.5, 	Mean reward done: 4.864602565765381
Step: 5152768	Mean reward: 38.75, 	Mean reward done: 5.135691165924072
Step: 5160960	Mean reward: 45.9375, 	Mean reward done: 5.652688503265381
Step: 5169152	Mean reward: 41.875, 	Mean reward done: 5.475871562957764
Step: 5177344	Mean reward: 37.5, 	Mean reward done: 5.140042781829834
Step: 5185536	Mean reward: 41.25, 	Mean reward done: 5.121399879455566
Step: 5193728	Mean reward: 29.6875, 	Mean reward done: 4.119143962860107
Step: 5201920	Mean reward: 32.8125, 	Mean reward done: 4.454049110412598
Step: 5210112	Mean reward: 34.375, 	Mean reward done: 4.302114009857178
Step: 5218304	Mean reward: 42.5, 	Mean reward done: 5.236564636230469
Step: 5226496	Mean reward: 45.9375, 	Mean reward done: 5.690353870391846
Step: 5234688	Mean reward: 44.0625, 	Mean reward done: 5.715975284576416
Step: 5242880	Mean reward: 47.1875, 	Mean reward done: 6.016354084014893
Step: 5251072	Mean reward: 49.375, 	Mean reward done: 6.143514156341553
Step: 5259264	Mean reward: 46.5625, 	Mean reward done: 6.0468621253967285
Step: 5267456	Mean reward: 39.6875, 	Mean reward done: 5.393687725067139
Step: 5275648	Mean reward: 42.1875, 	Mean reward done: 5.504748344421387
Step: 5283840	Mean reward: 40.9375, 	Mean reward done: 5.089566230773926
Step: 5292032	Mean reward: 37.1875, 	Mean reward done: 4.974798202514648
Step: 5300224	Mean reward: 35.9375, 	Mean reward done: 4.458934783935547
Step: 5308416	Mean reward: 40.9375, 	Mean reward done: 5.222836494445801
Step: 5316608	Mean reward: 42.5, 	Mean reward done: 5.599869251251221
Step: 5324800	Mean reward: 44.0625, 	Mean reward done: 5.521980285644531
Step: 5332992	Mean reward: 46.875, 	Mean reward done: 5.582024097442627
Step: 5341184	Mean reward: 37.8125, 	Mean reward done: 5.506925106048584
Step: 5349376	Mean reward: 39.375, 	Mean reward done: 4.933429718017578
Step: 5357568	Mean reward: 39.6875, 	Mean reward done: 5.1633219718933105
Step: 5365760	Mean reward: 39.0625, 	Mean reward done: 5.217649459838867
Step: 5373952	Mean reward: 37.5, 	Mean reward done: 5.111410140991211
Step: 5382144	Mean reward: 38.125, 	Mean reward done: 4.906210422515869
Step: 5390336	Mean reward: 44.375, 	Mean reward done: 5.553604602813721
Step: 5398528	Mean reward: 49.6875, 	Mean reward done: 6.269895076751709
Step: 5406720	Mean reward: 47.8125, 	Mean reward done: 6.102228164672852
Step: 5414912	Mean reward: 40.625, 	Mean reward done: 5.522627830505371
Step: 5423104	Mean reward: 41.875, 	Mean reward done: 5.216529846191406
Step: 5431296	Mean reward: 34.6875, 	Mean reward done: 4.574058532714844
Step: 5439488	Mean reward: 37.5, 	Mean reward done: 4.655946254730225
Step: 5447680	Mean reward: 33.75, 	Mean reward done: 4.658657550811768
Step: 5455872	Mean reward: 44.6875, 	Mean reward done: 5.532135963439941
Step: 5464064	Mean reward: 49.6875, 	Mean reward done: 6.178565502166748
Step: 5472256	Mean reward: 46.25, 	Mean reward done: 5.906869888305664
Step: 5480448	Mean reward: 42.1875, 	Mean reward done: 5.546577453613281
Step: 5488640	Mean reward: 42.8125, 	Mean reward done: 5.422646522521973
Step: 5496832	Mean reward: 40.0, 	Mean reward done: 4.991272449493408
Step: 5505024	Mean reward: 46.875, 	Mean reward done: 5.719816207885742
Step: 5513216	Mean reward: 45.625, 	Mean reward done: 5.6615118980407715
Step: 5521408	Mean reward: 50.3125, 	Mean reward done: 5.8551716804504395
Step: 5529600	Mean reward: 44.6875, 	Mean reward done: 5.646640777587891
Step: 5537792	Mean reward: 40.625, 	Mean reward done: 5.271859645843506
Step: 5545984	Mean reward: 35.0, 	Mean reward done: 4.987791061401367
Step: 5554176	Mean reward: 31.25, 	Mean reward done: 4.7599639892578125
Step: 5562368	Mean reward: 36.5625, 	Mean reward done: 4.778296947479248
Step: 5570560	Mean reward: 38.4375, 	Mean reward done: 5.010121822357178
Step: 5578752	Mean reward: 42.8125, 	Mean reward done: 5.647084712982178
Step: 5586944	Mean reward: 42.5, 	Mean reward done: 5.421670913696289
Step: 5595136	Mean reward: 40.9375, 	Mean reward done: 5.196767807006836
Step: 5603328	Mean reward: 39.375, 	Mean reward done: 5.216207981109619
Step: 5611520	Mean reward: 39.6875, 	Mean reward done: 5.307020664215088
Step: 5619712	Mean reward: 40.9375, 	Mean reward done: 5.464249610900879
Step: 5627904	Mean reward: 37.1875, 	Mean reward done: 5.137034893035889
Step: 5636096	Mean reward: 44.6875, 	Mean reward done: 5.359670162200928
Step: 5644288	Mean reward: 36.5625, 	Mean reward done: 5.071467399597168
Step: 5652480	Mean reward: 34.0625, 	Mean reward done: 4.659529685974121
Step: 5660672	Mean reward: 31.25, 	Mean reward done: 4.482316017150879
Step: 5668864	Mean reward: 35.9375, 	Mean reward done: 4.745508193969727
Step: 5677056	Mean reward: 40.3125, 	Mean reward done: 5.029761791229248
Step: 5685248	Mean reward: 40.3125, 	Mean reward done: 5.26819372177124
Step: 5693440	Mean reward: 39.375, 	Mean reward done: 5.048226833343506
Step: 5701632	Mean reward: 47.8125, 	Mean reward done: 5.837953567504883
Step: 5709824	Mean reward: 47.1875, 	Mean reward done: 5.898214817047119
Step: 5718016	Mean reward: 45.0, 	Mean reward done: 5.975652694702148
Step: 5726208	Mean reward: 47.5, 	Mean reward done: 5.879799842834473
Step: 5734400	Mean reward: 43.4375, 	Mean reward done: 5.814761638641357
Step: 5742592	Mean reward: 42.1875, 	Mean reward done: 5.3426899909973145
Step: 5750784	Mean reward: 43.4375, 	Mean reward done: 5.214355945587158
Step: 5758976	Mean reward: 40.625, 	Mean reward done: 5.055273056030273
Step: 5767168	Mean reward: 40.0, 	Mean reward done: 5.57857084274292
Step: 5775360	Mean reward: 48.125, 	Mean reward done: 5.9595866203308105
Step: 5783552	Mean reward: 46.5625, 	Mean reward done: 5.729228496551514
Step: 5791744	Mean reward: 43.4375, 	Mean reward done: 5.5857954025268555
Step: 5799936	Mean reward: 39.6875, 	Mean reward done: 5.009402751922607
Step: 5808128	Mean reward: 39.375, 	Mean reward done: 5.082139015197754
Step: 5816320	Mean reward: 40.3125, 	Mean reward done: 5.0899152755737305
Step: 5824512	Mean reward: 40.625, 	Mean reward done: 5.26939582824707
Step: 5832704	Mean reward: 42.5, 	Mean reward done: 5.494450092315674
Step: 5840896	Mean reward: 45.0, 	Mean reward done: 5.377935409545898
Step: 5849088	Mean reward: 39.375, 	Mean reward done: 5.032891750335693
Step: 5857280	Mean reward: 42.1875, 	Mean reward done: 5.464888095855713
Step: 5865472	Mean reward: 46.5625, 	Mean reward done: 5.845595836639404
Step: 5873664	Mean reward: 43.4375, 	Mean reward done: 5.624718189239502
Step: 5881856	Mean reward: 41.5625, 	Mean reward done: 5.519771575927734
Step: 5890048	Mean reward: 36.875, 	Mean reward done: 5.34486722946167
Step: 5898240	Mean reward: 44.0625, 	Mean reward done: 5.743039131164551
Step: 5906432	Mean reward: 44.6875, 	Mean reward done: 5.944797039031982
Step: 5914624	Mean reward: 55.3125, 	Mean reward done: 6.654951095581055
Step: 5922816	Mean reward: 48.125, 	Mean reward done: 6.219740390777588
Step: 5931008	Mean reward: 51.25, 	Mean reward done: 6.138482570648193
Step: 5939200	Mean reward: 51.25, 	Mean reward done: 5.975041389465332
Step: 5947392	Mean reward: 51.5625, 	Mean reward done: 5.938018321990967
Step: 5955584	Mean reward: 47.5, 	Mean reward done: 6.008768081665039
Step: 5963776	Mean reward: 52.1875, 	Mean reward done: 6.47341775894165
Step: 5971968	Mean reward: 48.75, 	Mean reward done: 6.1575798988342285
Step: 5980160	Mean reward: 49.6875, 	Mean reward done: 6.403730392456055
Step: 5988352	Mean reward: 49.6875, 	Mean reward done: 5.8237738609313965
Step: 5996544	Mean reward: 43.125, 	Mean reward done: 5.793961524963379
Step: 6004736	Mean reward: 43.4375, 	Mean reward done: 5.415225505828857
Step: 6012928	Mean reward: 35.9375, 	Mean reward done: 5.051209926605225
Step: 6021120	Mean reward: 31.875, 	Mean reward done: 4.313068866729736
Step: 6029312	Mean reward: 36.875, 	Mean reward done: 4.701630115509033
Step: 6037504	Mean reward: 36.875, 	Mean reward done: 4.760985851287842
Step: 6045696	Mean reward: 39.375, 	Mean reward done: 5.139482021331787
Step: 6053888	Mean reward: 45.3125, 	Mean reward done: 5.494088649749756
Step: 6062080	Mean reward: 42.1875, 	Mean reward done: 5.379218578338623
Step: 6070272	Mean reward: 43.125, 	Mean reward done: 5.652116298675537
Step: 6078464	Mean reward: 40.3125, 	Mean reward done: 5.101436138153076
Step: 6086656	Mean reward: 33.4375, 	Mean reward done: 4.4184441566467285
Step: 6094848	Mean reward: 36.25, 	Mean reward done: 4.706210136413574
Step: 6103040	Mean reward: 42.1875, 	Mean reward done: 5.417728900909424
Step: 6111232	Mean reward: 39.6875, 	Mean reward done: 5.247971534729004
Step: 6119424	Mean reward: 44.375, 	Mean reward done: 5.212076187133789
Step: 6127616	Mean reward: 35.9375, 	Mean reward done: 5.03712272644043
Step: 6135808	Mean reward: 46.25, 	Mean reward done: 5.513300895690918
Step: 6144000	Mean reward: 44.375, 	Mean reward done: 5.68992280960083
Step: 6152192	Mean reward: 44.0625, 	Mean reward done: 5.633756160736084
Step: 6160384	Mean reward: 41.875, 	Mean reward done: 5.559154987335205
Step: 6168576	Mean reward: 42.8125, 	Mean reward done: 5.674393653869629
Step: 6176768	Mean reward: 45.3125, 	Mean reward done: 5.63572359085083
Step: 6184960	Mean reward: 47.8125, 	Mean reward done: 5.65884256362915
Step: 6193152	Mean reward: 47.5, 	Mean reward done: 5.398867607116699
Step: 6201344	Mean reward: 40.625, 	Mean reward done: 5.091922283172607
Step: 6209536	Mean reward: 40.9375, 	Mean reward done: 5.286398410797119
Step: 6217728	Mean reward: 46.5625, 	Mean reward done: 5.780431747436523
Step: 6225920	Mean reward: 41.875, 	Mean reward done: 5.623942852020264
Step: 6234112	Mean reward: 38.75, 	Mean reward done: 5.519330978393555
Step: 6242304	Mean reward: 41.5625, 	Mean reward done: 5.354397773742676
Step: 6250496	Mean reward: 34.6875, 	Mean reward done: 4.666957378387451
Step: 6258688	Mean reward: 36.25, 	Mean reward done: 4.895172595977783
Step: 6266880	Mean reward: 36.5625, 	Mean reward done: 4.782470703125
Step: 6275072	Mean reward: 39.6875, 	Mean reward done: 5.011910438537598
Step: 6283264	Mean reward: 42.1875, 	Mean reward done: 5.395064353942871
Step: 6291456	Mean reward: 45.0, 	Mean reward done: 5.566666126251221
Step: 6299648	Mean reward: 44.375, 	Mean reward done: 5.623770713806152
Step: 6307840	Mean reward: 42.1875, 	Mean reward done: 5.3242597579956055
Step: 6316032	Mean reward: 41.25, 	Mean reward done: 5.452531337738037
Step: 6324224	Mean reward: 39.6875, 	Mean reward done: 5.111057758331299
Step: 6332416	Mean reward: 40.0, 	Mean reward done: 5.1645188331604
Step: 6340608	Mean reward: 35.625, 	Mean reward done: 4.578212261199951
Step: 6348800	Mean reward: 43.4375, 	Mean reward done: 5.674054145812988
Step: 6356992	Mean reward: 46.875, 	Mean reward done: 5.705124378204346
Step: 6365184	Mean reward: 45.0, 	Mean reward done: 5.580730438232422
Step: 6373376	Mean reward: 50.9375, 	Mean reward done: 6.020033359527588
Step: 6381568	Mean reward: 42.5, 	Mean reward done: 5.31691837310791
Step: 6389760	Mean reward: 40.625, 	Mean reward done: 5.066556930541992
Step: 6397952	Mean reward: 33.75, 	Mean reward done: 4.629316806793213
Step: 6406144	Mean reward: 32.1875, 	Mean reward done: 4.425725936889648
Step: 6414336	Mean reward: 32.8125, 	Mean reward done: 4.043582916259766
Step: 6422528	Mean reward: 38.4375, 	Mean reward done: 4.63948392868042
Step: 6430720	Mean reward: 31.5625, 	Mean reward done: 4.241323947906494
Step: 6438912	Mean reward: 39.6875, 	Mean reward done: 5.372767925262451
Step: 6447104	Mean reward: 43.125, 	Mean reward done: 5.517396450042725
Step: 6455296	Mean reward: 39.6875, 	Mean reward done: 5.2296833992004395
Step: 6463488	Mean reward: 45.625, 	Mean reward done: 5.574276924133301
Step: 6471680	Mean reward: 43.75, 	Mean reward done: 5.9133219718933105
Step: 6479872	Mean reward: 44.375, 	Mean reward done: 5.635439395904541
Step: 6488064	Mean reward: 39.375, 	Mean reward done: 5.457563400268555
Step: 6496256	Mean reward: 47.5, 	Mean reward done: 5.356333255767822
Step: 6504448	Mean reward: 43.125, 	Mean reward done: 5.405398845672607
Step: 6512640	Mean reward: 50.3125, 	Mean reward done: 6.0207085609436035
Step: 6520832	Mean reward: 50.9375, 	Mean reward done: 6.29732608795166
Step: 6529024	Mean reward: 52.1875, 	Mean reward done: 6.327442646026611
Step: 6537216	Mean reward: 52.5, 	Mean reward done: 6.25252628326416
Step: 6545408	Mean reward: 41.5625, 	Mean reward done: 5.331740379333496
Step: 6553600	Mean reward: 39.375, 	Mean reward done: 4.931889533996582
Step: 6561792	Mean reward: 35.625, 	Mean reward done: 4.642459869384766
Step: 6569984	Mean reward: 41.5625, 	Mean reward done: 5.29366397857666
Step: 6578176	Mean reward: 43.125, 	Mean reward done: 5.312754154205322
Step: 6586368	Mean reward: 41.5625, 	Mean reward done: 5.249320983886719
Step: 6594560	Mean reward: 44.6875, 	Mean reward done: 5.377051830291748
Step: 6602752	Mean reward: 38.125, 	Mean reward done: 5.073492527008057
Step: 6610944	Mean reward: 37.8125, 	Mean reward done: 5.10748815536499
Step: 6619136	Mean reward: 34.375, 	Mean reward done: 4.699244022369385
Step: 6627328	Mean reward: 36.875, 	Mean reward done: 4.44928503036499
Step: 6635520	Mean reward: 40.3125, 	Mean reward done: 4.918755531311035
Step: 6643712	Mean reward: 46.5625, 	Mean reward done: 5.841918468475342
Step: 6651904	Mean reward: 46.875, 	Mean reward done: 5.688632011413574
Step: 6660096	Mean reward: 39.375, 	Mean reward done: 4.9708571434021
Step: 6668288	Mean reward: 40.0, 	Mean reward done: 4.866767883300781
Step: 6676480	Mean reward: 39.375, 	Mean reward done: 4.890134334564209
Step: 6684672	Mean reward: 41.875, 	Mean reward done: 5.477192401885986
Step: 6692864	Mean reward: 46.5625, 	Mean reward done: 5.6064629554748535
Step: 6701056	Mean reward: 46.5625, 	Mean reward done: 5.743773937225342
Step: 6709248	Mean reward: 44.6875, 	Mean reward done: 5.8010029792785645
Step: 6717440	Mean reward: 48.4375, 	Mean reward done: 5.839255332946777
Step: 6725632	Mean reward: 44.6875, 	Mean reward done: 5.894372940063477
Step: 6733824	Mean reward: 44.375, 	Mean reward done: 5.7053914070129395
Step: 6742016	Mean reward: 50.3125, 	Mean reward done: 5.876370906829834
Step: 6750208	Mean reward: 49.6875, 	Mean reward done: 5.796324729919434
Step: 6758400	Mean reward: 42.8125, 	Mean reward done: 5.455775737762451
Step: 6766592	Mean reward: 45.9375, 	Mean reward done: 5.776588439941406
Step: 6774784	Mean reward: 38.75, 	Mean reward done: 5.314356803894043
Step: 6782976	Mean reward: 49.6875, 	Mean reward done: 5.962792873382568
Step: 6791168	Mean reward: 45.625, 	Mean reward done: 5.8278326988220215
Step: 6799360	Mean reward: 40.625, 	Mean reward done: 5.422920227050781
Step: 6807552	Mean reward: 42.5, 	Mean reward done: 5.6284942626953125
Step: 6815744	Mean reward: 41.25, 	Mean reward done: 5.38037633895874
Step: 6823936	Mean reward: 39.6875, 	Mean reward done: 5.156238079071045
Step: 6832128	Mean reward: 37.8125, 	Mean reward done: 5.0279035568237305
Step: 6840320	Mean reward: 44.0625, 	Mean reward done: 5.339712619781494
Step: 6848512	Mean reward: 47.8125, 	Mean reward done: 5.6844482421875
Step: 6856704	Mean reward: 43.4375, 	Mean reward done: 5.70435905456543
Step: 6864896	Mean reward: 44.0625, 	Mean reward done: 5.70833683013916
Step: 6873088	Mean reward: 41.875, 	Mean reward done: 5.597103595733643
Step: 6881280	Mean reward: 40.3125, 	Mean reward done: 4.9549336433410645
Step: 6889472	Mean reward: 35.3125, 	Mean reward done: 4.446961879730225
Step: 6897664	Mean reward: 30.3125, 	Mean reward done: 3.827409029006958
Step: 6905856	Mean reward: 35.9375, 	Mean reward done: 4.816851615905762
Step: 6914048	Mean reward: 43.75, 	Mean reward done: 4.899721622467041
Step: 6922240	Mean reward: 36.875, 	Mean reward done: 5.141595363616943
Step: 6930432	Mean reward: 40.9375, 	Mean reward done: 5.289703845977783
Step: 6938624	Mean reward: 33.4375, 	Mean reward done: 4.38775110244751
Step: 6946816	Mean reward: 37.8125, 	Mean reward done: 4.605031490325928
Step: 6955008	Mean reward: 34.0625, 	Mean reward done: 4.234006404876709
Step: 6963200	Mean reward: 36.25, 	Mean reward done: 4.902560234069824
Step: 6971392	Mean reward: 36.875, 	Mean reward done: 4.795304775238037
Step: 6979584	Mean reward: 35.0, 	Mean reward done: 4.735439300537109
Step: 6987776	Mean reward: 32.1875, 	Mean reward done: 4.171534061431885
Step: 6995968	Mean reward: 34.375, 	Mean reward done: 4.4837236404418945
Step: 7004160	Mean reward: 46.25, 	Mean reward done: 5.459815979003906
Step: 7012352	Mean reward: 51.25, 	Mean reward done: 6.212968349456787
Step: 7020544	Mean reward: 45.9375, 	Mean reward done: 6.028667449951172
Step: 7028736	Mean reward: 43.4375, 	Mean reward done: 5.54778528213501
Step: 7036928	Mean reward: 40.625, 	Mean reward done: 5.103817462921143
Step: 7045120	Mean reward: 46.25, 	Mean reward done: 5.369752883911133
Step: 7053312	Mean reward: 43.125, 	Mean reward done: 5.348630428314209
Step: 7061504	Mean reward: 53.125, 	Mean reward done: 6.3947343826293945
Step: 7069696	Mean reward: 50.3125, 	Mean reward done: 6.249495506286621
Step: 7077888	Mean reward: 46.25, 	Mean reward done: 6.175255298614502
Step: 7086080	Mean reward: 47.5, 	Mean reward done: 6.034982204437256
Step: 7094272	Mean reward: 46.875, 	Mean reward done: 6.102248191833496
Step: 7102464	Mean reward: 45.9375, 	Mean reward done: 5.656675338745117
Step: 7110656	Mean reward: 45.9375, 	Mean reward done: 5.68377161026001
Step: 7118848	Mean reward: 39.6875, 	Mean reward done: 5.257148742675781
Step: 7127040	Mean reward: 42.5, 	Mean reward done: 5.363717555999756
Step: 7135232	Mean reward: 41.5625, 	Mean reward done: 5.471046447753906
Step: 7143424	Mean reward: 44.6875, 	Mean reward done: 5.483260154724121
Step: 7151616	Mean reward: 48.125, 	Mean reward done: 5.964252948760986
Step: 7159808	Mean reward: 47.5, 	Mean reward done: 5.506681442260742
Step: 7168000	Mean reward: 46.25, 	Mean reward done: 6.010016441345215
Step: 7176192	Mean reward: 47.1875, 	Mean reward done: 5.703677177429199
Step: 7184384	Mean reward: 45.9375, 	Mean reward done: 5.634637355804443
Step: 7192576	Mean reward: 35.625, 	Mean reward done: 5.092339038848877
Step: 7200768	Mean reward: 42.1875, 	Mean reward done: 5.19654655456543
Step: 7208960	Mean reward: 40.625, 	Mean reward done: 5.212179660797119
Step: 7217152	Mean reward: 41.25, 	Mean reward done: 4.998107433319092
Step: 7225344	Mean reward: 45.625, 	Mean reward done: 5.556334972381592
Step: 7233536	Mean reward: 42.8125, 	Mean reward done: 5.413025379180908
Step: 7241728	Mean reward: 43.125, 	Mean reward done: 5.400207996368408
Step: 7249920	Mean reward: 41.875, 	Mean reward done: 5.159424781799316
Step: 7258112	Mean reward: 43.75, 	Mean reward done: 5.508617401123047
Step: 7266304	Mean reward: 44.0625, 	Mean reward done: 5.300683498382568
Step: 7274496	Mean reward: 42.5, 	Mean reward done: 5.512495517730713
Step: 7282688	Mean reward: 41.25, 	Mean reward done: 5.357154846191406
Step: 7290880	Mean reward: 44.0625, 	Mean reward done: 5.2986321449279785
Step: 7299072	Mean reward: 44.6875, 	Mean reward done: 5.7082743644714355
Step: 7307264	Mean reward: 37.8125, 	Mean reward done: 4.8478007316589355
Step: 7315456	Mean reward: 40.3125, 	Mean reward done: 5.387509822845459
Step: 7323648	Mean reward: 48.125, 	Mean reward done: 5.53452205657959
Step: 7331840	Mean reward: 47.8125, 	Mean reward done: 5.909067630767822
Step: 7340032	Mean reward: 47.1875, 	Mean reward done: 5.964052677154541
Step: 7348224	Mean reward: 42.1875, 	Mean reward done: 5.966507434844971
Step: 7356416	Mean reward: 43.4375, 	Mean reward done: 5.658653736114502
Step: 7364608	Mean reward: 45.625, 	Mean reward done: 5.699229717254639
Step: 7372800	Mean reward: 39.6875, 	Mean reward done: 5.537285327911377
Step: 7380992	Mean reward: 47.5, 	Mean reward done: 5.841089248657227
Step: 7389184	Mean reward: 45.625, 	Mean reward done: 5.800139904022217
Step: 7397376	Mean reward: 49.6875, 	Mean reward done: 6.248893737792969
Step: 7405568	Mean reward: 41.25, 	Mean reward done: 5.628795146942139
Step: 7413760	Mean reward: 41.5625, 	Mean reward done: 5.2014031410217285
Step: 7421952	Mean reward: 38.125, 	Mean reward done: 5.105098247528076
Step: 7430144	Mean reward: 37.8125, 	Mean reward done: 4.7614898681640625
Step: 7438336	Mean reward: 42.1875, 	Mean reward done: 4.907142639160156
Step: 7446528	Mean reward: 40.0, 	Mean reward done: 4.898908615112305
Step: 7454720	Mean reward: 47.1875, 	Mean reward done: 6.07223653793335
Step: 7462912	Mean reward: 41.875, 	Mean reward done: 5.649592399597168
Step: 7471104	Mean reward: 44.6875, 	Mean reward done: 5.467236518859863
Step: 7479296	Mean reward: 40.625, 	Mean reward done: 5.633033275604248
Step: 7487488	Mean reward: 41.875, 	Mean reward done: 5.430827617645264
Step: 7495680	Mean reward: 43.75, 	Mean reward done: 5.596864700317383
Step: 7503872	Mean reward: 44.375, 	Mean reward done: 5.4958624839782715
Step: 7512064	Mean reward: 45.0, 	Mean reward done: 5.5073323249816895
Step: 7520256	Mean reward: 40.0, 	Mean reward done: 5.379362106323242
Step: 7528448	Mean reward: 47.1875, 	Mean reward done: 5.590489387512207
Step: 7536640	Mean reward: 41.875, 	Mean reward done: 5.838387489318848
Step: 7544832	Mean reward: 44.375, 	Mean reward done: 5.738605499267578
Step: 7553024	Mean reward: 53.125, 	Mean reward done: 5.976463794708252
Step: 7561216	Mean reward: 44.0625, 	Mean reward done: 5.358865261077881
Step: 7569408	Mean reward: 39.6875, 	Mean reward done: 5.3259806632995605
Step: 7577600	Mean reward: 36.25, 	Mean reward done: 4.72838020324707
Step: 7585792	Mean reward: 37.1875, 	Mean reward done: 5.082225799560547
Step: 7593984	Mean reward: 40.625, 	Mean reward done: 5.383021354675293
Step: 7602176	Mean reward: 41.875, 	Mean reward done: 5.329329013824463
Step: 7610368	Mean reward: 49.375, 	Mean reward done: 5.9313154220581055
Step: 7618560	Mean reward: 49.0625, 	Mean reward done: 5.960305213928223
Step: 7626752	Mean reward: 45.625, 	Mean reward done: 5.578743934631348
Step: 7634944	Mean reward: 42.8125, 	Mean reward done: 5.800533771514893
Step: 7643136	Mean reward: 36.875, 	Mean reward done: 5.102067947387695
Step: 7651328	Mean reward: 40.9375, 	Mean reward done: 5.1986799240112305
Step: 7659520	Mean reward: 43.125, 	Mean reward done: 4.973703384399414
Step: 7667712	Mean reward: 46.25, 	Mean reward done: 5.555931091308594
Step: 7675904	Mean reward: 38.125, 	Mean reward done: 4.883403778076172
Step: 7684096	Mean reward: 39.6875, 	Mean reward done: 5.116683483123779
Step: 7692288	Mean reward: 45.625, 	Mean reward done: 5.693487644195557
Step: 7700480	Mean reward: 42.1875, 	Mean reward done: 5.466924667358398
Step: 7708672	Mean reward: 44.375, 	Mean reward done: 5.500175952911377
Step: 7716864	Mean reward: 49.6875, 	Mean reward done: 5.715608596801758
Step: 7725056	Mean reward: 53.4375, 	Mean reward done: 6.135654449462891
Step: 7733248	Mean reward: 44.375, 	Mean reward done: 5.478724479675293
Step: 7741440	Mean reward: 42.5, 	Mean reward done: 5.538991451263428
Step: 7749632	Mean reward: 48.75, 	Mean reward done: 5.47067403793335
Step: 7757824	Mean reward: 42.5, 	Mean reward done: 5.572415351867676
Step: 7766016	Mean reward: 44.375, 	Mean reward done: 5.493492126464844
Step: 7774208	Mean reward: 46.875, 	Mean reward done: 5.572016716003418
Step: 7782400	Mean reward: 43.4375, 	Mean reward done: 5.615556716918945
Step: 7790592	Mean reward: 49.375, 	Mean reward done: 5.795231342315674
Step: 7798784	Mean reward: 43.75, 	Mean reward done: 5.556843280792236
Step: 7806976	Mean reward: 41.5625, 	Mean reward done: 5.116390228271484
Step: 7815168	Mean reward: 44.0625, 	Mean reward done: 5.32013463973999
Step: 7823360	Mean reward: 49.375, 	Mean reward done: 5.437853813171387
Step: 7831552	Mean reward: 44.0625, 	Mean reward done: 5.434906005859375
Step: 7839744	Mean reward: 41.25, 	Mean reward done: 5.282629489898682
Step: 7847936	Mean reward: 45.9375, 	Mean reward done: 5.544257640838623
Step: 7856128	Mean reward: 40.9375, 	Mean reward done: 5.220339775085449
Step: 7864320	Mean reward: 44.375, 	Mean reward done: 5.343425750732422
Step: 7872512	Mean reward: 47.8125, 	Mean reward done: 5.596512794494629
Step: 7880704	Mean reward: 41.875, 	Mean reward done: 5.634559154510498
Step: 7888896	Mean reward: 48.125, 	Mean reward done: 5.720862865447998
Step: 7897088	Mean reward: 48.75, 	Mean reward done: 5.519826889038086
Step: 7905280	Mean reward: 43.4375, 	Mean reward done: 5.426697731018066
Step: 7913472	Mean reward: 42.1875, 	Mean reward done: 5.16659688949585
Step: 7921664	Mean reward: 41.25, 	Mean reward done: 4.795465469360352
Step: 7929856	Mean reward: 41.5625, 	Mean reward done: 5.239156246185303
Step: 7938048	Mean reward: 42.1875, 	Mean reward done: 5.337874889373779
Step: 7946240	Mean reward: 43.125, 	Mean reward done: 5.91234827041626
Step: 7954432	Mean reward: 45.3125, 	Mean reward done: 5.793591499328613
Step: 7962624	Mean reward: 50.625, 	Mean reward done: 5.735504150390625
Step: 7970816	Mean reward: 47.5, 	Mean reward done: 5.7447967529296875
Step: 7979008	Mean reward: 50.9375, 	Mean reward done: 5.837581157684326
Step: 7987200	Mean reward: 51.25, 	Mean reward done: 5.845355033874512
Step: 7995392	Mean reward: 46.875, 	Mean reward done: 6.108340740203857
Step: 8003584	Mean reward: 46.875, 	Mean reward done: 5.890043258666992
Completed training of sd_i_na_cr!

------------------------------------------------------------
Sender: LSF System <lsfadmin@n-62-20-16>
Subject: Job 8473439: <sd_i_na_cr> in cluster <dcc> Done

Job <sd_i_na_cr> was submitted from host <n-62-30-4> by user <s192288> in cluster <dcc> at Thu Dec  3 20:30:44 2020
Job was executed on host(s) <n-62-20-16>, in queue <gpuv100>, as user <s192288> in cluster <dcc> at Fri Dec  4 01:35:56 2020
</zhome/09/9/144141> was used as the home directory.
</zhome/09/9/144141/Desktop/Deep_l_hpc> was used as the working directory.
Started at Fri Dec  4 01:35:56 2020
Terminated at Fri Dec  4 08:36:23 2020
Results reported at Fri Dec  4 08:36:23 2020

Your job looked like:

------------------------------------------------------------
# LSBATCH: User input
#!/bin/sh

#BSUB -J sd_i_na_cr

#BSUB -q gpuv100

#BSUB -gpu "num=1"

#BSUB -n 1

#BSUB -W 23:45

#BSUB -R "rusage[mem=16GB]"

#BSUB -o sd_i_na_cr.out

#BSUB -e sd_i_na_cr.err

# Load modules

module load python3/3.8.2
module load cuda/8.0
module load cudnn/v7.0-prod-cuda8
module load ffmpeg/4.2.2
pip3 install --user torch matplotlib procgen gym 

# 1 = model_name, 2 = encoder_index, 3 = aug_index, 4 = mix_reg, 5 = game
#the name of the run
#encoder_index 0 = Impala, 1 = Nature  
#aug_index: 0 = None, 1 = grayscale, 2 = random_cutout, 3 = color_jitter
#mixreg: 0 = False, 1 = True 
#type of game

python3 train_ppo.py sd_i_na_cr 0 0 0 coinrun 



------------------------------------------------------------

Successfully completed.

Resource usage summary:

    CPU time :                                   25067.16 sec.
    Max Memory :                                 9085 MB
    Average Memory :                             9037.52 MB
    Total Requested Memory :                     16384.00 MB
    Delta Memory :                               7299.00 MB
    Max Swap :                                   -
    Max Processes :                              4
    Max Threads :                                13
    Run time :                                   25226 sec.
    Turnaround time :                            43539 sec.

The output (if any) is above this job summary.



PS:

Read file <sd_i_na_cr.err> for stderr output of this job.

