Requirement already satisfied: torch in /zhome/09/9/144141/.local/lib/python3.8/site-packages (1.7.0)
Requirement already satisfied: matplotlib in /zhome/09/9/144141/.local/lib/python3.8/site-packages (3.3.3)
Requirement already satisfied: procgen in /zhome/09/9/144141/.local/lib/python3.8/site-packages (0.10.4)
Requirement already satisfied: gym in /zhome/09/9/144141/.local/lib/python3.8/site-packages (0.17.3)
Requirement already satisfied: numpy in /zhome/09/9/144141/.local/lib/python3.8/site-packages (from torch) (1.19.4)
Requirement already satisfied: typing-extensions in /zhome/09/9/144141/.local/lib/python3.8/site-packages (from torch) (3.7.4.3)
Requirement already satisfied: future in /zhome/09/9/144141/.local/lib/python3.8/site-packages (from torch) (0.18.2)
Requirement already satisfied: dataclasses in /zhome/09/9/144141/.local/lib/python3.8/site-packages (from torch) (0.6)
Requirement already satisfied: cycler>=0.10 in /zhome/09/9/144141/.local/lib/python3.8/site-packages (from matplotlib) (0.10.0)
Requirement already satisfied: python-dateutil>=2.1 in /zhome/09/9/144141/.local/lib/python3.8/site-packages (from matplotlib) (2.8.1)
Requirement already satisfied: kiwisolver>=1.0.1 in /zhome/09/9/144141/.local/lib/python3.8/site-packages (from matplotlib) (1.3.1)
Requirement already satisfied: pillow>=6.2.0 in /zhome/09/9/144141/.local/lib/python3.8/site-packages (from matplotlib) (8.0.1)
Requirement already satisfied: pyparsing!=2.0.4,!=2.1.2,!=2.1.6,>=2.0.3 in /zhome/09/9/144141/.local/lib/python3.8/site-packages (from matplotlib) (2.4.7)
Requirement already satisfied: gym3<1.0.0,>=0.3.3 in /zhome/09/9/144141/.local/lib/python3.8/site-packages (from procgen) (0.3.3)
Requirement already satisfied: filelock<4.0.0,>=3.0.0 in /zhome/09/9/144141/.local/lib/python3.8/site-packages (from procgen) (3.0.12)
Requirement already satisfied: scipy in /zhome/09/9/144141/.local/lib/python3.8/site-packages (from gym) (1.5.4)
Requirement already satisfied: pyglet<=1.5.0,>=1.4.0 in /zhome/09/9/144141/.local/lib/python3.8/site-packages (from gym) (1.5.0)
Requirement already satisfied: cloudpickle<1.7.0,>=1.2.0 in /zhome/09/9/144141/.local/lib/python3.8/site-packages (from gym) (1.6.0)
Requirement already satisfied: six in /zhome/09/9/144141/.local/lib/python3.8/site-packages (from cycler>=0.10->matplotlib) (1.15.0)
Requirement already satisfied: moderngl<6.0.0,>=5.5.4 in /zhome/09/9/144141/.local/lib/python3.8/site-packages (from gym3<1.0.0,>=0.3.3->procgen) (5.6.2)
Requirement already satisfied: cffi<2.0.0,>=1.13.0 in /zhome/09/9/144141/.local/lib/python3.8/site-packages (from gym3<1.0.0,>=0.3.3->procgen) (1.14.4)
Requirement already satisfied: imageio<3.0.0,>=2.6.0 in /zhome/09/9/144141/.local/lib/python3.8/site-packages (from gym3<1.0.0,>=0.3.3->procgen) (2.9.0)
Requirement already satisfied: imageio-ffmpeg<0.4.0,>=0.3.0 in /zhome/09/9/144141/.local/lib/python3.8/site-packages (from gym3<1.0.0,>=0.3.3->procgen) (0.3.0)
Requirement already satisfied: glfw<2.0.0,>=1.8.6 in /zhome/09/9/144141/.local/lib/python3.8/site-packages (from gym3<1.0.0,>=0.3.3->procgen) (1.12.0)
Requirement already satisfied: glcontext<3,>=2 in /zhome/09/9/144141/.local/lib/python3.8/site-packages (from moderngl<6.0.0,>=5.5.4->gym3<1.0.0,>=0.3.3->procgen) (2.2.0)
Requirement already satisfied: pycparser in /zhome/09/9/144141/.local/lib/python3.8/site-packages (from cffi<2.0.0,>=1.13.0->gym3<1.0.0,>=0.3.3->procgen) (2.20)
Run name sd_i_mx_cr
Encoder used Impala
Augumentation used none
Mixreg? True
Game coinrun
Observation space: Box(0.0, 1.0, (3, 64, 64), float32)
Action space: 15
Beware of the Impala!
Step: 8192	Mean reward: 0.625, 	Mean reward done: 0.3125
Estimated time of completion: 40.43115658633825 hours
Step: 16384	Mean reward: 1.875, 	Mean reward done: 0.9375
Step: 24576	Mean reward: 1.5625, 	Mean reward done: 0.78125
Step: 32768	Mean reward: 1.25, 	Mean reward done: 0.625
Step: 40960	Mean reward: 0.625, 	Mean reward done: 0.3125
Step: 49152	Mean reward: 2.5, 	Mean reward done: 1.1458333730697632
Step: 57344	Mean reward: 5.0, 	Mean reward done: 2.2395834922790527
Step: 65536	Mean reward: 5.0, 	Mean reward done: 2.1354165077209473
Step: 73728	Mean reward: 5.9375, 	Mean reward done: 2.7083334922790527
Step: 81920	Mean reward: 5.3125, 	Mean reward done: 2.1875
Step: 90112	Mean reward: 6.875, 	Mean reward done: 2.96875
Step: 98304	Mean reward: 7.1875, 	Mean reward done: 2.6302082538604736
Step: 106496	Mean reward: 8.75, 	Mean reward done: 3.0208332538604736
Step: 114688	Mean reward: 9.0625, 	Mean reward done: 3.1770832538604736
Step: 122880	Mean reward: 6.5625, 	Mean reward done: 2.1927082538604736
Step: 131072	Mean reward: 10.0, 	Mean reward done: 3.328125
Step: 139264	Mean reward: 10.625, 	Mean reward done: 3.3333332538604736
Step: 147456	Mean reward: 12.5, 	Mean reward done: 3.8333330154418945
Step: 155648	Mean reward: 6.875, 	Mean reward done: 2.265625
Step: 163840	Mean reward: 10.3125, 	Mean reward done: 3.3333330154418945
Step: 172032	Mean reward: 14.375, 	Mean reward done: 4.0625
Step: 180224	Mean reward: 15.9375, 	Mean reward done: 4.5729169845581055
Step: 188416	Mean reward: 12.8125, 	Mean reward done: 3.328125238418579
Step: 196608	Mean reward: 14.0625, 	Mean reward done: 3.703125238418579
Step: 204800	Mean reward: 11.875, 	Mean reward done: 3.3697915077209473
Step: 212992	Mean reward: 8.75, 	Mean reward done: 2.6302080154418945
Step: 221184	Mean reward: 11.5625, 	Mean reward done: 3.187499761581421
Step: 229376	Mean reward: 8.4375, 	Mean reward done: 2.6666667461395264
Step: 237568	Mean reward: 13.75, 	Mean reward done: 3.9270830154418945
Step: 245760	Mean reward: 12.1875, 	Mean reward done: 3.4010415077209473
Step: 253952	Mean reward: 13.75, 	Mean reward done: 3.7291667461395264
Step: 262144	Mean reward: 15.625, 	Mean reward done: 3.8697915077209473
Step: 270336	Mean reward: 13.125, 	Mean reward done: 3.1666667461395264
Step: 278528	Mean reward: 16.5625, 	Mean reward done: 4.192708492279053
Step: 286720	Mean reward: 20.0, 	Mean reward done: 4.583333492279053
Step: 294912	Mean reward: 14.6875, 	Mean reward done: 3.7760415077209473
Step: 303104	Mean reward: 13.75, 	Mean reward done: 3.3489582538604736
Step: 311296	Mean reward: 10.9375, 	Mean reward done: 3.0416667461395264
Step: 319488	Mean reward: 15.0, 	Mean reward done: 3.875000238418579
Step: 327680	Mean reward: 17.5, 	Mean reward done: 4.345238208770752
Step: 335872	Mean reward: 14.0625, 	Mean reward done: 3.6041667461395264
Step: 344064	Mean reward: 18.125, 	Mean reward done: 4.479166507720947
Step: 352256	Mean reward: 19.6875, 	Mean reward done: 4.691965103149414
Step: 360448	Mean reward: 18.75, 	Mean reward done: 3.885044813156128
Step: 368640	Mean reward: 18.125, 	Mean reward done: 4.127232074737549
Step: 376832	Mean reward: 25.0, 	Mean reward done: 4.770461082458496
Step: 385024	Mean reward: 23.75, 	Mean reward done: 4.411085605621338
Step: 393216	Mean reward: 30.0, 	Mean reward done: 5.6458330154418945
Step: 401408	Mean reward: 20.625, 	Mean reward done: 4.989583969116211
Step: 409600	Mean reward: 22.1875, 	Mean reward done: 4.265996932983398
Step: 417792	Mean reward: 22.1875, 	Mean reward done: 4.708333492279053
Step: 425984	Mean reward: 23.125, 	Mean reward done: 4.708333492279053
Step: 434176	Mean reward: 26.25, 	Mean reward done: 5.4873504638671875
Step: 442368	Mean reward: 25.9375, 	Mean reward done: 4.637276649475098
Step: 450560	Mean reward: 24.0625, 	Mean reward done: 4.7395830154418945
Step: 458752	Mean reward: 25.0, 	Mean reward done: 5.016368865966797
Step: 466944	Mean reward: 21.25, 	Mean reward done: 4.243675708770752
Step: 475136	Mean reward: 21.875, 	Mean reward done: 4.282737731933594
Step: 483328	Mean reward: 24.375, 	Mean reward done: 4.523809432983398
Step: 491520	Mean reward: 20.625, 	Mean reward done: 4.0807294845581055
Step: 499712	Mean reward: 20.9375, 	Mean reward done: 4.51748514175415
Step: 507904	Mean reward: 17.5, 	Mean reward done: 3.728050470352173
Step: 516096	Mean reward: 18.125, 	Mean reward done: 3.968749761581421
Step: 524288	Mean reward: 15.3125, 	Mean reward done: 3.6770834922790527
Step: 532480	Mean reward: 17.1875, 	Mean reward done: 4.15625
Step: 540672	Mean reward: 15.0, 	Mean reward done: 3.827381134033203
Step: 548864	Mean reward: 11.25, 	Mean reward done: 3.1041665077209473
Step: 557056	Mean reward: 16.875, 	Mean reward done: 3.5305063724517822
Step: 565248	Mean reward: 17.8125, 	Mean reward done: 3.7924108505249023
Step: 573440	Mean reward: 18.75, 	Mean reward done: 4.082589149475098
Step: 581632	Mean reward: 20.9375, 	Mean reward done: 4.62313985824585
Step: 589824	Mean reward: 19.0625, 	Mean reward done: 4.252232074737549
Step: 598016	Mean reward: 12.5, 	Mean reward done: 3.390625
Step: 606208	Mean reward: 10.625, 	Mean reward done: 2.84375
Step: 614400	Mean reward: 15.625, 	Mean reward done: 3.9166667461395264
Step: 622592	Mean reward: 14.375, 	Mean reward done: 3.657738208770752
Step: 630784	Mean reward: 19.375, 	Mean reward done: 4.19717264175415
Step: 638976	Mean reward: 18.4375, 	Mean reward done: 4.032738208770752
Step: 647168	Mean reward: 20.9375, 	Mean reward done: 4.825149059295654
Step: 655360	Mean reward: 27.5, 	Mean reward done: 5.155505657196045
Step: 663552	Mean reward: 21.875, 	Mean reward done: 4.545386791229248
Step: 671744	Mean reward: 19.6875, 	Mean reward done: 4.530506134033203
Step: 679936	Mean reward: 24.0625, 	Mean reward done: 4.8973212242126465
Step: 688128	Mean reward: 18.4375, 	Mean reward done: 4.27529764175415
Step: 696320	Mean reward: 24.0625, 	Mean reward done: 4.951636791229248
Step: 704512	Mean reward: 28.4375, 	Mean reward done: 5.289682865142822
Step: 712704	Mean reward: 21.25, 	Mean reward done: 4.639880657196045
Step: 720896	Mean reward: 23.4375, 	Mean reward done: 4.996279716491699
Step: 729088	Mean reward: 20.3125, 	Mean reward done: 4.304315567016602
Step: 737280	Mean reward: 21.25, 	Mean reward done: 4.58630895614624
Step: 745472	Mean reward: 20.3125, 	Mean reward done: 4.645461559295654
Step: 753664	Mean reward: 19.6875, 	Mean reward done: 4.334697246551514
Step: 761856	Mean reward: 20.625, 	Mean reward done: 4.34226131439209
Step: 770048	Mean reward: 25.3125, 	Mean reward done: 5.517112731933594
Step: 778240	Mean reward: 27.5, 	Mean reward done: 5.835937023162842
Step: 786432	Mean reward: 27.5, 	Mean reward done: 5.442708492279053
Step: 794624	Mean reward: 17.8125, 	Mean reward done: 3.858631134033203
Step: 802816	Mean reward: 22.5, 	Mean reward done: 5.137648582458496
Step: 811008	Mean reward: 27.1875, 	Mean reward done: 5.680803298950195
Step: 819200	Mean reward: 25.3125, 	Mean reward done: 5.547619342803955
Step: 827392	Mean reward: 25.3125, 	Mean reward done: 5.188987731933594
Step: 835584	Mean reward: 21.5625, 	Mean reward done: 4.749255657196045
Step: 843776	Mean reward: 23.75, 	Mean reward done: 4.674479961395264
Step: 851968	Mean reward: 27.8125, 	Mean reward done: 5.137648105621338
Step: 860160	Mean reward: 25.0, 	Mean reward done: 4.690475940704346
Step: 868352	Mean reward: 28.4375, 	Mean reward done: 5.723214149475098
Step: 876544	Mean reward: 22.8125, 	Mean reward done: 4.7410712242126465
Step: 884736	Mean reward: 21.875, 	Mean reward done: 4.816964626312256
Step: 892928	Mean reward: 30.9375, 	Mean reward done: 5.722222328186035
Step: 901120	Mean reward: 26.5625, 	Mean reward done: 5.250744342803955
Step: 909312	Mean reward: 31.25, 	Mean reward done: 5.942584037780762
Step: 917504	Mean reward: 25.0, 	Mean reward done: 5.280505657196045
Step: 925696	Mean reward: 30.625, 	Mean reward done: 5.781250476837158
Step: 933888	Mean reward: 32.5, 	Mean reward done: 6.162946701049805
Step: 942080	Mean reward: 31.875, 	Mean reward done: 6.297370433807373
Step: 950272	Mean reward: 28.75, 	Mean reward done: 5.32068395614624
Step: 958464	Mean reward: 27.5, 	Mean reward done: 5.197172164916992
Step: 966656	Mean reward: 27.8125, 	Mean reward done: 5.638764381408691
Step: 974848	Mean reward: 27.5, 	Mean reward done: 5.216517448425293
Step: 983040	Mean reward: 27.5, 	Mean reward done: 5.624256134033203
Step: 991232	Mean reward: 31.5625, 	Mean reward done: 6.080356597900391
Step: 999424	Mean reward: 28.75, 	Mean reward done: 5.581101417541504
Step: 1007616	Mean reward: 22.5, 	Mean reward done: 4.7864580154418945
Step: 1015808	Mean reward: 27.1875, 	Mean reward done: 5.6391377449035645
Step: 1024000	Mean reward: 22.1875, 	Mean reward done: 4.493303298950195
Step: 1032192	Mean reward: 27.8125, 	Mean reward done: 5.464285373687744
Step: 1040384	Mean reward: 31.875, 	Mean reward done: 5.728050231933594
Step: 1048576	Mean reward: 28.75, 	Mean reward done: 5.503720760345459
Step: 1056768	Mean reward: 32.1875, 	Mean reward done: 5.615326881408691
Step: 1064960	Mean reward: 28.125, 	Mean reward done: 5.174727439880371
Step: 1073152	Mean reward: 35.3125, 	Mean reward done: 6.310267925262451
Step: 1081344	Mean reward: 33.125, 	Mean reward done: 6.033482074737549
Step: 1089536	Mean reward: 38.75, 	Mean reward done: 6.453496932983398
Step: 1097728	Mean reward: 35.625, 	Mean reward done: 6.247395038604736
Step: 1105920	Mean reward: 34.0625, 	Mean reward done: 5.814484119415283
Step: 1114112	Mean reward: 38.125, 	Mean reward done: 6.576512336730957
Step: 1122304	Mean reward: 30.0, 	Mean reward done: 5.274925231933594
Step: 1130496	Mean reward: 30.625, 	Mean reward done: 5.677455902099609
Step: 1138688	Mean reward: 34.375, 	Mean reward done: 5.946428298950195
Step: 1146880	Mean reward: 28.125, 	Mean reward done: 5.35342264175415
Step: 1155072	Mean reward: 26.875, 	Mean reward done: 5.4088544845581055
Step: 1163264	Mean reward: 26.5625, 	Mean reward done: 5.54092264175415
Step: 1171456	Mean reward: 31.5625, 	Mean reward done: 5.931175231933594
Step: 1179648	Mean reward: 28.75, 	Mean reward done: 5.776785850524902
Step: 1187840	Mean reward: 26.25, 	Mean reward done: 5.281250476837158
Step: 1196032	Mean reward: 32.1875, 	Mean reward done: 5.7197418212890625
Step: 1204224	Mean reward: 30.625, 	Mean reward done: 5.515748023986816
Step: 1212416	Mean reward: 36.875, 	Mean reward done: 6.550967216491699
Step: 1220608	Mean reward: 35.0, 	Mean reward done: 6.229166507720947
Step: 1228800	Mean reward: 26.5625, 	Mean reward done: 5.472842693328857
Step: 1236992	Mean reward: 31.25, 	Mean reward done: 5.4172868728637695
Step: 1245184	Mean reward: 25.0, 	Mean reward done: 5.264881134033203
Step: 1253376	Mean reward: 25.625, 	Mean reward done: 5.661086559295654
Step: 1261568	Mean reward: 25.0, 	Mean reward done: 5.346354007720947
Step: 1269760	Mean reward: 29.0625, 	Mean reward done: 5.394345283508301
Step: 1277952	Mean reward: 23.4375, 	Mean reward done: 4.659225940704346
Step: 1286144	Mean reward: 25.625, 	Mean reward done: 5.073908805847168
Step: 1294336	Mean reward: 25.9375, 	Mean reward done: 5.345982551574707
Step: 1302528	Mean reward: 27.1875, 	Mean reward done: 5.4120774269104
Step: 1310720	Mean reward: 29.0625, 	Mean reward done: 5.334822177886963
Step: 1318912	Mean reward: 32.1875, 	Mean reward done: 5.572420597076416
Step: 1327104	Mean reward: 25.625, 	Mean reward done: 5.447171688079834
Step: 1335296	Mean reward: 27.1875, 	Mean reward done: 5.7760419845581055
Step: 1343488	Mean reward: 26.25, 	Mean reward done: 5.004937648773193
Step: 1351680	Mean reward: 31.5625, 	Mean reward done: 6.003720283508301
Step: 1359872	Mean reward: 32.1875, 	Mean reward done: 5.826016426086426
Step: 1368064	Mean reward: 31.875, 	Mean reward done: 6.372520446777344
Step: 1376256	Mean reward: 32.5, 	Mean reward done: 5.725942134857178
Step: 1384448	Mean reward: 29.375, 	Mean reward done: 5.688988208770752
Step: 1392640	Mean reward: 33.125, 	Mean reward done: 6.143973350524902
Step: 1400832	Mean reward: 31.5625, 	Mean reward done: 5.3916168212890625
Step: 1409024	Mean reward: 22.8125, 	Mean reward done: 5.106770992279053
Step: 1417216	Mean reward: 30.0, 	Mean reward done: 5.493675708770752
Step: 1425408	Mean reward: 28.125, 	Mean reward done: 5.109375
Step: 1433600	Mean reward: 33.4375, 	Mean reward done: 5.860986232757568
Step: 1441792	Mean reward: 29.6875, 	Mean reward done: 5.782737731933594
Step: 1449984	Mean reward: 24.0625, 	Mean reward done: 4.803075790405273
Step: 1458176	Mean reward: 27.1875, 	Mean reward done: 5.336309432983398
Step: 1466368	Mean reward: 26.875, 	Mean reward done: 5.450149059295654
Step: 1474560	Mean reward: 25.9375, 	Mean reward done: 5.182291507720947
Step: 1482752	Mean reward: 30.3125, 	Mean reward done: 5.53943395614624
Step: 1490944	Mean reward: 31.875, 	Mean reward done: 5.681524753570557
Step: 1499136	Mean reward: 27.8125, 	Mean reward done: 5.224825859069824
Step: 1507328	Mean reward: 30.3125, 	Mean reward done: 5.652528762817383
Step: 1515520	Mean reward: 25.0, 	Mean reward done: 5.003720283508301
Step: 1523712	Mean reward: 20.9375, 	Mean reward done: 4.37227201461792
Step: 1531904	Mean reward: 22.8125, 	Mean reward done: 4.836061477661133
Step: 1540096	Mean reward: 22.8125, 	Mean reward done: 4.339658260345459
Step: 1548288	Mean reward: 31.25, 	Mean reward done: 5.992063999176025
Step: 1556480	Mean reward: 25.0, 	Mean reward done: 5.347470283508301
Step: 1564672	Mean reward: 30.0, 	Mean reward done: 5.339657783508301
Step: 1572864	Mean reward: 30.625, 	Mean reward done: 6.014136791229248
Step: 1581056	Mean reward: 31.25, 	Mean reward done: 6.005952835083008
Step: 1589248	Mean reward: 32.5, 	Mean reward done: 6.003719329833984
Step: 1597440	Mean reward: 32.8125, 	Mean reward done: 5.828496932983398
Step: 1605632	Mean reward: 38.75, 	Mean reward done: 6.687623977661133
Step: 1613824	Mean reward: 32.8125, 	Mean reward done: 6.395089626312256
Step: 1622016	Mean reward: 36.25, 	Mean reward done: 6.505579948425293
Step: 1630208	Mean reward: 35.9375, 	Mean reward done: 6.434151649475098
Step: 1638400	Mean reward: 28.75, 	Mean reward done: 5.228918552398682
Step: 1646592	Mean reward: 34.375, 	Mean reward done: 6.4166669845581055
Step: 1654784	Mean reward: 35.625, 	Mean reward done: 5.850571155548096
Step: 1662976	Mean reward: 35.9375, 	Mean reward done: 6.123636245727539
Step: 1671168	Mean reward: 38.125, 	Mean reward done: 6.332217693328857
Step: 1679360	Mean reward: 36.25, 	Mean reward done: 6.1040425300598145
Step: 1687552	Mean reward: 33.75, 	Mean reward done: 6.482638835906982
Step: 1695744	Mean reward: 31.5625, 	Mean reward done: 5.222469806671143
Step: 1703936	Mean reward: 27.5, 	Mean reward done: 5.345237731933594
Step: 1712128	Mean reward: 26.25, 	Mean reward done: 5.245039463043213
Step: 1720320	Mean reward: 30.625, 	Mean reward done: 5.642360687255859
Step: 1728512	Mean reward: 25.3125, 	Mean reward done: 5.30282735824585
Step: 1736704	Mean reward: 35.3125, 	Mean reward done: 6.088913440704346
Step: 1744896	Mean reward: 31.5625, 	Mean reward done: 5.1133317947387695
Step: 1753088	Mean reward: 32.8125, 	Mean reward done: 5.956844806671143
Step: 1761280	Mean reward: 35.0, 	Mean reward done: 6.197792053222656
Step: 1769472	Mean reward: 27.5, 	Mean reward done: 6.054811477661133
Step: 1777664	Mean reward: 29.0625, 	Mean reward done: 5.567707538604736
Step: 1785856	Mean reward: 32.8125, 	Mean reward done: 5.927951335906982
Step: 1794048	Mean reward: 29.375, 	Mean reward done: 5.715774059295654
Step: 1802240	Mean reward: 33.75, 	Mean reward done: 6.288938522338867
Step: 1810432	Mean reward: 28.4375, 	Mean reward done: 5.68601131439209
Step: 1818624	Mean reward: 38.4375, 	Mean reward done: 6.057246685028076
Step: 1826816	Mean reward: 30.9375, 	Mean reward done: 5.8973212242126465
Step: 1835008	Mean reward: 25.9375, 	Mean reward done: 5.441964149475098
Step: 1843200	Mean reward: 29.6875, 	Mean reward done: 5.783233642578125
Step: 1851392	Mean reward: 33.75, 	Mean reward done: 6.25359582901001
Step: 1859584	Mean reward: 28.125, 	Mean reward done: 5.453868865966797
Step: 1867776	Mean reward: 36.25, 	Mean reward done: 5.961061000823975
Step: 1875968	Mean reward: 27.5, 	Mean reward done: 5.394717216491699
Step: 1884160	Mean reward: 32.8125, 	Mean reward done: 5.720981597900391
Step: 1892352	Mean reward: 30.625, 	Mean reward done: 5.322397708892822
Step: 1900544	Mean reward: 26.875, 	Mean reward done: 5.547246932983398
Step: 1908736	Mean reward: 31.875, 	Mean reward done: 5.902405738830566
Step: 1916928	Mean reward: 33.75, 	Mean reward done: 5.9854912757873535
Step: 1925120	Mean reward: 29.0625, 	Mean reward done: 5.873883247375488
Step: 1933312	Mean reward: 32.1875, 	Mean reward done: 5.850198268890381
Step: 1941504	Mean reward: 30.3125, 	Mean reward done: 5.732390880584717
Step: 1949696	Mean reward: 33.4375, 	Mean reward done: 5.956969261169434
Step: 1957888	Mean reward: 30.625, 	Mean reward done: 5.7723212242126465
Step: 1966080	Mean reward: 35.9375, 	Mean reward done: 6.186384201049805
Step: 1974272	Mean reward: 30.9375, 	Mean reward done: 5.181175231933594
Step: 1982464	Mean reward: 27.5, 	Mean reward done: 5.427082538604736
Step: 1990656	Mean reward: 30.3125, 	Mean reward done: 5.53311014175415
Step: 1998848	Mean reward: 34.0625, 	Mean reward done: 5.940475940704346
Step: 2007040	Mean reward: 32.5, 	Mean reward done: 5.735862731933594
Step: 2015232	Mean reward: 28.4375, 	Mean reward done: 5.550098896026611
Step: 2023424	Mean reward: 28.125, 	Mean reward done: 5.753720283508301
Step: 2031616	Mean reward: 26.25, 	Mean reward done: 5.190475940704346
Step: 2039808	Mean reward: 29.0625, 	Mean reward done: 5.658977508544922
Step: 2048000	Mean reward: 30.0, 	Mean reward done: 5.5677080154418945
Step: 2056192	Mean reward: 29.0625, 	Mean reward done: 5.7317705154418945
Step: 2064384	Mean reward: 29.6875, 	Mean reward done: 5.841145992279053
Step: 2072576	Mean reward: 31.25, 	Mean reward done: 5.610986709594727
Step: 2080768	Mean reward: 26.5625, 	Mean reward done: 5.263020992279053
Step: 2088960	Mean reward: 30.9375, 	Mean reward done: 6.00421667098999
Step: 2097152	Mean reward: 24.6875, 	Mean reward done: 5.207217216491699
Step: 2105344	Mean reward: 32.5, 	Mean reward done: 6.024553298950195
Step: 2113536	Mean reward: 33.125, 	Mean reward done: 5.836805820465088
Step: 2121728	Mean reward: 30.625, 	Mean reward done: 5.855159282684326
Step: 2129920	Mean reward: 31.25, 	Mean reward done: 5.717261791229248
Step: 2138112	Mean reward: 28.75, 	Mean reward done: 5.484127044677734
Step: 2146304	Mean reward: 28.125, 	Mean reward done: 5.772693157196045
Step: 2154496	Mean reward: 27.1875, 	Mean reward done: 5.526661396026611
Step: 2162688	Mean reward: 27.1875, 	Mean reward done: 5.716517448425293
Step: 2170880	Mean reward: 33.125, 	Mean reward done: 6.350074291229248
Step: 2179072	Mean reward: 28.75, 	Mean reward done: 5.764745712280273
Step: 2187264	Mean reward: 28.125, 	Mean reward done: 5.936384677886963
Step: 2195456	Mean reward: 40.625, 	Mean reward done: 6.515501022338867
Step: 2203648	Mean reward: 28.75, 	Mean reward done: 5.8697919845581055
Step: 2211840	Mean reward: 35.0, 	Mean reward done: 6.349206447601318
Step: 2220032	Mean reward: 30.3125, 	Mean reward done: 6.138889312744141
Step: 2228224	Mean reward: 32.8125, 	Mean reward done: 6.105654239654541
Step: 2236416	Mean reward: 35.3125, 	Mean reward done: 6.759300231933594
Step: 2244608	Mean reward: 29.6875, 	Mean reward done: 6.2154011726379395
Step: 2252800	Mean reward: 29.6875, 	Mean reward done: 5.648933410644531
Step: 2260992	Mean reward: 34.6875, 	Mean reward done: 6.060640335083008
Step: 2269184	Mean reward: 32.5, 	Mean reward done: 6.0813493728637695
Step: 2277376	Mean reward: 29.6875, 	Mean reward done: 5.4370036125183105
Step: 2285568	Mean reward: 28.75, 	Mean reward done: 5.968749523162842
Step: 2293760	Mean reward: 32.1875, 	Mean reward done: 6.443824291229248
Step: 2301952	Mean reward: 35.625, 	Mean reward done: 6.604538917541504
Step: 2310144	Mean reward: 35.625, 	Mean reward done: 6.7155256271362305
Step: 2318336	Mean reward: 30.9375, 	Mean reward done: 5.507812023162842
Step: 2326528	Mean reward: 30.0, 	Mean reward done: 5.946055889129639
Step: 2334720	Mean reward: 27.1875, 	Mean reward done: 5.280506134033203
Step: 2342912	Mean reward: 36.25, 	Mean reward done: 6.27194881439209
Step: 2351104	Mean reward: 36.5625, 	Mean reward done: 6.44345235824585
Step: 2359296	Mean reward: 30.3125, 	Mean reward done: 5.862350940704346
Step: 2367488	Mean reward: 31.875, 	Mean reward done: 5.601438045501709
Step: 2375680	Mean reward: 37.1875, 	Mean reward done: 6.422990798950195
Step: 2383872	Mean reward: 31.5625, 	Mean reward done: 5.952752590179443
Step: 2392064	Mean reward: 33.125, 	Mean reward done: 5.881696701049805
Step: 2400256	Mean reward: 36.875, 	Mean reward done: 6.412326812744141
Step: 2408448	Mean reward: 28.4375, 	Mean reward done: 5.759300231933594
Step: 2416640	Mean reward: 30.9375, 	Mean reward done: 5.931423187255859
Step: 2424832	Mean reward: 27.5, 	Mean reward done: 5.712301731109619
Step: 2433024	Mean reward: 27.5, 	Mean reward done: 5.234870910644531
Step: 2441216	Mean reward: 34.375, 	Mean reward done: 6.219245433807373
Step: 2449408	Mean reward: 31.5625, 	Mean reward done: 6.059253692626953
Step: 2457600	Mean reward: 32.5, 	Mean reward done: 6.193079948425293
Step: 2465792	Mean reward: 35.0, 	Mean reward done: 6.078868389129639
Step: 2473984	Mean reward: 32.8125, 	Mean reward done: 6.026785373687744
Step: 2482176	Mean reward: 32.5, 	Mean reward done: 5.825149059295654
Step: 2490368	Mean reward: 34.0625, 	Mean reward done: 5.978794574737549
Step: 2498560	Mean reward: 37.8125, 	Mean reward done: 6.694319725036621
Step: 2506752	Mean reward: 34.0625, 	Mean reward done: 5.979910373687744
Step: 2514944	Mean reward: 32.5, 	Mean reward done: 6.366072654724121
Step: 2523136	Mean reward: 35.3125, 	Mean reward done: 6.171503067016602
Step: 2531328	Mean reward: 41.25, 	Mean reward done: 6.747460842132568
Step: 2539520	Mean reward: 35.0, 	Mean reward done: 6.431929588317871
Step: 2547712	Mean reward: 36.25, 	Mean reward done: 6.188258171081543
Step: 2555904	Mean reward: 28.4375, 	Mean reward done: 5.935546398162842
Step: 2564096	Mean reward: 28.75, 	Mean reward done: 5.733081340789795
Step: 2572288	Mean reward: 38.125, 	Mean reward done: 6.527303695678711
Step: 2580480	Mean reward: 40.3125, 	Mean reward done: 6.909053325653076
Step: 2588672	Mean reward: 33.4375, 	Mean reward done: 6.293545246124268
Step: 2596864	Mean reward: 39.0625, 	Mean reward done: 6.714846134185791
Step: 2605056	Mean reward: 42.1875, 	Mean reward done: 6.721644878387451
Step: 2613248	Mean reward: 39.375, 	Mean reward done: 6.545630931854248
Step: 2621440	Mean reward: 46.25, 	Mean reward done: 7.139197826385498
Step: 2629632	Mean reward: 39.0625, 	Mean reward done: 6.21289587020874
Step: 2637824	Mean reward: 33.125, 	Mean reward done: 6.1905412673950195
Step: 2646016	Mean reward: 33.125, 	Mean reward done: 6.273922920227051
Step: 2654208	Mean reward: 33.75, 	Mean reward done: 5.862527370452881
Step: 2662400	Mean reward: 31.25, 	Mean reward done: 6.096266746520996
Step: 2670592	Mean reward: 29.0625, 	Mean reward done: 5.479763984680176
Step: 2678784	Mean reward: 36.5625, 	Mean reward done: 6.07084846496582
Step: 2686976	Mean reward: 31.875, 	Mean reward done: 5.740447998046875
Step: 2695168	Mean reward: 42.5, 	Mean reward done: 6.925268173217773
Step: 2703360	Mean reward: 29.0625, 	Mean reward done: 6.0520453453063965
Step: 2711552	Mean reward: 37.1875, 	Mean reward done: 6.579904079437256
Step: 2719744	Mean reward: 34.6875, 	Mean reward done: 5.947096347808838
Step: 2727936	Mean reward: 28.75, 	Mean reward done: 5.335670471191406
Step: 2736128	Mean reward: 35.3125, 	Mean reward done: 5.779666900634766
Step: 2744320	Mean reward: 36.25, 	Mean reward done: 6.587901592254639
Step: 2752512	Mean reward: 37.8125, 	Mean reward done: 5.939462661743164
Step: 2760704	Mean reward: 34.375, 	Mean reward done: 6.525940418243408
Step: 2768896	Mean reward: 34.375, 	Mean reward done: 6.236170768737793
Step: 2777088	Mean reward: 39.6875, 	Mean reward done: 6.455864429473877
Step: 2785280	Mean reward: 33.75, 	Mean reward done: 6.275272846221924
Step: 2793472	Mean reward: 30.625, 	Mean reward done: 6.017895698547363
Step: 2801664	Mean reward: 38.125, 	Mean reward done: 6.127357482910156
Step: 2809856	Mean reward: 36.875, 	Mean reward done: 6.302176475524902
Step: 2818048	Mean reward: 35.9375, 	Mean reward done: 6.335336685180664
Step: 2826240	Mean reward: 33.125, 	Mean reward done: 6.168068885803223
Step: 2834432	Mean reward: 30.9375, 	Mean reward done: 5.421374320983887
Step: 2842624	Mean reward: 34.0625, 	Mean reward done: 5.836979866027832
Step: 2850816	Mean reward: 42.1875, 	Mean reward done: 6.75276517868042
Step: 2859008	Mean reward: 34.6875, 	Mean reward done: 6.346342086791992
Step: 2867200	Mean reward: 44.0625, 	Mean reward done: 7.01641845703125
Step: 2875392	Mean reward: 37.1875, 	Mean reward done: 6.424813747406006
Step: 2883584	Mean reward: 34.6875, 	Mean reward done: 5.956470012664795
Step: 2891776	Mean reward: 35.0, 	Mean reward done: 6.037064075469971
Step: 2899968	Mean reward: 38.4375, 	Mean reward done: 6.565780162811279
Step: 2908160	Mean reward: 36.5625, 	Mean reward done: 6.30829381942749
Step: 2916352	Mean reward: 40.625, 	Mean reward done: 6.497443675994873
Step: 2924544	Mean reward: 40.9375, 	Mean reward done: 6.874358177185059
Step: 2932736	Mean reward: 36.875, 	Mean reward done: 6.287341117858887
Step: 2940928	Mean reward: 43.4375, 	Mean reward done: 6.687809944152832
Step: 2949120	Mean reward: 44.375, 	Mean reward done: 6.94296932220459
Step: 2957312	Mean reward: 35.0, 	Mean reward done: 6.392483234405518
Step: 2965504	Mean reward: 37.1875, 	Mean reward done: 6.098520278930664
Step: 2973696	Mean reward: 40.3125, 	Mean reward done: 6.695947170257568
Step: 2981888	Mean reward: 37.5, 	Mean reward done: 6.2022318840026855
Step: 2990080	Mean reward: 38.75, 	Mean reward done: 6.261535167694092
Step: 2998272	Mean reward: 42.1875, 	Mean reward done: 6.555630207061768
Step: 3006464	Mean reward: 35.625, 	Mean reward done: 5.877228736877441
Step: 3014656	Mean reward: 21.875, 	Mean reward done: 4.3501152992248535
Step: 3022848	Mean reward: 31.5625, 	Mean reward done: 5.517709732055664
Step: 3031040	Mean reward: 37.8125, 	Mean reward done: 6.279280185699463
Step: 3039232	Mean reward: 33.4375, 	Mean reward done: 5.835302829742432
Step: 3047424	Mean reward: 25.0, 	Mean reward done: 4.865965843200684
Step: 3055616	Mean reward: 29.0625, 	Mean reward done: 5.533307075500488
Step: 3063808	Mean reward: 31.5625, 	Mean reward done: 5.542427062988281
Step: 3072000	Mean reward: 25.3125, 	Mean reward done: 5.112213611602783
Step: 3080192	Mean reward: 28.75, 	Mean reward done: 4.926870346069336
Step: 3088384	Mean reward: 36.25, 	Mean reward done: 6.300610065460205
Step: 3096576	Mean reward: 38.75, 	Mean reward done: 6.653364181518555
Step: 3104768	Mean reward: 38.75, 	Mean reward done: 6.412960052490234
Step: 3112960	Mean reward: 36.5625, 	Mean reward done: 6.63350248336792
Step: 3121152	Mean reward: 38.125, 	Mean reward done: 6.20307731628418
Step: 3129344	Mean reward: 31.25, 	Mean reward done: 5.926823616027832
Step: 3137536	Mean reward: 33.75, 	Mean reward done: 5.6236772537231445
Step: 3145728	Mean reward: 37.8125, 	Mean reward done: 6.373908996582031
Step: 3153920	Mean reward: 38.75, 	Mean reward done: 6.429005146026611
Step: 3162112	Mean reward: 40.625, 	Mean reward done: 6.404550552368164
Step: 3170304	Mean reward: 36.25, 	Mean reward done: 6.2556586265563965
Step: 3178496	Mean reward: 38.4375, 	Mean reward done: 6.800689697265625
Step: 3186688	Mean reward: 39.6875, 	Mean reward done: 6.383701801300049
Step: 3194880	Mean reward: 38.4375, 	Mean reward done: 6.326711177825928
Step: 3203072	Mean reward: 42.5, 	Mean reward done: 6.737050533294678
Step: 3211264	Mean reward: 45.625, 	Mean reward done: 6.835577964782715
Step: 3219456	Mean reward: 32.8125, 	Mean reward done: 5.7826409339904785
Step: 3227648	Mean reward: 34.6875, 	Mean reward done: 6.00425910949707
Step: 3235840	Mean reward: 34.0625, 	Mean reward done: 5.8023858070373535
Step: 3244032	Mean reward: 29.375, 	Mean reward done: 5.126916885375977
Step: 3252224	Mean reward: 35.3125, 	Mean reward done: 6.049615859985352
Step: 3260416	Mean reward: 27.8125, 	Mean reward done: 5.142989158630371
Step: 3268608	Mean reward: 30.0, 	Mean reward done: 4.880910396575928
Step: 3276800	Mean reward: 29.0625, 	Mean reward done: 5.104314804077148
Step: 3284992	Mean reward: 35.9375, 	Mean reward done: 5.834776878356934
Step: 3293184	Mean reward: 31.25, 	Mean reward done: 5.406385898590088
Step: 3301376	Mean reward: 38.75, 	Mean reward done: 5.838627338409424
Step: 3309568	Mean reward: 34.6875, 	Mean reward done: 5.745207786560059
Step: 3317760	Mean reward: 28.125, 	Mean reward done: 4.978940010070801
Step: 3325952	Mean reward: 31.875, 	Mean reward done: 5.590463161468506
Step: 3334144	Mean reward: 33.125, 	Mean reward done: 5.732797622680664
Step: 3342336	Mean reward: 33.4375, 	Mean reward done: 5.555661201477051
Step: 3350528	Mean reward: 34.375, 	Mean reward done: 6.173851013183594
Step: 3358720	Mean reward: 35.3125, 	Mean reward done: 5.738192081451416
Step: 3366912	Mean reward: 33.4375, 	Mean reward done: 5.7459869384765625
Step: 3375104	Mean reward: 27.8125, 	Mean reward done: 4.857954025268555
Step: 3383296	Mean reward: 32.5, 	Mean reward done: 5.882948875427246
Step: 3391488	Mean reward: 36.875, 	Mean reward done: 5.907872200012207
Step: 3399680	Mean reward: 35.3125, 	Mean reward done: 5.936676025390625
Step: 3407872	Mean reward: 32.8125, 	Mean reward done: 5.590812683105469
Step: 3416064	Mean reward: 33.125, 	Mean reward done: 5.568688869476318
Step: 3424256	Mean reward: 33.75, 	Mean reward done: 5.527864933013916
Step: 3432448	Mean reward: 35.9375, 	Mean reward done: 5.98361873626709
Step: 3440640	Mean reward: 27.5, 	Mean reward done: 4.817102909088135
Step: 3448832	Mean reward: 37.1875, 	Mean reward done: 5.57279634475708
Step: 3457024	Mean reward: 30.9375, 	Mean reward done: 5.2977471351623535
Step: 3465216	Mean reward: 30.0, 	Mean reward done: 5.288673400878906
Step: 3473408	Mean reward: 31.5625, 	Mean reward done: 5.3774003982543945
Step: 3481600	Mean reward: 35.3125, 	Mean reward done: 5.434115886688232
Step: 3489792	Mean reward: 33.125, 	Mean reward done: 5.101924896240234
Step: 3497984	Mean reward: 28.125, 	Mean reward done: 4.73284387588501
Step: 3506176	Mean reward: 32.8125, 	Mean reward done: 5.472926139831543
Step: 3514368	Mean reward: 21.5625, 	Mean reward done: 4.007286548614502
Step: 3522560	Mean reward: 30.0, 	Mean reward done: 5.038552284240723
Step: 3530752	Mean reward: 34.0625, 	Mean reward done: 5.757607936859131
Step: 3538944	Mean reward: 30.0, 	Mean reward done: 5.584883689880371
Step: 3547136	Mean reward: 39.375, 	Mean reward done: 5.9315643310546875
Step: 3555328	Mean reward: 33.75, 	Mean reward done: 5.79972505569458
Step: 3563520	Mean reward: 33.75, 	Mean reward done: 5.830641269683838
Step: 3571712	Mean reward: 30.0, 	Mean reward done: 5.1286115646362305
Step: 3579904	Mean reward: 35.3125, 	Mean reward done: 5.747006893157959
Step: 3588096	Mean reward: 36.25, 	Mean reward done: 6.028221607208252
Step: 3596288	Mean reward: 33.75, 	Mean reward done: 5.802531719207764
Step: 3604480	Mean reward: 34.6875, 	Mean reward done: 5.384267330169678
Step: 3612672	Mean reward: 35.0, 	Mean reward done: 5.608168601989746
Step: 3620864	Mean reward: 37.5, 	Mean reward done: 6.122216701507568
Step: 3629056	Mean reward: 37.5, 	Mean reward done: 5.904377460479736
Step: 3637248	Mean reward: 31.25, 	Mean reward done: 5.134787559509277
Step: 3645440	Mean reward: 35.9375, 	Mean reward done: 5.804008960723877
Step: 3653632	Mean reward: 33.4375, 	Mean reward done: 5.7892351150512695
Step: 3661824	Mean reward: 37.5, 	Mean reward done: 5.888154983520508
Step: 3670016	Mean reward: 38.4375, 	Mean reward done: 5.888693332672119
Step: 3678208	Mean reward: 35.3125, 	Mean reward done: 5.728646755218506
Step: 3686400	Mean reward: 35.9375, 	Mean reward done: 5.95041561126709
Step: 3694592	Mean reward: 29.375, 	Mean reward done: 5.132970333099365
Step: 3702784	Mean reward: 29.0625, 	Mean reward done: 5.002978801727295
Step: 3710976	Mean reward: 33.125, 	Mean reward done: 5.397614002227783
Step: 3719168	Mean reward: 39.375, 	Mean reward done: 5.815464973449707
Step: 3727360	Mean reward: 36.25, 	Mean reward done: 5.735260009765625
Step: 3735552	Mean reward: 38.4375, 	Mean reward done: 6.155882358551025
Step: 3743744	Mean reward: 35.625, 	Mean reward done: 5.642247676849365
Step: 3751936	Mean reward: 38.125, 	Mean reward done: 5.763581275939941
Step: 3760128	Mean reward: 37.1875, 	Mean reward done: 5.762050628662109
Step: 3768320	Mean reward: 37.8125, 	Mean reward done: 6.015683650970459
Step: 3776512	Mean reward: 38.75, 	Mean reward done: 6.0472893714904785
Step: 3784704	Mean reward: 34.0625, 	Mean reward done: 6.2314324378967285
Step: 3792896	Mean reward: 33.125, 	Mean reward done: 5.597073554992676
Step: 3801088	Mean reward: 37.5, 	Mean reward done: 5.8608880043029785
Step: 3809280	Mean reward: 30.625, 	Mean reward done: 5.897401332855225
Step: 3817472	Mean reward: 30.0, 	Mean reward done: 5.643959045410156
Step: 3825664	Mean reward: 29.375, 	Mean reward done: 5.127885818481445
Step: 3833856	Mean reward: 29.375, 	Mean reward done: 4.990652561187744
Step: 3842048	Mean reward: 40.625, 	Mean reward done: 6.095315456390381
Step: 3850240	Mean reward: 33.125, 	Mean reward done: 5.748888969421387
Step: 3858432	Mean reward: 39.375, 	Mean reward done: 6.139894008636475
Step: 3866624	Mean reward: 39.0625, 	Mean reward done: 6.2595086097717285
Step: 3874816	Mean reward: 35.3125, 	Mean reward done: 5.744851589202881
Step: 3883008	Mean reward: 30.0, 	Mean reward done: 5.282954216003418
Step: 3891200	Mean reward: 25.3125, 	Mean reward done: 4.316452503204346
Step: 3899392	Mean reward: 30.9375, 	Mean reward done: 5.04148006439209
Step: 3907584	Mean reward: 29.0625, 	Mean reward done: 5.101743698120117
Step: 3915776	Mean reward: 32.8125, 	Mean reward done: 5.452419281005859
Step: 3923968	Mean reward: 29.375, 	Mean reward done: 4.987147808074951
Step: 3932160	Mean reward: 29.0625, 	Mean reward done: 4.884366035461426
Step: 3940352	Mean reward: 38.75, 	Mean reward done: 5.96235990524292
Step: 3948544	Mean reward: 34.6875, 	Mean reward done: 5.320956230163574
Step: 3956736	Mean reward: 35.0, 	Mean reward done: 5.588198184967041
Step: 3964928	Mean reward: 32.5, 	Mean reward done: 5.628559112548828
Step: 3973120	Mean reward: 32.8125, 	Mean reward done: 5.363217353820801
Step: 3981312	Mean reward: 32.1875, 	Mean reward done: 5.467950344085693
Step: 3989504	Mean reward: 31.25, 	Mean reward done: 5.396546363830566
Step: 3997696	Mean reward: 36.5625, 	Mean reward done: 5.676326751708984
Step: 4005888	Mean reward: 35.625, 	Mean reward done: 5.719562530517578
Step: 4014080	Mean reward: 30.0, 	Mean reward done: 5.352800369262695
Step: 4022272	Mean reward: 28.75, 	Mean reward done: 5.002054214477539
Step: 4030464	Mean reward: 30.3125, 	Mean reward done: 4.858822345733643
Step: 4038656	Mean reward: 26.25, 	Mean reward done: 4.642458915710449
Step: 4046848	Mean reward: 33.4375, 	Mean reward done: 5.209116458892822
Step: 4055040	Mean reward: 34.375, 	Mean reward done: 5.3527631759643555
Step: 4063232	Mean reward: 37.1875, 	Mean reward done: 5.4149956703186035
Step: 4071424	Mean reward: 37.8125, 	Mean reward done: 5.920528888702393
Step: 4079616	Mean reward: 39.375, 	Mean reward done: 6.263636112213135
Step: 4087808	Mean reward: 30.9375, 	Mean reward done: 5.420564651489258
Step: 4096000	Mean reward: 33.75, 	Mean reward done: 5.492218017578125
Step: 4104192	Mean reward: 35.3125, 	Mean reward done: 5.459982395172119
Step: 4112384	Mean reward: 32.8125, 	Mean reward done: 5.256979465484619
Step: 4120576	Mean reward: 36.875, 	Mean reward done: 5.861812114715576
Step: 4128768	Mean reward: 40.9375, 	Mean reward done: 6.4217095375061035
Step: 4136960	Mean reward: 35.3125, 	Mean reward done: 5.854790210723877
Step: 4145152	Mean reward: 35.9375, 	Mean reward done: 6.113566875457764
Step: 4153344	Mean reward: 37.5, 	Mean reward done: 6.254652500152588
Step: 4161536	Mean reward: 36.5625, 	Mean reward done: 5.979874610900879
Step: 4169728	Mean reward: 39.0625, 	Mean reward done: 6.226768970489502
Step: 4177920	Mean reward: 36.5625, 	Mean reward done: 5.823876857757568
Step: 4186112	Mean reward: 33.75, 	Mean reward done: 5.649727821350098
Step: 4194304	Mean reward: 31.875, 	Mean reward done: 5.35013484954834
Step: 4202496	Mean reward: 34.0625, 	Mean reward done: 5.489720821380615
Step: 4210688	Mean reward: 31.5625, 	Mean reward done: 5.721130847930908
Step: 4218880	Mean reward: 35.9375, 	Mean reward done: 5.8111162185668945
Step: 4227072	Mean reward: 42.8125, 	Mean reward done: 6.685962200164795
Step: 4235264	Mean reward: 46.5625, 	Mean reward done: 6.5419087409973145
Step: 4243456	Mean reward: 45.0, 	Mean reward done: 7.01947021484375
Step: 4251648	Mean reward: 45.9375, 	Mean reward done: 6.836302280426025
Step: 4259840	Mean reward: 41.5625, 	Mean reward done: 6.423543930053711
Step: 4268032	Mean reward: 46.875, 	Mean reward done: 6.638650894165039
Step: 4276224	Mean reward: 37.5, 	Mean reward done: 6.616778373718262
Step: 4284416	Mean reward: 38.75, 	Mean reward done: 6.488473892211914
Step: 4292608	Mean reward: 42.8125, 	Mean reward done: 6.543627738952637
Step: 4300800	Mean reward: 43.4375, 	Mean reward done: 6.772024154663086
Step: 4308992	Mean reward: 42.1875, 	Mean reward done: 6.629870414733887
Step: 4317184	Mean reward: 38.125, 	Mean reward done: 6.467214107513428
Step: 4325376	Mean reward: 34.6875, 	Mean reward done: 6.057429313659668
Step: 4333568	Mean reward: 38.4375, 	Mean reward done: 6.074167251586914
Step: 4341760	Mean reward: 41.5625, 	Mean reward done: 5.915481090545654
Step: 4349952	Mean reward: 35.625, 	Mean reward done: 5.961590766906738
Step: 4358144	Mean reward: 33.4375, 	Mean reward done: 5.060141086578369
Step: 4366336	Mean reward: 41.875, 	Mean reward done: 6.225413799285889
Step: 4374528	Mean reward: 35.625, 	Mean reward done: 5.85911226272583
Step: 4382720	Mean reward: 36.875, 	Mean reward done: 5.602084159851074
Step: 4390912	Mean reward: 36.5625, 	Mean reward done: 5.733264923095703
Step: 4399104	Mean reward: 33.125, 	Mean reward done: 5.236196517944336
Step: 4407296	Mean reward: 40.3125, 	Mean reward done: 6.425936698913574
Step: 4415488	Mean reward: 31.5625, 	Mean reward done: 5.311877250671387
Step: 4423680	Mean reward: 30.3125, 	Mean reward done: 4.942896366119385
Step: 4431872	Mean reward: 38.125, 	Mean reward done: 5.826128005981445
Step: 4440064	Mean reward: 34.6875, 	Mean reward done: 5.756063461303711
Step: 4448256	Mean reward: 40.625, 	Mean reward done: 6.483170032501221
Step: 4456448	Mean reward: 44.6875, 	Mean reward done: 6.569406032562256
Step: 4464640	Mean reward: 35.3125, 	Mean reward done: 6.152719020843506
Step: 4472832	Mean reward: 41.25, 	Mean reward done: 6.538364887237549
Step: 4481024	Mean reward: 40.625, 	Mean reward done: 6.093461990356445
Step: 4489216	Mean reward: 43.4375, 	Mean reward done: 6.522565841674805
Step: 4497408	Mean reward: 36.25, 	Mean reward done: 5.810978412628174
Step: 4505600	Mean reward: 36.25, 	Mean reward done: 6.44297981262207
Step: 4513792	Mean reward: 40.0, 	Mean reward done: 6.272738933563232
Step: 4521984	Mean reward: 34.0625, 	Mean reward done: 6.018320560455322
Step: 4530176	Mean reward: 43.125, 	Mean reward done: 6.6967058181762695
Step: 4538368	Mean reward: 42.1875, 	Mean reward done: 6.4389495849609375
Step: 4546560	Mean reward: 45.9375, 	Mean reward done: 6.7049970626831055
Step: 4554752	Mean reward: 37.5, 	Mean reward done: 5.964974880218506
Step: 4562944	Mean reward: 42.8125, 	Mean reward done: 6.583639621734619
Step: 4571136	Mean reward: 40.0, 	Mean reward done: 6.312749862670898
Step: 4579328	Mean reward: 38.75, 	Mean reward done: 6.246140003204346
Step: 4587520	Mean reward: 35.0, 	Mean reward done: 5.83627986907959
Step: 4595712	Mean reward: 31.875, 	Mean reward done: 5.800649642944336
Step: 4603904	Mean reward: 38.125, 	Mean reward done: 6.137829303741455
Step: 4612096	Mean reward: 38.4375, 	Mean reward done: 5.9664306640625
Step: 4620288	Mean reward: 38.4375, 	Mean reward done: 5.765678405761719
Step: 4628480	Mean reward: 31.25, 	Mean reward done: 5.201925277709961
Step: 4636672	Mean reward: 34.0625, 	Mean reward done: 5.328857421875
Step: 4644864	Mean reward: 35.0, 	Mean reward done: 5.57841157913208
Step: 4653056	Mean reward: 42.8125, 	Mean reward done: 6.663458347320557
Step: 4661248	Mean reward: 34.6875, 	Mean reward done: 5.963354110717773
Step: 4669440	Mean reward: 40.9375, 	Mean reward done: 6.247178077697754
Step: 4677632	Mean reward: 36.25, 	Mean reward done: 5.644163131713867
Step: 4685824	Mean reward: 35.3125, 	Mean reward done: 5.6395978927612305
Step: 4694016	Mean reward: 34.6875, 	Mean reward done: 5.212119102478027
Step: 4702208	Mean reward: 31.5625, 	Mean reward done: 5.099730014801025
Step: 4710400	Mean reward: 34.375, 	Mean reward done: 5.491742134094238
Step: 4718592	Mean reward: 38.75, 	Mean reward done: 5.533552646636963
Step: 4726784	Mean reward: 34.0625, 	Mean reward done: 5.940624713897705
Step: 4734976	Mean reward: 34.0625, 	Mean reward done: 5.460381507873535
Step: 4743168	Mean reward: 32.8125, 	Mean reward done: 5.369258880615234
Step: 4751360	Mean reward: 30.0, 	Mean reward done: 4.97654390335083
Step: 4759552	Mean reward: 33.4375, 	Mean reward done: 4.969407081604004
Step: 4767744	Mean reward: 28.4375, 	Mean reward done: 4.651552677154541
Step: 4775936	Mean reward: 34.0625, 	Mean reward done: 5.485051155090332
Step: 4784128	Mean reward: 37.8125, 	Mean reward done: 5.22268009185791
Step: 4792320	Mean reward: 34.375, 	Mean reward done: 5.515254974365234
Step: 4800512	Mean reward: 36.875, 	Mean reward done: 5.771204948425293
Step: 4808704	Mean reward: 41.5625, 	Mean reward done: 6.02442741394043
Step: 4816896	Mean reward: 38.4375, 	Mean reward done: 5.772916793823242
Step: 4825088	Mean reward: 36.875, 	Mean reward done: 5.546128273010254
Step: 4833280	Mean reward: 25.625, 	Mean reward done: 4.320380210876465
Step: 4841472	Mean reward: 27.1875, 	Mean reward done: 4.400478363037109
Step: 4849664	Mean reward: 30.9375, 	Mean reward done: 4.858492851257324
Step: 4857856	Mean reward: 33.75, 	Mean reward done: 5.44514799118042
Step: 4866048	Mean reward: 42.8125, 	Mean reward done: 6.256586074829102
Step: 4874240	Mean reward: 40.3125, 	Mean reward done: 6.458440780639648
Step: 4882432	Mean reward: 38.4375, 	Mean reward done: 5.6619672775268555
Step: 4890624	Mean reward: 39.0625, 	Mean reward done: 6.101489067077637
Step: 4898816	Mean reward: 37.5, 	Mean reward done: 5.927258491516113
Step: 4907008	Mean reward: 34.0625, 	Mean reward done: 5.571478843688965
Step: 4915200	Mean reward: 35.9375, 	Mean reward done: 6.128072738647461
Step: 4923392	Mean reward: 40.0, 	Mean reward done: 6.2444562911987305
Step: 4931584	Mean reward: 40.0, 	Mean reward done: 5.991311550140381
Step: 4939776	Mean reward: 39.375, 	Mean reward done: 6.018871784210205
Step: 4947968	Mean reward: 33.4375, 	Mean reward done: 5.483922481536865
Step: 4956160	Mean reward: 33.75, 	Mean reward done: 5.919100761413574
Step: 4964352	Mean reward: 40.625, 	Mean reward done: 6.481273651123047
Step: 4972544	Mean reward: 37.1875, 	Mean reward done: 5.354149341583252
Step: 4980736	Mean reward: 40.9375, 	Mean reward done: 5.76939582824707
Step: 4988928	Mean reward: 40.625, 	Mean reward done: 6.297679901123047
Step: 4997120	Mean reward: 33.4375, 	Mean reward done: 5.546535968780518
Step: 5005312	Mean reward: 41.875, 	Mean reward done: 6.410630702972412
Step: 5013504	Mean reward: 38.75, 	Mean reward done: 5.655158519744873
Step: 5021696	Mean reward: 33.75, 	Mean reward done: 5.605429649353027
Step: 5029888	Mean reward: 35.3125, 	Mean reward done: 5.614336967468262
Step: 5038080	Mean reward: 38.75, 	Mean reward done: 6.251222610473633
Step: 5046272	Mean reward: 42.1875, 	Mean reward done: 6.105080604553223
Step: 5054464	Mean reward: 33.125, 	Mean reward done: 5.41750955581665
Step: 5062656	Mean reward: 36.25, 	Mean reward done: 5.558283805847168
Step: 5070848	Mean reward: 36.875, 	Mean reward done: 5.3280029296875
Step: 5079040	Mean reward: 34.375, 	Mean reward done: 5.547296047210693
Step: 5087232	Mean reward: 39.6875, 	Mean reward done: 6.15523624420166
Step: 5095424	Mean reward: 41.5625, 	Mean reward done: 5.934882640838623
Step: 5103616	Mean reward: 45.625, 	Mean reward done: 7.013620853424072
Step: 5111808	Mean reward: 43.125, 	Mean reward done: 6.3304443359375
Step: 5120000	Mean reward: 32.8125, 	Mean reward done: 5.332948684692383
Step: 5128192	Mean reward: 36.875, 	Mean reward done: 5.574872970581055
Step: 5136384	Mean reward: 30.9375, 	Mean reward done: 5.001224994659424
Step: 5144576	Mean reward: 41.5625, 	Mean reward done: 5.5540618896484375
Step: 5152768	Mean reward: 36.875, 	Mean reward done: 5.588225841522217
Step: 5160960	Mean reward: 31.5625, 	Mean reward done: 4.973108291625977
Step: 5169152	Mean reward: 38.125, 	Mean reward done: 5.6418609619140625
Step: 5177344	Mean reward: 38.125, 	Mean reward done: 5.856632709503174
Step: 5185536	Mean reward: 41.5625, 	Mean reward done: 6.112000942230225
Step: 5193728	Mean reward: 32.8125, 	Mean reward done: 5.417994976043701
Step: 5201920	Mean reward: 30.3125, 	Mean reward done: 4.789512634277344
Step: 5210112	Mean reward: 34.0625, 	Mean reward done: 4.880526542663574
Step: 5218304	Mean reward: 28.75, 	Mean reward done: 4.62244176864624
Step: 5226496	Mean reward: 35.625, 	Mean reward done: 5.387402057647705
Step: 5234688	Mean reward: 37.8125, 	Mean reward done: 5.195376873016357
Step: 5242880	Mean reward: 37.8125, 	Mean reward done: 5.528114318847656
Step: 5251072	Mean reward: 37.5, 	Mean reward done: 5.717220306396484
Step: 5259264	Mean reward: 34.6875, 	Mean reward done: 5.3115153312683105
Step: 5267456	Mean reward: 32.5, 	Mean reward done: 5.032752990722656
Step: 5275648	Mean reward: 35.3125, 	Mean reward done: 5.251293182373047
Step: 5283840	Mean reward: 32.8125, 	Mean reward done: 5.077813148498535
Step: 5292032	Mean reward: 35.9375, 	Mean reward done: 5.546913146972656
Step: 5300224	Mean reward: 36.5625, 	Mean reward done: 5.464092254638672
Step: 5308416	Mean reward: 36.5625, 	Mean reward done: 5.326830863952637
Step: 5316608	Mean reward: 37.1875, 	Mean reward done: 5.841551780700684
Step: 5324800	Mean reward: 40.3125, 	Mean reward done: 5.912596225738525
Step: 5332992	Mean reward: 40.625, 	Mean reward done: 5.889763832092285
Step: 5341184	Mean reward: 34.375, 	Mean reward done: 5.4549078941345215
Step: 5349376	Mean reward: 35.3125, 	Mean reward done: 5.7217912673950195
Step: 5357568	Mean reward: 40.625, 	Mean reward done: 5.892066478729248
Step: 5365760	Mean reward: 30.625, 	Mean reward done: 5.009925365447998
Step: 5373952	Mean reward: 29.375, 	Mean reward done: 4.953597545623779
Step: 5382144	Mean reward: 33.75, 	Mean reward done: 5.374215126037598
Step: 5390336	Mean reward: 35.3125, 	Mean reward done: 5.9180588722229
Step: 5398528	Mean reward: 30.625, 	Mean reward done: 5.34092903137207
Step: 5406720	Mean reward: 25.625, 	Mean reward done: 4.405244827270508
Step: 5414912	Mean reward: 21.25, 	Mean reward done: 3.486207962036133
Step: 5423104	Mean reward: 25.9375, 	Mean reward done: 4.11275577545166
Step: 5431296	Mean reward: 28.75, 	Mean reward done: 4.318932056427002
Step: 5439488	Mean reward: 32.5, 	Mean reward done: 5.073498249053955
Step: 5447680	Mean reward: 33.4375, 	Mean reward done: 5.038875579833984
Step: 5455872	Mean reward: 30.3125, 	Mean reward done: 4.821622848510742
Step: 5464064	Mean reward: 33.75, 	Mean reward done: 5.211261749267578
Step: 5472256	Mean reward: 33.75, 	Mean reward done: 5.371703624725342
Step: 5480448	Mean reward: 31.25, 	Mean reward done: 5.184491157531738
Step: 5488640	Mean reward: 27.1875, 	Mean reward done: 4.825290679931641
Step: 5496832	Mean reward: 30.625, 	Mean reward done: 4.563558101654053
Step: 5505024	Mean reward: 31.5625, 	Mean reward done: 5.029649257659912
Step: 5513216	Mean reward: 31.875, 	Mean reward done: 4.954522132873535
Step: 5521408	Mean reward: 25.625, 	Mean reward done: 4.727880477905273
Step: 5529600	Mean reward: 31.5625, 	Mean reward done: 5.169166564941406
Step: 5537792	Mean reward: 34.0625, 	Mean reward done: 5.5622968673706055
Step: 5545984	Mean reward: 30.625, 	Mean reward done: 5.201839923858643
Step: 5554176	Mean reward: 30.625, 	Mean reward done: 5.034214019775391
Step: 5562368	Mean reward: 38.125, 	Mean reward done: 6.0924482345581055
Step: 5570560	Mean reward: 38.125, 	Mean reward done: 5.636476993560791
Step: 5578752	Mean reward: 31.875, 	Mean reward done: 5.321685314178467
Step: 5586944	Mean reward: 38.4375, 	Mean reward done: 5.701671600341797
Step: 5595136	Mean reward: 38.4375, 	Mean reward done: 5.776721000671387
Step: 5603328	Mean reward: 41.25, 	Mean reward done: 6.347012519836426
Step: 5611520	Mean reward: 32.8125, 	Mean reward done: 5.622958183288574
Step: 5619712	Mean reward: 35.3125, 	Mean reward done: 5.63780403137207
Step: 5627904	Mean reward: 31.875, 	Mean reward done: 4.641382694244385
Step: 5636096	Mean reward: 36.5625, 	Mean reward done: 5.488720417022705
Step: 5644288	Mean reward: 36.5625, 	Mean reward done: 5.659685134887695
Step: 5652480	Mean reward: 32.8125, 	Mean reward done: 5.440777778625488
Step: 5660672	Mean reward: 35.625, 	Mean reward done: 5.72521448135376
Step: 5668864	Mean reward: 35.0, 	Mean reward done: 5.499292850494385
Step: 5677056	Mean reward: 30.0, 	Mean reward done: 5.062972545623779
Step: 5685248	Mean reward: 41.5625, 	Mean reward done: 5.9271416664123535
Step: 5693440	Mean reward: 38.4375, 	Mean reward done: 5.787890911102295
Step: 5701632	Mean reward: 40.0, 	Mean reward done: 6.190781116485596
Step: 5709824	Mean reward: 34.0625, 	Mean reward done: 5.460738182067871
Step: 5718016	Mean reward: 40.9375, 	Mean reward done: 5.5644049644470215
Step: 5726208	Mean reward: 37.5, 	Mean reward done: 5.800826072692871
Step: 5734400	Mean reward: 34.6875, 	Mean reward done: 5.764198303222656
Step: 5742592	Mean reward: 40.9375, 	Mean reward done: 5.869255065917969
Step: 5750784	Mean reward: 32.1875, 	Mean reward done: 5.403225898742676
Step: 5758976	Mean reward: 33.125, 	Mean reward done: 5.564884662628174
Step: 5767168	Mean reward: 30.3125, 	Mean reward done: 5.038277626037598
Step: 5775360	Mean reward: 27.1875, 	Mean reward done: 4.989147186279297
Step: 5783552	Mean reward: 31.5625, 	Mean reward done: 5.28981876373291
Step: 5791744	Mean reward: 31.5625, 	Mean reward done: 4.83281946182251
Step: 5799936	Mean reward: 35.0, 	Mean reward done: 5.201003074645996
Step: 5808128	Mean reward: 29.6875, 	Mean reward done: 4.636135101318359
Step: 5816320	Mean reward: 31.875, 	Mean reward done: 4.830470085144043
Step: 5824512	Mean reward: 30.625, 	Mean reward done: 4.893997669219971
Step: 5832704	Mean reward: 38.125, 	Mean reward done: 5.253778457641602
Step: 5840896	Mean reward: 35.3125, 	Mean reward done: 5.412429332733154
Step: 5849088	Mean reward: 35.625, 	Mean reward done: 5.331711292266846
Step: 5857280	Mean reward: 37.5, 	Mean reward done: 6.201938152313232
Step: 5865472	Mean reward: 40.3125, 	Mean reward done: 5.838027000427246
Step: 5873664	Mean reward: 33.4375, 	Mean reward done: 5.079028129577637
Step: 5881856	Mean reward: 28.4375, 	Mean reward done: 4.276875019073486
Step: 5890048	Mean reward: 32.1875, 	Mean reward done: 4.9367499351501465
Step: 5898240	Mean reward: 32.1875, 	Mean reward done: 5.1996355056762695
Step: 5906432	Mean reward: 38.4375, 	Mean reward done: 5.6464667320251465
Step: 5914624	Mean reward: 31.25, 	Mean reward done: 5.038151264190674
Step: 5922816	Mean reward: 30.625, 	Mean reward done: 4.911327838897705
Step: 5931008	Mean reward: 33.125, 	Mean reward done: 5.102258682250977
Step: 5939200	Mean reward: 33.75, 	Mean reward done: 4.960085868835449
Step: 5947392	Mean reward: 36.875, 	Mean reward done: 5.166665077209473
Step: 5955584	Mean reward: 28.75, 	Mean reward done: 5.023327350616455
Step: 5963776	Mean reward: 40.3125, 	Mean reward done: 5.95668363571167
Step: 5971968	Mean reward: 33.75, 	Mean reward done: 5.2382612228393555
Step: 5980160	Mean reward: 27.1875, 	Mean reward done: 4.097795009613037
Step: 5988352	Mean reward: 28.75, 	Mean reward done: 4.8845601081848145
Step: 5996544	Mean reward: 31.25, 	Mean reward done: 4.673263072967529
Step: 6004736	Mean reward: 30.3125, 	Mean reward done: 4.775273323059082
Step: 6012928	Mean reward: 30.9375, 	Mean reward done: 4.762577533721924
Step: 6021120	Mean reward: 29.0625, 	Mean reward done: 4.399482250213623
Step: 6029312	Mean reward: 29.0625, 	Mean reward done: 4.733219623565674
Step: 6037504	Mean reward: 36.5625, 	Mean reward done: 5.2809600830078125
Step: 6045696	Mean reward: 38.75, 	Mean reward done: 5.6615095138549805
Step: 6053888	Mean reward: 39.0625, 	Mean reward done: 5.820584774017334
Step: 6062080	Mean reward: 42.1875, 	Mean reward done: 6.213031768798828
Step: 6070272	Mean reward: 27.5, 	Mean reward done: 4.637458324432373
Step: 6078464	Mean reward: 24.375, 	Mean reward done: 3.97310209274292
Step: 6086656	Mean reward: 16.875, 	Mean reward done: 3.379838466644287
Step: 6094848	Mean reward: 20.3125, 	Mean reward done: 3.428858518600464
Step: 6103040	Mean reward: 35.625, 	Mean reward done: 5.224930763244629
Step: 6111232	Mean reward: 39.0625, 	Mean reward done: 6.097473621368408
Step: 6119424	Mean reward: 32.5, 	Mean reward done: 5.466055870056152
Step: 6127616	Mean reward: 31.5625, 	Mean reward done: 5.093447208404541
Step: 6135808	Mean reward: 28.75, 	Mean reward done: 4.707276821136475
Step: 6144000	Mean reward: 23.4375, 	Mean reward done: 3.9994537830352783
Step: 6152192	Mean reward: 34.6875, 	Mean reward done: 5.115101337432861
Step: 6160384	Mean reward: 38.75, 	Mean reward done: 5.682012557983398
Step: 6168576	Mean reward: 35.0, 	Mean reward done: 5.760786533355713
Step: 6176768	Mean reward: 42.1875, 	Mean reward done: 6.235799312591553
Step: 6184960	Mean reward: 36.25, 	Mean reward done: 5.555109977722168
Step: 6193152	Mean reward: 34.375, 	Mean reward done: 5.424286365509033
Step: 6201344	Mean reward: 35.625, 	Mean reward done: 5.643863677978516
Step: 6209536	Mean reward: 31.5625, 	Mean reward done: 5.213789939880371
Step: 6217728	Mean reward: 30.625, 	Mean reward done: 5.310792922973633
Step: 6225920	Mean reward: 34.6875, 	Mean reward done: 5.212596893310547
Step: 6234112	Mean reward: 30.9375, 	Mean reward done: 4.876047611236572
Step: 6242304	Mean reward: 30.3125, 	Mean reward done: 4.8033857345581055
Step: 6250496	Mean reward: 27.5, 	Mean reward done: 4.627996921539307
Step: 6258688	Mean reward: 26.5625, 	Mean reward done: 4.320520401000977
Step: 6266880	Mean reward: 31.25, 	Mean reward done: 4.893051624298096
Step: 6275072	Mean reward: 31.25, 	Mean reward done: 5.024691581726074
Step: 6283264	Mean reward: 38.75, 	Mean reward done: 5.764216423034668
Step: 6291456	Mean reward: 39.0625, 	Mean reward done: 6.298191547393799
Step: 6299648	Mean reward: 35.0, 	Mean reward done: 5.335795879364014
Step: 6307840	Mean reward: 35.3125, 	Mean reward done: 4.909504413604736
Step: 6316032	Mean reward: 31.875, 	Mean reward done: 5.020953178405762
Step: 6324224	Mean reward: 32.8125, 	Mean reward done: 5.3003458976745605
Step: 6332416	Mean reward: 35.9375, 	Mean reward done: 4.8427276611328125
Step: 6340608	Mean reward: 30.625, 	Mean reward done: 4.843637943267822
Step: 6348800	Mean reward: 36.5625, 	Mean reward done: 5.364661693572998
Step: 6356992	Mean reward: 37.8125, 	Mean reward done: 4.8653483390808105
Step: 6365184	Mean reward: 29.6875, 	Mean reward done: 4.4018402099609375
Step: 6373376	Mean reward: 26.25, 	Mean reward done: 4.371455669403076
Step: 6381568	Mean reward: 40.3125, 	Mean reward done: 5.670777797698975
Step: 6389760	Mean reward: 34.375, 	Mean reward done: 5.745852947235107
Step: 6397952	Mean reward: 35.0, 	Mean reward done: 5.348586559295654
Step: 6406144	Mean reward: 35.9375, 	Mean reward done: 5.809476375579834
Step: 6414336	Mean reward: 38.75, 	Mean reward done: 5.837585926055908
Step: 6422528	Mean reward: 26.5625, 	Mean reward done: 4.900375843048096
Step: 6430720	Mean reward: 30.9375, 	Mean reward done: 4.542937755584717
Step: 6438912	Mean reward: 31.875, 	Mean reward done: 4.8351054191589355
Step: 6447104	Mean reward: 36.25, 	Mean reward done: 5.2966814041137695
Step: 6455296	Mean reward: 27.8125, 	Mean reward done: 5.084377765655518
Step: 6463488	Mean reward: 31.5625, 	Mean reward done: 4.9595723152160645
Step: 6471680	Mean reward: 28.4375, 	Mean reward done: 4.42980432510376
Step: 6479872	Mean reward: 30.9375, 	Mean reward done: 4.893498420715332
Step: 6488064	Mean reward: 28.75, 	Mean reward done: 5.188037395477295
Step: 6496256	Mean reward: 30.0, 	Mean reward done: 5.28872013092041
Step: 6504448	Mean reward: 31.875, 	Mean reward done: 4.947662830352783
Step: 6512640	Mean reward: 31.5625, 	Mean reward done: 4.891862869262695
Step: 6520832	Mean reward: 28.75, 	Mean reward done: 4.812893867492676
Step: 6529024	Mean reward: 33.4375, 	Mean reward done: 5.359748840332031
Step: 6537216	Mean reward: 30.3125, 	Mean reward done: 4.642935276031494
Step: 6545408	Mean reward: 30.0, 	Mean reward done: 4.903759002685547
Step: 6553600	Mean reward: 29.0625, 	Mean reward done: 4.495244026184082
Step: 6561792	Mean reward: 36.5625, 	Mean reward done: 5.197862148284912
Step: 6569984	Mean reward: 36.5625, 	Mean reward done: 5.25418758392334
Step: 6578176	Mean reward: 39.6875, 	Mean reward done: 6.081363677978516
Step: 6586368	Mean reward: 35.625, 	Mean reward done: 5.240460395812988
Step: 6594560	Mean reward: 36.5625, 	Mean reward done: 5.166242599487305
Step: 6602752	Mean reward: 28.75, 	Mean reward done: 4.7828826904296875
Step: 6610944	Mean reward: 43.4375, 	Mean reward done: 6.279990196228027
Step: 6619136	Mean reward: 35.0, 	Mean reward done: 5.386483192443848
Step: 6627328	Mean reward: 33.4375, 	Mean reward done: 5.597665786743164
Step: 6635520	Mean reward: 32.8125, 	Mean reward done: 5.376131057739258
Step: 6643712	Mean reward: 40.0, 	Mean reward done: 5.690275192260742
Step: 6651904	Mean reward: 30.625, 	Mean reward done: 5.042273998260498
Step: 6660096	Mean reward: 34.0625, 	Mean reward done: 5.326870918273926
Step: 6668288	Mean reward: 34.375, 	Mean reward done: 5.054530620574951
Step: 6676480	Mean reward: 33.125, 	Mean reward done: 5.092104911804199
Step: 6684672	Mean reward: 30.0, 	Mean reward done: 4.979776859283447
Step: 6692864	Mean reward: 38.125, 	Mean reward done: 5.7660980224609375
Step: 6701056	Mean reward: 30.3125, 	Mean reward done: 5.080714225769043
Step: 6709248	Mean reward: 32.5, 	Mean reward done: 4.936760902404785
Step: 6717440	Mean reward: 30.0, 	Mean reward done: 4.600458145141602
Step: 6725632	Mean reward: 33.4375, 	Mean reward done: 5.05322790145874
Step: 6733824	Mean reward: 34.0625, 	Mean reward done: 4.973166465759277
Step: 6742016	Mean reward: 36.875, 	Mean reward done: 5.838512897491455
Step: 6750208	Mean reward: 30.0, 	Mean reward done: 5.050248146057129
Step: 6758400	Mean reward: 32.8125, 	Mean reward done: 5.074276447296143
Step: 6766592	Mean reward: 26.5625, 	Mean reward done: 4.656161308288574
Step: 6774784	Mean reward: 28.125, 	Mean reward done: 4.954638957977295
Step: 6782976	Mean reward: 25.625, 	Mean reward done: 4.972169876098633
Step: 6791168	Mean reward: 34.0625, 	Mean reward done: 5.191781997680664
Step: 6799360	Mean reward: 40.0, 	Mean reward done: 5.937572956085205
Step: 6807552	Mean reward: 41.875, 	Mean reward done: 5.867955684661865
Step: 6815744	Mean reward: 40.625, 	Mean reward done: 5.755096435546875
Step: 6823936	Mean reward: 37.5, 	Mean reward done: 5.809441566467285
Step: 6832128	Mean reward: 38.4375, 	Mean reward done: 5.777153015136719
Step: 6840320	Mean reward: 34.375, 	Mean reward done: 5.381209850311279
Step: 6848512	Mean reward: 35.625, 	Mean reward done: 5.827394008636475
Step: 6856704	Mean reward: 29.6875, 	Mean reward done: 5.056026458740234
Step: 6864896	Mean reward: 33.4375, 	Mean reward done: 5.76210880279541
Step: 6873088	Mean reward: 31.875, 	Mean reward done: 5.746176719665527
Step: 6881280	Mean reward: 43.4375, 	Mean reward done: 6.154891014099121
Step: 6889472	Mean reward: 37.8125, 	Mean reward done: 6.223321914672852
Step: 6897664	Mean reward: 32.1875, 	Mean reward done: 4.862411975860596
Step: 6905856	Mean reward: 38.75, 	Mean reward done: 5.707457065582275
Step: 6914048	Mean reward: 34.375, 	Mean reward done: 5.413864612579346
Step: 6922240	Mean reward: 33.75, 	Mean reward done: 5.515773296356201
Step: 6930432	Mean reward: 40.3125, 	Mean reward done: 5.619394779205322
Step: 6938624	Mean reward: 41.25, 	Mean reward done: 5.533534049987793
Step: 6946816	Mean reward: 32.5, 	Mean reward done: 5.571251392364502
Step: 6955008	Mean reward: 39.0625, 	Mean reward done: 5.921479225158691
Step: 6963200	Mean reward: 40.0, 	Mean reward done: 6.093318939208984
Step: 6971392	Mean reward: 36.5625, 	Mean reward done: 5.658102035522461
Step: 6979584	Mean reward: 35.9375, 	Mean reward done: 5.3953070640563965
Step: 6987776	Mean reward: 35.3125, 	Mean reward done: 5.344161510467529
Step: 6995968	Mean reward: 33.75, 	Mean reward done: 5.483096599578857
Step: 7004160	Mean reward: 36.25, 	Mean reward done: 5.77680778503418
Step: 7012352	Mean reward: 37.8125, 	Mean reward done: 5.904206275939941
Step: 7020544	Mean reward: 37.1875, 	Mean reward done: 6.058167457580566
Step: 7028736	Mean reward: 36.5625, 	Mean reward done: 5.498804092407227
Step: 7036928	Mean reward: 31.875, 	Mean reward done: 4.939315319061279
Step: 7045120	Mean reward: 29.6875, 	Mean reward done: 4.884082794189453
Step: 7053312	Mean reward: 28.75, 	Mean reward done: 4.863003253936768
Step: 7061504	Mean reward: 33.125, 	Mean reward done: 5.314205169677734
Step: 7069696	Mean reward: 32.1875, 	Mean reward done: 5.066422462463379
Step: 7077888	Mean reward: 36.875, 	Mean reward done: 5.304605960845947
Step: 7086080	Mean reward: 34.6875, 	Mean reward done: 5.4616193771362305
Step: 7094272	Mean reward: 37.5, 	Mean reward done: 5.365211486816406
Step: 7102464	Mean reward: 38.75, 	Mean reward done: 5.531529426574707
Step: 7110656	Mean reward: 30.0, 	Mean reward done: 4.817678928375244
Step: 7118848	Mean reward: 21.875, 	Mean reward done: 3.615238904953003
Step: 7127040	Mean reward: 28.4375, 	Mean reward done: 4.280648708343506
Step: 7135232	Mean reward: 30.3125, 	Mean reward done: 5.1449875831604
Step: 7143424	Mean reward: 30.625, 	Mean reward done: 4.884050369262695
Step: 7151616	Mean reward: 42.5, 	Mean reward done: 5.28865909576416
Step: 7159808	Mean reward: 27.1875, 	Mean reward done: 4.370861530303955
Step: 7168000	Mean reward: 25.0, 	Mean reward done: 4.2021708488464355
Step: 7176192	Mean reward: 22.8125, 	Mean reward done: 4.000738620758057
Step: 7184384	Mean reward: 26.875, 	Mean reward done: 3.9928903579711914
Step: 7192576	Mean reward: 28.75, 	Mean reward done: 4.870930194854736
Step: 7200768	Mean reward: 30.0, 	Mean reward done: 4.417535305023193
Step: 7208960	Mean reward: 30.9375, 	Mean reward done: 5.182663440704346
Step: 7217152	Mean reward: 35.3125, 	Mean reward done: 4.946294784545898
Step: 7225344	Mean reward: 29.375, 	Mean reward done: 4.475470066070557
Step: 7233536	Mean reward: 25.0, 	Mean reward done: 4.14079475402832
Step: 7241728	Mean reward: 32.1875, 	Mean reward done: 4.9590229988098145
Step: 7249920	Mean reward: 33.125, 	Mean reward done: 5.125332355499268
Step: 7258112	Mean reward: 31.5625, 	Mean reward done: 5.125512599945068
Step: 7266304	Mean reward: 37.5, 	Mean reward done: 5.377909183502197
Step: 7274496	Mean reward: 31.875, 	Mean reward done: 4.601772785186768
Step: 7282688	Mean reward: 25.9375, 	Mean reward done: 4.197937488555908
Step: 7290880	Mean reward: 33.125, 	Mean reward done: 5.043644428253174
Step: 7299072	Mean reward: 24.0625, 	Mean reward done: 4.2287068367004395
Step: 7307264	Mean reward: 32.8125, 	Mean reward done: 5.212799072265625
Step: 7315456	Mean reward: 34.375, 	Mean reward done: 5.2123308181762695
Step: 7323648	Mean reward: 35.0, 	Mean reward done: 4.943478107452393
Step: 7331840	Mean reward: 31.25, 	Mean reward done: 5.011699676513672
Step: 7340032	Mean reward: 24.375, 	Mean reward done: 4.242718696594238
Step: 7348224	Mean reward: 37.1875, 	Mean reward done: 5.363271236419678
Step: 7356416	Mean reward: 30.0, 	Mean reward done: 5.084600925445557
Step: 7364608	Mean reward: 29.6875, 	Mean reward done: 4.777669906616211
Step: 7372800	Mean reward: 32.8125, 	Mean reward done: 5.073970317840576
Step: 7380992	Mean reward: 29.375, 	Mean reward done: 4.589198112487793
Step: 7389184	Mean reward: 29.375, 	Mean reward done: 4.595460891723633
Step: 7397376	Mean reward: 26.5625, 	Mean reward done: 4.396814346313477
Step: 7405568	Mean reward: 25.625, 	Mean reward done: 4.217862129211426
Step: 7413760	Mean reward: 31.25, 	Mean reward done: 5.277263164520264
Step: 7421952	Mean reward: 45.625, 	Mean reward done: 6.371760845184326
Step: 7430144	Mean reward: 39.375, 	Mean reward done: 6.210237503051758
Step: 7438336	Mean reward: 38.75, 	Mean reward done: 5.973923683166504
Step: 7446528	Mean reward: 32.1875, 	Mean reward done: 5.104813098907471
Step: 7454720	Mean reward: 38.75, 	Mean reward done: 5.935664653778076
Step: 7462912	Mean reward: 35.9375, 	Mean reward done: 5.831186294555664
Step: 7471104	Mean reward: 41.25, 	Mean reward done: 6.008658409118652
Step: 7479296	Mean reward: 36.5625, 	Mean reward done: 5.59304141998291
Step: 7487488	Mean reward: 34.6875, 	Mean reward done: 5.4559645652771
Step: 7495680	Mean reward: 38.125, 	Mean reward done: 5.858195781707764
Step: 7503872	Mean reward: 37.5, 	Mean reward done: 5.8831892013549805
Step: 7512064	Mean reward: 35.9375, 	Mean reward done: 5.6792802810668945
Step: 7520256	Mean reward: 36.5625, 	Mean reward done: 6.083122253417969
Step: 7528448	Mean reward: 46.875, 	Mean reward done: 6.641402244567871
Step: 7536640	Mean reward: 38.4375, 	Mean reward done: 5.835218906402588
Step: 7544832	Mean reward: 39.0625, 	Mean reward done: 5.791861534118652
Step: 7553024	Mean reward: 42.1875, 	Mean reward done: 6.166018009185791
Step: 7561216	Mean reward: 39.0625, 	Mean reward done: 5.910679817199707
Step: 7569408	Mean reward: 35.0, 	Mean reward done: 5.712089538574219
Step: 7577600	Mean reward: 35.9375, 	Mean reward done: 5.603383541107178
Step: 7585792	Mean reward: 37.1875, 	Mean reward done: 5.956332206726074
Step: 7593984	Mean reward: 36.5625, 	Mean reward done: 5.595694065093994
Step: 7602176	Mean reward: 36.25, 	Mean reward done: 5.931840896606445
Step: 7610368	Mean reward: 40.0, 	Mean reward done: 5.9365363121032715
Step: 7618560	Mean reward: 42.5, 	Mean reward done: 5.885214328765869
Step: 7626752	Mean reward: 39.6875, 	Mean reward done: 6.0324273109436035
Step: 7634944	Mean reward: 38.4375, 	Mean reward done: 5.82206392288208
Step: 7643136	Mean reward: 37.8125, 	Mean reward done: 5.542740821838379
Step: 7651328	Mean reward: 40.0, 	Mean reward done: 5.898955821990967
Step: 7659520	Mean reward: 34.375, 	Mean reward done: 5.017453193664551
Step: 7667712	Mean reward: 43.125, 	Mean reward done: 6.043035984039307
Step: 7675904	Mean reward: 37.5, 	Mean reward done: 6.2541422843933105
Step: 7684096	Mean reward: 34.0625, 	Mean reward done: 5.413630485534668
Step: 7692288	Mean reward: 34.0625, 	Mean reward done: 5.382841110229492
Step: 7700480	Mean reward: 33.75, 	Mean reward done: 5.0325236320495605
Step: 7708672	Mean reward: 31.875, 	Mean reward done: 5.028424263000488
Step: 7716864	Mean reward: 37.1875, 	Mean reward done: 5.392117023468018
Step: 7725056	Mean reward: 38.4375, 	Mean reward done: 5.551235675811768
Step: 7733248	Mean reward: 31.25, 	Mean reward done: 4.9627461433410645
Step: 7741440	Mean reward: 29.375, 	Mean reward done: 4.709585189819336
Step: 7749632	Mean reward: 31.25, 	Mean reward done: 4.679455280303955
Step: 7757824	Mean reward: 34.0625, 	Mean reward done: 5.412497043609619
Step: 7766016	Mean reward: 37.8125, 	Mean reward done: 5.467073440551758
Step: 7774208	Mean reward: 34.0625, 	Mean reward done: 5.483476638793945
Step: 7782400	Mean reward: 36.25, 	Mean reward done: 4.99747896194458
Step: 7790592	Mean reward: 26.5625, 	Mean reward done: 4.471104145050049
Step: 7798784	Mean reward: 34.6875, 	Mean reward done: 5.198756694793701
Step: 7806976	Mean reward: 33.75, 	Mean reward done: 5.472314357757568
Step: 7815168	Mean reward: 33.75, 	Mean reward done: 4.823490142822266
Step: 7823360	Mean reward: 36.5625, 	Mean reward done: 5.134031772613525
Step: 7831552	Mean reward: 29.6875, 	Mean reward done: 4.474132061004639
Step: 7839744	Mean reward: 33.125, 	Mean reward done: 5.232102870941162
Step: 7847936	Mean reward: 38.75, 	Mean reward done: 5.595911026000977
Step: 7856128	Mean reward: 35.9375, 	Mean reward done: 5.8582539558410645
Step: 7864320	Mean reward: 48.125, 	Mean reward done: 6.735827922821045
Step: 7872512	Mean reward: 30.625, 	Mean reward done: 4.925049304962158
Step: 7880704	Mean reward: 31.25, 	Mean reward done: 4.873422145843506
Step: 7888896	Mean reward: 37.5, 	Mean reward done: 5.761452674865723
Step: 7897088	Mean reward: 34.6875, 	Mean reward done: 5.340726852416992
Step: 7905280	Mean reward: 37.8125, 	Mean reward done: 5.695850372314453
Step: 7913472	Mean reward: 39.0625, 	Mean reward done: 6.154725074768066
Step: 7921664	Mean reward: 37.8125, 	Mean reward done: 6.0490288734436035
Step: 7929856	Mean reward: 42.8125, 	Mean reward done: 6.316644191741943
Step: 7938048	Mean reward: 40.3125, 	Mean reward done: 5.69083309173584
Step: 7946240	Mean reward: 41.25, 	Mean reward done: 5.701922416687012
Step: 7954432	Mean reward: 40.9375, 	Mean reward done: 5.959368705749512
Step: 7962624	Mean reward: 36.5625, 	Mean reward done: 5.22586727142334
Step: 7970816	Mean reward: 34.0625, 	Mean reward done: 5.2326979637146
Step: 7979008	Mean reward: 38.75, 	Mean reward done: 5.606060028076172
Step: 7987200	Mean reward: 42.5, 	Mean reward done: 6.1683878898620605
Step: 7995392	Mean reward: 50.0, 	Mean reward done: 6.749993801116943
Step: 8003584	Mean reward: 39.0625, 	Mean reward done: 5.86229944229126
Completed training of sd_i_mx_cr!

------------------------------------------------------------
Sender: LSF System <lsfadmin@n-62-20-16>
Subject: Job 8473441: <sd_i_mx_cr> in cluster <dcc> Done

Job <sd_i_mx_cr> was submitted from host <n-62-30-4> by user <s192288> in cluster <dcc> at Thu Dec  3 20:31:41 2020
Job was executed on host(s) <n-62-20-16>, in queue <gpuv100>, as user <s192288> in cluster <dcc> at Fri Dec  4 01:44:24 2020
</zhome/09/9/144141> was used as the home directory.
</zhome/09/9/144141/Desktop/Deep_l_hpc> was used as the working directory.
Started at Fri Dec  4 01:44:24 2020
Terminated at Fri Dec  4 17:01:29 2020
Results reported at Fri Dec  4 17:01:29 2020

Your job looked like:

------------------------------------------------------------
# LSBATCH: User input
#!/bin/sh

#BSUB -J sd_i_mx_cr

#BSUB -q gpuv100

#BSUB -gpu "num=1"

#BSUB -n 1

#BSUB -W 23:45

#BSUB -R "rusage[mem=16GB]"

#BSUB -o sd_i_mx_cr.out

#BSUB -e sd_i_mx_cr.err

# Load modules

module load python3/3.8.2
module load cuda/8.0
module load cudnn/v7.0-prod-cuda8
module load ffmpeg/4.2.2
pip3 install --user torch matplotlib procgen gym 

# 1 = model_name, 2 = encoder_index, 3 = aug_index, 4 = mix_reg, 5 = game
#the name of the run
#encoder_index 0 = Impala, 1 = Nature  
#aug_index: 0 = None, 1 = grayscale, 2 = random_cutout, 3 = color_jitter
#mixreg: 0 = False, 1 = True 
#type of game

python3 train_ppo.py sd_i_mx_cr 0 0 1 coinrun 



------------------------------------------------------------

Successfully completed.

Resource usage summary:

    CPU time :                                   54760.79 sec.
    Max Memory :                                 9100 MB
    Average Memory :                             9076.74 MB
    Total Requested Memory :                     16384.00 MB
    Delta Memory :                               7284.00 MB
    Max Swap :                                   -
    Max Processes :                              4
    Max Threads :                                13
    Run time :                                   55028 sec.
    Turnaround time :                            73788 sec.

The output (if any) is above this job summary.



PS:

Read file <sd_i_mx_cr.err> for stderr output of this job.

