Requirement already satisfied: torch in /zhome/09/9/144141/.local/lib/python3.8/site-packages (1.7.0)
Requirement already satisfied: matplotlib in /zhome/09/9/144141/.local/lib/python3.8/site-packages (3.3.3)
Requirement already satisfied: procgen in /zhome/09/9/144141/.local/lib/python3.8/site-packages (0.10.4)
Requirement already satisfied: gym in /zhome/09/9/144141/.local/lib/python3.8/site-packages (0.17.3)
Requirement already satisfied: numpy in /zhome/09/9/144141/.local/lib/python3.8/site-packages (from torch) (1.19.4)
Requirement already satisfied: dataclasses in /zhome/09/9/144141/.local/lib/python3.8/site-packages (from torch) (0.6)
Requirement already satisfied: future in /zhome/09/9/144141/.local/lib/python3.8/site-packages (from torch) (0.18.2)
Requirement already satisfied: typing-extensions in /zhome/09/9/144141/.local/lib/python3.8/site-packages (from torch) (3.7.4.3)
Requirement already satisfied: pyparsing!=2.0.4,!=2.1.2,!=2.1.6,>=2.0.3 in /zhome/09/9/144141/.local/lib/python3.8/site-packages (from matplotlib) (2.4.7)
Requirement already satisfied: python-dateutil>=2.1 in /zhome/09/9/144141/.local/lib/python3.8/site-packages (from matplotlib) (2.8.1)
Requirement already satisfied: pillow>=6.2.0 in /zhome/09/9/144141/.local/lib/python3.8/site-packages (from matplotlib) (8.0.1)
Requirement already satisfied: cycler>=0.10 in /zhome/09/9/144141/.local/lib/python3.8/site-packages (from matplotlib) (0.10.0)
Requirement already satisfied: kiwisolver>=1.0.1 in /zhome/09/9/144141/.local/lib/python3.8/site-packages (from matplotlib) (1.3.1)
Requirement already satisfied: filelock<4.0.0,>=3.0.0 in /zhome/09/9/144141/.local/lib/python3.8/site-packages (from procgen) (3.0.12)
Requirement already satisfied: gym3<1.0.0,>=0.3.3 in /zhome/09/9/144141/.local/lib/python3.8/site-packages (from procgen) (0.3.3)
Requirement already satisfied: scipy in /zhome/09/9/144141/.local/lib/python3.8/site-packages (from gym) (1.5.4)
Requirement already satisfied: pyglet<=1.5.0,>=1.4.0 in /zhome/09/9/144141/.local/lib/python3.8/site-packages (from gym) (1.5.0)
Requirement already satisfied: cloudpickle<1.7.0,>=1.2.0 in /zhome/09/9/144141/.local/lib/python3.8/site-packages (from gym) (1.6.0)
Requirement already satisfied: six>=1.5 in /zhome/09/9/144141/.local/lib/python3.8/site-packages (from python-dateutil>=2.1->matplotlib) (1.15.0)
Requirement already satisfied: moderngl<6.0.0,>=5.5.4 in /zhome/09/9/144141/.local/lib/python3.8/site-packages (from gym3<1.0.0,>=0.3.3->procgen) (5.6.2)
Requirement already satisfied: imageio-ffmpeg<0.4.0,>=0.3.0 in /zhome/09/9/144141/.local/lib/python3.8/site-packages (from gym3<1.0.0,>=0.3.3->procgen) (0.3.0)
Requirement already satisfied: cffi<2.0.0,>=1.13.0 in /zhome/09/9/144141/.local/lib/python3.8/site-packages (from gym3<1.0.0,>=0.3.3->procgen) (1.14.4)
Requirement already satisfied: imageio<3.0.0,>=2.6.0 in /zhome/09/9/144141/.local/lib/python3.8/site-packages (from gym3<1.0.0,>=0.3.3->procgen) (2.9.0)
Requirement already satisfied: glfw<2.0.0,>=1.8.6 in /zhome/09/9/144141/.local/lib/python3.8/site-packages (from gym3<1.0.0,>=0.3.3->procgen) (1.12.0)
Requirement already satisfied: glcontext<3,>=2 in /zhome/09/9/144141/.local/lib/python3.8/site-packages (from moderngl<6.0.0,>=5.5.4->gym3<1.0.0,>=0.3.3->procgen) (2.2.0)
Requirement already satisfied: pycparser in /zhome/09/9/144141/.local/lib/python3.8/site-packages (from cffi<2.0.0,>=1.13.0->gym3<1.0.0,>=0.3.3->procgen) (2.20)
Run name sd_n_mx_cr
Encoder used Nature
Augumentation used none
Mixreg? True
Game coinrun
Observation space: Box(0.0, 1.0, (3, 64, 64), float32)
Action space: 15
Embrace Nature!
Step: 8192	Mean reward: 0.625, 	Mean reward done: 0.3125
Estimated time of completion: 10.055417143222359 hours
Step: 16384	Mean reward: 2.1875, 	Mean reward done: 1.09375
Step: 24576	Mean reward: 0.625, 	Mean reward done: 0.3125
Step: 32768	Mean reward: 0.3125, 	Mean reward done: 0.15625
Step: 40960	Mean reward: 0.625, 	Mean reward done: 0.3125
Step: 49152	Mean reward: 1.875, 	Mean reward done: 0.9375
Step: 57344	Mean reward: 2.5, 	Mean reward done: 1.1458332538604736
Step: 65536	Mean reward: 2.5, 	Mean reward done: 1.25
Step: 73728	Mean reward: 4.375, 	Mean reward done: 1.875
Step: 81920	Mean reward: 1.875, 	Mean reward done: 0.9375
Step: 90112	Mean reward: 4.375, 	Mean reward done: 1.9791666269302368
Step: 98304	Mean reward: 3.75, 	Mean reward done: 1.5364583730697632
Step: 106496	Mean reward: 2.5, 	Mean reward done: 1.1979166269302368
Step: 114688	Mean reward: 5.3125, 	Mean reward done: 1.9791667461395264
Step: 122880	Mean reward: 5.625, 	Mean reward done: 2.4479165077209473
Step: 131072	Mean reward: 7.8125, 	Mean reward done: 2.7864582538604736
Step: 139264	Mean reward: 8.4375, 	Mean reward done: 3.1770832538604736
Step: 147456	Mean reward: 9.0625, 	Mean reward done: 2.8177084922790527
Step: 155648	Mean reward: 9.6875, 	Mean reward done: 2.781249761581421
Step: 163840	Mean reward: 12.1875, 	Mean reward done: 3.593750238418579
Step: 172032	Mean reward: 17.5, 	Mean reward done: 4.390624523162842
Step: 180224	Mean reward: 16.875, 	Mean reward done: 4.3697919845581055
Step: 188416	Mean reward: 15.9375, 	Mean reward done: 4.0416669845581055
Step: 196608	Mean reward: 23.125, 	Mean reward done: 4.827381134033203
Step: 204800	Mean reward: 23.75, 	Mean reward done: 5.130208969116211
Step: 212992	Mean reward: 24.375, 	Mean reward done: 5.205729007720947
Step: 221184	Mean reward: 18.75, 	Mean reward done: 3.9698662757873535
Step: 229376	Mean reward: 22.1875, 	Mean reward done: 4.395089626312256
Step: 237568	Mean reward: 25.0, 	Mean reward done: 5.051339626312256
Step: 245760	Mean reward: 19.0625, 	Mean reward done: 4.264881134033203
Step: 253952	Mean reward: 20.9375, 	Mean reward done: 4.453125476837158
Step: 262144	Mean reward: 25.0, 	Mean reward done: 5.479910850524902
Step: 270336	Mean reward: 17.8125, 	Mean reward done: 4.109375476837158
Step: 278528	Mean reward: 17.5, 	Mean reward done: 3.9962799549102783
Step: 286720	Mean reward: 20.9375, 	Mean reward done: 4.430803298950195
Step: 294912	Mean reward: 21.875, 	Mean reward done: 4.5520830154418945
Step: 303104	Mean reward: 19.375, 	Mean reward done: 4.460565567016602
Step: 311296	Mean reward: 16.875, 	Mean reward done: 4.265625
Step: 319488	Mean reward: 20.9375, 	Mean reward done: 4.442708492279053
Step: 327680	Mean reward: 20.9375, 	Mean reward done: 4.472470283508301
Step: 335872	Mean reward: 23.75, 	Mean reward done: 4.588913440704346
Step: 344064	Mean reward: 20.0, 	Mean reward done: 4.738095283508301
Step: 352256	Mean reward: 18.4375, 	Mean reward done: 4.229166507720947
Step: 360448	Mean reward: 24.6875, 	Mean reward done: 4.952876567840576
Step: 368640	Mean reward: 25.3125, 	Mean reward done: 5.035465717315674
Step: 376832	Mean reward: 22.1875, 	Mean reward done: 4.4464287757873535
Step: 385024	Mean reward: 17.1875, 	Mean reward done: 3.904762029647827
Step: 393216	Mean reward: 21.5625, 	Mean reward done: 4.63467264175415
Step: 401408	Mean reward: 20.9375, 	Mean reward done: 4.798363208770752
Step: 409600	Mean reward: 23.4375, 	Mean reward done: 4.95461368560791
Step: 417792	Mean reward: 24.0625, 	Mean reward done: 4.952381134033203
Step: 425984	Mean reward: 19.6875, 	Mean reward done: 4.189732074737549
Step: 434176	Mean reward: 19.375, 	Mean reward done: 4.453868865966797
Step: 442368	Mean reward: 17.5, 	Mean reward done: 3.9449408054351807
Step: 450560	Mean reward: 18.4375, 	Mean reward done: 4.140625476837158
Step: 458752	Mean reward: 21.5625, 	Mean reward done: 4.641369342803955
Step: 466944	Mean reward: 20.9375, 	Mean reward done: 4.572172164916992
Step: 475136	Mean reward: 20.0, 	Mean reward done: 4.4010419845581055
Step: 483328	Mean reward: 20.0, 	Mean reward done: 4.313987731933594
Step: 491520	Mean reward: 15.3125, 	Mean reward done: 3.7566964626312256
Step: 499712	Mean reward: 19.6875, 	Mean reward done: 4.505952835083008
Step: 507904	Mean reward: 18.125, 	Mean reward done: 4.177083492279053
Step: 516096	Mean reward: 23.4375, 	Mean reward done: 5.0342254638671875
Step: 524288	Mean reward: 22.8125, 	Mean reward done: 4.5859375
Step: 532480	Mean reward: 21.5625, 	Mean reward done: 4.493675231933594
Step: 540672	Mean reward: 21.25, 	Mean reward done: 4.435267925262451
Step: 548864	Mean reward: 19.0625, 	Mean reward done: 4.264136791229248
Step: 557056	Mean reward: 29.375, 	Mean reward done: 5.694940567016602
Step: 565248	Mean reward: 27.1875, 	Mean reward done: 5.01599645614624
Step: 573440	Mean reward: 23.75, 	Mean reward done: 4.939732074737549
Step: 581632	Mean reward: 19.6875, 	Mean reward done: 4.35342264175415
Step: 589824	Mean reward: 22.5, 	Mean reward done: 4.35342264175415
Step: 598016	Mean reward: 13.4375, 	Mean reward done: 3.5989580154418945
Step: 606208	Mean reward: 18.4375, 	Mean reward done: 4.75
Step: 614400	Mean reward: 17.1875, 	Mean reward done: 4.198660850524902
Step: 622592	Mean reward: 19.0625, 	Mean reward done: 4.322916507720947
Step: 630784	Mean reward: 17.1875, 	Mean reward done: 3.8816967010498047
Step: 638976	Mean reward: 20.0, 	Mean reward done: 4.363094806671143
Step: 647168	Mean reward: 22.8125, 	Mean reward done: 4.79092264175415
Step: 655360	Mean reward: 21.875, 	Mean reward done: 4.8952131271362305
Step: 663552	Mean reward: 26.875, 	Mean reward done: 5.126115798950195
Step: 671744	Mean reward: 24.6875, 	Mean reward done: 4.857887268066406
Step: 679936	Mean reward: 30.0, 	Mean reward done: 5.074032783508301
Step: 688128	Mean reward: 27.5, 	Mean reward done: 4.985862731933594
Step: 696320	Mean reward: 19.0625, 	Mean reward done: 4.34375
Step: 704512	Mean reward: 25.9375, 	Mean reward done: 5.135416507720947
Step: 712704	Mean reward: 22.8125, 	Mean reward done: 4.53720235824585
Step: 720896	Mean reward: 24.6875, 	Mean reward done: 5.08779764175415
Step: 729088	Mean reward: 26.5625, 	Mean reward done: 5.401041507720947
Step: 737280	Mean reward: 30.0, 	Mean reward done: 5.775298118591309
Step: 745472	Mean reward: 22.8125, 	Mean reward done: 4.902529716491699
Step: 753664	Mean reward: 20.625, 	Mean reward done: 4.305059909820557
Step: 761856	Mean reward: 23.4375, 	Mean reward done: 5.089285850524902
Step: 770048	Mean reward: 26.25, 	Mean reward done: 5.148065090179443
Step: 778240	Mean reward: 25.625, 	Mean reward done: 4.824032783508301
Step: 786432	Mean reward: 28.4375, 	Mean reward done: 5.008556842803955
Step: 794624	Mean reward: 22.1875, 	Mean reward done: 4.583333969116211
Step: 802816	Mean reward: 29.6875, 	Mean reward done: 5.420759201049805
Step: 811008	Mean reward: 27.1875, 	Mean reward done: 5.227678298950195
Step: 819200	Mean reward: 29.375, 	Mean reward done: 5.537326335906982
Step: 827392	Mean reward: 31.25, 	Mean reward done: 5.488467216491699
Step: 835584	Mean reward: 26.25, 	Mean reward done: 5.282737731933594
Step: 843776	Mean reward: 30.3125, 	Mean reward done: 5.081473350524902
Step: 851968	Mean reward: 30.9375, 	Mean reward done: 6.2332587242126465
Step: 860160	Mean reward: 26.25, 	Mean reward done: 5.161458492279053
Step: 868352	Mean reward: 30.3125, 	Mean reward done: 5.875744342803955
Step: 876544	Mean reward: 28.4375, 	Mean reward done: 5.2232136726379395
Step: 884736	Mean reward: 27.1875, 	Mean reward done: 5.697545051574707
Step: 892928	Mean reward: 34.6875, 	Mean reward done: 5.917782783508301
Step: 901120	Mean reward: 29.0625, 	Mean reward done: 5.594121932983398
Step: 909312	Mean reward: 36.25, 	Mean reward done: 6.324032783508301
Step: 917504	Mean reward: 28.125, 	Mean reward done: 5.671130180358887
Step: 925696	Mean reward: 32.1875, 	Mean reward done: 5.812500953674316
Step: 933888	Mean reward: 32.8125, 	Mean reward done: 5.686756134033203
Step: 942080	Mean reward: 27.8125, 	Mean reward done: 5.4208831787109375
Step: 950272	Mean reward: 30.625, 	Mean reward done: 6.328868865966797
Step: 958464	Mean reward: 32.8125, 	Mean reward done: 5.631199836730957
Step: 966656	Mean reward: 30.9375, 	Mean reward done: 5.659597873687744
Step: 974848	Mean reward: 28.75, 	Mean reward done: 5.31944465637207
Step: 983040	Mean reward: 26.25, 	Mean reward done: 5.650669097900391
Step: 991232	Mean reward: 30.3125, 	Mean reward done: 5.600198268890381
Step: 999424	Mean reward: 32.1875, 	Mean reward done: 5.893477439880371
Step: 1007616	Mean reward: 28.125, 	Mean reward done: 5.577380657196045
Step: 1015808	Mean reward: 30.3125, 	Mean reward done: 5.744046688079834
Step: 1024000	Mean reward: 35.0, 	Mean reward done: 6.2801337242126465
Step: 1032192	Mean reward: 35.625, 	Mean reward done: 6.241815567016602
Step: 1040384	Mean reward: 33.4375, 	Mean reward done: 5.915550231933594
Step: 1048576	Mean reward: 33.75, 	Mean reward done: 6.268600940704346
Step: 1056768	Mean reward: 29.375, 	Mean reward done: 5.545759201049805
Step: 1064960	Mean reward: 36.25, 	Mean reward done: 6.153274059295654
Step: 1073152	Mean reward: 35.9375, 	Mean reward done: 5.876735687255859
Step: 1081344	Mean reward: 34.375, 	Mean reward done: 6.114830493927002
Step: 1089536	Mean reward: 35.625, 	Mean reward done: 6.273561000823975
Step: 1097728	Mean reward: 33.125, 	Mean reward done: 6.145833492279053
Step: 1105920	Mean reward: 34.6875, 	Mean reward done: 6.152157783508301
Step: 1114112	Mean reward: 34.375, 	Mean reward done: 6.186756134033203
Step: 1122304	Mean reward: 29.6875, 	Mean reward done: 5.956844806671143
Step: 1130496	Mean reward: 34.6875, 	Mean reward done: 6.386904716491699
Step: 1138688	Mean reward: 32.1875, 	Mean reward done: 6.3125
Step: 1146880	Mean reward: 30.3125, 	Mean reward done: 5.410838603973389
Step: 1155072	Mean reward: 30.3125, 	Mean reward done: 5.816592216491699
Step: 1163264	Mean reward: 34.6875, 	Mean reward done: 6.180060386657715
Step: 1171456	Mean reward: 41.25, 	Mean reward done: 6.436879634857178
Step: 1179648	Mean reward: 31.875, 	Mean reward done: 5.596354961395264
Step: 1187840	Mean reward: 37.1875, 	Mean reward done: 6.337053298950195
Step: 1196032	Mean reward: 39.0625, 	Mean reward done: 6.039434909820557
Step: 1204224	Mean reward: 42.5, 	Mean reward done: 6.679686546325684
Step: 1212416	Mean reward: 38.75, 	Mean reward done: 6.069940567016602
Step: 1220608	Mean reward: 33.75, 	Mean reward done: 5.815847873687744
Step: 1228800	Mean reward: 32.1875, 	Mean reward done: 6.160093784332275
Step: 1236992	Mean reward: 36.5625, 	Mean reward done: 6.000371932983398
Step: 1245184	Mean reward: 27.8125, 	Mean reward done: 5.348710060119629
Step: 1253376	Mean reward: 30.3125, 	Mean reward done: 5.755951881408691
Step: 1261568	Mean reward: 37.5, 	Mean reward done: 6.385788440704346
Step: 1269760	Mean reward: 35.3125, 	Mean reward done: 6.347098350524902
Step: 1277952	Mean reward: 36.25, 	Mean reward done: 6.075149059295654
Step: 1286144	Mean reward: 33.4375, 	Mean reward done: 5.999255657196045
Step: 1294336	Mean reward: 40.9375, 	Mean reward done: 6.585441589355469
Step: 1302528	Mean reward: 37.5, 	Mean reward done: 6.044766902923584
Step: 1310720	Mean reward: 35.9375, 	Mean reward done: 6.390252590179443
Step: 1318912	Mean reward: 38.4375, 	Mean reward done: 6.310640335083008
Step: 1327104	Mean reward: 34.375, 	Mean reward done: 6.4791669845581055
Step: 1335296	Mean reward: 35.0, 	Mean reward done: 6.244542598724365
Step: 1343488	Mean reward: 39.375, 	Mean reward done: 6.892361164093018
Step: 1351680	Mean reward: 31.875, 	Mean reward done: 5.769344806671143
Step: 1359872	Mean reward: 34.375, 	Mean reward done: 6.342013835906982
Step: 1368064	Mean reward: 33.75, 	Mean reward done: 5.9966511726379395
Step: 1376256	Mean reward: 34.375, 	Mean reward done: 6.177454948425293
Step: 1384448	Mean reward: 37.1875, 	Mean reward done: 6.481770992279053
Step: 1392640	Mean reward: 38.4375, 	Mean reward done: 6.3105149269104
Step: 1400832	Mean reward: 40.9375, 	Mean reward done: 6.237475395202637
Step: 1409024	Mean reward: 36.5625, 	Mean reward done: 6.276041030883789
Step: 1417216	Mean reward: 35.625, 	Mean reward done: 6.240326881408691
Step: 1425408	Mean reward: 36.25, 	Mean reward done: 6.197048664093018
Step: 1433600	Mean reward: 38.125, 	Mean reward done: 6.710317134857178
Step: 1441792	Mean reward: 35.0, 	Mean reward done: 6.015252590179443
Step: 1449984	Mean reward: 36.875, 	Mean reward done: 6.553943634033203
Step: 1458176	Mean reward: 35.9375, 	Mean reward done: 6.641740322113037
Step: 1466368	Mean reward: 37.1875, 	Mean reward done: 6.418526649475098
Step: 1474560	Mean reward: 42.1875, 	Mean reward done: 6.551575183868408
Step: 1482752	Mean reward: 42.8125, 	Mean reward done: 6.892980098724365
Step: 1490944	Mean reward: 34.375, 	Mean reward done: 6.188987731933594
Step: 1499136	Mean reward: 37.5, 	Mean reward done: 6.458333492279053
Step: 1507328	Mean reward: 35.9375, 	Mean reward done: 6.496279716491699
Step: 1515520	Mean reward: 40.0, 	Mean reward done: 6.822420597076416
Step: 1523712	Mean reward: 32.5, 	Mean reward done: 6.354538917541504
Step: 1531904	Mean reward: 39.0625, 	Mean reward done: 6.423610687255859
Step: 1540096	Mean reward: 33.125, 	Mean reward done: 6.1786956787109375
Step: 1548288	Mean reward: 31.5625, 	Mean reward done: 6.154513835906982
Step: 1556480	Mean reward: 28.4375, 	Mean reward done: 5.806423187255859
Step: 1564672	Mean reward: 37.5, 	Mean reward done: 6.605987071990967
Step: 1572864	Mean reward: 35.625, 	Mean reward done: 6.277842998504639
Step: 1581056	Mean reward: 35.3125, 	Mean reward done: 6.350465297698975
Step: 1589248	Mean reward: 35.625, 	Mean reward done: 6.577080249786377
Step: 1597440	Mean reward: 38.75, 	Mean reward done: 6.763762474060059
Step: 1605632	Mean reward: 29.375, 	Mean reward done: 5.918082237243652
Step: 1613824	Mean reward: 36.5625, 	Mean reward done: 6.484552383422852
Step: 1622016	Mean reward: 35.0, 	Mean reward done: 6.5137200355529785
Step: 1630208	Mean reward: 35.9375, 	Mean reward done: 6.392341136932373
Step: 1638400	Mean reward: 35.0, 	Mean reward done: 6.2843852043151855
Step: 1646592	Mean reward: 36.25, 	Mean reward done: 6.132444858551025
Step: 1654784	Mean reward: 36.875, 	Mean reward done: 6.525602340698242
Step: 1662976	Mean reward: 35.625, 	Mean reward done: 6.548274040222168
Step: 1671168	Mean reward: 35.625, 	Mean reward done: 6.233209609985352
Step: 1679360	Mean reward: 34.0625, 	Mean reward done: 6.348968982696533
Step: 1687552	Mean reward: 35.0, 	Mean reward done: 6.257391929626465
Step: 1695744	Mean reward: 34.6875, 	Mean reward done: 6.381106376647949
Step: 1703936	Mean reward: 34.0625, 	Mean reward done: 5.729198455810547
Step: 1712128	Mean reward: 31.5625, 	Mean reward done: 6.101210117340088
Step: 1720320	Mean reward: 34.6875, 	Mean reward done: 6.333240509033203
Step: 1728512	Mean reward: 31.25, 	Mean reward done: 5.784280776977539
Step: 1736704	Mean reward: 36.5625, 	Mean reward done: 6.732052326202393
Step: 1744896	Mean reward: 31.875, 	Mean reward done: 6.532735824584961
Step: 1753088	Mean reward: 36.5625, 	Mean reward done: 6.551880359649658
Step: 1761280	Mean reward: 34.6875, 	Mean reward done: 6.039712429046631
Step: 1769472	Mean reward: 29.6875, 	Mean reward done: 5.614823341369629
Step: 1777664	Mean reward: 39.0625, 	Mean reward done: 6.45473051071167
Step: 1785856	Mean reward: 37.5, 	Mean reward done: 6.399780750274658
Step: 1794048	Mean reward: 38.75, 	Mean reward done: 6.234951019287109
Step: 1802240	Mean reward: 31.25, 	Mean reward done: 6.185243129730225
Step: 1810432	Mean reward: 26.875, 	Mean reward done: 5.2230963706970215
Step: 1818624	Mean reward: 29.375, 	Mean reward done: 6.061620712280273
Step: 1826816	Mean reward: 30.3125, 	Mean reward done: 5.694127082824707
Step: 1835008	Mean reward: 30.9375, 	Mean reward done: 5.823479652404785
Step: 1843200	Mean reward: 30.0, 	Mean reward done: 6.062166213989258
Step: 1851392	Mean reward: 27.5, 	Mean reward done: 5.191397190093994
Step: 1859584	Mean reward: 34.6875, 	Mean reward done: 6.304197311401367
Step: 1867776	Mean reward: 40.625, 	Mean reward done: 6.6609697341918945
Step: 1875968	Mean reward: 29.0625, 	Mean reward done: 5.544092178344727
Step: 1884160	Mean reward: 31.875, 	Mean reward done: 6.152063369750977
Step: 1892352	Mean reward: 34.0625, 	Mean reward done: 6.130501747131348
Step: 1900544	Mean reward: 35.3125, 	Mean reward done: 6.183350086212158
Step: 1908736	Mean reward: 34.375, 	Mean reward done: 6.083770275115967
Step: 1916928	Mean reward: 32.8125, 	Mean reward done: 5.648561477661133
Step: 1925120	Mean reward: 35.9375, 	Mean reward done: 6.126445293426514
Step: 1933312	Mean reward: 34.0625, 	Mean reward done: 5.75921106338501
Step: 1941504	Mean reward: 33.75, 	Mean reward done: 6.068249225616455
Step: 1949696	Mean reward: 27.1875, 	Mean reward done: 5.4984941482543945
Step: 1957888	Mean reward: 32.5, 	Mean reward done: 6.005631923675537
Step: 1966080	Mean reward: 31.25, 	Mean reward done: 5.86025333404541
Step: 1974272	Mean reward: 39.375, 	Mean reward done: 6.381270408630371
Step: 1982464	Mean reward: 37.8125, 	Mean reward done: 6.447410583496094
Step: 1990656	Mean reward: 38.75, 	Mean reward done: 6.50959587097168
Step: 1998848	Mean reward: 38.4375, 	Mean reward done: 6.3391242027282715
Step: 2007040	Mean reward: 40.0, 	Mean reward done: 6.686697959899902
Step: 2015232	Mean reward: 33.75, 	Mean reward done: 5.957325458526611
Step: 2023424	Mean reward: 36.5625, 	Mean reward done: 6.624680519104004
Step: 2031616	Mean reward: 37.1875, 	Mean reward done: 6.514899253845215
Step: 2039808	Mean reward: 36.5625, 	Mean reward done: 6.1081647872924805
Step: 2048000	Mean reward: 37.8125, 	Mean reward done: 6.2646894454956055
Step: 2056192	Mean reward: 36.5625, 	Mean reward done: 6.352323532104492
Step: 2064384	Mean reward: 39.375, 	Mean reward done: 6.812328338623047
Step: 2072576	Mean reward: 38.4375, 	Mean reward done: 6.470773220062256
Step: 2080768	Mean reward: 36.875, 	Mean reward done: 6.528996467590332
Step: 2088960	Mean reward: 35.625, 	Mean reward done: 6.359226226806641
Step: 2097152	Mean reward: 33.125, 	Mean reward done: 6.234287738800049
Step: 2105344	Mean reward: 29.375, 	Mean reward done: 5.244875431060791
Step: 2113536	Mean reward: 24.0625, 	Mean reward done: 5.125964164733887
Step: 2121728	Mean reward: 32.8125, 	Mean reward done: 6.004871845245361
Step: 2129920	Mean reward: 31.875, 	Mean reward done: 6.373929500579834
Step: 2138112	Mean reward: 25.3125, 	Mean reward done: 4.882012844085693
Step: 2146304	Mean reward: 33.4375, 	Mean reward done: 6.280847549438477
Step: 2154496	Mean reward: 26.25, 	Mean reward done: 5.445280075073242
Step: 2162688	Mean reward: 39.0625, 	Mean reward done: 6.500187397003174
Step: 2170880	Mean reward: 35.625, 	Mean reward done: 6.207243919372559
Step: 2179072	Mean reward: 37.5, 	Mean reward done: 6.2445878982543945
Step: 2187264	Mean reward: 37.8125, 	Mean reward done: 6.32552433013916
Step: 2195456	Mean reward: 30.3125, 	Mean reward done: 5.690471172332764
Step: 2203648	Mean reward: 42.8125, 	Mean reward done: 6.919641494750977
Step: 2211840	Mean reward: 38.75, 	Mean reward done: 6.455813407897949
Step: 2220032	Mean reward: 41.25, 	Mean reward done: 6.6754302978515625
Step: 2228224	Mean reward: 44.375, 	Mean reward done: 6.902337551116943
Step: 2236416	Mean reward: 38.125, 	Mean reward done: 6.389106750488281
Step: 2244608	Mean reward: 37.8125, 	Mean reward done: 6.396703243255615
Step: 2252800	Mean reward: 44.6875, 	Mean reward done: 7.007932662963867
Step: 2260992	Mean reward: 36.5625, 	Mean reward done: 6.537161350250244
Step: 2269184	Mean reward: 35.625, 	Mean reward done: 5.9851884841918945
Step: 2277376	Mean reward: 37.1875, 	Mean reward done: 6.412829399108887
Step: 2285568	Mean reward: 34.375, 	Mean reward done: 6.143174648284912
Step: 2293760	Mean reward: 35.3125, 	Mean reward done: 6.406765460968018
Step: 2301952	Mean reward: 35.3125, 	Mean reward done: 6.276594638824463
Step: 2310144	Mean reward: 35.3125, 	Mean reward done: 5.9681782722473145
Step: 2318336	Mean reward: 34.6875, 	Mean reward done: 6.47944974899292
Step: 2326528	Mean reward: 33.4375, 	Mean reward done: 5.434712886810303
Step: 2334720	Mean reward: 36.5625, 	Mean reward done: 6.204790115356445
Step: 2342912	Mean reward: 43.125, 	Mean reward done: 7.082052707672119
Step: 2351104	Mean reward: 37.8125, 	Mean reward done: 6.378269195556641
Step: 2359296	Mean reward: 43.75, 	Mean reward done: 6.717682838439941
Step: 2367488	Mean reward: 39.0625, 	Mean reward done: 6.575350761413574
Step: 2375680	Mean reward: 39.0625, 	Mean reward done: 6.863430023193359
Step: 2383872	Mean reward: 33.125, 	Mean reward done: 6.091658592224121
Step: 2392064	Mean reward: 30.3125, 	Mean reward done: 5.731029510498047
Step: 2400256	Mean reward: 34.6875, 	Mean reward done: 6.2317023277282715
Step: 2408448	Mean reward: 38.125, 	Mean reward done: 6.714982986450195
Step: 2416640	Mean reward: 35.0, 	Mean reward done: 6.218143463134766
Step: 2424832	Mean reward: 31.25, 	Mean reward done: 5.989429473876953
Step: 2433024	Mean reward: 35.3125, 	Mean reward done: 6.157461166381836
Step: 2441216	Mean reward: 39.6875, 	Mean reward done: 6.483547210693359
Step: 2449408	Mean reward: 32.5, 	Mean reward done: 5.975837230682373
Step: 2457600	Mean reward: 35.625, 	Mean reward done: 6.164919853210449
Step: 2465792	Mean reward: 34.6875, 	Mean reward done: 6.31155252456665
Step: 2473984	Mean reward: 31.875, 	Mean reward done: 5.718551158905029
Step: 2482176	Mean reward: 35.625, 	Mean reward done: 6.0394816398620605
Step: 2490368	Mean reward: 30.625, 	Mean reward done: 5.850601673126221
Step: 2498560	Mean reward: 29.6875, 	Mean reward done: 6.051945209503174
Step: 2506752	Mean reward: 34.0625, 	Mean reward done: 6.488866329193115
Step: 2514944	Mean reward: 35.3125, 	Mean reward done: 6.019831657409668
Step: 2523136	Mean reward: 38.125, 	Mean reward done: 6.05076789855957
Step: 2531328	Mean reward: 33.75, 	Mean reward done: 6.216944694519043
Step: 2539520	Mean reward: 40.9375, 	Mean reward done: 6.648705005645752
Step: 2547712	Mean reward: 35.625, 	Mean reward done: 6.097825050354004
Step: 2555904	Mean reward: 43.125, 	Mean reward done: 6.862534523010254
Step: 2564096	Mean reward: 36.5625, 	Mean reward done: 6.103892803192139
Step: 2572288	Mean reward: 44.375, 	Mean reward done: 6.781978607177734
Step: 2580480	Mean reward: 40.3125, 	Mean reward done: 6.756346702575684
Step: 2588672	Mean reward: 32.8125, 	Mean reward done: 5.442039966583252
Step: 2596864	Mean reward: 29.6875, 	Mean reward done: 5.353391647338867
Step: 2605056	Mean reward: 32.8125, 	Mean reward done: 5.861606121063232
Step: 2613248	Mean reward: 39.6875, 	Mean reward done: 6.445681095123291
Step: 2621440	Mean reward: 35.9375, 	Mean reward done: 6.180994033813477
Step: 2629632	Mean reward: 35.9375, 	Mean reward done: 6.173470973968506
Step: 2637824	Mean reward: 35.9375, 	Mean reward done: 6.394829750061035
Step: 2646016	Mean reward: 37.5, 	Mean reward done: 5.857608795166016
Step: 2654208	Mean reward: 40.625, 	Mean reward done: 6.4429192543029785
Step: 2662400	Mean reward: 38.4375, 	Mean reward done: 6.131209373474121
Step: 2670592	Mean reward: 36.5625, 	Mean reward done: 6.321619033813477
Step: 2678784	Mean reward: 43.4375, 	Mean reward done: 6.800196647644043
Step: 2686976	Mean reward: 36.25, 	Mean reward done: 6.194802284240723
Step: 2695168	Mean reward: 30.625, 	Mean reward done: 5.456499099731445
Step: 2703360	Mean reward: 41.5625, 	Mean reward done: 6.857297420501709
Step: 2711552	Mean reward: 32.1875, 	Mean reward done: 5.609772205352783
Step: 2719744	Mean reward: 35.9375, 	Mean reward done: 6.418842792510986
Step: 2727936	Mean reward: 35.9375, 	Mean reward done: 6.1438117027282715
Step: 2736128	Mean reward: 33.125, 	Mean reward done: 6.03541374206543
Step: 2744320	Mean reward: 29.6875, 	Mean reward done: 5.722864151000977
Step: 2752512	Mean reward: 34.6875, 	Mean reward done: 6.102882385253906
Step: 2760704	Mean reward: 34.6875, 	Mean reward done: 6.384222984313965
Step: 2768896	Mean reward: 33.4375, 	Mean reward done: 6.182930946350098
Step: 2777088	Mean reward: 35.9375, 	Mean reward done: 5.908348560333252
Step: 2785280	Mean reward: 34.375, 	Mean reward done: 6.334963798522949
Step: 2793472	Mean reward: 41.25, 	Mean reward done: 6.7965803146362305
Step: 2801664	Mean reward: 33.125, 	Mean reward done: 5.684028625488281
Step: 2809856	Mean reward: 44.375, 	Mean reward done: 6.866186141967773
Step: 2818048	Mean reward: 39.0625, 	Mean reward done: 6.4505720138549805
Step: 2826240	Mean reward: 39.6875, 	Mean reward done: 6.374539852142334
Step: 2834432	Mean reward: 39.6875, 	Mean reward done: 6.1342267990112305
Step: 2842624	Mean reward: 38.75, 	Mean reward done: 6.508556842803955
Step: 2850816	Mean reward: 32.5, 	Mean reward done: 5.93073034286499
Step: 2859008	Mean reward: 47.1875, 	Mean reward done: 6.802770614624023
Step: 2867200	Mean reward: 37.1875, 	Mean reward done: 6.0218329429626465
Step: 2875392	Mean reward: 39.375, 	Mean reward done: 6.542950630187988
Step: 2883584	Mean reward: 33.75, 	Mean reward done: 6.165893077850342
Step: 2891776	Mean reward: 36.5625, 	Mean reward done: 6.096188545227051
Step: 2899968	Mean reward: 36.875, 	Mean reward done: 6.320694446563721
Step: 2908160	Mean reward: 40.0, 	Mean reward done: 6.340012550354004
Step: 2916352	Mean reward: 33.4375, 	Mean reward done: 6.012686252593994
Step: 2924544	Mean reward: 36.875, 	Mean reward done: 6.171951770782471
Step: 2932736	Mean reward: 44.0625, 	Mean reward done: 6.856225967407227
Step: 2940928	Mean reward: 35.0, 	Mean reward done: 6.233716011047363
Step: 2949120	Mean reward: 39.0625, 	Mean reward done: 6.376412868499756
Step: 2957312	Mean reward: 41.5625, 	Mean reward done: 6.331116199493408
Step: 2965504	Mean reward: 39.0625, 	Mean reward done: 6.71419095993042
Step: 2973696	Mean reward: 41.875, 	Mean reward done: 6.383734226226807
Step: 2981888	Mean reward: 41.25, 	Mean reward done: 6.724095344543457
Step: 2990080	Mean reward: 38.125, 	Mean reward done: 6.435606479644775
Step: 2998272	Mean reward: 43.125, 	Mean reward done: 6.90342378616333
Step: 3006464	Mean reward: 34.0625, 	Mean reward done: 6.222959995269775
Step: 3014656	Mean reward: 38.75, 	Mean reward done: 6.290227890014648
Step: 3022848	Mean reward: 45.9375, 	Mean reward done: 6.8450446128845215
Step: 3031040	Mean reward: 37.1875, 	Mean reward done: 6.354781627655029
Step: 3039232	Mean reward: 40.625, 	Mean reward done: 6.551455020904541
Step: 3047424	Mean reward: 31.25, 	Mean reward done: 5.849924087524414
Step: 3055616	Mean reward: 36.5625, 	Mean reward done: 5.983830451965332
Step: 3063808	Mean reward: 42.8125, 	Mean reward done: 6.798500061035156
Step: 3072000	Mean reward: 36.25, 	Mean reward done: 6.141844749450684
Step: 3080192	Mean reward: 40.3125, 	Mean reward done: 6.353475570678711
Step: 3088384	Mean reward: 39.6875, 	Mean reward done: 6.442687034606934
Step: 3096576	Mean reward: 34.375, 	Mean reward done: 6.106541633605957
Step: 3104768	Mean reward: 42.1875, 	Mean reward done: 6.438854217529297
Step: 3112960	Mean reward: 39.6875, 	Mean reward done: 6.3528361320495605
Step: 3121152	Mean reward: 38.4375, 	Mean reward done: 6.430522918701172
Step: 3129344	Mean reward: 40.0, 	Mean reward done: 6.360162734985352
Step: 3137536	Mean reward: 35.9375, 	Mean reward done: 6.4301934242248535
Step: 3145728	Mean reward: 42.8125, 	Mean reward done: 6.785333156585693
Step: 3153920	Mean reward: 45.0, 	Mean reward done: 6.737722396850586
Step: 3162112	Mean reward: 38.125, 	Mean reward done: 6.461575031280518
Step: 3170304	Mean reward: 37.5, 	Mean reward done: 6.024345874786377
Step: 3178496	Mean reward: 41.5625, 	Mean reward done: 6.365614891052246
Step: 3186688	Mean reward: 39.6875, 	Mean reward done: 6.345434665679932
Step: 3194880	Mean reward: 46.875, 	Mean reward done: 6.879021644592285
Step: 3203072	Mean reward: 39.6875, 	Mean reward done: 6.454955101013184
Step: 3211264	Mean reward: 39.6875, 	Mean reward done: 6.657690048217773
Step: 3219456	Mean reward: 38.75, 	Mean reward done: 6.429632186889648
Step: 3227648	Mean reward: 39.6875, 	Mean reward done: 6.494354248046875
Step: 3235840	Mean reward: 39.375, 	Mean reward done: 6.399413585662842
Step: 3244032	Mean reward: 43.125, 	Mean reward done: 6.886164665222168
Step: 3252224	Mean reward: 39.6875, 	Mean reward done: 6.249836444854736
Step: 3260416	Mean reward: 40.3125, 	Mean reward done: 6.348474502563477
Step: 3268608	Mean reward: 30.9375, 	Mean reward done: 5.859583377838135
Step: 3276800	Mean reward: 38.75, 	Mean reward done: 6.176163673400879
Step: 3284992	Mean reward: 30.625, 	Mean reward done: 5.553258895874023
Step: 3293184	Mean reward: 30.625, 	Mean reward done: 5.6378173828125
Step: 3301376	Mean reward: 28.125, 	Mean reward done: 5.165246963500977
Step: 3309568	Mean reward: 35.3125, 	Mean reward done: 5.685311317443848
Step: 3317760	Mean reward: 39.0625, 	Mean reward done: 6.034064769744873
Step: 3325952	Mean reward: 38.75, 	Mean reward done: 5.904507637023926
Step: 3334144	Mean reward: 34.0625, 	Mean reward done: 5.565715789794922
Step: 3342336	Mean reward: 31.875, 	Mean reward done: 5.882241725921631
Step: 3350528	Mean reward: 31.5625, 	Mean reward done: 5.7001237869262695
Step: 3358720	Mean reward: 42.8125, 	Mean reward done: 6.66929817199707
Step: 3366912	Mean reward: 34.6875, 	Mean reward done: 5.857780456542969
Step: 3375104	Mean reward: 39.6875, 	Mean reward done: 6.478029727935791
Step: 3383296	Mean reward: 35.3125, 	Mean reward done: 6.32530403137207
Step: 3391488	Mean reward: 40.9375, 	Mean reward done: 6.8091816902160645
Step: 3399680	Mean reward: 36.25, 	Mean reward done: 6.257081508636475
Step: 3407872	Mean reward: 37.5, 	Mean reward done: 6.157682418823242
Step: 3416064	Mean reward: 37.5, 	Mean reward done: 6.362672805786133
Step: 3424256	Mean reward: 43.125, 	Mean reward done: 6.7495269775390625
Step: 3432448	Mean reward: 40.3125, 	Mean reward done: 6.362318992614746
Step: 3440640	Mean reward: 37.8125, 	Mean reward done: 6.506100654602051
Step: 3448832	Mean reward: 35.9375, 	Mean reward done: 6.08742618560791
Step: 3457024	Mean reward: 37.8125, 	Mean reward done: 5.898764610290527
Step: 3465216	Mean reward: 39.375, 	Mean reward done: 6.426758289337158
Step: 3473408	Mean reward: 42.1875, 	Mean reward done: 6.438441276550293
Step: 3481600	Mean reward: 37.8125, 	Mean reward done: 6.143828392028809
Step: 3489792	Mean reward: 39.375, 	Mean reward done: 6.2991533279418945
Step: 3497984	Mean reward: 40.625, 	Mean reward done: 6.683006763458252
Step: 3506176	Mean reward: 33.125, 	Mean reward done: 5.959466934204102
Step: 3514368	Mean reward: 41.25, 	Mean reward done: 6.23382043838501
Step: 3522560	Mean reward: 40.3125, 	Mean reward done: 6.037681579589844
Step: 3530752	Mean reward: 42.1875, 	Mean reward done: 6.393379211425781
Step: 3538944	Mean reward: 39.6875, 	Mean reward done: 5.799531936645508
Step: 3547136	Mean reward: 37.1875, 	Mean reward done: 6.240104675292969
Step: 3555328	Mean reward: 38.4375, 	Mean reward done: 5.979729652404785
Step: 3563520	Mean reward: 40.9375, 	Mean reward done: 6.486536026000977
Step: 3571712	Mean reward: 37.1875, 	Mean reward done: 6.3366875648498535
Step: 3579904	Mean reward: 37.5, 	Mean reward done: 6.363734245300293
Step: 3588096	Mean reward: 41.875, 	Mean reward done: 6.634235858917236
Step: 3596288	Mean reward: 30.9375, 	Mean reward done: 5.686119079589844
Step: 3604480	Mean reward: 37.1875, 	Mean reward done: 6.513269901275635
Step: 3612672	Mean reward: 35.0, 	Mean reward done: 6.231809139251709
Step: 3620864	Mean reward: 37.8125, 	Mean reward done: 6.101681709289551
Step: 3629056	Mean reward: 40.0, 	Mean reward done: 6.1333770751953125
Step: 3637248	Mean reward: 45.3125, 	Mean reward done: 6.477386951446533
Step: 3645440	Mean reward: 38.75, 	Mean reward done: 6.268855094909668
Step: 3653632	Mean reward: 45.9375, 	Mean reward done: 6.739029407501221
Step: 3661824	Mean reward: 40.625, 	Mean reward done: 6.356712341308594
Step: 3670016	Mean reward: 40.9375, 	Mean reward done: 6.451107978820801
Step: 3678208	Mean reward: 42.8125, 	Mean reward done: 6.543670654296875
Step: 3686400	Mean reward: 39.375, 	Mean reward done: 6.399416446685791
Step: 3694592	Mean reward: 45.9375, 	Mean reward done: 6.7125067710876465
Step: 3702784	Mean reward: 43.75, 	Mean reward done: 6.494342803955078
Step: 3710976	Mean reward: 38.4375, 	Mean reward done: 6.117114067077637
Step: 3719168	Mean reward: 41.5625, 	Mean reward done: 6.232877731323242
Step: 3727360	Mean reward: 41.5625, 	Mean reward done: 6.542347431182861
Step: 3735552	Mean reward: 45.625, 	Mean reward done: 6.34349250793457
Step: 3743744	Mean reward: 39.0625, 	Mean reward done: 6.341951847076416
Step: 3751936	Mean reward: 44.375, 	Mean reward done: 6.213421821594238
Step: 3760128	Mean reward: 48.4375, 	Mean reward done: 6.819167613983154
Step: 3768320	Mean reward: 37.5, 	Mean reward done: 6.303587436676025
Step: 3776512	Mean reward: 47.1875, 	Mean reward done: 6.6671037673950195
Step: 3784704	Mean reward: 40.3125, 	Mean reward done: 6.3116679191589355
Step: 3792896	Mean reward: 41.875, 	Mean reward done: 6.620890140533447
Step: 3801088	Mean reward: 40.0, 	Mean reward done: 6.3887457847595215
Step: 3809280	Mean reward: 44.6875, 	Mean reward done: 6.656391620635986
Step: 3817472	Mean reward: 44.0625, 	Mean reward done: 6.274381637573242
Step: 3825664	Mean reward: 40.3125, 	Mean reward done: 6.556527137756348
Step: 3833856	Mean reward: 35.9375, 	Mean reward done: 6.1895575523376465
Step: 3842048	Mean reward: 43.125, 	Mean reward done: 6.732400417327881
Step: 3850240	Mean reward: 40.0, 	Mean reward done: 6.315084457397461
Step: 3858432	Mean reward: 43.4375, 	Mean reward done: 6.52550745010376
Step: 3866624	Mean reward: 44.375, 	Mean reward done: 6.498215675354004
Step: 3874816	Mean reward: 42.1875, 	Mean reward done: 6.163792133331299
Step: 3883008	Mean reward: 41.25, 	Mean reward done: 6.501842498779297
Step: 3891200	Mean reward: 42.8125, 	Mean reward done: 6.477799415588379
Step: 3899392	Mean reward: 40.9375, 	Mean reward done: 6.19027042388916
Step: 3907584	Mean reward: 38.75, 	Mean reward done: 6.152832984924316
Step: 3915776	Mean reward: 45.625, 	Mean reward done: 6.596810340881348
Step: 3923968	Mean reward: 48.75, 	Mean reward done: 6.696658611297607
Step: 3932160	Mean reward: 44.6875, 	Mean reward done: 6.487098693847656
Step: 3940352	Mean reward: 41.5625, 	Mean reward done: 6.8470072746276855
Step: 3948544	Mean reward: 42.5, 	Mean reward done: 6.584807395935059
Step: 3956736	Mean reward: 43.125, 	Mean reward done: 6.730180263519287
Step: 3964928	Mean reward: 38.75, 	Mean reward done: 5.889217376708984
Step: 3973120	Mean reward: 38.75, 	Mean reward done: 6.330712795257568
Step: 3981312	Mean reward: 37.1875, 	Mean reward done: 5.985562324523926
Step: 3989504	Mean reward: 41.875, 	Mean reward done: 6.496685981750488
Step: 3997696	Mean reward: 42.5, 	Mean reward done: 6.557888507843018
Step: 4005888	Mean reward: 41.25, 	Mean reward done: 6.198009490966797
Step: 4014080	Mean reward: 35.625, 	Mean reward done: 5.66368293762207
Step: 4022272	Mean reward: 40.3125, 	Mean reward done: 6.419042587280273
Step: 4030464	Mean reward: 43.75, 	Mean reward done: 6.7657270431518555
Step: 4038656	Mean reward: 35.625, 	Mean reward done: 6.167697429656982
Step: 4046848	Mean reward: 44.6875, 	Mean reward done: 6.666711807250977
Step: 4055040	Mean reward: 40.625, 	Mean reward done: 6.43695068359375
Step: 4063232	Mean reward: 45.625, 	Mean reward done: 6.567613124847412
Step: 4071424	Mean reward: 40.3125, 	Mean reward done: 6.213240146636963
Step: 4079616	Mean reward: 45.3125, 	Mean reward done: 6.932219982147217
Step: 4087808	Mean reward: 47.1875, 	Mean reward done: 6.555408000946045
Step: 4096000	Mean reward: 40.9375, 	Mean reward done: 6.477952480316162
Step: 4104192	Mean reward: 42.8125, 	Mean reward done: 6.38448429107666
Step: 4112384	Mean reward: 42.5, 	Mean reward done: 6.440432548522949
Step: 4120576	Mean reward: 45.0, 	Mean reward done: 6.457698822021484
Step: 4128768	Mean reward: 41.5625, 	Mean reward done: 6.3662543296813965
Step: 4136960	Mean reward: 40.9375, 	Mean reward done: 6.359564304351807
Step: 4145152	Mean reward: 42.5, 	Mean reward done: 6.222326278686523
Step: 4153344	Mean reward: 45.0, 	Mean reward done: 6.553715229034424
Step: 4161536	Mean reward: 42.8125, 	Mean reward done: 6.2438273429870605
Step: 4169728	Mean reward: 41.875, 	Mean reward done: 6.278109073638916
Step: 4177920	Mean reward: 35.625, 	Mean reward done: 6.139601707458496
Step: 4186112	Mean reward: 47.1875, 	Mean reward done: 6.700867652893066
Step: 4194304	Mean reward: 46.25, 	Mean reward done: 6.401947021484375
Step: 4202496	Mean reward: 48.4375, 	Mean reward done: 6.690147399902344
Step: 4210688	Mean reward: 42.1875, 	Mean reward done: 6.304574012756348
Step: 4218880	Mean reward: 39.6875, 	Mean reward done: 6.213647365570068
Step: 4227072	Mean reward: 37.1875, 	Mean reward done: 6.243433475494385
Step: 4235264	Mean reward: 39.0625, 	Mean reward done: 6.220102310180664
Step: 4243456	Mean reward: 36.875, 	Mean reward done: 5.710522651672363
Step: 4251648	Mean reward: 37.5, 	Mean reward done: 5.936111927032471
Step: 4259840	Mean reward: 37.5, 	Mean reward done: 5.996580123901367
Step: 4268032	Mean reward: 33.4375, 	Mean reward done: 5.611906051635742
Step: 4276224	Mean reward: 36.5625, 	Mean reward done: 6.197665691375732
Step: 4284416	Mean reward: 36.5625, 	Mean reward done: 5.902315616607666
Step: 4292608	Mean reward: 40.625, 	Mean reward done: 6.071043968200684
Step: 4300800	Mean reward: 43.75, 	Mean reward done: 6.281684875488281
Step: 4308992	Mean reward: 38.75, 	Mean reward done: 6.303211212158203
Step: 4317184	Mean reward: 37.8125, 	Mean reward done: 6.310765266418457
Step: 4325376	Mean reward: 41.875, 	Mean reward done: 6.596584796905518
Step: 4333568	Mean reward: 38.125, 	Mean reward done: 5.909344673156738
Step: 4341760	Mean reward: 40.0, 	Mean reward done: 6.163070201873779
Step: 4349952	Mean reward: 36.25, 	Mean reward done: 5.547798156738281
Step: 4358144	Mean reward: 31.5625, 	Mean reward done: 5.725236415863037
Step: 4366336	Mean reward: 30.3125, 	Mean reward done: 5.502800941467285
Step: 4374528	Mean reward: 32.8125, 	Mean reward done: 5.003683090209961
Step: 4382720	Mean reward: 34.0625, 	Mean reward done: 5.38414192199707
Step: 4390912	Mean reward: 36.25, 	Mean reward done: 5.797458171844482
Step: 4399104	Mean reward: 35.625, 	Mean reward done: 5.9339518547058105
Step: 4407296	Mean reward: 34.6875, 	Mean reward done: 5.389993667602539
Step: 4415488	Mean reward: 39.6875, 	Mean reward done: 5.828084945678711
Step: 4423680	Mean reward: 35.9375, 	Mean reward done: 5.611330986022949
Step: 4431872	Mean reward: 39.6875, 	Mean reward done: 6.2620110511779785
Step: 4440064	Mean reward: 37.8125, 	Mean reward done: 5.875524520874023
Step: 4448256	Mean reward: 31.875, 	Mean reward done: 5.128026962280273
Step: 4456448	Mean reward: 30.9375, 	Mean reward done: 5.091687202453613
Step: 4464640	Mean reward: 39.375, 	Mean reward done: 5.520615577697754
Step: 4472832	Mean reward: 33.75, 	Mean reward done: 5.411411285400391
Step: 4481024	Mean reward: 31.875, 	Mean reward done: 5.318568229675293
Step: 4489216	Mean reward: 39.6875, 	Mean reward done: 5.615206241607666
Step: 4497408	Mean reward: 36.25, 	Mean reward done: 5.991260528564453
Step: 4505600	Mean reward: 34.375, 	Mean reward done: 5.511861324310303
Step: 4513792	Mean reward: 31.5625, 	Mean reward done: 5.098782539367676
Step: 4521984	Mean reward: 31.5625, 	Mean reward done: 5.127939224243164
Step: 4530176	Mean reward: 30.0, 	Mean reward done: 5.1917314529418945
Step: 4538368	Mean reward: 37.8125, 	Mean reward done: 5.828915596008301
Step: 4546560	Mean reward: 38.4375, 	Mean reward done: 5.9650654792785645
Step: 4554752	Mean reward: 33.125, 	Mean reward done: 5.502072811126709
Step: 4562944	Mean reward: 39.0625, 	Mean reward done: 5.7715559005737305
Step: 4571136	Mean reward: 37.1875, 	Mean reward done: 5.576303005218506
Step: 4579328	Mean reward: 36.875, 	Mean reward done: 5.946368217468262
Step: 4587520	Mean reward: 37.1875, 	Mean reward done: 5.851855278015137
Step: 4595712	Mean reward: 36.5625, 	Mean reward done: 5.763538360595703
Step: 4603904	Mean reward: 37.5, 	Mean reward done: 5.881633758544922
Step: 4612096	Mean reward: 34.375, 	Mean reward done: 5.440159320831299
Step: 4620288	Mean reward: 38.4375, 	Mean reward done: 5.992570877075195
Step: 4628480	Mean reward: 37.5, 	Mean reward done: 5.974617004394531
Step: 4636672	Mean reward: 38.4375, 	Mean reward done: 5.675887584686279
Step: 4644864	Mean reward: 33.4375, 	Mean reward done: 5.2266716957092285
Step: 4653056	Mean reward: 36.25, 	Mean reward done: 5.015165328979492
Step: 4661248	Mean reward: 39.0625, 	Mean reward done: 5.727312088012695
Step: 4669440	Mean reward: 32.8125, 	Mean reward done: 5.493696212768555
Step: 4677632	Mean reward: 40.3125, 	Mean reward done: 5.781621932983398
Step: 4685824	Mean reward: 40.625, 	Mean reward done: 5.9552836418151855
Step: 4694016	Mean reward: 36.5625, 	Mean reward done: 5.81309175491333
Step: 4702208	Mean reward: 35.3125, 	Mean reward done: 5.653896808624268
Step: 4710400	Mean reward: 30.0, 	Mean reward done: 4.666773796081543
Step: 4718592	Mean reward: 29.0625, 	Mean reward done: 4.8755693435668945
Step: 4726784	Mean reward: 27.5, 	Mean reward done: 4.8073344230651855
Step: 4734976	Mean reward: 42.5, 	Mean reward done: 5.847414970397949
Step: 4743168	Mean reward: 38.4375, 	Mean reward done: 5.676578044891357
Step: 4751360	Mean reward: 39.375, 	Mean reward done: 5.821291923522949
Step: 4759552	Mean reward: 44.0625, 	Mean reward done: 6.1222333908081055
Step: 4767744	Mean reward: 40.3125, 	Mean reward done: 6.197937965393066
Step: 4775936	Mean reward: 44.6875, 	Mean reward done: 6.143953800201416
Step: 4784128	Mean reward: 36.875, 	Mean reward done: 5.860228538513184
Step: 4792320	Mean reward: 41.875, 	Mean reward done: 6.461580276489258
Step: 4800512	Mean reward: 43.125, 	Mean reward done: 6.039560794830322
Step: 4808704	Mean reward: 38.75, 	Mean reward done: 5.868622779846191
Step: 4816896	Mean reward: 42.5, 	Mean reward done: 5.861978054046631
Step: 4825088	Mean reward: 40.625, 	Mean reward done: 5.932207107543945
Step: 4833280	Mean reward: 43.4375, 	Mean reward done: 5.962759017944336
Step: 4841472	Mean reward: 44.0625, 	Mean reward done: 6.181192398071289
Step: 4849664	Mean reward: 43.75, 	Mean reward done: 5.909442901611328
Step: 4857856	Mean reward: 38.75, 	Mean reward done: 5.848740577697754
Step: 4866048	Mean reward: 33.4375, 	Mean reward done: 5.5860676765441895
Step: 4874240	Mean reward: 32.8125, 	Mean reward done: 5.230070114135742
Step: 4882432	Mean reward: 37.1875, 	Mean reward done: 5.580321311950684
Step: 4890624	Mean reward: 39.0625, 	Mean reward done: 5.851951599121094
Step: 4898816	Mean reward: 34.0625, 	Mean reward done: 5.2997355461120605
Step: 4907008	Mean reward: 34.375, 	Mean reward done: 5.5532684326171875
Step: 4915200	Mean reward: 37.8125, 	Mean reward done: 5.840221405029297
Step: 4923392	Mean reward: 37.1875, 	Mean reward done: 5.391845226287842
Step: 4931584	Mean reward: 34.0625, 	Mean reward done: 5.7756171226501465
Step: 4939776	Mean reward: 34.6875, 	Mean reward done: 5.419757843017578
Step: 4947968	Mean reward: 34.6875, 	Mean reward done: 5.478801250457764
Step: 4956160	Mean reward: 40.0, 	Mean reward done: 6.1944990158081055
Step: 4964352	Mean reward: 39.375, 	Mean reward done: 5.95365047454834
Step: 4972544	Mean reward: 42.8125, 	Mean reward done: 6.230129718780518
Step: 4980736	Mean reward: 40.3125, 	Mean reward done: 6.3150835037231445
Step: 4988928	Mean reward: 42.1875, 	Mean reward done: 5.825064182281494
Step: 4997120	Mean reward: 38.125, 	Mean reward done: 5.808995723724365
Step: 5005312	Mean reward: 41.25, 	Mean reward done: 6.135840892791748
Step: 5013504	Mean reward: 40.9375, 	Mean reward done: 6.244831085205078
Step: 5021696	Mean reward: 39.0625, 	Mean reward done: 5.99017858505249
Step: 5029888	Mean reward: 39.0625, 	Mean reward done: 5.8338165283203125
Step: 5038080	Mean reward: 40.625, 	Mean reward done: 6.360843658447266
Step: 5046272	Mean reward: 40.0, 	Mean reward done: 5.9208245277404785
Step: 5054464	Mean reward: 37.8125, 	Mean reward done: 5.597604751586914
Step: 5062656	Mean reward: 42.1875, 	Mean reward done: 5.68685245513916
Step: 5070848	Mean reward: 43.4375, 	Mean reward done: 6.273605823516846
Step: 5079040	Mean reward: 43.4375, 	Mean reward done: 6.331134796142578
Step: 5087232	Mean reward: 43.75, 	Mean reward done: 6.35658073425293
Step: 5095424	Mean reward: 45.0, 	Mean reward done: 6.798075199127197
Step: 5103616	Mean reward: 36.25, 	Mean reward done: 6.037257194519043
Step: 5111808	Mean reward: 40.9375, 	Mean reward done: 6.11285400390625
Step: 5120000	Mean reward: 40.9375, 	Mean reward done: 6.191287040710449
Step: 5128192	Mean reward: 37.1875, 	Mean reward done: 6.092836380004883
Step: 5136384	Mean reward: 37.8125, 	Mean reward done: 6.076210021972656
Step: 5144576	Mean reward: 40.9375, 	Mean reward done: 6.080114841461182
Step: 5152768	Mean reward: 41.25, 	Mean reward done: 6.270223617553711
Step: 5160960	Mean reward: 41.875, 	Mean reward done: 6.376394271850586
Step: 5169152	Mean reward: 45.0, 	Mean reward done: 6.570444107055664
Step: 5177344	Mean reward: 39.6875, 	Mean reward done: 5.976385593414307
Step: 5185536	Mean reward: 41.25, 	Mean reward done: 6.226924896240234
Step: 5193728	Mean reward: 43.75, 	Mean reward done: 6.279396057128906
Step: 5201920	Mean reward: 45.625, 	Mean reward done: 6.564604759216309
Step: 5210112	Mean reward: 37.1875, 	Mean reward done: 5.8484039306640625
Step: 5218304	Mean reward: 41.25, 	Mean reward done: 6.2703657150268555
Step: 5226496	Mean reward: 39.6875, 	Mean reward done: 6.5081787109375
Step: 5234688	Mean reward: 38.4375, 	Mean reward done: 5.92310094833374
Step: 5242880	Mean reward: 50.625, 	Mean reward done: 6.754945755004883
Step: 5251072	Mean reward: 41.5625, 	Mean reward done: 6.267380714416504
Step: 5259264	Mean reward: 45.625, 	Mean reward done: 6.652942657470703
Step: 5267456	Mean reward: 41.5625, 	Mean reward done: 6.293376445770264
Step: 5275648	Mean reward: 44.6875, 	Mean reward done: 6.371700286865234
Step: 5283840	Mean reward: 47.8125, 	Mean reward done: 6.764719486236572
Step: 5292032	Mean reward: 42.5, 	Mean reward done: 6.115207195281982
Step: 5300224	Mean reward: 44.0625, 	Mean reward done: 6.568784236907959
Step: 5308416	Mean reward: 41.25, 	Mean reward done: 5.947188854217529
Step: 5316608	Mean reward: 45.625, 	Mean reward done: 6.5090460777282715
Step: 5324800	Mean reward: 42.8125, 	Mean reward done: 6.420076370239258
Step: 5332992	Mean reward: 46.25, 	Mean reward done: 6.5791335105896
Step: 5341184	Mean reward: 44.6875, 	Mean reward done: 6.142290115356445
Step: 5349376	Mean reward: 45.9375, 	Mean reward done: 6.481180667877197
Step: 5357568	Mean reward: 44.0625, 	Mean reward done: 6.356207847595215
Step: 5365760	Mean reward: 49.6875, 	Mean reward done: 6.497110366821289
Step: 5373952	Mean reward: 40.3125, 	Mean reward done: 6.154822826385498
Step: 5382144	Mean reward: 40.625, 	Mean reward done: 6.177874565124512
Step: 5390336	Mean reward: 47.8125, 	Mean reward done: 6.370952129364014
Step: 5398528	Mean reward: 43.4375, 	Mean reward done: 6.180037498474121
Step: 5406720	Mean reward: 50.9375, 	Mean reward done: 6.640315055847168
Step: 5414912	Mean reward: 49.0625, 	Mean reward done: 6.757232666015625
Step: 5423104	Mean reward: 44.375, 	Mean reward done: 6.3799357414245605
Step: 5431296	Mean reward: 41.5625, 	Mean reward done: 6.115767002105713
Step: 5439488	Mean reward: 41.875, 	Mean reward done: 6.413144588470459
Step: 5447680	Mean reward: 37.1875, 	Mean reward done: 5.889654636383057
Step: 5455872	Mean reward: 44.6875, 	Mean reward done: 6.61113977432251
Step: 5464064	Mean reward: 45.0, 	Mean reward done: 6.443309783935547
Step: 5472256	Mean reward: 39.6875, 	Mean reward done: 5.944211483001709
Step: 5480448	Mean reward: 45.0, 	Mean reward done: 6.197361469268799
Step: 5488640	Mean reward: 46.25, 	Mean reward done: 6.452761173248291
Step: 5496832	Mean reward: 41.875, 	Mean reward done: 5.993154048919678
Step: 5505024	Mean reward: 46.875, 	Mean reward done: 6.628228664398193
Step: 5513216	Mean reward: 44.375, 	Mean reward done: 6.202803134918213
Step: 5521408	Mean reward: 44.0625, 	Mean reward done: 6.224664688110352
Step: 5529600	Mean reward: 49.6875, 	Mean reward done: 6.759597301483154
Step: 5537792	Mean reward: 47.8125, 	Mean reward done: 6.8356218338012695
Step: 5545984	Mean reward: 42.5, 	Mean reward done: 6.362774848937988
Step: 5554176	Mean reward: 43.4375, 	Mean reward done: 6.423005104064941
Step: 5562368	Mean reward: 46.875, 	Mean reward done: 6.598797798156738
Step: 5570560	Mean reward: 41.875, 	Mean reward done: 6.199451923370361
Step: 5578752	Mean reward: 49.6875, 	Mean reward done: 6.697452068328857
Step: 5586944	Mean reward: 38.75, 	Mean reward done: 5.9513115882873535
Step: 5595136	Mean reward: 52.1875, 	Mean reward done: 6.644201278686523
Step: 5603328	Mean reward: 48.75, 	Mean reward done: 6.740251064300537
Step: 5611520	Mean reward: 45.3125, 	Mean reward done: 6.4429779052734375
Step: 5619712	Mean reward: 41.875, 	Mean reward done: 6.017092227935791
Step: 5627904	Mean reward: 37.5, 	Mean reward done: 6.109535217285156
Step: 5636096	Mean reward: 42.5, 	Mean reward done: 6.459792137145996
Step: 5644288	Mean reward: 44.375, 	Mean reward done: 6.219299793243408
Step: 5652480	Mean reward: 45.9375, 	Mean reward done: 6.489276885986328
Step: 5660672	Mean reward: 46.875, 	Mean reward done: 6.291034698486328
Step: 5668864	Mean reward: 45.9375, 	Mean reward done: 6.614436149597168
Step: 5677056	Mean reward: 44.0625, 	Mean reward done: 6.549201965332031
Step: 5685248	Mean reward: 42.8125, 	Mean reward done: 6.44553804397583
Step: 5693440	Mean reward: 43.75, 	Mean reward done: 6.264453411102295
Step: 5701632	Mean reward: 46.5625, 	Mean reward done: 6.691911220550537
Step: 5709824	Mean reward: 45.3125, 	Mean reward done: 6.639552593231201
Step: 5718016	Mean reward: 46.875, 	Mean reward done: 6.497532844543457
Step: 5726208	Mean reward: 45.625, 	Mean reward done: 6.469655990600586
Step: 5734400	Mean reward: 45.0, 	Mean reward done: 6.288723468780518
Step: 5742592	Mean reward: 43.4375, 	Mean reward done: 6.3877482414245605
Step: 5750784	Mean reward: 46.5625, 	Mean reward done: 6.4919304847717285
Step: 5758976	Mean reward: 45.9375, 	Mean reward done: 6.550201892852783
Step: 5767168	Mean reward: 42.5, 	Mean reward done: 6.110041618347168
Step: 5775360	Mean reward: 44.6875, 	Mean reward done: 6.3697099685668945
Step: 5783552	Mean reward: 47.8125, 	Mean reward done: 6.557648658752441
Step: 5791744	Mean reward: 48.4375, 	Mean reward done: 6.327249050140381
Step: 5799936	Mean reward: 45.625, 	Mean reward done: 6.444594383239746
Step: 5808128	Mean reward: 43.125, 	Mean reward done: 6.282409191131592
Step: 5816320	Mean reward: 46.875, 	Mean reward done: 6.4442548751831055
Step: 5824512	Mean reward: 44.6875, 	Mean reward done: 6.3231987953186035
Step: 5832704	Mean reward: 44.6875, 	Mean reward done: 6.25130558013916
Step: 5840896	Mean reward: 45.625, 	Mean reward done: 6.4676899909973145
Step: 5849088	Mean reward: 44.0625, 	Mean reward done: 6.387078285217285
Step: 5857280	Mean reward: 47.1875, 	Mean reward done: 6.537781238555908
Step: 5865472	Mean reward: 46.5625, 	Mean reward done: 6.47606086730957
Step: 5873664	Mean reward: 45.625, 	Mean reward done: 6.612946510314941
Step: 5881856	Mean reward: 43.75, 	Mean reward done: 5.958756923675537
Step: 5890048	Mean reward: 48.125, 	Mean reward done: 6.450019836425781
Step: 5898240	Mean reward: 43.4375, 	Mean reward done: 6.229485988616943
Step: 5906432	Mean reward: 47.1875, 	Mean reward done: 6.544710159301758
Step: 5914624	Mean reward: 45.0, 	Mean reward done: 6.405760288238525
Step: 5922816	Mean reward: 44.375, 	Mean reward done: 6.116384506225586
Step: 5931008	Mean reward: 36.875, 	Mean reward done: 5.759609222412109
Step: 5939200	Mean reward: 45.0, 	Mean reward done: 5.956362724304199
Step: 5947392	Mean reward: 47.8125, 	Mean reward done: 6.393248558044434
Step: 5955584	Mean reward: 45.3125, 	Mean reward done: 6.180788040161133
Step: 5963776	Mean reward: 37.1875, 	Mean reward done: 6.020980358123779
Step: 5971968	Mean reward: 51.25, 	Mean reward done: 6.531994342803955
Step: 5980160	Mean reward: 47.5, 	Mean reward done: 6.501605987548828
Step: 5988352	Mean reward: 37.5, 	Mean reward done: 6.051790237426758
Step: 5996544	Mean reward: 39.6875, 	Mean reward done: 5.710246562957764
Step: 6004736	Mean reward: 42.8125, 	Mean reward done: 6.05524206161499
Step: 6012928	Mean reward: 42.5, 	Mean reward done: 6.178393840789795
Step: 6021120	Mean reward: 43.4375, 	Mean reward done: 5.9367876052856445
Step: 6029312	Mean reward: 40.3125, 	Mean reward done: 6.092723846435547
Step: 6037504	Mean reward: 44.6875, 	Mean reward done: 6.213525295257568
Step: 6045696	Mean reward: 44.0625, 	Mean reward done: 6.208545684814453
Step: 6053888	Mean reward: 38.75, 	Mean reward done: 5.979864120483398
Step: 6062080	Mean reward: 41.5625, 	Mean reward done: 6.128503799438477
Step: 6070272	Mean reward: 41.875, 	Mean reward done: 6.161733627319336
Step: 6078464	Mean reward: 39.375, 	Mean reward done: 5.875414848327637
Step: 6086656	Mean reward: 34.6875, 	Mean reward done: 5.182411193847656
Step: 6094848	Mean reward: 40.3125, 	Mean reward done: 5.963898181915283
Step: 6103040	Mean reward: 45.0, 	Mean reward done: 6.089316368103027
Step: 6111232	Mean reward: 35.9375, 	Mean reward done: 5.742282390594482
Step: 6119424	Mean reward: 35.3125, 	Mean reward done: 5.409952163696289
Step: 6127616	Mean reward: 39.6875, 	Mean reward done: 5.489214897155762
Step: 6135808	Mean reward: 36.5625, 	Mean reward done: 5.2351884841918945
Step: 6144000	Mean reward: 35.9375, 	Mean reward done: 5.329510688781738
Step: 6152192	Mean reward: 40.625, 	Mean reward done: 5.573850631713867
Step: 6160384	Mean reward: 42.1875, 	Mean reward done: 6.053741455078125
Step: 6168576	Mean reward: 39.0625, 	Mean reward done: 5.786858558654785
Step: 6176768	Mean reward: 44.0625, 	Mean reward done: 5.954009532928467
Step: 6184960	Mean reward: 39.0625, 	Mean reward done: 5.7777018547058105
Step: 6193152	Mean reward: 45.3125, 	Mean reward done: 6.367995262145996
Step: 6201344	Mean reward: 45.625, 	Mean reward done: 6.239896297454834
Step: 6209536	Mean reward: 40.625, 	Mean reward done: 5.651418209075928
Step: 6217728	Mean reward: 31.875, 	Mean reward done: 5.055607318878174
Step: 6225920	Mean reward: 40.625, 	Mean reward done: 5.319468975067139
Step: 6234112	Mean reward: 44.0625, 	Mean reward done: 6.0576910972595215
Step: 6242304	Mean reward: 41.25, 	Mean reward done: 6.11213493347168
Step: 6250496	Mean reward: 46.875, 	Mean reward done: 6.4172749519348145
Step: 6258688	Mean reward: 40.3125, 	Mean reward done: 5.952863693237305
Step: 6266880	Mean reward: 38.75, 	Mean reward done: 6.296575546264648
Step: 6275072	Mean reward: 41.5625, 	Mean reward done: 6.2023773193359375
Step: 6283264	Mean reward: 41.875, 	Mean reward done: 5.817975997924805
Step: 6291456	Mean reward: 35.3125, 	Mean reward done: 5.464654922485352
Step: 6299648	Mean reward: 35.9375, 	Mean reward done: 5.695802211761475
Step: 6307840	Mean reward: 30.625, 	Mean reward done: 4.887537479400635
Step: 6316032	Mean reward: 37.5, 	Mean reward done: 5.3152079582214355
Step: 6324224	Mean reward: 44.375, 	Mean reward done: 5.948983192443848
Step: 6332416	Mean reward: 34.375, 	Mean reward done: 5.839053153991699
Step: 6340608	Mean reward: 44.0625, 	Mean reward done: 5.9905571937561035
Step: 6348800	Mean reward: 34.0625, 	Mean reward done: 5.352843284606934
Step: 6356992	Mean reward: 36.5625, 	Mean reward done: 5.434947490692139
Step: 6365184	Mean reward: 38.75, 	Mean reward done: 5.509395122528076
Step: 6373376	Mean reward: 42.5, 	Mean reward done: 5.86427640914917
Step: 6381568	Mean reward: 39.0625, 	Mean reward done: 5.726926326751709
Step: 6389760	Mean reward: 40.625, 	Mean reward done: 6.215710163116455
Step: 6397952	Mean reward: 37.1875, 	Mean reward done: 5.856985569000244
Step: 6406144	Mean reward: 44.0625, 	Mean reward done: 5.984500885009766
Step: 6414336	Mean reward: 45.9375, 	Mean reward done: 6.452446937561035
Step: 6422528	Mean reward: 42.1875, 	Mean reward done: 5.976449489593506
Step: 6430720	Mean reward: 34.375, 	Mean reward done: 5.367015838623047
Step: 6438912	Mean reward: 33.75, 	Mean reward done: 5.4534912109375
Step: 6447104	Mean reward: 43.125, 	Mean reward done: 5.988521099090576
Step: 6455296	Mean reward: 37.5, 	Mean reward done: 5.601198196411133
Step: 6463488	Mean reward: 49.375, 	Mean reward done: 6.281708717346191
Step: 6471680	Mean reward: 47.8125, 	Mean reward done: 6.385029315948486
Step: 6479872	Mean reward: 47.5, 	Mean reward done: 6.565069198608398
Step: 6488064	Mean reward: 48.125, 	Mean reward done: 6.514685153961182
Step: 6496256	Mean reward: 47.5, 	Mean reward done: 6.443108558654785
Step: 6504448	Mean reward: 46.5625, 	Mean reward done: 6.575535774230957
Step: 6512640	Mean reward: 44.6875, 	Mean reward done: 6.403792381286621
Step: 6520832	Mean reward: 45.3125, 	Mean reward done: 6.389205455780029
Step: 6529024	Mean reward: 41.5625, 	Mean reward done: 5.701425075531006
Step: 6537216	Mean reward: 44.375, 	Mean reward done: 6.172966957092285
Step: 6545408	Mean reward: 40.9375, 	Mean reward done: 5.946347236633301
Step: 6553600	Mean reward: 41.5625, 	Mean reward done: 6.059150695800781
Step: 6561792	Mean reward: 45.0, 	Mean reward done: 6.210662364959717
Step: 6569984	Mean reward: 40.625, 	Mean reward done: 6.051543712615967
Step: 6578176	Mean reward: 32.5, 	Mean reward done: 5.303164005279541
Step: 6586368	Mean reward: 42.8125, 	Mean reward done: 5.862055778503418
Step: 6594560	Mean reward: 39.0625, 	Mean reward done: 5.69417142868042
Step: 6602752	Mean reward: 44.6875, 	Mean reward done: 5.736826419830322
Step: 6610944	Mean reward: 41.25, 	Mean reward done: 5.768441200256348
Step: 6619136	Mean reward: 45.0, 	Mean reward done: 6.096119403839111
Step: 6627328	Mean reward: 41.5625, 	Mean reward done: 6.085909843444824
Step: 6635520	Mean reward: 35.9375, 	Mean reward done: 5.329473495483398
Step: 6643712	Mean reward: 40.625, 	Mean reward done: 5.928674697875977
Step: 6651904	Mean reward: 45.625, 	Mean reward done: 6.4380879402160645
Step: 6660096	Mean reward: 46.5625, 	Mean reward done: 6.213028430938721
Step: 6668288	Mean reward: 42.8125, 	Mean reward done: 5.967342853546143
Step: 6676480	Mean reward: 43.4375, 	Mean reward done: 5.756109237670898
Step: 6684672	Mean reward: 37.8125, 	Mean reward done: 5.511417865753174
Step: 6692864	Mean reward: 41.875, 	Mean reward done: 5.663923263549805
Step: 6701056	Mean reward: 39.0625, 	Mean reward done: 5.779566764831543
Step: 6709248	Mean reward: 38.4375, 	Mean reward done: 5.603542804718018
Step: 6717440	Mean reward: 41.875, 	Mean reward done: 6.088334083557129
Step: 6725632	Mean reward: 44.0625, 	Mean reward done: 5.800614833831787
Step: 6733824	Mean reward: 37.8125, 	Mean reward done: 5.908567428588867
Step: 6742016	Mean reward: 35.3125, 	Mean reward done: 5.484580993652344
Step: 6750208	Mean reward: 43.4375, 	Mean reward done: 6.010332107543945
Step: 6758400	Mean reward: 41.875, 	Mean reward done: 5.735928535461426
Step: 6766592	Mean reward: 41.25, 	Mean reward done: 5.9556965827941895
Step: 6774784	Mean reward: 35.9375, 	Mean reward done: 5.501317501068115
Step: 6782976	Mean reward: 41.875, 	Mean reward done: 5.863681316375732
Step: 6791168	Mean reward: 41.5625, 	Mean reward done: 5.8940205574035645
Step: 6799360	Mean reward: 39.0625, 	Mean reward done: 5.8352179527282715
Step: 6807552	Mean reward: 44.375, 	Mean reward done: 6.468681335449219
Step: 6815744	Mean reward: 42.8125, 	Mean reward done: 6.053715705871582
Step: 6823936	Mean reward: 38.75, 	Mean reward done: 5.255058288574219
Step: 6832128	Mean reward: 35.625, 	Mean reward done: 5.4908223152160645
Step: 6840320	Mean reward: 40.9375, 	Mean reward done: 6.164204120635986
Step: 6848512	Mean reward: 39.375, 	Mean reward done: 6.011061668395996
Step: 6856704	Mean reward: 49.6875, 	Mean reward done: 6.45797061920166
Step: 6864896	Mean reward: 45.625, 	Mean reward done: 6.073879718780518
Step: 6873088	Mean reward: 40.9375, 	Mean reward done: 5.719548225402832
Step: 6881280	Mean reward: 36.5625, 	Mean reward done: 5.634042739868164
Step: 6889472	Mean reward: 33.4375, 	Mean reward done: 4.895309925079346
Step: 6897664	Mean reward: 32.1875, 	Mean reward done: 4.908048152923584
Step: 6905856	Mean reward: 31.875, 	Mean reward done: 4.736103057861328
Step: 6914048	Mean reward: 36.25, 	Mean reward done: 5.1107563972473145
Step: 6922240	Mean reward: 36.25, 	Mean reward done: 5.133976459503174
Step: 6930432	Mean reward: 30.3125, 	Mean reward done: 4.699397563934326
Step: 6938624	Mean reward: 37.8125, 	Mean reward done: 4.913301944732666
Step: 6946816	Mean reward: 34.6875, 	Mean reward done: 5.143840312957764
Step: 6955008	Mean reward: 35.625, 	Mean reward done: 4.977484703063965
Step: 6963200	Mean reward: 30.9375, 	Mean reward done: 4.6301350593566895
Step: 6971392	Mean reward: 30.0, 	Mean reward done: 5.194151878356934
Step: 6979584	Mean reward: 45.9375, 	Mean reward done: 6.071499347686768
Step: 6987776	Mean reward: 39.6875, 	Mean reward done: 5.984187126159668
Step: 6995968	Mean reward: 39.375, 	Mean reward done: 5.942333698272705
Step: 7004160	Mean reward: 36.5625, 	Mean reward done: 5.6355671882629395
Step: 7012352	Mean reward: 35.0, 	Mean reward done: 5.572108268737793
Step: 7020544	Mean reward: 33.125, 	Mean reward done: 5.355738162994385
Step: 7028736	Mean reward: 38.125, 	Mean reward done: 5.523894309997559
Step: 7036928	Mean reward: 34.375, 	Mean reward done: 5.138064861297607
Step: 7045120	Mean reward: 33.4375, 	Mean reward done: 5.3802385330200195
Step: 7053312	Mean reward: 42.1875, 	Mean reward done: 5.646971702575684
Step: 7061504	Mean reward: 41.875, 	Mean reward done: 5.783612251281738
Step: 7069696	Mean reward: 35.3125, 	Mean reward done: 5.31842041015625
Step: 7077888	Mean reward: 45.625, 	Mean reward done: 6.239778995513916
Step: 7086080	Mean reward: 44.6875, 	Mean reward done: 6.075226306915283
Step: 7094272	Mean reward: 41.5625, 	Mean reward done: 5.992500305175781
Step: 7102464	Mean reward: 40.0, 	Mean reward done: 5.458060264587402
Step: 7110656	Mean reward: 38.125, 	Mean reward done: 5.511358261108398
Step: 7118848	Mean reward: 34.375, 	Mean reward done: 5.001511096954346
Step: 7127040	Mean reward: 40.3125, 	Mean reward done: 6.115871906280518
Step: 7135232	Mean reward: 40.9375, 	Mean reward done: 6.179717063903809
Step: 7143424	Mean reward: 44.6875, 	Mean reward done: 5.906918525695801
Step: 7151616	Mean reward: 38.125, 	Mean reward done: 5.381790637969971
Step: 7159808	Mean reward: 27.1875, 	Mean reward done: 4.769529819488525
Step: 7168000	Mean reward: 35.3125, 	Mean reward done: 5.072629451751709
Step: 7176192	Mean reward: 36.5625, 	Mean reward done: 5.532227039337158
Step: 7184384	Mean reward: 43.4375, 	Mean reward done: 5.970972061157227
Step: 7192576	Mean reward: 38.125, 	Mean reward done: 5.869615077972412
Step: 7200768	Mean reward: 44.6875, 	Mean reward done: 6.227385997772217
Step: 7208960	Mean reward: 40.3125, 	Mean reward done: 5.828131675720215
Step: 7217152	Mean reward: 43.4375, 	Mean reward done: 5.942900657653809
Step: 7225344	Mean reward: 37.8125, 	Mean reward done: 5.841361045837402
Step: 7233536	Mean reward: 37.8125, 	Mean reward done: 5.199516773223877
Step: 7241728	Mean reward: 32.5, 	Mean reward done: 5.169769287109375
Step: 7249920	Mean reward: 38.4375, 	Mean reward done: 5.289708614349365
Step: 7258112	Mean reward: 48.4375, 	Mean reward done: 6.331295013427734
Step: 7266304	Mean reward: 43.125, 	Mean reward done: 6.112282752990723
Step: 7274496	Mean reward: 47.1875, 	Mean reward done: 6.529017925262451
Step: 7282688	Mean reward: 38.75, 	Mean reward done: 5.656766891479492
Step: 7290880	Mean reward: 35.3125, 	Mean reward done: 5.185362815856934
Step: 7299072	Mean reward: 39.375, 	Mean reward done: 5.687605857849121
Step: 7307264	Mean reward: 40.3125, 	Mean reward done: 5.392996311187744
Step: 7315456	Mean reward: 42.1875, 	Mean reward done: 5.8733344078063965
Step: 7323648	Mean reward: 40.625, 	Mean reward done: 5.7401227951049805
Step: 7331840	Mean reward: 49.375, 	Mean reward done: 6.293726921081543
Step: 7340032	Mean reward: 45.625, 	Mean reward done: 6.448770999908447
Step: 7348224	Mean reward: 39.0625, 	Mean reward done: 5.795001983642578
Step: 7356416	Mean reward: 42.1875, 	Mean reward done: 5.788740634918213
Step: 7364608	Mean reward: 39.6875, 	Mean reward done: 5.553580284118652
Step: 7372800	Mean reward: 39.6875, 	Mean reward done: 5.834824562072754
Step: 7380992	Mean reward: 37.5, 	Mean reward done: 5.405386924743652
Step: 7389184	Mean reward: 36.25, 	Mean reward done: 5.372033596038818
Step: 7397376	Mean reward: 31.875, 	Mean reward done: 4.995529651641846
Step: 7405568	Mean reward: 32.8125, 	Mean reward done: 5.3346686363220215
Step: 7413760	Mean reward: 36.875, 	Mean reward done: 5.805103778839111
Step: 7421952	Mean reward: 44.6875, 	Mean reward done: 6.030049800872803
Step: 7430144	Mean reward: 41.5625, 	Mean reward done: 5.717362880706787
Step: 7438336	Mean reward: 41.25, 	Mean reward done: 5.650562763214111
Step: 7446528	Mean reward: 38.125, 	Mean reward done: 5.666248798370361
Step: 7454720	Mean reward: 39.375, 	Mean reward done: 5.789342403411865
Step: 7462912	Mean reward: 39.6875, 	Mean reward done: 5.921217441558838
Step: 7471104	Mean reward: 32.5, 	Mean reward done: 5.2582106590271
Step: 7479296	Mean reward: 39.375, 	Mean reward done: 5.742220878601074
Step: 7487488	Mean reward: 36.875, 	Mean reward done: 5.577454566955566
Step: 7495680	Mean reward: 31.25, 	Mean reward done: 4.729956150054932
Step: 7503872	Mean reward: 30.625, 	Mean reward done: 4.959080219268799
Step: 7512064	Mean reward: 31.5625, 	Mean reward done: 4.879236221313477
Step: 7520256	Mean reward: 38.125, 	Mean reward done: 5.709156513214111
Step: 7528448	Mean reward: 42.1875, 	Mean reward done: 6.145761489868164
Step: 7536640	Mean reward: 44.375, 	Mean reward done: 6.3952178955078125
Step: 7544832	Mean reward: 43.4375, 	Mean reward done: 6.40017557144165
Step: 7553024	Mean reward: 41.25, 	Mean reward done: 6.1430158615112305
Step: 7561216	Mean reward: 45.3125, 	Mean reward done: 6.1954474449157715
Step: 7569408	Mean reward: 45.625, 	Mean reward done: 6.1892218589782715
Step: 7577600	Mean reward: 35.625, 	Mean reward done: 5.774428844451904
Step: 7585792	Mean reward: 35.625, 	Mean reward done: 5.723684787750244
Step: 7593984	Mean reward: 34.0625, 	Mean reward done: 5.265955448150635
Step: 7602176	Mean reward: 34.0625, 	Mean reward done: 5.373623847961426
Step: 7610368	Mean reward: 42.1875, 	Mean reward done: 5.907626628875732
Step: 7618560	Mean reward: 36.25, 	Mean reward done: 5.765838623046875
Step: 7626752	Mean reward: 35.9375, 	Mean reward done: 5.823912143707275
Step: 7634944	Mean reward: 42.1875, 	Mean reward done: 5.8657708168029785
Step: 7643136	Mean reward: 46.25, 	Mean reward done: 6.072728157043457
Step: 7651328	Mean reward: 36.875, 	Mean reward done: 5.946202278137207
Step: 7659520	Mean reward: 38.75, 	Mean reward done: 6.011678218841553
Step: 7667712	Mean reward: 43.125, 	Mean reward done: 6.4634175300598145
Step: 7675904	Mean reward: 44.6875, 	Mean reward done: 6.121302604675293
Step: 7684096	Mean reward: 37.5, 	Mean reward done: 5.584766387939453
Step: 7692288	Mean reward: 38.4375, 	Mean reward done: 5.653067111968994
Step: 7700480	Mean reward: 42.8125, 	Mean reward done: 5.7780232429504395
Step: 7708672	Mean reward: 42.8125, 	Mean reward done: 6.164172649383545
Step: 7716864	Mean reward: 42.5, 	Mean reward done: 5.998744964599609
Step: 7725056	Mean reward: 43.75, 	Mean reward done: 6.269845008850098
Step: 7733248	Mean reward: 37.8125, 	Mean reward done: 6.012415885925293
Step: 7741440	Mean reward: 39.0625, 	Mean reward done: 5.755754470825195
Step: 7749632	Mean reward: 42.5, 	Mean reward done: 5.790865898132324
Step: 7757824	Mean reward: 35.9375, 	Mean reward done: 5.431913375854492
Step: 7766016	Mean reward: 38.75, 	Mean reward done: 5.780974388122559
Step: 7774208	Mean reward: 42.5, 	Mean reward done: 6.116536617279053
Step: 7782400	Mean reward: 38.75, 	Mean reward done: 5.681207180023193
Step: 7790592	Mean reward: 38.4375, 	Mean reward done: 5.687310218811035
Step: 7798784	Mean reward: 38.4375, 	Mean reward done: 5.397513389587402
Step: 7806976	Mean reward: 35.0, 	Mean reward done: 5.3006792068481445
Step: 7815168	Mean reward: 45.3125, 	Mean reward done: 6.37310791015625
Step: 7823360	Mean reward: 40.0, 	Mean reward done: 5.816359996795654
Step: 7831552	Mean reward: 41.5625, 	Mean reward done: 5.9808878898620605
Step: 7839744	Mean reward: 37.5, 	Mean reward done: 5.905177593231201
Step: 7847936	Mean reward: 40.3125, 	Mean reward done: 5.936469554901123
Step: 7856128	Mean reward: 35.3125, 	Mean reward done: 5.377041816711426
Step: 7864320	Mean reward: 43.125, 	Mean reward done: 6.1238203048706055
Step: 7872512	Mean reward: 47.1875, 	Mean reward done: 6.563764572143555
Step: 7880704	Mean reward: 44.375, 	Mean reward done: 6.374199867248535
Step: 7888896	Mean reward: 37.1875, 	Mean reward done: 5.977984428405762
Step: 7897088	Mean reward: 41.875, 	Mean reward done: 5.765117645263672
Step: 7905280	Mean reward: 39.6875, 	Mean reward done: 5.997178077697754
Step: 7913472	Mean reward: 40.0, 	Mean reward done: 5.7763752937316895
Step: 7921664	Mean reward: 39.6875, 	Mean reward done: 5.41152286529541
Step: 7929856	Mean reward: 37.5, 	Mean reward done: 5.585522651672363
Step: 7938048	Mean reward: 38.125, 	Mean reward done: 5.867445468902588
Step: 7946240	Mean reward: 45.9375, 	Mean reward done: 6.232254981994629
Step: 7954432	Mean reward: 45.0, 	Mean reward done: 6.448779582977295
Step: 7962624	Mean reward: 36.875, 	Mean reward done: 5.566555500030518
Step: 7970816	Mean reward: 38.4375, 	Mean reward done: 5.922295093536377
Step: 7979008	Mean reward: 39.6875, 	Mean reward done: 6.044369697570801
Step: 7987200	Mean reward: 42.8125, 	Mean reward done: 6.268073081970215
Step: 7995392	Mean reward: 44.6875, 	Mean reward done: 6.286000728607178
Step: 8003584	Mean reward: 44.0625, 	Mean reward done: 6.316606044769287
Completed training of sd_n_mx_cr!

------------------------------------------------------------
Sender: LSF System <lsfadmin@n-62-20-14>
Subject: Job 8473446: <sd_n_mx_cr> in cluster <dcc> Done

Job <sd_n_mx_cr> was submitted from host <n-62-30-4> by user <s192288> in cluster <dcc> at Thu Dec  3 20:33:59 2020
Job was executed on host(s) <n-62-20-14>, in queue <gpuv100>, as user <s192288> in cluster <dcc> at Fri Dec  4 09:31:45 2020
</zhome/09/9/144141> was used as the home directory.
</zhome/09/9/144141/Desktop/Deep_l_hpc> was used as the working directory.
Started at Fri Dec  4 09:31:45 2020
Terminated at Sat Dec  5 02:26:29 2020
Results reported at Sat Dec  5 02:26:29 2020

Your job looked like:

------------------------------------------------------------
# LSBATCH: User input
#!/bin/sh

#BSUB -J sd_n_mx_cr

#BSUB -q gpuv100

#BSUB -gpu "num=1"

#BSUB -n 1

#BSUB -W 23:45

#BSUB -R "rusage[mem=16GB]"

#BSUB -o sd_n_mx_cr.out

#BSUB -e sd_n_mx_cr.err

# Load modules

module load python3/3.8.2
module load cuda/8.0
module load cudnn/v7.0-prod-cuda8
module load ffmpeg/4.2.2
pip3 install --user torch matplotlib procgen gym 

# 1 = model_name, 2 = encoder_index, 3 = aug_index, 4 = mix_reg, 5 = game
#the name of the run
#encoder_index 0 = Impala, 1 = Nature  
#aug_index: 0 = None, 1 = grayscale, 2 = random_cutout, 3 = color_jitter
#mixreg: 0 = False, 1 = True 
#type of game

python3 train_ppo.py sd_n_mx_cr 1 0 1 coinrun 



------------------------------------------------------------

Successfully completed.

Resource usage summary:

    CPU time :                                   60684.56 sec.
    Max Memory :                                 9117 MB
    Average Memory :                             9100.53 MB
    Total Requested Memory :                     16384.00 MB
    Delta Memory :                               7267.00 MB
    Max Swap :                                   -
    Max Processes :                              4
    Max Threads :                                13
    Run time :                                   60939 sec.
    Turnaround time :                            107550 sec.

The output (if any) is above this job summary.



PS:

Read file <sd_n_mx_cr.err> for stderr output of this job.

