Requirement already satisfied: torch in /zhome/09/9/144141/.local/lib/python3.8/site-packages (1.7.0)
Requirement already satisfied: matplotlib in /zhome/09/9/144141/.local/lib/python3.8/site-packages (3.3.3)
Requirement already satisfied: procgen in /zhome/09/9/144141/.local/lib/python3.8/site-packages (0.10.4)
Requirement already satisfied: gym in /zhome/09/9/144141/.local/lib/python3.8/site-packages (0.17.3)
Requirement already satisfied: numpy in /zhome/09/9/144141/.local/lib/python3.8/site-packages (from torch) (1.19.4)
Requirement already satisfied: typing-extensions in /zhome/09/9/144141/.local/lib/python3.8/site-packages (from torch) (3.7.4.3)
Requirement already satisfied: future in /zhome/09/9/144141/.local/lib/python3.8/site-packages (from torch) (0.18.2)
Requirement already satisfied: dataclasses in /zhome/09/9/144141/.local/lib/python3.8/site-packages (from torch) (0.6)
Requirement already satisfied: pyparsing!=2.0.4,!=2.1.2,!=2.1.6,>=2.0.3 in /zhome/09/9/144141/.local/lib/python3.8/site-packages (from matplotlib) (2.4.7)
Requirement already satisfied: cycler>=0.10 in /zhome/09/9/144141/.local/lib/python3.8/site-packages (from matplotlib) (0.10.0)
Requirement already satisfied: python-dateutil>=2.1 in /zhome/09/9/144141/.local/lib/python3.8/site-packages (from matplotlib) (2.8.1)
Requirement already satisfied: pillow>=6.2.0 in /zhome/09/9/144141/.local/lib/python3.8/site-packages (from matplotlib) (8.0.1)
Requirement already satisfied: kiwisolver>=1.0.1 in /zhome/09/9/144141/.local/lib/python3.8/site-packages (from matplotlib) (1.3.1)
Requirement already satisfied: filelock<4.0.0,>=3.0.0 in /zhome/09/9/144141/.local/lib/python3.8/site-packages (from procgen) (3.0.12)
Requirement already satisfied: gym3<1.0.0,>=0.3.3 in /zhome/09/9/144141/.local/lib/python3.8/site-packages (from procgen) (0.3.3)
Requirement already satisfied: scipy in /zhome/09/9/144141/.local/lib/python3.8/site-packages (from gym) (1.5.4)
Requirement already satisfied: pyglet<=1.5.0,>=1.4.0 in /zhome/09/9/144141/.local/lib/python3.8/site-packages (from gym) (1.5.0)
Requirement already satisfied: cloudpickle<1.7.0,>=1.2.0 in /zhome/09/9/144141/.local/lib/python3.8/site-packages (from gym) (1.6.0)
Requirement already satisfied: six in /zhome/09/9/144141/.local/lib/python3.8/site-packages (from cycler>=0.10->matplotlib) (1.15.0)
Requirement already satisfied: glfw<2.0.0,>=1.8.6 in /zhome/09/9/144141/.local/lib/python3.8/site-packages (from gym3<1.0.0,>=0.3.3->procgen) (1.12.0)
Requirement already satisfied: cffi<2.0.0,>=1.13.0 in /zhome/09/9/144141/.local/lib/python3.8/site-packages (from gym3<1.0.0,>=0.3.3->procgen) (1.14.4)
Requirement already satisfied: imageio-ffmpeg<0.4.0,>=0.3.0 in /zhome/09/9/144141/.local/lib/python3.8/site-packages (from gym3<1.0.0,>=0.3.3->procgen) (0.3.0)
Requirement already satisfied: imageio<3.0.0,>=2.6.0 in /zhome/09/9/144141/.local/lib/python3.8/site-packages (from gym3<1.0.0,>=0.3.3->procgen) (2.9.0)
Requirement already satisfied: moderngl<6.0.0,>=5.5.4 in /zhome/09/9/144141/.local/lib/python3.8/site-packages (from gym3<1.0.0,>=0.3.3->procgen) (5.6.2)
Requirement already satisfied: pycparser in /zhome/09/9/144141/.local/lib/python3.8/site-packages (from cffi<2.0.0,>=1.13.0->gym3<1.0.0,>=0.3.3->procgen) (2.20)
Requirement already satisfied: glcontext<3,>=2 in /zhome/09/9/144141/.local/lib/python3.8/site-packages (from moderngl<6.0.0,>=5.5.4->gym3<1.0.0,>=0.3.3->procgen) (2.2.0)
Run name sd_i_na_cr
Encoder used Impala
Augumentation used none
Mixreg? False
Game coinrun
Observation space: Box(0.0, 1.0, (3, 64, 64), float32)
Action space: 15
Beware of the Impala!
Step: 8192	Mean reward: 0.625, 	Mean reward done: 0.3125
Estimated time of completion: 8.95375353542881 hours
Step: 16384	Mean reward: 2.1875, 	Mean reward done: 1.09375
Step: 24576	Mean reward: 2.5, 	Mean reward done: 1.09375
Step: 32768	Mean reward: 4.0625, 	Mean reward done: 1.875
Step: 40960	Mean reward: 6.5625, 	Mean reward done: 2.5520832538604736
Step: 49152	Mean reward: 10.0, 	Mean reward done: 3.2291667461395264
Step: 57344	Mean reward: 14.375, 	Mean reward done: 3.965029716491699
Step: 65536	Mean reward: 15.3125, 	Mean reward done: 4.541666507720947
Step: 73728	Mean reward: 17.1875, 	Mean reward done: 4.2864580154418945
Step: 81920	Mean reward: 17.1875, 	Mean reward done: 4.03125
Step: 90112	Mean reward: 17.8125, 	Mean reward done: 4.215029716491699
Step: 98304	Mean reward: 20.0, 	Mean reward done: 4.3125
Step: 106496	Mean reward: 25.9375, 	Mean reward done: 5.322916507720947
Step: 114688	Mean reward: 22.1875, 	Mean reward done: 4.783854007720947
Step: 122880	Mean reward: 23.75, 	Mean reward done: 4.9441962242126465
Step: 131072	Mean reward: 23.125, 	Mean reward done: 4.960193634033203
Step: 139264	Mean reward: 24.6875, 	Mean reward done: 4.867931842803955
Step: 147456	Mean reward: 26.5625, 	Mean reward done: 4.895089626312256
Step: 155648	Mean reward: 33.75, 	Mean reward done: 5.150173187255859
Step: 163840	Mean reward: 28.125, 	Mean reward done: 4.936756134033203
Step: 172032	Mean reward: 26.875, 	Mean reward done: 5.082961082458496
Step: 180224	Mean reward: 29.6875, 	Mean reward done: 5.257564544677734
Step: 188416	Mean reward: 37.8125, 	Mean reward done: 5.68154764175415
Step: 196608	Mean reward: 30.3125, 	Mean reward done: 5.269345283508301
Step: 204800	Mean reward: 32.5, 	Mean reward done: 5.699405193328857
Step: 212992	Mean reward: 28.75, 	Mean reward done: 5.2686004638671875
Step: 221184	Mean reward: 30.3125, 	Mean reward done: 5.462425708770752
Step: 229376	Mean reward: 31.25, 	Mean reward done: 5.418030261993408
Step: 237568	Mean reward: 29.6875, 	Mean reward done: 4.860863208770752
Step: 245760	Mean reward: 33.4375, 	Mean reward done: 5.791543006896973
Step: 253952	Mean reward: 31.5625, 	Mean reward done: 5.394717216491699
Step: 262144	Mean reward: 31.875, 	Mean reward done: 5.195312023162842
Step: 270336	Mean reward: 39.0625, 	Mean reward done: 6.048734664916992
Step: 278528	Mean reward: 34.375, 	Mean reward done: 5.875371932983398
Step: 286720	Mean reward: 37.5, 	Mean reward done: 6.230159282684326
Step: 294912	Mean reward: 33.75, 	Mean reward done: 5.1015625
Step: 303104	Mean reward: 35.9375, 	Mean reward done: 5.837922096252441
Step: 311296	Mean reward: 35.3125, 	Mean reward done: 5.992930889129639
Step: 319488	Mean reward: 28.75, 	Mean reward done: 5.260044574737549
Step: 327680	Mean reward: 36.875, 	Mean reward done: 6.303695201873779
Step: 335872	Mean reward: 33.4375, 	Mean reward done: 6.013889312744141
Step: 344064	Mean reward: 30.3125, 	Mean reward done: 5.577381134033203
Step: 352256	Mean reward: 31.875, 	Mean reward done: 5.571305274963379
Step: 360448	Mean reward: 40.625, 	Mean reward done: 6.643228054046631
Step: 368640	Mean reward: 41.22715759277344, 	Mean reward done: 6.592972755432129
Step: 376832	Mean reward: 41.03053665161133, 	Mean reward done: 6.655811786651611
Step: 385024	Mean reward: 40.47261047363281, 	Mean reward done: 6.756854057312012
Step: 393216	Mean reward: 35.060218811035156, 	Mean reward done: 6.090716361999512
Step: 401408	Mean reward: 37.68287658691406, 	Mean reward done: 5.995254993438721
Step: 409600	Mean reward: 36.28752517700195, 	Mean reward done: 6.339282035827637
Step: 417792	Mean reward: 40.08648681640625, 	Mean reward done: 6.268517971038818
Step: 425984	Mean reward: 31.78757095336914, 	Mean reward done: 5.52873420715332
Step: 434176	Mean reward: 37.422767639160156, 	Mean reward done: 6.207655906677246
Step: 442368	Mean reward: 30.117443084716797, 	Mean reward done: 5.640522480010986
Step: 450560	Mean reward: 29.781469345092773, 	Mean reward done: 5.554858684539795
Step: 458752	Mean reward: 29.466243743896484, 	Mean reward done: 5.68493127822876
Step: 466944	Mean reward: 31.520410537719727, 	Mean reward done: 5.601682186126709
Step: 475136	Mean reward: 36.251426696777344, 	Mean reward done: 6.079254150390625
Step: 483328	Mean reward: 35.25460433959961, 	Mean reward done: 5.889146327972412
Step: 491520	Mean reward: 28.337417602539062, 	Mean reward done: 5.521381855010986
Step: 499712	Mean reward: 36.63679885864258, 	Mean reward done: 6.471630573272705
Step: 507904	Mean reward: 31.4952392578125, 	Mean reward done: 5.732363224029541
Step: 516096	Mean reward: 31.465078353881836, 	Mean reward done: 5.716283321380615
Step: 524288	Mean reward: 34.08449935913086, 	Mean reward done: 5.514975070953369
Step: 532480	Mean reward: 32.833675384521484, 	Mean reward done: 5.806913375854492
Step: 540672	Mean reward: 27.486404418945312, 	Mean reward done: 5.329792499542236
Step: 548864	Mean reward: 31.920085906982422, 	Mean reward done: 5.925519943237305
Step: 557056	Mean reward: 31.860109329223633, 	Mean reward done: 5.724472522735596
Step: 565248	Mean reward: 35.06214904785156, 	Mean reward done: 5.965721130371094
Step: 573440	Mean reward: 34.69837951660156, 	Mean reward done: 5.677005767822266
Step: 581632	Mean reward: 31.12286949157715, 	Mean reward done: 5.610762596130371
Step: 589824	Mean reward: 31.67670440673828, 	Mean reward done: 5.535956382751465
Step: 598016	Mean reward: 30.476585388183594, 	Mean reward done: 5.5924458503723145
Step: 606208	Mean reward: 30.177371978759766, 	Mean reward done: 5.726970672607422
Step: 614400	Mean reward: 35.9812126159668, 	Mean reward done: 6.095949649810791
Step: 622592	Mean reward: 36.19533920288086, 	Mean reward done: 6.252750873565674
Step: 630784	Mean reward: 30.904457092285156, 	Mean reward done: 5.867767810821533
Step: 638976	Mean reward: 35.8250732421875, 	Mean reward done: 5.94749116897583
Step: 647168	Mean reward: 27.35032081604004, 	Mean reward done: 5.145563125610352
Step: 655360	Mean reward: 27.350881576538086, 	Mean reward done: 5.398454189300537
Step: 663552	Mean reward: 28.514888763427734, 	Mean reward done: 5.6592326164245605
Step: 671744	Mean reward: 31.112764358520508, 	Mean reward done: 5.675048828125
Step: 679936	Mean reward: 33.697021484375, 	Mean reward done: 5.85240364074707
Step: 688128	Mean reward: 34.81010437011719, 	Mean reward done: 5.923103332519531
Step: 696320	Mean reward: 31.304218292236328, 	Mean reward done: 5.4473114013671875
Step: 704512	Mean reward: 32.4391975402832, 	Mean reward done: 5.514837265014648
Step: 712704	Mean reward: 27.494592666625977, 	Mean reward done: 5.216762542724609
Step: 720896	Mean reward: 29.805261611938477, 	Mean reward done: 5.2737603187561035
Step: 729088	Mean reward: 25.75687026977539, 	Mean reward done: 4.9858903884887695
Step: 737280	Mean reward: 25.774778366088867, 	Mean reward done: 4.99394416809082
Step: 745472	Mean reward: 31.556982040405273, 	Mean reward done: 5.394021034240723
Step: 753664	Mean reward: 27.196868896484375, 	Mean reward done: 4.913438320159912
Step: 761856	Mean reward: 27.496910095214844, 	Mean reward done: 5.407756328582764
Step: 770048	Mean reward: 27.497453689575195, 	Mean reward done: 5.286205768585205
Step: 778240	Mean reward: 22.88054847717285, 	Mean reward done: 4.698756217956543
Step: 786432	Mean reward: 28.40326499938965, 	Mean reward done: 5.218541145324707
Step: 794624	Mean reward: 28.976364135742188, 	Mean reward done: 5.644163608551025
Step: 802816	Mean reward: 34.747718811035156, 	Mean reward done: 6.2835693359375
Step: 811008	Mean reward: 25.757015228271484, 	Mean reward done: 5.2461161613464355
Step: 819200	Mean reward: 32.986148834228516, 	Mean reward done: 5.842999458312988
Step: 827392	Mean reward: 31.800344467163086, 	Mean reward done: 5.359875679016113
Step: 835584	Mean reward: 27.458269119262695, 	Mean reward done: 5.340274333953857
Step: 843776	Mean reward: 31.49905014038086, 	Mean reward done: 5.11893367767334
Step: 851968	Mean reward: 27.44556427001953, 	Mean reward done: 5.728009223937988
Step: 860160	Mean reward: 25.426658630371094, 	Mean reward done: 5.288906097412109
Step: 868352	Mean reward: 33.51272201538086, 	Mean reward done: 5.698934555053711
Step: 876544	Mean reward: 23.392024993896484, 	Mean reward done: 4.9736714363098145
Step: 884736	Mean reward: 24.285240173339844, 	Mean reward done: 4.6364336013793945
Step: 892928	Mean reward: 24.3000431060791, 	Mean reward done: 5.103404998779297
Step: 901120	Mean reward: 26.621706008911133, 	Mean reward done: 5.161026954650879
Step: 909312	Mean reward: 25.18356704711914, 	Mean reward done: 5.2929792404174805
Step: 917504	Mean reward: 25.490474700927734, 	Mean reward done: 4.995706558227539
Step: 925696	Mean reward: 22.309017181396484, 	Mean reward done: 5.207573890686035
Step: 933888	Mean reward: 21.168310165405273, 	Mean reward done: 4.9384589195251465
Step: 942080	Mean reward: 29.303020477294922, 	Mean reward done: 5.638774871826172
Step: 950272	Mean reward: 24.953094482421875, 	Mean reward done: 4.723942756652832
Step: 958464	Mean reward: 30.475317001342773, 	Mean reward done: 5.2992963790893555
Step: 966656	Mean reward: 27.27595329284668, 	Mean reward done: 4.671383857727051
Step: 974848	Mean reward: 29.307159423828125, 	Mean reward done: 5.184017658233643
Step: 983040	Mean reward: 26.407215118408203, 	Mean reward done: 4.796432971954346
Step: 991232	Mean reward: 29.8822021484375, 	Mean reward done: 5.355127811431885
Step: 999424	Mean reward: 35.37438201904297, 	Mean reward done: 5.879721641540527
Step: 1007616	Mean reward: 33.0217399597168, 	Mean reward done: 5.612146377563477
Step: 1015808	Mean reward: 32.1329345703125, 	Mean reward done: 5.294548034667969
Step: 1024000	Mean reward: 30.67119598388672, 	Mean reward done: 5.855803489685059
Step: 1032192	Mean reward: 30.659870147705078, 	Mean reward done: 5.547049522399902
Step: 1040384	Mean reward: 35.54948806762695, 	Mean reward done: 6.060791015625
Step: 1048576	Mean reward: 34.934967041015625, 	Mean reward done: 6.2889628410339355
Step: 1056768	Mean reward: 34.90495681762695, 	Mean reward done: 5.878965377807617
Step: 1064960	Mean reward: 33.146331787109375, 	Mean reward done: 5.680667877197266
Step: 1073152	Mean reward: 31.39681625366211, 	Mean reward done: 5.685102462768555
Step: 1081344	Mean reward: 37.41839599609375, 	Mean reward done: 6.303180694580078
Step: 1089536	Mean reward: 41.384857177734375, 	Mean reward done: 6.671548366546631
Step: 1097728	Mean reward: 38.44983673095703, 	Mean reward done: 6.351253032684326
Step: 1105920	Mean reward: 32.39308547973633, 	Mean reward done: 5.92466402053833
Step: 1114112	Mean reward: 34.377601623535156, 	Mean reward done: 5.858460903167725
Step: 1122304	Mean reward: 33.77783203125, 	Mean reward done: 5.895759582519531
Step: 1130496	Mean reward: 32.61477279663086, 	Mean reward done: 6.077831745147705
Step: 1138688	Mean reward: 39.72606658935547, 	Mean reward done: 6.640934944152832
Step: 1146880	Mean reward: 34.54426956176758, 	Mean reward done: 6.499086856842041
Step: 1155072	Mean reward: 31.95665740966797, 	Mean reward done: 5.819112300872803
Step: 1163264	Mean reward: 26.533832550048828, 	Mean reward done: 5.562182903289795
Step: 1171456	Mean reward: 31.666427612304688, 	Mean reward done: 5.806182384490967
Step: 1179648	Mean reward: 26.525785446166992, 	Mean reward done: 4.612129211425781
Step: 1187840	Mean reward: 28.814102172851562, 	Mean reward done: 5.286643981933594
Step: 1196032	Mean reward: 37.0637321472168, 	Mean reward done: 6.477377891540527
Step: 1204224	Mean reward: 31.341588973999023, 	Mean reward done: 5.909774303436279
Step: 1212416	Mean reward: 34.46208953857422, 	Mean reward done: 6.077383995056152
Step: 1220608	Mean reward: 31.307449340820312, 	Mean reward done: 6.002994537353516
Step: 1228800	Mean reward: 34.70699691772461, 	Mean reward done: 5.723052978515625
Step: 1236992	Mean reward: 36.95050048828125, 	Mean reward done: 6.187428951263428
Step: 1245184	Mean reward: 28.12725067138672, 	Mean reward done: 5.101624488830566
Step: 1253376	Mean reward: 33.80269241333008, 	Mean reward done: 5.597279071807861
Step: 1261568	Mean reward: 32.930442810058594, 	Mean reward done: 5.599449634552002
Step: 1269760	Mean reward: 34.04781723022461, 	Mean reward done: 6.093221664428711
Step: 1277952	Mean reward: 33.735496520996094, 	Mean reward done: 5.772746562957764
Step: 1286144	Mean reward: 37.682212829589844, 	Mean reward done: 5.8635077476501465
Step: 1294336	Mean reward: 35.381797790527344, 	Mean reward done: 5.957591533660889
Step: 1302528	Mean reward: 32.25261306762695, 	Mean reward done: 5.614699363708496
Step: 1310720	Mean reward: 34.2130126953125, 	Mean reward done: 6.073099136352539
Step: 1318912	Mean reward: 42.08858108520508, 	Mean reward done: 6.747002124786377
Step: 1327104	Mean reward: 39.211631774902344, 	Mean reward done: 6.5421142578125
Step: 1335296	Mean reward: 36.35725402832031, 	Mean reward done: 6.350132942199707
Step: 1343488	Mean reward: 42.50831604003906, 	Mean reward done: 6.60523796081543
Step: 1351680	Mean reward: 32.346309661865234, 	Mean reward done: 5.735625267028809
Step: 1359872	Mean reward: 35.42257308959961, 	Mean reward done: 5.945212364196777
Step: 1368064	Mean reward: 35.11940383911133, 	Mean reward done: 5.85935115814209
Step: 1376256	Mean reward: 36.77526092529297, 	Mean reward done: 6.081960678100586
Step: 1384448	Mean reward: 30.300823211669922, 	Mean reward done: 5.613938808441162
Step: 1392640	Mean reward: 35.06254196166992, 	Mean reward done: 5.866391181945801
Step: 1400832	Mean reward: 32.520469665527344, 	Mean reward done: 5.379790306091309
Step: 1409024	Mean reward: 31.103900909423828, 	Mean reward done: 5.9053568840026855
Step: 1417216	Mean reward: 35.85769271850586, 	Mean reward done: 5.901241779327393
Step: 1425408	Mean reward: 37.50798034667969, 	Mean reward done: 6.564565181732178
Step: 1433600	Mean reward: 38.87528610229492, 	Mean reward done: 6.504241943359375
Step: 1441792	Mean reward: 38.28093338012695, 	Mean reward done: 6.535979747772217
Step: 1449984	Mean reward: 37.69049835205078, 	Mean reward done: 6.4388933181762695
Step: 1458176	Mean reward: 40.43986892700195, 	Mean reward done: 6.588740825653076
Step: 1466368	Mean reward: 36.50259017944336, 	Mean reward done: 6.419540882110596
Step: 1474560	Mean reward: 34.526180267333984, 	Mean reward done: 6.026951313018799
Step: 1482752	Mean reward: 37.57545852661133, 	Mean reward done: 6.052245140075684
Step: 1490944	Mean reward: 35.596920013427734, 	Mean reward done: 6.218608379364014
Step: 1499136	Mean reward: 36.134212493896484, 	Mean reward done: 6.197088241577148
Step: 1507328	Mean reward: 34.72058868408203, 	Mean reward done: 6.457412242889404
Step: 1515520	Mean reward: 37.758148193359375, 	Mean reward done: 6.37009334564209
Step: 1523712	Mean reward: 34.39857864379883, 	Mean reward done: 6.277355194091797
Step: 1531904	Mean reward: 37.430477142333984, 	Mean reward done: 6.567773818969727
Step: 1540096	Mean reward: 37.12639617919922, 	Mean reward done: 6.404409408569336
Step: 1548288	Mean reward: 35.99431610107422, 	Mean reward done: 6.0290703773498535
Step: 1556480	Mean reward: 42.599029541015625, 	Mean reward done: 6.704472541809082
Step: 1564672	Mean reward: 38.96623229980469, 	Mean reward done: 6.482234001159668
Step: 1572864	Mean reward: 33.96501541137695, 	Mean reward done: 5.936963081359863
Step: 1581056	Mean reward: 35.33210754394531, 	Mean reward done: 6.073078632354736
Step: 1589248	Mean reward: 33.38801193237305, 	Mean reward done: 6.04691219329834
Step: 1597440	Mean reward: 35.303382873535156, 	Mean reward done: 5.890045642852783
Step: 1605632	Mean reward: 36.65945053100586, 	Mean reward done: 6.402096748352051
Step: 1613824	Mean reward: 36.63823699951172, 	Mean reward done: 6.464638710021973
Step: 1622016	Mean reward: 38.260894775390625, 	Mean reward done: 6.417325973510742
Step: 1630208	Mean reward: 35.489219665527344, 	Mean reward done: 6.353501796722412
Step: 1638400	Mean reward: 29.434019088745117, 	Mean reward done: 5.809502124786377
Step: 1646592	Mean reward: 35.47258758544922, 	Mean reward done: 6.114316940307617
Step: 1654784	Mean reward: 34.081092834472656, 	Mean reward done: 5.932415008544922
Step: 1662976	Mean reward: 39.28135681152344, 	Mean reward done: 6.489894866943359
Step: 1671168	Mean reward: 33.4962158203125, 	Mean reward done: 5.9574294090271
Step: 1679360	Mean reward: 34.57878494262695, 	Mean reward done: 6.076692581176758
Step: 1687552	Mean reward: 34.29157257080078, 	Mean reward done: 5.781322002410889
Step: 1695744	Mean reward: 35.37335968017578, 	Mean reward done: 5.630146503448486
Step: 1703936	Mean reward: 33.440940856933594, 	Mean reward done: 6.16313362121582
Step: 1712128	Mean reward: 33.43031311035156, 	Mean reward done: 6.254047393798828
Step: 1720320	Mean reward: 37.525150299072266, 	Mean reward done: 6.682182788848877
Step: 1728512	Mean reward: 33.67155456542969, 	Mean reward done: 6.148675441741943
Step: 1736704	Mean reward: 39.9481086730957, 	Mean reward done: 6.702686786651611
Step: 1744896	Mean reward: 41.274085998535156, 	Mean reward done: 6.350298881530762
Step: 1753088	Mean reward: 36.33229064941406, 	Mean reward done: 6.215579509735107
Step: 1761280	Mean reward: 38.7667236328125, 	Mean reward done: 6.369551181793213
Step: 1769472	Mean reward: 36.834415435791016, 	Mean reward done: 6.170546531677246
Step: 1777664	Mean reward: 37.36079788208008, 	Mean reward done: 6.33750057220459
Step: 1785856	Mean reward: 40.59726333618164, 	Mean reward done: 6.580075740814209
Step: 1794048	Mean reward: 38.66613006591797, 	Mean reward done: 6.0559892654418945
Step: 1802240	Mean reward: 37.55423355102539, 	Mean reward done: 6.297392845153809
Step: 1810432	Mean reward: 42.416725158691406, 	Mean reward done: 6.523947238922119
Step: 1818624	Mean reward: 39.39053726196289, 	Mean reward done: 6.43487548828125
Step: 1826816	Mean reward: 35.56945037841797, 	Mean reward done: 6.211513042449951
Step: 1835008	Mean reward: 41.24651336669922, 	Mean reward done: 6.223034381866455
Step: 1843200	Mean reward: 38.77336883544922, 	Mean reward done: 6.116614818572998
Step: 1851392	Mean reward: 39.561824798583984, 	Mean reward done: 6.550295352935791
Step: 1859584	Mean reward: 35.746360778808594, 	Mean reward done: 6.00405216217041
Step: 1867776	Mean reward: 37.62678146362305, 	Mean reward done: 6.175315856933594
Step: 1875968	Mean reward: 37.331417083740234, 	Mean reward done: 6.213217258453369
Step: 1884160	Mean reward: 32.723690032958984, 	Mean reward done: 5.113743305206299
Step: 1892352	Mean reward: 34.87539291381836, 	Mean reward done: 5.314458847045898
Step: 1900544	Mean reward: 26.495847702026367, 	Mean reward done: 4.923022747039795
Step: 1908736	Mean reward: 40.002681732177734, 	Mean reward done: 6.378053188323975
Step: 1916928	Mean reward: 40.515682220458984, 	Mean reward done: 6.201790809631348
Step: 1925120	Mean reward: 34.28498077392578, 	Mean reward done: 6.31732177734375
Step: 1933312	Mean reward: 33.73619079589844, 	Mean reward done: 5.72422456741333
Step: 1941504	Mean reward: 35.614105224609375, 	Mean reward done: 6.101334095001221
Step: 1949696	Mean reward: 29.67580795288086, 	Mean reward done: 5.063398361206055
Step: 1957888	Mean reward: 35.331581115722656, 	Mean reward done: 5.771298885345459
Step: 1966080	Mean reward: 36.66373825073242, 	Mean reward done: 5.877071857452393
Step: 1974272	Mean reward: 38.798851013183594, 	Mean reward done: 6.277234077453613
Step: 1982464	Mean reward: 35.821529388427734, 	Mean reward done: 6.122094631195068
Step: 1990656	Mean reward: 39.02994918823242, 	Mean reward done: 6.499517440795898
Step: 1998848	Mean reward: 37.93488693237305, 	Mean reward done: 6.315450191497803
Step: 2007040	Mean reward: 37.11006164550781, 	Mean reward done: 6.178193092346191
Step: 2015232	Mean reward: 37.628074645996094, 	Mean reward done: 6.303034782409668
Step: 2023424	Mean reward: 35.462833404541016, 	Mean reward done: 6.275298118591309
Step: 2031616	Mean reward: 37.86249542236328, 	Mean reward done: 6.26458740234375
Step: 2039808	Mean reward: 37.311458587646484, 	Mean reward done: 6.318260669708252
Step: 2048000	Mean reward: 43.182373046875, 	Mean reward done: 6.564550876617432
Step: 2056192	Mean reward: 40.47314453125, 	Mean reward done: 6.481842041015625
Step: 2064384	Mean reward: 35.09492874145508, 	Mean reward done: 6.227176189422607
Step: 2072576	Mean reward: 39.36522674560547, 	Mean reward done: 6.032229423522949
Step: 2080768	Mean reward: 37.20276641845703, 	Mean reward done: 6.210695743560791
Step: 2088960	Mean reward: 37.98793411254883, 	Mean reward done: 6.256377696990967
Step: 2097152	Mean reward: 42.2420768737793, 	Mean reward done: 6.748618125915527
Step: 2105344	Mean reward: 43.27851104736328, 	Mean reward done: 6.257071018218994
Step: 2113536	Mean reward: 40.043704986572266, 	Mean reward done: 6.389613151550293
Step: 2121728	Mean reward: 41.35294723510742, 	Mean reward done: 6.431970119476318
Step: 2129920	Mean reward: 39.72282791137695, 	Mean reward done: 6.534765720367432
Step: 2138112	Mean reward: 36.77517318725586, 	Mean reward done: 6.237478733062744
Step: 2146304	Mean reward: 41.5483283996582, 	Mean reward done: 6.664988040924072
Step: 2154496	Mean reward: 37.53561019897461, 	Mean reward done: 6.220308303833008
Step: 2162688	Mean reward: 42.565025329589844, 	Mean reward done: 6.497725963592529
Step: 2170880	Mean reward: 36.691062927246094, 	Mean reward done: 6.426618576049805
Step: 2179072	Mean reward: 44.11338806152344, 	Mean reward done: 6.842618465423584
Step: 2187264	Mean reward: 37.709564208984375, 	Mean reward done: 6.179650783538818
Step: 2195456	Mean reward: 42.19871520996094, 	Mean reward done: 6.746041297912598
Step: 2203648	Mean reward: 33.69166564941406, 	Mean reward done: 5.945744037628174
Step: 2211840	Mean reward: 35.2765998840332, 	Mean reward done: 6.343175888061523
Step: 2220032	Mean reward: 37.912837982177734, 	Mean reward done: 6.173409938812256
Step: 2228224	Mean reward: 38.69239807128906, 	Mean reward done: 6.476373672485352
Step: 2236416	Mean reward: 38.67378616333008, 	Mean reward done: 6.442812919616699
Step: 2244608	Mean reward: 40.771331787109375, 	Mean reward done: 6.293749809265137
Step: 2252800	Mean reward: 37.573265075683594, 	Mean reward done: 5.962008476257324
Step: 2260992	Mean reward: 38.882568359375, 	Mean reward done: 6.191658973693848
Step: 2269184	Mean reward: 37.80584716796875, 	Mean reward done: 6.160602569580078
Step: 2277376	Mean reward: 36.99990463256836, 	Mean reward done: 6.2429046630859375
Step: 2285568	Mean reward: 40.418418884277344, 	Mean reward done: 6.019056797027588
Step: 2293760	Mean reward: 38.01811599731445, 	Mean reward done: 5.9903483390808105
Step: 2301952	Mean reward: 39.587074279785156, 	Mean reward done: 5.79949951171875
Step: 2310144	Mean reward: 30.870203018188477, 	Mean reward done: 5.298842430114746
Step: 2318336	Mean reward: 37.72005081176758, 	Mean reward done: 6.064228534698486
Step: 2326528	Mean reward: 40.33951187133789, 	Mean reward done: 5.945163726806641
Step: 2334720	Mean reward: 38.213443756103516, 	Mean reward done: 5.889694690704346
Step: 2342912	Mean reward: 36.35482406616211, 	Mean reward done: 5.757097244262695
Step: 2351104	Mean reward: 36.606903076171875, 	Mean reward done: 6.048401832580566
Step: 2359296	Mean reward: 39.2269172668457, 	Mean reward done: 5.82850456237793
Step: 2367488	Mean reward: 40.2560920715332, 	Mean reward done: 6.0741353034973145
Step: 2375680	Mean reward: 37.61043930053711, 	Mean reward done: 5.671832084655762
Step: 2383872	Mean reward: 36.5428581237793, 	Mean reward done: 5.582194805145264
Step: 2392064	Mean reward: 35.746463775634766, 	Mean reward done: 5.790539264678955
Step: 2400256	Mean reward: 27.859729766845703, 	Mean reward done: 4.797115802764893
Step: 2408448	Mean reward: 30.75082015991211, 	Mean reward done: 5.186572074890137
Step: 2416640	Mean reward: 30.492534637451172, 	Mean reward done: 5.023669719696045
Step: 2424832	Mean reward: 29.440288543701172, 	Mean reward done: 4.860908508300781
Step: 2433024	Mean reward: 31.807687759399414, 	Mean reward done: 5.23524808883667
Step: 2441216	Mean reward: 34.69314193725586, 	Mean reward done: 5.5087361335754395
Step: 2449408	Mean reward: 26.28480339050293, 	Mean reward done: 4.261441230773926
Step: 2457600	Mean reward: 31.544483184814453, 	Mean reward done: 5.295596599578857
Step: 2465792	Mean reward: 38.106929779052734, 	Mean reward done: 5.896044731140137
Step: 2473984	Mean reward: 35.206329345703125, 	Mean reward done: 5.853658676147461
Step: 2482176	Mean reward: 35.199851989746094, 	Mean reward done: 5.682658672332764
Step: 2490368	Mean reward: 38.335365295410156, 	Mean reward done: 5.529304027557373
Step: 2498560	Mean reward: 33.340396881103516, 	Mean reward done: 5.365786552429199
Step: 2506752	Mean reward: 39.10343551635742, 	Mean reward done: 5.781373023986816
Step: 2514944	Mean reward: 26.506038665771484, 	Mean reward done: 5.063660144805908
Step: 2523136	Mean reward: 34.905147552490234, 	Mean reward done: 5.428536415100098
Step: 2531328	Mean reward: 35.68111038208008, 	Mean reward done: 5.883670330047607
Step: 2539520	Mean reward: 34.8889045715332, 	Mean reward done: 5.58184289932251
Step: 2547712	Mean reward: 35.14162826538086, 	Mean reward done: 5.882226467132568
Step: 2555904	Mean reward: 34.61039733886719, 	Mean reward done: 5.62553071975708
Step: 2564096	Mean reward: 35.127166748046875, 	Mean reward done: 5.670190811157227
Step: 2572288	Mean reward: 35.905216217041016, 	Mean reward done: 5.632911682128906
Step: 2580480	Mean reward: 37.73113250732422, 	Mean reward done: 5.801375389099121
Step: 2588672	Mean reward: 36.14704513549805, 	Mean reward done: 5.943014144897461
Step: 2596864	Mean reward: 38.22933578491211, 	Mean reward done: 5.98378324508667
Step: 2605056	Mean reward: 35.07781219482422, 	Mean reward done: 5.642071723937988
Step: 2613248	Mean reward: 29.579055786132812, 	Mean reward done: 5.041609287261963
Step: 2621440	Mean reward: 28.796852111816406, 	Mean reward done: 5.061267852783203
Step: 2629632	Mean reward: 32.985015869140625, 	Mean reward done: 5.292431354522705
Step: 2637824	Mean reward: 31.15200424194336, 	Mean reward done: 5.477872371673584
Step: 2646016	Mean reward: 32.721195220947266, 	Mean reward done: 5.073015213012695
Step: 2654208	Mean reward: 29.838979721069336, 	Mean reward done: 5.762141227722168
Step: 2662400	Mean reward: 41.08525466918945, 	Mean reward done: 6.226039409637451
Step: 2670592	Mean reward: 28.520750045776367, 	Mean reward done: 5.503445625305176
Step: 2678784	Mean reward: 35.582401275634766, 	Mean reward done: 5.640744209289551
Step: 2686976	Mean reward: 37.664310455322266, 	Mean reward done: 5.9037675857543945
Step: 2695168	Mean reward: 28.245792388916016, 	Mean reward done: 4.832491874694824
Step: 2703360	Mean reward: 29.55891227722168, 	Mean reward done: 4.630609512329102
Step: 2711552	Mean reward: 30.081998825073242, 	Mean reward done: 5.230086326599121
Step: 2719744	Mean reward: 31.913721084594727, 	Mean reward done: 5.4011688232421875
Step: 2727936	Mean reward: 32.434288024902344, 	Mean reward done: 5.269121170043945
Step: 2736128	Mean reward: 33.4775276184082, 	Mean reward done: 5.653592586517334
Step: 2744320	Mean reward: 27.72277069091797, 	Mean reward done: 4.779644966125488
Step: 2752512	Mean reward: 22.76141929626465, 	Mean reward done: 4.2892866134643555
Step: 2760704	Mean reward: 27.217273712158203, 	Mean reward done: 4.67453670501709
Step: 2768896	Mean reward: 32.715415954589844, 	Mean reward done: 5.249738693237305
Step: 2777088	Mean reward: 34.80247116088867, 	Mean reward done: 5.59938907623291
Step: 2785280	Mean reward: 37.410865783691406, 	Mean reward done: 5.786268711090088
Step: 2793472	Mean reward: 34.52622604370117, 	Mean reward done: 6.043554782867432
Step: 2801664	Mean reward: 22.75688934326172, 	Mean reward done: 4.133774280548096
Step: 2809856	Mean reward: 20.15031623840332, 	Mean reward done: 4.059346675872803
Step: 2818048	Mean reward: 27.225740432739258, 	Mean reward done: 4.684933185577393
Step: 2826240	Mean reward: 29.06313705444336, 	Mean reward done: 4.952840328216553
Step: 2834432	Mean reward: 34.295928955078125, 	Mean reward done: 5.668931484222412
Step: 2842624	Mean reward: 31.154573440551758, 	Mean reward done: 4.661545753479004
Step: 2850816	Mean reward: 37.170074462890625, 	Mean reward done: 5.409950256347656
Step: 2859008	Mean reward: 27.483654022216797, 	Mean reward done: 4.881081581115723
Step: 2867200	Mean reward: 29.319673538208008, 	Mean reward done: 4.557619094848633
Step: 2875392	Mean reward: 34.029842376708984, 	Mean reward done: 5.36199426651001
Step: 2883584	Mean reward: 28.531532287597656, 	Mean reward done: 4.731571197509766
Step: 2891776	Mean reward: 24.608612060546875, 	Mean reward done: 4.404460906982422
Step: 2899968	Mean reward: 23.832883834838867, 	Mean reward done: 3.8785085678100586
Step: 2908160	Mean reward: 27.24532127380371, 	Mean reward done: 4.681230068206787
Step: 2916352	Mean reward: 32.48501205444336, 	Mean reward done: 5.7266669273376465
Step: 2924544	Mean reward: 34.57536697387695, 	Mean reward done: 5.883058547973633
Step: 2932736	Mean reward: 35.09387969970703, 	Mean reward done: 5.567960262298584
Step: 2940928	Mean reward: 33.517478942871094, 	Mean reward done: 5.173000812530518
Step: 2949120	Mean reward: 26.973031997680664, 	Mean reward done: 4.176486015319824
Step: 2957312	Mean reward: 31.163476943969727, 	Mean reward done: 5.119718074798584
Step: 2965504	Mean reward: 27.760522842407227, 	Mean reward done: 4.596510887145996
Step: 2973696	Mean reward: 31.955177307128906, 	Mean reward done: 5.144268035888672
Step: 2981888	Mean reward: 31.168764114379883, 	Mean reward done: 5.002503395080566
Step: 2990080	Mean reward: 36.14193344116211, 	Mean reward done: 5.247105598449707
Step: 2998272	Mean reward: 34.8255729675293, 	Mean reward done: 5.540132999420166
Step: 3006464	Mean reward: 33.24938201904297, 	Mean reward done: 5.282360553741455
Step: 3014656	Mean reward: 32.720420837402344, 	Mean reward done: 5.357325077056885
Step: 3022848	Mean reward: 29.057125091552734, 	Mean reward done: 5.034824371337891
Step: 3031040	Mean reward: 32.4593620300293, 	Mean reward done: 5.044348239898682
Step: 3039232	Mean reward: 30.626331329345703, 	Mean reward done: 4.7395806312561035
Step: 3047424	Mean reward: 31.934667587280273, 	Mean reward done: 4.965828895568848
Step: 3055616	Mean reward: 34.028228759765625, 	Mean reward done: 5.279881954193115
Step: 3063808	Mean reward: 31.931804656982422, 	Mean reward done: 5.209682941436768
Step: 3072000	Mean reward: 30.35894775390625, 	Mean reward done: 4.855645656585693
Step: 3080192	Mean reward: 27.483366012573242, 	Mean reward done: 4.346549987792969
Step: 3088384	Mean reward: 35.074588775634766, 	Mean reward done: 5.082123279571533
Step: 3096576	Mean reward: 35.06819534301758, 	Mean reward done: 5.283603191375732
Step: 3104768	Mean reward: 34.017364501953125, 	Mean reward done: 5.474341869354248
Step: 3112960	Mean reward: 34.79582214355469, 	Mean reward done: 5.323604106903076
Step: 3121152	Mean reward: 40.53971481323242, 	Mean reward done: 5.954409122467041
Step: 3129344	Mean reward: 34.77742385864258, 	Mean reward done: 5.401730060577393
Step: 3137536	Mean reward: 34.24984359741211, 	Mean reward done: 5.604667663574219
Step: 3145728	Mean reward: 31.891647338867188, 	Mean reward done: 5.430530071258545
Step: 3153920	Mean reward: 28.495716094970703, 	Mean reward done: 4.496155738830566
Step: 3162112	Mean reward: 31.896331787109375, 	Mean reward done: 5.047135829925537
Step: 3170304	Mean reward: 34.24531936645508, 	Mean reward done: 5.296645164489746
Step: 3178496	Mean reward: 28.233184814453125, 	Mean reward done: 4.720149517059326
Step: 3186688	Mean reward: 35.551368713378906, 	Mean reward done: 5.580321311950684
Step: 3194880	Mean reward: 29.53664779663086, 	Mean reward done: 5.128465175628662
Step: 3203072	Mean reward: 32.41263961791992, 	Mean reward done: 5.253672122955322
Step: 3211264	Mean reward: 33.715885162353516, 	Mean reward done: 5.351316452026367
Step: 3219456	Mean reward: 27.96599006652832, 	Mean reward done: 4.929412364959717
Step: 3227648	Mean reward: 29.015369415283203, 	Mean reward done: 4.826032638549805
Step: 3235840	Mean reward: 32.93638610839844, 	Mean reward done: 5.410776138305664
Step: 3244032	Mean reward: 30.84459686279297, 	Mean reward done: 5.527569770812988
Step: 3252224	Mean reward: 28.753719329833984, 	Mean reward done: 5.232276439666748
Step: 3260416	Mean reward: 27.189298629760742, 	Mean reward done: 4.219682216644287
Step: 3268608	Mean reward: 29.28428077697754, 	Mean reward done: 4.7682342529296875
Step: 3276800	Mean reward: 31.1151180267334, 	Mean reward done: 5.012370586395264
Step: 3284992	Mean reward: 28.761669158935547, 	Mean reward done: 4.780116558074951
Step: 3293184	Mean reward: 31.902782440185547, 	Mean reward done: 5.4197540283203125
Step: 3301376	Mean reward: 34.514591217041016, 	Mean reward done: 5.6844635009765625
Step: 3309568	Mean reward: 41.82488250732422, 	Mean reward done: 6.163425445556641
Step: 3317760	Mean reward: 49.112430572509766, 	Mean reward done: 6.856708526611328
Step: 3325952	Mean reward: 30.816585540771484, 	Mean reward done: 5.3778767585754395
Step: 3334144	Mean reward: 36.55740737915039, 	Mean reward done: 5.912906646728516
Step: 3342336	Mean reward: 35.2476806640625, 	Mean reward done: 5.786543846130371
Step: 3350528	Mean reward: 28.197620391845703, 	Mean reward done: 5.2304768562316895
Step: 3358720	Mean reward: 34.72223663330078, 	Mean reward done: 5.770246505737305
Step: 3366912	Mean reward: 37.586883544921875, 	Mean reward done: 5.78398323059082
Step: 3375104	Mean reward: 34.96966552734375, 	Mean reward done: 5.576019287109375
Step: 3383296	Mean reward: 34.964439392089844, 	Mean reward done: 5.386299133300781
Step: 3391488	Mean reward: 38.087501525878906, 	Mean reward done: 5.966148376464844
Step: 3399680	Mean reward: 41.20659637451172, 	Mean reward done: 6.095608711242676
Step: 3407872	Mean reward: 33.89491271972656, 	Mean reward done: 5.6005330085754395
Step: 3416064	Mean reward: 34.93239212036133, 	Mean reward done: 5.5005574226379395
Step: 3424256	Mean reward: 35.710716247558594, 	Mean reward done: 5.3134613037109375
Step: 3432448	Mean reward: 35.44322204589844, 	Mean reward done: 5.707616329193115
Step: 3440640	Mean reward: 36.740779876708984, 	Mean reward done: 5.632698059082031
Step: 3448832	Mean reward: 35.17087936401367, 	Mean reward done: 5.949607849121094
Step: 3457024	Mean reward: 32.29973602294922, 	Mean reward done: 5.424633026123047
Step: 3465216	Mean reward: 31.257291793823242, 	Mean reward done: 4.964992046356201
Step: 3473408	Mean reward: 32.820281982421875, 	Mean reward done: 5.205436706542969
Step: 3481600	Mean reward: 31.77667236328125, 	Mean reward done: 4.9791107177734375
Step: 3489792	Mean reward: 28.65227508544922, 	Mean reward done: 4.673254489898682
Step: 3497984	Mean reward: 30.995988845825195, 	Mean reward done: 5.237529754638672
Step: 3506176	Mean reward: 29.95738410949707, 	Mean reward done: 4.968807220458984
Step: 3514368	Mean reward: 29.436603546142578, 	Mean reward done: 5.000375747680664
Step: 3522560	Mean reward: 28.91871452331543, 	Mean reward done: 5.189480781555176
Step: 3530752	Mean reward: 35.432350158691406, 	Mean reward done: 5.491842746734619
Step: 3538944	Mean reward: 37.24663543701172, 	Mean reward done: 5.820390224456787
Step: 3547136	Mean reward: 34.89599609375, 	Mean reward done: 5.579569339752197
Step: 3555328	Mean reward: 35.41222381591797, 	Mean reward done: 5.806970596313477
Step: 3563520	Mean reward: 32.545143127441406, 	Mean reward done: 5.643218517303467
Step: 3571712	Mean reward: 34.36371994018555, 	Mean reward done: 5.7820563316345215
Step: 3579904	Mean reward: 36.701171875, 	Mean reward done: 5.436991214752197
Step: 3588096	Mean reward: 31.231502532958984, 	Mean reward done: 4.980198383331299
Step: 3596288	Mean reward: 30.711437225341797, 	Mean reward done: 4.897136211395264
Step: 3604480	Mean reward: 35.91508102416992, 	Mean reward done: 5.207150936126709
Step: 3612672	Mean reward: 33.04698944091797, 	Mean reward done: 5.1766815185546875
Step: 3620864	Mean reward: 29.40497398376465, 	Mean reward done: 4.989317417144775
Step: 3629056	Mean reward: 27.58669090270996, 	Mean reward done: 4.375852108001709
Step: 3637248	Mean reward: 30.972061157226562, 	Mean reward done: 4.691551685333252
Step: 3645440	Mean reward: 35.65351486206055, 	Mean reward done: 5.510157585144043
Step: 3653632	Mean reward: 38.24799728393555, 	Mean reward done: 5.924496173858643
Step: 3661824	Mean reward: 35.11895751953125, 	Mean reward done: 5.842743873596191
Step: 3670016	Mean reward: 33.814361572265625, 	Mean reward done: 5.610536098480225
Step: 3678208	Mean reward: 39.78948211669922, 	Mean reward done: 6.2070112228393555
Step: 3686400	Mean reward: 41.59657287597656, 	Mean reward done: 6.335118293762207
Step: 3694592	Mean reward: 42.620391845703125, 	Mean reward done: 6.488565444946289
Step: 3702784	Mean reward: 44.678287506103516, 	Mean reward done: 6.6191816329956055
Step: 3710976	Mean reward: 35.835227966308594, 	Mean reward done: 5.6447577476501465
Step: 3719168	Mean reward: 32.19697189331055, 	Mean reward done: 4.96721076965332
Step: 3727360	Mean reward: 33.49252700805664, 	Mean reward done: 4.987306594848633
Step: 3735552	Mean reward: 32.1944465637207, 	Mean reward done: 5.300936698913574
Step: 3743744	Mean reward: 33.23089599609375, 	Mean reward done: 5.640071392059326
Step: 3751936	Mean reward: 34.78385925292969, 	Mean reward done: 5.697185516357422
Step: 3760128	Mean reward: 29.591697692871094, 	Mean reward done: 5.270016193389893
Step: 3768320	Mean reward: 34.00507354736328, 	Mean reward done: 5.2340569496154785
Step: 3776512	Mean reward: 25.69928741455078, 	Mean reward done: 4.4787211418151855
Step: 3784704	Mean reward: 28.299039840698242, 	Mean reward done: 4.44069766998291
Step: 3792896	Mean reward: 25.96590805053711, 	Mean reward done: 4.595341205596924
Step: 3801088	Mean reward: 30.12380027770996, 	Mean reward done: 4.7672295570373535
Step: 3809280	Mean reward: 29.606525421142578, 	Mean reward done: 4.864751815795898
Step: 3817472	Mean reward: 37.91328811645508, 	Mean reward done: 5.672255039215088
Step: 3825664	Mean reward: 36.609336853027344, 	Mean reward done: 5.7833662033081055
Step: 3833856	Mean reward: 37.63985824584961, 	Mean reward done: 6.066876411437988
Step: 3842048	Mean reward: 35.03787612915039, 	Mean reward done: 6.024580955505371
Step: 3850240	Mean reward: 37.62503433227539, 	Mean reward done: 5.769284248352051
Step: 3858432	Mean reward: 34.50495910644531, 	Mean reward done: 5.52785062789917
Step: 3866624	Mean reward: 36.836029052734375, 	Mean reward done: 5.250248908996582
Step: 3874816	Mean reward: 30.60610580444336, 	Mean reward done: 5.0343122482299805
Step: 3883008	Mean reward: 31.385461807250977, 	Mean reward done: 5.173890113830566
Step: 3891200	Mean reward: 28.794538497924805, 	Mean reward done: 4.832949161529541
Step: 3899392	Mean reward: 33.981170654296875, 	Mean reward done: 5.528783798217773
Step: 3907584	Mean reward: 31.903865814208984, 	Mean reward done: 5.56207275390625
Step: 3915776	Mean reward: 36.31142044067383, 	Mean reward done: 5.859233856201172
Step: 3923968	Mean reward: 34.75, 	Mean reward done: 5.892414569854736
Step: 3932160	Mean reward: 32.932037353515625, 	Mean reward done: 5.404088973999023
Step: 3940352	Mean reward: 29.300230026245117, 	Mean reward done: 4.972886085510254
Step: 3948544	Mean reward: 28.785404205322266, 	Mean reward done: 5.24943733215332
Step: 3956736	Mean reward: 35.78547286987305, 	Mean reward done: 5.250613212585449
Step: 3964928	Mean reward: 29.8194637298584, 	Mean reward done: 5.26830530166626
Step: 3973120	Mean reward: 33.44933319091797, 	Mean reward done: 5.19685173034668
Step: 3981312	Mean reward: 28.782833099365234, 	Mean reward done: 5.408672332763672
Step: 3989504	Mean reward: 35.78404998779297, 	Mean reward done: 5.500344276428223
Step: 3997696	Mean reward: 30.853626251220703, 	Mean reward done: 5.400937080383301
Step: 4005888	Mean reward: 36.55570983886719, 	Mean reward done: 5.816773891448975
Step: 4014080	Mean reward: 33.182010650634766, 	Mean reward done: 5.987082004547119
Step: 4022272	Mean reward: 40.69147872924805, 	Mean reward done: 6.650378227233887
Step: 4030464	Mean reward: 39.64393615722656, 	Mean reward done: 6.587051868438721
Step: 4038656	Mean reward: 38.079471588134766, 	Mean reward done: 6.192387580871582
Step: 4046848	Mean reward: 35.2252311706543, 	Mean reward done: 6.034183979034424
Step: 4055040	Mean reward: 37.80784225463867, 	Mean reward done: 6.139438152313232
Step: 4063232	Mean reward: 40.90512466430664, 	Mean reward done: 6.46299409866333
Step: 4071424	Mean reward: 33.64894104003906, 	Mean reward done: 6.01131010055542
Step: 4079616	Mean reward: 31.83616065979004, 	Mean reward done: 5.586434841156006
Step: 4087808	Mean reward: 39.338809967041016, 	Mean reward done: 6.033398151397705
Step: 4096000	Mean reward: 34.932132720947266, 	Mean reward done: 5.673348426818848
Step: 4104192	Mean reward: 35.444969177246094, 	Mean reward done: 6.115396976470947
Step: 4112384	Mean reward: 28.459228515625, 	Mean reward done: 5.027790546417236
Step: 4120576	Mean reward: 33.63359069824219, 	Mean reward done: 5.591128349304199
Step: 4128768	Mean reward: 33.88985824584961, 	Mean reward done: 5.198548316955566
Step: 4136960	Mean reward: 31.044801712036133, 	Mean reward done: 5.341672897338867
Step: 4145152	Mean reward: 34.664039611816406, 	Mean reward done: 5.9162139892578125
Step: 4153344	Mean reward: 35.435890197753906, 	Mean reward done: 5.934413433074951
Step: 4161536	Mean reward: 36.20545196533203, 	Mean reward done: 5.701022624969482
Step: 4169728	Mean reward: 38.78507614135742, 	Mean reward done: 6.17555570602417
Step: 4177920	Mean reward: 38.51960372924805, 	Mean reward done: 5.750226974487305
Step: 4186112	Mean reward: 37.735355377197266, 	Mean reward done: 5.92531681060791
Step: 4194304	Mean reward: 39.535125732421875, 	Mean reward done: 6.29500675201416
Step: 4202496	Mean reward: 35.65243911743164, 	Mean reward done: 6.093193531036377
Step: 4210688	Mean reward: 37.97214126586914, 	Mean reward done: 6.018074035644531
Step: 4218880	Mean reward: 29.444496154785156, 	Mean reward done: 5.425120830535889
Step: 4227072	Mean reward: 34.60935592651367, 	Mean reward done: 5.7527570724487305
Step: 4235264	Mean reward: 35.124114990234375, 	Mean reward done: 5.698230743408203
Step: 4243456	Mean reward: 39.248313903808594, 	Mean reward done: 6.100074768066406
Step: 4251648	Mean reward: 37.434478759765625, 	Mean reward done: 5.9739460945129395
Step: 4259840	Mean reward: 36.65175247192383, 	Mean reward done: 6.392755508422852
Step: 4268032	Mean reward: 41.54656219482422, 	Mean reward done: 6.391631603240967
Step: 4276224	Mean reward: 34.831016540527344, 	Mean reward done: 6.045358180999756
Step: 4284416	Mean reward: 40.7586555480957, 	Mean reward done: 6.275525093078613
Step: 4292608	Mean reward: 31.983238220214844, 	Mean reward done: 5.567998886108398
Step: 4300800	Mean reward: 36.62335968017578, 	Mean reward done: 5.754891872406006
Step: 4308992	Mean reward: 33.2657470703125, 	Mean reward done: 5.500186443328857
Step: 4317184	Mean reward: 34.551387786865234, 	Mean reward done: 5.764800071716309
Step: 4325376	Mean reward: 35.57898712158203, 	Mean reward done: 5.886563777923584
Step: 4333568	Mean reward: 35.83246994018555, 	Mean reward done: 5.8099365234375
Step: 4341760	Mean reward: 31.448795318603516, 	Mean reward done: 5.2368645668029785
Step: 4349952	Mean reward: 32.22243118286133, 	Mean reward done: 5.4699387550354
Step: 4358144	Mean reward: 35.571807861328125, 	Mean reward done: 5.459329128265381
Step: 4366336	Mean reward: 33.506343841552734, 	Mean reward done: 5.331967353820801
Step: 4374528	Mean reward: 31.186058044433594, 	Mean reward done: 5.1367011070251465
Step: 4382720	Mean reward: 31.442947387695312, 	Mean reward done: 5.031955718994141
Step: 4390912	Mean reward: 40.20150375366211, 	Mean reward done: 6.198634624481201
Step: 4399104	Mean reward: 37.61616134643555, 	Mean reward done: 6.195437431335449
Step: 4407296	Mean reward: 40.69810485839844, 	Mean reward done: 6.4233245849609375
Step: 4415488	Mean reward: 39.401039123535156, 	Mean reward done: 6.363584041595459
Step: 4423680	Mean reward: 42.22336196899414, 	Mean reward done: 6.26168155670166
Step: 4431872	Mean reward: 43.49518966674805, 	Mean reward done: 6.490489482879639
Step: 4440064	Mean reward: 37.309165954589844, 	Mean reward done: 5.857658386230469
Step: 4448256	Mean reward: 40.90098571777344, 	Mean reward done: 6.409237861633301
Step: 4456448	Mean reward: 35.23648452758789, 	Mean reward done: 6.013697147369385
Step: 4464640	Mean reward: 36.260616302490234, 	Mean reward done: 5.888527870178223
Step: 4472832	Mean reward: 32.14305114746094, 	Mean reward done: 5.5928874015808105
Step: 4481024	Mean reward: 38.56957244873047, 	Mean reward done: 6.025843143463135
Step: 4489216	Mean reward: 34.706336975097656, 	Mean reward done: 5.867634296417236
Step: 4497408	Mean reward: 41.38301086425781, 	Mean reward done: 6.170403957366943
Step: 4505600	Mean reward: 39.3175163269043, 	Mean reward done: 6.2987895011901855
Step: 4513792	Mean reward: 39.822906494140625, 	Mean reward done: 6.082719326019287
Step: 4521984	Mean reward: 32.110111236572266, 	Mean reward done: 5.53109073638916
Step: 4530176	Mean reward: 34.16460037231445, 	Mean reward done: 5.57463264465332
Step: 4538368	Mean reward: 38.52569580078125, 	Mean reward done: 5.846431255340576
Step: 4546560	Mean reward: 36.722198486328125, 	Mean reward done: 5.845014572143555
Step: 4554752	Mean reward: 35.94654846191406, 	Mean reward done: 5.943714618682861
Step: 4562944	Mean reward: 38.2501220703125, 	Mean reward done: 6.1173930168151855
Step: 4571136	Mean reward: 40.040767669677734, 	Mean reward done: 6.043392181396484
Step: 4579328	Mean reward: 42.59565353393555, 	Mean reward done: 6.461521625518799
Step: 4587520	Mean reward: 36.42896270751953, 	Mean reward done: 5.715391159057617
Step: 4595712	Mean reward: 42.064327239990234, 	Mean reward done: 6.283300399780273
Step: 4603904	Mean reward: 42.564598083496094, 	Mean reward done: 6.217926025390625
Step: 4612096	Mean reward: 41.01548385620117, 	Mean reward done: 6.169726371765137
Step: 4620288	Mean reward: 41.77296447753906, 	Mean reward done: 6.10597562789917
Step: 4628480	Mean reward: 38.68804931640625, 	Mean reward done: 5.954497814178467
Step: 4636672	Mean reward: 33.55986022949219, 	Mean reward done: 5.3992438316345215
Step: 4644864	Mean reward: 38.4224967956543, 	Mean reward done: 5.784316539764404
Step: 4653056	Mean reward: 41.99999237060547, 	Mean reward done: 6.202637672424316
Step: 4661248	Mean reward: 46.3376350402832, 	Mean reward done: 6.535203456878662
Step: 4669440	Mean reward: 40.18034744262695, 	Mean reward done: 6.233211040496826
Step: 4677632	Mean reward: 41.193389892578125, 	Mean reward done: 6.244104862213135
Step: 4685824	Mean reward: 36.582183837890625, 	Mean reward done: 5.972372055053711
Step: 4694016	Mean reward: 35.29832077026367, 	Mean reward done: 6.0295186042785645
Step: 4702208	Mean reward: 38.61787796020508, 	Mean reward done: 5.991801738739014
Step: 4710400	Mean reward: 37.3326416015625, 	Mean reward done: 5.89048433303833
Step: 4718592	Mean reward: 39.116455078125, 	Mean reward done: 6.4503092765808105
Step: 4726784	Mean reward: 41.151771545410156, 	Mean reward done: 6.259607315063477
Step: 4734976	Mean reward: 41.141700744628906, 	Mean reward done: 6.467764377593994
Step: 4743168	Mean reward: 41.64156723022461, 	Mean reward done: 6.415114879608154
Step: 4751360	Mean reward: 43.673370361328125, 	Mean reward done: 6.530428409576416
Step: 4759552	Mean reward: 41.36134338378906, 	Mean reward done: 6.641775131225586
Step: 4767744	Mean reward: 42.37220001220703, 	Mean reward done: 6.498030662536621
Step: 4775936	Mean reward: 37.51423645019531, 	Mean reward done: 6.329244136810303
Step: 4784128	Mean reward: 36.99917984008789, 	Mean reward done: 5.888063430786133
Step: 4792320	Mean reward: 40.30788040161133, 	Mean reward done: 6.337643623352051
Step: 4800512	Mean reward: 39.28001403808594, 	Mean reward done: 6.096662521362305
Step: 4808704	Mean reward: 37.23320388793945, 	Mean reward done: 6.340018272399902
Step: 4816896	Mean reward: 36.20869827270508, 	Mean reward done: 5.925896644592285
Step: 4825088	Mean reward: 41.55610656738281, 	Mean reward done: 6.281650066375732
Step: 4833280	Mean reward: 41.2902717590332, 	Mean reward done: 6.493120193481445
Step: 4841472	Mean reward: 37.96958541870117, 	Mean reward done: 6.266778945922852
Step: 4849664	Mean reward: 40.25575256347656, 	Mean reward done: 5.989316940307617
Step: 4857856	Mean reward: 36.682037353515625, 	Mean reward done: 5.982868671417236
Step: 4866048	Mean reward: 42.023826599121094, 	Mean reward done: 6.465967178344727
Step: 4874240	Mean reward: 41.249568939208984, 	Mean reward done: 6.329189777374268
Step: 4882432	Mean reward: 37.4227294921875, 	Mean reward done: 6.110453128814697
Step: 4890624	Mean reward: 36.65411376953125, 	Mean reward done: 5.82003927230835
Step: 4898816	Mean reward: 36.90327453613281, 	Mean reward done: 5.599209785461426
Step: 4907008	Mean reward: 33.846248626708984, 	Mean reward done: 5.461987495422363
Step: 4915200	Mean reward: 34.86238479614258, 	Mean reward done: 5.769407272338867
Step: 4923392	Mean reward: 31.298234939575195, 	Mean reward done: 5.287559986114502
Step: 4931584	Mean reward: 35.87886047363281, 	Mean reward done: 5.657378196716309
Step: 4939776	Mean reward: 39.43410873413086, 	Mean reward done: 5.8985676765441895
Step: 4947968	Mean reward: 39.42577362060547, 	Mean reward done: 6.138034820556641
Step: 4956160	Mean reward: 39.16469955444336, 	Mean reward done: 5.860771656036377
Step: 4964352	Mean reward: 39.15713882446289, 	Mean reward done: 5.684088230133057
Step: 4972544	Mean reward: 31.019012451171875, 	Mean reward done: 5.31532621383667
Step: 4980736	Mean reward: 36.10323715209961, 	Mean reward done: 5.782834529876709
Step: 4988928	Mean reward: 39.65599060058594, 	Mean reward done: 6.06802225112915
Step: 4997120	Mean reward: 45.74369812011719, 	Mean reward done: 6.584537982940674
Step: 5005312	Mean reward: 44.71289825439453, 	Mean reward done: 6.331121444702148
Step: 5013504	Mean reward: 35.813194274902344, 	Mean reward done: 5.793389320373535
Step: 5021696	Mean reward: 34.794219970703125, 	Mean reward done: 5.939628601074219
Step: 5029888	Mean reward: 34.79231262207031, 	Mean reward done: 5.585773944854736
Step: 5038080	Mean reward: 37.073577880859375, 	Mean reward done: 5.601325035095215
Step: 5046272	Mean reward: 34.02442932128906, 	Mean reward done: 5.575118541717529
Step: 5054464	Mean reward: 37.31996536254883, 	Mean reward done: 5.746289253234863
Step: 5062656	Mean reward: 37.57017135620117, 	Mean reward done: 5.786024570465088
Step: 5070848	Mean reward: 39.087093353271484, 	Mean reward done: 5.618013381958008
Step: 5079040	Mean reward: 41.109371185302734, 	Mean reward done: 5.81849479675293
Step: 5087232	Mean reward: 37.54984664916992, 	Mean reward done: 5.8005146980285645
Step: 5095424	Mean reward: 40.07965087890625, 	Mean reward done: 5.931820869445801
Step: 5103616	Mean reward: 31.96042251586914, 	Mean reward done: 5.235133171081543
Step: 5111808	Mean reward: 32.974151611328125, 	Mean reward done: 5.260569095611572
Step: 5120000	Mean reward: 31.45240020751953, 	Mean reward done: 4.927623271942139
Step: 5128192	Mean reward: 32.21257400512695, 	Mean reward done: 5.073139667510986
Step: 5136384	Mean reward: 35.002201080322266, 	Mean reward done: 5.257979393005371
Step: 5144576	Mean reward: 42.09672546386719, 	Mean reward done: 5.823808670043945
Step: 5152768	Mean reward: 40.05992126464844, 	Mean reward done: 6.089787483215332
Step: 5160960	Mean reward: 34.9831657409668, 	Mean reward done: 6.094085693359375
Step: 5169152	Mean reward: 37.51380157470703, 	Mean reward done: 6.055754661560059
Step: 5177344	Mean reward: 36.74998474121094, 	Mean reward done: 5.968204975128174
Step: 5185536	Mean reward: 35.73164749145508, 	Mean reward done: 5.615365982055664
Step: 5193728	Mean reward: 31.675304412841797, 	Mean reward done: 4.996349334716797
Step: 5201920	Mean reward: 29.142976760864258, 	Mean reward done: 4.84438419342041
Step: 5210112	Mean reward: 30.412124633789062, 	Mean reward done: 4.763058185577393
Step: 5218304	Mean reward: 27.8785343170166, 	Mean reward done: 4.727280139923096
Step: 5226496	Mean reward: 31.430320739746094, 	Mean reward done: 5.417227745056152
Step: 5234688	Mean reward: 36.49819564819336, 	Mean reward done: 5.617254734039307
Step: 5242880	Mean reward: 30.412975311279297, 	Mean reward done: 5.048314094543457
Step: 5251072	Mean reward: 34.215667724609375, 	Mean reward done: 4.633491516113281
Step: 5259264	Mean reward: 27.119564056396484, 	Mean reward done: 4.764936447143555
Step: 5267456	Mean reward: 28.642932891845703, 	Mean reward done: 5.038062572479248
Step: 5275648	Mean reward: 32.446109771728516, 	Mean reward done: 5.148366928100586
Step: 5283840	Mean reward: 29.405858993530273, 	Mean reward done: 4.8241167068481445
Step: 5292032	Mean reward: 24.844881057739258, 	Mean reward done: 4.3601226806640625
Step: 5300224	Mean reward: 26.878076553344727, 	Mean reward done: 4.337697505950928
Step: 5308416	Mean reward: 30.42928123474121, 	Mean reward done: 4.615211486816406
Step: 5316608	Mean reward: 24.853713989257812, 	Mean reward done: 4.3345046043396
Step: 5324800	Mean reward: 28.155366897583008, 	Mean reward done: 4.527292728424072
Step: 5332992	Mean reward: 30.94588851928711, 	Mean reward done: 5.039577484130859
Step: 5341184	Mean reward: 29.425994873046875, 	Mean reward done: 4.733711242675781
Step: 5349376	Mean reward: 33.4840202331543, 	Mean reward done: 5.241543769836426
Step: 5357568	Mean reward: 34.75083541870117, 	Mean reward done: 5.3520379066467285
Step: 5365760	Mean reward: 32.21281051635742, 	Mean reward done: 5.380278587341309
Step: 5373952	Mean reward: 31.452381134033203, 	Mean reward done: 5.151377201080322
Step: 5382144	Mean reward: 34.24287796020508, 	Mean reward done: 5.320922374725342
Step: 5390336	Mean reward: 28.40934944152832, 	Mean reward done: 4.870678901672363
Step: 5398528	Mean reward: 30.187088012695312, 	Mean reward done: 4.80670166015625
Step: 5406720	Mean reward: 30.69489288330078, 	Mean reward done: 5.134740829467773
Step: 5414912	Mean reward: 27.145511627197266, 	Mean reward done: 5.01624870300293
Step: 5423104	Mean reward: 35.2645263671875, 	Mean reward done: 5.771612644195557
Step: 5431296	Mean reward: 33.486454010009766, 	Mean reward done: 5.785735130310059
Step: 5439488	Mean reward: 38.30366134643555, 	Mean reward done: 6.01180362701416
Step: 5447680	Mean reward: 37.5364990234375, 	Mean reward done: 5.936134338378906
Step: 5455872	Mean reward: 28.151752471923828, 	Mean reward done: 4.8542799949646
Step: 5464064	Mean reward: 25.61848258972168, 	Mean reward done: 4.183081150054932
Step: 5472256	Mean reward: 21.56389808654785, 	Mean reward done: 3.6046528816223145
Step: 5480448	Mean reward: 25.882951736450195, 	Mean reward done: 3.960787534713745
Step: 5488640	Mean reward: 25.886417388916016, 	Mean reward done: 4.367366313934326
Step: 5496832	Mean reward: 27.920360565185547, 	Mean reward done: 4.695092678070068
Step: 5505024	Mean reward: 34.01341247558594, 	Mean reward done: 5.227116584777832
Step: 5513216	Mean reward: 36.548091888427734, 	Mean reward done: 5.460152626037598
Step: 5521408	Mean reward: 34.76955032348633, 	Mean reward done: 5.872166633605957
Step: 5529600	Mean reward: 41.86885452270508, 	Mean reward done: 6.416673183441162
Step: 5537792	Mean reward: 40.33707809448242, 	Mean reward done: 6.326406478881836
Step: 5545984	Mean reward: 37.2872428894043, 	Mean reward done: 5.902105808258057
Step: 5554176	Mean reward: 38.2978401184082, 	Mean reward done: 5.814237594604492
Step: 5562368	Mean reward: 35.50337600708008, 	Mean reward done: 5.691107273101807
Step: 5570560	Mean reward: 36.51515579223633, 	Mean reward done: 5.971550464630127
Step: 5578752	Mean reward: 36.510986328125, 	Mean reward done: 5.755340099334717
Step: 5586944	Mean reward: 37.01445007324219, 	Mean reward done: 5.779122829437256
Step: 5595136	Mean reward: 30.927978515625, 	Mean reward done: 5.245707035064697
Step: 5603328	Mean reward: 34.476104736328125, 	Mean reward done: 5.488186359405518
Step: 5611520	Mean reward: 31.940204620361328, 	Mean reward done: 5.195921897888184
Step: 5619712	Mean reward: 37.00840759277344, 	Mean reward done: 5.449972629547119
Step: 5627904	Mean reward: 33.964134216308594, 	Mean reward done: 5.365269660949707
Step: 5636096	Mean reward: 35.22934341430664, 	Mean reward done: 5.466530799865723
Step: 5644288	Mean reward: 33.45263671875, 	Mean reward done: 5.05591344833374
Step: 5652480	Mean reward: 31.933198928833008, 	Mean reward done: 5.095815658569336
Step: 5660672	Mean reward: 31.932363510131836, 	Mean reward done: 5.1795477867126465
Step: 5668864	Mean reward: 37.25260925292969, 	Mean reward done: 5.694299221038818
Step: 5677056	Mean reward: 30.66293716430664, 	Mean reward done: 4.980555534362793
Step: 5685248	Mean reward: 30.410633087158203, 	Mean reward done: 4.859769344329834
Step: 5693440	Mean reward: 38.51686477661133, 	Mean reward done: 5.906744003295898
Step: 5701632	Mean reward: 38.25831604003906, 	Mean reward done: 6.066222667694092
Step: 5709824	Mean reward: 35.721412658691406, 	Mean reward done: 5.508798122406006
Step: 5718016	Mean reward: 31.666168212890625, 	Mean reward done: 5.409890651702881
Step: 5726208	Mean reward: 33.439666748046875, 	Mean reward done: 5.168955326080322
Step: 5734400	Mean reward: 28.880382537841797, 	Mean reward done: 4.8992486000061035
Step: 5742592	Mean reward: 26.601839065551758, 	Mean reward done: 4.416139125823975
Step: 5750784	Mean reward: 24.578943252563477, 	Mean reward done: 3.926149368286133
Step: 5758976	Mean reward: 24.584108352661133, 	Mean reward done: 3.9450981616973877
Step: 5767168	Mean reward: 35.229644775390625, 	Mean reward done: 5.115659236907959
Step: 5775360	Mean reward: 36.49384307861328, 	Mean reward done: 5.70958137512207
Step: 5783552	Mean reward: 38.26285171508789, 	Mean reward done: 6.25687837600708
Step: 5791744	Mean reward: 30.912921905517578, 	Mean reward done: 5.038922309875488
Step: 5799936	Mean reward: 28.128292083740234, 	Mean reward done: 4.863829612731934
Step: 5808128	Mean reward: 31.92896270751953, 	Mean reward done: 4.755557060241699
Step: 5816320	Mean reward: 25.08990478515625, 	Mean reward done: 4.617718696594238
Step: 5824512	Mean reward: 32.187591552734375, 	Mean reward done: 5.11084508895874
Step: 5832704	Mean reward: 26.613862991333008, 	Mean reward done: 4.291914463043213
Step: 5840896	Mean reward: 25.602420806884766, 	Mean reward done: 4.034294605255127
Step: 5849088	Mean reward: 25.86025047302246, 	Mean reward done: 4.153188705444336
Step: 5857280	Mean reward: 25.355932235717773, 	Mean reward done: 4.337860107421875
Step: 5865472	Mean reward: 23.33270263671875, 	Mean reward done: 3.7959015369415283
Step: 5873664	Mean reward: 20.800832748413086, 	Mean reward done: 3.894423484802246
Step: 5881856	Mean reward: 33.486507415771484, 	Mean reward done: 5.006650447845459
Step: 5890048	Mean reward: 29.93602180480957, 	Mean reward done: 5.022153854370117
Step: 5898240	Mean reward: 32.97968673706055, 	Mean reward done: 5.0930256843566895
Step: 5906432	Mean reward: 32.2182502746582, 	Mean reward done: 5.090451240539551
Step: 5914624	Mean reward: 34.24800491333008, 	Mean reward done: 5.177167892456055
Step: 5922816	Mean reward: 38.55624771118164, 	Mean reward done: 5.76370096206665
Step: 5931008	Mean reward: 33.226417541503906, 	Mean reward done: 5.4839911460876465
Step: 5939200	Mean reward: 40.07162857055664, 	Mean reward done: 6.0426554679870605
Step: 5947392	Mean reward: 34.233001708984375, 	Mean reward done: 5.464807987213135
Step: 5955584	Mean reward: 30.938173294067383, 	Mean reward done: 4.7314934730529785
Step: 5963776	Mean reward: 33.21923828125, 	Mean reward done: 4.926534175872803
Step: 5971968	Mean reward: 37.2752685546875, 	Mean reward done: 5.898678302764893
Step: 5980160	Mean reward: 36.25602340698242, 	Mean reward done: 6.049017429351807
Step: 5988352	Mean reward: 29.917224884033203, 	Mean reward done: 5.475168228149414
Step: 5996544	Mean reward: 33.212493896484375, 	Mean reward done: 5.151496887207031
Step: 6004736	Mean reward: 33.46565628051758, 	Mean reward done: 5.384746074676514
Step: 6012928	Mean reward: 34.4791374206543, 	Mean reward done: 5.519145488739014
Step: 6021120	Mean reward: 31.18216896057129, 	Mean reward done: 5.0210771560668945
Step: 6029312	Mean reward: 31.690195083618164, 	Mean reward done: 5.160861968994141
Step: 6037504	Mean reward: 31.43553924560547, 	Mean reward done: 5.119743347167969
Step: 6045696	Mean reward: 27.888948440551758, 	Mean reward done: 4.553187370300293
Step: 6053888	Mean reward: 28.905105590820312, 	Mean reward done: 4.869833946228027
Step: 6062080	Mean reward: 27.132335662841797, 	Mean reward done: 4.527580261230469
Step: 6070272	Mean reward: 24.600196838378906, 	Mean reward done: 4.078994274139404
Step: 6078464	Mean reward: 29.422733306884766, 	Mean reward done: 4.799708843231201
Step: 6086656	Mean reward: 29.423105239868164, 	Mean reward done: 5.141188621520996
Step: 6094848	Mean reward: 33.227699279785156, 	Mean reward done: 4.6509928703308105
Step: 6103040	Mean reward: 33.734493255615234, 	Mean reward done: 5.887834548950195
Step: 6111232	Mean reward: 37.029640197753906, 	Mean reward done: 5.508641719818115
Step: 6119424	Mean reward: 35.50474548339844, 	Mean reward done: 5.573979377746582
Step: 6127616	Mean reward: 39.304969787597656, 	Mean reward done: 5.6723527908325195
Step: 6135808	Mean reward: 31.947303771972656, 	Mean reward done: 5.718157768249512
Step: 6144000	Mean reward: 30.935686111450195, 	Mean reward done: 5.111763000488281
Step: 6152192	Mean reward: 37.2722053527832, 	Mean reward done: 5.742758274078369
Step: 6160384	Mean reward: 41.5767707824707, 	Mean reward done: 5.918620586395264
Step: 6168576	Mean reward: 36.75373077392578, 	Mean reward done: 6.165049076080322
Step: 6176768	Mean reward: 32.44319152832031, 	Mean reward done: 5.487058639526367
Step: 6184960	Mean reward: 36.749900817871094, 	Mean reward done: 5.678020000457764
Step: 6193152	Mean reward: 32.69283676147461, 	Mean reward done: 5.43583345413208
Step: 6201344	Mean reward: 34.97287368774414, 	Mean reward done: 5.455415725708008
Step: 6209536	Mean reward: 35.7305908203125, 	Mean reward done: 5.840362071990967
Step: 6217728	Mean reward: 40.794349670410156, 	Mean reward done: 6.4650492668151855
Step: 6225920	Mean reward: 41.79950714111328, 	Mean reward done: 6.381716728210449
Step: 6234112	Mean reward: 42.04401397705078, 	Mean reward done: 6.530025482177734
Step: 6242304	Mean reward: 34.44146728515625, 	Mean reward done: 5.950460910797119
Step: 6250496	Mean reward: 42.540409088134766, 	Mean reward done: 6.229133129119873
Step: 6258688	Mean reward: 37.976409912109375, 	Mean reward done: 5.930844783782959
Step: 6266880	Mean reward: 39.48930740356445, 	Mean reward done: 5.710538864135742
Step: 6275072	Mean reward: 35.436588287353516, 	Mean reward done: 5.872952461242676
Step: 6283264	Mean reward: 36.19239044189453, 	Mean reward done: 5.924404144287109
Step: 6291456	Mean reward: 40.49013900756836, 	Mean reward done: 6.401607513427734
Step: 6299648	Mean reward: 39.978614807128906, 	Mean reward done: 6.230248928070068
Step: 6307840	Mean reward: 39.97154998779297, 	Mean reward done: 6.32922887802124
Step: 6316032	Mean reward: 42.4933967590332, 	Mean reward done: 6.30305290222168
Step: 6324224	Mean reward: 39.70349884033203, 	Mean reward done: 6.105056285858154
Step: 6332416	Mean reward: 40.70930862426758, 	Mean reward done: 6.3107829093933105
Step: 6340608	Mean reward: 38.17439270019531, 	Mean reward done: 6.10416316986084
Step: 6348800	Mean reward: 36.14854049682617, 	Mean reward done: 6.066281318664551
Step: 6356992	Mean reward: 40.946964263916016, 	Mean reward done: 6.365910530090332
Step: 6365184	Mean reward: 38.918216705322266, 	Mean reward done: 6.0240654945373535
Step: 6373376	Mean reward: 36.892913818359375, 	Mean reward done: 6.124646186828613
Step: 6381568	Mean reward: 34.36376190185547, 	Mean reward done: 5.636853218078613
Step: 6389760	Mean reward: 43.20139694213867, 	Mean reward done: 6.5889716148376465
Step: 6397952	Mean reward: 41.92940139770508, 	Mean reward done: 6.209528923034668
Step: 6406144	Mean reward: 34.347618103027344, 	Mean reward done: 5.541800022125244
Step: 6414336	Mean reward: 39.90091323852539, 	Mean reward done: 6.066690921783447
Step: 6422528	Mean reward: 35.603206634521484, 	Mean reward done: 5.653307914733887
Step: 6430720	Mean reward: 38.125213623046875, 	Mean reward done: 5.954336643218994
Step: 6438912	Mean reward: 42.410362243652344, 	Mean reward done: 6.398110866546631
Step: 6447104	Mean reward: 35.33726501464844, 	Mean reward done: 5.540279865264893
Step: 6455296	Mean reward: 32.308475494384766, 	Mean reward done: 5.427211284637451
Step: 6463488	Mean reward: 30.793235778808594, 	Mean reward done: 4.925978660583496
Step: 6471680	Mean reward: 25.74828338623047, 	Mean reward done: 4.445248603820801
Step: 6479872	Mean reward: 31.303190231323242, 	Mean reward done: 4.942806243896484
Step: 6488064	Mean reward: 33.5753059387207, 	Mean reward done: 5.43730354309082
Step: 6496256	Mean reward: 36.60192108154297, 	Mean reward done: 5.609788417816162
Step: 6504448	Mean reward: 34.32851028442383, 	Mean reward done: 5.302127361297607
Step: 6512640	Mean reward: 34.32664108276367, 	Mean reward done: 5.7344255447387695
Step: 6520832	Mean reward: 37.8571891784668, 	Mean reward done: 5.8652544021606445
Step: 6529024	Mean reward: 33.81773376464844, 	Mean reward done: 5.63788366317749
Step: 6537216	Mean reward: 36.84280776977539, 	Mean reward done: 5.170730113983154
Step: 6545408	Mean reward: 30.53384780883789, 	Mean reward done: 5.219358444213867
Step: 6553600	Mean reward: 32.55166244506836, 	Mean reward done: 5.561366081237793
Step: 6561792	Mean reward: 29.525287628173828, 	Mean reward done: 5.052562713623047
Step: 6569984	Mean reward: 32.30127716064453, 	Mean reward done: 5.041065216064453
Step: 6578176	Mean reward: 31.798213958740234, 	Mean reward done: 5.2573418617248535
Step: 6586368	Mean reward: 38.86151123046875, 	Mean reward done: 5.85316801071167
Step: 6594560	Mean reward: 36.33341979980469, 	Mean reward done: 5.613321781158447
Step: 6602752	Mean reward: 34.81740951538086, 	Mean reward done: 5.877591133117676
Step: 6610944	Mean reward: 39.85988998413086, 	Mean reward done: 6.025048732757568
Step: 6619136	Mean reward: 36.575965881347656, 	Mean reward done: 5.9927978515625
Step: 6627328	Mean reward: 29.512418746948242, 	Mean reward done: 5.209414958953857
Step: 6635520	Mean reward: 36.57505798339844, 	Mean reward done: 5.583651542663574
Step: 6643712	Mean reward: 31.529388427734375, 	Mean reward done: 5.369101524353027
Step: 6651904	Mean reward: 35.059173583984375, 	Mean reward done: 5.489680767059326
Step: 6660096	Mean reward: 38.0828857421875, 	Mean reward done: 6.315919399261475
Step: 6668288	Mean reward: 35.05426788330078, 	Mean reward done: 5.857792854309082
Step: 6676480	Mean reward: 37.32081985473633, 	Mean reward done: 6.075718402862549
Step: 6684672	Mean reward: 41.85424041748047, 	Mean reward done: 6.247909069061279
Step: 6692864	Mean reward: 36.806400299072266, 	Mean reward done: 5.963916778564453
Step: 6701056	Mean reward: 33.779537200927734, 	Mean reward done: 5.548695087432861
Step: 6709248	Mean reward: 35.54231262207031, 	Mean reward done: 5.711559295654297
Step: 6717440	Mean reward: 36.04425811767578, 	Mean reward done: 5.7230119705200195
Step: 6725632	Mean reward: 37.55330276489258, 	Mean reward done: 6.182181358337402
Step: 6733824	Mean reward: 40.320411682128906, 	Mean reward done: 6.03165340423584
Step: 6742016	Mean reward: 38.55181884765625, 	Mean reward done: 6.0912370681762695
Step: 6750208	Mean reward: 44.08784484863281, 	Mean reward done: 6.65526819229126
Step: 6758400	Mean reward: 38.03446960449219, 	Mean reward done: 6.116278171539307
Step: 6766592	Mean reward: 41.05232238769531, 	Mean reward done: 6.341745853424072
Step: 6774784	Mean reward: 42.807212829589844, 	Mean reward done: 6.464554309844971
Step: 6782976	Mean reward: 43.05133056640625, 	Mean reward done: 6.460398197174072
Step: 6791168	Mean reward: 38.51300811767578, 	Mean reward done: 6.183804512023926
Step: 6799360	Mean reward: 38.00567626953125, 	Mean reward done: 5.785948276519775
Step: 6807552	Mean reward: 36.74361038208008, 	Mean reward done: 5.682419300079346
Step: 6815744	Mean reward: 37.24436950683594, 	Mean reward done: 5.990900039672852
Step: 6823936	Mean reward: 36.48503875732422, 	Mean reward done: 6.046087741851807
Step: 6832128	Mean reward: 43.52558135986328, 	Mean reward done: 6.110318183898926
Step: 6840320	Mean reward: 45.27650833129883, 	Mean reward done: 6.315845489501953
Step: 6848512	Mean reward: 38.98101043701172, 	Mean reward done: 6.103536605834961
Step: 6856704	Mean reward: 39.73076629638672, 	Mean reward done: 5.955114364624023
Step: 6864896	Mean reward: 39.22188949584961, 	Mean reward done: 5.969175338745117
Step: 6873088	Mean reward: 38.46318435668945, 	Mean reward done: 6.0434160232543945
Step: 6881280	Mean reward: 41.72490692138672, 	Mean reward done: 6.0664215087890625
Step: 6889472	Mean reward: 39.20670700073242, 	Mean reward done: 5.880109786987305
Step: 6897664	Mean reward: 32.16777420043945, 	Mean reward done: 5.127738952636719
Step: 6905856	Mean reward: 36.689064025878906, 	Mean reward done: 5.218751907348633
Step: 6914048	Mean reward: 29.65265655517578, 	Mean reward done: 4.61303186416626
Step: 6922240	Mean reward: 32.16645050048828, 	Mean reward done: 5.112665176391602
Step: 6930432	Mean reward: 37.94477081298828, 	Mean reward done: 5.6551194190979
Step: 6938624	Mean reward: 34.92709732055664, 	Mean reward done: 5.739618301391602
Step: 6946816	Mean reward: 37.93871307373047, 	Mean reward done: 5.995495319366455
Step: 6955008	Mean reward: 41.70170593261719, 	Mean reward done: 5.908635139465332
Step: 6963200	Mean reward: 37.92793655395508, 	Mean reward done: 5.922924518585205
Step: 6971392	Mean reward: 39.93361282348633, 	Mean reward done: 5.976975917816162
Step: 6979584	Mean reward: 40.93220901489258, 	Mean reward done: 5.973626136779785
Step: 6987776	Mean reward: 42.43153381347656, 	Mean reward done: 6.2174811363220215
Step: 6995968	Mean reward: 41.67184829711914, 	Mean reward done: 6.005118370056152
Step: 7004160	Mean reward: 38.40217590332031, 	Mean reward done: 5.978349208831787
Step: 7012352	Mean reward: 36.39173889160156, 	Mean reward done: 5.776469707489014
Step: 7020544	Mean reward: 40.15214920043945, 	Mean reward done: 6.081369400024414
Step: 7028736	Mean reward: 36.88547134399414, 	Mean reward done: 5.878632068634033
Step: 7036928	Mean reward: 38.387451171875, 	Mean reward done: 5.896913051605225
Step: 7045120	Mean reward: 30.357601165771484, 	Mean reward done: 5.128594875335693
Step: 7053312	Mean reward: 32.36602783203125, 	Mean reward done: 5.025756359100342
Step: 7061504	Mean reward: 34.37248229980469, 	Mean reward done: 5.061386585235596
Step: 7069696	Mean reward: 35.625389099121094, 	Mean reward done: 5.546602725982666
Step: 7077888	Mean reward: 38.88288879394531, 	Mean reward done: 5.607356548309326
Step: 7086080	Mean reward: 31.85764503479004, 	Mean reward done: 5.209568023681641
Step: 7094272	Mean reward: 32.108482360839844, 	Mean reward done: 5.358381748199463
Step: 7102464	Mean reward: 31.356542587280273, 	Mean reward done: 5.2458977699279785
Step: 7110656	Mean reward: 31.858699798583984, 	Mean reward done: 5.5003132820129395
Step: 7118848	Mean reward: 34.61695098876953, 	Mean reward done: 5.367640495300293
Step: 7127040	Mean reward: 35.36895751953125, 	Mean reward done: 5.527618408203125
Step: 7135232	Mean reward: 37.87344741821289, 	Mean reward done: 5.943480491638184
Step: 7143424	Mean reward: 39.87626647949219, 	Mean reward done: 5.985026836395264
Step: 7151616	Mean reward: 40.623199462890625, 	Mean reward done: 6.246130466461182
Step: 7159808	Mean reward: 34.85189437866211, 	Mean reward done: 5.537621021270752
Step: 7168000	Mean reward: 38.10915756225586, 	Mean reward done: 5.649816513061523
Step: 7176192	Mean reward: 40.109561920166016, 	Mean reward done: 5.660988807678223
Step: 7184384	Mean reward: 35.84513854980469, 	Mean reward done: 5.968411445617676
Step: 7192576	Mean reward: 42.10674285888672, 	Mean reward done: 6.242903709411621
Step: 7200768	Mean reward: 41.348907470703125, 	Mean reward done: 6.076534271240234
Step: 7208960	Mean reward: 39.08799743652344, 	Mean reward done: 5.85425329208374
Step: 7217152	Mean reward: 39.5845832824707, 	Mean reward done: 5.902700901031494
Step: 7225344	Mean reward: 43.08495330810547, 	Mean reward done: 5.946622371673584
Step: 7233536	Mean reward: 38.57087326049805, 	Mean reward done: 5.992954730987549
Step: 7241728	Mean reward: 34.811702728271484, 	Mean reward done: 5.699985504150391
Step: 7249920	Mean reward: 38.31429672241211, 	Mean reward done: 5.991805076599121
Step: 7258112	Mean reward: 42.56526184082031, 	Mean reward done: 6.024617671966553
Step: 7266304	Mean reward: 38.053775787353516, 	Mean reward done: 6.121354103088379
Step: 7274496	Mean reward: 34.54634475708008, 	Mean reward done: 5.748379230499268
Step: 7282688	Mean reward: 37.79888153076172, 	Mean reward done: 5.603546142578125
Step: 7290880	Mean reward: 36.294376373291016, 	Mean reward done: 5.704492568969727
Step: 7299072	Mean reward: 39.54444885253906, 	Mean reward done: 6.128417491912842
Step: 7307264	Mean reward: 38.289085388183594, 	Mean reward done: 6.178833484649658
Step: 7315456	Mean reward: 43.037254333496094, 	Mean reward done: 6.152839660644531
Step: 7323648	Mean reward: 36.527076721191406, 	Mean reward done: 5.973079681396484
Step: 7331840	Mean reward: 39.27489471435547, 	Mean reward done: 5.869196891784668
Step: 7340032	Mean reward: 38.52094268798828, 	Mean reward done: 6.107388019561768
Step: 7348224	Mean reward: 40.51689147949219, 	Mean reward done: 6.13787841796875
Step: 7356416	Mean reward: 39.761714935302734, 	Mean reward done: 6.186544418334961
Step: 7364608	Mean reward: 42.25581741333008, 	Mean reward done: 6.214545726776123
Step: 7372800	Mean reward: 39.75049591064453, 	Mean reward done: 6.179943561553955
Step: 7380992	Mean reward: 43.493526458740234, 	Mean reward done: 6.387638092041016
Step: 7389184	Mean reward: 41.23727798461914, 	Mean reward done: 6.504547119140625
Step: 7397376	Mean reward: 42.979774475097656, 	Mean reward done: 6.514899730682373
Step: 7405568	Mean reward: 36.22789001464844, 	Mean reward done: 6.087357044219971
Step: 7413760	Mean reward: 42.22001647949219, 	Mean reward done: 6.351241111755371
Step: 7421952	Mean reward: 41.46477127075195, 	Mean reward done: 6.328845024108887
Step: 7430144	Mean reward: 38.46243667602539, 	Mean reward done: 6.317237854003906
Step: 7438336	Mean reward: 37.4605598449707, 	Mean reward done: 5.968308925628662
Step: 7446528	Mean reward: 43.447532653808594, 	Mean reward done: 6.384060382843018
Step: 7454720	Mean reward: 38.698097229003906, 	Mean reward done: 6.067153453826904
Step: 7462912	Mean reward: 41.688316345214844, 	Mean reward done: 6.4409613609313965
Step: 7471104	Mean reward: 40.93323516845703, 	Mean reward done: 6.429001808166504
Step: 7479296	Mean reward: 41.67675018310547, 	Mean reward done: 6.471759796142578
Step: 7487488	Mean reward: 37.92892074584961, 	Mean reward done: 6.292173385620117
Step: 7495680	Mean reward: 40.16987609863281, 	Mean reward done: 6.3017258644104
Step: 7503872	Mean reward: 36.67406463623047, 	Mean reward done: 5.9352288246154785
Step: 7512064	Mean reward: 37.9176139831543, 	Mean reward done: 6.049059867858887
Step: 7520256	Mean reward: 41.9049072265625, 	Mean reward done: 6.175861835479736
Step: 7528448	Mean reward: 39.903743743896484, 	Mean reward done: 6.263261318206787
Step: 7536640	Mean reward: 43.138633728027344, 	Mean reward done: 6.322068691253662
Step: 7544832	Mean reward: 38.396419525146484, 	Mean reward done: 5.678428649902344
Step: 7553024	Mean reward: 38.14384460449219, 	Mean reward done: 5.6642937660217285
Step: 7561216	Mean reward: 39.88434600830078, 	Mean reward done: 5.873538494110107
Step: 7569408	Mean reward: 35.14490509033203, 	Mean reward done: 5.55323600769043
Step: 7577600	Mean reward: 35.39301300048828, 	Mean reward done: 5.728221893310547
Step: 7585792	Mean reward: 39.87635040283203, 	Mean reward done: 5.497343063354492
Step: 7593984	Mean reward: 31.899097442626953, 	Mean reward done: 5.421539783477783
Step: 7602176	Mean reward: 32.39781951904297, 	Mean reward done: 5.163378715515137
Step: 7610368	Mean reward: 34.88933563232422, 	Mean reward done: 5.486470699310303
Step: 7618560	Mean reward: 37.87804412841797, 	Mean reward done: 5.649069309234619
Step: 7626752	Mean reward: 40.11697006225586, 	Mean reward done: 5.833529949188232
Step: 7634944	Mean reward: 40.111026763916016, 	Mean reward done: 6.016854286193848
Step: 7643136	Mean reward: 35.62391662597656, 	Mean reward done: 5.227234363555908
Step: 7651328	Mean reward: 31.140365600585938, 	Mean reward done: 5.351588249206543
Step: 7659520	Mean reward: 34.62702178955078, 	Mean reward done: 5.301795482635498
Step: 7667712	Mean reward: 36.36914825439453, 	Mean reward done: 5.961188793182373
Step: 7675904	Mean reward: 38.607879638671875, 	Mean reward done: 5.7989068031311035
Step: 7684096	Mean reward: 35.616355895996094, 	Mean reward done: 5.802732467651367
Step: 7692288	Mean reward: 38.35347366333008, 	Mean reward done: 5.60506534576416
Step: 7700480	Mean reward: 35.611358642578125, 	Mean reward done: 5.6903486251831055
Step: 7708672	Mean reward: 37.60109329223633, 	Mean reward done: 6.001631259918213
Step: 7716864	Mean reward: 40.33665084838867, 	Mean reward done: 5.843589782714844
Step: 7725056	Mean reward: 39.087135314941406, 	Mean reward done: 6.091479778289795
Step: 7733248	Mean reward: 39.0832405090332, 	Mean reward done: 5.896745204925537
Step: 7741440	Mean reward: 37.835262298583984, 	Mean reward done: 5.873929977416992
Step: 7749632	Mean reward: 35.3433723449707, 	Mean reward done: 5.625071048736572
Step: 7757824	Mean reward: 37.08428192138672, 	Mean reward done: 5.578939914703369
Step: 7766016	Mean reward: 35.83794021606445, 	Mean reward done: 5.595034122467041
Step: 7774208	Mean reward: 40.810752868652344, 	Mean reward done: 5.98345422744751
Step: 7782400	Mean reward: 41.80057907104492, 	Mean reward done: 6.143718719482422
Step: 7790592	Mean reward: 41.54606246948242, 	Mean reward done: 6.318300724029541
Step: 7798784	Mean reward: 42.037445068359375, 	Mean reward done: 6.229091167449951
Step: 7806976	Mean reward: 40.29078674316406, 	Mean reward done: 6.259854793548584
Step: 7815168	Mean reward: 46.25174331665039, 	Mean reward done: 6.415948390960693
Step: 7823360	Mean reward: 42.01656723022461, 	Mean reward done: 6.161703109741211
Step: 7831552	Mean reward: 39.77396774291992, 	Mean reward done: 5.931455135345459
Step: 7839744	Mean reward: 40.01860046386719, 	Mean reward done: 6.044422149658203
Step: 7847936	Mean reward: 41.0076904296875, 	Mean reward done: 5.8891096115112305
Step: 7856128	Mean reward: 35.28815460205078, 	Mean reward done: 5.983526706695557
Step: 7864320	Mean reward: 32.057437896728516, 	Mean reward done: 5.379492282867432
Step: 7872512	Mean reward: 38.01923370361328, 	Mean reward done: 5.6780290603637695
Step: 7880704	Mean reward: 41.74298095703125, 	Mean reward done: 5.827115535736084
Step: 7888896	Mean reward: 38.756561279296875, 	Mean reward done: 6.059159755706787
Step: 7897088	Mean reward: 42.22947692871094, 	Mean reward done: 6.189810752868652
Step: 7905280	Mean reward: 43.96179962158203, 	Mean reward done: 6.4325337409973145
Step: 7913472	Mean reward: 39.98169708251953, 	Mean reward done: 6.203200817108154
Step: 7921664	Mean reward: 37.495113372802734, 	Mean reward done: 6.147480010986328
Step: 7929856	Mean reward: 42.70478820800781, 	Mean reward done: 6.421003818511963
Step: 7938048	Mean reward: 37.73520278930664, 	Mean reward done: 6.262205600738525
Step: 7946240	Mean reward: 43.68727493286133, 	Mean reward done: 6.4803948402404785
Step: 7954432	Mean reward: 42.19184112548828, 	Mean reward done: 6.2034993171691895
Step: 7962624	Mean reward: 40.94575881958008, 	Mean reward done: 6.391307353973389
Step: 7970816	Mean reward: 39.699119567871094, 	Mean reward done: 6.253698348999023
Step: 7979008	Mean reward: 39.199668884277344, 	Mean reward done: 6.24461030960083
Step: 7987200	Mean reward: 41.6754264831543, 	Mean reward done: 6.427708625793457
Step: 7995392	Mean reward: 39.9342155456543, 	Mean reward done: 6.277637004852295
Step: 8003584	Mean reward: 37.946815490722656, 	Mean reward done: 6.212175369262695
Completed training of sd_i_na_cr!

------------------------------------------------------------
Sender: LSF System <lsfadmin@n-62-20-14>
Subject: Job 8466575: <sd_i_na_cr> in cluster <dcc> Done

Job <sd_i_na_cr> was submitted from host <n-62-27-19> by user <s192288> in cluster <dcc> at Wed Dec  2 16:35:54 2020
Job was executed on host(s) <n-62-20-14>, in queue <gpuv100>, as user <s192288> in cluster <dcc> at Wed Dec  2 20:37:22 2020
</zhome/09/9/144141> was used as the home directory.
</zhome/09/9/144141/Desktop/Deep_l_hpc> was used as the working directory.
Started at Wed Dec  2 20:37:22 2020
Terminated at Thu Dec  3 03:02:05 2020
Results reported at Thu Dec  3 03:02:05 2020

Your job looked like:

------------------------------------------------------------
# LSBATCH: User input
#!/bin/sh

#BSUB -J sd_i_na_cr

#BSUB -q gpuv100

#BSUB -gpu "num=1"

#BSUB -n 1

#BSUB -W 23:45

#BSUB -R "rusage[mem=16GB]"

#BSUB -o sd_i_na_cr.out

#BSUB -e sd_i_na_cr.err

# Load modules

module load python3/3.8.2
module load cuda/8.0
module load cudnn/v7.0-prod-cuda8
module load ffmpeg/4.2.2
pip3 install --user torch matplotlib procgen gym 

# 1 = model_name, 2 = encoder_index, 3 = aug_index, 4 = mix_reg, 5 = game
#the name of the run
#encoder_index 0 = Impala, 1 = Nature  
#aug_index: 0 = None, 1 = grayscale, 2 = random_cutout, 3 = color_jitter
#mixreg: 0 = False, 1 = True 
#type of game

python3 train_ppo.py sd_i_na_cr 0 0 0 coinrun



------------------------------------------------------------

Successfully completed.

Resource usage summary:

    CPU time :                                   22941.99 sec.
    Max Memory :                                 9084 MB
    Average Memory :                             9030.54 MB
    Total Requested Memory :                     16384.00 MB
    Delta Memory :                               7300.00 MB
    Max Swap :                                   -
    Max Processes :                              4
    Max Threads :                                13
    Run time :                                   23104 sec.
    Turnaround time :                            37571 sec.

The output (if any) is above this job summary.



PS:

Read file <sd_i_na_cr.err> for stderr output of this job.

