Requirement already satisfied: torch in /zhome/09/9/144141/.local/lib/python3.8/site-packages (1.7.0)
Requirement already satisfied: matplotlib in /zhome/09/9/144141/.local/lib/python3.8/site-packages (3.3.3)
Requirement already satisfied: procgen in /zhome/09/9/144141/.local/lib/python3.8/site-packages (0.10.4)
Requirement already satisfied: gym in /zhome/09/9/144141/.local/lib/python3.8/site-packages (0.17.3)
Requirement already satisfied: numpy in /zhome/09/9/144141/.local/lib/python3.8/site-packages (from torch) (1.19.4)
Requirement already satisfied: dataclasses in /zhome/09/9/144141/.local/lib/python3.8/site-packages (from torch) (0.6)
Requirement already satisfied: typing-extensions in /zhome/09/9/144141/.local/lib/python3.8/site-packages (from torch) (3.7.4.3)
Requirement already satisfied: future in /zhome/09/9/144141/.local/lib/python3.8/site-packages (from torch) (0.18.2)
Requirement already satisfied: cycler>=0.10 in /zhome/09/9/144141/.local/lib/python3.8/site-packages (from matplotlib) (0.10.0)
Requirement already satisfied: pyparsing!=2.0.4,!=2.1.2,!=2.1.6,>=2.0.3 in /zhome/09/9/144141/.local/lib/python3.8/site-packages (from matplotlib) (2.4.7)
Requirement already satisfied: kiwisolver>=1.0.1 in /zhome/09/9/144141/.local/lib/python3.8/site-packages (from matplotlib) (1.3.1)
Requirement already satisfied: python-dateutil>=2.1 in /zhome/09/9/144141/.local/lib/python3.8/site-packages (from matplotlib) (2.8.1)
Requirement already satisfied: pillow>=6.2.0 in /zhome/09/9/144141/.local/lib/python3.8/site-packages (from matplotlib) (8.0.1)
Requirement already satisfied: gym3<1.0.0,>=0.3.3 in /zhome/09/9/144141/.local/lib/python3.8/site-packages (from procgen) (0.3.3)
Requirement already satisfied: filelock<4.0.0,>=3.0.0 in /zhome/09/9/144141/.local/lib/python3.8/site-packages (from procgen) (3.0.12)
Requirement already satisfied: scipy in /zhome/09/9/144141/.local/lib/python3.8/site-packages (from gym) (1.5.4)
Requirement already satisfied: pyglet<=1.5.0,>=1.4.0 in /zhome/09/9/144141/.local/lib/python3.8/site-packages (from gym) (1.5.0)
Requirement already satisfied: cloudpickle<1.7.0,>=1.2.0 in /zhome/09/9/144141/.local/lib/python3.8/site-packages (from gym) (1.6.0)
Requirement already satisfied: six in /zhome/09/9/144141/.local/lib/python3.8/site-packages (from cycler>=0.10->matplotlib) (1.15.0)
Requirement already satisfied: imageio<3.0.0,>=2.6.0 in /zhome/09/9/144141/.local/lib/python3.8/site-packages (from gym3<1.0.0,>=0.3.3->procgen) (2.9.0)
Requirement already satisfied: glfw<2.0.0,>=1.8.6 in /zhome/09/9/144141/.local/lib/python3.8/site-packages (from gym3<1.0.0,>=0.3.3->procgen) (1.12.0)
Requirement already satisfied: imageio-ffmpeg<0.4.0,>=0.3.0 in /zhome/09/9/144141/.local/lib/python3.8/site-packages (from gym3<1.0.0,>=0.3.3->procgen) (0.3.0)
Requirement already satisfied: cffi<2.0.0,>=1.13.0 in /zhome/09/9/144141/.local/lib/python3.8/site-packages (from gym3<1.0.0,>=0.3.3->procgen) (1.14.4)
Requirement already satisfied: moderngl<6.0.0,>=5.5.4 in /zhome/09/9/144141/.local/lib/python3.8/site-packages (from gym3<1.0.0,>=0.3.3->procgen) (5.6.2)
Requirement already satisfied: pycparser in /zhome/09/9/144141/.local/lib/python3.8/site-packages (from cffi<2.0.0,>=1.13.0->gym3<1.0.0,>=0.3.3->procgen) (2.20)
Requirement already satisfied: glcontext<3,>=2 in /zhome/09/9/144141/.local/lib/python3.8/site-packages (from moderngl<6.0.0,>=5.5.4->gym3<1.0.0,>=0.3.3->procgen) (2.2.0)
Run name sd_n_rc_cr
Encoder used Nature
Augumentation used random_cutout
Mixreg? False
Game coinrun
Observation space: Box(0.0, 1.0, (3, 64, 64), float32)
Action space: 15
Embrace Nature!
Step: 8192	Mean reward: 0.625, 	Mean reward done: 0.3125
Estimated time of completion: 7.8194314846768975 hours
Step: 16384	Mean reward: 1.875, 	Mean reward done: 0.9375
Step: 24576	Mean reward: 2.5, 	Mean reward done: 1.09375
Step: 32768	Mean reward: 0.625, 	Mean reward done: 0.3125
Step: 40960	Mean reward: 3.4375, 	Mean reward done: 1.4583333730697632
Step: 49152	Mean reward: 5.0, 	Mean reward done: 2.03125
Step: 57344	Mean reward: 6.875, 	Mean reward done: 2.8385415077209473
Step: 65536	Mean reward: 7.1875, 	Mean reward done: 3.125
Step: 73728	Mean reward: 8.125, 	Mean reward done: 3.1510417461395264
Step: 81920	Mean reward: 10.625, 	Mean reward done: 3.6458332538604736
Step: 90112	Mean reward: 11.875, 	Mean reward done: 3.375000238418579
Step: 98304	Mean reward: 13.4375, 	Mean reward done: 3.812499523162842
Step: 106496	Mean reward: 16.5625, 	Mean reward done: 4.338541507720947
Step: 114688	Mean reward: 13.4375, 	Mean reward done: 3.7395832538604736
Step: 122880	Mean reward: 11.5625, 	Mean reward done: 3.083333730697632
Step: 131072	Mean reward: 15.9375, 	Mean reward done: 3.9010417461395264
Step: 139264	Mean reward: 19.0625, 	Mean reward done: 4.510416507720947
Step: 147456	Mean reward: 19.375, 	Mean reward done: 4.331845283508301
Step: 155648	Mean reward: 19.6875, 	Mean reward done: 4.452381134033203
Step: 163840	Mean reward: 19.375, 	Mean reward done: 4.088169574737549
Step: 172032	Mean reward: 19.375, 	Mean reward done: 4.1339287757873535
Step: 180224	Mean reward: 20.625, 	Mean reward done: 4.007192134857178
Step: 188416	Mean reward: 25.3125, 	Mean reward done: 5.164806842803955
Step: 196608	Mean reward: 28.125, 	Mean reward done: 5.335193634033203
Step: 204800	Mean reward: 27.1875, 	Mean reward done: 5.161458492279053
Step: 212992	Mean reward: 31.25, 	Mean reward done: 5.151909351348877
Step: 221184	Mean reward: 21.875, 	Mean reward done: 4.271576881408691
Step: 229376	Mean reward: 28.4375, 	Mean reward done: 5.170015335083008
Step: 237568	Mean reward: 31.25, 	Mean reward done: 5.162822246551514
Step: 245760	Mean reward: 31.5625, 	Mean reward done: 5.291295051574707
Step: 253952	Mean reward: 34.375, 	Mean reward done: 5.381324291229248
Step: 262144	Mean reward: 30.3125, 	Mean reward done: 5.414806365966797
Step: 270336	Mean reward: 34.6875, 	Mean reward done: 5.611979007720947
Step: 278528	Mean reward: 32.5, 	Mean reward done: 5.222717761993408
Step: 286720	Mean reward: 34.6875, 	Mean reward done: 5.41914701461792
Step: 294912	Mean reward: 31.25, 	Mean reward done: 4.899801731109619
Step: 303104	Mean reward: 36.5625, 	Mean reward done: 5.7454118728637695
Step: 311296	Mean reward: 40.625, 	Mean reward done: 6.201760292053223
Step: 319488	Mean reward: 27.5, 	Mean reward done: 4.899801731109619
Step: 327680	Mean reward: 30.625, 	Mean reward done: 5.123139381408691
Step: 335872	Mean reward: 31.5625, 	Mean reward done: 5.499999523162842
Step: 344064	Mean reward: 27.5, 	Mean reward done: 4.982639312744141
Step: 352256	Mean reward: 27.5, 	Mean reward done: 4.920759201049805
Step: 360448	Mean reward: 25.625, 	Mean reward done: 4.793154716491699
Step: 368640	Mean reward: 23.75, 	Mean reward done: 4.718005657196045
Step: 376832	Mean reward: 25.0, 	Mean reward done: 4.668154716491699
Step: 385024	Mean reward: 27.1875, 	Mean reward done: 5.312871932983398
Step: 393216	Mean reward: 27.1875, 	Mean reward done: 4.739211559295654
Step: 401408	Mean reward: 31.5625, 	Mean reward done: 5.723585605621338
Step: 409600	Mean reward: 29.0625, 	Mean reward done: 5.139136791229248
Step: 417792	Mean reward: 28.125, 	Mean reward done: 4.909473896026611
Step: 425984	Mean reward: 29.0625, 	Mean reward done: 5.010417461395264
Step: 434176	Mean reward: 29.375, 	Mean reward done: 5.323288440704346
Step: 442368	Mean reward: 30.625, 	Mean reward done: 5.427455425262451
Step: 450560	Mean reward: 33.4375, 	Mean reward done: 5.779017448425293
Step: 458752	Mean reward: 32.5, 	Mean reward done: 5.634300708770752
Step: 466944	Mean reward: 30.3125, 	Mean reward done: 5.804067611694336
Step: 475136	Mean reward: 33.125, 	Mean reward done: 5.316964149475098
Step: 483328	Mean reward: 35.0, 	Mean reward done: 5.324032306671143
Step: 491520	Mean reward: 38.75, 	Mean reward done: 6.058497428894043
Step: 499712	Mean reward: 31.5625, 	Mean reward done: 5.379836559295654
Step: 507904	Mean reward: 26.25, 	Mean reward done: 4.923611640930176
Step: 516096	Mean reward: 33.4375, 	Mean reward done: 5.454613208770752
Step: 524288	Mean reward: 30.9375, 	Mean reward done: 5.782489776611328
Step: 532480	Mean reward: 25.9375, 	Mean reward done: 4.994791507720947
Step: 540672	Mean reward: 30.9375, 	Mean reward done: 5.3389129638671875
Step: 548864	Mean reward: 33.4375, 	Mean reward done: 5.549107551574707
Step: 557056	Mean reward: 27.8125, 	Mean reward done: 5.108259201049805
Step: 565248	Mean reward: 28.4375, 	Mean reward done: 5.1280999183654785
Step: 573440	Mean reward: 29.375, 	Mean reward done: 5.269097328186035
Step: 581632	Mean reward: 30.9375, 	Mean reward done: 5.503348350524902
Step: 589824	Mean reward: 38.125, 	Mean reward done: 5.728174686431885
Step: 598016	Mean reward: 33.125, 	Mean reward done: 5.377356052398682
Step: 606208	Mean reward: 35.625, 	Mean reward done: 6.0107550621032715
Step: 614400	Mean reward: 26.25, 	Mean reward done: 5.078868865966797
Step: 622592	Mean reward: 30.3125, 	Mean reward done: 5.1980414390563965
Step: 630784	Mean reward: 31.5625, 	Mean reward done: 5.592634201049805
Step: 638976	Mean reward: 32.5, 	Mean reward done: 6.015253067016602
Step: 647168	Mean reward: 30.9375, 	Mean reward done: 5.697668075561523
Step: 655360	Mean reward: 31.875, 	Mean reward done: 5.75186014175415
Step: 663552	Mean reward: 36.25, 	Mean reward done: 5.9624247550964355
Step: 671744	Mean reward: 32.5, 	Mean reward done: 5.977430820465088
Step: 679936	Mean reward: 28.75, 	Mean reward done: 5.383184909820557
Step: 688128	Mean reward: 30.3125, 	Mean reward done: 5.383928298950195
Step: 696320	Mean reward: 28.75, 	Mean reward done: 5.526785373687744
Step: 704512	Mean reward: 32.5, 	Mean reward done: 5.845237731933594
Step: 712704	Mean reward: 32.1875, 	Mean reward done: 5.6901044845581055
Step: 720896	Mean reward: 32.1875, 	Mean reward done: 5.799107551574707
Step: 729088	Mean reward: 25.625, 	Mean reward done: 4.853794574737549
Step: 737280	Mean reward: 30.928958892822266, 	Mean reward done: 6.027355194091797
Step: 745472	Mean reward: 27.168838500976562, 	Mean reward done: 5.402182579040527
Step: 753664	Mean reward: 30.263980865478516, 	Mean reward done: 5.87729024887085
Step: 761856	Mean reward: 30.859867095947266, 	Mean reward done: 5.3251423835754395
Step: 770048	Mean reward: 29.90276336669922, 	Mean reward done: 5.484002113342285
Step: 778240	Mean reward: 30.183929443359375, 	Mean reward done: 5.763730049133301
Step: 786432	Mean reward: 33.254539489746094, 	Mean reward done: 5.890985012054443
Step: 794624	Mean reward: 30.431474685668945, 	Mean reward done: 5.534694671630859
Step: 802816	Mean reward: 25.140369415283203, 	Mean reward done: 5.279332637786865
Step: 811008	Mean reward: 28.86099624633789, 	Mean reward done: 5.20494270324707
Step: 819200	Mean reward: 28.842708587646484, 	Mean reward done: 5.2347211837768555
Step: 827392	Mean reward: 30.373809814453125, 	Mean reward done: 5.665220737457275
Step: 835584	Mean reward: 34.983848571777344, 	Mean reward done: 6.281735420227051
Step: 843776	Mean reward: 31.22733497619629, 	Mean reward done: 5.780252933502197
Step: 851968	Mean reward: 34.88695526123047, 	Mean reward done: 5.7462158203125
Step: 860160	Mean reward: 31.766544342041016, 	Mean reward done: 5.629731178283691
Step: 868352	Mean reward: 32.35029220581055, 	Mean reward done: 5.470848560333252
Step: 876544	Mean reward: 29.238059997558594, 	Mean reward done: 5.708897113800049
Step: 884736	Mean reward: 27.994508743286133, 	Mean reward done: 5.396739482879639
Step: 892928	Mean reward: 35.04030990600586, 	Mean reward done: 6.021288871765137
Step: 901120	Mean reward: 34.99049758911133, 	Mean reward done: 6.04249906539917
Step: 909312	Mean reward: 36.46794509887695, 	Mean reward done: 6.104169845581055
Step: 917504	Mean reward: 29.391895294189453, 	Mean reward done: 5.766523361206055
Step: 925696	Mean reward: 29.063987731933594, 	Mean reward done: 5.798219203948975
Step: 933888	Mean reward: 27.834529876708984, 	Mean reward done: 5.099734783172607
Step: 942080	Mean reward: 32.09543991088867, 	Mean reward done: 5.920196056365967
Step: 950272	Mean reward: 30.24201202392578, 	Mean reward done: 5.507143020629883
Step: 958464	Mean reward: 24.430683135986328, 	Mean reward done: 4.975443363189697
Step: 966656	Mean reward: 37.53054428100586, 	Mean reward done: 6.368608474731445
Step: 974848	Mean reward: 28.65268325805664, 	Mean reward done: 5.485622882843018
Step: 983040	Mean reward: 26.52227783203125, 	Mean reward done: 5.285574436187744
Step: 991232	Mean reward: 32.297996520996094, 	Mean reward done: 5.769312858581543
Step: 999424	Mean reward: 31.3544864654541, 	Mean reward done: 5.4881086349487305
Step: 1007616	Mean reward: 33.75324630737305, 	Mean reward done: 5.67236328125
Step: 1015808	Mean reward: 27.659637451171875, 	Mean reward done: 5.205557823181152
Step: 1024000	Mean reward: 34.631046295166016, 	Mean reward done: 5.614894866943359
Step: 1032192	Mean reward: 32.17033767700195, 	Mean reward done: 6.136805534362793
Step: 1040384	Mean reward: 33.651798248291016, 	Mean reward done: 6.094790458679199
Step: 1048576	Mean reward: 29.990917205810547, 	Mean reward done: 5.461050987243652
Step: 1056768	Mean reward: 31.49273681640625, 	Mean reward done: 5.6914191246032715
Step: 1064960	Mean reward: 37.19677734375, 	Mean reward done: 6.309832572937012
Step: 1073152	Mean reward: 29.310001373291016, 	Mean reward done: 5.40286922454834
Step: 1081344	Mean reward: 32.61389923095703, 	Mean reward done: 5.624416351318359
Step: 1089536	Mean reward: 27.462621688842773, 	Mean reward done: 5.524654388427734
Step: 1097728	Mean reward: 36.199127197265625, 	Mean reward done: 6.045569896697998
Step: 1105920	Mean reward: 36.449092864990234, 	Mean reward done: 6.1531782150268555
Step: 1114112	Mean reward: 31.60076141357422, 	Mean reward done: 5.714866638183594
Step: 1122304	Mean reward: 29.47288703918457, 	Mean reward done: 5.715220928192139
Step: 1130496	Mean reward: 30.96875762939453, 	Mean reward done: 5.7446794509887695
Step: 1138688	Mean reward: 32.146690368652344, 	Mean reward done: 5.9414963722229
Step: 1146880	Mean reward: 33.6234245300293, 	Mean reward done: 6.18861722946167
Step: 1155072	Mean reward: 31.802377700805664, 	Mean reward done: 5.856146335601807
Step: 1163264	Mean reward: 36.2668342590332, 	Mean reward done: 6.532376289367676
Step: 1171456	Mean reward: 28.15452003479004, 	Mean reward done: 4.945709705352783
Step: 1179648	Mean reward: 26.66000747680664, 	Mean reward done: 5.295867443084717
Step: 1187840	Mean reward: 28.75235366821289, 	Mean reward done: 5.31416654586792
Step: 1196032	Mean reward: 30.238819122314453, 	Mean reward done: 5.406793594360352
Step: 1204224	Mean reward: 32.91461944580078, 	Mean reward done: 6.027037620544434
Step: 1212416	Mean reward: 31.699832916259766, 	Mean reward done: 5.497257709503174
Step: 1220608	Mean reward: 34.66183090209961, 	Mean reward done: 5.9700822830200195
Step: 1228800	Mean reward: 26.87738037109375, 	Mean reward done: 5.593769550323486
Step: 1236992	Mean reward: 27.77446746826172, 	Mean reward done: 5.118303298950195
Step: 1245184	Mean reward: 31.943695068359375, 	Mean reward done: 5.953392028808594
Step: 1253376	Mean reward: 34.31532669067383, 	Mean reward done: 6.3339457511901855
Step: 1261568	Mean reward: 33.09534454345703, 	Mean reward done: 5.797001361846924
Step: 1269760	Mean reward: 33.06820297241211, 	Mean reward done: 5.916311740875244
Step: 1277952	Mean reward: 36.90562438964844, 	Mean reward done: 6.399662017822266
Step: 1286144	Mean reward: 39.83103561401367, 	Mean reward done: 6.476181983947754
Step: 1294336	Mean reward: 39.4742546081543, 	Mean reward done: 6.281491756439209
Step: 1302528	Mean reward: 40.60624313354492, 	Mean reward done: 6.174023628234863
Step: 1310720	Mean reward: 34.93333053588867, 	Mean reward done: 5.904680252075195
Step: 1318912	Mean reward: 41.094661712646484, 	Mean reward done: 6.329292297363281
Step: 1327104	Mean reward: 36.91289520263672, 	Mean reward done: 6.051944732666016
Step: 1335296	Mean reward: 40.70006561279297, 	Mean reward done: 6.4988555908203125
Step: 1343488	Mean reward: 38.28466033935547, 	Mean reward done: 6.59500789642334
Step: 1351680	Mean reward: 32.07280731201172, 	Mean reward done: 5.565103530883789
Step: 1359872	Mean reward: 39.104637145996094, 	Mean reward done: 6.533882141113281
Step: 1368064	Mean reward: 33.781463623046875, 	Mean reward done: 5.727797508239746
Step: 1376256	Mean reward: 35.22251510620117, 	Mean reward done: 6.10176944732666
Step: 1384448	Mean reward: 35.19140625, 	Mean reward done: 5.960805892944336
Step: 1392640	Mean reward: 32.242332458496094, 	Mean reward done: 5.5785393714904785
Step: 1400832	Mean reward: 38.94487762451172, 	Mean reward done: 6.167234897613525
Step: 1409024	Mean reward: 37.441001892089844, 	Mean reward done: 6.148961067199707
Step: 1417216	Mean reward: 37.111534118652344, 	Mean reward done: 6.2377495765686035
Step: 1425408	Mean reward: 31.536930084228516, 	Mean reward done: 5.263577461242676
Step: 1433600	Mean reward: 37.35268783569336, 	Mean reward done: 5.781228542327881
Step: 1441792	Mean reward: 30.618671417236328, 	Mean reward done: 5.667603969573975
Step: 1449984	Mean reward: 32.64998245239258, 	Mean reward done: 5.679774284362793
Step: 1458176	Mean reward: 31.177215576171875, 	Mean reward done: 5.730535984039307
Step: 1466368	Mean reward: 33.491844177246094, 	Mean reward done: 5.585100173950195
Step: 1474560	Mean reward: 32.607933044433594, 	Mean reward done: 5.677582263946533
Step: 1482752	Mean reward: 29.392074584960938, 	Mean reward done: 5.711437225341797
Step: 1490944	Mean reward: 33.74429702758789, 	Mean reward done: 5.532192230224609
Step: 1499136	Mean reward: 31.405996322631836, 	Mean reward done: 5.566288471221924
Step: 1507328	Mean reward: 34.58985137939453, 	Mean reward done: 5.647411823272705
Step: 1515520	Mean reward: 38.62415313720703, 	Mean reward done: 6.255163192749023
Step: 1523712	Mean reward: 31.917705535888672, 	Mean reward done: 5.425919532775879
Step: 1531904	Mean reward: 37.409080505371094, 	Mean reward done: 5.960887908935547
Step: 1540096	Mean reward: 36.21885681152344, 	Mean reward done: 5.945339679718018
Step: 1548288	Mean reward: 30.69657325744629, 	Mean reward done: 5.436729431152344
Step: 1556480	Mean reward: 39.36406707763672, 	Mean reward done: 6.267059803009033
Step: 1564672	Mean reward: 33.54848098754883, 	Mean reward done: 6.1629743576049805
Step: 1572864	Mean reward: 32.37389373779297, 	Mean reward done: 5.151322364807129
Step: 1581056	Mean reward: 34.956024169921875, 	Mean reward done: 5.939157962799072
Step: 1589248	Mean reward: 30.613174438476562, 	Mean reward done: 5.240665435791016
Step: 1597440	Mean reward: 30.890966415405273, 	Mean reward done: 5.2692437171936035
Step: 1605632	Mean reward: 31.460472106933594, 	Mean reward done: 5.805899143218994
Step: 1613824	Mean reward: 32.31610107421875, 	Mean reward done: 5.782624244689941
Step: 1622016	Mean reward: 32.58867263793945, 	Mean reward done: 5.345625877380371
Step: 1630208	Mean reward: 28.262012481689453, 	Mean reward done: 5.325450420379639
Step: 1638400	Mean reward: 30.852100372314453, 	Mean reward done: 5.390669345855713
Step: 1646592	Mean reward: 31.129526138305664, 	Mean reward done: 5.871921539306641
Step: 1654784	Mean reward: 25.07448387145996, 	Mean reward done: 5.155900478363037
Step: 1662976	Mean reward: 33.72195816040039, 	Mean reward done: 5.603504180908203
Step: 1671168	Mean reward: 29.391826629638672, 	Mean reward done: 5.547915458679199
Step: 1679360	Mean reward: 28.810998916625977, 	Mean reward done: 5.089142322540283
Step: 1687552	Mean reward: 33.122798919677734, 	Mean reward done: 5.373564720153809
Step: 1695744	Mean reward: 35.123260498046875, 	Mean reward done: 6.119842052459717
Step: 1703936	Mean reward: 29.06549835205078, 	Mean reward done: 5.510737419128418
Step: 1712128	Mean reward: 32.22467803955078, 	Mean reward done: 5.482110023498535
Step: 1720320	Mean reward: 27.044052124023438, 	Mean reward done: 5.003608226776123
Step: 1728512	Mean reward: 30.49517250061035, 	Mean reward done: 5.678455829620361
Step: 1736704	Mean reward: 30.488840103149414, 	Mean reward done: 5.295711517333984
Step: 1744896	Mean reward: 33.06774139404297, 	Mean reward done: 6.19856071472168
Step: 1753088	Mean reward: 35.345359802246094, 	Mean reward done: 6.025401592254639
Step: 1761280	Mean reward: 37.91267013549805, 	Mean reward done: 5.987646102905273
Step: 1769472	Mean reward: 29.279794692993164, 	Mean reward done: 5.425207614898682
Step: 1777664	Mean reward: 29.84967041015625, 	Mean reward done: 5.467653751373291
Step: 1785856	Mean reward: 26.980941772460938, 	Mean reward done: 4.955142021179199
Step: 1794048	Mean reward: 29.85235595703125, 	Mean reward done: 5.310157775878906
Step: 1802240	Mean reward: 31.569103240966797, 	Mean reward done: 5.632226467132568
Step: 1810432	Mean reward: 27.836090087890625, 	Mean reward done: 4.994646072387695
Step: 1818624	Mean reward: 28.118797302246094, 	Mean reward done: 5.132907867431641
Step: 1826816	Mean reward: 33.56361770629883, 	Mean reward done: 5.938887119293213
Step: 1835008	Mean reward: 33.83982849121094, 	Mean reward done: 5.855292320251465
Step: 1843200	Mean reward: 33.82258224487305, 	Mean reward done: 5.927496910095215
Step: 1851392	Mean reward: 38.95700454711914, 	Mean reward done: 6.329744338989258
Step: 1859584	Mean reward: 35.49418640136719, 	Mean reward done: 6.002816677093506
Step: 1867776	Mean reward: 36.62053680419922, 	Mean reward done: 6.059345245361328
Step: 1875968	Mean reward: 33.169071197509766, 	Mean reward done: 5.866204261779785
Step: 1884160	Mean reward: 31.444759368896484, 	Mean reward done: 5.1189680099487305
Step: 1892352	Mean reward: 31.149341583251953, 	Mean reward done: 5.7954421043396
Step: 1900544	Mean reward: 26.86005401611328, 	Mean reward done: 4.96177339553833
Step: 1908736	Mean reward: 28.57680892944336, 	Mean reward done: 5.164813041687012
Step: 1916928	Mean reward: 30.006032943725586, 	Mean reward done: 5.132209777832031
Step: 1925120	Mean reward: 30.00238800048828, 	Mean reward done: 5.552494049072266
Step: 1933312	Mean reward: 27.142545700073242, 	Mean reward done: 5.026920318603516
Step: 1941504	Mean reward: 32.284400939941406, 	Mean reward done: 5.3613505363464355
Step: 1949696	Mean reward: 30.56517219543457, 	Mean reward done: 5.584463596343994
Step: 1957888	Mean reward: 30.271944046020508, 	Mean reward done: 5.28933048248291
Step: 1966080	Mean reward: 35.40230178833008, 	Mean reward done: 5.507101058959961
Step: 1974272	Mean reward: 27.68584632873535, 	Mean reward done: 5.540696144104004
Step: 1982464	Mean reward: 32.249027252197266, 	Mean reward done: 5.577184677124023
Step: 1990656	Mean reward: 27.963043212890625, 	Mean reward done: 4.857990741729736
Step: 1998848	Mean reward: 28.824020385742188, 	Mean reward done: 5.362674713134766
Step: 2007040	Mean reward: 30.52815818786621, 	Mean reward done: 5.6814141273498535
Step: 2015232	Mean reward: 23.968650817871094, 	Mean reward done: 4.734279632568359
Step: 2023424	Mean reward: 26.545326232910156, 	Mean reward done: 4.926331520080566
Step: 2031616	Mean reward: 25.12122917175293, 	Mean reward done: 5.209800720214844
Step: 2039808	Mean reward: 31.116544723510742, 	Mean reward done: 5.384451866149902
Step: 2048000	Mean reward: 23.69741439819336, 	Mean reward done: 4.689862251281738
Step: 2056192	Mean reward: 30.549795150756836, 	Mean reward done: 5.44205379486084
Step: 2064384	Mean reward: 28.83473777770996, 	Mean reward done: 5.4240336418151855
Step: 2072576	Mean reward: 28.263288497924805, 	Mean reward done: 5.323670864105225
Step: 2080768	Mean reward: 26.268796920776367, 	Mean reward done: 4.894469738006592
Step: 2088960	Mean reward: 23.987995147705078, 	Mean reward done: 5.0808024406433105
Step: 2097152	Mean reward: 25.99298858642578, 	Mean reward done: 4.773982524871826
Step: 2105344	Mean reward: 24.571609497070312, 	Mean reward done: 5.16533088684082
Step: 2113536	Mean reward: 25.720108032226562, 	Mean reward done: 4.560207366943359
Step: 2121728	Mean reward: 22.29583740234375, 	Mean reward done: 4.558564186096191
Step: 2129920	Mean reward: 26.30483055114746, 	Mean reward done: 4.852158546447754
Step: 2138112	Mean reward: 31.734699249267578, 	Mean reward done: 5.096810817718506
Step: 2146304	Mean reward: 25.16082763671875, 	Mean reward done: 4.770876884460449
Step: 2154496	Mean reward: 33.4498405456543, 	Mean reward done: 5.968091011047363
Step: 2162688	Mean reward: 32.00985336303711, 	Mean reward done: 5.374109745025635
Step: 2170880	Mean reward: 37.99898910522461, 	Mean reward done: 6.209092140197754
Step: 2179072	Mean reward: 33.4061279296875, 	Mean reward done: 5.734353065490723
Step: 2187264	Mean reward: 30.831253051757812, 	Mean reward done: 5.571281909942627
Step: 2195456	Mean reward: 32.82202911376953, 	Mean reward done: 5.682238578796387
Step: 2203648	Mean reward: 33.097312927246094, 	Mean reward done: 5.863025188446045
Step: 2211840	Mean reward: 28.813232421875, 	Mean reward done: 5.352733612060547
Step: 2220032	Mean reward: 26.530141830444336, 	Mean reward done: 5.092409610748291
Step: 2228224	Mean reward: 26.534149169921875, 	Mean reward done: 4.894593238830566
Step: 2236416	Mean reward: 25.96882438659668, 	Mean reward done: 4.779977798461914
Step: 2244608	Mean reward: 27.39931297302246, 	Mean reward done: 5.339058876037598
Step: 2252800	Mean reward: 27.685497283935547, 	Mean reward done: 5.30604887008667
Step: 2260992	Mean reward: 27.684099197387695, 	Mean reward done: 5.060584545135498
Step: 2269184	Mean reward: 30.53759765625, 	Mean reward done: 5.361171722412109
Step: 2277376	Mean reward: 26.825950622558594, 	Mean reward done: 4.985349178314209
Step: 2285568	Mean reward: 27.400508880615234, 	Mean reward done: 4.74219274520874
Step: 2293760	Mean reward: 25.4073429107666, 	Mean reward done: 4.613154888153076
Step: 2301952	Mean reward: 26.551877975463867, 	Mean reward done: 5.2430806159973145
Step: 2310144	Mean reward: 24.271503448486328, 	Mean reward done: 4.367167949676514
Step: 2318336	Mean reward: 20.567405700683594, 	Mean reward done: 3.886988878250122
Step: 2326528	Mean reward: 19.149497985839844, 	Mean reward done: 3.900503396987915
Step: 2334720	Mean reward: 21.732725143432617, 	Mean reward done: 4.077582836151123
Step: 2342912	Mean reward: 24.312368392944336, 	Mean reward done: 4.963825225830078
Step: 2351104	Mean reward: 26.32281494140625, 	Mean reward done: 4.9000725746154785
Step: 2359296	Mean reward: 25.17719078063965, 	Mean reward done: 4.758524417877197
Step: 2367488	Mean reward: 23.18282127380371, 	Mean reward done: 4.252218723297119
Step: 2375680	Mean reward: 20.614837646484375, 	Mean reward done: 4.017974853515625
Step: 2383872	Mean reward: 16.9013671875, 	Mean reward done: 3.5763585567474365
Step: 2392064	Mean reward: 19.779081344604492, 	Mean reward done: 3.7264928817749023
Step: 2400256	Mean reward: 21.22238540649414, 	Mean reward done: 3.9582767486572266
Step: 2408448	Mean reward: 24.09583282470703, 	Mean reward done: 4.349287033081055
Step: 2416640	Mean reward: 21.237422943115234, 	Mean reward done: 4.350663661956787
Step: 2424832	Mean reward: 27.270952224731445, 	Mean reward done: 4.856138706207275
Step: 2433024	Mean reward: 31.287315368652344, 	Mean reward done: 5.518573760986328
Step: 2441216	Mean reward: 29.559152603149414, 	Mean reward done: 5.476602077484131
Step: 2449408	Mean reward: 25.257463455200195, 	Mean reward done: 5.023489475250244
Step: 2457600	Mean reward: 22.389812469482422, 	Mean reward done: 4.212738513946533
Step: 2465792	Mean reward: 25.55575942993164, 	Mean reward done: 4.652186393737793
Step: 2473984	Mean reward: 20.680885314941406, 	Mean reward done: 4.026734352111816
Step: 2482176	Mean reward: 19.539630889892578, 	Mean reward done: 3.78607177734375
Step: 2490368	Mean reward: 18.401325225830078, 	Mean reward done: 3.574951648712158
Step: 2498560	Mean reward: 20.13802719116211, 	Mean reward done: 3.6075093746185303
Step: 2506752	Mean reward: 23.598114013671875, 	Mean reward done: 4.373150825500488
Step: 2514944	Mean reward: 30.50455665588379, 	Mean reward done: 4.859233379364014
Step: 2523136	Mean reward: 23.599720001220703, 	Mean reward done: 4.551030158996582
Step: 2531328	Mean reward: 29.35849952697754, 	Mean reward done: 5.226017951965332
Step: 2539520	Mean reward: 29.35556983947754, 	Mean reward done: 4.762625694274902
Step: 2547712	Mean reward: 19.862905502319336, 	Mean reward done: 3.7731292247772217
Step: 2555904	Mean reward: 25.053171157836914, 	Mean reward done: 4.322016716003418
Step: 2564096	Mean reward: 20.73947525024414, 	Mean reward done: 4.005931377410889
Step: 2572288	Mean reward: 25.931724548339844, 	Mean reward done: 4.2504730224609375
Step: 2580480	Mean reward: 23.918237686157227, 	Mean reward done: 4.6257147789001465
Step: 2588672	Mean reward: 21.33068084716797, 	Mean reward done: 3.9379520416259766
Step: 2596864	Mean reward: 25.951627731323242, 	Mean reward done: 4.7408552169799805
Step: 2605056	Mean reward: 27.97003173828125, 	Mean reward done: 4.836269378662109
Step: 2613248	Mean reward: 31.7152042388916, 	Mean reward done: 5.605893135070801
Step: 2621440	Mean reward: 30.556039810180664, 	Mean reward done: 5.103530406951904
Step: 2629632	Mean reward: 30.26627540588379, 	Mean reward done: 4.784592628479004
Step: 2637824	Mean reward: 23.0604248046875, 	Mean reward done: 4.610692501068115
Step: 2646016	Mean reward: 27.676937103271484, 	Mean reward done: 4.414077281951904
Step: 2654208	Mean reward: 27.101844787597656, 	Mean reward done: 4.751067161560059
Step: 2662400	Mean reward: 26.815872192382812, 	Mean reward done: 5.229292392730713
Step: 2670592	Mean reward: 32.868560791015625, 	Mean reward done: 5.727259159088135
Step: 2678784	Mean reward: 35.73847198486328, 	Mean reward done: 5.620274066925049
Step: 2686976	Mean reward: 34.28254699707031, 	Mean reward done: 5.7738118171691895
Step: 2695168	Mean reward: 29.667062759399414, 	Mean reward done: 5.358731269836426
Step: 2703360	Mean reward: 22.75942611694336, 	Mean reward done: 4.319235324859619
Step: 2711552	Mean reward: 25.355350494384766, 	Mean reward done: 4.465549468994141
Step: 2719744	Mean reward: 26.51014518737793, 	Mean reward done: 4.773982048034668
Step: 2727936	Mean reward: 28.241455078125, 	Mean reward done: 5.037060260772705
Step: 2736128	Mean reward: 24.786197662353516, 	Mean reward done: 4.4951677322387695
Step: 2744320	Mean reward: 26.518938064575195, 	Mean reward done: 4.910192489624023
Step: 2752512	Mean reward: 29.686626434326172, 	Mean reward done: 4.849740028381348
Step: 2760704	Mean reward: 23.061187744140625, 	Mean reward done: 4.600900650024414
Step: 2768896	Mean reward: 23.643802642822266, 	Mean reward done: 4.356568336486816
Step: 2777088	Mean reward: 30.85342025756836, 	Mean reward done: 5.218227386474609
Step: 2785280	Mean reward: 33.15251541137695, 	Mean reward done: 5.574848651885986
Step: 2793472	Mean reward: 32.27610778808594, 	Mean reward done: 5.914018630981445
Step: 2801664	Mean reward: 31.40829849243164, 	Mean reward done: 5.242494106292725
Step: 2809856	Mean reward: 32.26849365234375, 	Mean reward done: 4.879826068878174
Step: 2818048	Mean reward: 24.198814392089844, 	Mean reward done: 4.394613265991211
Step: 2826240	Mean reward: 23.6309871673584, 	Mean reward done: 4.303303241729736
Step: 2834432	Mean reward: 34.86820983886719, 	Mean reward done: 5.833310127258301
Step: 2842624	Mean reward: 32.2651252746582, 	Mean reward done: 5.517444133758545
Step: 2850816	Mean reward: 31.10625457763672, 	Mean reward done: 5.814949989318848
Step: 2859008	Mean reward: 30.239084243774414, 	Mean reward done: 5.126355171203613
Step: 2867200	Mean reward: 27.934547424316406, 	Mean reward done: 4.907397747039795
Step: 2875392	Mean reward: 30.809036254882812, 	Mean reward done: 4.879462718963623
Step: 2883584	Mean reward: 27.931026458740234, 	Mean reward done: 4.889988899230957
Step: 2891776	Mean reward: 26.77776336669922, 	Mean reward done: 4.728271961212158
Step: 2899968	Mean reward: 28.50552749633789, 	Mean reward done: 4.554851531982422
Step: 2908160	Mean reward: 29.370220184326172, 	Mean reward done: 4.8878374099731445
Step: 2916352	Mean reward: 31.381793975830078, 	Mean reward done: 5.549047946929932
Step: 2924544	Mean reward: 33.10254669189453, 	Mean reward done: 5.582440376281738
Step: 2932736	Mean reward: 27.632328033447266, 	Mean reward done: 4.822976589202881
Step: 2940928	Mean reward: 27.056119918823242, 	Mean reward done: 5.311400890350342
Step: 2949120	Mean reward: 30.22071075439453, 	Mean reward done: 5.495237827301025
Step: 2957312	Mean reward: 33.37758255004883, 	Mean reward done: 5.706146240234375
Step: 2965504	Mean reward: 30.497495651245117, 	Mean reward done: 5.389452934265137
Step: 2973696	Mean reward: 32.505611419677734, 	Mean reward done: 5.605499267578125
Step: 2981888	Mean reward: 29.62649154663086, 	Mean reward done: 5.369194984436035
Step: 2990080	Mean reward: 43.41596984863281, 	Mean reward done: 6.590533256530762
Step: 2998272	Mean reward: 33.909217834472656, 	Mean reward done: 5.892034530639648
Step: 3006464	Mean reward: 34.47208023071289, 	Mean reward done: 5.869503498077393
Step: 3014656	Mean reward: 29.29719352722168, 	Mean reward done: 5.533353328704834
Step: 3022848	Mean reward: 36.183753967285156, 	Mean reward done: 5.942065715789795
Step: 3031040	Mean reward: 30.432453155517578, 	Mean reward done: 5.882115840911865
Step: 3039232	Mean reward: 34.730796813964844, 	Mean reward done: 5.767491817474365
Step: 3047424	Mean reward: 33.57219696044922, 	Mean reward done: 5.701949119567871
Step: 3055616	Mean reward: 31.5614013671875, 	Mean reward done: 5.489071846008301
Step: 3063808	Mean reward: 31.554811477661133, 	Mean reward done: 5.8028082847595215
Step: 3072000	Mean reward: 32.12113571166992, 	Mean reward done: 5.788496017456055
Step: 3080192	Mean reward: 38.99381637573242, 	Mean reward done: 6.3982930183410645
Step: 3088384	Mean reward: 31.812496185302734, 	Mean reward done: 5.473812103271484
Step: 3096576	Mean reward: 35.245330810546875, 	Mean reward done: 5.995318412780762
Step: 3104768	Mean reward: 28.649858474731445, 	Mean reward done: 5.343315124511719
Step: 3112960	Mean reward: 34.65911102294922, 	Mean reward done: 5.902347564697266
Step: 3121152	Mean reward: 29.49822998046875, 	Mean reward done: 5.192775726318359
Step: 3129344	Mean reward: 26.920185089111328, 	Mean reward done: 4.52817964553833
Step: 3137536	Mean reward: 23.776016235351562, 	Mean reward done: 4.673683166503906
Step: 3145728	Mean reward: 25.497655868530273, 	Mean reward done: 4.481875896453857
Step: 3153920	Mean reward: 29.796920776367188, 	Mean reward done: 4.740921974182129
Step: 3162112	Mean reward: 28.075942993164062, 	Mean reward done: 5.485470294952393
Step: 3170304	Mean reward: 32.369720458984375, 	Mean reward done: 5.9013872146606445
Step: 3178496	Mean reward: 35.51314926147461, 	Mean reward done: 6.118677139282227
Step: 3186688	Mean reward: 33.21316146850586, 	Mean reward done: 5.8129801750183105
Step: 3194880	Mean reward: 29.200088500976562, 	Mean reward done: 5.2015886306762695
Step: 3203072	Mean reward: 30.057729721069336, 	Mean reward done: 5.381742477416992
Step: 3211264	Mean reward: 29.76848030090332, 	Mean reward done: 5.425632476806641
Step: 3219456	Mean reward: 32.62519073486328, 	Mean reward done: 5.4859137535095215
Step: 3227648	Mean reward: 28.616430282592773, 	Mean reward done: 4.988442420959473
Step: 3235840	Mean reward: 32.048179626464844, 	Mean reward done: 5.677644729614258
Step: 3244032	Mean reward: 26.611867904663086, 	Mean reward done: 5.264674186706543
Step: 3252224	Mean reward: 30.044164657592773, 	Mean reward done: 5.446322441101074
Step: 3260416	Mean reward: 32.326480865478516, 	Mean reward done: 5.73478364944458
Step: 3268608	Mean reward: 33.46481704711914, 	Mean reward done: 5.8733720779418945
Step: 3276800	Mean reward: 32.03025436401367, 	Mean reward done: 5.643300533294678
Step: 3284992	Mean reward: 34.31045913696289, 	Mean reward done: 5.546846389770508
Step: 3293184	Mean reward: 36.87406539916992, 	Mean reward done: 6.119351387023926
Step: 3301376	Mean reward: 31.14792251586914, 	Mean reward done: 5.904249668121338
Step: 3309568	Mean reward: 30.573883056640625, 	Mean reward done: 5.539775371551514
Step: 3317760	Mean reward: 28.00055694580078, 	Mean reward done: 5.323908805847168
Step: 3325952	Mean reward: 28.572914123535156, 	Mean reward done: 5.3714776039123535
Step: 3334144	Mean reward: 28.57056427001953, 	Mean reward done: 5.843699932098389
Step: 3342336	Mean reward: 27.144344329833984, 	Mean reward done: 5.289161682128906
Step: 3350528	Mean reward: 31.42754364013672, 	Mean reward done: 5.52238655090332
Step: 3358720	Mean reward: 30.567310333251953, 	Mean reward done: 5.424778938293457
Step: 3366912	Mean reward: 31.135801315307617, 	Mean reward done: 5.71480655670166
Step: 3375104	Mean reward: 28.561906814575195, 	Mean reward done: 5.214249134063721
Step: 3383296	Mean reward: 26.278640747070312, 	Mean reward done: 5.206296443939209
Step: 3391488	Mean reward: 24.56942367553711, 	Mean reward done: 4.49543571472168
Step: 3399680	Mean reward: 25.999042510986328, 	Mean reward done: 4.718293190002441
Step: 3407872	Mean reward: 30.856918334960938, 	Mean reward done: 5.349503040313721
Step: 3416064	Mean reward: 23.427589416503906, 	Mean reward done: 5.16373872756958
Step: 3424256	Mean reward: 28.57480239868164, 	Mean reward done: 5.35800313949585
Step: 3432448	Mean reward: 30.0023250579834, 	Mean reward done: 5.315145015716553
Step: 3440640	Mean reward: 21.147018432617188, 	Mean reward done: 4.500204086303711
Step: 3448832	Mean reward: 23.438480377197266, 	Mean reward done: 4.474682807922363
Step: 3457024	Mean reward: 25.732555389404297, 	Mean reward done: 4.53723669052124
Step: 3465216	Mean reward: 24.87464714050293, 	Mean reward done: 4.5981364250183105
Step: 3473408	Mean reward: 23.450605392456055, 	Mean reward done: 4.145946502685547
Step: 3481600	Mean reward: 28.028594970703125, 	Mean reward done: 5.1325554847717285
Step: 3489792	Mean reward: 34.88886260986328, 	Mean reward done: 5.934403896331787
Step: 3497984	Mean reward: 33.73462677001953, 	Mean reward done: 6.063068389892578
Step: 3506176	Mean reward: 38.01355743408203, 	Mean reward done: 6.237918853759766
Step: 3514368	Mean reward: 33.1455078125, 	Mean reward done: 5.8030686378479
Step: 3522560	Mean reward: 32.278602600097656, 	Mean reward done: 5.6287055015563965
Step: 3530752	Mean reward: 31.99144744873047, 	Mean reward done: 5.814436912536621
Step: 3538944	Mean reward: 32.55733871459961, 	Mean reward done: 5.622519016265869
Step: 3547136	Mean reward: 35.11806106567383, 	Mean reward done: 6.13547945022583
Step: 3555328	Mean reward: 30.830663681030273, 	Mean reward done: 5.470361232757568
Step: 3563520	Mean reward: 27.976388931274414, 	Mean reward done: 5.3988471031188965
Step: 3571712	Mean reward: 32.538917541503906, 	Mean reward done: 5.3785223960876465
Step: 3579904	Mean reward: 32.8192024230957, 	Mean reward done: 5.628879547119141
Step: 3588096	Mean reward: 29.960451126098633, 	Mean reward done: 4.824490547180176
Step: 3596288	Mean reward: 23.6854305267334, 	Mean reward done: 4.518543720245361
Step: 3604480	Mean reward: 26.258689880371094, 	Mean reward done: 4.629363059997559
Step: 3612672	Mean reward: 27.971540451049805, 	Mean reward done: 5.256786346435547
Step: 3620864	Mean reward: 27.684375762939453, 	Mean reward done: 4.768326282501221
Step: 3629056	Mean reward: 27.68595314025879, 	Mean reward done: 4.946967601776123
Step: 3637248	Mean reward: 27.11600112915039, 	Mean reward done: 5.186702251434326
Step: 3645440	Mean reward: 29.402542114257812, 	Mean reward done: 4.99070405960083
Step: 3653632	Mean reward: 35.960487365722656, 	Mean reward done: 5.928877830505371
Step: 3661824	Mean reward: 29.38916778564453, 	Mean reward done: 5.269812107086182
Step: 3670016	Mean reward: 29.10561752319336, 	Mean reward done: 4.997005462646484
Step: 3678208	Mean reward: 33.666290283203125, 	Mean reward done: 5.211732387542725
Step: 3686400	Mean reward: 27.672924041748047, 	Mean reward done: 4.978951454162598
Step: 3694592	Mean reward: 31.949594497680664, 	Mean reward done: 5.514204025268555
Step: 3702784	Mean reward: 34.509742736816406, 	Mean reward done: 5.435428142547607
Step: 3710976	Mean reward: 29.372072219848633, 	Mean reward done: 5.1611647605896
Step: 3719168	Mean reward: 25.38172721862793, 	Mean reward done: 4.6879448890686035
Step: 3727360	Mean reward: 35.6470947265625, 	Mean reward done: 5.793001174926758
Step: 3735552	Mean reward: 33.92599868774414, 	Mean reward done: 5.867936611175537
Step: 3743744	Mean reward: 29.930194854736328, 	Mean reward done: 5.028965473175049
Step: 3751936	Mean reward: 28.219255447387695, 	Mean reward done: 4.899582862854004
Step: 3760128	Mean reward: 33.63224792480469, 	Mean reward done: 5.708299160003662
Step: 3768320	Mean reward: 35.334449768066406, 	Mean reward done: 5.636343479156494
Step: 3776512	Mean reward: 26.212833404541016, 	Mean reward done: 5.2130446434021
Step: 3784704	Mean reward: 26.500843048095703, 	Mean reward done: 4.663993835449219
Step: 3792896	Mean reward: 29.350872039794922, 	Mean reward done: 4.952082633972168
Step: 3801088	Mean reward: 30.489944458007812, 	Mean reward done: 5.3641228675842285
Step: 3809280	Mean reward: 35.326847076416016, 	Mean reward done: 5.659797191619873
Step: 3817472	Mean reward: 32.186466217041016, 	Mean reward done: 5.672543048858643
Step: 3825664	Mean reward: 33.60512924194336, 	Mean reward done: 5.579041004180908
Step: 3833856	Mean reward: 28.476028442382812, 	Mean reward done: 4.957539081573486
Step: 3842048	Mean reward: 23.06831932067871, 	Mean reward done: 4.567885398864746
Step: 3850240	Mean reward: 33.32044982910156, 	Mean reward done: 5.830628871917725
Step: 3858432	Mean reward: 25.915109634399414, 	Mean reward done: 5.190362453460693
Step: 3866624	Mean reward: 31.326980590820312, 	Mean reward done: 5.333616256713867
Step: 3874816	Mean reward: 23.355066299438477, 	Mean reward done: 4.42518424987793
Step: 3883008	Mean reward: 25.92099380493164, 	Mean reward done: 4.478869438171387
Step: 3891200	Mean reward: 35.31690216064453, 	Mean reward done: 5.250054836273193
Step: 3899392	Mean reward: 29.33224105834961, 	Mean reward done: 5.503352642059326
Step: 3907584	Mean reward: 36.727882385253906, 	Mean reward done: 5.8850860595703125
Step: 3915776	Mean reward: 35.010528564453125, 	Mean reward done: 5.743716716766357
Step: 3923968	Mean reward: 34.148616790771484, 	Mean reward done: 5.608314514160156
Step: 3932160	Mean reward: 31.299741744995117, 	Mean reward done: 5.197775363922119
Step: 3940352	Mean reward: 27.59777069091797, 	Mean reward done: 4.629322052001953
Step: 3948544	Mean reward: 23.3331298828125, 	Mean reward done: 4.835312843322754
Step: 3956736	Mean reward: 30.166162490844727, 	Mean reward done: 5.075450420379639
Step: 3964928	Mean reward: 26.749195098876953, 	Mean reward done: 5.001577854156494
Step: 3973120	Mean reward: 25.329730987548828, 	Mean reward done: 4.5369462966918945
Step: 3981312	Mean reward: 28.46124839782715, 	Mean reward done: 4.659512519836426
Step: 3989504	Mean reward: 30.16745376586914, 	Mean reward done: 5.069599151611328
Step: 3997696	Mean reward: 27.60563087463379, 	Mean reward done: 4.861135959625244
Step: 4005888	Mean reward: 25.90106964111328, 	Mean reward done: 4.528615474700928
Step: 4014080	Mean reward: 19.3587646484375, 	Mean reward done: 3.750408411026001
Step: 4022272	Mean reward: 20.217927932739258, 	Mean reward done: 3.831611394882202
Step: 4030464	Mean reward: 25.06487274169922, 	Mean reward done: 4.448177337646484
Step: 4038656	Mean reward: 22.220502853393555, 	Mean reward done: 4.376359939575195
Step: 4046848	Mean reward: 23.364036560058594, 	Mean reward done: 4.499463081359863
Step: 4055040	Mean reward: 25.645952224731445, 	Mean reward done: 4.226266860961914
Step: 4063232	Mean reward: 28.783836364746094, 	Mean reward done: 4.3994526863098145
Step: 4071424	Mean reward: 27.358680725097656, 	Mean reward done: 5.143320083618164
Step: 4079616	Mean reward: 32.20128631591797, 	Mean reward done: 5.503589153289795
Step: 4087808	Mean reward: 36.754459381103516, 	Mean reward done: 5.3540778160095215
Step: 4096000	Mean reward: 32.186946868896484, 	Mean reward done: 5.50374174118042
Step: 4104192	Mean reward: 25.066953659057617, 	Mean reward done: 4.546992778778076
Step: 4112384	Mean reward: 33.041160583496094, 	Mean reward done: 5.138612747192383
Step: 4120576	Mean reward: 23.92683219909668, 	Mean reward done: 4.080824375152588
Step: 4128768	Mean reward: 24.216064453125, 	Mean reward done: 3.9752960205078125
Step: 4136960	Mean reward: 28.205341339111328, 	Mean reward done: 4.807953834533691
Step: 4145152	Mean reward: 31.33802032470703, 	Mean reward done: 5.5580949783325195
Step: 4153344	Mean reward: 31.620328903198242, 	Mean reward done: 5.789264678955078
Step: 4161536	Mean reward: 27.629703521728516, 	Mean reward done: 4.938624858856201
Step: 4169728	Mean reward: 27.916683197021484, 	Mean reward done: 5.069896697998047
Step: 4177920	Mean reward: 33.60995101928711, 	Mean reward done: 5.210567474365234
Step: 4186112	Mean reward: 25.91914176940918, 	Mean reward done: 5.109228134155273
Step: 4194304	Mean reward: 26.204994201660156, 	Mean reward done: 5.277952671051025
Step: 4202496	Mean reward: 24.21422004699707, 	Mean reward done: 4.963565826416016
Step: 4210688	Mean reward: 25.07372283935547, 	Mean reward done: 4.528006553649902
Step: 4218880	Mean reward: 32.1956672668457, 	Mean reward done: 5.443626403808594
Step: 4227072	Mean reward: 30.197694778442383, 	Mean reward done: 5.689877986907959
Step: 4235264	Mean reward: 25.924041748046875, 	Mean reward done: 5.279433727264404
Step: 4243456	Mean reward: 29.05891227722168, 	Mean reward done: 5.457032680511475
Step: 4251648	Mean reward: 23.64885711669922, 	Mean reward done: 4.270839214324951
Step: 4259840	Mean reward: 25.930065155029297, 	Mean reward done: 4.793527126312256
Step: 4268032	Mean reward: 24.22538948059082, 	Mean reward done: 4.443024635314941
Step: 4276224	Mean reward: 25.367277145385742, 	Mean reward done: 4.59659481048584
Step: 4284416	Mean reward: 27.647539138793945, 	Mean reward done: 4.736871719360352
Step: 4292608	Mean reward: 20.524913787841797, 	Mean reward done: 4.3177571296691895
Step: 4300800	Mean reward: 21.671995162963867, 	Mean reward done: 4.389628887176514
Step: 4308992	Mean reward: 27.94795799255371, 	Mean reward done: 4.844155788421631
Step: 4317184	Mean reward: 22.246009826660156, 	Mean reward done: 4.575841426849365
Step: 4325376	Mean reward: 23.96190071105957, 	Mean reward done: 4.46772575378418
Step: 4333568	Mean reward: 27.102014541625977, 	Mean reward done: 4.619572639465332
Step: 4341760	Mean reward: 23.965559005737305, 	Mean reward done: 3.987809896469116
Step: 4349952	Mean reward: 17.979883193969727, 	Mean reward done: 3.44818115234375
Step: 4358144	Mean reward: 25.118995666503906, 	Mean reward done: 4.43829345703125
Step: 4366336	Mean reward: 21.12749481201172, 	Mean reward done: 4.163275241851807
Step: 4374528	Mean reward: 25.984203338623047, 	Mean reward done: 5.129178524017334
Step: 4382720	Mean reward: 19.134136199951172, 	Mean reward done: 4.184437274932861
Step: 4390912	Mean reward: 23.995481491088867, 	Mean reward done: 4.469898223876953
Step: 4399104	Mean reward: 21.71402931213379, 	Mean reward done: 4.024458885192871
Step: 4407296	Mean reward: 27.432111740112305, 	Mean reward done: 4.865015029907227
Step: 4415488	Mean reward: 24.005231857299805, 	Mean reward done: 4.609829902648926
Step: 4423680	Mean reward: 22.29281997680664, 	Mean reward done: 4.6048712730407715
Step: 4431872	Mean reward: 23.15373420715332, 	Mean reward done: 4.247229099273682
Step: 4440064	Mean reward: 21.443572998046875, 	Mean reward done: 4.137243270874023
Step: 4448256	Mean reward: 26.593353271484375, 	Mean reward done: 4.874429225921631
Step: 4456448	Mean reward: 25.739303588867188, 	Mean reward done: 4.713527679443359
Step: 4464640	Mean reward: 26.024688720703125, 	Mean reward done: 4.934042453765869
Step: 4472832	Mean reward: 23.74074363708496, 	Mean reward done: 4.421363353729248
Step: 4481024	Mean reward: 24.317218780517578, 	Mean reward done: 4.481197357177734
Step: 4489216	Mean reward: 24.033435821533203, 	Mean reward done: 4.2412590980529785
Step: 4497408	Mean reward: 28.89910125732422, 	Mean reward done: 5.054050445556641
Step: 4505600	Mean reward: 32.616458892822266, 	Mean reward done: 5.521902561187744
Step: 4513792	Mean reward: 25.749431610107422, 	Mean reward done: 5.363776206970215
Step: 4521984	Mean reward: 26.896509170532227, 	Mean reward done: 4.9376912117004395
Step: 4530176	Mean reward: 25.4658203125, 	Mean reward done: 5.0062994956970215
Step: 4538368	Mean reward: 27.184572219848633, 	Mean reward done: 4.924221515655518
Step: 4546560	Mean reward: 31.477035522460938, 	Mean reward done: 5.234486103057861
Step: 4554752	Mean reward: 29.18631362915039, 	Mean reward done: 5.470717906951904
Step: 4562944	Mean reward: 35.4738883972168, 	Mean reward done: 5.912782192230225
Step: 4571136	Mean reward: 28.891536712646484, 	Mean reward done: 4.747218608856201
Step: 4579328	Mean reward: 25.745784759521484, 	Mean reward done: 4.498016834259033
Step: 4587520	Mean reward: 27.46457290649414, 	Mean reward done: 4.7653045654296875
Step: 4595712	Mean reward: 34.612274169921875, 	Mean reward done: 5.5575714111328125
Step: 4603904	Mean reward: 37.46358871459961, 	Mean reward done: 5.842895030975342
Step: 4612096	Mean reward: 24.87920379638672, 	Mean reward done: 4.600679397583008
Step: 4620288	Mean reward: 31.454517364501953, 	Mean reward done: 5.067533493041992
Step: 4628480	Mean reward: 26.59450912475586, 	Mean reward done: 4.769784927368164
Step: 4636672	Mean reward: 26.309743881225586, 	Mean reward done: 4.668778896331787
Step: 4644864	Mean reward: 28.598628997802734, 	Mean reward done: 5.456210613250732
Step: 4653056	Mean reward: 30.028310775756836, 	Mean reward done: 5.05034065246582
Step: 4661248	Mean reward: 26.309417724609375, 	Mean reward done: 4.889215469360352
Step: 4669440	Mean reward: 22.59579086303711, 	Mean reward done: 4.091458797454834
Step: 4677632	Mean reward: 29.17608642578125, 	Mean reward done: 4.862676620483398
Step: 4685824	Mean reward: 27.45895767211914, 	Mean reward done: 5.225505352020264
Step: 4694016	Mean reward: 25.45836067199707, 	Mean reward done: 4.719461441040039
Step: 4702208	Mean reward: 28.605533599853516, 	Mean reward done: 4.697438716888428
Step: 4710400	Mean reward: 25.74583625793457, 	Mean reward done: 4.366574764251709
Step: 4718592	Mean reward: 25.748043060302734, 	Mean reward done: 4.475143909454346
Step: 4726784	Mean reward: 24.034454345703125, 	Mean reward done: 4.1652655601501465
Step: 4734976	Mean reward: 26.039527893066406, 	Mean reward done: 4.45641565322876
Step: 4743168	Mean reward: 26.612831115722656, 	Mean reward done: 4.338267803192139
Step: 4751360	Mean reward: 30.04582977294922, 	Mean reward done: 4.679812908172607
Step: 4759552	Mean reward: 30.617061614990234, 	Mean reward done: 4.955239772796631
Step: 4767744	Mean reward: 23.46494483947754, 	Mean reward done: 4.073660850524902
Step: 4775936	Mean reward: 24.32673454284668, 	Mean reward done: 4.836009979248047
Step: 4784128	Mean reward: 29.19409942626953, 	Mean reward done: 4.848193645477295
Step: 4792320	Mean reward: 33.19705581665039, 	Mean reward done: 5.0638885498046875
Step: 4800512	Mean reward: 27.18602752685547, 	Mean reward done: 4.777653694152832
Step: 4808704	Mean reward: 27.474716186523438, 	Mean reward done: 4.785470485687256
Step: 4816896	Mean reward: 26.04302215576172, 	Mean reward done: 4.906736850738525
Step: 4825088	Mean reward: 22.898235321044922, 	Mean reward done: 3.9408605098724365
Step: 4833280	Mean reward: 20.039852142333984, 	Mean reward done: 3.6708881855010986
Step: 4841472	Mean reward: 21.18926429748535, 	Mean reward done: 4.258520126342773
Step: 4849664	Mean reward: 24.91551971435547, 	Mean reward done: 4.56638765335083
Step: 4857856	Mean reward: 23.7727108001709, 	Mean reward done: 4.405158996582031
Step: 4866048	Mean reward: 28.64339256286621, 	Mean reward done: 4.757992744445801
Step: 4874240	Mean reward: 22.630630493164062, 	Mean reward done: 4.286367893218994
Step: 4882432	Mean reward: 24.926084518432617, 	Mean reward done: 4.487205505371094
Step: 4890624	Mean reward: 24.0677433013916, 	Mean reward done: 4.5929694175720215
Step: 4898816	Mean reward: 20.920352935791016, 	Mean reward done: 4.149604797363281
Step: 4907008	Mean reward: 27.51544189453125, 	Mean reward done: 4.389142036437988
Step: 4915200	Mean reward: 28.374753952026367, 	Mean reward done: 5.302573204040527
Step: 4923392	Mean reward: 30.09377098083496, 	Mean reward done: 4.898598670959473
Step: 4931584	Mean reward: 28.6585636138916, 	Mean reward done: 5.259645938873291
Step: 4939776	Mean reward: 26.94060516357422, 	Mean reward done: 4.697544097900391
Step: 4947968	Mean reward: 32.384098052978516, 	Mean reward done: 5.111663818359375
Step: 4956160	Mean reward: 30.088115692138672, 	Mean reward done: 5.32637357711792
Step: 4964352	Mean reward: 28.65532112121582, 	Mean reward done: 4.713798522949219
Step: 4972544	Mean reward: 25.2189884185791, 	Mean reward done: 4.817711353302002
Step: 4980736	Mean reward: 32.95537185668945, 	Mean reward done: 4.925886631011963
Step: 4988928	Mean reward: 30.658493041992188, 	Mean reward done: 5.173430919647217
Step: 4997120	Mean reward: 34.66598129272461, 	Mean reward done: 5.797895431518555
Step: 5005312	Mean reward: 34.944679260253906, 	Mean reward done: 5.751135349273682
Step: 5013504	Mean reward: 41.80744552612305, 	Mean reward done: 6.382932186126709
Step: 5021696	Mean reward: 37.21405792236328, 	Mean reward done: 6.263111114501953
Step: 5029888	Mean reward: 32.05691146850586, 	Mean reward done: 5.787933349609375
Step: 5038080	Mean reward: 34.62590026855469, 	Mean reward done: 5.6995768547058105
Step: 5046272	Mean reward: 31.473913192749023, 	Mean reward done: 5.5300822257995605
Step: 5054464	Mean reward: 31.473539352416992, 	Mean reward done: 5.776492118835449
Step: 5062656	Mean reward: 40.618896484375, 	Mean reward done: 6.431788921356201
Step: 5070848	Mean reward: 33.745445251464844, 	Mean reward done: 5.924535274505615
Step: 5079040	Mean reward: 28.309162139892578, 	Mean reward done: 5.223935127258301
Step: 5087232	Mean reward: 34.02452850341797, 	Mean reward done: 5.192976474761963
Step: 5095424	Mean reward: 28.018695831298828, 	Mean reward done: 4.9682817459106445
Step: 5103616	Mean reward: 30.306758880615234, 	Mean reward done: 5.292445182800293
Step: 5111808	Mean reward: 36.01894760131836, 	Mean reward done: 5.841969013214111
Step: 5120000	Mean reward: 30.29683494567871, 	Mean reward done: 5.528219699859619
Step: 5128192	Mean reward: 34.29450988769531, 	Mean reward done: 5.471253395080566
Step: 5136384	Mean reward: 35.71654510498047, 	Mean reward done: 5.828497886657715
Step: 5144576	Mean reward: 35.70923614501953, 	Mean reward done: 5.7511372566223145
Step: 5152768	Mean reward: 38.27179718017578, 	Mean reward done: 5.62598991394043
Step: 5160960	Mean reward: 25.702219009399414, 	Mean reward done: 4.894652366638184
Step: 5169152	Mean reward: 31.127788543701172, 	Mean reward done: 4.958482265472412
Step: 5177344	Mean reward: 38.8327751159668, 	Mean reward done: 5.9036641120910645
Step: 5185536	Mean reward: 38.24917984008789, 	Mean reward done: 6.033896446228027
Step: 5193728	Mean reward: 27.685705184936523, 	Mean reward done: 4.650635719299316
Step: 5201920	Mean reward: 38.811012268066406, 	Mean reward done: 5.927058696746826
Step: 5210112	Mean reward: 30.245101928710938, 	Mean reward done: 5.73368501663208
Step: 5218304	Mean reward: 33.0944938659668, 	Mean reward done: 5.7017645835876465
Step: 5226496	Mean reward: 32.5197639465332, 	Mean reward done: 5.804849147796631
Step: 5234688	Mean reward: 26.529163360595703, 	Mean reward done: 4.613055229187012
Step: 5242880	Mean reward: 25.390289306640625, 	Mean reward done: 4.620242595672607
Step: 5251072	Mean reward: 24.537017822265625, 	Mean reward done: 4.5983147621154785
Step: 5259264	Mean reward: 28.81769561767578, 	Mean reward done: 4.6485114097595215
Step: 5267456	Mean reward: 23.682729721069336, 	Mean reward done: 4.537832260131836
Step: 5275648	Mean reward: 27.67952537536621, 	Mean reward done: 4.553691387176514
Step: 5283840	Mean reward: 25.396989822387695, 	Mean reward done: 4.7179412841796875
Step: 5292032	Mean reward: 32.53108596801758, 	Mean reward done: 5.1135125160217285
Step: 5300224	Mean reward: 27.67881965637207, 	Mean reward done: 5.115443706512451
Step: 5308416	Mean reward: 28.249906539916992, 	Mean reward done: 4.615356922149658
Step: 5316608	Mean reward: 27.109365463256836, 	Mean reward done: 4.977950096130371
Step: 5324800	Mean reward: 30.53290557861328, 	Mean reward done: 5.386739730834961
Step: 5332992	Mean reward: 30.816591262817383, 	Mean reward done: 5.104508399963379
Step: 5341184	Mean reward: 33.38175582885742, 	Mean reward done: 5.48165225982666
Step: 5349376	Mean reward: 23.681110382080078, 	Mean reward done: 4.4801177978515625
Step: 5357568	Mean reward: 35.948768615722656, 	Mean reward done: 5.8368024826049805
Step: 5365760	Mean reward: 37.0805549621582, 	Mean reward done: 6.205914497375488
Step: 5373952	Mean reward: 38.21275329589844, 	Mean reward done: 5.688462257385254
Step: 5382144	Mean reward: 28.227458953857422, 	Mean reward done: 4.80742073059082
Step: 5390336	Mean reward: 24.237884521484375, 	Mean reward done: 4.096682071685791
Step: 5398528	Mean reward: 28.80093002319336, 	Mean reward done: 4.940811634063721
Step: 5406720	Mean reward: 28.51632308959961, 	Mean reward done: 4.871762275695801
Step: 5414912	Mean reward: 26.23529815673828, 	Mean reward done: 4.494650840759277
Step: 5423104	Mean reward: 26.521697998046875, 	Mean reward done: 4.402381896972656
Step: 5431296	Mean reward: 27.378263473510742, 	Mean reward done: 4.77048921585083
Step: 5439488	Mean reward: 27.9494686126709, 	Mean reward done: 4.801066875457764
Step: 5447680	Mean reward: 28.2344913482666, 	Mean reward done: 4.477701663970947
Step: 5455872	Mean reward: 33.651126861572266, 	Mean reward done: 5.499553203582764
Step: 5464064	Mean reward: 25.665958404541016, 	Mean reward done: 4.54914665222168
Step: 5472256	Mean reward: 30.229063034057617, 	Mean reward done: 5.411850929260254
Step: 5480448	Mean reward: 32.79253387451172, 	Mean reward done: 5.597599029541016
Step: 5488640	Mean reward: 31.363468170166016, 	Mean reward done: 5.000168800354004
Step: 5496832	Mean reward: 26.801631927490234, 	Mean reward done: 4.661208629608154
Step: 5505024	Mean reward: 29.082426071166992, 	Mean reward done: 5.057516098022461
Step: 5513216	Mean reward: 25.66189956665039, 	Mean reward done: 4.467402458190918
Step: 5521408	Mean reward: 24.23919105529785, 	Mean reward done: 4.278398513793945
Step: 5529600	Mean reward: 28.802757263183594, 	Mean reward done: 4.959002494812012
Step: 5537792	Mean reward: 25.09481430053711, 	Mean reward done: 4.955811500549316
Step: 5545984	Mean reward: 27.378829956054688, 	Mean reward done: 4.731875419616699
Step: 5554176	Mean reward: 25.38311004638672, 	Mean reward done: 4.596180438995361
Step: 5562368	Mean reward: 21.10886001586914, 	Mean reward done: 4.014623641967773
Step: 5570560	Mean reward: 30.52468490600586, 	Mean reward done: 4.851962089538574
Step: 5578752	Mean reward: 28.810348510742188, 	Mean reward done: 4.802742004394531
Step: 5586944	Mean reward: 28.241456985473633, 	Mean reward done: 4.961493968963623
Step: 5595136	Mean reward: 27.956077575683594, 	Mean reward done: 4.6330790519714355
Step: 5603328	Mean reward: 22.536884307861328, 	Mean reward done: 4.198878765106201
Step: 5611520	Mean reward: 23.68189811706543, 	Mean reward done: 4.330230236053467
Step: 5619712	Mean reward: 19.120101928710938, 	Mean reward done: 4.35804557800293
Step: 5627904	Mean reward: 23.12006378173828, 	Mean reward done: 4.21182107925415
Step: 5636096	Mean reward: 29.400279998779297, 	Mean reward done: 4.627272605895996
Step: 5644288	Mean reward: 29.11410903930664, 	Mean reward done: 4.61245059967041
Step: 5652480	Mean reward: 21.124217987060547, 	Mean reward done: 3.9526450634002686
Step: 5660672	Mean reward: 27.69156265258789, 	Mean reward done: 5.157561779022217
Step: 5668864	Mean reward: 27.692079544067383, 	Mean reward done: 4.855053424835205
Step: 5677056	Mean reward: 21.12858009338379, 	Mean reward done: 4.084633827209473
Step: 5685248	Mean reward: 23.98739242553711, 	Mean reward done: 4.146347999572754
Step: 5693440	Mean reward: 25.98755645751953, 	Mean reward done: 4.901618480682373
Step: 5701632	Mean reward: 27.132617950439453, 	Mean reward done: 4.5921454429626465
Step: 5709824	Mean reward: 30.27313804626465, 	Mean reward done: 5.497718334197998
Step: 5718016	Mean reward: 29.70009422302246, 	Mean reward done: 5.066624641418457
Step: 5726208	Mean reward: 25.416494369506836, 	Mean reward done: 4.918971061706543
Step: 5734400	Mean reward: 24.561750411987305, 	Mean reward done: 4.344088554382324
Step: 5742592	Mean reward: 19.424789428710938, 	Mean reward done: 3.251063108444214
Step: 5750784	Mean reward: 24.57044219970703, 	Mean reward done: 4.4144487380981445
Step: 5758976	Mean reward: 27.143476486206055, 	Mean reward done: 5.327549934387207
Step: 5767168	Mean reward: 27.71547508239746, 	Mean reward done: 4.990577697753906
Step: 5775360	Mean reward: 30.2869873046875, 	Mean reward done: 5.269575119018555
Step: 5783552	Mean reward: 27.428451538085938, 	Mean reward done: 4.64000129699707
Step: 5791744	Mean reward: 22.002092361450195, 	Mean reward done: 4.2516188621521
Step: 5799936	Mean reward: 30.290477752685547, 	Mean reward done: 4.663549423217773
Step: 5808128	Mean reward: 25.433317184448242, 	Mean reward done: 4.102810382843018
Step: 5816320	Mean reward: 34.291351318359375, 	Mean reward done: 5.786892890930176
Step: 5824512	Mean reward: 39.996185302734375, 	Mean reward done: 6.573646545410156
Step: 5832704	Mean reward: 30.278125762939453, 	Mean reward done: 5.5071187019348145
Step: 5840896	Mean reward: 25.993268966674805, 	Mean reward done: 4.584608554840088
Step: 5849088	Mean reward: 20.854476928710938, 	Mean reward done: 3.7770800590515137
Step: 5857280	Mean reward: 22.858539581298828, 	Mean reward done: 4.327816486358643
Step: 5865472	Mean reward: 25.145910263061523, 	Mean reward done: 4.85024881362915
Step: 5873664	Mean reward: 31.147621154785156, 	Mean reward done: 5.100101470947266
Step: 5881856	Mean reward: 27.716861724853516, 	Mean reward done: 4.911343574523926
Step: 5890048	Mean reward: 30.86028480529785, 	Mean reward done: 4.737995147705078
Step: 5898240	Mean reward: 32.571258544921875, 	Mean reward done: 5.181725978851318
Step: 5906432	Mean reward: 22.858041763305664, 	Mean reward done: 4.1639862060546875
Step: 5914624	Mean reward: 28.00213623046875, 	Mean reward done: 4.668042182922363
Step: 5922816	Mean reward: 25.432723999023438, 	Mean reward done: 4.174148082733154
Step: 5931008	Mean reward: 25.148303985595703, 	Mean reward done: 5.009236812591553
Step: 5939200	Mean reward: 30.578449249267578, 	Mean reward done: 4.9852705001831055
Step: 5947392	Mean reward: 29.43340492248535, 	Mean reward done: 4.883083820343018
Step: 5955584	Mean reward: 19.719192504882812, 	Mean reward done: 3.6866116523742676
Step: 5963776	Mean reward: 19.153032302856445, 	Mean reward done: 3.725114583969116
Step: 5971968	Mean reward: 24.301738739013672, 	Mean reward done: 4.29636287689209
Step: 5980160	Mean reward: 30.020353317260742, 	Mean reward done: 5.1584882736206055
Step: 5988352	Mean reward: 31.73381996154785, 	Mean reward done: 5.233617782592773
Step: 5996544	Mean reward: 26.01569175720215, 	Mean reward done: 4.758991241455078
Step: 6004736	Mean reward: 23.730487823486328, 	Mean reward done: 4.448273658752441
Step: 6012928	Mean reward: 33.165077209472656, 	Mean reward done: 5.195542335510254
Step: 6021120	Mean reward: 40.590179443359375, 	Mean reward done: 6.385972499847412
Step: 6029312	Mean reward: 38.86557388305664, 	Mean reward done: 6.266086578369141
Step: 6037504	Mean reward: 33.143531799316406, 	Mean reward done: 5.833794116973877
Step: 6045696	Mean reward: 34.56693649291992, 	Mean reward done: 5.605968475341797
Step: 6053888	Mean reward: 34.848182678222656, 	Mean reward done: 6.028952121734619
Step: 6062080	Mean reward: 35.69809341430664, 	Mean reward done: 6.353696346282959
Step: 6070272	Mean reward: 34.837467193603516, 	Mean reward done: 5.6058878898620605
Step: 6078464	Mean reward: 29.979768753051758, 	Mean reward done: 5.389787197113037
Step: 6086656	Mean reward: 27.980573654174805, 	Mean reward done: 5.40848970413208
Step: 6094848	Mean reward: 34.25957107543945, 	Mean reward done: 5.599464416503906
Step: 6103040	Mean reward: 33.399208068847656, 	Mean reward done: 5.953495979309082
Step: 6111232	Mean reward: 36.249000549316406, 	Mean reward done: 5.717223167419434
Step: 6119424	Mean reward: 36.811805725097656, 	Mean reward done: 6.122159004211426
Step: 6127616	Mean reward: 37.66078186035156, 	Mean reward done: 6.124398231506348
Step: 6135808	Mean reward: 32.52022171020508, 	Mean reward done: 5.783747673034668
Step: 6144000	Mean reward: 29.665184020996094, 	Mean reward done: 5.28433895111084
Step: 6152192	Mean reward: 33.65650939941406, 	Mean reward done: 5.639976501464844
Step: 6160384	Mean reward: 27.663814544677734, 	Mean reward done: 5.405666828155518
Step: 6168576	Mean reward: 23.95850944519043, 	Mean reward done: 4.9455180168151855
Step: 6176768	Mean reward: 25.100793838500977, 	Mean reward done: 5.038835525512695
Step: 6184960	Mean reward: 19.398738861083984, 	Mean reward done: 3.7527241706848145
Step: 6193152	Mean reward: 20.830596923828125, 	Mean reward done: 4.135552406311035
Step: 6201344	Mean reward: 20.834163665771484, 	Mean reward done: 4.303401470184326
Step: 6209536	Mean reward: 25.68867301940918, 	Mean reward done: 4.7072014808654785
Step: 6217728	Mean reward: 20.552953720092773, 	Mean reward done: 4.030730247497559
Step: 6225920	Mean reward: 25.123884201049805, 	Mean reward done: 4.319981098175049
Step: 6234112	Mean reward: 24.554662704467773, 	Mean reward done: 4.463282108306885
Step: 6242304	Mean reward: 28.839374542236328, 	Mean reward done: 5.08077335357666
Step: 6250496	Mean reward: 31.978147506713867, 	Mean reward done: 5.430986404418945
Step: 6258688	Mean reward: 28.550575256347656, 	Mean reward done: 5.08302116394043
Step: 6266880	Mean reward: 31.403671264648438, 	Mean reward done: 5.618691444396973
Step: 6275072	Mean reward: 28.548763275146484, 	Mean reward done: 5.39548921585083
Step: 6283264	Mean reward: 29.689416885375977, 	Mean reward done: 5.23190450668335
Step: 6291456	Mean reward: 25.122812271118164, 	Mean reward done: 4.23063850402832
Step: 6299648	Mean reward: 26.836524963378906, 	Mean reward done: 4.910627365112305
Step: 6307840	Mean reward: 24.26948356628418, 	Mean reward done: 4.324315071105957
Step: 6316032	Mean reward: 22.557695388793945, 	Mean reward done: 4.152574062347412
Step: 6324224	Mean reward: 27.129281997680664, 	Mean reward done: 4.168888568878174
Step: 6332416	Mean reward: 27.700305938720703, 	Mean reward done: 4.785679340362549
Step: 6340608	Mean reward: 25.417207717895508, 	Mean reward done: 4.480306625366211
Step: 6348800	Mean reward: 30.84398651123047, 	Mean reward done: 5.272006511688232
Step: 6356992	Mean reward: 31.984127044677734, 	Mean reward done: 5.647196292877197
Step: 6365184	Mean reward: 31.98128318786621, 	Mean reward done: 5.4361653327941895
Step: 6373376	Mean reward: 32.2652587890625, 	Mean reward done: 5.825783729553223
Step: 6381568	Mean reward: 31.120912551879883, 	Mean reward done: 5.858444690704346
Step: 6389760	Mean reward: 30.832054138183594, 	Mean reward done: 5.637253761291504
Step: 6397952	Mean reward: 33.39876937866211, 	Mean reward done: 5.691984176635742
Step: 6406144	Mean reward: 35.67768859863281, 	Mean reward done: 5.689189910888672
Step: 6414336	Mean reward: 29.968196868896484, 	Mean reward done: 4.992879390716553
Step: 6422528	Mean reward: 37.382381439208984, 	Mean reward done: 5.647002220153809
Step: 6430720	Mean reward: 30.815378189086914, 	Mean reward done: 5.551887512207031
Step: 6438912	Mean reward: 31.668825149536133, 	Mean reward done: 5.417735576629639
Step: 6447104	Mean reward: 32.52279281616211, 	Mean reward done: 5.564128875732422
Step: 6455296	Mean reward: 30.808391571044922, 	Mean reward done: 5.502181053161621
Step: 6463488	Mean reward: 32.80272674560547, 	Mean reward done: 5.724055290222168
Step: 6471680	Mean reward: 33.65519332885742, 	Mean reward done: 5.757694244384766
Step: 6479872	Mean reward: 30.516422271728516, 	Mean reward done: 5.593769550323486
Step: 6488064	Mean reward: 29.37343406677246, 	Mean reward done: 5.527606964111328
Step: 6496256	Mean reward: 30.228355407714844, 	Mean reward done: 5.998706817626953
Step: 6504448	Mean reward: 32.79180145263672, 	Mean reward done: 6.330925464630127
Step: 6512640	Mean reward: 30.794605255126953, 	Mean reward done: 5.747742652893066
Step: 6520832	Mean reward: 38.486759185791016, 	Mean reward done: 6.024050235748291
Step: 6529024	Mean reward: 31.070663452148438, 	Mean reward done: 5.77026891708374
Step: 6537216	Mean reward: 34.48833465576172, 	Mean reward done: 6.11690092086792
Step: 6545408	Mean reward: 31.634599685668945, 	Mean reward done: 5.40905237197876
Step: 6553600	Mean reward: 31.917499542236328, 	Mean reward done: 5.990974426269531
Step: 6561792	Mean reward: 35.616943359375, 	Mean reward done: 5.983326435089111
Step: 6569984	Mean reward: 27.6373233795166, 	Mean reward done: 4.685812950134277
Step: 6578176	Mean reward: 25.64418601989746, 	Mean reward done: 4.6589179039001465
Step: 6586368	Mean reward: 23.081989288330078, 	Mean reward done: 4.342973232269287
Step: 6594560	Mean reward: 31.631656646728516, 	Mean reward done: 5.57105016708374
Step: 6602752	Mean reward: 29.920001983642578, 	Mean reward done: 5.005321979522705
Step: 6610944	Mean reward: 27.07107162475586, 	Mean reward done: 5.314697742462158
Step: 6619136	Mean reward: 37.04048156738281, 	Mean reward done: 6.0612473487854
Step: 6627328	Mean reward: 32.7624626159668, 	Mean reward done: 5.82228946685791
Step: 6635520	Mean reward: 36.17484664916992, 	Mean reward done: 6.310245990753174
Step: 6643712	Mean reward: 29.62155532836914, 	Mean reward done: 5.747880458831787
Step: 6651904	Mean reward: 37.87672424316406, 	Mean reward done: 5.973669052124023
Step: 6660096	Mean reward: 38.43893814086914, 	Mean reward done: 6.313507556915283
Step: 6668288	Mean reward: 33.87831115722656, 	Mean reward done: 6.075343132019043
Step: 6676480	Mean reward: 35.86479949951172, 	Mean reward done: 6.01429557800293
Step: 6684672	Mean reward: 28.746667861938477, 	Mean reward done: 5.393557548522949
Step: 6692864	Mean reward: 35.57484436035156, 	Mean reward done: 6.098215579986572
Step: 6701056	Mean reward: 37.27671432495117, 	Mean reward done: 6.44189453125
Step: 6709248	Mean reward: 34.426204681396484, 	Mean reward done: 6.074819564819336
Step: 6717440	Mean reward: 36.980262756347656, 	Mean reward done: 6.119922637939453
Step: 6725632	Mean reward: 30.718597412109375, 	Mean reward done: 5.096631050109863
Step: 6733824	Mean reward: 25.599145889282227, 	Mean reward done: 4.636961936950684
Step: 6742016	Mean reward: 27.023242950439453, 	Mean reward done: 4.749046325683594
Step: 6750208	Mean reward: 27.59310531616211, 	Mean reward done: 4.888843536376953
Step: 6758400	Mean reward: 25.886829376220703, 	Mean reward done: 4.656402587890625
Step: 6766592	Mean reward: 24.749897003173828, 	Mean reward done: 4.536462783813477
Step: 6774784	Mean reward: 34.421321868896484, 	Mean reward done: 5.534374237060547
Step: 6782976	Mean reward: 27.307979583740234, 	Mean reward done: 5.050257205963135
Step: 6791168	Mean reward: 23.3270320892334, 	Mean reward done: 4.166669845581055
Step: 6799360	Mean reward: 28.165546417236328, 	Mean reward done: 4.895214557647705
Step: 6807552	Mean reward: 25.605581283569336, 	Mean reward done: 4.5938639640808105
Step: 6815744	Mean reward: 29.02018165588379, 	Mean reward done: 5.1464996337890625
Step: 6823936	Mean reward: 29.30493927001953, 	Mean reward done: 5.266555309295654
Step: 6832128	Mean reward: 25.036834716796875, 	Mean reward done: 4.994497299194336
Step: 6840320	Mean reward: 29.30668830871582, 	Mean reward done: 5.109702110290527
Step: 6848512	Mean reward: 32.71869659423828, 	Mean reward done: 5.822079181671143
Step: 6856704	Mean reward: 32.43047332763672, 	Mean reward done: 5.239363670349121
Step: 6864896	Mean reward: 30.153533935546875, 	Mean reward done: 5.279916763305664
Step: 6873088	Mean reward: 28.730756759643555, 	Mean reward done: 5.392040729522705
Step: 6881280	Mean reward: 26.170650482177734, 	Mean reward done: 5.098673343658447
Step: 6889472	Mean reward: 33.56623077392578, 	Mean reward done: 5.236538887023926
Step: 6897664	Mean reward: 28.72920036315918, 	Mean reward done: 5.191847801208496
Step: 6905856	Mean reward: 37.543251037597656, 	Mean reward done: 5.592672824859619
Step: 6914048	Mean reward: 31.56621742248535, 	Mean reward done: 5.446910858154297
Step: 6922240	Mean reward: 30.143207550048828, 	Mean reward done: 5.051970481872559
Step: 6930432	Mean reward: 34.689292907714844, 	Mean reward done: 5.637233734130859
Step: 6938624	Mean reward: 30.138195037841797, 	Mean reward done: 5.297873020172119
Step: 6946816	Mean reward: 21.32492446899414, 	Mean reward done: 4.433751106262207
Step: 6955008	Mean reward: 19.338817596435547, 	Mean reward done: 3.216702461242676
Step: 6963200	Mean reward: 21.901371002197266, 	Mean reward done: 3.805647134780884
Step: 6971392	Mean reward: 27.592330932617188, 	Mean reward done: 4.649402618408203
Step: 6979584	Mean reward: 33.84808349609375, 	Mean reward done: 5.539984703063965
Step: 6987776	Mean reward: 35.26659393310547, 	Mean reward done: 6.015455722808838
Step: 6995968	Mean reward: 32.41823959350586, 	Mean reward done: 5.713141441345215
Step: 7004160	Mean reward: 30.710737228393555, 	Mean reward done: 4.940619468688965
Step: 7012352	Mean reward: 32.41469955444336, 	Mean reward done: 5.736776828765869
Step: 7020544	Mean reward: 30.99104118347168, 	Mean reward done: 5.52949333190918
Step: 7028736	Mean reward: 32.6945915222168, 	Mean reward done: 5.367076873779297
Step: 7036928	Mean reward: 25.86976432800293, 	Mean reward done: 4.717067241668701
Step: 7045120	Mean reward: 24.73562240600586, 	Mean reward done: 4.04159688949585
Step: 7053312	Mean reward: 29.569660186767578, 	Mean reward done: 5.048982620239258
Step: 7061504	Mean reward: 34.685211181640625, 	Mean reward done: 5.557833194732666
Step: 7069696	Mean reward: 28.996845245361328, 	Mean reward done: 5.084939002990723
Step: 7077888	Mean reward: 29.280521392822266, 	Mean reward done: 4.867116451263428
Step: 7086080	Mean reward: 30.41671371459961, 	Mean reward done: 5.005269527435303
Step: 7094272	Mean reward: 27.857908248901367, 	Mean reward done: 4.7113471031188965
Step: 7102464	Mean reward: 26.43744659423828, 	Mean reward done: 4.414792060852051
Step: 7110656	Mean reward: 24.449649810791016, 	Mean reward done: 4.3358893394470215
Step: 7118848	Mean reward: 24.73507308959961, 	Mean reward done: 4.272671699523926
Step: 7127040	Mean reward: 22.746978759765625, 	Mean reward done: 4.0712080001831055
Step: 7135232	Mean reward: 18.769184112548828, 	Mean reward done: 3.8601369857788086
Step: 7143424	Mean reward: 27.018827438354492, 	Mean reward done: 4.571075916290283
Step: 7151616	Mean reward: 22.754619598388672, 	Mean reward done: 4.084888458251953
Step: 7159808	Mean reward: 26.454940795898438, 	Mean reward done: 4.3838725090026855
Step: 7168000	Mean reward: 26.7413330078125, 	Mean reward done: 4.671939849853516
Step: 7176192	Mean reward: 21.62148666381836, 	Mean reward done: 4.061236381530762
Step: 7184384	Mean reward: 14.795912742614746, 	Mean reward done: 3.2172751426696777
Step: 7192576	Mean reward: 18.21544647216797, 	Mean reward done: 3.6602213382720947
Step: 7200768	Mean reward: 23.056983947753906, 	Mean reward done: 3.869494915008545
Step: 7208960	Mean reward: 28.1835880279541, 	Mean reward done: 4.538431167602539
Step: 7217152	Mean reward: 33.59006118774414, 	Mean reward done: 5.1838860511779785
Step: 7225344	Mean reward: 31.02570152282715, 	Mean reward done: 4.876712322235107
Step: 7233536	Mean reward: 29.03298568725586, 	Mean reward done: 5.273353576660156
Step: 7241728	Mean reward: 29.3155517578125, 	Mean reward done: 5.185795307159424
Step: 7249920	Mean reward: 29.884563446044922, 	Mean reward done: 5.110532283782959
Step: 7258112	Mean reward: 25.04678726196289, 	Mean reward done: 4.174006462097168
Step: 7266304	Mean reward: 16.79535675048828, 	Mean reward done: 2.87750244140625
Step: 7274496	Mean reward: 19.361961364746094, 	Mean reward done: 3.603923797607422
Step: 7282688	Mean reward: 15.948402404785156, 	Mean reward done: 3.059257745742798
Step: 7290880	Mean reward: 19.93962860107422, 	Mean reward done: 3.6644060611724854
Step: 7299072	Mean reward: 19.942562103271484, 	Mean reward done: 4.051157474517822
Step: 7307264	Mean reward: 24.503833770751953, 	Mean reward done: 4.595481872558594
Step: 7315456	Mean reward: 28.494049072265625, 	Mean reward done: 5.201861381530762
Step: 7323648	Mean reward: 31.912073135375977, 	Mean reward done: 4.973828315734863
Step: 7331840	Mean reward: 31.05562400817871, 	Mean reward done: 4.963833332061768
Step: 7340032	Mean reward: 30.76883888244629, 	Mean reward done: 5.142842769622803
Step: 7348224	Mean reward: 34.184898376464844, 	Mean reward done: 5.2325286865234375
Step: 7356416	Mean reward: 24.498973846435547, 	Mean reward done: 4.692476749420166
Step: 7364608	Mean reward: 23.931468963623047, 	Mean reward done: 4.3019609451293945
Step: 7372800	Mean reward: 30.48379898071289, 	Mean reward done: 5.481187343597412
Step: 7380992	Mean reward: 32.47686004638672, 	Mean reward done: 5.128705024719238
Step: 7389184	Mean reward: 32.18989562988281, 	Mean reward done: 5.248097896575928
Step: 7397376	Mean reward: 25.352975845336914, 	Mean reward done: 5.098056793212891
Step: 7405568	Mean reward: 30.765148162841797, 	Mean reward done: 5.026455402374268
Step: 7413760	Mean reward: 33.8973274230957, 	Mean reward done: 5.424034118652344
Step: 7421952	Mean reward: 36.73906326293945, 	Mean reward done: 6.0682501792907715
Step: 7430144	Mean reward: 35.594398498535156, 	Mean reward done: 6.00189733505249
Step: 7438336	Mean reward: 37.297569274902344, 	Mean reward done: 6.0779547691345215
Step: 7446528	Mean reward: 33.30742645263672, 	Mean reward done: 5.278651237487793
Step: 7454720	Mean reward: 35.01177215576172, 	Mean reward done: 5.777229309082031
Step: 7462912	Mean reward: 33.58506774902344, 	Mean reward done: 5.501634120941162
Step: 7471104	Mean reward: 33.01298522949219, 	Mean reward done: 5.555804252624512
Step: 7479296	Mean reward: 33.86317825317383, 	Mean reward done: 5.507431507110596
Step: 7487488	Mean reward: 28.454673767089844, 	Mean reward done: 5.129518985748291
Step: 7495680	Mean reward: 31.015003204345703, 	Mean reward done: 5.36653995513916
Step: 7503872	Mean reward: 26.46233367919922, 	Mean reward done: 4.67087459564209
Step: 7512064	Mean reward: 36.704254150390625, 	Mean reward done: 5.59561824798584
Step: 7520256	Mean reward: 24.468416213989258, 	Mean reward done: 4.44917631149292
Step: 7528448	Mean reward: 28.167879104614258, 	Mean reward done: 4.772891044616699
Step: 7536640	Mean reward: 30.444007873535156, 	Mean reward done: 5.183971881866455
Step: 7544832	Mean reward: 33.85557174682617, 	Mean reward done: 5.320380210876465
Step: 7553024	Mean reward: 32.14555358886719, 	Mean reward done: 5.856781482696533
Step: 7561216	Mean reward: 31.86001968383789, 	Mean reward done: 5.520530700683594
Step: 7569408	Mean reward: 32.14189910888672, 	Mean reward done: 5.633298873901367
Step: 7577600	Mean reward: 32.13898468017578, 	Mean reward done: 5.328499794006348
Step: 7585792	Mean reward: 32.705711364746094, 	Mean reward done: 5.5629072189331055
Step: 7593984	Mean reward: 33.840755462646484, 	Mean reward done: 5.745173454284668
Step: 7602176	Mean reward: 29.57319450378418, 	Mean reward done: 5.0675506591796875
Step: 7610368	Mean reward: 34.404449462890625, 	Mean reward done: 6.087236404418945
Step: 7618560	Mean reward: 31.27455711364746, 	Mean reward done: 5.541757583618164
Step: 7626752	Mean reward: 31.55740737915039, 	Mean reward done: 4.9789886474609375
Step: 7634944	Mean reward: 23.597164154052734, 	Mean reward done: 4.338667869567871
Step: 7643136	Mean reward: 29.56882095336914, 	Mean reward done: 5.048856258392334
Step: 7651328	Mean reward: 27.293832778930664, 	Mean reward done: 5.110145092010498
Step: 7659520	Mean reward: 34.40133285522461, 	Mean reward done: 5.187166690826416
Step: 7667712	Mean reward: 32.12405014038086, 	Mean reward done: 5.468514442443848
Step: 7675904	Mean reward: 36.09873962402344, 	Mean reward done: 6.042743682861328
Step: 7684096	Mean reward: 28.421417236328125, 	Mean reward done: 5.873420715332031
Step: 7692288	Mean reward: 27.85441017150879, 	Mean reward done: 4.6826653480529785
Step: 7700480	Mean reward: 23.307945251464844, 	Mean reward done: 4.301196575164795
Step: 7708672	Mean reward: 20.752094268798828, 	Mean reward done: 3.854740858078003
Step: 7716864	Mean reward: 27.861404418945312, 	Mean reward done: 4.494863986968994
Step: 7725056	Mean reward: 21.60858726501465, 	Mean reward done: 3.4503347873687744
Step: 7733248	Mean reward: 29.8552188873291, 	Mean reward done: 4.865493297576904
Step: 7741440	Mean reward: 29.570507049560547, 	Mean reward done: 5.1143598556518555
Step: 7749632	Mean reward: 35.82290267944336, 	Mean reward done: 5.742029190063477
Step: 7757824	Mean reward: 38.94357681274414, 	Mean reward done: 5.807032108306885
Step: 7766016	Mean reward: 23.876270294189453, 	Mean reward done: 4.204625606536865
Step: 7774208	Mean reward: 21.320966720581055, 	Mean reward done: 3.990064859390259
Step: 7782400	Mean reward: 28.713119506835938, 	Mean reward done: 4.716365337371826
Step: 7790592	Mean reward: 34.11373519897461, 	Mean reward done: 5.27116584777832
Step: 7798784	Mean reward: 32.40488052368164, 	Mean reward done: 5.533575534820557
Step: 7806976	Mean reward: 30.982397079467773, 	Mean reward done: 5.17716121673584
Step: 7815168	Mean reward: 34.10565185546875, 	Mean reward done: 5.267100811004639
Step: 7823360	Mean reward: 30.977073669433594, 	Mean reward done: 5.232207775115967
Step: 7831552	Mean reward: 24.1568603515625, 	Mean reward done: 4.86757755279541
Step: 7839744	Mean reward: 24.158794403076172, 	Mean reward done: 4.656144142150879
Step: 7847936	Mean reward: 25.013288497924805, 	Mean reward done: 4.410714149475098
Step: 7856128	Mean reward: 25.300125122070312, 	Mean reward done: 4.565595626831055
Step: 7864320	Mean reward: 30.70083236694336, 	Mean reward done: 4.900669574737549
Step: 7872512	Mean reward: 29.277238845825195, 	Mean reward done: 5.063964366912842
Step: 7880704	Mean reward: 38.65537643432617, 	Mean reward done: 5.867219924926758
Step: 7888896	Mean reward: 32.68156433105469, 	Mean reward done: 5.302690029144287
Step: 7897088	Mean reward: 29.554624557495117, 	Mean reward done: 5.405943870544434
Step: 7905280	Mean reward: 29.269285202026367, 	Mean reward done: 4.846863746643066
Step: 7913472	Mean reward: 24.155710220336914, 	Mean reward done: 4.136796474456787
Step: 7921664	Mean reward: 26.714120864868164, 	Mean reward done: 4.922173976898193
Step: 7929856	Mean reward: 24.442432403564453, 	Mean reward done: 4.548443794250488
Step: 7938048	Mean reward: 26.432743072509766, 	Mean reward done: 4.912093639373779
Step: 7946240	Mean reward: 32.68490219116211, 	Mean reward done: 5.10484504699707
Step: 7954432	Mean reward: 27.2841796875, 	Mean reward done: 5.033114910125732
Step: 7962624	Mean reward: 28.705904006958008, 	Mean reward done: 4.730970859527588
Step: 7970816	Mean reward: 27.56910514831543, 	Mean reward done: 4.969405651092529
Step: 7979008	Mean reward: 23.022855758666992, 	Mean reward done: 4.617974281311035
Step: 7987200	Mean reward: 27.003774642944336, 	Mean reward done: 4.345871925354004
Step: 7995392	Mean reward: 26.152973175048828, 	Mean reward done: 4.782299995422363
Step: 8003584	Mean reward: 25.869213104248047, 	Mean reward done: 4.435505390167236
Completed training of sd_n_rc_cr!

------------------------------------------------------------
Sender: LSF System <lsfadmin@n-62-20-14>
Subject: Job 8466588: <sd_n_rc_cr> in cluster <dcc> Done

Job <sd_n_rc_cr> was submitted from host <n-62-27-19> by user <s192288> in cluster <dcc> at Wed Dec  2 16:41:46 2020
Job was executed on host(s) <n-62-20-14>, in queue <gpuv100>, as user <s192288> in cluster <dcc> at Wed Dec  2 20:37:24 2020
</zhome/09/9/144141> was used as the home directory.
</zhome/09/9/144141/Desktop/Deep_l_hpc> was used as the working directory.
Started at Wed Dec  2 20:37:24 2020
Terminated at Thu Dec  3 02:21:27 2020
Results reported at Thu Dec  3 02:21:27 2020

Your job looked like:

------------------------------------------------------------
# LSBATCH: User input
#!/bin/sh

#BSUB -J sd_n_rc_cr

#BSUB -q gpuv100

#BSUB -gpu "num=1"

#BSUB -n 1

#BSUB -W 23:45

#BSUB -R "rusage[mem=16GB]"

#BSUB -o sd_n_rc_cr.out

#BSUB -e sd_n_rc_cr.err

# Load modules

module load python3/3.8.2
module load cuda/8.0
module load cudnn/v7.0-prod-cuda8
module load ffmpeg/4.2.2
pip3 install --user torch matplotlib procgen gym 

# 1 = model_name, 2 = encoder_index, 3 = aug_index, 4 = mix_reg, 5 = game
#the name of the run
#encoder_index 0 = Impala, 1 = Nature  
#aug_index: 0 = None, 1 = grayscale, 2 = random_cutout, 3 = color_jitter
#mixreg: 0 = False, 1 = True 
#type of game

python3 train_ppo.py sd_n_rc_cr 1 2 0 coinrun



------------------------------------------------------------

Successfully completed.

Resource usage summary:

    CPU time :                                   20432.97 sec.
    Max Memory :                                 9116 MB
    Average Memory :                             9070.41 MB
    Total Requested Memory :                     16384.00 MB
    Delta Memory :                               7268.00 MB
    Max Swap :                                   -
    Max Processes :                              4
    Max Threads :                                13
    Run time :                                   20642 sec.
    Turnaround time :                            34781 sec.

The output (if any) is above this job summary.



PS:

Read file <sd_n_rc_cr.err> for stderr output of this job.

