Requirement already satisfied: torch in /zhome/09/9/144141/.local/lib/python3.8/site-packages (1.7.0)
Requirement already satisfied: matplotlib in /zhome/09/9/144141/.local/lib/python3.8/site-packages (3.3.3)
Requirement already satisfied: procgen in /zhome/09/9/144141/.local/lib/python3.8/site-packages (0.10.4)
Requirement already satisfied: gym in /zhome/09/9/144141/.local/lib/python3.8/site-packages (0.17.3)
Requirement already satisfied: numpy in /zhome/09/9/144141/.local/lib/python3.8/site-packages (from torch) (1.19.4)
Requirement already satisfied: typing-extensions in /zhome/09/9/144141/.local/lib/python3.8/site-packages (from torch) (3.7.4.3)
Requirement already satisfied: future in /zhome/09/9/144141/.local/lib/python3.8/site-packages (from torch) (0.18.2)
Requirement already satisfied: dataclasses in /zhome/09/9/144141/.local/lib/python3.8/site-packages (from torch) (0.6)
Requirement already satisfied: kiwisolver>=1.0.1 in /zhome/09/9/144141/.local/lib/python3.8/site-packages (from matplotlib) (1.3.1)
Requirement already satisfied: pyparsing!=2.0.4,!=2.1.2,!=2.1.6,>=2.0.3 in /zhome/09/9/144141/.local/lib/python3.8/site-packages (from matplotlib) (2.4.7)
Requirement already satisfied: python-dateutil>=2.1 in /zhome/09/9/144141/.local/lib/python3.8/site-packages (from matplotlib) (2.8.1)
Requirement already satisfied: pillow>=6.2.0 in /zhome/09/9/144141/.local/lib/python3.8/site-packages (from matplotlib) (8.0.1)
Requirement already satisfied: cycler>=0.10 in /zhome/09/9/144141/.local/lib/python3.8/site-packages (from matplotlib) (0.10.0)
Requirement already satisfied: gym3<1.0.0,>=0.3.3 in /zhome/09/9/144141/.local/lib/python3.8/site-packages (from procgen) (0.3.3)
Requirement already satisfied: filelock<4.0.0,>=3.0.0 in /zhome/09/9/144141/.local/lib/python3.8/site-packages (from procgen) (3.0.12)
Requirement already satisfied: scipy in /zhome/09/9/144141/.local/lib/python3.8/site-packages (from gym) (1.5.4)
Requirement already satisfied: pyglet<=1.5.0,>=1.4.0 in /zhome/09/9/144141/.local/lib/python3.8/site-packages (from gym) (1.5.0)
Requirement already satisfied: cloudpickle<1.7.0,>=1.2.0 in /zhome/09/9/144141/.local/lib/python3.8/site-packages (from gym) (1.6.0)
Requirement already satisfied: six>=1.5 in /zhome/09/9/144141/.local/lib/python3.8/site-packages (from python-dateutil>=2.1->matplotlib) (1.15.0)
Requirement already satisfied: glfw<2.0.0,>=1.8.6 in /zhome/09/9/144141/.local/lib/python3.8/site-packages (from gym3<1.0.0,>=0.3.3->procgen) (1.12.0)
Requirement already satisfied: cffi<2.0.0,>=1.13.0 in /zhome/09/9/144141/.local/lib/python3.8/site-packages (from gym3<1.0.0,>=0.3.3->procgen) (1.14.4)
Requirement already satisfied: imageio-ffmpeg<0.4.0,>=0.3.0 in /zhome/09/9/144141/.local/lib/python3.8/site-packages (from gym3<1.0.0,>=0.3.3->procgen) (0.3.0)
Requirement already satisfied: moderngl<6.0.0,>=5.5.4 in /zhome/09/9/144141/.local/lib/python3.8/site-packages (from gym3<1.0.0,>=0.3.3->procgen) (5.6.2)
Requirement already satisfied: imageio<3.0.0,>=2.6.0 in /zhome/09/9/144141/.local/lib/python3.8/site-packages (from gym3<1.0.0,>=0.3.3->procgen) (2.9.0)
Requirement already satisfied: pycparser in /zhome/09/9/144141/.local/lib/python3.8/site-packages (from cffi<2.0.0,>=1.13.0->gym3<1.0.0,>=0.3.3->procgen) (2.20)
Requirement already satisfied: glcontext<3,>=2 in /zhome/09/9/144141/.local/lib/python3.8/site-packages (from moderngl<6.0.0,>=5.5.4->gym3<1.0.0,>=0.3.3->procgen) (2.2.0)
Run name sd_n_na_cr
Encoder used Nature
Augumentation used none
Mixreg? False
Game coinrun
Observation space: Box(0.0, 1.0, (3, 64, 64), float32)
Action space: 15
Embrace Nature!
Step: 8192	Mean reward: 0.625, 	Mean reward done: 0.3125
Estimated time of completion: 7.765383084511592 hours
Step: 16384	Mean reward: 0.9375, 	Mean reward done: 0.46875
Step: 24576	Mean reward: 1.875, 	Mean reward done: 0.9375
Step: 32768	Mean reward: 1.5625, 	Mean reward done: 0.6770833134651184
Step: 40960	Mean reward: 1.25, 	Mean reward done: 0.625
Step: 49152	Mean reward: 7.1875, 	Mean reward done: 2.6041667461395264
Step: 57344	Mean reward: 9.375, 	Mean reward done: 3.0729167461395264
Step: 65536	Mean reward: 10.0, 	Mean reward done: 3.59375
Step: 73728	Mean reward: 11.25, 	Mean reward done: 3.6979167461395264
Step: 81920	Mean reward: 15.9375, 	Mean reward done: 4.0885419845581055
Step: 90112	Mean reward: 16.25, 	Mean reward done: 4.192708492279053
Step: 98304	Mean reward: 15.625, 	Mean reward done: 3.921875
Step: 106496	Mean reward: 17.8125, 	Mean reward done: 4.598958492279053
Step: 114688	Mean reward: 21.875, 	Mean reward done: 4.890625
Step: 122880	Mean reward: 25.0, 	Mean reward done: 5.1316962242126465
Step: 131072	Mean reward: 25.9375, 	Mean reward done: 5.124999523162842
Step: 139264	Mean reward: 27.1875, 	Mean reward done: 4.964781284332275
Step: 147456	Mean reward: 26.875, 	Mean reward done: 5.037574768066406
Step: 155648	Mean reward: 30.0, 	Mean reward done: 4.949777126312256
Step: 163840	Mean reward: 30.3125, 	Mean reward done: 5.08048152923584
Step: 172032	Mean reward: 33.75, 	Mean reward done: 5.519097328186035
Step: 180224	Mean reward: 33.75, 	Mean reward done: 5.077877998352051
Step: 188416	Mean reward: 34.6875, 	Mean reward done: 5.2120537757873535
Step: 196608	Mean reward: 35.3125, 	Mean reward done: 5.170262813568115
Step: 204800	Mean reward: 35.625, 	Mean reward done: 5.470734119415283
Step: 212992	Mean reward: 44.0625, 	Mean reward done: 5.973958969116211
Step: 221184	Mean reward: 43.4375, 	Mean reward done: 6.081472873687744
Step: 229376	Mean reward: 43.125, 	Mean reward done: 6.126984119415283
Step: 237568	Mean reward: 42.5, 	Mean reward done: 6.015873432159424
Step: 245760	Mean reward: 41.5625, 	Mean reward done: 6.155878067016602
Step: 253952	Mean reward: 47.8125, 	Mean reward done: 6.57539701461792
Step: 262144	Mean reward: 43.75, 	Mean reward done: 5.962549686431885
Step: 270336	Mean reward: 47.5, 	Mean reward done: 6.277111530303955
Step: 278528	Mean reward: 42.5, 	Mean reward done: 6.136160373687744
Step: 286720	Mean reward: 46.20625686645508, 	Mean reward done: 6.328042030334473
Step: 294912	Mean reward: 40.91128921508789, 	Mean reward done: 6.208255290985107
Step: 303104	Mean reward: 44.24137496948242, 	Mean reward done: 5.991689205169678
Step: 311296	Mean reward: 43.56196212768555, 	Mean reward done: 6.231065273284912
Step: 319488	Mean reward: 44.401214599609375, 	Mean reward done: 6.259527206420898
Step: 327680	Mean reward: 48.48514938354492, 	Mean reward done: 6.3585052490234375
Step: 335872	Mean reward: 41.26373291015625, 	Mean reward done: 6.50287389755249
Step: 344064	Mean reward: 46.55873107910156, 	Mean reward done: 6.441819667816162
Step: 352256	Mean reward: 45.607845306396484, 	Mean reward done: 6.268523216247559
Step: 360448	Mean reward: 47.58052062988281, 	Mean reward done: 6.109955310821533
Step: 368640	Mean reward: 45.78779602050781, 	Mean reward done: 6.0873847007751465
Step: 376832	Mean reward: 40.36642837524414, 	Mean reward done: 5.987699508666992
Step: 385024	Mean reward: 42.16600036621094, 	Mean reward done: 6.063564300537109
Step: 393216	Mean reward: 42.52085494995117, 	Mean reward done: 5.925502300262451
Step: 401408	Mean reward: 42.31507110595703, 	Mean reward done: 5.965160369873047
Step: 409600	Mean reward: 43.516510009765625, 	Mean reward done: 6.202237129211426
Step: 417792	Mean reward: 34.96312713623047, 	Mean reward done: 5.610189437866211
Step: 425984	Mean reward: 40.71164321899414, 	Mean reward done: 5.897636890411377
Step: 434176	Mean reward: 47.723594665527344, 	Mean reward done: 6.253281593322754
Step: 442368	Mean reward: 37.86437225341797, 	Mean reward done: 6.047626972198486
Step: 450560	Mean reward: 41.580345153808594, 	Mean reward done: 5.937252521514893
Step: 458752	Mean reward: 40.87594223022461, 	Mean reward done: 5.699573993682861
Step: 466944	Mean reward: 36.67522430419922, 	Mean reward done: 5.6184821128845215
Step: 475136	Mean reward: 46.90544891357422, 	Mean reward done: 6.182868957519531
Step: 483328	Mean reward: 38.051002502441406, 	Mean reward done: 5.639763832092285
Step: 491520	Mean reward: 41.73963928222656, 	Mean reward done: 5.986237049102783
Step: 499712	Mean reward: 42.39641189575195, 	Mean reward done: 5.935853481292725
Step: 507904	Mean reward: 41.47356414794922, 	Mean reward done: 5.914973258972168
Step: 516096	Mean reward: 38.12485885620117, 	Mean reward done: 5.816802024841309
Step: 524288	Mean reward: 40.97993850708008, 	Mean reward done: 5.927705764770508
Step: 532480	Mean reward: 40.60879135131836, 	Mean reward done: 5.739769458770752
Step: 540672	Mean reward: 41.5703125, 	Mean reward done: 5.815120220184326
Step: 548864	Mean reward: 44.370548248291016, 	Mean reward done: 6.303187370300293
Step: 557056	Mean reward: 37.62422561645508, 	Mean reward done: 5.730895042419434
Step: 565248	Mean reward: 36.25065612792969, 	Mean reward done: 5.629305362701416
Step: 573440	Mean reward: 39.883419036865234, 	Mean reward done: 5.933933258056641
Step: 581632	Mean reward: 41.384918212890625, 	Mean reward done: 6.045416831970215
Step: 589824	Mean reward: 40.22544479370117, 	Mean reward done: 6.166959285736084
Step: 598016	Mean reward: 36.487403869628906, 	Mean reward done: 5.565332412719727
Step: 606208	Mean reward: 37.754600524902344, 	Mean reward done: 5.556823253631592
Step: 614400	Mean reward: 41.604393005371094, 	Mean reward done: 6.109627723693848
Step: 622592	Mean reward: 38.13129425048828, 	Mean reward done: 5.665323257446289
Step: 630784	Mean reward: 37.29582977294922, 	Mean reward done: 5.585474967956543
Step: 638976	Mean reward: 39.84275436401367, 	Mean reward done: 5.732285022735596
Step: 647168	Mean reward: 32.52323913574219, 	Mean reward done: 5.571092128753662
Step: 655360	Mean reward: 37.69925308227539, 	Mean reward done: 5.520936965942383
Step: 663552	Mean reward: 34.53935241699219, 	Mean reward done: 5.526032447814941
Step: 671744	Mean reward: 35.80845260620117, 	Mean reward done: 5.634573459625244
Step: 679936	Mean reward: 39.39290237426758, 	Mean reward done: 5.918792724609375
Step: 688128	Mean reward: 42.950950622558594, 	Mean reward done: 5.828770637512207
Step: 696320	Mean reward: 38.21403121948242, 	Mean reward done: 5.5487518310546875
Step: 704512	Mean reward: 40.7425422668457, 	Mean reward done: 5.815186500549316
Step: 712704	Mean reward: 41.18296813964844, 	Mean reward done: 5.776042461395264
Step: 720896	Mean reward: 38.05282974243164, 	Mean reward done: 5.997581958770752
Step: 729088	Mean reward: 42.8687858581543, 	Mean reward done: 5.9966230392456055
Step: 737280	Mean reward: 34.09749221801758, 	Mean reward done: 5.224505424499512
Step: 745472	Mean reward: 37.14396667480469, 	Mean reward done: 5.747472763061523
Step: 753664	Mean reward: 32.77030563354492, 	Mean reward done: 5.238049030303955
Step: 761856	Mean reward: 38.12691116333008, 	Mean reward done: 5.997038841247559
Step: 770048	Mean reward: 38.344635009765625, 	Mean reward done: 5.746858596801758
Step: 778240	Mean reward: 35.244850158691406, 	Mean reward done: 5.459728717803955
Step: 786432	Mean reward: 39.28870391845703, 	Mean reward done: 5.491690635681152
Step: 794624	Mean reward: 36.96238708496094, 	Mean reward done: 5.661163330078125
Step: 802816	Mean reward: 38.20198440551758, 	Mean reward done: 5.827363967895508
Step: 811008	Mean reward: 40.44820785522461, 	Mean reward done: 5.844422817230225
Step: 819200	Mean reward: 33.30219268798828, 	Mean reward done: 5.138382911682129
Step: 827392	Mean reward: 37.09883117675781, 	Mean reward done: 5.615138530731201
Step: 835584	Mean reward: 35.8067741394043, 	Mean reward done: 5.31840705871582
Step: 843776	Mean reward: 32.73802947998047, 	Mean reward done: 5.3959879875183105
Step: 851968	Mean reward: 35.525718688964844, 	Mean reward done: 5.712738037109375
Step: 860160	Mean reward: 34.24384689331055, 	Mean reward done: 5.414088249206543
Step: 868352	Mean reward: 33.471683502197266, 	Mean reward done: 5.305696964263916
Step: 876544	Mean reward: 30.935890197753906, 	Mean reward done: 5.42284631729126
Step: 884736	Mean reward: 34.48338317871094, 	Mean reward done: 5.622273921966553
Step: 892928	Mean reward: 36.49585723876953, 	Mean reward done: 5.744235038757324
Step: 901120	Mean reward: 32.17115020751953, 	Mean reward done: 5.463804721832275
Step: 909312	Mean reward: 33.43808364868164, 	Mean reward done: 5.582676887512207
Step: 917504	Mean reward: 30.65156364440918, 	Mean reward done: 5.374342918395996
Step: 925696	Mean reward: 33.42934036254883, 	Mean reward done: 5.214685440063477
Step: 933888	Mean reward: 37.727447509765625, 	Mean reward done: 5.410045623779297
Step: 942080	Mean reward: 36.43185806274414, 	Mean reward done: 5.541300296783447
Step: 950272	Mean reward: 36.16210174560547, 	Mean reward done: 5.643066883087158
Step: 958464	Mean reward: 32.1068115234375, 	Mean reward done: 5.359155654907227
Step: 966656	Mean reward: 35.89335250854492, 	Mean reward done: 5.717324256896973
Step: 974848	Mean reward: 39.64787292480469, 	Mean reward done: 5.720194339752197
Step: 983040	Mean reward: 33.323909759521484, 	Mean reward done: 5.538175106048584
Step: 991232	Mean reward: 34.321475982666016, 	Mean reward done: 5.642241477966309
Step: 999424	Mean reward: 38.087650299072266, 	Mean reward done: 5.901345252990723
Step: 1007616	Mean reward: 31.52683448791504, 	Mean reward done: 5.280372142791748
Step: 1015808	Mean reward: 34.04044723510742, 	Mean reward done: 5.311309337615967
Step: 1024000	Mean reward: 39.56591796875, 	Mean reward done: 6.000204086303711
Step: 1032192	Mean reward: 42.043087005615234, 	Mean reward done: 5.968560218811035
Step: 1040384	Mean reward: 38.47769546508789, 	Mean reward done: 5.645127296447754
Step: 1048576	Mean reward: 38.20079803466797, 	Mean reward done: 5.8144211769104
Step: 1056768	Mean reward: 34.414146423339844, 	Mean reward done: 5.546468257904053
Step: 1064960	Mean reward: 35.661354064941406, 	Mean reward done: 5.647592067718506
Step: 1073152	Mean reward: 35.64807891845703, 	Mean reward done: 5.59685754776001
Step: 1081344	Mean reward: 38.8881950378418, 	Mean reward done: 5.73604154586792
Step: 1089536	Mean reward: 35.60158157348633, 	Mean reward done: 5.409010887145996
Step: 1097728	Mean reward: 35.59123992919922, 	Mean reward done: 5.589848518371582
Step: 1105920	Mean reward: 37.07783508300781, 	Mean reward done: 5.685300827026367
Step: 1114112	Mean reward: 35.059120178222656, 	Mean reward done: 5.419244766235352
Step: 1122304	Mean reward: 39.298282623291016, 	Mean reward done: 5.76997709274292
Step: 1130496	Mean reward: 38.521461486816406, 	Mean reward done: 5.697805881500244
Step: 1138688	Mean reward: 40.49456024169922, 	Mean reward done: 5.947903633117676
Step: 1146880	Mean reward: 33.98202133178711, 	Mean reward done: 5.3792724609375
Step: 1155072	Mean reward: 31.974979400634766, 	Mean reward done: 5.269194602966309
Step: 1163264	Mean reward: 29.730632781982422, 	Mean reward done: 5.251828670501709
Step: 1171456	Mean reward: 35.47693634033203, 	Mean reward done: 5.640667915344238
Step: 1179648	Mean reward: 34.7237663269043, 	Mean reward done: 5.468698501586914
Step: 1187840	Mean reward: 42.685699462890625, 	Mean reward done: 5.957930088043213
Step: 1196032	Mean reward: 38.407894134521484, 	Mean reward done: 5.5815749168396
Step: 1204224	Mean reward: 36.89427185058594, 	Mean reward done: 5.782994270324707
Step: 1212416	Mean reward: 31.6470947265625, 	Mean reward done: 5.312279224395752
Step: 1220608	Mean reward: 35.88352966308594, 	Mean reward done: 5.4856791496276855
Step: 1228800	Mean reward: 33.885597229003906, 	Mean reward done: 5.501172065734863
Step: 1236992	Mean reward: 38.35791015625, 	Mean reward done: 5.641427040100098
Step: 1245184	Mean reward: 38.33721923828125, 	Mean reward done: 5.820517063140869
Step: 1253376	Mean reward: 35.332130432128906, 	Mean reward done: 5.683413505554199
Step: 1261568	Mean reward: 37.06040573120117, 	Mean reward done: 5.629538536071777
Step: 1269760	Mean reward: 30.092700958251953, 	Mean reward done: 5.330870151519775
Step: 1277952	Mean reward: 33.57770538330078, 	Mean reward done: 5.425540447235107
Step: 1286144	Mean reward: 30.841964721679688, 	Mean reward done: 5.249492168426514
Step: 1294336	Mean reward: 23.642404556274414, 	Mean reward done: 4.6704583168029785
Step: 1302528	Mean reward: 27.643840789794922, 	Mean reward done: 5.196030616760254
Step: 1310720	Mean reward: 34.87033462524414, 	Mean reward done: 5.561975002288818
Step: 1318912	Mean reward: 29.140464782714844, 	Mean reward done: 5.191553115844727
Step: 1327104	Mean reward: 30.650508880615234, 	Mean reward done: 5.1940598487854
Step: 1335296	Mean reward: 27.164810180664062, 	Mean reward done: 5.212300777435303
Step: 1343488	Mean reward: 30.91834259033203, 	Mean reward done: 5.361047267913818
Step: 1351680	Mean reward: 28.931068420410156, 	Mean reward done: 5.278818607330322
Step: 1359872	Mean reward: 31.68336296081543, 	Mean reward done: 5.544879913330078
Step: 1368064	Mean reward: 31.678483963012695, 	Mean reward done: 5.322318077087402
Step: 1376256	Mean reward: 28.69491195678711, 	Mean reward done: 5.299332141876221
Step: 1384448	Mean reward: 26.960609436035156, 	Mean reward done: 5.266377925872803
Step: 1392640	Mean reward: 26.72083282470703, 	Mean reward done: 5.152575492858887
Step: 1400832	Mean reward: 34.22532653808594, 	Mean reward done: 5.777192115783691
Step: 1409024	Mean reward: 31.974958419799805, 	Mean reward done: 5.312811851501465
Step: 1417216	Mean reward: 28.980297088623047, 	Mean reward done: 4.902705669403076
Step: 1425408	Mean reward: 31.981101989746094, 	Mean reward done: 5.458581924438477
Step: 1433600	Mean reward: 32.231666564941406, 	Mean reward done: 5.4228010177612305
Step: 1441792	Mean reward: 31.487751007080078, 	Mean reward done: 5.275705337524414
Step: 1449984	Mean reward: 35.733768463134766, 	Mean reward done: 5.802328109741211
Step: 1458176	Mean reward: 33.72322463989258, 	Mean reward done: 5.576115608215332
Step: 1466368	Mean reward: 29.98390769958496, 	Mean reward done: 5.202569484710693
Step: 1474560	Mean reward: 35.4753532409668, 	Mean reward done: 5.899700164794922
Step: 1482752	Mean reward: 28.233213424682617, 	Mean reward done: 5.218508243560791
Step: 1490944	Mean reward: 33.98225402832031, 	Mean reward done: 5.210165500640869
Step: 1499136	Mean reward: 29.48469352722168, 	Mean reward done: 5.518192768096924
Step: 1507328	Mean reward: 32.49260711669922, 	Mean reward done: 5.537423610687256
Step: 1515520	Mean reward: 30.743017196655273, 	Mean reward done: 5.676393985748291
Step: 1523712	Mean reward: 34.49165344238281, 	Mean reward done: 5.4519429206848145
Step: 1531904	Mean reward: 31.99224853515625, 	Mean reward done: 5.439456939697266
Step: 1540096	Mean reward: 37.73165512084961, 	Mean reward done: 5.740357875823975
Step: 1548288	Mean reward: 35.97295379638672, 	Mean reward done: 5.5843825340271
Step: 1556480	Mean reward: 32.22122573852539, 	Mean reward done: 5.293875694274902
Step: 1564672	Mean reward: 35.212791442871094, 	Mean reward done: 5.665458679199219
Step: 1572864	Mean reward: 31.46637535095215, 	Mean reward done: 5.598176002502441
Step: 1581056	Mean reward: 31.717487335205078, 	Mean reward done: 5.5903096199035645
Step: 1589248	Mean reward: 34.21226501464844, 	Mean reward done: 5.774775981903076
Step: 1597440	Mean reward: 32.71026611328125, 	Mean reward done: 5.550999164581299
Step: 1605632	Mean reward: 31.96553611755371, 	Mean reward done: 5.4239115715026855
Step: 1613824	Mean reward: 33.461326599121094, 	Mean reward done: 5.596116065979004
Step: 1622016	Mean reward: 33.21144104003906, 	Mean reward done: 5.331417083740234
Step: 1630208	Mean reward: 35.701934814453125, 	Mean reward done: 5.527568340301514
Step: 1638400	Mean reward: 34.944583892822266, 	Mean reward done: 5.669362545013428
Step: 1646592	Mean reward: 37.43336868286133, 	Mean reward done: 5.575371742248535
Step: 1654784	Mean reward: 29.44597816467285, 	Mean reward done: 5.468351364135742
Step: 1662976	Mean reward: 34.18663787841797, 	Mean reward done: 5.563502788543701
Step: 1671168	Mean reward: 35.42906188964844, 	Mean reward done: 5.702282905578613
Step: 1679360	Mean reward: 35.42259216308594, 	Mean reward done: 5.83803653717041
Step: 1687552	Mean reward: 32.175315856933594, 	Mean reward done: 5.6405720710754395
Step: 1695744	Mean reward: 38.154808044433594, 	Mean reward done: 5.960206508636475
Step: 1703936	Mean reward: 36.147918701171875, 	Mean reward done: 5.768941402435303
Step: 1712128	Mean reward: 34.147029876708984, 	Mean reward done: 5.887610912322998
Step: 1720320	Mean reward: 30.660865783691406, 	Mean reward done: 5.284729957580566
Step: 1728512	Mean reward: 26.924283981323242, 	Mean reward done: 5.053374290466309
Step: 1736704	Mean reward: 30.92449378967285, 	Mean reward done: 5.269859790802002
Step: 1744896	Mean reward: 32.424644470214844, 	Mean reward done: 5.201285362243652
Step: 1753088	Mean reward: 33.16999053955078, 	Mean reward done: 5.141266822814941
Step: 1761280	Mean reward: 34.66355514526367, 	Mean reward done: 5.675936698913574
Step: 1769472	Mean reward: 27.932754516601562, 	Mean reward done: 5.103681564331055
Step: 1777664	Mean reward: 30.18701934814453, 	Mean reward done: 4.941184043884277
Step: 1785856	Mean reward: 31.93425750732422, 	Mean reward done: 5.637107849121094
Step: 1794048	Mean reward: 33.18089294433594, 	Mean reward done: 5.572324275970459
Step: 1802240	Mean reward: 33.180885314941406, 	Mean reward done: 5.773291110992432
Step: 1810432	Mean reward: 33.67769241333008, 	Mean reward done: 5.187442779541016
Step: 1818624	Mean reward: 30.436203002929688, 	Mean reward done: 5.082302570343018
Step: 1826816	Mean reward: 24.95675277709961, 	Mean reward done: 4.646944046020508
Step: 1835008	Mean reward: 31.950321197509766, 	Mean reward done: 5.302174091339111
Step: 1843200	Mean reward: 34.9456787109375, 	Mean reward done: 5.612596035003662
Step: 1851392	Mean reward: 29.454933166503906, 	Mean reward done: 5.030688285827637
Step: 1859584	Mean reward: 30.70880699157715, 	Mean reward done: 4.989033222198486
Step: 1867776	Mean reward: 35.20159149169922, 	Mean reward done: 5.328882694244385
Step: 1875968	Mean reward: 32.953468322753906, 	Mean reward done: 5.183145523071289
Step: 1884160	Mean reward: 28.463375091552734, 	Mean reward done: 4.912524223327637
Step: 1892352	Mean reward: 32.211143493652344, 	Mean reward done: 5.237033843994141
Step: 1900544	Mean reward: 28.96815299987793, 	Mean reward done: 5.452633380889893
Step: 1908736	Mean reward: 35.215396881103516, 	Mean reward done: 6.008179664611816
Step: 1916928	Mean reward: 33.46100616455078, 	Mean reward done: 5.5123162269592285
Step: 1925120	Mean reward: 32.460594177246094, 	Mean reward done: 5.567728519439697
Step: 1933312	Mean reward: 32.21356964111328, 	Mean reward done: 5.8124799728393555
Step: 1941504	Mean reward: 31.715330123901367, 	Mean reward done: 5.585750579833984
Step: 1949696	Mean reward: 27.22427749633789, 	Mean reward done: 5.255233287811279
Step: 1957888	Mean reward: 28.982261657714844, 	Mean reward done: 4.685334205627441
Step: 1966080	Mean reward: 27.241830825805664, 	Mean reward done: 4.7523674964904785
Step: 1974272	Mean reward: 29.99720573425293, 	Mean reward done: 5.09813928604126
Step: 1982464	Mean reward: 31.997804641723633, 	Mean reward done: 5.401908874511719
Step: 1990656	Mean reward: 35.7464485168457, 	Mean reward done: 5.985505104064941
Step: 1998848	Mean reward: 32.74114990234375, 	Mean reward done: 5.297887802124023
Step: 2007040	Mean reward: 33.23884582519531, 	Mean reward done: 5.467216968536377
Step: 2015232	Mean reward: 34.984825134277344, 	Mean reward done: 5.4766974449157715
Step: 2023424	Mean reward: 36.481746673583984, 	Mean reward done: 5.700708389282227
Step: 2031616	Mean reward: 33.227088928222656, 	Mean reward done: 5.588606357574463
Step: 2039808	Mean reward: 31.478038787841797, 	Mean reward done: 4.9328508377075195
Step: 2048000	Mean reward: 33.72649002075195, 	Mean reward done: 5.502016544342041
Step: 2056192	Mean reward: 31.229629516601562, 	Mean reward done: 5.728006839752197
Step: 2064384	Mean reward: 34.97452926635742, 	Mean reward done: 5.972132682800293
Step: 2072576	Mean reward: 35.967288970947266, 	Mean reward done: 5.619390964508057
Step: 2080768	Mean reward: 36.958614349365234, 	Mean reward done: 5.84891414642334
Step: 2088960	Mean reward: 34.204864501953125, 	Mean reward done: 5.648582935333252
Step: 2097152	Mean reward: 34.94987106323242, 	Mean reward done: 5.709567070007324
Step: 2105344	Mean reward: 32.45339584350586, 	Mean reward done: 5.402458190917969
Step: 2113536	Mean reward: 32.69993591308594, 	Mean reward done: 5.239384174346924
Step: 2121728	Mean reward: 28.96151351928711, 	Mean reward done: 4.8638763427734375
Step: 2129920	Mean reward: 33.95428466796875, 	Mean reward done: 5.6317033767700195
Step: 2138112	Mean reward: 27.217403411865234, 	Mean reward done: 5.050938606262207
Step: 2146304	Mean reward: 29.2205867767334, 	Mean reward done: 4.960482120513916
Step: 2154496	Mean reward: 26.23003387451172, 	Mean reward done: 4.528896331787109
Step: 2162688	Mean reward: 27.74219512939453, 	Mean reward done: 4.607636451721191
Step: 2170880	Mean reward: 23.748355865478516, 	Mean reward done: 4.582093238830566
Step: 2179072	Mean reward: 29.51110076904297, 	Mean reward done: 4.919312000274658
Step: 2187264	Mean reward: 33.765377044677734, 	Mean reward done: 5.4698486328125
Step: 2195456	Mean reward: 25.512802124023438, 	Mean reward done: 4.69282341003418
Step: 2203648	Mean reward: 29.77480125427246, 	Mean reward done: 4.818003177642822
Step: 2211840	Mean reward: 27.28090476989746, 	Mean reward done: 4.791036605834961
Step: 2220032	Mean reward: 32.53873825073242, 	Mean reward done: 5.394916534423828
Step: 2228224	Mean reward: 29.285707473754883, 	Mean reward done: 5.301388263702393
Step: 2236416	Mean reward: 33.043701171875, 	Mean reward done: 5.449155330657959
Step: 2244608	Mean reward: 33.29227828979492, 	Mean reward done: 5.302080154418945
Step: 2252800	Mean reward: 34.29242706298828, 	Mean reward done: 5.494497299194336
Step: 2260992	Mean reward: 27.03775405883789, 	Mean reward done: 5.088932991027832
Step: 2269184	Mean reward: 29.295732498168945, 	Mean reward done: 5.21220588684082
Step: 2277376	Mean reward: 27.800188064575195, 	Mean reward done: 5.1159772872924805
Step: 2285568	Mean reward: 24.300033569335938, 	Mean reward done: 4.314211845397949
Step: 2293760	Mean reward: 23.562255859375, 	Mean reward done: 4.412256240844727
Step: 2301952	Mean reward: 25.325897216796875, 	Mean reward done: 4.487426280975342
Step: 2310144	Mean reward: 34.60850524902344, 	Mean reward done: 5.284020900726318
Step: 2318336	Mean reward: 35.107147216796875, 	Mean reward done: 5.297801494598389
Step: 2326528	Mean reward: 30.59392547607422, 	Mean reward done: 4.971713542938232
Step: 2334720	Mean reward: 29.843460083007812, 	Mean reward done: 5.060089588165283
Step: 2342912	Mean reward: 27.34063720703125, 	Mean reward done: 4.471366882324219
Step: 2351104	Mean reward: 27.097797393798828, 	Mean reward done: 4.930017948150635
Step: 2359296	Mean reward: 26.101280212402344, 	Mean reward done: 4.753273963928223
Step: 2367488	Mean reward: 31.378801345825195, 	Mean reward done: 5.472063064575195
Step: 2375680	Mean reward: 31.631315231323242, 	Mean reward done: 5.142580509185791
Step: 2383872	Mean reward: 31.382373809814453, 	Mean reward done: 5.072194576263428
Step: 2392064	Mean reward: 28.874191284179688, 	Mean reward done: 4.380444526672363
Step: 2400256	Mean reward: 33.897239685058594, 	Mean reward done: 5.108997821807861
Step: 2408448	Mean reward: 26.871219635009766, 	Mean reward done: 4.391427040100098
Step: 2416640	Mean reward: 29.137069702148438, 	Mean reward done: 5.127385139465332
Step: 2424832	Mean reward: 29.642160415649414, 	Mean reward done: 4.488884449005127
Step: 2433024	Mean reward: 26.133033752441406, 	Mean reward done: 4.797722339630127
Step: 2441216	Mean reward: 33.92592239379883, 	Mean reward done: 5.228413105010986
Step: 2449408	Mean reward: 28.39972496032715, 	Mean reward done: 4.861440658569336
Step: 2457600	Mean reward: 27.901504516601562, 	Mean reward done: 4.9626545906066895
Step: 2465792	Mean reward: 30.67138671875, 	Mean reward done: 4.764617919921875
Step: 2473984	Mean reward: 24.89543914794922, 	Mean reward done: 4.495782375335693
Step: 2482176	Mean reward: 33.2021598815918, 	Mean reward done: 4.949078559875488
Step: 2490368	Mean reward: 31.942447662353516, 	Mean reward done: 5.088996410369873
Step: 2498560	Mean reward: 26.662582397460938, 	Mean reward done: 4.913575649261475
Step: 2506752	Mean reward: 32.453861236572266, 	Mean reward done: 5.159991264343262
Step: 2514944	Mean reward: 31.196535110473633, 	Mean reward done: 4.976292133331299
Step: 2523136	Mean reward: 31.70075035095215, 	Mean reward done: 5.149187088012695
Step: 2531328	Mean reward: 29.18882179260254, 	Mean reward done: 4.531789302825928
Step: 2539520	Mean reward: 27.68402671813965, 	Mean reward done: 5.140513896942139
Step: 2547712	Mean reward: 35.989898681640625, 	Mean reward done: 5.429142951965332
Step: 2555904	Mean reward: 30.953575134277344, 	Mean reward done: 5.397216320037842
Step: 2564096	Mean reward: 37.49380111694336, 	Mean reward done: 5.6090593338012695
Step: 2572288	Mean reward: 31.703651428222656, 	Mean reward done: 5.259977340698242
Step: 2580480	Mean reward: 30.697040557861328, 	Mean reward done: 5.356802463531494
Step: 2588672	Mean reward: 30.953088760375977, 	Mean reward done: 4.783462047576904
Step: 2596864	Mean reward: 30.95261001586914, 	Mean reward done: 5.370368480682373
Step: 2605056	Mean reward: 39.000946044921875, 	Mean reward done: 5.617403507232666
Step: 2613248	Mean reward: 37.48103713989258, 	Mean reward done: 5.752628803253174
Step: 2621440	Mean reward: 33.45125198364258, 	Mean reward done: 5.448551177978516
Step: 2629632	Mean reward: 37.7202033996582, 	Mean reward done: 5.718212604522705
Step: 2637824	Mean reward: 35.200199127197266, 	Mean reward done: 5.879761695861816
Step: 2646016	Mean reward: 37.957557678222656, 	Mean reward done: 5.833095073699951
Step: 2654208	Mean reward: 33.427978515625, 	Mean reward done: 5.494030952453613
Step: 2662400	Mean reward: 36.1866340637207, 	Mean reward done: 5.730248928070068
Step: 2670592	Mean reward: 36.43149185180664, 	Mean reward done: 5.591543674468994
Step: 2678784	Mean reward: 34.91844940185547, 	Mean reward done: 5.65297269821167
Step: 2686976	Mean reward: 32.4089241027832, 	Mean reward done: 5.2794623374938965
Step: 2695168	Mean reward: 31.905502319335938, 	Mean reward done: 5.473700523376465
Step: 2703360	Mean reward: 25.37651824951172, 	Mean reward done: 4.788006782531738
Step: 2711552	Mean reward: 41.7060661315918, 	Mean reward done: 5.911425590515137
Step: 2719744	Mean reward: 35.166053771972656, 	Mean reward done: 5.718349933624268
Step: 2727936	Mean reward: 37.1655387878418, 	Mean reward done: 5.829045295715332
Step: 2736128	Mean reward: 39.66596984863281, 	Mean reward done: 5.775553226470947
Step: 2744320	Mean reward: 36.895877838134766, 	Mean reward done: 5.90818452835083
Step: 2752512	Mean reward: 39.14500045776367, 	Mean reward done: 5.786301612854004
Step: 2760704	Mean reward: 29.606521606445312, 	Mean reward done: 5.314970016479492
Step: 2768896	Mean reward: 36.629425048828125, 	Mean reward done: 5.966820240020752
Step: 2777088	Mean reward: 32.611671447753906, 	Mean reward done: 5.5030436515808105
Step: 2785280	Mean reward: 36.122039794921875, 	Mean reward done: 5.590523719787598
Step: 2793472	Mean reward: 33.10686111450195, 	Mean reward done: 4.999374866485596
Step: 2801664	Mean reward: 31.101280212402344, 	Mean reward done: 5.231324672698975
Step: 2809856	Mean reward: 35.11553955078125, 	Mean reward done: 5.377691268920898
Step: 2818048	Mean reward: 34.35868835449219, 	Mean reward done: 5.444802761077881
Step: 2826240	Mean reward: 29.342992782592773, 	Mean reward done: 4.780611991882324
Step: 2834432	Mean reward: 30.349685668945312, 	Mean reward done: 4.92848539352417
Step: 2842624	Mean reward: 29.351318359375, 	Mean reward done: 4.641820907592773
Step: 2850816	Mean reward: 31.357425689697266, 	Mean reward done: 4.6669793128967285
Step: 2859008	Mean reward: 30.105106353759766, 	Mean reward done: 4.9022393226623535
Step: 2867200	Mean reward: 28.106306076049805, 	Mean reward done: 4.891343593597412
Step: 2875392	Mean reward: 29.61323356628418, 	Mean reward done: 5.106022834777832
Step: 2883584	Mean reward: 37.89220428466797, 	Mean reward done: 5.421344757080078
Step: 2891776	Mean reward: 35.127220153808594, 	Mean reward done: 5.381697177886963
Step: 2899968	Mean reward: 32.869361877441406, 	Mean reward done: 5.446840763092041
Step: 2908160	Mean reward: 26.596330642700195, 	Mean reward done: 4.7462358474731445
Step: 2916352	Mean reward: 34.379722595214844, 	Mean reward done: 5.599693775177002
Step: 2924544	Mean reward: 34.87430953979492, 	Mean reward done: 5.60313081741333
Step: 2932736	Mean reward: 30.863088607788086, 	Mean reward done: 4.855885028839111
Step: 2940928	Mean reward: 32.3696174621582, 	Mean reward done: 4.905228137969971
Step: 2949120	Mean reward: 31.86648941040039, 	Mean reward done: 5.067329406738281
Step: 2957312	Mean reward: 33.12209701538086, 	Mean reward done: 5.335339546203613
Step: 2965504	Mean reward: 34.124420166015625, 	Mean reward done: 5.5739946365356445
Step: 2973696	Mean reward: 37.129005432128906, 	Mean reward done: 5.841428756713867
Step: 2981888	Mean reward: 37.872467041015625, 	Mean reward done: 6.162906169891357
Step: 2990080	Mean reward: 30.597787857055664, 	Mean reward done: 5.399290084838867
Step: 2998272	Mean reward: 32.35506057739258, 	Mean reward done: 5.483381271362305
Step: 3006464	Mean reward: 36.866004943847656, 	Mean reward done: 5.753008842468262
Step: 3014656	Mean reward: 35.85665512084961, 	Mean reward done: 5.573012351989746
Step: 3022848	Mean reward: 35.349300384521484, 	Mean reward done: 5.550909996032715
Step: 3031040	Mean reward: 33.592628479003906, 	Mean reward done: 5.534900188446045
Step: 3039232	Mean reward: 29.83321762084961, 	Mean reward done: 5.066708564758301
Step: 3047424	Mean reward: 35.348758697509766, 	Mean reward done: 5.793060779571533
Step: 3055616	Mean reward: 31.83606719970703, 	Mean reward done: 5.641046047210693
Step: 3063808	Mean reward: 35.596378326416016, 	Mean reward done: 5.858719348907471
Step: 3072000	Mean reward: 31.081106185913086, 	Mean reward done: 5.598836898803711
Step: 3080192	Mean reward: 34.5928840637207, 	Mean reward done: 5.7685651779174805
Step: 3088384	Mean reward: 36.34307098388672, 	Mean reward done: 5.9945149421691895
Step: 3096576	Mean reward: 34.583255767822266, 	Mean reward done: 5.986240386962891
Step: 3104768	Mean reward: 35.08086395263672, 	Mean reward done: 5.669614315032959
Step: 3112960	Mean reward: 43.83876037597656, 	Mean reward done: 6.162099361419678
Step: 3121152	Mean reward: 36.31221008300781, 	Mean reward done: 5.804276466369629
Step: 3129344	Mean reward: 43.56134033203125, 	Mean reward done: 6.484116554260254
Step: 3137536	Mean reward: 37.540950775146484, 	Mean reward done: 6.030696868896484
Step: 3145728	Mean reward: 31.280853271484375, 	Mean reward done: 5.859846115112305
Step: 3153920	Mean reward: 33.03446960449219, 	Mean reward done: 5.563244819641113
Step: 3162112	Mean reward: 34.53419876098633, 	Mean reward done: 5.627992630004883
Step: 3170304	Mean reward: 35.28178787231445, 	Mean reward done: 5.698089599609375
Step: 3178496	Mean reward: 37.776981353759766, 	Mean reward done: 5.979357719421387
Step: 3186688	Mean reward: 34.020652770996094, 	Mean reward done: 5.897924900054932
Step: 3194880	Mean reward: 39.017127990722656, 	Mean reward done: 6.172245979309082
Step: 3203072	Mean reward: 35.5085563659668, 	Mean reward done: 6.264810085296631
Step: 3211264	Mean reward: 32.00534439086914, 	Mean reward done: 5.400600433349609
Step: 3219456	Mean reward: 31.50562858581543, 	Mean reward done: 5.4209065437316895
Step: 3227648	Mean reward: 36.50676727294922, 	Mean reward done: 5.891059875488281
Step: 3235840	Mean reward: 36.25212860107422, 	Mean reward done: 5.800732612609863
Step: 3244032	Mean reward: 38.74319839477539, 	Mean reward done: 5.6890740394592285
Step: 3252224	Mean reward: 31.492286682128906, 	Mean reward done: 5.5510125160217285
Step: 3260416	Mean reward: 35.98862838745117, 	Mean reward done: 6.04838228225708
Step: 3268608	Mean reward: 34.98400115966797, 	Mean reward done: 5.856046676635742
Step: 3276800	Mean reward: 35.48078536987305, 	Mean reward done: 5.630089282989502
Step: 3284992	Mean reward: 29.98564910888672, 	Mean reward done: 5.486653804779053
Step: 3293184	Mean reward: 33.235172271728516, 	Mean reward done: 5.70846700668335
Step: 3301376	Mean reward: 34.22945785522461, 	Mean reward done: 5.5979390144348145
Step: 3309568	Mean reward: 35.97844314575195, 	Mean reward done: 5.698473930358887
Step: 3317760	Mean reward: 36.472530364990234, 	Mean reward done: 6.162621021270752
Step: 3325952	Mean reward: 36.71675491333008, 	Mean reward done: 5.870578765869141
Step: 3334144	Mean reward: 35.46243667602539, 	Mean reward done: 5.722702503204346
Step: 3342336	Mean reward: 40.70054244995117, 	Mean reward done: 6.435930252075195
Step: 3350528	Mean reward: 39.43826675415039, 	Mean reward done: 6.240842819213867
Step: 3358720	Mean reward: 34.69038009643555, 	Mean reward done: 5.492034912109375
Step: 3366912	Mean reward: 36.68169403076172, 	Mean reward done: 5.898650169372559
Step: 3375104	Mean reward: 38.17406463623047, 	Mean reward done: 5.890745162963867
Step: 3383296	Mean reward: 38.91359329223633, 	Mean reward done: 5.957111358642578
Step: 3391488	Mean reward: 34.91667175292969, 	Mean reward done: 5.796677112579346
Step: 3399680	Mean reward: 34.16559600830078, 	Mean reward done: 5.7912445068359375
Step: 3407872	Mean reward: 33.169227600097656, 	Mean reward done: 5.661010265350342
Step: 3416064	Mean reward: 32.668479919433594, 	Mean reward done: 5.7223310470581055
Step: 3424256	Mean reward: 35.65819549560547, 	Mean reward done: 5.915818214416504
Step: 3432448	Mean reward: 37.39795684814453, 	Mean reward done: 5.855058193206787
Step: 3440640	Mean reward: 36.89373779296875, 	Mean reward done: 5.7438764572143555
Step: 3448832	Mean reward: 34.396568298339844, 	Mean reward done: 5.683209419250488
Step: 3457024	Mean reward: 33.39896011352539, 	Mean reward done: 5.861928939819336
Step: 3465216	Mean reward: 34.14557647705078, 	Mean reward done: 5.771539211273193
Step: 3473408	Mean reward: 33.147369384765625, 	Mean reward done: 5.575394630432129
Step: 3481600	Mean reward: 33.14558792114258, 	Mean reward done: 5.569564342498779
Step: 3489792	Mean reward: 33.39441680908203, 	Mean reward done: 5.612523078918457
Step: 3497984	Mean reward: 43.35456085205078, 	Mean reward done: 6.191627502441406
Step: 3506176	Mean reward: 37.862422943115234, 	Mean reward done: 6.0259270668029785
Step: 3514368	Mean reward: 35.36606216430664, 	Mean reward done: 5.7199931144714355
Step: 3522560	Mean reward: 37.85184097290039, 	Mean reward done: 5.932435512542725
Step: 3530752	Mean reward: 37.34882736206055, 	Mean reward done: 6.021259307861328
Step: 3538944	Mean reward: 36.34674835205078, 	Mean reward done: 6.000598907470703
Step: 3547136	Mean reward: 34.10335922241211, 	Mean reward done: 5.769541263580322
Step: 3555328	Mean reward: 32.60816955566406, 	Mean reward done: 5.772904872894287
Step: 3563520	Mean reward: 33.85264587402344, 	Mean reward done: 5.713326930999756
Step: 3571712	Mean reward: 36.83741760253906, 	Mean reward done: 5.798315525054932
Step: 3579904	Mean reward: 34.3435173034668, 	Mean reward done: 5.938811779022217
Step: 3588096	Mean reward: 34.093448638916016, 	Mean reward done: 5.848647117614746
Step: 3596288	Mean reward: 35.582244873046875, 	Mean reward done: 5.809910774230957
Step: 3604480	Mean reward: 32.59694290161133, 	Mean reward done: 5.731129169464111
Step: 3612672	Mean reward: 36.07697677612305, 	Mean reward done: 5.828495025634766
Step: 3620864	Mean reward: 30.1058406829834, 	Mean reward done: 5.380881309509277
Step: 3629056	Mean reward: 34.08805465698242, 	Mean reward done: 5.791339874267578
Step: 3637248	Mean reward: 37.567134857177734, 	Mean reward done: 6.074792861938477
Step: 3645440	Mean reward: 32.58775329589844, 	Mean reward done: 5.736618995666504
Step: 3653632	Mean reward: 39.052520751953125, 	Mean reward done: 5.929215908050537
Step: 3661824	Mean reward: 34.32099914550781, 	Mean reward done: 5.86021089553833
Step: 3670016	Mean reward: 37.55070114135742, 	Mean reward done: 6.007704734802246
Step: 3678208	Mean reward: 41.02301788330078, 	Mean reward done: 6.214500427246094
Step: 3686400	Mean reward: 34.55224609375, 	Mean reward done: 5.693715572357178
Step: 3694592	Mean reward: 38.027767181396484, 	Mean reward done: 5.8056535720825195
Step: 3702784	Mean reward: 38.517616271972656, 	Mean reward done: 6.375720977783203
Step: 3710976	Mean reward: 33.29554748535156, 	Mean reward done: 5.556262969970703
Step: 3719168	Mean reward: 39.99760818481445, 	Mean reward done: 6.212867736816406
Step: 3727360	Mean reward: 38.50006866455078, 	Mean reward done: 6.280369758605957
Step: 3735552	Mean reward: 38.24623489379883, 	Mean reward done: 6.183963775634766
Step: 3743744	Mean reward: 40.22386932373047, 	Mean reward done: 6.260400772094727
Step: 3751936	Mean reward: 36.738956451416016, 	Mean reward done: 5.959545135498047
Step: 3760128	Mean reward: 34.2537841796875, 	Mean reward done: 5.774170398712158
Step: 3768320	Mean reward: 40.207515716552734, 	Mean reward done: 6.107865810394287
Step: 3776512	Mean reward: 41.435707092285156, 	Mean reward done: 6.077629089355469
Step: 3784704	Mean reward: 43.90214920043945, 	Mean reward done: 6.318216800689697
Step: 3792896	Mean reward: 42.399784088134766, 	Mean reward done: 6.36814546585083
Step: 3801088	Mean reward: 39.663063049316406, 	Mean reward done: 6.16961145401001
Step: 3809280	Mean reward: 36.928199768066406, 	Mean reward done: 5.694315433502197
Step: 3817472	Mean reward: 37.419288635253906, 	Mean reward done: 5.881947040557861
Step: 3825664	Mean reward: 34.689422607421875, 	Mean reward done: 6.078426361083984
Step: 3833856	Mean reward: 35.43025588989258, 	Mean reward done: 5.907209873199463
Step: 3842048	Mean reward: 38.89374923706055, 	Mean reward done: 6.16693115234375
Step: 3850240	Mean reward: 36.658267974853516, 	Mean reward done: 5.953028678894043
Step: 3858432	Mean reward: 36.90178298950195, 	Mean reward done: 5.877971649169922
Step: 3866624	Mean reward: 35.412109375, 	Mean reward done: 5.81101655960083
Step: 3874816	Mean reward: 33.430355072021484, 	Mean reward done: 5.1366963386535645
Step: 3883008	Mean reward: 33.923316955566406, 	Mean reward done: 5.743494987487793
Step: 3891200	Mean reward: 36.64491653442383, 	Mean reward done: 6.007954120635986
Step: 3899392	Mean reward: 38.620506286621094, 	Mean reward done: 6.158045291900635
Step: 3907584	Mean reward: 40.097286224365234, 	Mean reward done: 6.076770782470703
Step: 3915776	Mean reward: 35.3881721496582, 	Mean reward done: 6.006246566772461
Step: 3923968	Mean reward: 33.16139602661133, 	Mean reward done: 5.695414066314697
Step: 3932160	Mean reward: 36.373985290527344, 	Mean reward done: 6.005867004394531
Step: 3940352	Mean reward: 35.13351821899414, 	Mean reward done: 5.935603141784668
Step: 3948544	Mean reward: 36.86354064941406, 	Mean reward done: 6.021796226501465
Step: 3956736	Mean reward: 35.12782287597656, 	Mean reward done: 5.440863132476807
Step: 3964928	Mean reward: 39.0803337097168, 	Mean reward done: 5.765071868896484
Step: 3973120	Mean reward: 34.8709602355957, 	Mean reward done: 5.682673454284668
Step: 3981312	Mean reward: 32.89177703857422, 	Mean reward done: 5.5009942054748535
Step: 3989504	Mean reward: 29.67799949645996, 	Mean reward done: 5.023367881774902
Step: 3997696	Mean reward: 27.456083297729492, 	Mean reward done: 4.655234336853027
Step: 4005888	Mean reward: 30.18049430847168, 	Mean reward done: 4.883719444274902
Step: 4014080	Mean reward: 33.645347595214844, 	Mean reward done: 5.552084445953369
Step: 4022272	Mean reward: 36.610816955566406, 	Mean reward done: 5.761473178863525
Step: 4030464	Mean reward: 30.179201126098633, 	Mean reward done: 5.264671802520752
Step: 4038656	Mean reward: 29.687015533447266, 	Mean reward done: 5.075539588928223
Step: 4046848	Mean reward: 27.711475372314453, 	Mean reward done: 4.752190589904785
Step: 4055040	Mean reward: 35.13429260253906, 	Mean reward done: 5.652667045593262
Step: 4063232	Mean reward: 33.648963928222656, 	Mean reward done: 5.332171440124512
Step: 4071424	Mean reward: 36.121559143066406, 	Mean reward done: 5.6894121170043945
Step: 4079616	Mean reward: 30.43044662475586, 	Mean reward done: 5.425468921661377
Step: 4087808	Mean reward: 34.3887939453125, 	Mean reward done: 5.186595916748047
Step: 4096000	Mean reward: 35.62385940551758, 	Mean reward done: 5.532834529876709
Step: 4104192	Mean reward: 41.06110763549805, 	Mean reward done: 6.308957099914551
Step: 4112384	Mean reward: 34.37697219848633, 	Mean reward done: 5.902321815490723
Step: 4120576	Mean reward: 34.869659423828125, 	Mean reward done: 5.916321754455566
Step: 4128768	Mean reward: 36.10413360595703, 	Mean reward done: 5.814220905303955
Step: 4136960	Mean reward: 37.58197021484375, 	Mean reward done: 5.767204284667969
Step: 4145152	Mean reward: 36.34136199951172, 	Mean reward done: 5.692151069641113
Step: 4153344	Mean reward: 39.30257034301758, 	Mean reward done: 6.112063884735107
Step: 4161536	Mean reward: 32.379058837890625, 	Mean reward done: 5.511364459991455
Step: 4169728	Mean reward: 31.3916015625, 	Mean reward done: 5.216925621032715
Step: 4177920	Mean reward: 32.87499237060547, 	Mean reward done: 5.333700656890869
Step: 4186112	Mean reward: 33.3677978515625, 	Mean reward done: 5.81955623626709
Step: 4194304	Mean reward: 38.8039436340332, 	Mean reward done: 6.021056175231934
Step: 4202496	Mean reward: 39.53656768798828, 	Mean reward done: 6.144163608551025
Step: 4210688	Mean reward: 38.788909912109375, 	Mean reward done: 6.073733329772949
Step: 4218880	Mean reward: 38.53479766845703, 	Mean reward done: 6.066728115081787
Step: 4227072	Mean reward: 35.07368850708008, 	Mean reward done: 5.649777412414551
Step: 4235264	Mean reward: 38.279266357421875, 	Mean reward done: 5.7909836769104
Step: 4243456	Mean reward: 33.337284088134766, 	Mean reward done: 5.652245998382568
Step: 4251648	Mean reward: 33.33795166015625, 	Mean reward done: 5.577690601348877
Step: 4259840	Mean reward: 34.57258605957031, 	Mean reward done: 5.725443363189697
Step: 4268032	Mean reward: 33.08882522583008, 	Mean reward done: 5.701961517333984
Step: 4276224	Mean reward: 34.5698127746582, 	Mean reward done: 5.866480350494385
Step: 4284416	Mean reward: 34.56761169433594, 	Mean reward done: 5.714143753051758
Step: 4292608	Mean reward: 34.56596374511719, 	Mean reward done: 5.709166049957275
Step: 4300800	Mean reward: 31.109392166137695, 	Mean reward done: 5.678309440612793
Step: 4308992	Mean reward: 37.03461837768555, 	Mean reward done: 6.049281120300293
Step: 4317184	Mean reward: 36.043792724609375, 	Mean reward done: 5.810486793518066
Step: 4325376	Mean reward: 33.325645446777344, 	Mean reward done: 5.9113383293151855
Step: 4333568	Mean reward: 34.06542205810547, 	Mean reward done: 5.981435298919678
Step: 4341760	Mean reward: 34.55804443359375, 	Mean reward done: 5.829319000244141
Step: 4349952	Mean reward: 36.28398895263672, 	Mean reward done: 6.1724114418029785
Step: 4358144	Mean reward: 41.95372772216797, 	Mean reward done: 6.363345623016357
Step: 4366336	Mean reward: 37.997047424316406, 	Mean reward done: 6.13780403137207
Step: 4374528	Mean reward: 37.7462043762207, 	Mean reward done: 6.092479705810547
Step: 4382720	Mean reward: 40.9434700012207, 	Mean reward done: 6.393167495727539
Step: 4390912	Mean reward: 34.77349090576172, 	Mean reward done: 5.574403285980225
Step: 4399104	Mean reward: 36.25154495239258, 	Mean reward done: 5.722204685211182
Step: 4407296	Mean reward: 37.97291946411133, 	Mean reward done: 6.057382106781006
Step: 4415488	Mean reward: 40.67830276489258, 	Mean reward done: 6.2687458992004395
Step: 4423680	Mean reward: 36.72803497314453, 	Mean reward done: 5.943604469299316
Step: 4431872	Mean reward: 40.419586181640625, 	Mean reward done: 6.354290008544922
Step: 4440064	Mean reward: 35.48583984375, 	Mean reward done: 5.6266984939575195
Step: 4448256	Mean reward: 41.63740921020508, 	Mean reward done: 6.4785966873168945
Step: 4456448	Mean reward: 40.15203857421875, 	Mean reward done: 6.218887805938721
Step: 4464640	Mean reward: 38.42181396484375, 	Mean reward done: 5.946107387542725
Step: 4472832	Mean reward: 37.18309020996094, 	Mean reward done: 5.9502644538879395
Step: 4481024	Mean reward: 36.689369201660156, 	Mean reward done: 5.953566551208496
Step: 4489216	Mean reward: 35.947227478027344, 	Mean reward done: 5.6172990798950195
Step: 4497408	Mean reward: 35.94401550292969, 	Mean reward done: 5.90128231048584
Step: 4505600	Mean reward: 37.66361618041992, 	Mean reward done: 5.729057788848877
Step: 4513792	Mean reward: 34.952117919921875, 	Mean reward done: 5.7019734382629395
Step: 4521984	Mean reward: 38.14712142944336, 	Mean reward done: 5.884097099304199
Step: 4530176	Mean reward: 33.224727630615234, 	Mean reward done: 5.675549507141113
Step: 4538368	Mean reward: 41.341182708740234, 	Mean reward done: 6.295299530029297
Step: 4546560	Mean reward: 36.41390609741211, 	Mean reward done: 6.091937065124512
Step: 4554752	Mean reward: 37.393798828125, 	Mean reward done: 6.2600202560424805
Step: 4562944	Mean reward: 37.880859375, 	Mean reward done: 6.040560245513916
Step: 4571136	Mean reward: 38.1225471496582, 	Mean reward done: 6.144599914550781
Step: 4579328	Mean reward: 42.78622817993164, 	Mean reward done: 6.307190895080566
Step: 4587520	Mean reward: 42.28498458862305, 	Mean reward done: 6.461080074310303
Step: 4595712	Mean reward: 35.887813568115234, 	Mean reward done: 5.831569194793701
Step: 4603904	Mean reward: 36.86795425415039, 	Mean reward done: 5.9832377433776855
Step: 4612096	Mean reward: 43.002532958984375, 	Mean reward done: 6.283924579620361
Step: 4620288	Mean reward: 37.34425354003906, 	Mean reward done: 5.7738118171691895
Step: 4628480	Mean reward: 37.83083724975586, 	Mean reward done: 5.805260181427002
Step: 4636672	Mean reward: 35.61680603027344, 	Mean reward done: 5.651328086853027
Step: 4644864	Mean reward: 35.86050796508789, 	Mean reward done: 5.532676696777344
Step: 4653056	Mean reward: 37.33180236816406, 	Mean reward done: 5.861928462982178
Step: 4661248	Mean reward: 38.798912048339844, 	Mean reward done: 6.075922012329102
Step: 4669440	Mean reward: 32.902488708496094, 	Mean reward done: 6.077723026275635
Step: 4677632	Mean reward: 32.167850494384766, 	Mean reward done: 5.47404670715332
Step: 4685824	Mean reward: 35.11216735839844, 	Mean reward done: 5.765604496002197
Step: 4694016	Mean reward: 32.16643142700195, 	Mean reward done: 5.653580665588379
Step: 4702208	Mean reward: 36.58610153198242, 	Mean reward done: 5.813749313354492
Step: 4710400	Mean reward: 37.563026428222656, 	Mean reward done: 6.02484130859375
Step: 4718592	Mean reward: 36.08713150024414, 	Mean reward done: 5.687501430511475
Step: 4726784	Mean reward: 38.53761291503906, 	Mean reward done: 5.816577911376953
Step: 4734976	Mean reward: 39.267337799072266, 	Mean reward done: 5.87851095199585
Step: 4743168	Mean reward: 39.99828338623047, 	Mean reward done: 6.036643981933594
Step: 4751360	Mean reward: 35.33137130737305, 	Mean reward done: 5.832869052886963
Step: 4759552	Mean reward: 39.25191879272461, 	Mean reward done: 5.912237167358398
Step: 4767744	Mean reward: 33.60712432861328, 	Mean reward done: 5.215305328369141
Step: 4775936	Mean reward: 32.871055603027344, 	Mean reward done: 5.300077438354492
Step: 4784128	Mean reward: 28.701923370361328, 	Mean reward done: 4.843904972076416
Step: 4792320	Mean reward: 27.234272003173828, 	Mean reward done: 4.404879570007324
Step: 4800512	Mean reward: 26.747896194458008, 	Mean reward done: 4.224569320678711
Step: 4808704	Mean reward: 28.469697952270508, 	Mean reward done: 4.905060291290283
Step: 4816896	Mean reward: 29.94532585144043, 	Mean reward done: 5.179067611694336
Step: 4825088	Mean reward: 33.38263702392578, 	Mean reward done: 5.546632766723633
Step: 4833280	Mean reward: 34.6090202331543, 	Mean reward done: 5.4991374015808105
Step: 4841472	Mean reward: 34.852821350097656, 	Mean reward done: 5.781824588775635
Step: 4849664	Mean reward: 40.24905014038086, 	Mean reward done: 5.747918605804443
Step: 4857856	Mean reward: 33.864906311035156, 	Mean reward done: 5.682319641113281
Step: 4866048	Mean reward: 30.91957664489746, 	Mean reward done: 5.279075622558594
Step: 4874240	Mean reward: 39.75344467163086, 	Mean reward done: 6.069147109985352
Step: 4882432	Mean reward: 40.48181915283203, 	Mean reward done: 6.160872936248779
Step: 4890624	Mean reward: 36.06085205078125, 	Mean reward done: 5.881351947784424
Step: 4898816	Mean reward: 34.34175109863281, 	Mean reward done: 5.81347131729126
Step: 4907008	Mean reward: 39.735206604003906, 	Mean reward done: 5.884744167327881
Step: 4915200	Mean reward: 36.05210876464844, 	Mean reward done: 5.7462053298950195
Step: 4923392	Mean reward: 37.27354431152344, 	Mean reward done: 5.8830413818359375
Step: 4931584	Mean reward: 37.5166015625, 	Mean reward done: 5.679064750671387
Step: 4939776	Mean reward: 32.36500930786133, 	Mean reward done: 5.460621356964111
Step: 4947968	Mean reward: 37.267860412597656, 	Mean reward done: 5.954453468322754
Step: 4956160	Mean reward: 36.28374099731445, 	Mean reward done: 5.579254627227783
Step: 4964352	Mean reward: 30.644371032714844, 	Mean reward done: 5.407508850097656
Step: 4972544	Mean reward: 34.567684173583984, 	Mean reward done: 5.5601959228515625
Step: 4980736	Mean reward: 34.56575393676758, 	Mean reward done: 5.752981185913086
Step: 4988928	Mean reward: 31.37956428527832, 	Mean reward done: 4.935551166534424
Step: 4997120	Mean reward: 31.6263370513916, 	Mean reward done: 5.100797653198242
Step: 5005312	Mean reward: 33.832916259765625, 	Mean reward done: 5.207249164581299
Step: 5013504	Mean reward: 27.214921951293945, 	Mean reward done: 4.991246223449707
Step: 5021696	Mean reward: 31.141691207885742, 	Mean reward done: 4.855157375335693
Step: 5029888	Mean reward: 32.12258529663086, 	Mean reward done: 5.027301788330078
Step: 5038080	Mean reward: 38.74110412597656, 	Mean reward done: 5.514305114746094
Step: 5046272	Mean reward: 32.118507385253906, 	Mean reward done: 5.545337677001953
Step: 5054464	Mean reward: 36.28679656982422, 	Mean reward done: 5.645491123199463
Step: 5062656	Mean reward: 35.05889892578125, 	Mean reward done: 5.61977481842041
Step: 5070848	Mean reward: 30.89092254638672, 	Mean reward done: 5.0574259757995605
Step: 5079040	Mean reward: 31.872901916503906, 	Mean reward done: 5.581648349761963
Step: 5087232	Mean reward: 38.49070739746094, 	Mean reward done: 5.881391525268555
Step: 5095424	Mean reward: 32.11516571044922, 	Mean reward done: 5.3820037841796875
Step: 5103616	Mean reward: 31.1362247467041, 	Mean reward done: 5.345414161682129
Step: 5111808	Mean reward: 39.95930480957031, 	Mean reward done: 6.287680625915527
Step: 5120000	Mean reward: 36.277740478515625, 	Mean reward done: 5.695633411407471
Step: 5128192	Mean reward: 31.37544059753418, 	Mean reward done: 5.207353115081787
Step: 5136384	Mean reward: 32.60174560546875, 	Mean reward done: 5.220402240753174
Step: 5144576	Mean reward: 33.581932067871094, 	Mean reward done: 5.490671634674072
Step: 5152768	Mean reward: 35.54249954223633, 	Mean reward done: 5.48710298538208
Step: 5160960	Mean reward: 32.108612060546875, 	Mean reward done: 5.430606365203857
Step: 5169152	Mean reward: 31.37553596496582, 	Mean reward done: 5.123133659362793
Step: 5177344	Mean reward: 29.171985626220703, 	Mean reward done: 5.101212024688721
Step: 5185536	Mean reward: 30.64480209350586, 	Mean reward done: 5.0041422843933105
Step: 5193728	Mean reward: 30.89173126220703, 	Mean reward done: 4.832524299621582
Step: 5201920	Mean reward: 31.382150650024414, 	Mean reward done: 5.042590141296387
Step: 5210112	Mean reward: 34.816280364990234, 	Mean reward done: 5.100920677185059
Step: 5218304	Mean reward: 36.77565002441406, 	Mean reward done: 5.644776821136475
Step: 5226496	Mean reward: 39.957759857177734, 	Mean reward done: 5.377902984619141
Step: 5234688	Mean reward: 30.39655876159668, 	Mean reward done: 4.9901227951049805
Step: 5242880	Mean reward: 30.15200424194336, 	Mean reward done: 4.956949234008789
Step: 5251072	Mean reward: 25.74344253540039, 	Mean reward done: 4.610178470611572
Step: 5259264	Mean reward: 31.3859806060791, 	Mean reward done: 5.249386310577393
Step: 5267456	Mean reward: 32.12171173095703, 	Mean reward done: 5.379695415496826
Step: 5275648	Mean reward: 31.388219833374023, 	Mean reward done: 5.217062473297119
Step: 5283840	Mean reward: 31.388660430908203, 	Mean reward done: 5.1305317878723145
Step: 5292032	Mean reward: 36.048927307128906, 	Mean reward done: 5.562929630279541
Step: 5300224	Mean reward: 35.06565856933594, 	Mean reward done: 5.870545864105225
Step: 5308416	Mean reward: 33.592952728271484, 	Mean reward done: 5.385631561279297
Step: 5316608	Mean reward: 35.79741668701172, 	Mean reward done: 5.685244083404541
Step: 5324800	Mean reward: 34.32539749145508, 	Mean reward done: 5.263227939605713
Step: 5332992	Mean reward: 34.32500457763672, 	Mean reward done: 5.1881537437438965
Step: 5341184	Mean reward: 36.77549743652344, 	Mean reward done: 5.799906253814697
Step: 5349376	Mean reward: 38.48683547973633, 	Mean reward done: 5.9580512046813965
Step: 5357568	Mean reward: 34.806922912597656, 	Mean reward done: 5.782574653625488
Step: 5365760	Mean reward: 35.297027587890625, 	Mean reward done: 5.5368547439575195
Step: 5373952	Mean reward: 31.864147186279297, 	Mean reward done: 5.211771488189697
Step: 5382144	Mean reward: 38.23509979248047, 	Mean reward done: 5.720081806182861
Step: 5390336	Mean reward: 35.78041458129883, 	Mean reward done: 5.71969747543335
Step: 5398528	Mean reward: 33.57341384887695, 	Mean reward done: 5.601987838745117
Step: 5406720	Mean reward: 41.16761016845703, 	Mean reward done: 6.122020721435547
Step: 5414912	Mean reward: 39.20124435424805, 	Mean reward done: 6.171189308166504
Step: 5423104	Mean reward: 39.93125915527344, 	Mean reward done: 6.212012767791748
Step: 5431296	Mean reward: 37.23063659667969, 	Mean reward done: 6.199669361114502
Step: 5439488	Mean reward: 34.290740966796875, 	Mean reward done: 5.74418306350708
Step: 5447680	Mean reward: 36.247596740722656, 	Mean reward done: 5.938827991485596
Step: 5455872	Mean reward: 36.245216369628906, 	Mean reward done: 5.595581531524658
Step: 5464064	Mean reward: 34.53026580810547, 	Mean reward done: 5.546786785125732
Step: 5472256	Mean reward: 37.465084075927734, 	Mean reward done: 5.990272521972656
Step: 5480448	Mean reward: 37.7063102722168, 	Mean reward done: 6.00514554977417
Step: 5488640	Mean reward: 37.948028564453125, 	Mean reward done: 5.766430377960205
Step: 5496832	Mean reward: 33.78361129760742, 	Mean reward done: 5.658867835998535
Step: 5505024	Mean reward: 35.49623489379883, 	Mean reward done: 5.56496000289917
Step: 5513216	Mean reward: 37.20755386352539, 	Mean reward done: 5.786871433258057
Step: 5521408	Mean reward: 33.77933120727539, 	Mean reward done: 5.887778282165527
Step: 5529600	Mean reward: 35.98030471801758, 	Mean reward done: 5.6831841468811035
Step: 5537792	Mean reward: 33.53228759765625, 	Mean reward done: 5.763253688812256
Step: 5545984	Mean reward: 37.935943603515625, 	Mean reward done: 5.420193195343018
Step: 5554176	Mean reward: 34.99633026123047, 	Mean reward done: 5.251584053039551
Step: 5562368	Mean reward: 34.50520706176758, 	Mean reward done: 5.310570240020752
Step: 5570560	Mean reward: 36.706748962402344, 	Mean reward done: 5.285860061645508
Step: 5578752	Mean reward: 34.50149917602539, 	Mean reward done: 5.813364028930664
Step: 5586944	Mean reward: 32.787925720214844, 	Mean reward done: 5.5493292808532715
Step: 5595136	Mean reward: 34.01265335083008, 	Mean reward done: 5.735095500946045
Step: 5603328	Mean reward: 34.25678634643555, 	Mean reward done: 5.847043514251709
Step: 5611520	Mean reward: 36.945465087890625, 	Mean reward done: 6.1837968826293945
Step: 5619712	Mean reward: 45.256568908691406, 	Mean reward done: 6.0453572273254395
Step: 5627904	Mean reward: 42.068077087402344, 	Mean reward done: 6.165780544281006
Step: 5636096	Mean reward: 37.65993118286133, 	Mean reward done: 5.960107803344727
Step: 5644288	Mean reward: 37.900081634521484, 	Mean reward done: 5.928752422332764
Step: 5652480	Mean reward: 42.53973388671875, 	Mean reward done: 6.382815361022949
Step: 5660672	Mean reward: 34.22430419921875, 	Mean reward done: 5.581722259521484
Step: 5668864	Mean reward: 30.068204879760742, 	Mean reward done: 5.259988784790039
Step: 5677056	Mean reward: 33.73626708984375, 	Mean reward done: 5.156383991241455
Step: 5685248	Mean reward: 34.957435607910156, 	Mean reward done: 5.60913610458374
Step: 5693440	Mean reward: 35.20061492919922, 	Mean reward done: 5.657723426818848
Step: 5701632	Mean reward: 33.490142822265625, 	Mean reward done: 5.597304821014404
Step: 5709824	Mean reward: 37.15376663208008, 	Mean reward done: 5.882969379425049
Step: 5718016	Mean reward: 37.3961181640625, 	Mean reward done: 5.724650859832764
Step: 5726208	Mean reward: 35.682254791259766, 	Mean reward done: 5.650562763214111
Step: 5734400	Mean reward: 32.99345397949219, 	Mean reward done: 5.41152811050415
Step: 5742592	Mean reward: 30.306102752685547, 	Mean reward done: 4.903599262237549
Step: 5750784	Mean reward: 29.086122512817383, 	Mean reward done: 4.580845832824707
Step: 5758976	Mean reward: 31.043476104736328, 	Mean reward done: 4.755344390869141
Step: 5767168	Mean reward: 31.778472900390625, 	Mean reward done: 5.1221923828125
Step: 5775360	Mean reward: 33.00035095214844, 	Mean reward done: 5.587848663330078
Step: 5783552	Mean reward: 34.467742919921875, 	Mean reward done: 5.512590408325195
Step: 5791744	Mean reward: 32.75643539428711, 	Mean reward done: 5.239302635192871
Step: 5799936	Mean reward: 36.17721939086914, 	Mean reward done: 5.4001030921936035
Step: 5808128	Mean reward: 32.75465393066406, 	Mean reward done: 5.178674221038818
Step: 5816320	Mean reward: 37.153018951416016, 	Mean reward done: 5.760928153991699
Step: 5824512	Mean reward: 35.68458557128906, 	Mean reward done: 5.59962797164917
Step: 5832704	Mean reward: 37.148536682128906, 	Mean reward done: 5.547152519226074
Step: 5840896	Mean reward: 36.1684684753418, 	Mean reward done: 5.8401360511779785
Step: 5849088	Mean reward: 41.29489517211914, 	Mean reward done: 6.361020565032959
Step: 5857280	Mean reward: 32.7403678894043, 	Mean reward done: 5.483002185821533
Step: 5865472	Mean reward: 39.823150634765625, 	Mean reward done: 5.820281982421875
Step: 5873664	Mean reward: 37.13206481933594, 	Mean reward done: 5.566132545471191
Step: 5881856	Mean reward: 31.024627685546875, 	Mean reward done: 5.060433387756348
Step: 5890048	Mean reward: 30.048656463623047, 	Mean reward done: 4.97010612487793
Step: 5898240	Mean reward: 34.691551208496094, 	Mean reward done: 5.845329761505127
Step: 5906432	Mean reward: 35.178924560546875, 	Mean reward done: 5.588709354400635
Step: 5914624	Mean reward: 33.22321319580078, 	Mean reward done: 5.348257541656494
Step: 5922816	Mean reward: 33.71284484863281, 	Mean reward done: 5.3999104499816895
Step: 5931008	Mean reward: 38.5955924987793, 	Mean reward done: 5.570649147033691
Step: 5939200	Mean reward: 38.59266662597656, 	Mean reward done: 5.9654083251953125
Step: 5947392	Mean reward: 33.45978546142578, 	Mean reward done: 5.754374980926514
Step: 5955584	Mean reward: 29.797239303588867, 	Mean reward done: 5.249209403991699
Step: 5963776	Mean reward: 32.24180603027344, 	Mean reward done: 4.652982711791992
Step: 5971968	Mean reward: 29.801164627075195, 	Mean reward done: 4.7108564376831055
Step: 5980160	Mean reward: 30.290630340576172, 	Mean reward done: 5.07412052154541
Step: 5988352	Mean reward: 40.06103515625, 	Mean reward done: 6.013027667999268
Step: 5996544	Mean reward: 35.660587310791016, 	Mean reward done: 5.882748126983643
Step: 6004736	Mean reward: 31.26514434814453, 	Mean reward done: 5.334053039550781
Step: 6012928	Mean reward: 32.730064392089844, 	Mean reward done: 5.268914222717285
Step: 6021120	Mean reward: 32.73141098022461, 	Mean reward done: 5.356075763702393
Step: 6029312	Mean reward: 36.6380729675293, 	Mean reward done: 5.676568031311035
Step: 6037504	Mean reward: 34.682743072509766, 	Mean reward done: 5.6686110496521
Step: 6045696	Mean reward: 33.70574188232422, 	Mean reward done: 5.643499374389648
Step: 6053888	Mean reward: 32.972755432128906, 	Mean reward done: 4.91955041885376
Step: 6062080	Mean reward: 30.287233352661133, 	Mean reward done: 4.905200004577637
Step: 6070272	Mean reward: 34.440185546875, 	Mean reward done: 5.282238006591797
Step: 6078464	Mean reward: 33.21830749511719, 	Mean reward done: 5.308514595031738
Step: 6086656	Mean reward: 34.195125579833984, 	Mean reward done: 5.706456661224365
Step: 6094848	Mean reward: 35.41591262817383, 	Mean reward done: 5.737592697143555
Step: 6103040	Mean reward: 35.65818405151367, 	Mean reward done: 5.514543533325195
Step: 6111232	Mean reward: 32.48227310180664, 	Mean reward done: 5.378239154815674
Step: 6119424	Mean reward: 31.750410079956055, 	Mean reward done: 5.379736423492432
Step: 6127616	Mean reward: 33.216453552246094, 	Mean reward done: 5.120676517486572
Step: 6135808	Mean reward: 35.413631439208984, 	Mean reward done: 5.4709858894348145
Step: 6144000	Mean reward: 34.67964553833008, 	Mean reward done: 5.674887657165527
Step: 6152192	Mean reward: 41.02507781982422, 	Mean reward done: 6.1713972091674805
Step: 6160384	Mean reward: 41.99517822265625, 	Mean reward done: 5.95832633972168
Step: 6168576	Mean reward: 40.03643798828125, 	Mean reward done: 6.069300174713135
Step: 6176768	Mean reward: 32.4659423828125, 	Mean reward done: 5.704983711242676
Step: 6184960	Mean reward: 34.17518997192383, 	Mean reward done: 5.633579730987549
Step: 6193152	Mean reward: 35.88267517089844, 	Mean reward done: 5.077176570892334
Step: 6201344	Mean reward: 31.245058059692383, 	Mean reward done: 4.973188400268555
Step: 6209536	Mean reward: 27.82952880859375, 	Mean reward done: 4.581865310668945
Step: 6217728	Mean reward: 33.689605712890625, 	Mean reward done: 5.353662490844727
Step: 6225920	Mean reward: 31.493886947631836, 	Mean reward done: 5.185042858123779
Step: 6234112	Mean reward: 36.37703323364258, 	Mean reward done: 5.456173896789551
Step: 6242304	Mean reward: 35.398006439208984, 	Mean reward done: 5.171064376831055
Step: 6250496	Mean reward: 32.955787658691406, 	Mean reward done: 5.245995044708252
Step: 6258688	Mean reward: 32.71158218383789, 	Mean reward done: 5.448637962341309
Step: 6266880	Mean reward: 35.39640808105469, 	Mean reward done: 5.539707183837891
Step: 6275072	Mean reward: 36.6154899597168, 	Mean reward done: 5.589579105377197
Step: 6283264	Mean reward: 34.66096496582031, 	Mean reward done: 5.296875953674316
Step: 6291456	Mean reward: 30.512187957763672, 	Mean reward done: 5.073055267333984
Step: 6299648	Mean reward: 34.906314849853516, 	Mean reward done: 5.259379863739014
Step: 6307840	Mean reward: 32.2210807800293, 	Mean reward done: 5.2745747566223145
Step: 6316032	Mean reward: 37.589324951171875, 	Mean reward done: 5.767004489898682
Step: 6324224	Mean reward: 39.2947998046875, 	Mean reward done: 5.73469352722168
Step: 6332416	Mean reward: 38.07094192504883, 	Mean reward done: 5.679055690765381
Step: 6340608	Mean reward: 35.62742233276367, 	Mean reward done: 5.732034206390381
Step: 6348800	Mean reward: 34.89441680908203, 	Mean reward done: 5.878182888031006
Step: 6356992	Mean reward: 39.527000427246094, 	Mean reward done: 6.069152355194092
Step: 6365184	Mean reward: 35.8642692565918, 	Mean reward done: 5.672316551208496
Step: 6373376	Mean reward: 34.64406204223633, 	Mean reward done: 5.528199195861816
Step: 6381568	Mean reward: 36.83726119995117, 	Mean reward done: 5.783776760101318
Step: 6389760	Mean reward: 38.29884719848633, 	Mean reward done: 5.994863510131836
Step: 6397952	Mean reward: 34.88113021850586, 	Mean reward done: 5.697269439697266
Step: 6406144	Mean reward: 37.80543899536133, 	Mean reward done: 5.932053089141846
Step: 6414336	Mean reward: 35.85187530517578, 	Mean reward done: 5.42172384262085
Step: 6422528	Mean reward: 32.43793487548828, 	Mean reward done: 4.898585796356201
Step: 6430720	Mean reward: 28.537311553955078, 	Mean reward done: 4.617908000946045
Step: 6438912	Mean reward: 35.36747741699219, 	Mean reward done: 5.284506320953369
Step: 6447104	Mean reward: 34.39073181152344, 	Mean reward done: 5.859258651733398
Step: 6455296	Mean reward: 37.07199478149414, 	Mean reward done: 5.792017936706543
Step: 6463488	Mean reward: 33.89966583251953, 	Mean reward done: 5.346436977386475
Step: 6471680	Mean reward: 32.68022155761719, 	Mean reward done: 5.263017654418945
Step: 6479872	Mean reward: 34.14332580566406, 	Mean reward done: 5.125271320343018
Step: 6488064	Mean reward: 29.755203247070312, 	Mean reward done: 4.958522319793701
Step: 6496256	Mean reward: 37.55889129638672, 	Mean reward done: 5.914211273193359
Step: 6504448	Mean reward: 35.84904479980469, 	Mean reward done: 5.531228542327881
Step: 6512640	Mean reward: 33.409767150878906, 	Mean reward done: 5.111140727996826
Step: 6520832	Mean reward: 32.19089889526367, 	Mean reward done: 4.71928071975708
Step: 6529024	Mean reward: 31.703584671020508, 	Mean reward done: 4.843025207519531
Step: 6537216	Mean reward: 28.77920150756836, 	Mean reward done: 4.632778167724609
Step: 6545408	Mean reward: 31.46385383605957, 	Mean reward done: 4.996487617492676
Step: 6553600	Mean reward: 35.85383224487305, 	Mean reward done: 5.494703769683838
Step: 6561792	Mean reward: 34.1446418762207, 	Mean reward done: 5.246645450592041
Step: 6569984	Mean reward: 35.12061309814453, 	Mean reward done: 5.590864658355713
Step: 6578176	Mean reward: 33.65701675415039, 	Mean reward done: 5.645797252655029
Step: 6586368	Mean reward: 37.068763732910156, 	Mean reward done: 5.743510723114014
Step: 6594560	Mean reward: 39.01730728149414, 	Mean reward done: 5.743437767028809
Step: 6602752	Mean reward: 32.91864776611328, 	Mean reward done: 4.9671149253845215
Step: 6610944	Mean reward: 34.13859176635742, 	Mean reward done: 5.427048206329346
Step: 6619136	Mean reward: 30.480504989624023, 	Mean reward done: 4.822498798370361
Step: 6627328	Mean reward: 23.6566162109375, 	Mean reward done: 4.158203125
Step: 6635520	Mean reward: 26.09864044189453, 	Mean reward done: 4.227327346801758
Step: 6643712	Mean reward: 29.272018432617188, 	Mean reward done: 4.698047637939453
Step: 6651904	Mean reward: 36.102882385253906, 	Mean reward done: 5.304965496063232
Step: 6660096	Mean reward: 35.370201110839844, 	Mean reward done: 5.500762939453125
Step: 6668288	Mean reward: 27.808740615844727, 	Mean reward done: 5.284411430358887
Step: 6676480	Mean reward: 32.201904296875, 	Mean reward done: 5.329618453979492
Step: 6684672	Mean reward: 35.616973876953125, 	Mean reward done: 5.140896320343018
Step: 6692864	Mean reward: 29.030433654785156, 	Mean reward done: 4.605392932891846
Step: 6701056	Mean reward: 30.984066009521484, 	Mean reward done: 4.929808616638184
Step: 6709248	Mean reward: 33.42428970336914, 	Mean reward done: 5.328193664550781
Step: 6717440	Mean reward: 30.497718811035156, 	Mean reward done: 4.915168762207031
Step: 6725632	Mean reward: 29.523662567138672, 	Mean reward done: 4.813035488128662
Step: 6733824	Mean reward: 28.793018341064453, 	Mean reward done: 4.644191741943359
Step: 6742016	Mean reward: 28.064231872558594, 	Mean reward done: 4.836956977844238
Step: 6750208	Mean reward: 31.970491409301758, 	Mean reward done: 5.202712535858154
Step: 6758400	Mean reward: 39.04625701904297, 	Mean reward done: 5.8048319816589355
Step: 6766592	Mean reward: 33.18788146972656, 	Mean reward done: 5.2806901931762695
Step: 6774784	Mean reward: 30.99209976196289, 	Mean reward done: 4.92926025390625
Step: 6782976	Mean reward: 24.4060001373291, 	Mean reward done: 4.310277938842773
Step: 6791168	Mean reward: 27.338045120239258, 	Mean reward done: 4.680898189544678
Step: 6799360	Mean reward: 27.584945678710938, 	Mean reward done: 4.554294586181641
Step: 6807552	Mean reward: 28.320537567138672, 	Mean reward done: 4.527588844299316
Step: 6815744	Mean reward: 31.984092712402344, 	Mean reward done: 5.003981590270996
Step: 6823936	Mean reward: 34.181697845458984, 	Mean reward done: 5.284986972808838
Step: 6832128	Mean reward: 36.13311767578125, 	Mean reward done: 5.742975234985352
Step: 6840320	Mean reward: 34.179847717285156, 	Mean reward done: 5.557898998260498
Step: 6848512	Mean reward: 32.47018814086914, 	Mean reward done: 5.511871814727783
Step: 6856704	Mean reward: 31.494346618652344, 	Mean reward done: 4.844475746154785
Step: 6864896	Mean reward: 33.448307037353516, 	Mean reward done: 5.477250576019287
Step: 6873088	Mean reward: 35.15654754638672, 	Mean reward done: 5.554035186767578
Step: 6881280	Mean reward: 34.17964553833008, 	Mean reward done: 5.11464262008667
Step: 6889472	Mean reward: 31.494274139404297, 	Mean reward done: 5.054798603057861
Step: 6897664	Mean reward: 26.858102798461914, 	Mean reward done: 4.802083492279053
Step: 6905856	Mean reward: 25.884546279907227, 	Mean reward done: 4.48348331451416
Step: 6914048	Mean reward: 32.4796142578125, 	Mean reward done: 5.223330497741699
Step: 6922240	Mean reward: 37.11766052246094, 	Mean reward done: 5.484801292419434
Step: 6930432	Mean reward: 37.84821701049805, 	Mean reward done: 5.822864055633545
Step: 6938624	Mean reward: 36.62444305419922, 	Mean reward done: 5.839165687561035
Step: 6946816	Mean reward: 39.0633659362793, 	Mean reward done: 5.464381217956543
Step: 6955008	Mean reward: 29.29664421081543, 	Mean reward done: 5.014626502990723
Step: 6963200	Mean reward: 32.22795104980469, 	Mean reward done: 4.9937615394592285
Step: 6971392	Mean reward: 33.20486068725586, 	Mean reward done: 5.099899768829346
Step: 6979584	Mean reward: 35.15848159790039, 	Mean reward done: 5.544378757476807
Step: 6987776	Mean reward: 34.912559509277344, 	Mean reward done: 5.413210868835449
Step: 6995968	Mean reward: 29.054012298583984, 	Mean reward done: 4.782551288604736
Step: 7004160	Mean reward: 28.079191207885742, 	Mean reward done: 4.470953464508057
Step: 7012352	Mean reward: 25.884838104248047, 	Mean reward done: 4.543519496917725
Step: 7020544	Mean reward: 32.4805793762207, 	Mean reward done: 4.917247772216797
Step: 7028736	Mean reward: 32.724735260009766, 	Mean reward done: 5.382116794586182
Step: 7036928	Mean reward: 38.828617095947266, 	Mean reward done: 5.766617774963379
Step: 7045120	Mean reward: 35.65150451660156, 	Mean reward done: 5.588512420654297
Step: 7053312	Mean reward: 30.035245895385742, 	Mean reward done: 4.934650897979736
Step: 7061504	Mean reward: 29.792936325073242, 	Mean reward done: 4.891543865203857
Step: 7069696	Mean reward: 31.01597023010254, 	Mean reward done: 4.785067558288574
Step: 7077888	Mean reward: 33.45848083496094, 	Mean reward done: 5.351382255554199
Step: 7086080	Mean reward: 39.317535400390625, 	Mean reward done: 5.470170021057129
Step: 7094272	Mean reward: 37.11710739135742, 	Mean reward done: 5.2362565994262695
Step: 7102464	Mean reward: 29.30249786376953, 	Mean reward done: 4.584329605102539
Step: 7110656	Mean reward: 31.74591827392578, 	Mean reward done: 5.093398571014404
Step: 7118848	Mean reward: 34.67692565917969, 	Mean reward done: 5.458728313446045
Step: 7127040	Mean reward: 31.74630355834961, 	Mean reward done: 5.581281661987305
Step: 7135232	Mean reward: 32.72361755371094, 	Mean reward done: 5.2247467041015625
Step: 7143424	Mean reward: 33.699832916259766, 	Mean reward done: 5.158170700073242
Step: 7151616	Mean reward: 29.549428939819336, 	Mean reward done: 4.723233699798584
Step: 7159808	Mean reward: 31.749048233032227, 	Mean reward done: 5.054843902587891
Step: 7168000	Mean reward: 30.52993392944336, 	Mean reward done: 4.992271423339844
Step: 7176192	Mean reward: 38.34425354003906, 	Mean reward done: 5.4561357498168945
Step: 7184384	Mean reward: 33.702083587646484, 	Mean reward done: 5.457692623138428
Step: 7192576	Mean reward: 32.48116683959961, 	Mean reward done: 5.106888771057129
Step: 7200768	Mean reward: 35.8999137878418, 	Mean reward done: 5.539655685424805
Step: 7208960	Mean reward: 37.36262130737305, 	Mean reward done: 5.774070739746094
Step: 7217152	Mean reward: 33.21070098876953, 	Mean reward done: 5.5318193435668945
Step: 7225344	Mean reward: 33.21072769165039, 	Mean reward done: 5.430756568908691
Step: 7233536	Mean reward: 33.699275970458984, 	Mean reward done: 5.135407447814941
Step: 7241728	Mean reward: 38.336822509765625, 	Mean reward done: 5.752076148986816
Step: 7249920	Mean reward: 33.69513702392578, 	Mean reward done: 5.293691635131836
Step: 7258112	Mean reward: 32.96302032470703, 	Mean reward done: 5.444130897521973
Step: 7266304	Mean reward: 34.4283447265625, 	Mean reward done: 5.208823204040527
Step: 7274496	Mean reward: 32.23029708862305, 	Mean reward done: 5.387123107910156
Step: 7282688	Mean reward: 35.64870071411133, 	Mean reward done: 5.322101593017578
Step: 7290880	Mean reward: 31.741487503051758, 	Mean reward done: 5.461743354797363
Step: 7299072	Mean reward: 34.91618728637695, 	Mean reward done: 5.138296127319336
Step: 7307264	Mean reward: 35.15935516357422, 	Mean reward done: 5.644020080566406
Step: 7315456	Mean reward: 39.063316345214844, 	Mean reward done: 6.001040458679199
Step: 7323648	Mean reward: 41.74407196044922, 	Mean reward done: 6.177329063415527
Step: 7331840	Mean reward: 37.1017951965332, 	Mean reward done: 5.575146198272705
Step: 7340032	Mean reward: 35.39176559448242, 	Mean reward done: 5.440298080444336
Step: 7348224	Mean reward: 35.63414001464844, 	Mean reward done: 5.414462566375732
Step: 7356416	Mean reward: 32.704681396484375, 	Mean reward done: 5.292040824890137
Step: 7364608	Mean reward: 32.461727142333984, 	Mean reward done: 5.467139720916748
Step: 7372800	Mean reward: 36.366249084472656, 	Mean reward done: 5.696874618530273
Step: 7380992	Mean reward: 39.04775619506836, 	Mean reward done: 5.798089504241943
Step: 7389184	Mean reward: 31.96918487548828, 	Mean reward done: 5.3684773445129395
Step: 7397376	Mean reward: 38.3131103515625, 	Mean reward done: 5.653420925140381
Step: 7405568	Mean reward: 34.16283416748047, 	Mean reward done: 5.4506425857543945
Step: 7413760	Mean reward: 35.138126373291016, 	Mean reward done: 5.64603328704834
Step: 7421952	Mean reward: 35.13727951049805, 	Mean reward done: 5.827165603637695
Step: 7430144	Mean reward: 32.20840835571289, 	Mean reward done: 5.518148899078369
Step: 7438336	Mean reward: 35.624855041503906, 	Mean reward done: 5.4251580238342285
Step: 7446528	Mean reward: 33.9163818359375, 	Mean reward done: 5.34821081161499
Step: 7454720	Mean reward: 34.40280532836914, 	Mean reward done: 5.530278205871582
Step: 7462912	Mean reward: 37.81772994995117, 	Mean reward done: 5.911802291870117
Step: 7471104	Mean reward: 34.64375305175781, 	Mean reward done: 5.520598888397217
Step: 7479296	Mean reward: 34.39893341064453, 	Mean reward done: 5.675166606903076
Step: 7487488	Mean reward: 37.814056396484375, 	Mean reward done: 5.995163440704346
Step: 7495680	Mean reward: 33.177276611328125, 	Mean reward done: 5.4992356300354
Step: 7503872	Mean reward: 34.153385162353516, 	Mean reward done: 5.444117069244385
Step: 7512064	Mean reward: 31.225536346435547, 	Mean reward done: 5.1241960525512695
Step: 7520256	Mean reward: 32.20217514038086, 	Mean reward done: 5.722508430480957
Step: 7528448	Mean reward: 39.519554138183594, 	Mean reward done: 6.02686882019043
Step: 7536640	Mean reward: 39.02772521972656, 	Mean reward done: 5.999048233032227
Step: 7544832	Mean reward: 38.53631591796875, 	Mean reward done: 5.898723125457764
Step: 7553024	Mean reward: 36.33903884887695, 	Mean reward done: 5.976861000061035
Step: 7561216	Mean reward: 35.84964370727539, 	Mean reward done: 5.530059337615967
Step: 7569408	Mean reward: 37.799373626708984, 	Mean reward done: 5.859287738800049
Step: 7577600	Mean reward: 34.38353729248047, 	Mean reward done: 5.667787551879883
Step: 7585792	Mean reward: 37.55170440673828, 	Mean reward done: 5.965229034423828
Step: 7593984	Mean reward: 37.304649353027344, 	Mean reward done: 6.04996395111084
Step: 7602176	Mean reward: 36.32779312133789, 	Mean reward done: 5.675953388214111
Step: 7610368	Mean reward: 36.08305740356445, 	Mean reward done: 5.7492356300354
Step: 7618560	Mean reward: 28.524940490722656, 	Mean reward done: 5.256560325622559
Step: 7626752	Mean reward: 33.15945816040039, 	Mean reward done: 5.241923809051514
Step: 7634944	Mean reward: 39.49693298339844, 	Mean reward done: 5.659445285797119
Step: 7643136	Mean reward: 38.03028106689453, 	Mean reward done: 5.747012138366699
Step: 7651328	Mean reward: 42.413475036621094, 	Mean reward done: 6.349072456359863
Step: 7659520	Mean reward: 35.82862091064453, 	Mean reward done: 5.880911827087402
Step: 7667712	Mean reward: 35.09634780883789, 	Mean reward done: 5.6297526359558105
Step: 7675904	Mean reward: 37.53284454345703, 	Mean reward done: 5.609054088592529
Step: 7684096	Mean reward: 35.09367370605469, 	Mean reward done: 5.339580535888672
Step: 7692288	Mean reward: 31.681209564208984, 	Mean reward done: 5.339579105377197
Step: 7700480	Mean reward: 32.413536071777344, 	Mean reward done: 5.534846305847168
Step: 7708672	Mean reward: 34.36301040649414, 	Mean reward done: 5.50734806060791
Step: 7716864	Mean reward: 32.41252899169922, 	Mean reward done: 5.293191432952881
Step: 7725056	Mean reward: 30.708049774169922, 	Mean reward done: 5.11356258392334
Step: 7733248	Mean reward: 35.09505844116211, 	Mean reward done: 5.516194820404053
Step: 7741440	Mean reward: 37.77497100830078, 	Mean reward done: 5.844479084014893
Step: 7749632	Mean reward: 42.40095138549805, 	Mean reward done: 6.127187728881836
Step: 7757824	Mean reward: 33.38288879394531, 	Mean reward done: 5.521366596221924
Step: 7766016	Mean reward: 35.817718505859375, 	Mean reward done: 5.822168350219727
Step: 7774208	Mean reward: 33.38081359863281, 	Mean reward done: 5.539393424987793
Step: 7782400	Mean reward: 35.57318115234375, 	Mean reward done: 5.890381336212158
Step: 7790592	Mean reward: 38.73799133300781, 	Mean reward done: 5.9760236740112305
Step: 7798784	Mean reward: 39.22191619873047, 	Mean reward done: 5.803618431091309
Step: 7806976	Mean reward: 33.617706298828125, 	Mean reward done: 5.536250114440918
Step: 7815168	Mean reward: 35.56645584106445, 	Mean reward done: 5.433666229248047
Step: 7823360	Mean reward: 34.1031379699707, 	Mean reward done: 5.498260974884033
Step: 7831552	Mean reward: 31.423446655273438, 	Mean reward done: 5.219645977020264
Step: 7839744	Mean reward: 36.29584503173828, 	Mean reward done: 5.84959602355957
Step: 7847936	Mean reward: 38.97300338745117, 	Mean reward done: 6.042462348937988
Step: 7856128	Mean reward: 32.63822937011719, 	Mean reward done: 5.382775783538818
Step: 7864320	Mean reward: 38.482872009277344, 	Mean reward done: 5.868891716003418
Step: 7872512	Mean reward: 40.671566009521484, 	Mean reward done: 5.932957172393799
Step: 7880704	Mean reward: 31.659011840820312, 	Mean reward done: 5.527762413024902
Step: 7888896	Mean reward: 36.772789001464844, 	Mean reward done: 6.004029750823975
Step: 7897088	Mean reward: 40.66581344604492, 	Mean reward done: 6.179398536682129
Step: 7905280	Mean reward: 42.364646911621094, 	Mean reward done: 6.181931495666504
Step: 7913472	Mean reward: 38.221832275390625, 	Mean reward done: 6.0473504066467285
Step: 7921664	Mean reward: 38.219207763671875, 	Mean reward done: 6.117645740509033
Step: 7929856	Mean reward: 36.99943161010742, 	Mean reward done: 5.493314743041992
Step: 7938048	Mean reward: 42.10795211791992, 	Mean reward done: 6.091919898986816
Step: 7946240	Mean reward: 39.66883087158203, 	Mean reward done: 6.356509685516357
Step: 7954432	Mean reward: 33.82600784301758, 	Mean reward done: 5.7999982833862305
Step: 7962624	Mean reward: 40.63863754272461, 	Mean reward done: 5.8210601806640625
Step: 7970816	Mean reward: 35.525794982910156, 	Mean reward done: 5.721189022064209
Step: 7979008	Mean reward: 37.95695877075195, 	Mean reward done: 5.741713523864746
Step: 7987200	Mean reward: 36.98139572143555, 	Mean reward done: 5.838108062744141
Step: 7995392	Mean reward: 43.05982971191406, 	Mean reward done: 6.186254024505615
Step: 8003584	Mean reward: 37.703819274902344, 	Mean reward done: 6.034627914428711
Completed training of sd_n_na_cr!

------------------------------------------------------------
Sender: LSF System <lsfadmin@n-62-20-14>
Subject: Job 8466585: <sd_n_na_cr> in cluster <dcc> Done

Job <sd_n_na_cr> was submitted from host <n-62-27-19> by user <s192288> in cluster <dcc> at Wed Dec  2 16:40:54 2020
Job was executed on host(s) <n-62-20-14>, in queue <gpuv100>, as user <s192288> in cluster <dcc> at Wed Dec  2 20:37:24 2020
</zhome/09/9/144141> was used as the home directory.
</zhome/09/9/144141/Desktop/Deep_l_hpc> was used as the working directory.
Started at Wed Dec  2 20:37:24 2020
Terminated at Thu Dec  3 02:14:17 2020
Results reported at Thu Dec  3 02:14:17 2020

Your job looked like:

------------------------------------------------------------
# LSBATCH: User input
#!/bin/sh

#BSUB -J sd_n_na_cr

#BSUB -q gpuv100

#BSUB -gpu "num=1"

#BSUB -n 1

#BSUB -W 23:45

#BSUB -R "rusage[mem=16GB]"

#BSUB -o sd_n_na_cr.out

#BSUB -e sd_n_na_cr.err

# Load modules

module load python3/3.8.2
module load cuda/8.0
module load cudnn/v7.0-prod-cuda8
module load ffmpeg/4.2.2
pip3 install --user torch matplotlib procgen gym 

# 1 = model_name, 2 = encoder_index, 3 = aug_index, 4 = mix_reg, 5 = game
#the name of the run
#encoder_index 0 = Impala, 1 = Nature  
#aug_index: 0 = None, 1 = grayscale, 2 = random_cutout, 3 = color_jitter
#mixreg: 0 = False, 1 = True 
#type of game

python3 train_ppo.py sd_n_na_cr 1 0 0 coinrun



------------------------------------------------------------

Successfully completed.

Resource usage summary:

    CPU time :                                   20109.50 sec.
    Max Memory :                                 9110 MB
    Average Memory :                             9065.49 MB
    Total Requested Memory :                     16384.00 MB
    Delta Memory :                               7274.00 MB
    Max Swap :                                   -
    Max Processes :                              4
    Max Threads :                                13
    Run time :                                   20212 sec.
    Turnaround time :                            34403 sec.

The output (if any) is above this job summary.



PS:

Read file <sd_n_na_cr.err> for stderr output of this job.

